[0.239s] Invoking command in '/home/dj/MREN203/joint_states/mren203-ws/build/steve_msgs': CMAKE_PREFIX_PATH=/opt/ros/humble /usr/bin/cmake /home/dj/MREN203/joint_states/mren203-ws/src/steve_msgs -DAMENT_CMAKE_SYMLINK_INSTALL=1 -DCMAKE_INSTALL_PREFIX=/home/dj/MREN203/joint_states/mren203-ws/install/steve_msgs
[0.459s] -- The C compiler identification is GNU 11.4.0
[0.460s] -- The CXX compiler identification is GNU 11.4.0
[0.460s] -- Detecting C compiler ABI info
[0.495s] -- Detecting C compiler ABI info - done
[0.500s] -- Check for working C compiler: /usr/bin/cc - skipped
[0.501s] -- Detecting C compile features
[0.501s] -- Detecting C compile features - done
[0.505s] -- Detecting CXX compiler ABI info
[0.587s] -- Detecting CXX compiler ABI info - done
[0.594s] -- Check for working CXX compiler: /usr/bin/c++ - skipped
[0.594s] -- Detecting CXX compile features
[0.595s] -- Detecting CXX compile features - done
[0.606s] -- Found ament_cmake: 1.3.8 (/opt/ros/humble/share/ament_cmake/cmake)
[0.901s] -- Found Python3: /usr/bin/python3 (found version "3.10.12") found components: Interpreter 
[0.952s] -- Override CMake install command with custom implementation using symlinks instead of copying resources
[0.988s] -- Found rosidl_default_generators: 1.2.0 (/opt/ros/humble/share/rosidl_default_generators/cmake)
[0.994s] -- Using all available rosidl_typesupport_c: rosidl_typesupport_fastrtps_c;rosidl_typesupport_introspection_c
[1.002s] -- Found rosidl_adapter: 3.1.5 (/opt/ros/humble/share/rosidl_adapter/cmake)
[1.051s] -- Using all available rosidl_typesupport_cpp: rosidl_typesupport_fastrtps_cpp;rosidl_typesupport_introspection_cpp
[1.325s] -- Found ament_cmake_ros: 0.10.0 (/opt/ros/humble/share/ament_cmake_ros/cmake)
[1.474s] -- Using all available rosidl_typesupport_c: rosidl_typesupport_fastrtps_c;rosidl_typesupport_introspection_c
[1.661s] -- Using all available rosidl_typesupport_cpp: rosidl_typesupport_fastrtps_cpp;rosidl_typesupport_introspection_cpp
[1.680s] -- Found PythonInterp: /usr/bin/python3 (found suitable version "3.10.12", minimum required is "3.6") 
[1.682s] -- Found python_cmake_module: 0.10.0 (/opt/ros/humble/share/python_cmake_module/cmake)
[1.706s] -- Found PythonLibs: /usr/lib/x86_64-linux-gnu/libpython3.10.so (found suitable version "3.10.12", minimum required is "3.5") 
[1.706s] -- Using PYTHON_EXECUTABLE: /usr/bin/python3
[1.706s] -- Using PYTHON_INCLUDE_DIRS: /usr/include/python3.10
[1.707s] -- Using PYTHON_LIBRARIES: /usr/lib/x86_64-linux-gnu/libpython3.10.so
[1.735s] -- Found PythonExtra: .so  
[1.750s] -- Found ament_lint_auto: 0.12.10 (/opt/ros/humble/share/ament_lint_auto/cmake)
[1.769s] -- Added test 'lint_cmake' to check CMake code style
[1.769s] -- Added test 'xmllint' to check XML markup files
[1.772s] -- Configuring done
[1.797s] -- Generating done
[1.799s] -- Build files have been written to: /home/dj/MREN203/joint_states/mren203-ws/build/steve_msgs
[1.806s] Invoked command in '/home/dj/MREN203/joint_states/mren203-ws/build/steve_msgs' returned '0': CMAKE_PREFIX_PATH=/opt/ros/humble /usr/bin/cmake /home/dj/MREN203/joint_states/mren203-ws/src/steve_msgs -DAMENT_CMAKE_SYMLINK_INSTALL=1 -DCMAKE_INSTALL_PREFIX=/home/dj/MREN203/joint_states/mren203-ws/install/steve_msgs
[1.807s] Invoking command in '/home/dj/MREN203/joint_states/mren203-ws/build/steve_msgs': CMAKE_PREFIX_PATH=/opt/ros/humble /usr/bin/cmake --build /home/dj/MREN203/joint_states/mren203-ws/build/steve_msgs -- -j16 -l16
[1.844s] [  1%] [34m[1mGenerating C code for ROS interfaces[0m
[1.852s] [  3%] [34m[1mGenerating C++ code for ROS interfaces[0m
[1.858s] [  3%] Built target ament_cmake_python_symlink_steve_msgs
[2.091s] running egg_info
[2.092s] creating steve_msgs.egg-info
[2.114s] writing steve_msgs.egg-info/PKG-INFO
[2.115s] writing dependency_links to steve_msgs.egg-info/dependency_links.txt
[2.115s] writing top-level names to steve_msgs.egg-info/top_level.txt
[2.115s] writing manifest file 'steve_msgs.egg-info/SOURCES.txt'
[2.178s] reading manifest file 'steve_msgs.egg-info/SOURCES.txt'
[2.178s] writing manifest file 'steve_msgs.egg-info/SOURCES.txt'
[2.191s] [  3%] Built target steve_msgs__cpp
[2.200s] [  5%] [34m[1mGenerating C++ type support dispatch for ROS interfaces[0m
[2.203s] [  9%] [34m[1mGenerating C++ type support for eProsima Fast-RTPS[0m
[2.203s] [  9%] [34m[1mGenerating C++ introspection for ROS interfaces[0m
[2.213s] [  9%] Built target ament_cmake_python_build_steve_msgs_egg
[2.323s] [ 12%] [32mBuilding C object CMakeFiles/steve_msgs__rosidl_generator_c.dir/rosidl_generator_c/steve_msgs/msg/detail/control_ui__functions.c.o[0m
[2.323s] [ 12%] [32mBuilding C object CMakeFiles/steve_msgs__rosidl_generator_c.dir/rosidl_generator_c/steve_msgs/msg/detail/sensor_data__functions.c.o[0m
[2.325s] [ 14%] [32mBuilding C object CMakeFiles/steve_msgs__rosidl_generator_c.dir/rosidl_generator_c/steve_msgs/msg/detail/set_points__functions.c.o[0m
[2.325s] [ 16%] [32mBuilding C object CMakeFiles/steve_msgs__rosidl_generator_c.dir/rosidl_generator_c/steve_msgs/msg/detail/motor_data__functions.c.o[0m
[2.374s] [ 18%] [32m[1mLinking C shared library libsteve_msgs__rosidl_generator_c.so[0m
[2.411s] [ 18%] Built target steve_msgs__rosidl_generator_c
[2.420s] [ 23%] [34m[1mGenerating C type support dispatch for ROS interfaces[0m
[2.420s] [ 23%] [34m[1mGenerating C type support for eProsima Fast-RTPS[0m
[2.420s] [ 23%] [34m[1mGenerating C introspection for ROS interfaces[0m
[2.565s] [ 27%] [32mBuilding CXX object CMakeFiles/steve_msgs__rosidl_typesupport_fastrtps_cpp.dir/rosidl_typesupport_fastrtps_cpp/steve_msgs/msg/detail/dds_fastrtps/control_ui__type_support.cpp.o[0m
[2.565s] [ 27%] [32mBuilding CXX object CMakeFiles/steve_msgs__rosidl_typesupport_fastrtps_cpp.dir/rosidl_typesupport_fastrtps_cpp/steve_msgs/msg/detail/dds_fastrtps/sensor_data__type_support.cpp.o[0m
[2.568s] [ 30%] [32mBuilding CXX object CMakeFiles/steve_msgs__rosidl_typesupport_fastrtps_cpp.dir/rosidl_typesupport_fastrtps_cpp/steve_msgs/msg/detail/dds_fastrtps/motor_data__type_support.cpp.o[0m
[2.568s] [ 30%] [32mBuilding CXX object CMakeFiles/steve_msgs__rosidl_typesupport_fastrtps_cpp.dir/rosidl_typesupport_fastrtps_cpp/steve_msgs/msg/detail/dds_fastrtps/set_points__type_support.cpp.o[0m
[2.577s] [ 36%] [32mBuilding CXX object CMakeFiles/steve_msgs__rosidl_typesupport_cpp.dir/rosidl_typesupport_cpp/steve_msgs/msg/set_points__type_support.cpp.o[0m
[2.577s] [ 36%] [32mBuilding CXX object CMakeFiles/steve_msgs__rosidl_typesupport_cpp.dir/rosidl_typesupport_cpp/steve_msgs/msg/control_ui__type_support.cpp.o[0m
[2.577s] [ 38%] [32mBuilding CXX object CMakeFiles/steve_msgs__rosidl_typesupport_cpp.dir/rosidl_typesupport_cpp/steve_msgs/msg/motor_data__type_support.cpp.o[0m
[2.578s] [ 38%] [32mBuilding CXX object CMakeFiles/steve_msgs__rosidl_typesupport_cpp.dir/rosidl_typesupport_cpp/steve_msgs/msg/sensor_data__type_support.cpp.o[0m
[2.612s] [ 41%] [32mBuilding CXX object CMakeFiles/steve_msgs__rosidl_typesupport_introspection_cpp.dir/rosidl_typesupport_introspection_cpp/steve_msgs/msg/detail/control_ui__type_support.cpp.o[0m
[2.612s] [ 43%] [32mBuilding CXX object CMakeFiles/steve_msgs__rosidl_typesupport_introspection_cpp.dir/rosidl_typesupport_introspection_cpp/steve_msgs/msg/detail/set_points__type_support.cpp.o[0m
[2.613s] [ 43%] [32mBuilding CXX object CMakeFiles/steve_msgs__rosidl_typesupport_introspection_cpp.dir/rosidl_typesupport_introspection_cpp/steve_msgs/msg/detail/motor_data__type_support.cpp.o[0m
[2.624s] [ 45%] [32mBuilding CXX object CMakeFiles/steve_msgs__rosidl_typesupport_introspection_cpp.dir/rosidl_typesupport_introspection_cpp/steve_msgs/msg/detail/sensor_data__type_support.cpp.o[0m
[2.800s] [ 47%] [32mBuilding CXX object CMakeFiles/steve_msgs__rosidl_typesupport_c.dir/rosidl_typesupport_c/steve_msgs/msg/control_ui__type_support.cpp.o[0m
[2.816s] [ 49%] [32mBuilding CXX object CMakeFiles/steve_msgs__rosidl_typesupport_c.dir/rosidl_typesupport_c/steve_msgs/msg/sensor_data__type_support.cpp.o[0m
[2.867s] [ 50%] [32mBuilding CXX object CMakeFiles/steve_msgs__rosidl_typesupport_c.dir/rosidl_typesupport_c/steve_msgs/msg/set_points__type_support.cpp.o[0m
[2.869s] [ 52%] [32mBuilding CXX object CMakeFiles/steve_msgs__rosidl_typesupport_c.dir/rosidl_typesupport_c/steve_msgs/msg/motor_data__type_support.cpp.o[0m
[2.899s] [ 54%] [32m[1mLinking CXX shared library libsteve_msgs__rosidl_typesupport_cpp.so[0m
[2.914s] [ 56%] [32m[1mLinking CXX shared library libsteve_msgs__rosidl_typesupport_c.so[0m
[2.924s] [ 58%] [32mBuilding C object CMakeFiles/steve_msgs__rosidl_typesupport_introspection_c.dir/rosidl_typesupport_introspection_c/steve_msgs/msg/detail/control_ui__type_support.c.o[0m
[2.924s] [ 61%] [32mBuilding C object CMakeFiles/steve_msgs__rosidl_typesupport_introspection_c.dir/rosidl_typesupport_introspection_c/steve_msgs/msg/detail/set_points__type_support.c.o[0m
[2.925s] [ 61%] [32mBuilding C object CMakeFiles/steve_msgs__rosidl_typesupport_introspection_c.dir/rosidl_typesupport_introspection_c/steve_msgs/msg/detail/motor_data__type_support.c.o[0m
[2.926s] [ 63%] [32mBuilding CXX object CMakeFiles/steve_msgs__rosidl_typesupport_fastrtps_c.dir/rosidl_typesupport_fastrtps_c/steve_msgs/msg/detail/control_ui__type_support_c.cpp.o[0m
[2.927s] [ 65%] [32mBuilding CXX object CMakeFiles/steve_msgs__rosidl_typesupport_fastrtps_c.dir/rosidl_typesupport_fastrtps_c/steve_msgs/msg/detail/sensor_data__type_support_c.cpp.o[0m
[2.927s] [ 67%] [32mBuilding C object CMakeFiles/steve_msgs__rosidl_typesupport_introspection_c.dir/rosidl_typesupport_introspection_c/steve_msgs/msg/detail/sensor_data__type_support.c.o[0m
[2.968s] [ 67%] Built target steve_msgs__rosidl_typesupport_cpp
[2.970s] [ 69%] [32mBuilding CXX object CMakeFiles/steve_msgs__rosidl_typesupport_fastrtps_c.dir/rosidl_typesupport_fastrtps_c/steve_msgs/msg/detail/motor_data__type_support_c.cpp.o[0m
[2.971s] [ 70%] [32mBuilding CXX object CMakeFiles/steve_msgs__rosidl_typesupport_fastrtps_c.dir/rosidl_typesupport_fastrtps_c/steve_msgs/msg/detail/set_points__type_support_c.cpp.o[0m
[2.978s] [ 70%] Built target steve_msgs__rosidl_typesupport_c
[2.988s] [ 72%] [32m[1mLinking C shared library libsteve_msgs__rosidl_typesupport_introspection_c.so[0m
[3.017s] [ 74%] [32m[1mLinking CXX shared library libsteve_msgs__rosidl_typesupport_fastrtps_cpp.so[0m
[3.021s] [ 74%] Built target steve_msgs__rosidl_typesupport_introspection_c
[3.065s] [ 76%] [32m[1mLinking CXX shared library libsteve_msgs__rosidl_typesupport_introspection_cpp.so[0m
[3.093s] [ 76%] Built target steve_msgs__rosidl_typesupport_fastrtps_cpp
[3.104s] [ 76%] Built target steve_msgs__rosidl_typesupport_introspection_cpp
[3.221s] [ 78%] [32m[1mLinking CXX shared library libsteve_msgs__rosidl_typesupport_fastrtps_c.so[0m
[3.280s] [ 78%] Built target steve_msgs__rosidl_typesupport_fastrtps_c
[3.300s] [ 78%] Built target steve_msgs
[3.322s] [ 80%] [34m[1mGenerating Python code for ROS interfaces[0m
[3.799s] [ 80%] Built target steve_msgs__py
[3.819s] [ 87%] [32mBuilding C object CMakeFiles/steve_msgs__rosidl_generator_py.dir/rosidl_generator_py/steve_msgs/msg/_control_ui_s.c.o[0m
[3.819s] [ 87%] [32mBuilding C object CMakeFiles/steve_msgs__rosidl_generator_py.dir/rosidl_generator_py/steve_msgs/msg/_sensor_data_s.c.o[0m
[3.819s] [ 87%] [32mBuilding C object CMakeFiles/steve_msgs__rosidl_generator_py.dir/rosidl_generator_py/steve_msgs/msg/_motor_data_s.c.o[0m
[3.819s] [ 87%] [32mBuilding C object CMakeFiles/steve_msgs__rosidl_generator_py.dir/rosidl_generator_py/steve_msgs/msg/_set_points_s.c.o[0m
[3.907s] [ 89%] [32m[1mLinking C shared library rosidl_generator_py/steve_msgs/libsteve_msgs__rosidl_generator_py.so[0m
[3.944s] [ 89%] Built target steve_msgs__rosidl_generator_py
[3.962s] [ 94%] [32mBuilding C object CMakeFiles/steve_msgs__rosidl_typesupport_c__pyext.dir/rosidl_generator_py/steve_msgs/_steve_msgs_s.ep.rosidl_typesupport_c.c.o[0m
[3.962s] [ 94%] [32mBuilding C object CMakeFiles/steve_msgs__rosidl_typesupport_fastrtps_c__pyext.dir/rosidl_generator_py/steve_msgs/_steve_msgs_s.ep.rosidl_typesupport_fastrtps_c.c.o[0m
[3.962s] [ 94%] [32mBuilding C object CMakeFiles/steve_msgs__rosidl_typesupport_introspection_c__pyext.dir/rosidl_generator_py/steve_msgs/_steve_msgs_s.ep.rosidl_typesupport_introspection_c.c.o[0m
[4.032s] [ 96%] [32m[1mLinking C shared library rosidl_generator_py/steve_msgs/steve_msgs_s__rosidl_typesupport_c.cpython-310-x86_64-linux-gnu.so[0m
[4.034s] [ 98%] [32m[1mLinking C shared library rosidl_generator_py/steve_msgs/steve_msgs_s__rosidl_typesupport_introspection_c.cpython-310-x86_64-linux-gnu.so[0m
[4.038s] [100%] [32m[1mLinking C shared library rosidl_generator_py/steve_msgs/steve_msgs_s__rosidl_typesupport_fastrtps_c.cpython-310-x86_64-linux-gnu.so[0m
[4.062s] [100%] Built target steve_msgs__rosidl_typesupport_c__pyext
[4.065s] [100%] Built target steve_msgs__rosidl_typesupport_introspection_c__pyext
[4.070s] [100%] Built target steve_msgs__rosidl_typesupport_fastrtps_c__pyext
[4.082s] Invoked command in '/home/dj/MREN203/joint_states/mren203-ws/build/steve_msgs' returned '0': CMAKE_PREFIX_PATH=/opt/ros/humble /usr/bin/cmake --build /home/dj/MREN203/joint_states/mren203-ws/build/steve_msgs -- -j16 -l16
[4.243s] Invoking command in '/home/dj/MREN203/joint_states/mren203-ws/build/steve_msgs': CMAKE_PREFIX_PATH=/opt/ros/humble /usr/bin/cmake --install /home/dj/MREN203/joint_states/mren203-ws/build/steve_msgs
[4.250s] -- Install configuration: ""
[4.250s] -- Execute custom install script
[4.250s] -- Symlinking: /home/dj/MREN203/joint_states/mren203-ws/install/steve_msgs/share/ament_index/resource_index/rosidl_interfaces/steve_msgs
[4.259s] -- Symlinking: /home/dj/MREN203/joint_states/mren203-ws/install/steve_msgs/include/steve_msgs/steve_msgs/msg/control_ui.h
[4.267s] -- Symlinking: /home/dj/MREN203/joint_states/mren203-ws/install/steve_msgs/include/steve_msgs/steve_msgs/msg/detail/control_ui__functions.h
[4.276s] -- Symlinking: /home/dj/MREN203/joint_states/mren203-ws/install/steve_msgs/include/steve_msgs/steve_msgs/msg/detail/control_ui__struct.h
[4.284s] -- Symlinking: /home/dj/MREN203/joint_states/mren203-ws/install/steve_msgs/include/steve_msgs/steve_msgs/msg/detail/control_ui__type_support.h
[4.293s] -- Symlinking: /home/dj/MREN203/joint_states/mren203-ws/install/steve_msgs/include/steve_msgs/steve_msgs/msg/detail/motor_data__functions.h
[4.301s] -- Symlinking: /home/dj/MREN203/joint_states/mren203-ws/install/steve_msgs/include/steve_msgs/steve_msgs/msg/detail/motor_data__struct.h
[4.310s] -- Symlinking: /home/dj/MREN203/joint_states/mren203-ws/install/steve_msgs/include/steve_msgs/steve_msgs/msg/detail/motor_data__type_support.h
[4.319s] -- Symlinking: /home/dj/MREN203/joint_states/mren203-ws/install/steve_msgs/include/steve_msgs/steve_msgs/msg/detail/sensor_data__functions.h
[4.328s] -- Symlinking: /home/dj/MREN203/joint_states/mren203-ws/install/steve_msgs/include/steve_msgs/steve_msgs/msg/detail/sensor_data__struct.h
[4.337s] -- Symlinking: /home/dj/MREN203/joint_states/mren203-ws/install/steve_msgs/include/steve_msgs/steve_msgs/msg/detail/sensor_data__type_support.h
[4.345s] -- Symlinking: /home/dj/MREN203/joint_states/mren203-ws/install/steve_msgs/include/steve_msgs/steve_msgs/msg/detail/set_points__functions.h
[4.354s] -- Symlinking: /home/dj/MREN203/joint_states/mren203-ws/install/steve_msgs/include/steve_msgs/steve_msgs/msg/detail/set_points__struct.h
[4.363s] -- Symlinking: /home/dj/MREN203/joint_states/mren203-ws/install/steve_msgs/include/steve_msgs/steve_msgs/msg/detail/set_points__type_support.h
[4.371s] -- Symlinking: /home/dj/MREN203/joint_states/mren203-ws/install/steve_msgs/include/steve_msgs/steve_msgs/msg/motor_data.h
[4.380s] -- Symlinking: /home/dj/MREN203/joint_states/mren203-ws/install/steve_msgs/include/steve_msgs/steve_msgs/msg/rosidl_generator_c__visibility_control.h
[4.388s] -- Symlinking: /home/dj/MREN203/joint_states/mren203-ws/install/steve_msgs/include/steve_msgs/steve_msgs/msg/sensor_data.h
[4.397s] -- Symlinking: /home/dj/MREN203/joint_states/mren203-ws/install/steve_msgs/include/steve_msgs/steve_msgs/msg/set_points.h
[4.405s] -- Symlinking: /home/dj/MREN203/joint_states/mren203-ws/install/steve_msgs/share/steve_msgs/environment/library_path.sh
[4.414s] -- Symlinking: /home/dj/MREN203/joint_states/mren203-ws/install/steve_msgs/share/steve_msgs/environment/library_path.dsv
[4.423s] -- Symlinking: /home/dj/MREN203/joint_states/mren203-ws/install/steve_msgs/include/steve_msgs/steve_msgs/msg/detail/control_ui__rosidl_typesupport_fastrtps_c.h
[4.431s] -- Symlinking: /home/dj/MREN203/joint_states/mren203-ws/install/steve_msgs/include/steve_msgs/steve_msgs/msg/detail/motor_data__rosidl_typesupport_fastrtps_c.h
[4.440s] -- Symlinking: /home/dj/MREN203/joint_states/mren203-ws/install/steve_msgs/include/steve_msgs/steve_msgs/msg/detail/sensor_data__rosidl_typesupport_fastrtps_c.h
[4.448s] -- Symlinking: /home/dj/MREN203/joint_states/mren203-ws/install/steve_msgs/include/steve_msgs/steve_msgs/msg/detail/set_points__rosidl_typesupport_fastrtps_c.h
[4.457s] -- Symlinking: /home/dj/MREN203/joint_states/mren203-ws/install/steve_msgs/include/steve_msgs/steve_msgs/msg/rosidl_typesupport_fastrtps_c__visibility_control.h
[4.466s] -- Symlinking: /home/dj/MREN203/joint_states/mren203-ws/install/steve_msgs/include/steve_msgs/steve_msgs/msg/detail/control_ui__rosidl_typesupport_introspection_c.h
[4.474s] -- Symlinking: /home/dj/MREN203/joint_states/mren203-ws/install/steve_msgs/include/steve_msgs/steve_msgs/msg/detail/motor_data__rosidl_typesupport_introspection_c.h
[4.483s] -- Symlinking: /home/dj/MREN203/joint_states/mren203-ws/install/steve_msgs/include/steve_msgs/steve_msgs/msg/detail/sensor_data__rosidl_typesupport_introspection_c.h
[4.491s] -- Symlinking: /home/dj/MREN203/joint_states/mren203-ws/install/steve_msgs/include/steve_msgs/steve_msgs/msg/detail/set_points__rosidl_typesupport_introspection_c.h
[4.499s] -- Symlinking: /home/dj/MREN203/joint_states/mren203-ws/install/steve_msgs/include/steve_msgs/steve_msgs/msg/rosidl_typesupport_introspection_c__visibility_control.h
[4.508s] -- Symlinking: /home/dj/MREN203/joint_states/mren203-ws/install/steve_msgs/include/steve_msgs/steve_msgs/msg/control_ui.hpp
[4.517s] -- Symlinking: /home/dj/MREN203/joint_states/mren203-ws/install/steve_msgs/include/steve_msgs/steve_msgs/msg/detail/control_ui__builder.hpp
[4.526s] -- Symlinking: /home/dj/MREN203/joint_states/mren203-ws/install/steve_msgs/include/steve_msgs/steve_msgs/msg/detail/control_ui__struct.hpp
[4.535s] -- Symlinking: /home/dj/MREN203/joint_states/mren203-ws/install/steve_msgs/include/steve_msgs/steve_msgs/msg/detail/control_ui__traits.hpp
[4.543s] -- Symlinking: /home/dj/MREN203/joint_states/mren203-ws/install/steve_msgs/include/steve_msgs/steve_msgs/msg/detail/motor_data__builder.hpp
[4.552s] -- Symlinking: /home/dj/MREN203/joint_states/mren203-ws/install/steve_msgs/include/steve_msgs/steve_msgs/msg/detail/motor_data__struct.hpp
[4.560s] -- Symlinking: /home/dj/MREN203/joint_states/mren203-ws/install/steve_msgs/include/steve_msgs/steve_msgs/msg/detail/motor_data__traits.hpp
[4.569s] -- Symlinking: /home/dj/MREN203/joint_states/mren203-ws/install/steve_msgs/include/steve_msgs/steve_msgs/msg/detail/sensor_data__builder.hpp
[4.576s] -- Symlinking: /home/dj/MREN203/joint_states/mren203-ws/install/steve_msgs/include/steve_msgs/steve_msgs/msg/detail/sensor_data__struct.hpp
[4.585s] -- Symlinking: /home/dj/MREN203/joint_states/mren203-ws/install/steve_msgs/include/steve_msgs/steve_msgs/msg/detail/sensor_data__traits.hpp
[4.592s] -- Symlinking: /home/dj/MREN203/joint_states/mren203-ws/install/steve_msgs/include/steve_msgs/steve_msgs/msg/detail/set_points__builder.hpp
[4.601s] -- Symlinking: /home/dj/MREN203/joint_states/mren203-ws/install/steve_msgs/include/steve_msgs/steve_msgs/msg/detail/set_points__struct.hpp
[4.609s] -- Symlinking: /home/dj/MREN203/joint_states/mren203-ws/install/steve_msgs/include/steve_msgs/steve_msgs/msg/detail/set_points__traits.hpp
[4.618s] -- Symlinking: /home/dj/MREN203/joint_states/mren203-ws/install/steve_msgs/include/steve_msgs/steve_msgs/msg/motor_data.hpp
[4.627s] -- Symlinking: /home/dj/MREN203/joint_states/mren203-ws/install/steve_msgs/include/steve_msgs/steve_msgs/msg/sensor_data.hpp
[4.635s] -- Symlinking: /home/dj/MREN203/joint_states/mren203-ws/install/steve_msgs/include/steve_msgs/steve_msgs/msg/set_points.hpp
[4.644s] -- Symlinking: /home/dj/MREN203/joint_states/mren203-ws/install/steve_msgs/include/steve_msgs/steve_msgs/msg/detail/control_ui__rosidl_typesupport_fastrtps_cpp.hpp
[4.653s] -- Symlinking: /home/dj/MREN203/joint_states/mren203-ws/install/steve_msgs/include/steve_msgs/steve_msgs/msg/detail/motor_data__rosidl_typesupport_fastrtps_cpp.hpp
[4.661s] -- Symlinking: /home/dj/MREN203/joint_states/mren203-ws/install/steve_msgs/include/steve_msgs/steve_msgs/msg/detail/sensor_data__rosidl_typesupport_fastrtps_cpp.hpp
[4.670s] -- Symlinking: /home/dj/MREN203/joint_states/mren203-ws/install/steve_msgs/include/steve_msgs/steve_msgs/msg/detail/set_points__rosidl_typesupport_fastrtps_cpp.hpp
[4.677s] -- Symlinking: /home/dj/MREN203/joint_states/mren203-ws/install/steve_msgs/include/steve_msgs/steve_msgs/msg/rosidl_typesupport_fastrtps_cpp__visibility_control.h
[4.686s] -- Symlinking: /home/dj/MREN203/joint_states/mren203-ws/install/steve_msgs/include/steve_msgs/steve_msgs/msg/detail/control_ui__rosidl_typesupport_introspection_cpp.hpp
[4.694s] -- Symlinking: /home/dj/MREN203/joint_states/mren203-ws/install/steve_msgs/include/steve_msgs/steve_msgs/msg/detail/motor_data__rosidl_typesupport_introspection_cpp.hpp
[4.703s] -- Symlinking: /home/dj/MREN203/joint_states/mren203-ws/install/steve_msgs/include/steve_msgs/steve_msgs/msg/detail/sensor_data__rosidl_typesupport_introspection_cpp.hpp
[4.712s] -- Symlinking: /home/dj/MREN203/joint_states/mren203-ws/install/steve_msgs/include/steve_msgs/steve_msgs/msg/detail/set_points__rosidl_typesupport_introspection_cpp.hpp
[4.720s] -- Symlinking: /home/dj/MREN203/joint_states/mren203-ws/install/steve_msgs/share/steve_msgs/environment/pythonpath.sh
[4.727s] -- Symlinking: /home/dj/MREN203/joint_states/mren203-ws/install/steve_msgs/share/steve_msgs/environment/pythonpath.dsv
[4.736s] -- Symlinking: /home/dj/MREN203/joint_states/mren203-ws/install/steve_msgs/local/lib/python3.10/dist-packages/steve_msgs-0.0.0-py3.10.egg-info/PKG-INFO
[4.745s] -- Symlinking: /home/dj/MREN203/joint_states/mren203-ws/install/steve_msgs/local/lib/python3.10/dist-packages/steve_msgs-0.0.0-py3.10.egg-info/SOURCES.txt
[4.754s] -- Symlinking: /home/dj/MREN203/joint_states/mren203-ws/install/steve_msgs/local/lib/python3.10/dist-packages/steve_msgs-0.0.0-py3.10.egg-info/dependency_links.txt
[4.762s] -- Symlinking: /home/dj/MREN203/joint_states/mren203-ws/install/steve_msgs/local/lib/python3.10/dist-packages/steve_msgs-0.0.0-py3.10.egg-info/top_level.txt
[4.771s] -- Symlinking: /home/dj/MREN203/joint_states/mren203-ws/install/steve_msgs/local/lib/python3.10/dist-packages/steve_msgs/__init__.py
[4.780s] -- Symlinking: /home/dj/MREN203/joint_states/mren203-ws/install/steve_msgs/local/lib/python3.10/dist-packages/steve_msgs/_steve_msgs_s.ep.rosidl_typesupport_c.c
[4.789s] -- Symlinking: /home/dj/MREN203/joint_states/mren203-ws/install/steve_msgs/local/lib/python3.10/dist-packages/steve_msgs/_steve_msgs_s.ep.rosidl_typesupport_fastrtps_c.c
[4.797s] -- Symlinking: /home/dj/MREN203/joint_states/mren203-ws/install/steve_msgs/local/lib/python3.10/dist-packages/steve_msgs/_steve_msgs_s.ep.rosidl_typesupport_introspection_c.c
[4.806s] -- Symlinking: /home/dj/MREN203/joint_states/mren203-ws/install/steve_msgs/local/lib/python3.10/dist-packages/steve_msgs/libsteve_msgs__rosidl_generator_py.so
[4.816s] -- Symlinking: /home/dj/MREN203/joint_states/mren203-ws/install/steve_msgs/local/lib/python3.10/dist-packages/steve_msgs/msg/__init__.py
[4.825s] -- Symlinking: /home/dj/MREN203/joint_states/mren203-ws/install/steve_msgs/local/lib/python3.10/dist-packages/steve_msgs/msg/_control_ui.py
[4.833s] -- Symlinking: /home/dj/MREN203/joint_states/mren203-ws/install/steve_msgs/local/lib/python3.10/dist-packages/steve_msgs/msg/_control_ui_s.c
[4.841s] -- Symlinking: /home/dj/MREN203/joint_states/mren203-ws/install/steve_msgs/local/lib/python3.10/dist-packages/steve_msgs/msg/_motor_data.py
[4.850s] -- Symlinking: /home/dj/MREN203/joint_states/mren203-ws/install/steve_msgs/local/lib/python3.10/dist-packages/steve_msgs/msg/_motor_data_s.c
[4.858s] -- Symlinking: /home/dj/MREN203/joint_states/mren203-ws/install/steve_msgs/local/lib/python3.10/dist-packages/steve_msgs/msg/_sensor_data.py
[4.866s] -- Symlinking: /home/dj/MREN203/joint_states/mren203-ws/install/steve_msgs/local/lib/python3.10/dist-packages/steve_msgs/msg/_sensor_data_s.c
[4.875s] -- Symlinking: /home/dj/MREN203/joint_states/mren203-ws/install/steve_msgs/local/lib/python3.10/dist-packages/steve_msgs/msg/_set_points.py
[4.883s] -- Symlinking: /home/dj/MREN203/joint_states/mren203-ws/install/steve_msgs/local/lib/python3.10/dist-packages/steve_msgs/msg/_set_points_s.c
[4.891s] -- Symlinking: /home/dj/MREN203/joint_states/mren203-ws/install/steve_msgs/local/lib/python3.10/dist-packages/steve_msgs/steve_msgs_s__rosidl_typesupport_c.cpython-310-x86_64-linux-gnu.so
[4.900s] -- Symlinking: /home/dj/MREN203/joint_states/mren203-ws/install/steve_msgs/local/lib/python3.10/dist-packages/steve_msgs/steve_msgs_s__rosidl_typesupport_fastrtps_c.cpython-310-x86_64-linux-gnu.so
[4.909s] -- Symlinking: /home/dj/MREN203/joint_states/mren203-ws/install/steve_msgs/local/lib/python3.10/dist-packages/steve_msgs/steve_msgs_s__rosidl_typesupport_introspection_c.cpython-310-x86_64-linux-gnu.so
[4.918s] -- Up-to-date symlink: /home/dj/MREN203/joint_states/mren203-ws/install/steve_msgs/local/lib/python3.10/dist-packages/steve_msgs/steve_msgs_s__rosidl_typesupport_fastrtps_c.cpython-310-x86_64-linux-gnu.so
[4.918s] -- Up-to-date symlink: /home/dj/MREN203/joint_states/mren203-ws/install/steve_msgs/local/lib/python3.10/dist-packages/steve_msgs/steve_msgs_s__rosidl_typesupport_introspection_c.cpython-310-x86_64-linux-gnu.so
[4.919s] -- Up-to-date symlink: /home/dj/MREN203/joint_states/mren203-ws/install/steve_msgs/local/lib/python3.10/dist-packages/steve_msgs/steve_msgs_s__rosidl_typesupport_c.cpython-310-x86_64-linux-gnu.so
[4.919s] -- Symlinking: /home/dj/MREN203/joint_states/mren203-ws/install/steve_msgs/share/steve_msgs/msg/ControlUI.idl
[4.928s] -- Symlinking: /home/dj/MREN203/joint_states/mren203-ws/install/steve_msgs/share/steve_msgs/msg/SensorData.idl
[4.936s] -- Symlinking: /home/dj/MREN203/joint_states/mren203-ws/install/steve_msgs/share/steve_msgs/msg/SetPoints.idl
[4.945s] -- Symlinking: /home/dj/MREN203/joint_states/mren203-ws/install/steve_msgs/share/steve_msgs/msg/MotorData.idl
[4.953s] -- Symlinking: /home/dj/MREN203/joint_states/mren203-ws/install/steve_msgs/share/steve_msgs/msg/ControlUI.msg
[4.961s] -- Symlinking: /home/dj/MREN203/joint_states/mren203-ws/install/steve_msgs/share/steve_msgs/msg/SensorData.msg
[4.969s] -- Symlinking: /home/dj/MREN203/joint_states/mren203-ws/install/steve_msgs/share/steve_msgs/msg/SetPoints.msg
[4.977s] -- Symlinking: /home/dj/MREN203/joint_states/mren203-ws/install/steve_msgs/share/steve_msgs/msg/MotorData.msg
[4.985s] -- Symlinking: /home/dj/MREN203/joint_states/mren203-ws/install/steve_msgs/share/ament_index/resource_index/package_run_dependencies/steve_msgs
[4.994s] -- Symlinking: /home/dj/MREN203/joint_states/mren203-ws/install/steve_msgs/share/ament_index/resource_index/parent_prefix_path/steve_msgs
[5.003s] -- Symlinking: /home/dj/MREN203/joint_states/mren203-ws/install/steve_msgs/share/steve_msgs/environment/ament_prefix_path.sh
[5.012s] -- Symlinking: /home/dj/MREN203/joint_states/mren203-ws/install/steve_msgs/share/steve_msgs/environment/ament_prefix_path.dsv
[5.019s] -- Symlinking: /home/dj/MREN203/joint_states/mren203-ws/install/steve_msgs/share/steve_msgs/environment/path.sh
[5.028s] -- Symlinking: /home/dj/MREN203/joint_states/mren203-ws/install/steve_msgs/share/steve_msgs/environment/path.dsv
[5.036s] -- Symlinking: /home/dj/MREN203/joint_states/mren203-ws/install/steve_msgs/share/steve_msgs/local_setup.bash
[5.044s] -- Symlinking: /home/dj/MREN203/joint_states/mren203-ws/install/steve_msgs/share/steve_msgs/local_setup.sh
[5.053s] -- Symlinking: /home/dj/MREN203/joint_states/mren203-ws/install/steve_msgs/share/steve_msgs/local_setup.zsh
[5.061s] -- Symlinking: /home/dj/MREN203/joint_states/mren203-ws/install/steve_msgs/share/steve_msgs/local_setup.dsv
[5.069s] -- Symlinking: /home/dj/MREN203/joint_states/mren203-ws/install/steve_msgs/share/steve_msgs/package.dsv
[5.076s] -- Symlinking: /home/dj/MREN203/joint_states/mren203-ws/install/steve_msgs/share/ament_index/resource_index/packages/steve_msgs
[5.085s] -- Symlinking: /home/dj/MREN203/joint_states/mren203-ws/install/steve_msgs/share/steve_msgs/cmake/rosidl_cmake-extras.cmake
[5.093s] -- Symlinking: /home/dj/MREN203/joint_states/mren203-ws/install/steve_msgs/share/steve_msgs/cmake/ament_cmake_export_include_directories-extras.cmake
[5.102s] -- Symlinking: /home/dj/MREN203/joint_states/mren203-ws/install/steve_msgs/share/steve_msgs/cmake/ament_cmake_export_libraries-extras.cmake
[5.110s] -- Symlinking: /home/dj/MREN203/joint_states/mren203-ws/install/steve_msgs/share/steve_msgs/cmake/ament_cmake_export_targets-extras.cmake
[5.119s] -- Symlinking: /home/dj/MREN203/joint_states/mren203-ws/install/steve_msgs/share/steve_msgs/cmake/rosidl_cmake_export_typesupport_targets-extras.cmake
[5.126s] -- Symlinking: /home/dj/MREN203/joint_states/mren203-ws/install/steve_msgs/share/steve_msgs/cmake/ament_cmake_export_dependencies-extras.cmake
[5.135s] -- Symlinking: /home/dj/MREN203/joint_states/mren203-ws/install/steve_msgs/share/steve_msgs/cmake/rosidl_cmake_export_typesupport_libraries-extras.cmake
[5.144s] -- Symlinking: /home/dj/MREN203/joint_states/mren203-ws/install/steve_msgs/share/steve_msgs/cmake/steve_msgsConfig.cmake
[5.152s] -- Symlinking: /home/dj/MREN203/joint_states/mren203-ws/install/steve_msgs/share/steve_msgs/cmake/steve_msgsConfig-version.cmake
[5.161s] -- Symlinking: /home/dj/MREN203/joint_states/mren203-ws/install/steve_msgs/share/steve_msgs/package.xml
[5.169s] -- Installing: /home/dj/MREN203/joint_states/mren203-ws/install/steve_msgs/lib/libsteve_msgs__rosidl_generator_c.so
[5.170s] -- Set runtime path of "/home/dj/MREN203/joint_states/mren203-ws/install/steve_msgs/lib/libsteve_msgs__rosidl_generator_c.so" to ""
[5.170s] -- Installing: /home/dj/MREN203/joint_states/mren203-ws/install/steve_msgs/lib/libsteve_msgs__rosidl_typesupport_fastrtps_c.so
[5.170s] -- Set runtime path of "/home/dj/MREN203/joint_states/mren203-ws/install/steve_msgs/lib/libsteve_msgs__rosidl_typesupport_fastrtps_c.so" to ""
[5.170s] -- Installing: /home/dj/MREN203/joint_states/mren203-ws/install/steve_msgs/lib/libsteve_msgs__rosidl_typesupport_introspection_c.so
[5.170s] -- Set runtime path of "/home/dj/MREN203/joint_states/mren203-ws/install/steve_msgs/lib/libsteve_msgs__rosidl_typesupport_introspection_c.so" to ""
[5.170s] -- Installing: /home/dj/MREN203/joint_states/mren203-ws/install/steve_msgs/lib/libsteve_msgs__rosidl_typesupport_c.so
[5.171s] -- Set runtime path of "/home/dj/MREN203/joint_states/mren203-ws/install/steve_msgs/lib/libsteve_msgs__rosidl_typesupport_c.so" to ""
[5.171s] -- Installing: /home/dj/MREN203/joint_states/mren203-ws/install/steve_msgs/lib/libsteve_msgs__rosidl_typesupport_fastrtps_cpp.so
[5.171s] -- Set runtime path of "/home/dj/MREN203/joint_states/mren203-ws/install/steve_msgs/lib/libsteve_msgs__rosidl_typesupport_fastrtps_cpp.so" to ""
[5.171s] -- Installing: /home/dj/MREN203/joint_states/mren203-ws/install/steve_msgs/lib/libsteve_msgs__rosidl_typesupport_introspection_cpp.so
[5.171s] -- Set runtime path of "/home/dj/MREN203/joint_states/mren203-ws/install/steve_msgs/lib/libsteve_msgs__rosidl_typesupport_introspection_cpp.so" to ""
[5.171s] -- Installing: /home/dj/MREN203/joint_states/mren203-ws/install/steve_msgs/lib/libsteve_msgs__rosidl_typesupport_cpp.so
[5.172s] -- Set runtime path of "/home/dj/MREN203/joint_states/mren203-ws/install/steve_msgs/lib/libsteve_msgs__rosidl_typesupport_cpp.so" to ""
[5.200s] Listing '/home/dj/MREN203/joint_states/mren203-ws/install/steve_msgs/local/lib/python3.10/dist-packages/steve_msgs'...
[5.200s] Compiling '/home/dj/MREN203/joint_states/mren203-ws/install/steve_msgs/local/lib/python3.10/dist-packages/steve_msgs/__init__.py'...
[5.200s] Listing '/home/dj/MREN203/joint_states/mren203-ws/install/steve_msgs/local/lib/python3.10/dist-packages/steve_msgs/msg'...
[5.200s] Compiling '/home/dj/MREN203/joint_states/mren203-ws/install/steve_msgs/local/lib/python3.10/dist-packages/steve_msgs/msg/__init__.py'...
[5.200s] Compiling '/home/dj/MREN203/joint_states/mren203-ws/install/steve_msgs/local/lib/python3.10/dist-packages/steve_msgs/msg/_control_ui.py'...
[5.200s] Compiling '/home/dj/MREN203/joint_states/mren203-ws/install/steve_msgs/local/lib/python3.10/dist-packages/steve_msgs/msg/_motor_data.py'...
[5.200s] Compiling '/home/dj/MREN203/joint_states/mren203-ws/install/steve_msgs/local/lib/python3.10/dist-packages/steve_msgs/msg/_sensor_data.py'...
[5.200s] Compiling '/home/dj/MREN203/joint_states/mren203-ws/install/steve_msgs/local/lib/python3.10/dist-packages/steve_msgs/msg/_set_points.py'...
[5.203s] -- Installing: /home/dj/MREN203/joint_states/mren203-ws/install/steve_msgs/lib/libsteve_msgs__rosidl_generator_py.so
[5.204s] -- Set runtime path of "/home/dj/MREN203/joint_states/mren203-ws/install/steve_msgs/lib/libsteve_msgs__rosidl_generator_py.so" to ""
[5.204s] -- Installing: /home/dj/MREN203/joint_states/mren203-ws/install/steve_msgs/share/steve_msgs/cmake/export_steve_msgs__rosidl_generator_cExport.cmake
[5.204s] -- Installing: /home/dj/MREN203/joint_states/mren203-ws/install/steve_msgs/share/steve_msgs/cmake/export_steve_msgs__rosidl_generator_cExport-noconfig.cmake
[5.205s] -- Installing: /home/dj/MREN203/joint_states/mren203-ws/install/steve_msgs/share/steve_msgs/cmake/export_steve_msgs__rosidl_typesupport_fastrtps_cExport.cmake
[5.205s] -- Installing: /home/dj/MREN203/joint_states/mren203-ws/install/steve_msgs/share/steve_msgs/cmake/export_steve_msgs__rosidl_typesupport_fastrtps_cExport-noconfig.cmake
[5.205s] -- Installing: /home/dj/MREN203/joint_states/mren203-ws/install/steve_msgs/share/steve_msgs/cmake/steve_msgs__rosidl_typesupport_introspection_cExport.cmake
[5.205s] -- Installing: /home/dj/MREN203/joint_states/mren203-ws/install/steve_msgs/share/steve_msgs/cmake/steve_msgs__rosidl_typesupport_introspection_cExport-noconfig.cmake
[5.205s] -- Installing: /home/dj/MREN203/joint_states/mren203-ws/install/steve_msgs/share/steve_msgs/cmake/steve_msgs__rosidl_typesupport_cExport.cmake
[5.205s] -- Installing: /home/dj/MREN203/joint_states/mren203-ws/install/steve_msgs/share/steve_msgs/cmake/steve_msgs__rosidl_typesupport_cExport-noconfig.cmake
[5.205s] -- Installing: /home/dj/MREN203/joint_states/mren203-ws/install/steve_msgs/share/steve_msgs/cmake/export_steve_msgs__rosidl_generator_cppExport.cmake
[5.205s] -- Installing: /home/dj/MREN203/joint_states/mren203-ws/install/steve_msgs/share/steve_msgs/cmake/export_steve_msgs__rosidl_typesupport_fastrtps_cppExport.cmake
[5.206s] -- Installing: /home/dj/MREN203/joint_states/mren203-ws/install/steve_msgs/share/steve_msgs/cmake/export_steve_msgs__rosidl_typesupport_fastrtps_cppExport-noconfig.cmake
[5.206s] -- Installing: /home/dj/MREN203/joint_states/mren203-ws/install/steve_msgs/share/steve_msgs/cmake/steve_msgs__rosidl_typesupport_introspection_cppExport.cmake
[5.206s] -- Installing: /home/dj/MREN203/joint_states/mren203-ws/install/steve_msgs/share/steve_msgs/cmake/steve_msgs__rosidl_typesupport_introspection_cppExport-noconfig.cmake
[5.206s] -- Installing: /home/dj/MREN203/joint_states/mren203-ws/install/steve_msgs/share/steve_msgs/cmake/steve_msgs__rosidl_typesupport_cppExport.cmake
[5.206s] -- Installing: /home/dj/MREN203/joint_states/mren203-ws/install/steve_msgs/share/steve_msgs/cmake/steve_msgs__rosidl_typesupport_cppExport-noconfig.cmake
[5.206s] -- Installing: /home/dj/MREN203/joint_states/mren203-ws/install/steve_msgs/share/steve_msgs/cmake/export_steve_msgs__rosidl_generator_pyExport.cmake
[5.206s] -- Installing: /home/dj/MREN203/joint_states/mren203-ws/install/steve_msgs/share/steve_msgs/cmake/export_steve_msgs__rosidl_generator_pyExport-noconfig.cmake
[5.209s] Invoked command in '/home/dj/MREN203/joint_states/mren203-ws/build/steve_msgs' returned '0': CMAKE_PREFIX_PATH=/opt/ros/humble /usr/bin/cmake --install /home/dj/MREN203/joint_states/mren203-ws/build/steve_msgs
