[0.929s] Invoking command in '/home/dj/MREN203/joint_states/mren203-ws/build/steve_ui': AMENT_PREFIX_PATH=/home/dj/MREN203/joint_states/mren203-ws/install/steve_msgs:${AMENT_PREFIX_PATH} CMAKE_PREFIX_PATH=/home/dj/MREN203/joint_states/mren203-ws/install/steve_msgs LD_LIBRARY_PATH=/home/dj/MREN203/joint_states/mren203-ws/install/steve_msgs/lib:${LD_LIBRARY_PATH} PYTHONPATH=/home/dj/MREN203/joint_states/mren203-ws/build/steve_ui/prefix_override:/home/dj/MREN203/joint_states/mren203-ws/install/steve_ui/lib/python3.10/site-packages:/home/dj/MREN203/joint_states/mren203-ws/install/steve_msgs/local/lib/python3.10/dist-packages:${PYTHONPATH} /usr/bin/python3 setup.py develop --editable --build-directory /home/dj/MREN203/joint_states/mren203-ws/build/steve_ui/build --no-deps install_data
[1.183s] running develop
[1.183s] /home/dj/.local/lib/python3.10/site-packages/setuptools/command/develop.py:40: EasyInstallDeprecationWarning: easy_install command is deprecated.
[1.183s] !!
[1.183s] 
[1.183s]         ********************************************************************************
[1.183s]         Please avoid running ``setup.py`` and ``easy_install``.
[1.184s]         Instead, use pypa/build, pypa/installer or other
[1.184s]         standards-based tools.
[1.184s] 
[1.184s]         See https://github.com/pypa/setuptools/issues/917 for details.
[1.184s]         ********************************************************************************
[1.184s] 
[1.184s] !!
[1.184s]   easy_install.initialize_options(self)
[1.210s] /home/dj/.local/lib/python3.10/site-packages/setuptools/_distutils/cmd.py:66: SetuptoolsDeprecationWarning: setup.py install is deprecated.
[1.210s] !!
[1.210s] 
[1.210s]         ********************************************************************************
[1.210s]         Please avoid running ``setup.py`` directly.
[1.210s]         Instead, use pypa/build, pypa/installer or other
[1.210s]         standards-based tools.
[1.210s] 
[1.210s]         See https://blog.ganssle.io/articles/2021/10/setup-py-deprecated.html for details.
[1.210s]         ********************************************************************************
[1.211s] 
[1.211s] !!
[1.211s]   self.initialize_options()
[1.374s] running egg_info
[1.374s] creating steve_ui.egg-info
[1.387s] writing steve_ui.egg-info/PKG-INFO
[1.387s] writing dependency_links to steve_ui.egg-info/dependency_links.txt
[1.388s] writing requirements to steve_ui.egg-info/requires.txt
[1.388s] writing top-level names to steve_ui.egg-info/top_level.txt
[1.388s] writing manifest file 'steve_ui.egg-info/SOURCES.txt'
[1.415s] reading manifest file 'steve_ui.egg-info/SOURCES.txt'
[1.416s] writing manifest file 'steve_ui.egg-info/SOURCES.txt'
[1.463s] running build_ext
[1.463s] Creating /home/dj/MREN203/joint_states/mren203-ws/install/steve_ui/lib/python3.10/site-packages/steve-ui.egg-link (link to .)
[1.463s] 
[1.463s] Installed /home/dj/MREN203/joint_states/mren203-ws/build/steve_ui
[1.464s] running install_data
[1.464s] creating /home/dj/MREN203/joint_states/mren203-ws/install/steve_ui/share/ament_index
[1.464s] creating /home/dj/MREN203/joint_states/mren203-ws/install/steve_ui/share/ament_index/resource_index
[1.464s] creating /home/dj/MREN203/joint_states/mren203-ws/install/steve_ui/share/ament_index/resource_index/packages
[1.464s] copying resource/steve_ui -> /home/dj/MREN203/joint_states/mren203-ws/install/steve_ui/share/ament_index/resource_index/packages
[1.464s] copying package.xml -> /home/dj/MREN203/joint_states/mren203-ws/install/steve_ui/share/steve_ui
[1.550s] Invoked command in '/home/dj/MREN203/joint_states/mren203-ws/build/steve_ui' returned '0': AMENT_PREFIX_PATH=/home/dj/MREN203/joint_states/mren203-ws/install/steve_msgs:${AMENT_PREFIX_PATH} CMAKE_PREFIX_PATH=/home/dj/MREN203/joint_states/mren203-ws/install/steve_msgs LD_LIBRARY_PATH=/home/dj/MREN203/joint_states/mren203-ws/install/steve_msgs/lib:${LD_LIBRARY_PATH} PYTHONPATH=/home/dj/MREN203/joint_states/mren203-ws/build/steve_ui/prefix_override:/home/dj/MREN203/joint_states/mren203-ws/install/steve_ui/lib/python3.10/site-packages:/home/dj/MREN203/joint_states/mren203-ws/install/steve_msgs/local/lib/python3.10/dist-packages:${PYTHONPATH} /usr/bin/python3 setup.py develop --editable --build-directory /home/dj/MREN203/joint_states/mren203-ws/build/steve_ui/build --no-deps install_data
