[0.952s] Invoking command in '/home/dj/MREN203/main/mren203-ws/build/steve_ui': AMENT_PREFIX_PATH=/home/dj/MREN203/main/mren203-ws/install/steve_msgs:${AMENT_PREFIX_PATH} CMAKE_PREFIX_PATH=/home/dj/MREN203/main/mren203-ws/install/steve_msgs LD_LIBRARY_PATH=/home/dj/MREN203/main/mren203-ws/install/steve_msgs/lib:${LD_LIBRARY_PATH} PYTHONPATH=/home/dj/MREN203/main/mren203-ws/build/steve_ui/prefix_override:/home/dj/MREN203/main/mren203-ws/install/steve_ui/lib/python3.10/site-packages:/home/dj/MREN203/main/mren203-ws/install/steve_msgs/local/lib/python3.10/dist-packages:${PYTHONPATH} /usr/bin/python3 setup.py develop --editable --build-directory /home/dj/MREN203/main/mren203-ws/build/steve_ui/build --no-deps install_data
[1.225s] running develop
[1.225s] /home/dj/.local/lib/python3.10/site-packages/setuptools/command/develop.py:40: EasyInstallDeprecationWarning: easy_install command is deprecated.
[1.225s] !!
[1.225s] 
[1.225s]         ********************************************************************************
[1.225s]         Please avoid running ``setup.py`` and ``easy_install``.
[1.225s]         Instead, use pypa/build, pypa/installer or other
[1.225s]         standards-based tools.
[1.225s] 
[1.225s]         See https://github.com/pypa/setuptools/issues/917 for details.
[1.225s]         ********************************************************************************
[1.226s] 
[1.226s] !!
[1.226s]   easy_install.initialize_options(self)
[1.255s] /home/dj/.local/lib/python3.10/site-packages/setuptools/_distutils/cmd.py:66: SetuptoolsDeprecationWarning: setup.py install is deprecated.
[1.255s] !!
[1.255s] 
[1.255s]         ********************************************************************************
[1.255s]         Please avoid running ``setup.py`` directly.
[1.255s]         Instead, use pypa/build, pypa/installer or other
[1.255s]         standards-based tools.
[1.255s] 
[1.255s]         See https://blog.ganssle.io/articles/2021/10/setup-py-deprecated.html for details.
[1.256s]         ********************************************************************************
[1.256s] 
[1.256s] !!
[1.256s]   self.initialize_options()
[1.430s] running egg_info
[1.430s] creating steve_ui.egg-info
[1.443s] writing steve_ui.egg-info/PKG-INFO
[1.444s] writing dependency_links to steve_ui.egg-info/dependency_links.txt
[1.444s] writing entry points to steve_ui.egg-info/entry_points.txt
[1.444s] writing requirements to steve_ui.egg-info/requires.txt
[1.444s] writing top-level names to steve_ui.egg-info/top_level.txt
[1.444s] writing manifest file 'steve_ui.egg-info/SOURCES.txt'
[1.473s] reading manifest file 'steve_ui.egg-info/SOURCES.txt'
[1.474s] writing manifest file 'steve_ui.egg-info/SOURCES.txt'
[1.523s] running build_ext
[1.523s] Creating /home/dj/MREN203/main/mren203-ws/install/steve_ui/lib/python3.10/site-packages/steve-ui.egg-link (link to .)
[1.524s] Installing fsm_node script to /home/dj/MREN203/main/mren203-ws/install/steve_ui/lib/steve_ui
[1.524s] 
[1.524s] Installed /home/dj/MREN203/main/mren203-ws/build/steve_ui
[1.525s] running install_data
[1.525s] creating /home/dj/MREN203/main/mren203-ws/install/steve_ui/share/ament_index
[1.525s] creating /home/dj/MREN203/main/mren203-ws/install/steve_ui/share/ament_index/resource_index
[1.525s] creating /home/dj/MREN203/main/mren203-ws/install/steve_ui/share/ament_index/resource_index/packages
[1.525s] copying resource/steve_ui -> /home/dj/MREN203/main/mren203-ws/install/steve_ui/share/ament_index/resource_index/packages
[1.525s] copying package.xml -> /home/dj/MREN203/main/mren203-ws/install/steve_ui/share/steve_ui
[1.600s] Invoked command in '/home/dj/MREN203/main/mren203-ws/build/steve_ui' returned '0': AMENT_PREFIX_PATH=/home/dj/MREN203/main/mren203-ws/install/steve_msgs:${AMENT_PREFIX_PATH} CMAKE_PREFIX_PATH=/home/dj/MREN203/main/mren203-ws/install/steve_msgs LD_LIBRARY_PATH=/home/dj/MREN203/main/mren203-ws/install/steve_msgs/lib:${LD_LIBRARY_PATH} PYTHONPATH=/home/dj/MREN203/main/mren203-ws/build/steve_ui/prefix_override:/home/dj/MREN203/main/mren203-ws/install/steve_ui/lib/python3.10/site-packages:/home/dj/MREN203/main/mren203-ws/install/steve_msgs/local/lib/python3.10/dist-packages:${PYTHONPATH} /usr/bin/python3 setup.py develop --editable --build-directory /home/dj/MREN203/main/mren203-ws/build/steve_ui/build --no-deps install_data
