[5.172s] Invoking command in '/home/steve/mren203-ws/build/joystick_ros2': PYTHONPATH=/home/steve/mren203-ws/build/joystick_ros2/prefix_override:/home/steve/mren203-ws/install/joystick_ros2/lib/python3.10/site-packages:${PYTHONPATH} /usr/bin/python3 setup.py develop --editable --build-directory /home/steve/mren203-ws/build/joystick_ros2/build --no-deps install_data
[6.637s] running develop
[6.639s] /usr/lib/python3/dist-packages/setuptools/command/easy_install.py:158: EasyInstallDeprecationWarning: easy_install command is deprecated. Use build and pip and other standards-based tools.
[6.640s]   warnings.warn(
[6.643s] /usr/lib/python3/dist-packages/setuptools/command/install.py:34: SetuptoolsDeprecationWarning: setup.py install is deprecated. Use build and pip and other standards-based tools.
[6.643s]   warnings.warn(
[7.557s] running egg_info
[7.558s] writing joystick_ros2.egg-info/PKG-INFO
[7.560s] writing dependency_links to joystick_ros2.egg-info/dependency_links.txt
[7.561s] writing entry points to joystick_ros2.egg-info/entry_points.txt
[7.562s] writing requirements to joystick_ros2.egg-info/requires.txt
[7.563s] writing top-level names to joystick_ros2.egg-info/top_level.txt
[7.568s] reading manifest file 'joystick_ros2.egg-info/SOURCES.txt'
[7.571s] writing manifest file 'joystick_ros2.egg-info/SOURCES.txt'
[7.578s] running build_ext
[7.579s] Creating /home/steve/mren203-ws/install/joystick_ros2/lib/python3.10/site-packages/joystick-ros2.egg-link (link to .)
[7.584s] Installing joystick_ros2 script to /home/steve/mren203-ws/install/joystick_ros2/lib/joystick_ros2
[7.585s] 
[7.587s] Installed /home/steve/mren203-ws/build/joystick_ros2
[7.590s] running install_data
[9.622s] Invoked command in '/home/steve/mren203-ws/build/joystick_ros2' returned '0': PYTHONPATH=/home/steve/mren203-ws/build/joystick_ros2/prefix_override:/home/steve/mren203-ws/install/joystick_ros2/lib/python3.10/site-packages:${PYTHONPATH} /usr/bin/python3 setup.py develop --editable --build-directory /home/steve/mren203-ws/build/joystick_ros2/build --no-deps install_data
