[3.072s] Invoking command in '/home/steve/mren203-ws/build/steve_launch': CMAKE_PREFIX_PATH=${CMAKE_PREFIX_PATH}:/home/steve/mren203-ws/install/motor_control:/home/steve/mren203-ws/install/joystick_ros2:/opt/ros/humble /usr/bin/cmake --build /home/steve/mren203-ws/build/steve_launch -- -j4 -l4
[3.650s] Invoked command in '/home/steve/mren203-ws/build/steve_launch' returned '0': CMAKE_PREFIX_PATH=${CMAKE_PREFIX_PATH}:/home/steve/mren203-ws/install/motor_control:/home/steve/mren203-ws/install/joystick_ros2:/opt/ros/humble /usr/bin/cmake --build /home/steve/mren203-ws/build/steve_launch -- -j4 -l4
[3.804s] Invoking command in '/home/steve/mren203-ws/build/steve_launch': CMAKE_PREFIX_PATH=${CMAKE_PREFIX_PATH}:/home/steve/mren203-ws/install/motor_control:/home/steve/mren203-ws/install/joystick_ros2:/opt/ros/humble /usr/bin/cmake --install /home/steve/mren203-ws/build/steve_launch
[3.865s] -- Install configuration: ""
[3.871s] -- Execute custom install script
[3.881s] -- Up-to-date symlink: /home/steve/mren203-ws/install/steve_launch/share/steve_launch/launch/manual_control.launch
[3.882s] -- Up-to-date symlink: /home/steve/mren203-ws/install/steve_launch/share/ament_index/resource_index/package_run_dependencies/steve_launch
[3.885s] -- Up-to-date symlink: /home/steve/mren203-ws/install/steve_launch/share/ament_index/resource_index/parent_prefix_path/steve_launch
[3.887s] -- Up-to-date symlink: /home/steve/mren203-ws/install/steve_launch/share/steve_launch/environment/ament_prefix_path.sh
[3.889s] -- Up-to-date symlink: /home/steve/mren203-ws/install/steve_launch/share/steve_launch/environment/ament_prefix_path.dsv
[3.891s] -- Up-to-date symlink: /home/steve/mren203-ws/install/steve_launch/share/steve_launch/environment/path.sh
[3.892s] -- Up-to-date symlink: /home/steve/mren203-ws/install/steve_launch/share/steve_launch/environment/path.dsv
[3.894s] -- Up-to-date symlink: /home/steve/mren203-ws/install/steve_launch/share/steve_launch/local_setup.bash
[3.896s] -- Up-to-date symlink: /home/steve/mren203-ws/install/steve_launch/share/steve_launch/local_setup.sh
[3.899s] -- Up-to-date symlink: /home/steve/mren203-ws/install/steve_launch/share/steve_launch/local_setup.zsh
[3.900s] -- Up-to-date symlink: /home/steve/mren203-ws/install/steve_launch/share/steve_launch/local_setup.dsv
[3.902s] -- Symlinking: /home/steve/mren203-ws/install/steve_launch/share/steve_launch/package.dsv
[3.943s] -- Up-to-date symlink: /home/steve/mren203-ws/install/steve_launch/share/ament_index/resource_index/packages/steve_launch
[3.945s] -- Up-to-date symlink: /home/steve/mren203-ws/install/steve_launch/share/steve_launch/cmake/steve_launchConfig.cmake
[3.948s] -- Up-to-date symlink: /home/steve/mren203-ws/install/steve_launch/share/steve_launch/cmake/steve_launchConfig-version.cmake
[3.950s] -- Up-to-date symlink: /home/steve/mren203-ws/install/steve_launch/share/steve_launch/package.xml
[3.965s] Invoked command in '/home/steve/mren203-ws/build/steve_launch' returned '0': CMAKE_PREFIX_PATH=${CMAKE_PREFIX_PATH}:/home/steve/mren203-ws/install/motor_control:/home/steve/mren203-ws/install/joystick_ros2:/opt/ros/humble /usr/bin/cmake --install /home/steve/mren203-ws/build/steve_launch
