[0.883s] DEBUG:colcon:Command line arguments: ['/usr/bin/colcon', 'build', '--symlink-install']
[0.883s] DEBUG:colcon:Parsed command line arguments: Namespace(log_base=None, log_level=None, verb_name='build', build_base='build', install_base='install', merge_install=False, symlink_install=True, test_result_base=None, continue_on_error=False, executor='parallel', parallel_workers=16, event_handlers=None, ignore_user_meta=False, metas=['./colcon.meta'], base_paths=['.'], packages_ignore=None, packages_ignore_regex=None, paths=None, packages_up_to=None, packages_up_to_regex=None, packages_above=None, packages_above_and_dependencies=None, packages_above_depth=None, packages_select_by_dep=None, packages_skip_by_dep=None, packages_skip_up_to=None, packages_select_build_failed=False, packages_skip_build_finished=False, packages_select_test_failures=False, packages_skip_test_passed=False, packages_select=None, packages_skip=None, packages_select_regex=None, packages_skip_regex=None, packages_start=None, packages_end=None, allow_overriding=[], cmake_args=None, cmake_target=None, cmake_target_skip_unavailable=False, cmake_clean_cache=False, cmake_clean_first=False, cmake_force_configure=False, ament_cmake_args=None, catkin_cmake_args=None, catkin_skip_building_tests=False, verb_parser=<colcon_defaults.argument_parser.defaults.DefaultArgumentsDecorator object at 0x786bd9a90520>, verb_extension=<colcon_core.verb.build.BuildVerb object at 0x786bd9a43fa0>, main=<bound method BuildVerb.main of <colcon_core.verb.build.BuildVerb object at 0x786bd9a43fa0>>)
[0.929s] Level 1:colcon.colcon_core.package_discovery:discover_packages(colcon_meta) check parameters
[0.929s] Level 1:colcon.colcon_core.package_discovery:discover_packages(recursive) check parameters
[0.929s] Level 1:colcon.colcon_core.package_discovery:discover_packages(ignore) check parameters
[0.929s] Level 1:colcon.colcon_core.package_discovery:discover_packages(path) check parameters
[0.929s] Level 1:colcon.colcon_core.package_discovery:discover_packages(colcon_meta) discover
[0.929s] Level 1:colcon.colcon_core.package_discovery:discover_packages(recursive) discover
[0.929s] INFO:colcon.colcon_core.package_discovery:Crawling recursively for packages in '/home/dj/MREN203/main/mren203-ws'
[0.929s] Level 1:colcon.colcon_core.package_identification:_identify(.) by extensions ['ignore', 'ignore_ament_install']
[0.930s] Level 1:colcon.colcon_core.package_identification:_identify(.) by extension 'ignore'
[0.930s] Level 1:colcon.colcon_core.package_identification:_identify(.) by extension 'ignore_ament_install'
[0.930s] Level 1:colcon.colcon_core.package_identification:_identify(.) by extensions ['colcon_pkg']
[0.930s] Level 1:colcon.colcon_core.package_identification:_identify(.) by extension 'colcon_pkg'
[0.930s] Level 1:colcon.colcon_core.package_identification:_identify(.) by extensions ['colcon_meta']
[0.930s] Level 1:colcon.colcon_core.package_identification:_identify(.) by extension 'colcon_meta'
[0.930s] Level 1:colcon.colcon_core.package_identification:_identify(.) by extensions ['ros']
[0.930s] Level 1:colcon.colcon_core.package_identification:_identify(.) by extension 'ros'
[0.966s] Level 1:colcon.colcon_core.package_identification:_identify(.) by extensions ['cmake', 'python']
[0.966s] Level 1:colcon.colcon_core.package_identification:_identify(.) by extension 'cmake'
[0.966s] Level 1:colcon.colcon_core.package_identification:_identify(.) by extension 'python'
[0.966s] Level 1:colcon.colcon_core.package_identification:_identify(.) by extensions ['python_setup_py']
[0.966s] Level 1:colcon.colcon_core.package_identification:_identify(.) by extension 'python_setup_py'
[0.966s] Level 1:colcon.colcon_core.package_identification:_identify(Arduino) by extensions ['ignore', 'ignore_ament_install']
[0.966s] Level 1:colcon.colcon_core.package_identification:_identify(Arduino) by extension 'ignore'
[0.966s] Level 1:colcon.colcon_core.package_identification:_identify(Arduino) ignored
[0.966s] Level 1:colcon.colcon_core.package_identification:_identify(Python) by extensions ['ignore', 'ignore_ament_install']
[0.966s] Level 1:colcon.colcon_core.package_identification:_identify(Python) by extension 'ignore'
[0.966s] Level 1:colcon.colcon_core.package_identification:_identify(Python) ignored
[0.966s] Level 1:colcon.colcon_core.package_identification:_identify(build) by extensions ['ignore', 'ignore_ament_install']
[0.966s] Level 1:colcon.colcon_core.package_identification:_identify(build) by extension 'ignore'
[0.966s] Level 1:colcon.colcon_core.package_identification:_identify(build) ignored
[0.966s] Level 1:colcon.colcon_core.package_identification:_identify(install) by extensions ['ignore', 'ignore_ament_install']
[0.967s] Level 1:colcon.colcon_core.package_identification:_identify(install) by extension 'ignore'
[0.967s] Level 1:colcon.colcon_core.package_identification:_identify(install) ignored
[0.967s] Level 1:colcon.colcon_core.package_identification:_identify(log) by extensions ['ignore', 'ignore_ament_install']
[0.967s] Level 1:colcon.colcon_core.package_identification:_identify(log) by extension 'ignore'
[0.967s] Level 1:colcon.colcon_core.package_identification:_identify(log) ignored
[0.967s] Level 1:colcon.colcon_core.package_identification:_identify(src) by extensions ['ignore', 'ignore_ament_install']
[0.967s] Level 1:colcon.colcon_core.package_identification:_identify(src) by extension 'ignore'
[0.967s] Level 1:colcon.colcon_core.package_identification:_identify(src) by extension 'ignore_ament_install'
[0.967s] Level 1:colcon.colcon_core.package_identification:_identify(src) by extensions ['colcon_pkg']
[0.967s] Level 1:colcon.colcon_core.package_identification:_identify(src) by extension 'colcon_pkg'
[0.967s] Level 1:colcon.colcon_core.package_identification:_identify(src) by extensions ['colcon_meta']
[0.967s] Level 1:colcon.colcon_core.package_identification:_identify(src) by extension 'colcon_meta'
[0.967s] Level 1:colcon.colcon_core.package_identification:_identify(src) by extensions ['ros']
[0.967s] Level 1:colcon.colcon_core.package_identification:_identify(src) by extension 'ros'
[0.967s] Level 1:colcon.colcon_core.package_identification:_identify(src) by extensions ['cmake', 'python']
[0.967s] Level 1:colcon.colcon_core.package_identification:_identify(src) by extension 'cmake'
[0.967s] Level 1:colcon.colcon_core.package_identification:_identify(src) by extension 'python'
[0.967s] Level 1:colcon.colcon_core.package_identification:_identify(src) by extensions ['python_setup_py']
[0.967s] Level 1:colcon.colcon_core.package_identification:_identify(src) by extension 'python_setup_py'
[0.967s] Level 1:colcon.colcon_core.package_identification:_identify(src/joystick_ros2) by extensions ['ignore', 'ignore_ament_install']
[0.967s] Level 1:colcon.colcon_core.package_identification:_identify(src/joystick_ros2) by extension 'ignore'
[0.967s] Level 1:colcon.colcon_core.package_identification:_identify(src/joystick_ros2) by extension 'ignore_ament_install'
[0.967s] Level 1:colcon.colcon_core.package_identification:_identify(src/joystick_ros2) by extensions ['colcon_pkg']
[0.967s] Level 1:colcon.colcon_core.package_identification:_identify(src/joystick_ros2) by extension 'colcon_pkg'
[0.968s] Level 1:colcon.colcon_core.package_identification:_identify(src/joystick_ros2) by extensions ['colcon_meta']
[0.968s] Level 1:colcon.colcon_core.package_identification:_identify(src/joystick_ros2) by extension 'colcon_meta'
[0.968s] Level 1:colcon.colcon_core.package_identification:_identify(src/joystick_ros2) by extensions ['ros']
[0.968s] Level 1:colcon.colcon_core.package_identification:_identify(src/joystick_ros2) by extension 'ros'
[0.969s] DEBUG:colcon.colcon_core.package_identification:Package 'src/joystick_ros2' with type 'ros.ament_python' and name 'joystick_ros2'
[0.969s] Level 1:colcon.colcon_core.package_identification:_identify(src/motor_control) by extensions ['ignore', 'ignore_ament_install']
[0.969s] Level 1:colcon.colcon_core.package_identification:_identify(src/motor_control) by extension 'ignore'
[0.969s] Level 1:colcon.colcon_core.package_identification:_identify(src/motor_control) by extension 'ignore_ament_install'
[0.969s] Level 1:colcon.colcon_core.package_identification:_identify(src/motor_control) by extensions ['colcon_pkg']
[0.969s] Level 1:colcon.colcon_core.package_identification:_identify(src/motor_control) by extension 'colcon_pkg'
[0.969s] Level 1:colcon.colcon_core.package_identification:_identify(src/motor_control) by extensions ['colcon_meta']
[0.969s] Level 1:colcon.colcon_core.package_identification:_identify(src/motor_control) by extension 'colcon_meta'
[0.969s] Level 1:colcon.colcon_core.package_identification:_identify(src/motor_control) by extensions ['ros']
[0.969s] Level 1:colcon.colcon_core.package_identification:_identify(src/motor_control) by extension 'ros'
[0.970s] DEBUG:colcon.colcon_core.package_identification:Package 'src/motor_control' with type 'ros.ament_python' and name 'motor_control'
[0.970s] Level 1:colcon.colcon_core.package_identification:_identify(src/my_bot) by extensions ['ignore', 'ignore_ament_install']
[0.970s] Level 1:colcon.colcon_core.package_identification:_identify(src/my_bot) by extension 'ignore'
[0.970s] Level 1:colcon.colcon_core.package_identification:_identify(src/my_bot) by extension 'ignore_ament_install'
[0.970s] Level 1:colcon.colcon_core.package_identification:_identify(src/my_bot) by extensions ['colcon_pkg']
[0.970s] Level 1:colcon.colcon_core.package_identification:_identify(src/my_bot) by extension 'colcon_pkg'
[0.970s] Level 1:colcon.colcon_core.package_identification:_identify(src/my_bot) by extensions ['colcon_meta']
[0.970s] Level 1:colcon.colcon_core.package_identification:_identify(src/my_bot) by extension 'colcon_meta'
[0.970s] Level 1:colcon.colcon_core.package_identification:_identify(src/my_bot) by extensions ['ros']
[0.970s] Level 1:colcon.colcon_core.package_identification:_identify(src/my_bot) by extension 'ros'
[0.971s] DEBUG:colcon.colcon_core.package_identification:Package 'src/my_bot' with type 'ros.ament_cmake' and name 'my_bot'
[0.971s] Level 1:colcon.colcon_core.package_identification:_identify(src/rplidar_ros2) by extensions ['ignore', 'ignore_ament_install']
[0.971s] Level 1:colcon.colcon_core.package_identification:_identify(src/rplidar_ros2) by extension 'ignore'
[0.971s] Level 1:colcon.colcon_core.package_identification:_identify(src/rplidar_ros2) by extension 'ignore_ament_install'
[0.971s] Level 1:colcon.colcon_core.package_identification:_identify(src/rplidar_ros2) by extensions ['colcon_pkg']
[0.971s] Level 1:colcon.colcon_core.package_identification:_identify(src/rplidar_ros2) by extension 'colcon_pkg'
[0.971s] Level 1:colcon.colcon_core.package_identification:_identify(src/rplidar_ros2) by extensions ['colcon_meta']
[0.971s] Level 1:colcon.colcon_core.package_identification:_identify(src/rplidar_ros2) by extension 'colcon_meta'
[0.971s] Level 1:colcon.colcon_core.package_identification:_identify(src/rplidar_ros2) by extensions ['ros']
[0.971s] Level 1:colcon.colcon_core.package_identification:_identify(src/rplidar_ros2) by extension 'ros'
[0.971s] DEBUG:colcon.colcon_core.package_identification:Package 'src/rplidar_ros2' with type 'ros.ament_cmake' and name 'rplidar_ros'
[0.971s] Level 1:colcon.colcon_core.package_identification:_identify(src/steve_launch) by extensions ['ignore', 'ignore_ament_install']
[0.971s] Level 1:colcon.colcon_core.package_identification:_identify(src/steve_launch) by extension 'ignore'
[0.971s] Level 1:colcon.colcon_core.package_identification:_identify(src/steve_launch) by extension 'ignore_ament_install'
[0.971s] Level 1:colcon.colcon_core.package_identification:_identify(src/steve_launch) by extensions ['colcon_pkg']
[0.971s] Level 1:colcon.colcon_core.package_identification:_identify(src/steve_launch) by extension 'colcon_pkg'
[0.971s] Level 1:colcon.colcon_core.package_identification:_identify(src/steve_launch) by extensions ['colcon_meta']
[0.972s] Level 1:colcon.colcon_core.package_identification:_identify(src/steve_launch) by extension 'colcon_meta'
[0.972s] Level 1:colcon.colcon_core.package_identification:_identify(src/steve_launch) by extensions ['ros']
[0.972s] Level 1:colcon.colcon_core.package_identification:_identify(src/steve_launch) by extension 'ros'
[0.972s] DEBUG:colcon.colcon_core.package_identification:Package 'src/steve_launch' with type 'ros.ament_cmake' and name 'steve_launch'
[0.972s] Level 1:colcon.colcon_core.package_identification:_identify(src/steve_msgs) by extensions ['ignore', 'ignore_ament_install']
[0.972s] Level 1:colcon.colcon_core.package_identification:_identify(src/steve_msgs) by extension 'ignore'
[0.972s] Level 1:colcon.colcon_core.package_identification:_identify(src/steve_msgs) by extension 'ignore_ament_install'
[0.972s] Level 1:colcon.colcon_core.package_identification:_identify(src/steve_msgs) by extensions ['colcon_pkg']
[0.972s] Level 1:colcon.colcon_core.package_identification:_identify(src/steve_msgs) by extension 'colcon_pkg'
[0.972s] Level 1:colcon.colcon_core.package_identification:_identify(src/steve_msgs) by extensions ['colcon_meta']
[0.972s] Level 1:colcon.colcon_core.package_identification:_identify(src/steve_msgs) by extension 'colcon_meta'
[0.972s] Level 1:colcon.colcon_core.package_identification:_identify(src/steve_msgs) by extensions ['ros']
[0.972s] Level 1:colcon.colcon_core.package_identification:_identify(src/steve_msgs) by extension 'ros'
[0.973s] DEBUG:colcon.colcon_core.package_identification:Package 'src/steve_msgs' with type 'ros.ament_cmake' and name 'steve_msgs'
[0.973s] Level 1:colcon.colcon_core.package_identification:_identify(src/steve_ui) by extensions ['ignore', 'ignore_ament_install']
[0.973s] Level 1:colcon.colcon_core.package_identification:_identify(src/steve_ui) by extension 'ignore'
[0.973s] Level 1:colcon.colcon_core.package_identification:_identify(src/steve_ui) by extension 'ignore_ament_install'
[0.973s] Level 1:colcon.colcon_core.package_identification:_identify(src/steve_ui) by extensions ['colcon_pkg']
[0.973s] Level 1:colcon.colcon_core.package_identification:_identify(src/steve_ui) by extension 'colcon_pkg'
[0.973s] Level 1:colcon.colcon_core.package_identification:_identify(src/steve_ui) by extensions ['colcon_meta']
[0.973s] Level 1:colcon.colcon_core.package_identification:_identify(src/steve_ui) by extension 'colcon_meta'
[0.973s] Level 1:colcon.colcon_core.package_identification:_identify(src/steve_ui) by extensions ['ros']
[0.973s] Level 1:colcon.colcon_core.package_identification:_identify(src/steve_ui) by extension 'ros'
[0.973s] DEBUG:colcon.colcon_core.package_identification:Package 'src/steve_ui' with type 'ros.ament_python' and name 'steve_ui'
[0.973s] Level 1:colcon.colcon_core.package_identification:_identify(src/testing) by extensions ['ignore', 'ignore_ament_install']
[0.973s] Level 1:colcon.colcon_core.package_identification:_identify(src/testing) by extension 'ignore'
[0.974s] Level 1:colcon.colcon_core.package_identification:_identify(src/testing) by extension 'ignore_ament_install'
[0.974s] Level 1:colcon.colcon_core.package_identification:_identify(src/testing) by extensions ['colcon_pkg']
[0.974s] Level 1:colcon.colcon_core.package_identification:_identify(src/testing) by extension 'colcon_pkg'
[0.974s] Level 1:colcon.colcon_core.package_identification:_identify(src/testing) by extensions ['colcon_meta']
[0.974s] Level 1:colcon.colcon_core.package_identification:_identify(src/testing) by extension 'colcon_meta'
[0.974s] Level 1:colcon.colcon_core.package_identification:_identify(src/testing) by extensions ['ros']
[0.974s] Level 1:colcon.colcon_core.package_identification:_identify(src/testing) by extension 'ros'
[0.974s] DEBUG:colcon.colcon_core.package_identification:Package 'src/testing' with type 'ros.ament_python' and name 'testing'
[0.974s] Level 1:colcon.colcon_core.package_discovery:discover_packages(recursive) using defaults
[0.974s] Level 1:colcon.colcon_core.package_discovery:discover_packages(ignore) discover
[0.974s] Level 1:colcon.colcon_core.package_discovery:discover_packages(ignore) using defaults
[0.974s] Level 1:colcon.colcon_core.package_discovery:discover_packages(path) discover
[0.974s] Level 1:colcon.colcon_core.package_discovery:discover_packages(path) using defaults
[1.061s] Level 1:colcon.colcon_core.package_discovery:discover_packages(prefix_path) check parameters
[1.062s] Level 1:colcon.colcon_core.package_discovery:discover_packages(prefix_path) discover
[1.075s] WARNING:colcon.colcon_ros.prefix_path.ament:The path '/home/dj/MREN203/main/mren203-ws/install/testing' in the environment variable AMENT_PREFIX_PATH doesn't exist
[1.075s] WARNING:colcon.colcon_ros.prefix_path.ament:The path '/home/dj/MREN203/main/mren203-ws/install/steve_ui' in the environment variable AMENT_PREFIX_PATH doesn't exist
[1.075s] WARNING:colcon.colcon_ros.prefix_path.ament:The path '/home/dj/MREN203/main/mren203-ws/install/motor_control' in the environment variable AMENT_PREFIX_PATH doesn't exist
[1.075s] WARNING:colcon.colcon_ros.prefix_path.ament:The path '/home/dj/MREN203/main/mren203-ws/install/steve_msgs' in the environment variable AMENT_PREFIX_PATH doesn't exist
[1.075s] WARNING:colcon.colcon_ros.prefix_path.ament:The path '/home/dj/MREN203/main/mren203-ws/install/steve_launch' in the environment variable AMENT_PREFIX_PATH doesn't exist
[1.075s] WARNING:colcon.colcon_ros.prefix_path.ament:The path '/home/dj/MREN203/main/mren203-ws/install/rplidar_ros' in the environment variable AMENT_PREFIX_PATH doesn't exist
[1.075s] WARNING:colcon.colcon_ros.prefix_path.ament:The path '/home/dj/MREN203/main/mren203-ws/install/my_bot' in the environment variable AMENT_PREFIX_PATH doesn't exist
[1.075s] WARNING:colcon.colcon_ros.prefix_path.ament:The path '/home/dj/MREN203/main/mren203-ws/install/joystick_ros2' in the environment variable AMENT_PREFIX_PATH doesn't exist
[1.076s] WARNING:colcon.colcon_ros.prefix_path.catkin:The path '/home/dj/MREN203/main/mren203-ws/install/steve_msgs' in the environment variable CMAKE_PREFIX_PATH doesn't exist
[1.076s] WARNING:colcon.colcon_ros.prefix_path.catkin:The path '/home/dj/MREN203/main/mren203-ws/install/steve_launch' in the environment variable CMAKE_PREFIX_PATH doesn't exist
[1.076s] WARNING:colcon.colcon_ros.prefix_path.catkin:The path '/home/dj/MREN203/main/mren203-ws/install/rplidar_ros' in the environment variable CMAKE_PREFIX_PATH doesn't exist
[1.076s] WARNING:colcon.colcon_ros.prefix_path.catkin:The path '/home/dj/MREN203/main/mren203-ws/install/my_bot' in the environment variable CMAKE_PREFIX_PATH doesn't exist
[1.090s] DEBUG:colcon.colcon_installed_package_information.package_discovery:Found 0 installed packages in /home/dj/MREN203/main/mren203-ws/install
[1.105s] DEBUG:colcon.colcon_installed_package_information.package_discovery:Found 405 installed packages in /opt/ros/humble
[1.106s] Level 1:colcon.colcon_core.package_discovery:discover_packages(prefix_path) using defaults
[1.172s] Level 5:colcon.colcon_core.verb:set package 'joystick_ros2' build argument 'cmake_args' from command line to 'None'
[1.172s] Level 5:colcon.colcon_core.verb:set package 'joystick_ros2' build argument 'cmake_target' from command line to 'None'
[1.172s] Level 5:colcon.colcon_core.verb:set package 'joystick_ros2' build argument 'cmake_target_skip_unavailable' from command line to 'False'
[1.172s] Level 5:colcon.colcon_core.verb:set package 'joystick_ros2' build argument 'cmake_clean_cache' from command line to 'False'
[1.172s] Level 5:colcon.colcon_core.verb:set package 'joystick_ros2' build argument 'cmake_clean_first' from command line to 'False'
[1.172s] Level 5:colcon.colcon_core.verb:set package 'joystick_ros2' build argument 'cmake_force_configure' from command line to 'False'
[1.173s] Level 5:colcon.colcon_core.verb:set package 'joystick_ros2' build argument 'ament_cmake_args' from command line to 'None'
[1.173s] Level 5:colcon.colcon_core.verb:set package 'joystick_ros2' build argument 'catkin_cmake_args' from command line to 'None'
[1.173s] Level 5:colcon.colcon_core.verb:set package 'joystick_ros2' build argument 'catkin_skip_building_tests' from command line to 'False'
[1.173s] DEBUG:colcon.colcon_core.verb:Building package 'joystick_ros2' with the following arguments: {'ament_cmake_args': None, 'build_base': '/home/dj/MREN203/main/mren203-ws/build/joystick_ros2', 'catkin_cmake_args': None, 'catkin_skip_building_tests': False, 'cmake_args': None, 'cmake_clean_cache': False, 'cmake_clean_first': False, 'cmake_force_configure': False, 'cmake_target': None, 'cmake_target_skip_unavailable': False, 'install_base': '/home/dj/MREN203/main/mren203-ws/install/joystick_ros2', 'merge_install': False, 'path': '/home/dj/MREN203/main/mren203-ws/src/joystick_ros2', 'symlink_install': True, 'test_result_base': None}
[1.187s] Level 5:colcon.colcon_core.verb:set package 'my_bot' build argument 'cmake_args' from command line to 'None'
[1.187s] Level 5:colcon.colcon_core.verb:set package 'my_bot' build argument 'cmake_target' from command line to 'None'
[1.187s] Level 5:colcon.colcon_core.verb:set package 'my_bot' build argument 'cmake_target_skip_unavailable' from command line to 'False'
[1.187s] Level 5:colcon.colcon_core.verb:set package 'my_bot' build argument 'cmake_clean_cache' from command line to 'False'
[1.187s] Level 5:colcon.colcon_core.verb:set package 'my_bot' build argument 'cmake_clean_first' from command line to 'False'
[1.187s] Level 5:colcon.colcon_core.verb:set package 'my_bot' build argument 'cmake_force_configure' from command line to 'False'
[1.187s] Level 5:colcon.colcon_core.verb:set package 'my_bot' build argument 'ament_cmake_args' from command line to 'None'
[1.187s] Level 5:colcon.colcon_core.verb:set package 'my_bot' build argument 'catkin_cmake_args' from command line to 'None'
[1.187s] Level 5:colcon.colcon_core.verb:set package 'my_bot' build argument 'catkin_skip_building_tests' from command line to 'False'
[1.187s] DEBUG:colcon.colcon_core.verb:Building package 'my_bot' with the following arguments: {'ament_cmake_args': None, 'build_base': '/home/dj/MREN203/main/mren203-ws/build/my_bot', 'catkin_cmake_args': None, 'catkin_skip_building_tests': False, 'cmake_args': None, 'cmake_clean_cache': False, 'cmake_clean_first': False, 'cmake_force_configure': False, 'cmake_target': None, 'cmake_target_skip_unavailable': False, 'install_base': '/home/dj/MREN203/main/mren203-ws/install/my_bot', 'merge_install': False, 'path': '/home/dj/MREN203/main/mren203-ws/src/my_bot', 'symlink_install': True, 'test_result_base': None}
[1.201s] Level 5:colcon.colcon_core.verb:set package 'rplidar_ros' build argument 'cmake_args' from command line to 'None'
[1.201s] Level 5:colcon.colcon_core.verb:set package 'rplidar_ros' build argument 'cmake_target' from command line to 'None'
[1.201s] Level 5:colcon.colcon_core.verb:set package 'rplidar_ros' build argument 'cmake_target_skip_unavailable' from command line to 'False'
[1.201s] Level 5:colcon.colcon_core.verb:set package 'rplidar_ros' build argument 'cmake_clean_cache' from command line to 'False'
[1.201s] Level 5:colcon.colcon_core.verb:set package 'rplidar_ros' build argument 'cmake_clean_first' from command line to 'False'
[1.201s] Level 5:colcon.colcon_core.verb:set package 'rplidar_ros' build argument 'cmake_force_configure' from command line to 'False'
[1.201s] Level 5:colcon.colcon_core.verb:set package 'rplidar_ros' build argument 'ament_cmake_args' from command line to 'None'
[1.201s] Level 5:colcon.colcon_core.verb:set package 'rplidar_ros' build argument 'catkin_cmake_args' from command line to 'None'
[1.201s] Level 5:colcon.colcon_core.verb:set package 'rplidar_ros' build argument 'catkin_skip_building_tests' from command line to 'False'
[1.201s] DEBUG:colcon.colcon_core.verb:Building package 'rplidar_ros' with the following arguments: {'ament_cmake_args': None, 'build_base': '/home/dj/MREN203/main/mren203-ws/build/rplidar_ros', 'catkin_cmake_args': None, 'catkin_skip_building_tests': False, 'cmake_args': None, 'cmake_clean_cache': False, 'cmake_clean_first': False, 'cmake_force_configure': False, 'cmake_target': None, 'cmake_target_skip_unavailable': False, 'install_base': '/home/dj/MREN203/main/mren203-ws/install/rplidar_ros', 'merge_install': False, 'path': '/home/dj/MREN203/main/mren203-ws/src/rplidar_ros2', 'symlink_install': True, 'test_result_base': None}
[1.214s] Level 5:colcon.colcon_core.verb:set package 'steve_launch' build argument 'cmake_args' from command line to 'None'
[1.214s] Level 5:colcon.colcon_core.verb:set package 'steve_launch' build argument 'cmake_target' from command line to 'None'
[1.214s] Level 5:colcon.colcon_core.verb:set package 'steve_launch' build argument 'cmake_target_skip_unavailable' from command line to 'False'
[1.214s] Level 5:colcon.colcon_core.verb:set package 'steve_launch' build argument 'cmake_clean_cache' from command line to 'False'
[1.214s] Level 5:colcon.colcon_core.verb:set package 'steve_launch' build argument 'cmake_clean_first' from command line to 'False'
[1.214s] Level 5:colcon.colcon_core.verb:set package 'steve_launch' build argument 'cmake_force_configure' from command line to 'False'
[1.214s] Level 5:colcon.colcon_core.verb:set package 'steve_launch' build argument 'ament_cmake_args' from command line to 'None'
[1.214s] Level 5:colcon.colcon_core.verb:set package 'steve_launch' build argument 'catkin_cmake_args' from command line to 'None'
[1.214s] Level 5:colcon.colcon_core.verb:set package 'steve_launch' build argument 'catkin_skip_building_tests' from command line to 'False'
[1.214s] DEBUG:colcon.colcon_core.verb:Building package 'steve_launch' with the following arguments: {'ament_cmake_args': None, 'build_base': '/home/dj/MREN203/main/mren203-ws/build/steve_launch', 'catkin_cmake_args': None, 'catkin_skip_building_tests': False, 'cmake_args': None, 'cmake_clean_cache': False, 'cmake_clean_first': False, 'cmake_force_configure': False, 'cmake_target': None, 'cmake_target_skip_unavailable': False, 'install_base': '/home/dj/MREN203/main/mren203-ws/install/steve_launch', 'merge_install': False, 'path': '/home/dj/MREN203/main/mren203-ws/src/steve_launch', 'symlink_install': True, 'test_result_base': None}
[1.227s] Level 5:colcon.colcon_core.verb:set package 'steve_msgs' build argument 'cmake_args' from command line to 'None'
[1.227s] Level 5:colcon.colcon_core.verb:set package 'steve_msgs' build argument 'cmake_target' from command line to 'None'
[1.227s] Level 5:colcon.colcon_core.verb:set package 'steve_msgs' build argument 'cmake_target_skip_unavailable' from command line to 'False'
[1.227s] Level 5:colcon.colcon_core.verb:set package 'steve_msgs' build argument 'cmake_clean_cache' from command line to 'False'
[1.228s] Level 5:colcon.colcon_core.verb:set package 'steve_msgs' build argument 'cmake_clean_first' from command line to 'False'
[1.228s] Level 5:colcon.colcon_core.verb:set package 'steve_msgs' build argument 'cmake_force_configure' from command line to 'False'
[1.228s] Level 5:colcon.colcon_core.verb:set package 'steve_msgs' build argument 'ament_cmake_args' from command line to 'None'
[1.228s] Level 5:colcon.colcon_core.verb:set package 'steve_msgs' build argument 'catkin_cmake_args' from command line to 'None'
[1.228s] Level 5:colcon.colcon_core.verb:set package 'steve_msgs' build argument 'catkin_skip_building_tests' from command line to 'False'
[1.228s] DEBUG:colcon.colcon_core.verb:Building package 'steve_msgs' with the following arguments: {'ament_cmake_args': None, 'build_base': '/home/dj/MREN203/main/mren203-ws/build/steve_msgs', 'catkin_cmake_args': None, 'catkin_skip_building_tests': False, 'cmake_args': None, 'cmake_clean_cache': False, 'cmake_clean_first': False, 'cmake_force_configure': False, 'cmake_target': None, 'cmake_target_skip_unavailable': False, 'install_base': '/home/dj/MREN203/main/mren203-ws/install/steve_msgs', 'merge_install': False, 'path': '/home/dj/MREN203/main/mren203-ws/src/steve_msgs', 'symlink_install': True, 'test_result_base': None}
[1.241s] Level 5:colcon.colcon_core.verb:set package 'testing' build argument 'cmake_args' from command line to 'None'
[1.241s] Level 5:colcon.colcon_core.verb:set package 'testing' build argument 'cmake_target' from command line to 'None'
[1.241s] Level 5:colcon.colcon_core.verb:set package 'testing' build argument 'cmake_target_skip_unavailable' from command line to 'False'
[1.241s] Level 5:colcon.colcon_core.verb:set package 'testing' build argument 'cmake_clean_cache' from command line to 'False'
[1.241s] Level 5:colcon.colcon_core.verb:set package 'testing' build argument 'cmake_clean_first' from command line to 'False'
[1.241s] Level 5:colcon.colcon_core.verb:set package 'testing' build argument 'cmake_force_configure' from command line to 'False'
[1.241s] Level 5:colcon.colcon_core.verb:set package 'testing' build argument 'ament_cmake_args' from command line to 'None'
[1.241s] Level 5:colcon.colcon_core.verb:set package 'testing' build argument 'catkin_cmake_args' from command line to 'None'
[1.241s] Level 5:colcon.colcon_core.verb:set package 'testing' build argument 'catkin_skip_building_tests' from command line to 'False'
[1.241s] DEBUG:colcon.colcon_core.verb:Building package 'testing' with the following arguments: {'ament_cmake_args': None, 'build_base': '/home/dj/MREN203/main/mren203-ws/build/testing', 'catkin_cmake_args': None, 'catkin_skip_building_tests': False, 'cmake_args': None, 'cmake_clean_cache': False, 'cmake_clean_first': False, 'cmake_force_configure': False, 'cmake_target': None, 'cmake_target_skip_unavailable': False, 'install_base': '/home/dj/MREN203/main/mren203-ws/install/testing', 'merge_install': False, 'path': '/home/dj/MREN203/main/mren203-ws/src/testing', 'symlink_install': True, 'test_result_base': None}
[1.255s] Level 5:colcon.colcon_core.verb:set package 'motor_control' build argument 'cmake_args' from command line to 'None'
[1.255s] Level 5:colcon.colcon_core.verb:set package 'motor_control' build argument 'cmake_target' from command line to 'None'
[1.255s] Level 5:colcon.colcon_core.verb:set package 'motor_control' build argument 'cmake_target_skip_unavailable' from command line to 'False'
[1.255s] Level 5:colcon.colcon_core.verb:set package 'motor_control' build argument 'cmake_clean_cache' from command line to 'False'
[1.255s] Level 5:colcon.colcon_core.verb:set package 'motor_control' build argument 'cmake_clean_first' from command line to 'False'
[1.255s] Level 5:colcon.colcon_core.verb:set package 'motor_control' build argument 'cmake_force_configure' from command line to 'False'
[1.255s] Level 5:colcon.colcon_core.verb:set package 'motor_control' build argument 'ament_cmake_args' from command line to 'None'
[1.255s] Level 5:colcon.colcon_core.verb:set package 'motor_control' build argument 'catkin_cmake_args' from command line to 'None'
[1.255s] Level 5:colcon.colcon_core.verb:set package 'motor_control' build argument 'catkin_skip_building_tests' from command line to 'False'
[1.255s] DEBUG:colcon.colcon_core.verb:Building package 'motor_control' with the following arguments: {'ament_cmake_args': None, 'build_base': '/home/dj/MREN203/main/mren203-ws/build/motor_control', 'catkin_cmake_args': None, 'catkin_skip_building_tests': False, 'cmake_args': None, 'cmake_clean_cache': False, 'cmake_clean_first': False, 'cmake_force_configure': False, 'cmake_target': None, 'cmake_target_skip_unavailable': False, 'install_base': '/home/dj/MREN203/main/mren203-ws/install/motor_control', 'merge_install': False, 'path': '/home/dj/MREN203/main/mren203-ws/src/motor_control', 'symlink_install': True, 'test_result_base': None}
[1.268s] Level 5:colcon.colcon_core.verb:set package 'steve_ui' build argument 'cmake_args' from command line to 'None'
[1.268s] Level 5:colcon.colcon_core.verb:set package 'steve_ui' build argument 'cmake_target' from command line to 'None'
[1.268s] Level 5:colcon.colcon_core.verb:set package 'steve_ui' build argument 'cmake_target_skip_unavailable' from command line to 'False'
[1.268s] Level 5:colcon.colcon_core.verb:set package 'steve_ui' build argument 'cmake_clean_cache' from command line to 'False'
[1.268s] Level 5:colcon.colcon_core.verb:set package 'steve_ui' build argument 'cmake_clean_first' from command line to 'False'
[1.268s] Level 5:colcon.colcon_core.verb:set package 'steve_ui' build argument 'cmake_force_configure' from command line to 'False'
[1.268s] Level 5:colcon.colcon_core.verb:set package 'steve_ui' build argument 'ament_cmake_args' from command line to 'None'
[1.268s] Level 5:colcon.colcon_core.verb:set package 'steve_ui' build argument 'catkin_cmake_args' from command line to 'None'
[1.268s] Level 5:colcon.colcon_core.verb:set package 'steve_ui' build argument 'catkin_skip_building_tests' from command line to 'False'
[1.269s] DEBUG:colcon.colcon_core.verb:Building package 'steve_ui' with the following arguments: {'ament_cmake_args': None, 'build_base': '/home/dj/MREN203/main/mren203-ws/build/steve_ui', 'catkin_cmake_args': None, 'catkin_skip_building_tests': False, 'cmake_args': None, 'cmake_clean_cache': False, 'cmake_clean_first': False, 'cmake_force_configure': False, 'cmake_target': None, 'cmake_target_skip_unavailable': False, 'install_base': '/home/dj/MREN203/main/mren203-ws/install/steve_ui', 'merge_install': False, 'path': '/home/dj/MREN203/main/mren203-ws/src/steve_ui', 'symlink_install': True, 'test_result_base': None}
[1.282s] INFO:colcon.colcon_core.executor:Executing jobs using 'parallel' executor
[1.296s] DEBUG:colcon.colcon_parallel_executor.executor.parallel:run_until_complete
[1.296s] INFO:colcon.colcon_ros.task.ament_cmake.build:Building ROS package in '/home/dj/MREN203/main/mren203-ws/src/steve_msgs' with build type 'ament_cmake'
[1.296s] INFO:colcon.colcon_cmake.task.cmake.build:Building CMake package in '/home/dj/MREN203/main/mren203-ws/src/steve_msgs'
[1.311s] INFO:colcon.colcon_core.plugin_system:Skipping extension 'colcon_core.shell.bat': Not used on non-Windows systems
[1.311s] INFO:colcon.colcon_core.shell:Skip shell extension 'powershell' for command environment: Not usable outside of PowerShell
[1.311s] DEBUG:colcon.colcon_core.shell:Skip shell extension 'dsv' for command environment
[1.355s] INFO:colcon.colcon_ros.task.ament_python.build:Building ROS package in '/home/dj/MREN203/main/mren203-ws/src/joystick_ros2' with build type 'ament_python'
[1.355s] Level 1:colcon.colcon_core.shell:create_environment_hook('joystick_ros2', 'ament_prefix_path')
[1.369s] INFO:colcon.colcon_core.shell:Creating environment hook '/home/dj/MREN203/main/mren203-ws/install/joystick_ros2/share/joystick_ros2/hook/ament_prefix_path.ps1'
[1.369s] INFO:colcon.colcon_core.shell:Creating environment descriptor '/home/dj/MREN203/main/mren203-ws/install/joystick_ros2/share/joystick_ros2/hook/ament_prefix_path.dsv'
[1.370s] INFO:colcon.colcon_core.shell:Creating environment hook '/home/dj/MREN203/main/mren203-ws/install/joystick_ros2/share/joystick_ros2/hook/ament_prefix_path.sh'
[1.384s] INFO:colcon.colcon_core.shell:Skip shell extension 'powershell' for command environment: Not usable outside of PowerShell
[1.384s] DEBUG:colcon.colcon_core.shell:Skip shell extension 'dsv' for command environment
[1.428s] INFO:colcon.colcon_ros.task.ament_cmake.build:Building ROS package in '/home/dj/MREN203/main/mren203-ws/src/my_bot' with build type 'ament_cmake'
[1.428s] INFO:colcon.colcon_cmake.task.cmake.build:Building CMake package in '/home/dj/MREN203/main/mren203-ws/src/my_bot'
[1.442s] INFO:colcon.colcon_core.shell:Skip shell extension 'powershell' for command environment: Not usable outside of PowerShell
[1.442s] DEBUG:colcon.colcon_core.shell:Skip shell extension 'dsv' for command environment
[1.484s] INFO:colcon.colcon_ros.task.ament_cmake.build:Building ROS package in '/home/dj/MREN203/main/mren203-ws/src/rplidar_ros2' with build type 'ament_cmake'
[1.485s] INFO:colcon.colcon_cmake.task.cmake.build:Building CMake package in '/home/dj/MREN203/main/mren203-ws/src/rplidar_ros2'
[1.498s] INFO:colcon.colcon_core.shell:Skip shell extension 'powershell' for command environment: Not usable outside of PowerShell
[1.498s] DEBUG:colcon.colcon_core.shell:Skip shell extension 'dsv' for command environment
[1.540s] INFO:colcon.colcon_ros.task.ament_cmake.build:Building ROS package in '/home/dj/MREN203/main/mren203-ws/src/steve_launch' with build type 'ament_cmake'
[1.541s] INFO:colcon.colcon_cmake.task.cmake.build:Building CMake package in '/home/dj/MREN203/main/mren203-ws/src/steve_launch'
[1.555s] INFO:colcon.colcon_core.shell:Skip shell extension 'powershell' for command environment: Not usable outside of PowerShell
[1.555s] DEBUG:colcon.colcon_core.shell:Skip shell extension 'dsv' for command environment
[1.596s] INFO:colcon.colcon_ros.task.ament_python.build:Building ROS package in '/home/dj/MREN203/main/mren203-ws/src/testing' with build type 'ament_python'
[1.597s] Level 1:colcon.colcon_core.shell:create_environment_hook('testing', 'ament_prefix_path')
[1.610s] INFO:colcon.colcon_core.shell:Creating environment hook '/home/dj/MREN203/main/mren203-ws/install/testing/share/testing/hook/ament_prefix_path.ps1'
[1.611s] INFO:colcon.colcon_core.shell:Creating environment descriptor '/home/dj/MREN203/main/mren203-ws/install/testing/share/testing/hook/ament_prefix_path.dsv'
[1.611s] INFO:colcon.colcon_core.shell:Creating environment hook '/home/dj/MREN203/main/mren203-ws/install/testing/share/testing/hook/ament_prefix_path.sh'
[1.625s] INFO:colcon.colcon_core.shell:Skip shell extension 'powershell' for command environment: Not usable outside of PowerShell
[1.625s] DEBUG:colcon.colcon_core.shell:Skip shell extension 'dsv' for command environment
[1.672s] DEBUG:colcon.colcon_core.event_handler.log_command:Invoking command in '/home/dj/MREN203/main/mren203-ws/build/steve_msgs': CMAKE_PREFIX_PATH=${CMAKE_PREFIX_PATH}:/home/dj/MREN203/main/mren203-ws/install/testing:/home/dj/MREN203/main/mren203-ws/install/steve_ui:/home/dj/MREN203/main/mren203-ws/install/motor_control:/home/dj/MREN203/main/mren203-ws/install/joystick_ros2:/opt/ros/humble /usr/bin/cmake /home/dj/MREN203/main/mren203-ws/src/steve_msgs -DAMENT_CMAKE_SYMLINK_INSTALL=1 -DCMAKE_INSTALL_PREFIX=/home/dj/MREN203/main/mren203-ws/install/steve_msgs
[1.824s] WARNING:colcon.colcon_ros.task.ament_python.build:Package 'joystick_ros2' doesn't explicitly install the 'package.xml' file (colcon-ros currently does it implicitly but that fallback will be removed in the future)
[1.824s] INFO:colcon.colcon_core.task.python.build:Building Python package in '/home/dj/MREN203/main/mren203-ws/src/joystick_ros2'
[1.842s] INFO:colcon.colcon_core.shell:Skip shell extension 'powershell' for command environment: Not usable outside of PowerShell
[1.842s] DEBUG:colcon.colcon_core.shell:Skip shell extension 'dsv' for command environment
[1.890s] DEBUG:colcon.colcon_core.event_handler.log_command:Invoking command in '/home/dj/MREN203/main/mren203-ws/build/my_bot': CMAKE_PREFIX_PATH=${CMAKE_PREFIX_PATH}:/home/dj/MREN203/main/mren203-ws/install/testing:/home/dj/MREN203/main/mren203-ws/install/steve_ui:/home/dj/MREN203/main/mren203-ws/install/motor_control:/home/dj/MREN203/main/mren203-ws/install/joystick_ros2:/opt/ros/humble /usr/bin/cmake /home/dj/MREN203/main/mren203-ws/src/my_bot -DAMENT_CMAKE_SYMLINK_INSTALL=1 -DCMAKE_INSTALL_PREFIX=/home/dj/MREN203/main/mren203-ws/install/my_bot
[1.893s] DEBUG:colcon.colcon_core.event_handler.log_command:Invoking command in '/home/dj/MREN203/main/mren203-ws/build/rplidar_ros': CMAKE_PREFIX_PATH=${CMAKE_PREFIX_PATH}:/home/dj/MREN203/main/mren203-ws/install/testing:/home/dj/MREN203/main/mren203-ws/install/steve_ui:/home/dj/MREN203/main/mren203-ws/install/motor_control:/home/dj/MREN203/main/mren203-ws/install/joystick_ros2:/opt/ros/humble /usr/bin/cmake /home/dj/MREN203/main/mren203-ws/src/rplidar_ros2 -DAMENT_CMAKE_SYMLINK_INSTALL=1 -DCMAKE_INSTALL_PREFIX=/home/dj/MREN203/main/mren203-ws/install/rplidar_ros
[1.894s] DEBUG:colcon.colcon_core.event_handler.log_command:Invoking command in '/home/dj/MREN203/main/mren203-ws/build/steve_launch': CMAKE_PREFIX_PATH=${CMAKE_PREFIX_PATH}:/home/dj/MREN203/main/mren203-ws/install/testing:/home/dj/MREN203/main/mren203-ws/install/steve_ui:/home/dj/MREN203/main/mren203-ws/install/motor_control:/home/dj/MREN203/main/mren203-ws/install/joystick_ros2:/opt/ros/humble /usr/bin/cmake /home/dj/MREN203/main/mren203-ws/src/steve_launch -DAMENT_CMAKE_SYMLINK_INSTALL=1 -DCMAKE_INSTALL_PREFIX=/home/dj/MREN203/main/mren203-ws/install/steve_launch
[2.063s] INFO:colcon.colcon_core.task.python.build:Building Python package in '/home/dj/MREN203/main/mren203-ws/src/testing'
[2.079s] INFO:colcon.colcon_core.shell:Skip shell extension 'powershell' for command environment: Not usable outside of PowerShell
[2.079s] DEBUG:colcon.colcon_core.shell:Skip shell extension 'dsv' for command environment
[2.579s] DEBUG:colcon.colcon_core.event_handler.log_command:Invoked command in '/home/dj/MREN203/main/mren203-ws/build/steve_launch' returned '0': CMAKE_PREFIX_PATH=${CMAKE_PREFIX_PATH}:/home/dj/MREN203/main/mren203-ws/install/testing:/home/dj/MREN203/main/mren203-ws/install/steve_ui:/home/dj/MREN203/main/mren203-ws/install/motor_control:/home/dj/MREN203/main/mren203-ws/install/joystick_ros2:/opt/ros/humble /usr/bin/cmake /home/dj/MREN203/main/mren203-ws/src/steve_launch -DAMENT_CMAKE_SYMLINK_INSTALL=1 -DCMAKE_INSTALL_PREFIX=/home/dj/MREN203/main/mren203-ws/install/steve_launch
[2.580s] DEBUG:colcon.colcon_core.event_handler.log_command:Invoking command in '/home/dj/MREN203/main/mren203-ws/build/steve_launch': CMAKE_PREFIX_PATH=${CMAKE_PREFIX_PATH}:/home/dj/MREN203/main/mren203-ws/install/testing:/home/dj/MREN203/main/mren203-ws/install/steve_ui:/home/dj/MREN203/main/mren203-ws/install/motor_control:/home/dj/MREN203/main/mren203-ws/install/joystick_ros2:/opt/ros/humble /usr/bin/cmake --build /home/dj/MREN203/main/mren203-ws/build/steve_launch -- -j16 -l16
[2.607s] DEBUG:colcon.colcon_core.event_handler.log_command:Invoked command in '/home/dj/MREN203/main/mren203-ws/build/my_bot' returned '0': CMAKE_PREFIX_PATH=${CMAKE_PREFIX_PATH}:/home/dj/MREN203/main/mren203-ws/install/testing:/home/dj/MREN203/main/mren203-ws/install/steve_ui:/home/dj/MREN203/main/mren203-ws/install/motor_control:/home/dj/MREN203/main/mren203-ws/install/joystick_ros2:/opt/ros/humble /usr/bin/cmake /home/dj/MREN203/main/mren203-ws/src/my_bot -DAMENT_CMAKE_SYMLINK_INSTALL=1 -DCMAKE_INSTALL_PREFIX=/home/dj/MREN203/main/mren203-ws/install/my_bot
[2.608s] DEBUG:colcon.colcon_core.event_handler.log_command:Invoking command in '/home/dj/MREN203/main/mren203-ws/build/my_bot': CMAKE_PREFIX_PATH=${CMAKE_PREFIX_PATH}:/home/dj/MREN203/main/mren203-ws/install/testing:/home/dj/MREN203/main/mren203-ws/install/steve_ui:/home/dj/MREN203/main/mren203-ws/install/motor_control:/home/dj/MREN203/main/mren203-ws/install/joystick_ros2:/opt/ros/humble /usr/bin/cmake --build /home/dj/MREN203/main/mren203-ws/build/my_bot -- -j16 -l16
[2.616s] DEBUG:colcon.colcon_core.event_handler.log_command:Invoked command in '/home/dj/MREN203/main/mren203-ws/build/steve_launch' returned '0': CMAKE_PREFIX_PATH=${CMAKE_PREFIX_PATH}:/home/dj/MREN203/main/mren203-ws/install/testing:/home/dj/MREN203/main/mren203-ws/install/steve_ui:/home/dj/MREN203/main/mren203-ws/install/motor_control:/home/dj/MREN203/main/mren203-ws/install/joystick_ros2:/opt/ros/humble /usr/bin/cmake --build /home/dj/MREN203/main/mren203-ws/build/steve_launch -- -j16 -l16
[2.651s] DEBUG:colcon.colcon_core.event_handler.log_command:Invoking command in '/home/dj/MREN203/main/mren203-ws/build/steve_launch': CMAKE_PREFIX_PATH=${CMAKE_PREFIX_PATH}:/home/dj/MREN203/main/mren203-ws/install/testing:/home/dj/MREN203/main/mren203-ws/install/steve_ui:/home/dj/MREN203/main/mren203-ws/install/motor_control:/home/dj/MREN203/main/mren203-ws/install/joystick_ros2:/opt/ros/humble /usr/bin/cmake --install /home/dj/MREN203/main/mren203-ws/build/steve_launch
[2.652s] DEBUG:colcon.colcon_core.event_handler.log_command:Invoked command in '/home/dj/MREN203/main/mren203-ws/build/my_bot' returned '0': CMAKE_PREFIX_PATH=${CMAKE_PREFIX_PATH}:/home/dj/MREN203/main/mren203-ws/install/testing:/home/dj/MREN203/main/mren203-ws/install/steve_ui:/home/dj/MREN203/main/mren203-ws/install/motor_control:/home/dj/MREN203/main/mren203-ws/install/joystick_ros2:/opt/ros/humble /usr/bin/cmake --build /home/dj/MREN203/main/mren203-ws/build/my_bot -- -j16 -l16
[2.676s] DEBUG:colcon.colcon_core.event_handler.log_command:Invoking command in '/home/dj/MREN203/main/mren203-ws/build/my_bot': CMAKE_PREFIX_PATH=${CMAKE_PREFIX_PATH}:/home/dj/MREN203/main/mren203-ws/install/testing:/home/dj/MREN203/main/mren203-ws/install/steve_ui:/home/dj/MREN203/main/mren203-ws/install/motor_control:/home/dj/MREN203/main/mren203-ws/install/joystick_ros2:/opt/ros/humble /usr/bin/cmake --install /home/dj/MREN203/main/mren203-ws/build/my_bot
[2.695s] DEBUG:colcon.colcon_core.event_handler.log_command:Invoking command in '/home/dj/MREN203/main/mren203-ws/build/joystick_ros2': PYTHONPATH=/home/dj/MREN203/main/mren203-ws/build/joystick_ros2/prefix_override:/home/dj/MREN203/main/mren203-ws/install/joystick_ros2/lib/python3.10/site-packages:${PYTHONPATH} /usr/bin/python3 setup.py develop --editable --build-directory /home/dj/MREN203/main/mren203-ws/build/joystick_ros2/build --no-deps install_data
[2.697s] DEBUG:colcon.colcon_core.event_handler.log_command:Invoking command in '/home/dj/MREN203/main/mren203-ws/build/testing': PYTHONPATH=/home/dj/MREN203/main/mren203-ws/build/testing/prefix_override:/home/dj/MREN203/main/mren203-ws/install/testing/lib/python3.10/site-packages:${PYTHONPATH} /usr/bin/python3 setup.py develop --editable --build-directory /home/dj/MREN203/main/mren203-ws/build/testing/build --no-deps install_data
[2.847s] Level 1:colcon.colcon_core.environment:create_environment_scripts_only(steve_launch)
[2.847s] DEBUG:colcon.colcon_core.event_handler.log_command:Invoked command in '/home/dj/MREN203/main/mren203-ws/build/steve_launch' returned '0': CMAKE_PREFIX_PATH=${CMAKE_PREFIX_PATH}:/home/dj/MREN203/main/mren203-ws/install/testing:/home/dj/MREN203/main/mren203-ws/install/steve_ui:/home/dj/MREN203/main/mren203-ws/install/motor_control:/home/dj/MREN203/main/mren203-ws/install/joystick_ros2:/opt/ros/humble /usr/bin/cmake --install /home/dj/MREN203/main/mren203-ws/build/steve_launch
[2.865s] Level 1:colcon.colcon_core.environment:checking '/home/dj/MREN203/main/mren203-ws/install/steve_launch' for CMake module files
[2.865s] Level 1:colcon.colcon_core.environment:checking '/home/dj/MREN203/main/mren203-ws/install/steve_launch' for CMake config files
[2.865s] Level 1:colcon.colcon_core.shell:create_environment_hook('steve_launch', 'cmake_prefix_path')
[2.881s] INFO:colcon.colcon_core.shell:Creating environment hook '/home/dj/MREN203/main/mren203-ws/install/steve_launch/share/steve_launch/hook/cmake_prefix_path.ps1'
[2.881s] INFO:colcon.colcon_core.shell:Creating environment descriptor '/home/dj/MREN203/main/mren203-ws/install/steve_launch/share/steve_launch/hook/cmake_prefix_path.dsv'
[2.881s] INFO:colcon.colcon_core.shell:Creating environment hook '/home/dj/MREN203/main/mren203-ws/install/steve_launch/share/steve_launch/hook/cmake_prefix_path.sh'
[2.882s] Level 1:colcon.colcon_core.environment:checking '/home/dj/MREN203/main/mren203-ws/install/steve_launch/bin'
[2.882s] Level 1:colcon.colcon_core.environment:checking '/home/dj/MREN203/main/mren203-ws/install/steve_launch/lib/pkgconfig/steve_launch.pc'
[2.882s] Level 1:colcon.colcon_core.environment:checking '/home/dj/MREN203/main/mren203-ws/install/steve_launch/lib/python3.10/site-packages'
[2.882s] Level 1:colcon.colcon_core.environment:checking '/home/dj/MREN203/main/mren203-ws/install/steve_launch/bin'
[2.898s] INFO:colcon.colcon_core.shell:Creating package script '/home/dj/MREN203/main/mren203-ws/install/steve_launch/share/steve_launch/package.ps1'
[2.899s] INFO:colcon.colcon_core.shell:Creating package descriptor '/home/dj/MREN203/main/mren203-ws/install/steve_launch/share/steve_launch/package.dsv'
[2.899s] INFO:colcon.colcon_core.shell:Creating package script '/home/dj/MREN203/main/mren203-ws/install/steve_launch/share/steve_launch/package.sh'
[2.900s] INFO:colcon.colcon_core.shell:Creating package script '/home/dj/MREN203/main/mren203-ws/install/steve_launch/share/steve_launch/package.bash'
[2.900s] INFO:colcon.colcon_core.shell:Creating package script '/home/dj/MREN203/main/mren203-ws/install/steve_launch/share/steve_launch/package.zsh'
[2.901s] Level 1:colcon.colcon_core.environment:create_file_with_runtime_dependencies(/home/dj/MREN203/main/mren203-ws/install/steve_launch/share/colcon-core/packages/steve_launch)
[2.921s] Level 1:colcon.colcon_core.environment:create_environment_scripts_only(my_bot)
[2.921s] DEBUG:colcon.colcon_core.event_handler.log_command:Invoked command in '/home/dj/MREN203/main/mren203-ws/build/my_bot' returned '0': CMAKE_PREFIX_PATH=${CMAKE_PREFIX_PATH}:/home/dj/MREN203/main/mren203-ws/install/testing:/home/dj/MREN203/main/mren203-ws/install/steve_ui:/home/dj/MREN203/main/mren203-ws/install/motor_control:/home/dj/MREN203/main/mren203-ws/install/joystick_ros2:/opt/ros/humble /usr/bin/cmake --install /home/dj/MREN203/main/mren203-ws/build/my_bot
[2.936s] Level 1:colcon.colcon_core.environment:checking '/home/dj/MREN203/main/mren203-ws/install/my_bot' for CMake module files
[2.937s] Level 1:colcon.colcon_core.environment:checking '/home/dj/MREN203/main/mren203-ws/install/my_bot' for CMake config files
[2.937s] Level 1:colcon.colcon_core.shell:create_environment_hook('my_bot', 'cmake_prefix_path')
[2.954s] INFO:colcon.colcon_core.shell:Creating environment hook '/home/dj/MREN203/main/mren203-ws/install/my_bot/share/my_bot/hook/cmake_prefix_path.ps1'
[2.954s] INFO:colcon.colcon_core.shell:Creating environment descriptor '/home/dj/MREN203/main/mren203-ws/install/my_bot/share/my_bot/hook/cmake_prefix_path.dsv'
[2.954s] INFO:colcon.colcon_core.shell:Creating environment hook '/home/dj/MREN203/main/mren203-ws/install/my_bot/share/my_bot/hook/cmake_prefix_path.sh'
[2.955s] Level 1:colcon.colcon_core.environment:checking '/home/dj/MREN203/main/mren203-ws/install/my_bot/bin'
[2.955s] Level 1:colcon.colcon_core.environment:checking '/home/dj/MREN203/main/mren203-ws/install/my_bot/lib/pkgconfig/my_bot.pc'
[2.955s] Level 1:colcon.colcon_core.environment:checking '/home/dj/MREN203/main/mren203-ws/install/my_bot/lib/python3.10/site-packages'
[2.955s] Level 1:colcon.colcon_core.environment:checking '/home/dj/MREN203/main/mren203-ws/install/my_bot/bin'
[2.975s] INFO:colcon.colcon_core.shell:Creating package script '/home/dj/MREN203/main/mren203-ws/install/my_bot/share/my_bot/package.ps1'
[2.976s] INFO:colcon.colcon_core.shell:Creating package descriptor '/home/dj/MREN203/main/mren203-ws/install/my_bot/share/my_bot/package.dsv'
[2.976s] INFO:colcon.colcon_core.shell:Creating package script '/home/dj/MREN203/main/mren203-ws/install/my_bot/share/my_bot/package.sh'
[2.976s] INFO:colcon.colcon_core.shell:Creating package script '/home/dj/MREN203/main/mren203-ws/install/my_bot/share/my_bot/package.bash'
[2.977s] INFO:colcon.colcon_core.shell:Creating package script '/home/dj/MREN203/main/mren203-ws/install/my_bot/share/my_bot/package.zsh'
[2.977s] Level 1:colcon.colcon_core.environment:create_file_with_runtime_dependencies(/home/dj/MREN203/main/mren203-ws/install/my_bot/share/colcon-core/packages/my_bot)
[3.004s] Level 1:colcon.colcon_core.environment:create_environment_scripts_only(steve_launch)
[3.020s] Level 1:colcon.colcon_core.environment:checking '/home/dj/MREN203/main/mren203-ws/install/steve_launch' for CMake module files
[3.020s] Level 1:colcon.colcon_core.environment:checking '/home/dj/MREN203/main/mren203-ws/install/steve_launch' for CMake config files
[3.021s] Level 1:colcon.colcon_core.shell:create_environment_hook('steve_launch', 'cmake_prefix_path')
[3.039s] INFO:colcon.colcon_core.shell:Creating environment hook '/home/dj/MREN203/main/mren203-ws/install/steve_launch/share/steve_launch/hook/cmake_prefix_path.ps1'
[3.039s] INFO:colcon.colcon_core.shell:Creating environment descriptor '/home/dj/MREN203/main/mren203-ws/install/steve_launch/share/steve_launch/hook/cmake_prefix_path.dsv'
[3.039s] INFO:colcon.colcon_core.shell:Creating environment hook '/home/dj/MREN203/main/mren203-ws/install/steve_launch/share/steve_launch/hook/cmake_prefix_path.sh'
[3.040s] Level 1:colcon.colcon_core.environment:checking '/home/dj/MREN203/main/mren203-ws/install/steve_launch/bin'
[3.040s] Level 1:colcon.colcon_core.environment:checking '/home/dj/MREN203/main/mren203-ws/install/steve_launch/lib/pkgconfig/steve_launch.pc'
[3.040s] Level 1:colcon.colcon_core.environment:checking '/home/dj/MREN203/main/mren203-ws/install/steve_launch/lib/python3.10/site-packages'
[3.040s] Level 1:colcon.colcon_core.environment:checking '/home/dj/MREN203/main/mren203-ws/install/steve_launch/bin'
[3.055s] INFO:colcon.colcon_core.shell:Creating package script '/home/dj/MREN203/main/mren203-ws/install/steve_launch/share/steve_launch/package.ps1'
[3.056s] INFO:colcon.colcon_core.shell:Creating package descriptor '/home/dj/MREN203/main/mren203-ws/install/steve_launch/share/steve_launch/package.dsv'
[3.056s] INFO:colcon.colcon_core.shell:Creating package script '/home/dj/MREN203/main/mren203-ws/install/steve_launch/share/steve_launch/package.sh'
[3.056s] INFO:colcon.colcon_core.shell:Creating package script '/home/dj/MREN203/main/mren203-ws/install/steve_launch/share/steve_launch/package.bash'
[3.056s] INFO:colcon.colcon_core.shell:Creating package script '/home/dj/MREN203/main/mren203-ws/install/steve_launch/share/steve_launch/package.zsh'
[3.057s] Level 1:colcon.colcon_core.environment:create_file_with_runtime_dependencies(/home/dj/MREN203/main/mren203-ws/install/steve_launch/share/colcon-core/packages/steve_launch)
[3.072s] Level 1:colcon.colcon_core.environment:create_environment_scripts_only(my_bot)
[3.087s] Level 1:colcon.colcon_core.environment:checking '/home/dj/MREN203/main/mren203-ws/install/my_bot' for CMake module files
[3.088s] Level 1:colcon.colcon_core.environment:checking '/home/dj/MREN203/main/mren203-ws/install/my_bot' for CMake config files
[3.088s] Level 1:colcon.colcon_core.shell:create_environment_hook('my_bot', 'cmake_prefix_path')
[3.104s] INFO:colcon.colcon_core.shell:Creating environment hook '/home/dj/MREN203/main/mren203-ws/install/my_bot/share/my_bot/hook/cmake_prefix_path.ps1'
[3.104s] INFO:colcon.colcon_core.shell:Creating environment descriptor '/home/dj/MREN203/main/mren203-ws/install/my_bot/share/my_bot/hook/cmake_prefix_path.dsv'
[3.104s] INFO:colcon.colcon_core.shell:Creating environment hook '/home/dj/MREN203/main/mren203-ws/install/my_bot/share/my_bot/hook/cmake_prefix_path.sh'
[3.105s] Level 1:colcon.colcon_core.environment:checking '/home/dj/MREN203/main/mren203-ws/install/my_bot/bin'
[3.105s] Level 1:colcon.colcon_core.environment:checking '/home/dj/MREN203/main/mren203-ws/install/my_bot/lib/pkgconfig/my_bot.pc'
[3.105s] Level 1:colcon.colcon_core.environment:checking '/home/dj/MREN203/main/mren203-ws/install/my_bot/lib/python3.10/site-packages'
[3.105s] Level 1:colcon.colcon_core.environment:checking '/home/dj/MREN203/main/mren203-ws/install/my_bot/bin'
[3.120s] INFO:colcon.colcon_core.shell:Creating package script '/home/dj/MREN203/main/mren203-ws/install/my_bot/share/my_bot/package.ps1'
[3.120s] INFO:colcon.colcon_core.shell:Creating package descriptor '/home/dj/MREN203/main/mren203-ws/install/my_bot/share/my_bot/package.dsv'
[3.121s] INFO:colcon.colcon_core.shell:Creating package script '/home/dj/MREN203/main/mren203-ws/install/my_bot/share/my_bot/package.sh'
[3.121s] INFO:colcon.colcon_core.shell:Creating package script '/home/dj/MREN203/main/mren203-ws/install/my_bot/share/my_bot/package.bash'
[3.121s] INFO:colcon.colcon_core.shell:Creating package script '/home/dj/MREN203/main/mren203-ws/install/my_bot/share/my_bot/package.zsh'
[3.122s] Level 1:colcon.colcon_core.environment:create_file_with_runtime_dependencies(/home/dj/MREN203/main/mren203-ws/install/my_bot/share/colcon-core/packages/my_bot)
[3.138s] DEBUG:colcon.colcon_core.event_handler.log_command:Invoked command in '/home/dj/MREN203/main/mren203-ws/build/steve_msgs' returned '0': CMAKE_PREFIX_PATH=${CMAKE_PREFIX_PATH}:/home/dj/MREN203/main/mren203-ws/install/testing:/home/dj/MREN203/main/mren203-ws/install/steve_ui:/home/dj/MREN203/main/mren203-ws/install/motor_control:/home/dj/MREN203/main/mren203-ws/install/joystick_ros2:/opt/ros/humble /usr/bin/cmake /home/dj/MREN203/main/mren203-ws/src/steve_msgs -DAMENT_CMAKE_SYMLINK_INSTALL=1 -DCMAKE_INSTALL_PREFIX=/home/dj/MREN203/main/mren203-ws/install/steve_msgs
[3.140s] DEBUG:colcon.colcon_core.event_handler.log_command:Invoking command in '/home/dj/MREN203/main/mren203-ws/build/steve_msgs': CMAKE_PREFIX_PATH=${CMAKE_PREFIX_PATH}:/home/dj/MREN203/main/mren203-ws/install/testing:/home/dj/MREN203/main/mren203-ws/install/steve_ui:/home/dj/MREN203/main/mren203-ws/install/motor_control:/home/dj/MREN203/main/mren203-ws/install/joystick_ros2:/opt/ros/humble /usr/bin/cmake --build /home/dj/MREN203/main/mren203-ws/build/steve_msgs -- -j16 -l16
[3.190s] DEBUG:colcon.colcon_core.event_handler.log_command:Invoked command in '/home/dj/MREN203/main/mren203-ws/build/rplidar_ros' returned '0': CMAKE_PREFIX_PATH=${CMAKE_PREFIX_PATH}:/home/dj/MREN203/main/mren203-ws/install/testing:/home/dj/MREN203/main/mren203-ws/install/steve_ui:/home/dj/MREN203/main/mren203-ws/install/motor_control:/home/dj/MREN203/main/mren203-ws/install/joystick_ros2:/opt/ros/humble /usr/bin/cmake /home/dj/MREN203/main/mren203-ws/src/rplidar_ros2 -DAMENT_CMAKE_SYMLINK_INSTALL=1 -DCMAKE_INSTALL_PREFIX=/home/dj/MREN203/main/mren203-ws/install/rplidar_ros
[3.192s] DEBUG:colcon.colcon_core.event_handler.log_command:Invoking command in '/home/dj/MREN203/main/mren203-ws/build/rplidar_ros': CMAKE_PREFIX_PATH=${CMAKE_PREFIX_PATH}:/home/dj/MREN203/main/mren203-ws/install/testing:/home/dj/MREN203/main/mren203-ws/install/steve_ui:/home/dj/MREN203/main/mren203-ws/install/motor_control:/home/dj/MREN203/main/mren203-ws/install/joystick_ros2:/opt/ros/humble /usr/bin/cmake --build /home/dj/MREN203/main/mren203-ws/build/rplidar_ros -- -j16 -l16
[3.372s] Level 1:colcon.colcon_core.shell:create_environment_hook('testing', 'pythonpath_develop')
[3.372s] DEBUG:colcon.colcon_core.event_handler.log_command:Invoked command in '/home/dj/MREN203/main/mren203-ws/build/testing' returned '0': PYTHONPATH=/home/dj/MREN203/main/mren203-ws/build/testing/prefix_override:/home/dj/MREN203/main/mren203-ws/install/testing/lib/python3.10/site-packages:${PYTHONPATH} /usr/bin/python3 setup.py develop --editable --build-directory /home/dj/MREN203/main/mren203-ws/build/testing/build --no-deps install_data
[3.395s] INFO:colcon.colcon_core.shell:Creating environment hook '/home/dj/MREN203/main/mren203-ws/build/testing/share/testing/hook/pythonpath_develop.ps1'
[3.396s] INFO:colcon.colcon_core.shell:Creating environment descriptor '/home/dj/MREN203/main/mren203-ws/build/testing/share/testing/hook/pythonpath_develop.dsv'
[3.396s] INFO:colcon.colcon_core.shell:Creating environment hook '/home/dj/MREN203/main/mren203-ws/build/testing/share/testing/hook/pythonpath_develop.sh'
[3.421s] Level 1:colcon.colcon_core.environment:checking '/home/dj/MREN203/main/mren203-ws/install/testing' for CMake module files
[3.421s] Level 1:colcon.colcon_core.environment:checking '/home/dj/MREN203/main/mren203-ws/install/testing' for CMake config files
[3.422s] Level 1:colcon.colcon_core.environment:checking '/home/dj/MREN203/main/mren203-ws/install/testing/lib'
[3.422s] Level 1:colcon.colcon_core.environment:checking '/home/dj/MREN203/main/mren203-ws/install/testing/bin'
[3.422s] Level 1:colcon.colcon_core.environment:checking '/home/dj/MREN203/main/mren203-ws/install/testing/lib/pkgconfig/testing.pc'
[3.422s] Level 1:colcon.colcon_core.environment:checking '/home/dj/MREN203/main/mren203-ws/install/testing/lib/python3.10/site-packages'
[3.422s] Level 1:colcon.colcon_core.shell:create_environment_hook('testing', 'pythonpath')
[3.445s] INFO:colcon.colcon_core.shell:Creating environment hook '/home/dj/MREN203/main/mren203-ws/install/testing/share/testing/hook/pythonpath.ps1'
[3.446s] INFO:colcon.colcon_core.shell:Creating environment descriptor '/home/dj/MREN203/main/mren203-ws/install/testing/share/testing/hook/pythonpath.dsv'
[3.446s] INFO:colcon.colcon_core.shell:Creating environment hook '/home/dj/MREN203/main/mren203-ws/install/testing/share/testing/hook/pythonpath.sh'
[3.446s] Level 1:colcon.colcon_core.environment:checking '/home/dj/MREN203/main/mren203-ws/install/testing/bin'
[3.447s] Level 1:colcon.colcon_core.environment:create_environment_scripts_only(testing)
[3.471s] INFO:colcon.colcon_core.shell:Creating package script '/home/dj/MREN203/main/mren203-ws/install/testing/share/testing/package.ps1'
[3.472s] INFO:colcon.colcon_core.shell:Creating package descriptor '/home/dj/MREN203/main/mren203-ws/install/testing/share/testing/package.dsv'
[3.472s] INFO:colcon.colcon_core.shell:Creating package script '/home/dj/MREN203/main/mren203-ws/install/testing/share/testing/package.sh'
[3.473s] INFO:colcon.colcon_core.shell:Creating package script '/home/dj/MREN203/main/mren203-ws/install/testing/share/testing/package.bash'
[3.473s] INFO:colcon.colcon_core.shell:Creating package script '/home/dj/MREN203/main/mren203-ws/install/testing/share/testing/package.zsh'
[3.473s] Level 1:colcon.colcon_core.environment:create_file_with_runtime_dependencies(/home/dj/MREN203/main/mren203-ws/install/testing/share/colcon-core/packages/testing)
[3.474s] Level 1:colcon.colcon_core.shell:create_environment_hook('joystick_ros2', 'pythonpath_develop')
[3.475s] DEBUG:colcon.colcon_core.event_handler.log_command:Invoked command in '/home/dj/MREN203/main/mren203-ws/build/joystick_ros2' returned '0': PYTHONPATH=/home/dj/MREN203/main/mren203-ws/build/joystick_ros2/prefix_override:/home/dj/MREN203/main/mren203-ws/install/joystick_ros2/lib/python3.10/site-packages:${PYTHONPATH} /usr/bin/python3 setup.py develop --editable --build-directory /home/dj/MREN203/main/mren203-ws/build/joystick_ros2/build --no-deps install_data
[3.499s] INFO:colcon.colcon_core.shell:Creating environment hook '/home/dj/MREN203/main/mren203-ws/build/joystick_ros2/share/joystick_ros2/hook/pythonpath_develop.ps1'
[3.501s] INFO:colcon.colcon_core.shell:Creating environment descriptor '/home/dj/MREN203/main/mren203-ws/build/joystick_ros2/share/joystick_ros2/hook/pythonpath_develop.dsv'
[3.501s] INFO:colcon.colcon_core.shell:Creating environment hook '/home/dj/MREN203/main/mren203-ws/build/joystick_ros2/share/joystick_ros2/hook/pythonpath_develop.sh'
[3.529s] Level 1:colcon.colcon_core.environment:checking '/home/dj/MREN203/main/mren203-ws/install/joystick_ros2' for CMake module files
[3.530s] Level 1:colcon.colcon_core.environment:checking '/home/dj/MREN203/main/mren203-ws/install/joystick_ros2' for CMake config files
[3.531s] Level 1:colcon.colcon_core.environment:checking '/home/dj/MREN203/main/mren203-ws/install/joystick_ros2/lib'
[3.531s] Level 1:colcon.colcon_core.environment:checking '/home/dj/MREN203/main/mren203-ws/install/joystick_ros2/bin'
[3.531s] Level 1:colcon.colcon_core.environment:checking '/home/dj/MREN203/main/mren203-ws/install/joystick_ros2/lib/pkgconfig/joystick_ros2.pc'
[3.531s] Level 1:colcon.colcon_core.environment:checking '/home/dj/MREN203/main/mren203-ws/install/joystick_ros2/lib/python3.10/site-packages'
[3.531s] Level 1:colcon.colcon_core.shell:create_environment_hook('joystick_ros2', 'pythonpath')
[3.561s] INFO:colcon.colcon_core.shell:Creating environment hook '/home/dj/MREN203/main/mren203-ws/install/joystick_ros2/share/joystick_ros2/hook/pythonpath.ps1'
[3.561s] INFO:colcon.colcon_core.shell:Creating environment descriptor '/home/dj/MREN203/main/mren203-ws/install/joystick_ros2/share/joystick_ros2/hook/pythonpath.dsv'
[3.562s] INFO:colcon.colcon_core.shell:Creating environment hook '/home/dj/MREN203/main/mren203-ws/install/joystick_ros2/share/joystick_ros2/hook/pythonpath.sh'
[3.562s] Level 1:colcon.colcon_core.environment:checking '/home/dj/MREN203/main/mren203-ws/install/joystick_ros2/bin'
[3.562s] Level 1:colcon.colcon_core.environment:create_environment_scripts_only(joystick_ros2)
[3.597s] INFO:colcon.colcon_core.shell:Creating package script '/home/dj/MREN203/main/mren203-ws/install/joystick_ros2/share/joystick_ros2/package.ps1'
[3.598s] INFO:colcon.colcon_core.shell:Creating package descriptor '/home/dj/MREN203/main/mren203-ws/install/joystick_ros2/share/joystick_ros2/package.dsv'
[3.598s] INFO:colcon.colcon_core.shell:Creating package script '/home/dj/MREN203/main/mren203-ws/install/joystick_ros2/share/joystick_ros2/package.sh'
[3.599s] INFO:colcon.colcon_core.shell:Creating package script '/home/dj/MREN203/main/mren203-ws/install/joystick_ros2/share/joystick_ros2/package.bash'
[3.599s] INFO:colcon.colcon_core.shell:Creating package script '/home/dj/MREN203/main/mren203-ws/install/joystick_ros2/share/joystick_ros2/package.zsh'
[3.599s] Level 1:colcon.colcon_core.environment:create_file_with_runtime_dependencies(/home/dj/MREN203/main/mren203-ws/install/joystick_ros2/share/colcon-core/packages/joystick_ros2)
[5.463s] DEBUG:colcon.colcon_core.event_handler.log_command:Invoked command in '/home/dj/MREN203/main/mren203-ws/build/steve_msgs' returned '0': CMAKE_PREFIX_PATH=${CMAKE_PREFIX_PATH}:/home/dj/MREN203/main/mren203-ws/install/testing:/home/dj/MREN203/main/mren203-ws/install/steve_ui:/home/dj/MREN203/main/mren203-ws/install/motor_control:/home/dj/MREN203/main/mren203-ws/install/joystick_ros2:/opt/ros/humble /usr/bin/cmake --build /home/dj/MREN203/main/mren203-ws/build/steve_msgs -- -j16 -l16
[5.634s] DEBUG:colcon.colcon_core.event_handler.log_command:Invoking command in '/home/dj/MREN203/main/mren203-ws/build/steve_msgs': CMAKE_PREFIX_PATH=${CMAKE_PREFIX_PATH}:/home/dj/MREN203/main/mren203-ws/install/testing:/home/dj/MREN203/main/mren203-ws/install/steve_ui:/home/dj/MREN203/main/mren203-ws/install/motor_control:/home/dj/MREN203/main/mren203-ws/install/joystick_ros2:/opt/ros/humble /usr/bin/cmake --install /home/dj/MREN203/main/mren203-ws/build/steve_msgs
[6.594s] Level 1:colcon.colcon_core.environment:create_environment_scripts_only(steve_msgs)
[6.595s] DEBUG:colcon.colcon_core.event_handler.log_command:Invoked command in '/home/dj/MREN203/main/mren203-ws/build/steve_msgs' returned '0': CMAKE_PREFIX_PATH=${CMAKE_PREFIX_PATH}:/home/dj/MREN203/main/mren203-ws/install/testing:/home/dj/MREN203/main/mren203-ws/install/steve_ui:/home/dj/MREN203/main/mren203-ws/install/motor_control:/home/dj/MREN203/main/mren203-ws/install/joystick_ros2:/opt/ros/humble /usr/bin/cmake --install /home/dj/MREN203/main/mren203-ws/build/steve_msgs
[6.621s] Level 1:colcon.colcon_core.environment:checking '/home/dj/MREN203/main/mren203-ws/install/steve_msgs' for CMake module files
[6.621s] Level 1:colcon.colcon_core.environment:checking '/home/dj/MREN203/main/mren203-ws/install/steve_msgs' for CMake config files
[6.622s] Level 1:colcon.colcon_core.shell:create_environment_hook('steve_msgs', 'cmake_prefix_path')
[6.643s] INFO:colcon.colcon_core.shell:Creating environment hook '/home/dj/MREN203/main/mren203-ws/install/steve_msgs/share/steve_msgs/hook/cmake_prefix_path.ps1'
[6.644s] INFO:colcon.colcon_core.shell:Creating environment descriptor '/home/dj/MREN203/main/mren203-ws/install/steve_msgs/share/steve_msgs/hook/cmake_prefix_path.dsv'
[6.644s] INFO:colcon.colcon_core.shell:Creating environment hook '/home/dj/MREN203/main/mren203-ws/install/steve_msgs/share/steve_msgs/hook/cmake_prefix_path.sh'
[6.644s] Level 1:colcon.colcon_core.environment:checking '/home/dj/MREN203/main/mren203-ws/install/steve_msgs/lib'
[6.644s] Level 1:colcon.colcon_core.shell:create_environment_hook('steve_msgs', 'ld_library_path_lib')
[6.658s] INFO:colcon.colcon_core.shell:Creating environment hook '/home/dj/MREN203/main/mren203-ws/install/steve_msgs/share/steve_msgs/hook/ld_library_path_lib.ps1'
[6.659s] INFO:colcon.colcon_core.shell:Creating environment descriptor '/home/dj/MREN203/main/mren203-ws/install/steve_msgs/share/steve_msgs/hook/ld_library_path_lib.dsv'
[6.659s] INFO:colcon.colcon_core.shell:Creating environment hook '/home/dj/MREN203/main/mren203-ws/install/steve_msgs/share/steve_msgs/hook/ld_library_path_lib.sh'
[6.659s] Level 1:colcon.colcon_core.environment:checking '/home/dj/MREN203/main/mren203-ws/install/steve_msgs/bin'
[6.659s] Level 1:colcon.colcon_core.environment:checking '/home/dj/MREN203/main/mren203-ws/install/steve_msgs/lib/pkgconfig/steve_msgs.pc'
[6.659s] Level 1:colcon.colcon_core.environment:checking '/home/dj/MREN203/main/mren203-ws/install/steve_msgs/lib/python3.10/site-packages'
[6.659s] Level 1:colcon.colcon_core.environment:checking '/home/dj/MREN203/main/mren203-ws/install/steve_msgs/bin'
[6.673s] INFO:colcon.colcon_core.shell:Creating package script '/home/dj/MREN203/main/mren203-ws/install/steve_msgs/share/steve_msgs/package.ps1'
[6.673s] INFO:colcon.colcon_core.shell:Creating package descriptor '/home/dj/MREN203/main/mren203-ws/install/steve_msgs/share/steve_msgs/package.dsv'
[6.674s] INFO:colcon.colcon_core.shell:Creating package script '/home/dj/MREN203/main/mren203-ws/install/steve_msgs/share/steve_msgs/package.sh'
[6.674s] INFO:colcon.colcon_core.shell:Creating package script '/home/dj/MREN203/main/mren203-ws/install/steve_msgs/share/steve_msgs/package.bash'
[6.674s] INFO:colcon.colcon_core.shell:Creating package script '/home/dj/MREN203/main/mren203-ws/install/steve_msgs/share/steve_msgs/package.zsh'
[6.675s] Level 1:colcon.colcon_core.environment:create_file_with_runtime_dependencies(/home/dj/MREN203/main/mren203-ws/install/steve_msgs/share/colcon-core/packages/steve_msgs)
[6.862s] Level 1:colcon.colcon_core.environment:create_environment_scripts_only(steve_msgs)
[6.876s] Level 1:colcon.colcon_core.environment:checking '/home/dj/MREN203/main/mren203-ws/install/steve_msgs' for CMake module files
[6.877s] Level 1:colcon.colcon_core.environment:checking '/home/dj/MREN203/main/mren203-ws/install/steve_msgs' for CMake config files
[6.877s] Level 1:colcon.colcon_core.shell:create_environment_hook('steve_msgs', 'cmake_prefix_path')
[6.891s] INFO:colcon.colcon_core.shell:Creating environment hook '/home/dj/MREN203/main/mren203-ws/install/steve_msgs/share/steve_msgs/hook/cmake_prefix_path.ps1'
[6.891s] INFO:colcon.colcon_core.shell:Creating environment descriptor '/home/dj/MREN203/main/mren203-ws/install/steve_msgs/share/steve_msgs/hook/cmake_prefix_path.dsv'
[6.892s] INFO:colcon.colcon_core.shell:Creating environment hook '/home/dj/MREN203/main/mren203-ws/install/steve_msgs/share/steve_msgs/hook/cmake_prefix_path.sh'
[6.892s] Level 1:colcon.colcon_core.environment:checking '/home/dj/MREN203/main/mren203-ws/install/steve_msgs/lib'
[6.892s] Level 1:colcon.colcon_core.shell:create_environment_hook('steve_msgs', 'ld_library_path_lib')
[6.906s] INFO:colcon.colcon_core.shell:Creating environment hook '/home/dj/MREN203/main/mren203-ws/install/steve_msgs/share/steve_msgs/hook/ld_library_path_lib.ps1'
[6.906s] INFO:colcon.colcon_core.shell:Creating environment descriptor '/home/dj/MREN203/main/mren203-ws/install/steve_msgs/share/steve_msgs/hook/ld_library_path_lib.dsv'
[6.906s] INFO:colcon.colcon_core.shell:Creating environment hook '/home/dj/MREN203/main/mren203-ws/install/steve_msgs/share/steve_msgs/hook/ld_library_path_lib.sh'
[6.907s] Level 1:colcon.colcon_core.environment:checking '/home/dj/MREN203/main/mren203-ws/install/steve_msgs/bin'
[6.907s] Level 1:colcon.colcon_core.environment:checking '/home/dj/MREN203/main/mren203-ws/install/steve_msgs/lib/pkgconfig/steve_msgs.pc'
[6.907s] Level 1:colcon.colcon_core.environment:checking '/home/dj/MREN203/main/mren203-ws/install/steve_msgs/lib/python3.10/site-packages'
[6.907s] Level 1:colcon.colcon_core.environment:checking '/home/dj/MREN203/main/mren203-ws/install/steve_msgs/bin'
[6.921s] INFO:colcon.colcon_core.shell:Creating package script '/home/dj/MREN203/main/mren203-ws/install/steve_msgs/share/steve_msgs/package.ps1'
[6.921s] INFO:colcon.colcon_core.shell:Creating package descriptor '/home/dj/MREN203/main/mren203-ws/install/steve_msgs/share/steve_msgs/package.dsv'
[6.921s] INFO:colcon.colcon_core.shell:Creating package script '/home/dj/MREN203/main/mren203-ws/install/steve_msgs/share/steve_msgs/package.sh'
[6.922s] INFO:colcon.colcon_core.shell:Creating package script '/home/dj/MREN203/main/mren203-ws/install/steve_msgs/share/steve_msgs/package.bash'
[6.922s] INFO:colcon.colcon_core.shell:Creating package script '/home/dj/MREN203/main/mren203-ws/install/steve_msgs/share/steve_msgs/package.zsh'
[6.922s] Level 1:colcon.colcon_core.environment:create_file_with_runtime_dependencies(/home/dj/MREN203/main/mren203-ws/install/steve_msgs/share/colcon-core/packages/steve_msgs)
[6.922s] INFO:colcon.colcon_ros.task.ament_python.build:Building ROS package in '/home/dj/MREN203/main/mren203-ws/src/motor_control' with build type 'ament_python'
[6.923s] Level 1:colcon.colcon_core.shell:create_environment_hook('motor_control', 'ament_prefix_path')
[6.937s] INFO:colcon.colcon_core.shell:Creating environment hook '/home/dj/MREN203/main/mren203-ws/install/motor_control/share/motor_control/hook/ament_prefix_path.ps1'
[6.937s] INFO:colcon.colcon_core.shell:Creating environment descriptor '/home/dj/MREN203/main/mren203-ws/install/motor_control/share/motor_control/hook/ament_prefix_path.dsv'
[6.938s] INFO:colcon.colcon_core.shell:Creating environment hook '/home/dj/MREN203/main/mren203-ws/install/motor_control/share/motor_control/hook/ament_prefix_path.sh'
[6.952s] INFO:colcon.colcon_core.shell:Skip shell extension 'powershell' for command environment: Not usable outside of PowerShell
[6.952s] DEBUG:colcon.colcon_core.shell:Skip shell extension 'dsv' for command environment
[6.996s] INFO:colcon.colcon_ros.task.ament_python.build:Building ROS package in '/home/dj/MREN203/main/mren203-ws/src/steve_ui' with build type 'ament_python'
[6.997s] Level 1:colcon.colcon_core.shell:create_environment_hook('steve_ui', 'ament_prefix_path')
[7.011s] INFO:colcon.colcon_core.shell:Creating environment hook '/home/dj/MREN203/main/mren203-ws/install/steve_ui/share/steve_ui/hook/ament_prefix_path.ps1'
[7.011s] INFO:colcon.colcon_core.shell:Creating environment descriptor '/home/dj/MREN203/main/mren203-ws/install/steve_ui/share/steve_ui/hook/ament_prefix_path.dsv'
[7.011s] INFO:colcon.colcon_core.shell:Creating environment hook '/home/dj/MREN203/main/mren203-ws/install/steve_ui/share/steve_ui/hook/ament_prefix_path.sh'
[7.026s] INFO:colcon.colcon_core.shell:Skip shell extension 'powershell' for command environment: Not usable outside of PowerShell
[7.026s] DEBUG:colcon.colcon_core.shell:Skip shell extension 'dsv' for command environment
[7.225s] INFO:colcon.colcon_core.task.python.build:Building Python package in '/home/dj/MREN203/main/mren203-ws/src/motor_control'
[7.240s] INFO:colcon.colcon_core.shell:Skip shell extension 'powershell' for command environment: Not usable outside of PowerShell
[7.240s] DEBUG:colcon.colcon_core.shell:Skip shell extension 'dsv' for command environment
[7.435s] INFO:colcon.colcon_core.task.python.build:Building Python package in '/home/dj/MREN203/main/mren203-ws/src/steve_ui'
[7.450s] INFO:colcon.colcon_core.shell:Skip shell extension 'powershell' for command environment: Not usable outside of PowerShell
[7.450s] DEBUG:colcon.colcon_core.shell:Skip shell extension 'dsv' for command environment
[8.013s] DEBUG:colcon.colcon_core.event_handler.log_command:Invoking command in '/home/dj/MREN203/main/mren203-ws/build/steve_ui': PYTHONPATH=/home/dj/MREN203/main/mren203-ws/build/steve_ui/prefix_override:/home/dj/MREN203/main/mren203-ws/install/steve_ui/lib/python3.10/site-packages:${PYTHONPATH} /usr/bin/python3 setup.py develop --editable --build-directory /home/dj/MREN203/main/mren203-ws/build/steve_ui/build --no-deps install_data
[8.024s] DEBUG:colcon.colcon_core.event_handler.log_command:Invoking command in '/home/dj/MREN203/main/mren203-ws/build/motor_control': PYTHONPATH=/home/dj/MREN203/main/mren203-ws/build/motor_control/prefix_override:/home/dj/MREN203/main/mren203-ws/install/motor_control/lib/python3.10/site-packages:${PYTHONPATH} /usr/bin/python3 setup.py develop --editable --build-directory /home/dj/MREN203/main/mren203-ws/build/motor_control/build --no-deps install_data
[8.635s] Level 1:colcon.colcon_core.shell:create_environment_hook('steve_ui', 'pythonpath_develop')
[8.636s] DEBUG:colcon.colcon_core.event_handler.log_command:Invoked command in '/home/dj/MREN203/main/mren203-ws/build/steve_ui' returned '0': PYTHONPATH=/home/dj/MREN203/main/mren203-ws/build/steve_ui/prefix_override:/home/dj/MREN203/main/mren203-ws/install/steve_ui/lib/python3.10/site-packages:${PYTHONPATH} /usr/bin/python3 setup.py develop --editable --build-directory /home/dj/MREN203/main/mren203-ws/build/steve_ui/build --no-deps install_data
[8.650s] INFO:colcon.colcon_core.shell:Creating environment hook '/home/dj/MREN203/main/mren203-ws/build/steve_ui/share/steve_ui/hook/pythonpath_develop.ps1'
[8.651s] INFO:colcon.colcon_core.shell:Creating environment descriptor '/home/dj/MREN203/main/mren203-ws/build/steve_ui/share/steve_ui/hook/pythonpath_develop.dsv'
[8.651s] INFO:colcon.colcon_core.shell:Creating environment hook '/home/dj/MREN203/main/mren203-ws/build/steve_ui/share/steve_ui/hook/pythonpath_develop.sh'
[8.665s] Level 1:colcon.colcon_core.environment:checking '/home/dj/MREN203/main/mren203-ws/install/steve_ui' for CMake module files
[8.666s] Level 1:colcon.colcon_core.environment:checking '/home/dj/MREN203/main/mren203-ws/install/steve_ui' for CMake config files
[8.666s] Level 1:colcon.colcon_core.environment:checking '/home/dj/MREN203/main/mren203-ws/install/steve_ui/lib'
[8.666s] Level 1:colcon.colcon_core.environment:checking '/home/dj/MREN203/main/mren203-ws/install/steve_ui/bin'
[8.666s] Level 1:colcon.colcon_core.environment:checking '/home/dj/MREN203/main/mren203-ws/install/steve_ui/lib/pkgconfig/steve_ui.pc'
[8.666s] Level 1:colcon.colcon_core.environment:checking '/home/dj/MREN203/main/mren203-ws/install/steve_ui/lib/python3.10/site-packages'
[8.666s] Level 1:colcon.colcon_core.shell:create_environment_hook('steve_ui', 'pythonpath')
[8.681s] INFO:colcon.colcon_core.shell:Creating environment hook '/home/dj/MREN203/main/mren203-ws/install/steve_ui/share/steve_ui/hook/pythonpath.ps1'
[8.681s] INFO:colcon.colcon_core.shell:Creating environment descriptor '/home/dj/MREN203/main/mren203-ws/install/steve_ui/share/steve_ui/hook/pythonpath.dsv'
[8.681s] INFO:colcon.colcon_core.shell:Creating environment hook '/home/dj/MREN203/main/mren203-ws/install/steve_ui/share/steve_ui/hook/pythonpath.sh'
[8.681s] Level 1:colcon.colcon_core.environment:checking '/home/dj/MREN203/main/mren203-ws/install/steve_ui/bin'
[8.681s] Level 1:colcon.colcon_core.environment:create_environment_scripts_only(steve_ui)
[8.696s] INFO:colcon.colcon_core.shell:Creating package script '/home/dj/MREN203/main/mren203-ws/install/steve_ui/share/steve_ui/package.ps1'
[8.696s] INFO:colcon.colcon_core.shell:Creating package descriptor '/home/dj/MREN203/main/mren203-ws/install/steve_ui/share/steve_ui/package.dsv'
[8.696s] INFO:colcon.colcon_core.shell:Creating package script '/home/dj/MREN203/main/mren203-ws/install/steve_ui/share/steve_ui/package.sh'
[8.697s] INFO:colcon.colcon_core.shell:Creating package script '/home/dj/MREN203/main/mren203-ws/install/steve_ui/share/steve_ui/package.bash'
[8.697s] INFO:colcon.colcon_core.shell:Creating package script '/home/dj/MREN203/main/mren203-ws/install/steve_ui/share/steve_ui/package.zsh'
[8.697s] Level 1:colcon.colcon_core.environment:create_file_with_runtime_dependencies(/home/dj/MREN203/main/mren203-ws/install/steve_ui/share/colcon-core/packages/steve_ui)
[8.698s] Level 1:colcon.colcon_core.shell:create_environment_hook('motor_control', 'pythonpath_develop')
[8.699s] DEBUG:colcon.colcon_core.event_handler.log_command:Invoked command in '/home/dj/MREN203/main/mren203-ws/build/motor_control' returned '0': PYTHONPATH=/home/dj/MREN203/main/mren203-ws/build/motor_control/prefix_override:/home/dj/MREN203/main/mren203-ws/install/motor_control/lib/python3.10/site-packages:${PYTHONPATH} /usr/bin/python3 setup.py develop --editable --build-directory /home/dj/MREN203/main/mren203-ws/build/motor_control/build --no-deps install_data
[8.713s] INFO:colcon.colcon_core.shell:Creating environment hook '/home/dj/MREN203/main/mren203-ws/build/motor_control/share/motor_control/hook/pythonpath_develop.ps1'
[8.713s] INFO:colcon.colcon_core.shell:Creating environment descriptor '/home/dj/MREN203/main/mren203-ws/build/motor_control/share/motor_control/hook/pythonpath_develop.dsv'
[8.714s] INFO:colcon.colcon_core.shell:Creating environment hook '/home/dj/MREN203/main/mren203-ws/build/motor_control/share/motor_control/hook/pythonpath_develop.sh'
[8.728s] Level 1:colcon.colcon_core.environment:checking '/home/dj/MREN203/main/mren203-ws/install/motor_control' for CMake module files
[8.729s] Level 1:colcon.colcon_core.environment:checking '/home/dj/MREN203/main/mren203-ws/install/motor_control' for CMake config files
[8.729s] Level 1:colcon.colcon_core.environment:checking '/home/dj/MREN203/main/mren203-ws/install/motor_control/lib'
[8.729s] Level 1:colcon.colcon_core.environment:checking '/home/dj/MREN203/main/mren203-ws/install/motor_control/bin'
[8.729s] Level 1:colcon.colcon_core.environment:checking '/home/dj/MREN203/main/mren203-ws/install/motor_control/lib/pkgconfig/motor_control.pc'
[8.729s] Level 1:colcon.colcon_core.environment:checking '/home/dj/MREN203/main/mren203-ws/install/motor_control/lib/python3.10/site-packages'
[8.729s] Level 1:colcon.colcon_core.shell:create_environment_hook('motor_control', 'pythonpath')
[8.744s] INFO:colcon.colcon_core.shell:Creating environment hook '/home/dj/MREN203/main/mren203-ws/install/motor_control/share/motor_control/hook/pythonpath.ps1'
[8.744s] INFO:colcon.colcon_core.shell:Creating environment descriptor '/home/dj/MREN203/main/mren203-ws/install/motor_control/share/motor_control/hook/pythonpath.dsv'
[8.744s] INFO:colcon.colcon_core.shell:Creating environment hook '/home/dj/MREN203/main/mren203-ws/install/motor_control/share/motor_control/hook/pythonpath.sh'
[8.745s] Level 1:colcon.colcon_core.environment:checking '/home/dj/MREN203/main/mren203-ws/install/motor_control/bin'
[8.745s] Level 1:colcon.colcon_core.environment:create_environment_scripts_only(motor_control)
[8.759s] INFO:colcon.colcon_core.shell:Creating package script '/home/dj/MREN203/main/mren203-ws/install/motor_control/share/motor_control/package.ps1'
[8.759s] INFO:colcon.colcon_core.shell:Creating package descriptor '/home/dj/MREN203/main/mren203-ws/install/motor_control/share/motor_control/package.dsv'
[8.760s] INFO:colcon.colcon_core.shell:Creating package script '/home/dj/MREN203/main/mren203-ws/install/motor_control/share/motor_control/package.sh'
[8.760s] INFO:colcon.colcon_core.shell:Creating package script '/home/dj/MREN203/main/mren203-ws/install/motor_control/share/motor_control/package.bash'
[8.760s] INFO:colcon.colcon_core.shell:Creating package script '/home/dj/MREN203/main/mren203-ws/install/motor_control/share/motor_control/package.zsh'
[8.760s] Level 1:colcon.colcon_core.environment:create_file_with_runtime_dependencies(/home/dj/MREN203/main/mren203-ws/install/motor_control/share/colcon-core/packages/motor_control)
[9.947s] DEBUG:colcon.colcon_core.event_handler.log_command:Invoked command in '/home/dj/MREN203/main/mren203-ws/build/rplidar_ros' returned '0': CMAKE_PREFIX_PATH=${CMAKE_PREFIX_PATH}:/home/dj/MREN203/main/mren203-ws/install/testing:/home/dj/MREN203/main/mren203-ws/install/steve_ui:/home/dj/MREN203/main/mren203-ws/install/motor_control:/home/dj/MREN203/main/mren203-ws/install/joystick_ros2:/opt/ros/humble /usr/bin/cmake --build /home/dj/MREN203/main/mren203-ws/build/rplidar_ros -- -j16 -l16
[10.006s] DEBUG:colcon.colcon_core.event_handler.log_command:Invoking command in '/home/dj/MREN203/main/mren203-ws/build/rplidar_ros': CMAKE_PREFIX_PATH=${CMAKE_PREFIX_PATH}:/home/dj/MREN203/main/mren203-ws/install/testing:/home/dj/MREN203/main/mren203-ws/install/steve_ui:/home/dj/MREN203/main/mren203-ws/install/motor_control:/home/dj/MREN203/main/mren203-ws/install/joystick_ros2:/opt/ros/humble /usr/bin/cmake --install /home/dj/MREN203/main/mren203-ws/build/rplidar_ros
[10.272s] Level 1:colcon.colcon_core.environment:create_environment_scripts_only(rplidar_ros)
[10.273s] DEBUG:colcon.colcon_core.event_handler.log_command:Invoked command in '/home/dj/MREN203/main/mren203-ws/build/rplidar_ros' returned '0': CMAKE_PREFIX_PATH=${CMAKE_PREFIX_PATH}:/home/dj/MREN203/main/mren203-ws/install/testing:/home/dj/MREN203/main/mren203-ws/install/steve_ui:/home/dj/MREN203/main/mren203-ws/install/motor_control:/home/dj/MREN203/main/mren203-ws/install/joystick_ros2:/opt/ros/humble /usr/bin/cmake --install /home/dj/MREN203/main/mren203-ws/build/rplidar_ros
[10.287s] Level 1:colcon.colcon_core.environment:checking '/home/dj/MREN203/main/mren203-ws/install/rplidar_ros' for CMake module files
[10.287s] Level 1:colcon.colcon_core.environment:checking '/home/dj/MREN203/main/mren203-ws/install/rplidar_ros' for CMake config files
[10.287s] Level 1:colcon.colcon_core.shell:create_environment_hook('rplidar_ros', 'cmake_prefix_path')
[10.301s] INFO:colcon.colcon_core.shell:Creating environment hook '/home/dj/MREN203/main/mren203-ws/install/rplidar_ros/share/rplidar_ros/hook/cmake_prefix_path.ps1'
[10.301s] INFO:colcon.colcon_core.shell:Creating environment descriptor '/home/dj/MREN203/main/mren203-ws/install/rplidar_ros/share/rplidar_ros/hook/cmake_prefix_path.dsv'
[10.301s] INFO:colcon.colcon_core.shell:Creating environment hook '/home/dj/MREN203/main/mren203-ws/install/rplidar_ros/share/rplidar_ros/hook/cmake_prefix_path.sh'
[10.302s] Level 1:colcon.colcon_core.environment:checking '/home/dj/MREN203/main/mren203-ws/install/rplidar_ros/lib'
[10.302s] Level 1:colcon.colcon_core.shell:create_environment_hook('rplidar_ros', 'ld_library_path_lib')
[10.315s] INFO:colcon.colcon_core.shell:Creating environment hook '/home/dj/MREN203/main/mren203-ws/install/rplidar_ros/share/rplidar_ros/hook/ld_library_path_lib.ps1'
[10.316s] INFO:colcon.colcon_core.shell:Creating environment descriptor '/home/dj/MREN203/main/mren203-ws/install/rplidar_ros/share/rplidar_ros/hook/ld_library_path_lib.dsv'
[10.316s] INFO:colcon.colcon_core.shell:Creating environment hook '/home/dj/MREN203/main/mren203-ws/install/rplidar_ros/share/rplidar_ros/hook/ld_library_path_lib.sh'
[10.316s] Level 1:colcon.colcon_core.environment:checking '/home/dj/MREN203/main/mren203-ws/install/rplidar_ros/bin'
[10.316s] Level 1:colcon.colcon_core.environment:checking '/home/dj/MREN203/main/mren203-ws/install/rplidar_ros/lib/pkgconfig/rplidar_ros.pc'
[10.316s] Level 1:colcon.colcon_core.environment:checking '/home/dj/MREN203/main/mren203-ws/install/rplidar_ros/lib/python3.10/site-packages'
[10.316s] Level 1:colcon.colcon_core.environment:checking '/home/dj/MREN203/main/mren203-ws/install/rplidar_ros/bin'
[10.330s] INFO:colcon.colcon_core.shell:Creating package script '/home/dj/MREN203/main/mren203-ws/install/rplidar_ros/share/rplidar_ros/package.ps1'
[10.330s] INFO:colcon.colcon_core.shell:Creating package descriptor '/home/dj/MREN203/main/mren203-ws/install/rplidar_ros/share/rplidar_ros/package.dsv'
[10.331s] INFO:colcon.colcon_core.shell:Creating package script '/home/dj/MREN203/main/mren203-ws/install/rplidar_ros/share/rplidar_ros/package.sh'
[10.331s] INFO:colcon.colcon_core.shell:Creating package script '/home/dj/MREN203/main/mren203-ws/install/rplidar_ros/share/rplidar_ros/package.bash'
[10.331s] INFO:colcon.colcon_core.shell:Creating package script '/home/dj/MREN203/main/mren203-ws/install/rplidar_ros/share/rplidar_ros/package.zsh'
[10.331s] Level 1:colcon.colcon_core.environment:create_file_with_runtime_dependencies(/home/dj/MREN203/main/mren203-ws/install/rplidar_ros/share/colcon-core/packages/rplidar_ros)
[10.400s] Level 1:colcon.colcon_core.environment:create_environment_scripts_only(rplidar_ros)
[10.414s] Level 1:colcon.colcon_core.environment:checking '/home/dj/MREN203/main/mren203-ws/install/rplidar_ros' for CMake module files
[10.414s] Level 1:colcon.colcon_core.environment:checking '/home/dj/MREN203/main/mren203-ws/install/rplidar_ros' for CMake config files
[10.414s] Level 1:colcon.colcon_core.shell:create_environment_hook('rplidar_ros', 'cmake_prefix_path')
[10.428s] INFO:colcon.colcon_core.shell:Creating environment hook '/home/dj/MREN203/main/mren203-ws/install/rplidar_ros/share/rplidar_ros/hook/cmake_prefix_path.ps1'
[10.428s] INFO:colcon.colcon_core.shell:Creating environment descriptor '/home/dj/MREN203/main/mren203-ws/install/rplidar_ros/share/rplidar_ros/hook/cmake_prefix_path.dsv'
[10.428s] INFO:colcon.colcon_core.shell:Creating environment hook '/home/dj/MREN203/main/mren203-ws/install/rplidar_ros/share/rplidar_ros/hook/cmake_prefix_path.sh'
[10.428s] Level 1:colcon.colcon_core.environment:checking '/home/dj/MREN203/main/mren203-ws/install/rplidar_ros/lib'
[10.429s] Level 1:colcon.colcon_core.shell:create_environment_hook('rplidar_ros', 'ld_library_path_lib')
[10.442s] INFO:colcon.colcon_core.shell:Creating environment hook '/home/dj/MREN203/main/mren203-ws/install/rplidar_ros/share/rplidar_ros/hook/ld_library_path_lib.ps1'
[10.442s] INFO:colcon.colcon_core.shell:Creating environment descriptor '/home/dj/MREN203/main/mren203-ws/install/rplidar_ros/share/rplidar_ros/hook/ld_library_path_lib.dsv'
[10.443s] INFO:colcon.colcon_core.shell:Creating environment hook '/home/dj/MREN203/main/mren203-ws/install/rplidar_ros/share/rplidar_ros/hook/ld_library_path_lib.sh'
[10.443s] Level 1:colcon.colcon_core.environment:checking '/home/dj/MREN203/main/mren203-ws/install/rplidar_ros/bin'
[10.443s] Level 1:colcon.colcon_core.environment:checking '/home/dj/MREN203/main/mren203-ws/install/rplidar_ros/lib/pkgconfig/rplidar_ros.pc'
[10.443s] Level 1:colcon.colcon_core.environment:checking '/home/dj/MREN203/main/mren203-ws/install/rplidar_ros/lib/python3.10/site-packages'
[10.443s] Level 1:colcon.colcon_core.environment:checking '/home/dj/MREN203/main/mren203-ws/install/rplidar_ros/bin'
[10.457s] INFO:colcon.colcon_core.shell:Creating package script '/home/dj/MREN203/main/mren203-ws/install/rplidar_ros/share/rplidar_ros/package.ps1'
[10.457s] INFO:colcon.colcon_core.shell:Creating package descriptor '/home/dj/MREN203/main/mren203-ws/install/rplidar_ros/share/rplidar_ros/package.dsv'
[10.458s] INFO:colcon.colcon_core.shell:Creating package script '/home/dj/MREN203/main/mren203-ws/install/rplidar_ros/share/rplidar_ros/package.sh'
[10.458s] INFO:colcon.colcon_core.shell:Creating package script '/home/dj/MREN203/main/mren203-ws/install/rplidar_ros/share/rplidar_ros/package.bash'
[10.458s] INFO:colcon.colcon_core.shell:Creating package script '/home/dj/MREN203/main/mren203-ws/install/rplidar_ros/share/rplidar_ros/package.zsh'
[10.459s] Level 1:colcon.colcon_core.environment:create_file_with_runtime_dependencies(/home/dj/MREN203/main/mren203-ws/install/rplidar_ros/share/colcon-core/packages/rplidar_ros)
[10.459s] DEBUG:colcon.colcon_parallel_executor.executor.parallel:closing loop
[10.459s] DEBUG:colcon.colcon_parallel_executor.executor.parallel:loop closed
[10.459s] DEBUG:colcon.colcon_parallel_executor.executor.parallel:run_until_complete finished with '0'
[10.459s] DEBUG:colcon.colcon_core.event_reactor:joining thread
[10.477s] INFO:colcon.colcon_core.plugin_system:Skipping extension 'colcon_notification.desktop_notification.terminal_notifier': Not used on non-Darwin systems
[10.477s] INFO:colcon.colcon_core.plugin_system:Skipping extension 'colcon_notification.desktop_notification.win32': Not used on non-Windows systems
[10.477s] INFO:colcon.colcon_notification.desktop_notification:Sending desktop notification using 'notify2'
[10.487s] DEBUG:colcon.colcon_core.event_reactor:joined thread
[10.502s] INFO:colcon.colcon_core.shell:Creating prefix script '/home/dj/MREN203/main/mren203-ws/install/local_setup.ps1'
[10.502s] INFO:colcon.colcon_core.shell:Creating prefix util module '/home/dj/MREN203/main/mren203-ws/install/_local_setup_util_ps1.py'
[10.503s] INFO:colcon.colcon_core.shell:Creating prefix chain script '/home/dj/MREN203/main/mren203-ws/install/setup.ps1'
[10.518s] INFO:colcon.colcon_core.shell:Creating prefix script '/home/dj/MREN203/main/mren203-ws/install/local_setup.sh'
[10.518s] INFO:colcon.colcon_core.shell:Creating prefix util module '/home/dj/MREN203/main/mren203-ws/install/_local_setup_util_sh.py'
[10.519s] INFO:colcon.colcon_core.shell:Creating prefix chain script '/home/dj/MREN203/main/mren203-ws/install/setup.sh'
[10.533s] INFO:colcon.colcon_core.shell:Creating prefix script '/home/dj/MREN203/main/mren203-ws/install/local_setup.bash'
[10.533s] INFO:colcon.colcon_core.shell:Creating prefix chain script '/home/dj/MREN203/main/mren203-ws/install/setup.bash'
[10.548s] INFO:colcon.colcon_core.shell:Creating prefix script '/home/dj/MREN203/main/mren203-ws/install/local_setup.zsh'
[10.548s] INFO:colcon.colcon_core.shell:Creating prefix chain script '/home/dj/MREN203/main/mren203-ws/install/setup.zsh'
