[0.858s] Invoking command in '/home/dj/MREN203/mren203-ws/build/joystick_ros2': PYTHONPATH=/home/dj/MREN203/mren203-ws/build/joystick_ros2/prefix_override:/home/dj/MREN203/mren203-ws/install/joystick_ros2/lib/python3.10/site-packages:${PYTHONPATH} /usr/bin/python3 setup.py develop --editable --build-directory /home/dj/MREN203/mren203-ws/build/joystick_ros2/build --no-deps install_data
[1.059s] running develop
[1.191s] running egg_info
[1.191s] creating joystick_ros2.egg-info
[1.191s] writing joystick_ros2.egg-info/PKG-INFO
[1.191s] writing dependency_links to joystick_ros2.egg-info/dependency_links.txt
[1.191s] writing entry points to joystick_ros2.egg-info/entry_points.txt
[1.191s] writing requirements to joystick_ros2.egg-info/requires.txt
[1.191s] writing top-level names to joystick_ros2.egg-info/top_level.txt
[1.192s] writing manifest file 'joystick_ros2.egg-info/SOURCES.txt'
[1.192s] reading manifest file 'joystick_ros2.egg-info/SOURCES.txt'
[1.193s] writing manifest file 'joystick_ros2.egg-info/SOURCES.txt'
[1.194s] running build_ext
[1.194s] Creating /home/dj/MREN203/mren203-ws/install/joystick_ros2/lib/python3.10/site-packages/joystick-ros2.egg-link (link to .)
[1.195s] Installing joystick_ros2 script to /home/dj/MREN203/mren203-ws/install/joystick_ros2/lib/joystick_ros2
[1.195s] 
[1.195s] Installed /home/dj/MREN203/mren203-ws/build/joystick_ros2
[1.195s] running install_data
[1.195s] creating /home/dj/MREN203/mren203-ws/install/joystick_ros2/share/ament_index
[1.195s] creating /home/dj/MREN203/mren203-ws/install/joystick_ros2/share/ament_index/resource_index
[1.195s] creating /home/dj/MREN203/mren203-ws/install/joystick_ros2/share/ament_index/resource_index/packages
[1.195s] copying resource/joystick_ros2 -> /home/dj/MREN203/mren203-ws/install/joystick_ros2/share/ament_index/resource_index/packages
[1.195s] creating /home/dj/MREN203/mren203-ws/install/joystick_ros2/shared
[1.196s] creating /home/dj/MREN203/mren203-ws/install/joystick_ros2/shared/joystick_ros2
[1.196s] copying package.xml -> /home/dj/MREN203/mren203-ws/install/joystick_ros2/shared/joystick_ros2
[1.281s] Invoked command in '/home/dj/MREN203/mren203-ws/build/joystick_ros2' returned '0': PYTHONPATH=/home/dj/MREN203/mren203-ws/build/joystick_ros2/prefix_override:/home/dj/MREN203/mren203-ws/install/joystick_ros2/lib/python3.10/site-packages:${PYTHONPATH} /usr/bin/python3 setup.py develop --editable --build-directory /home/dj/MREN203/mren203-ws/build/joystick_ros2/build --no-deps install_data
