[5.308s] Invoking command in '/home/steve/mren203-ws/build/motor_control': PYTHONPATH=/home/steve/mren203-ws/build/motor_control/prefix_override:/home/steve/mren203-ws/install/motor_control/lib/python3.10/site-packages:${PYTHONPATH} /usr/bin/python3 setup.py develop --editable --build-directory /home/steve/mren203-ws/build/motor_control/build --no-deps install_data
[6.575s] running develop
[6.576s] /usr/lib/python3/dist-packages/setuptools/command/easy_install.py:158: EasyInstallDeprecationWarning: easy_install command is deprecated. Use build and pip and other standards-based tools.
[6.577s]   warnings.warn(
[6.582s] /usr/lib/python3/dist-packages/setuptools/command/install.py:34: SetuptoolsDeprecationWarning: setup.py install is deprecated. Use build and pip and other standards-based tools.
[6.582s]   warnings.warn(
[7.401s] running egg_info
[7.402s] creating motor_control.egg-info
[7.403s] writing motor_control.egg-info/PKG-INFO
[7.405s] writing dependency_links to motor_control.egg-info/dependency_links.txt
[7.405s] writing entry points to motor_control.egg-info/entry_points.txt
[7.406s] writing requirements to motor_control.egg-info/requires.txt
[7.407s] writing top-level names to motor_control.egg-info/top_level.txt
[7.407s] writing manifest file 'motor_control.egg-info/SOURCES.txt'
[7.413s] reading manifest file 'motor_control.egg-info/SOURCES.txt'
[7.415s] writing manifest file 'motor_control.egg-info/SOURCES.txt'
[7.422s] running build_ext
[7.423s] Creating /home/steve/mren203-ws/install/motor_control/lib/python3.10/site-packages/motor-control.egg-link (link to .)
[7.433s] Installing motor_driver script to /home/steve/mren203-ws/install/motor_control/lib/motor_control
[7.440s] 
[7.442s] Installed /home/steve/mren203-ws/build/motor_control
[7.444s] running install_data
[7.446s] creating /home/steve/mren203-ws/install/motor_control/share/ament_index
[7.449s] creating /home/steve/mren203-ws/install/motor_control/share/ament_index/resource_index
[7.451s] creating /home/steve/mren203-ws/install/motor_control/share/ament_index/resource_index/packages
[7.453s] copying resource/motor_control -> /home/steve/mren203-ws/install/motor_control/share/ament_index/resource_index/packages
[7.455s] copying package.xml -> /home/steve/mren203-ws/install/motor_control/share/motor_control
[7.943s] Invoked command in '/home/steve/mren203-ws/build/motor_control' returned '0': PYTHONPATH=/home/steve/mren203-ws/build/motor_control/prefix_override:/home/steve/mren203-ws/install/motor_control/lib/python3.10/site-packages:${PYTHONPATH} /usr/bin/python3 setup.py develop --editable --build-directory /home/steve/mren203-ws/build/motor_control/build --no-deps install_data
