[5.743s] Invoking command in '/home/steve/mren203-ws/build/joystick_ros2': PYTHONPATH=/home/steve/mren203-ws/build/joystick_ros2/prefix_override:/home/steve/mren203-ws/install/joystick_ros2/lib/python3.10/site-packages:${PYTHONPATH} /usr/bin/python3 setup.py develop --editable --build-directory /home/steve/mren203-ws/build/joystick_ros2/build --no-deps install_data
[7.027s] running develop
[7.029s] /usr/lib/python3/dist-packages/setuptools/command/easy_install.py:158: EasyInstallDeprecationWarning: easy_install command is deprecated. Use build and pip and other standards-based tools.
[7.029s]   warnings.warn(
[7.035s] /usr/lib/python3/dist-packages/setuptools/command/install.py:34: SetuptoolsDeprecationWarning: setup.py install is deprecated. Use build and pip and other standards-based tools.
[7.036s]   warnings.warn(
[7.890s] running egg_info
[7.890s] writing joystick_ros2.egg-info/PKG-INFO
[7.892s] writing dependency_links to joystick_ros2.egg-info/dependency_links.txt
[7.893s] writing entry points to joystick_ros2.egg-info/entry_points.txt
[7.894s] writing requirements to joystick_ros2.egg-info/requires.txt
[7.895s] writing top-level names to joystick_ros2.egg-info/top_level.txt
[7.902s] reading manifest file 'joystick_ros2.egg-info/SOURCES.txt'
[7.906s] writing manifest file 'joystick_ros2.egg-info/SOURCES.txt'
[7.911s] running build_ext
[7.912s] Creating /home/steve/mren203-ws/install/joystick_ros2/lib/python3.10/site-packages/joystick-ros2.egg-link (link to .)
[7.916s] Installing joystick_ros2 script to /home/steve/mren203-ws/install/joystick_ros2/lib/joystick_ros2
[7.918s] 
[7.919s] Installed /home/steve/mren203-ws/build/joystick_ros2
[7.920s] running install_data
[8.122s] Invoked command in '/home/steve/mren203-ws/build/joystick_ros2' returned '0': PYTHONPATH=/home/steve/mren203-ws/build/joystick_ros2/prefix_override:/home/steve/mren203-ws/install/joystick_ros2/lib/python3.10/site-packages:${PYTHONPATH} /usr/bin/python3 setup.py develop --editable --build-directory /home/steve/mren203-ws/build/joystick_ros2/build --no-deps install_data
