[0.871s] DEBUG:colcon:Command line arguments: ['/usr/bin/colcon', 'build', '--symlink-install']
[0.871s] DEBUG:colcon:Parsed command line arguments: Namespace(log_base=None, log_level=None, verb_name='build', build_base='build', install_base='install', merge_install=False, symlink_install=True, test_result_base=None, continue_on_error=False, executor='parallel', parallel_workers=16, event_handlers=None, ignore_user_meta=False, metas=['./colcon.meta'], base_paths=['.'], packages_ignore=None, packages_ignore_regex=None, paths=None, packages_up_to=None, packages_up_to_regex=None, packages_above=None, packages_above_and_dependencies=None, packages_above_depth=None, packages_select_by_dep=None, packages_skip_by_dep=None, packages_skip_up_to=None, packages_select_build_failed=False, packages_skip_build_finished=False, packages_select_test_failures=False, packages_skip_test_passed=False, packages_select=None, packages_skip=None, packages_select_regex=None, packages_skip_regex=None, packages_start=None, packages_end=None, allow_overriding=[], cmake_args=None, cmake_target=None, cmake_target_skip_unavailable=False, cmake_clean_cache=False, cmake_clean_first=False, cmake_force_configure=False, ament_cmake_args=None, catkin_cmake_args=None, catkin_skip_building_tests=False, verb_parser=<colcon_defaults.argument_parser.defaults.DefaultArgumentsDecorator object at 0x77f1de889d80>, verb_extension=<colcon_core.verb.build.BuildVerb object at 0x77f1de8898d0>, main=<bound method BuildVerb.main of <colcon_core.verb.build.BuildVerb object at 0x77f1de8898d0>>)
[0.916s] Level 1:colcon.colcon_core.package_discovery:discover_packages(colcon_meta) check parameters
[0.916s] Level 1:colcon.colcon_core.package_discovery:discover_packages(recursive) check parameters
[0.916s] Level 1:colcon.colcon_core.package_discovery:discover_packages(ignore) check parameters
[0.916s] Level 1:colcon.colcon_core.package_discovery:discover_packages(path) check parameters
[0.916s] Level 1:colcon.colcon_core.package_discovery:discover_packages(colcon_meta) discover
[0.916s] Level 1:colcon.colcon_core.package_discovery:discover_packages(recursive) discover
[0.917s] INFO:colcon.colcon_core.package_discovery:Crawling recursively for packages in '/home/dj/MREN203/main/mren203-ws'
[0.917s] Level 1:colcon.colcon_core.package_identification:_identify(.) by extensions ['ignore', 'ignore_ament_install']
[0.917s] Level 1:colcon.colcon_core.package_identification:_identify(.) by extension 'ignore'
[0.917s] Level 1:colcon.colcon_core.package_identification:_identify(.) by extension 'ignore_ament_install'
[0.917s] Level 1:colcon.colcon_core.package_identification:_identify(.) by extensions ['colcon_pkg']
[0.917s] Level 1:colcon.colcon_core.package_identification:_identify(.) by extension 'colcon_pkg'
[0.917s] Level 1:colcon.colcon_core.package_identification:_identify(.) by extensions ['colcon_meta']
[0.917s] Level 1:colcon.colcon_core.package_identification:_identify(.) by extension 'colcon_meta'
[0.917s] Level 1:colcon.colcon_core.package_identification:_identify(.) by extensions ['ros']
[0.917s] Level 1:colcon.colcon_core.package_identification:_identify(.) by extension 'ros'
[0.953s] Level 1:colcon.colcon_core.package_identification:_identify(.) by extensions ['cmake', 'python']
[0.953s] Level 1:colcon.colcon_core.package_identification:_identify(.) by extension 'cmake'
[0.953s] Level 1:colcon.colcon_core.package_identification:_identify(.) by extension 'python'
[0.953s] Level 1:colcon.colcon_core.package_identification:_identify(.) by extensions ['python_setup_py']
[0.953s] Level 1:colcon.colcon_core.package_identification:_identify(.) by extension 'python_setup_py'
[0.953s] Level 1:colcon.colcon_core.package_identification:_identify(Arduino) by extensions ['ignore', 'ignore_ament_install']
[0.953s] Level 1:colcon.colcon_core.package_identification:_identify(Arduino) by extension 'ignore'
[0.953s] Level 1:colcon.colcon_core.package_identification:_identify(Arduino) ignored
[0.953s] Level 1:colcon.colcon_core.package_identification:_identify(Python) by extensions ['ignore', 'ignore_ament_install']
[0.954s] Level 1:colcon.colcon_core.package_identification:_identify(Python) by extension 'ignore'
[0.954s] Level 1:colcon.colcon_core.package_identification:_identify(Python) ignored
[0.954s] Level 1:colcon.colcon_core.package_identification:_identify(build) by extensions ['ignore', 'ignore_ament_install']
[0.954s] Level 1:colcon.colcon_core.package_identification:_identify(build) by extension 'ignore'
[0.954s] Level 1:colcon.colcon_core.package_identification:_identify(build) ignored
[0.954s] Level 1:colcon.colcon_core.package_identification:_identify(install) by extensions ['ignore', 'ignore_ament_install']
[0.954s] Level 1:colcon.colcon_core.package_identification:_identify(install) by extension 'ignore'
[0.954s] Level 1:colcon.colcon_core.package_identification:_identify(install) ignored
[0.954s] Level 1:colcon.colcon_core.package_identification:_identify(log) by extensions ['ignore', 'ignore_ament_install']
[0.954s] Level 1:colcon.colcon_core.package_identification:_identify(log) by extension 'ignore'
[0.954s] Level 1:colcon.colcon_core.package_identification:_identify(log) ignored
[0.954s] Level 1:colcon.colcon_core.package_identification:_identify(src) by extensions ['ignore', 'ignore_ament_install']
[0.954s] Level 1:colcon.colcon_core.package_identification:_identify(src) by extension 'ignore'
[0.954s] Level 1:colcon.colcon_core.package_identification:_identify(src) by extension 'ignore_ament_install'
[0.954s] Level 1:colcon.colcon_core.package_identification:_identify(src) by extensions ['colcon_pkg']
[0.954s] Level 1:colcon.colcon_core.package_identification:_identify(src) by extension 'colcon_pkg'
[0.954s] Level 1:colcon.colcon_core.package_identification:_identify(src) by extensions ['colcon_meta']
[0.954s] Level 1:colcon.colcon_core.package_identification:_identify(src) by extension 'colcon_meta'
[0.954s] Level 1:colcon.colcon_core.package_identification:_identify(src) by extensions ['ros']
[0.954s] Level 1:colcon.colcon_core.package_identification:_identify(src) by extension 'ros'
[0.954s] Level 1:colcon.colcon_core.package_identification:_identify(src) by extensions ['cmake', 'python']
[0.954s] Level 1:colcon.colcon_core.package_identification:_identify(src) by extension 'cmake'
[0.955s] Level 1:colcon.colcon_core.package_identification:_identify(src) by extension 'python'
[0.955s] Level 1:colcon.colcon_core.package_identification:_identify(src) by extensions ['python_setup_py']
[0.955s] Level 1:colcon.colcon_core.package_identification:_identify(src) by extension 'python_setup_py'
[0.955s] Level 1:colcon.colcon_core.package_identification:_identify(src/joystick_ros2) by extensions ['ignore', 'ignore_ament_install']
[0.955s] Level 1:colcon.colcon_core.package_identification:_identify(src/joystick_ros2) by extension 'ignore'
[0.955s] Level 1:colcon.colcon_core.package_identification:_identify(src/joystick_ros2) by extension 'ignore_ament_install'
[0.955s] Level 1:colcon.colcon_core.package_identification:_identify(src/joystick_ros2) by extensions ['colcon_pkg']
[0.955s] Level 1:colcon.colcon_core.package_identification:_identify(src/joystick_ros2) by extension 'colcon_pkg'
[0.955s] Level 1:colcon.colcon_core.package_identification:_identify(src/joystick_ros2) by extensions ['colcon_meta']
[0.955s] Level 1:colcon.colcon_core.package_identification:_identify(src/joystick_ros2) by extension 'colcon_meta'
[0.955s] Level 1:colcon.colcon_core.package_identification:_identify(src/joystick_ros2) by extensions ['ros']
[0.955s] Level 1:colcon.colcon_core.package_identification:_identify(src/joystick_ros2) by extension 'ros'
[0.956s] DEBUG:colcon.colcon_core.package_identification:Package 'src/joystick_ros2' with type 'ros.ament_python' and name 'joystick_ros2'
[0.957s] Level 1:colcon.colcon_core.package_identification:_identify(src/motor_control) by extensions ['ignore', 'ignore_ament_install']
[0.957s] Level 1:colcon.colcon_core.package_identification:_identify(src/motor_control) by extension 'ignore'
[0.957s] Level 1:colcon.colcon_core.package_identification:_identify(src/motor_control) by extension 'ignore_ament_install'
[0.957s] Level 1:colcon.colcon_core.package_identification:_identify(src/motor_control) by extensions ['colcon_pkg']
[0.957s] Level 1:colcon.colcon_core.package_identification:_identify(src/motor_control) by extension 'colcon_pkg'
[0.957s] Level 1:colcon.colcon_core.package_identification:_identify(src/motor_control) by extensions ['colcon_meta']
[0.957s] Level 1:colcon.colcon_core.package_identification:_identify(src/motor_control) by extension 'colcon_meta'
[0.957s] Level 1:colcon.colcon_core.package_identification:_identify(src/motor_control) by extensions ['ros']
[0.957s] Level 1:colcon.colcon_core.package_identification:_identify(src/motor_control) by extension 'ros'
[0.957s] DEBUG:colcon.colcon_core.package_identification:Package 'src/motor_control' with type 'ros.ament_python' and name 'motor_control'
[0.957s] Level 1:colcon.colcon_core.package_identification:_identify(src/my_bot) by extensions ['ignore', 'ignore_ament_install']
[0.957s] Level 1:colcon.colcon_core.package_identification:_identify(src/my_bot) by extension 'ignore'
[0.957s] Level 1:colcon.colcon_core.package_identification:_identify(src/my_bot) by extension 'ignore_ament_install'
[0.958s] Level 1:colcon.colcon_core.package_identification:_identify(src/my_bot) by extensions ['colcon_pkg']
[0.958s] Level 1:colcon.colcon_core.package_identification:_identify(src/my_bot) by extension 'colcon_pkg'
[0.958s] Level 1:colcon.colcon_core.package_identification:_identify(src/my_bot) by extensions ['colcon_meta']
[0.958s] Level 1:colcon.colcon_core.package_identification:_identify(src/my_bot) by extension 'colcon_meta'
[0.958s] Level 1:colcon.colcon_core.package_identification:_identify(src/my_bot) by extensions ['ros']
[0.958s] Level 1:colcon.colcon_core.package_identification:_identify(src/my_bot) by extension 'ros'
[0.958s] DEBUG:colcon.colcon_core.package_identification:Package 'src/my_bot' with type 'ros.ament_cmake' and name 'my_bot'
[0.958s] Level 1:colcon.colcon_core.package_identification:_identify(src/rplidar_ros2) by extensions ['ignore', 'ignore_ament_install']
[0.958s] Level 1:colcon.colcon_core.package_identification:_identify(src/rplidar_ros2) by extension 'ignore'
[0.958s] Level 1:colcon.colcon_core.package_identification:_identify(src/rplidar_ros2) by extension 'ignore_ament_install'
[0.958s] Level 1:colcon.colcon_core.package_identification:_identify(src/rplidar_ros2) by extensions ['colcon_pkg']
[0.958s] Level 1:colcon.colcon_core.package_identification:_identify(src/rplidar_ros2) by extension 'colcon_pkg'
[0.958s] Level 1:colcon.colcon_core.package_identification:_identify(src/rplidar_ros2) by extensions ['colcon_meta']
[0.958s] Level 1:colcon.colcon_core.package_identification:_identify(src/rplidar_ros2) by extension 'colcon_meta'
[0.958s] Level 1:colcon.colcon_core.package_identification:_identify(src/rplidar_ros2) by extensions ['ros']
[0.958s] Level 1:colcon.colcon_core.package_identification:_identify(src/rplidar_ros2) by extension 'ros'
[0.959s] DEBUG:colcon.colcon_core.package_identification:Package 'src/rplidar_ros2' with type 'ros.ament_cmake' and name 'rplidar_ros'
[0.959s] Level 1:colcon.colcon_core.package_identification:_identify(src/steve_launch) by extensions ['ignore', 'ignore_ament_install']
[0.959s] Level 1:colcon.colcon_core.package_identification:_identify(src/steve_launch) by extension 'ignore'
[0.959s] Level 1:colcon.colcon_core.package_identification:_identify(src/steve_launch) by extension 'ignore_ament_install'
[0.959s] Level 1:colcon.colcon_core.package_identification:_identify(src/steve_launch) by extensions ['colcon_pkg']
[0.959s] Level 1:colcon.colcon_core.package_identification:_identify(src/steve_launch) by extension 'colcon_pkg'
[0.959s] Level 1:colcon.colcon_core.package_identification:_identify(src/steve_launch) by extensions ['colcon_meta']
[0.959s] Level 1:colcon.colcon_core.package_identification:_identify(src/steve_launch) by extension 'colcon_meta'
[0.959s] Level 1:colcon.colcon_core.package_identification:_identify(src/steve_launch) by extensions ['ros']
[0.959s] Level 1:colcon.colcon_core.package_identification:_identify(src/steve_launch) by extension 'ros'
[0.959s] DEBUG:colcon.colcon_core.package_identification:Package 'src/steve_launch' with type 'ros.ament_cmake' and name 'steve_launch'
[0.959s] Level 1:colcon.colcon_core.package_identification:_identify(src/steve_msgs) by extensions ['ignore', 'ignore_ament_install']
[0.959s] Level 1:colcon.colcon_core.package_identification:_identify(src/steve_msgs) by extension 'ignore'
[0.959s] Level 1:colcon.colcon_core.package_identification:_identify(src/steve_msgs) by extension 'ignore_ament_install'
[0.960s] Level 1:colcon.colcon_core.package_identification:_identify(src/steve_msgs) by extensions ['colcon_pkg']
[0.960s] Level 1:colcon.colcon_core.package_identification:_identify(src/steve_msgs) by extension 'colcon_pkg'
[0.960s] Level 1:colcon.colcon_core.package_identification:_identify(src/steve_msgs) by extensions ['colcon_meta']
[0.960s] Level 1:colcon.colcon_core.package_identification:_identify(src/steve_msgs) by extension 'colcon_meta'
[0.960s] Level 1:colcon.colcon_core.package_identification:_identify(src/steve_msgs) by extensions ['ros']
[0.960s] Level 1:colcon.colcon_core.package_identification:_identify(src/steve_msgs) by extension 'ros'
[0.960s] DEBUG:colcon.colcon_core.package_identification:Package 'src/steve_msgs' with type 'ros.ament_cmake' and name 'steve_msgs'
[0.960s] Level 1:colcon.colcon_core.package_identification:_identify(src/steve_ui) by extensions ['ignore', 'ignore_ament_install']
[0.960s] Level 1:colcon.colcon_core.package_identification:_identify(src/steve_ui) by extension 'ignore'
[0.960s] Level 1:colcon.colcon_core.package_identification:_identify(src/steve_ui) by extension 'ignore_ament_install'
[0.960s] Level 1:colcon.colcon_core.package_identification:_identify(src/steve_ui) by extensions ['colcon_pkg']
[0.960s] Level 1:colcon.colcon_core.package_identification:_identify(src/steve_ui) by extension 'colcon_pkg'
[0.960s] Level 1:colcon.colcon_core.package_identification:_identify(src/steve_ui) by extensions ['colcon_meta']
[0.960s] Level 1:colcon.colcon_core.package_identification:_identify(src/steve_ui) by extension 'colcon_meta'
[0.960s] Level 1:colcon.colcon_core.package_identification:_identify(src/steve_ui) by extensions ['ros']
[0.960s] Level 1:colcon.colcon_core.package_identification:_identify(src/steve_ui) by extension 'ros'
[0.961s] DEBUG:colcon.colcon_core.package_identification:Package 'src/steve_ui' with type 'ros.ament_python' and name 'steve_ui'
[0.961s] Level 1:colcon.colcon_core.package_identification:_identify(src/testing) by extensions ['ignore', 'ignore_ament_install']
[0.961s] Level 1:colcon.colcon_core.package_identification:_identify(src/testing) by extension 'ignore'
[0.961s] Level 1:colcon.colcon_core.package_identification:_identify(src/testing) by extension 'ignore_ament_install'
[0.961s] Level 1:colcon.colcon_core.package_identification:_identify(src/testing) by extensions ['colcon_pkg']
[0.961s] Level 1:colcon.colcon_core.package_identification:_identify(src/testing) by extension 'colcon_pkg'
[0.961s] Level 1:colcon.colcon_core.package_identification:_identify(src/testing) by extensions ['colcon_meta']
[0.961s] Level 1:colcon.colcon_core.package_identification:_identify(src/testing) by extension 'colcon_meta'
[0.961s] Level 1:colcon.colcon_core.package_identification:_identify(src/testing) by extensions ['ros']
[0.961s] Level 1:colcon.colcon_core.package_identification:_identify(src/testing) by extension 'ros'
[0.961s] DEBUG:colcon.colcon_core.package_identification:Package 'src/testing' with type 'ros.ament_python' and name 'testing'
[0.961s] Level 1:colcon.colcon_core.package_discovery:discover_packages(recursive) using defaults
[0.961s] Level 1:colcon.colcon_core.package_discovery:discover_packages(ignore) discover
[0.961s] Level 1:colcon.colcon_core.package_discovery:discover_packages(ignore) using defaults
[0.961s] Level 1:colcon.colcon_core.package_discovery:discover_packages(path) discover
[0.961s] Level 1:colcon.colcon_core.package_discovery:discover_packages(path) using defaults
[1.053s] Level 1:colcon.colcon_core.package_discovery:discover_packages(prefix_path) check parameters
[1.053s] Level 1:colcon.colcon_core.package_discovery:discover_packages(prefix_path) discover
[1.082s] DEBUG:colcon.colcon_installed_package_information.package_discovery:Found 405 installed packages in /opt/ros/humble
[1.083s] Level 1:colcon.colcon_core.package_discovery:discover_packages(prefix_path) using defaults
[1.149s] Level 5:colcon.colcon_core.verb:set package 'joystick_ros2' build argument 'cmake_args' from command line to 'None'
[1.149s] Level 5:colcon.colcon_core.verb:set package 'joystick_ros2' build argument 'cmake_target' from command line to 'None'
[1.149s] Level 5:colcon.colcon_core.verb:set package 'joystick_ros2' build argument 'cmake_target_skip_unavailable' from command line to 'False'
[1.149s] Level 5:colcon.colcon_core.verb:set package 'joystick_ros2' build argument 'cmake_clean_cache' from command line to 'False'
[1.149s] Level 5:colcon.colcon_core.verb:set package 'joystick_ros2' build argument 'cmake_clean_first' from command line to 'False'
[1.149s] Level 5:colcon.colcon_core.verb:set package 'joystick_ros2' build argument 'cmake_force_configure' from command line to 'False'
[1.149s] Level 5:colcon.colcon_core.verb:set package 'joystick_ros2' build argument 'ament_cmake_args' from command line to 'None'
[1.149s] Level 5:colcon.colcon_core.verb:set package 'joystick_ros2' build argument 'catkin_cmake_args' from command line to 'None'
[1.149s] Level 5:colcon.colcon_core.verb:set package 'joystick_ros2' build argument 'catkin_skip_building_tests' from command line to 'False'
[1.149s] DEBUG:colcon.colcon_core.verb:Building package 'joystick_ros2' with the following arguments: {'ament_cmake_args': None, 'build_base': '/home/dj/MREN203/main/mren203-ws/build/joystick_ros2', 'catkin_cmake_args': None, 'catkin_skip_building_tests': False, 'cmake_args': None, 'cmake_clean_cache': False, 'cmake_clean_first': False, 'cmake_force_configure': False, 'cmake_target': None, 'cmake_target_skip_unavailable': False, 'install_base': '/home/dj/MREN203/main/mren203-ws/install/joystick_ros2', 'merge_install': False, 'path': '/home/dj/MREN203/main/mren203-ws/src/joystick_ros2', 'symlink_install': True, 'test_result_base': None}
[1.163s] Level 5:colcon.colcon_core.verb:set package 'my_bot' build argument 'cmake_args' from command line to 'None'
[1.163s] Level 5:colcon.colcon_core.verb:set package 'my_bot' build argument 'cmake_target' from command line to 'None'
[1.163s] Level 5:colcon.colcon_core.verb:set package 'my_bot' build argument 'cmake_target_skip_unavailable' from command line to 'False'
[1.163s] Level 5:colcon.colcon_core.verb:set package 'my_bot' build argument 'cmake_clean_cache' from command line to 'False'
[1.163s] Level 5:colcon.colcon_core.verb:set package 'my_bot' build argument 'cmake_clean_first' from command line to 'False'
[1.163s] Level 5:colcon.colcon_core.verb:set package 'my_bot' build argument 'cmake_force_configure' from command line to 'False'
[1.163s] Level 5:colcon.colcon_core.verb:set package 'my_bot' build argument 'ament_cmake_args' from command line to 'None'
[1.163s] Level 5:colcon.colcon_core.verb:set package 'my_bot' build argument 'catkin_cmake_args' from command line to 'None'
[1.163s] Level 5:colcon.colcon_core.verb:set package 'my_bot' build argument 'catkin_skip_building_tests' from command line to 'False'
[1.163s] DEBUG:colcon.colcon_core.verb:Building package 'my_bot' with the following arguments: {'ament_cmake_args': None, 'build_base': '/home/dj/MREN203/main/mren203-ws/build/my_bot', 'catkin_cmake_args': None, 'catkin_skip_building_tests': False, 'cmake_args': None, 'cmake_clean_cache': False, 'cmake_clean_first': False, 'cmake_force_configure': False, 'cmake_target': None, 'cmake_target_skip_unavailable': False, 'install_base': '/home/dj/MREN203/main/mren203-ws/install/my_bot', 'merge_install': False, 'path': '/home/dj/MREN203/main/mren203-ws/src/my_bot', 'symlink_install': True, 'test_result_base': None}
[1.176s] Level 5:colcon.colcon_core.verb:set package 'rplidar_ros' build argument 'cmake_args' from command line to 'None'
[1.176s] Level 5:colcon.colcon_core.verb:set package 'rplidar_ros' build argument 'cmake_target' from command line to 'None'
[1.176s] Level 5:colcon.colcon_core.verb:set package 'rplidar_ros' build argument 'cmake_target_skip_unavailable' from command line to 'False'
[1.176s] Level 5:colcon.colcon_core.verb:set package 'rplidar_ros' build argument 'cmake_clean_cache' from command line to 'False'
[1.176s] Level 5:colcon.colcon_core.verb:set package 'rplidar_ros' build argument 'cmake_clean_first' from command line to 'False'
[1.176s] Level 5:colcon.colcon_core.verb:set package 'rplidar_ros' build argument 'cmake_force_configure' from command line to 'False'
[1.176s] Level 5:colcon.colcon_core.verb:set package 'rplidar_ros' build argument 'ament_cmake_args' from command line to 'None'
[1.176s] Level 5:colcon.colcon_core.verb:set package 'rplidar_ros' build argument 'catkin_cmake_args' from command line to 'None'
[1.176s] Level 5:colcon.colcon_core.verb:set package 'rplidar_ros' build argument 'catkin_skip_building_tests' from command line to 'False'
[1.177s] DEBUG:colcon.colcon_core.verb:Building package 'rplidar_ros' with the following arguments: {'ament_cmake_args': None, 'build_base': '/home/dj/MREN203/main/mren203-ws/build/rplidar_ros', 'catkin_cmake_args': None, 'catkin_skip_building_tests': False, 'cmake_args': None, 'cmake_clean_cache': False, 'cmake_clean_first': False, 'cmake_force_configure': False, 'cmake_target': None, 'cmake_target_skip_unavailable': False, 'install_base': '/home/dj/MREN203/main/mren203-ws/install/rplidar_ros', 'merge_install': False, 'path': '/home/dj/MREN203/main/mren203-ws/src/rplidar_ros2', 'symlink_install': True, 'test_result_base': None}
[1.190s] Level 5:colcon.colcon_core.verb:set package 'steve_launch' build argument 'cmake_args' from command line to 'None'
[1.190s] Level 5:colcon.colcon_core.verb:set package 'steve_launch' build argument 'cmake_target' from command line to 'None'
[1.190s] Level 5:colcon.colcon_core.verb:set package 'steve_launch' build argument 'cmake_target_skip_unavailable' from command line to 'False'
[1.190s] Level 5:colcon.colcon_core.verb:set package 'steve_launch' build argument 'cmake_clean_cache' from command line to 'False'
[1.190s] Level 5:colcon.colcon_core.verb:set package 'steve_launch' build argument 'cmake_clean_first' from command line to 'False'
[1.190s] Level 5:colcon.colcon_core.verb:set package 'steve_launch' build argument 'cmake_force_configure' from command line to 'False'
[1.190s] Level 5:colcon.colcon_core.verb:set package 'steve_launch' build argument 'ament_cmake_args' from command line to 'None'
[1.190s] Level 5:colcon.colcon_core.verb:set package 'steve_launch' build argument 'catkin_cmake_args' from command line to 'None'
[1.190s] Level 5:colcon.colcon_core.verb:set package 'steve_launch' build argument 'catkin_skip_building_tests' from command line to 'False'
[1.190s] DEBUG:colcon.colcon_core.verb:Building package 'steve_launch' with the following arguments: {'ament_cmake_args': None, 'build_base': '/home/dj/MREN203/main/mren203-ws/build/steve_launch', 'catkin_cmake_args': None, 'catkin_skip_building_tests': False, 'cmake_args': None, 'cmake_clean_cache': False, 'cmake_clean_first': False, 'cmake_force_configure': False, 'cmake_target': None, 'cmake_target_skip_unavailable': False, 'install_base': '/home/dj/MREN203/main/mren203-ws/install/steve_launch', 'merge_install': False, 'path': '/home/dj/MREN203/main/mren203-ws/src/steve_launch', 'symlink_install': True, 'test_result_base': None}
[1.203s] Level 5:colcon.colcon_core.verb:set package 'steve_msgs' build argument 'cmake_args' from command line to 'None'
[1.203s] Level 5:colcon.colcon_core.verb:set package 'steve_msgs' build argument 'cmake_target' from command line to 'None'
[1.203s] Level 5:colcon.colcon_core.verb:set package 'steve_msgs' build argument 'cmake_target_skip_unavailable' from command line to 'False'
[1.203s] Level 5:colcon.colcon_core.verb:set package 'steve_msgs' build argument 'cmake_clean_cache' from command line to 'False'
[1.203s] Level 5:colcon.colcon_core.verb:set package 'steve_msgs' build argument 'cmake_clean_first' from command line to 'False'
[1.203s] Level 5:colcon.colcon_core.verb:set package 'steve_msgs' build argument 'cmake_force_configure' from command line to 'False'
[1.203s] Level 5:colcon.colcon_core.verb:set package 'steve_msgs' build argument 'ament_cmake_args' from command line to 'None'
[1.203s] Level 5:colcon.colcon_core.verb:set package 'steve_msgs' build argument 'catkin_cmake_args' from command line to 'None'
[1.203s] Level 5:colcon.colcon_core.verb:set package 'steve_msgs' build argument 'catkin_skip_building_tests' from command line to 'False'
[1.203s] DEBUG:colcon.colcon_core.verb:Building package 'steve_msgs' with the following arguments: {'ament_cmake_args': None, 'build_base': '/home/dj/MREN203/main/mren203-ws/build/steve_msgs', 'catkin_cmake_args': None, 'catkin_skip_building_tests': False, 'cmake_args': None, 'cmake_clean_cache': False, 'cmake_clean_first': False, 'cmake_force_configure': False, 'cmake_target': None, 'cmake_target_skip_unavailable': False, 'install_base': '/home/dj/MREN203/main/mren203-ws/install/steve_msgs', 'merge_install': False, 'path': '/home/dj/MREN203/main/mren203-ws/src/steve_msgs', 'symlink_install': True, 'test_result_base': None}
[1.217s] Level 5:colcon.colcon_core.verb:set package 'testing' build argument 'cmake_args' from command line to 'None'
[1.217s] Level 5:colcon.colcon_core.verb:set package 'testing' build argument 'cmake_target' from command line to 'None'
[1.217s] Level 5:colcon.colcon_core.verb:set package 'testing' build argument 'cmake_target_skip_unavailable' from command line to 'False'
[1.217s] Level 5:colcon.colcon_core.verb:set package 'testing' build argument 'cmake_clean_cache' from command line to 'False'
[1.217s] Level 5:colcon.colcon_core.verb:set package 'testing' build argument 'cmake_clean_first' from command line to 'False'
[1.217s] Level 5:colcon.colcon_core.verb:set package 'testing' build argument 'cmake_force_configure' from command line to 'False'
[1.217s] Level 5:colcon.colcon_core.verb:set package 'testing' build argument 'ament_cmake_args' from command line to 'None'
[1.217s] Level 5:colcon.colcon_core.verb:set package 'testing' build argument 'catkin_cmake_args' from command line to 'None'
[1.217s] Level 5:colcon.colcon_core.verb:set package 'testing' build argument 'catkin_skip_building_tests' from command line to 'False'
[1.217s] DEBUG:colcon.colcon_core.verb:Building package 'testing' with the following arguments: {'ament_cmake_args': None, 'build_base': '/home/dj/MREN203/main/mren203-ws/build/testing', 'catkin_cmake_args': None, 'catkin_skip_building_tests': False, 'cmake_args': None, 'cmake_clean_cache': False, 'cmake_clean_first': False, 'cmake_force_configure': False, 'cmake_target': None, 'cmake_target_skip_unavailable': False, 'install_base': '/home/dj/MREN203/main/mren203-ws/install/testing', 'merge_install': False, 'path': '/home/dj/MREN203/main/mren203-ws/src/testing', 'symlink_install': True, 'test_result_base': None}
[1.230s] Level 5:colcon.colcon_core.verb:set package 'motor_control' build argument 'cmake_args' from command line to 'None'
[1.231s] Level 5:colcon.colcon_core.verb:set package 'motor_control' build argument 'cmake_target' from command line to 'None'
[1.231s] Level 5:colcon.colcon_core.verb:set package 'motor_control' build argument 'cmake_target_skip_unavailable' from command line to 'False'
[1.231s] Level 5:colcon.colcon_core.verb:set package 'motor_control' build argument 'cmake_clean_cache' from command line to 'False'
[1.231s] Level 5:colcon.colcon_core.verb:set package 'motor_control' build argument 'cmake_clean_first' from command line to 'False'
[1.231s] Level 5:colcon.colcon_core.verb:set package 'motor_control' build argument 'cmake_force_configure' from command line to 'False'
[1.231s] Level 5:colcon.colcon_core.verb:set package 'motor_control' build argument 'ament_cmake_args' from command line to 'None'
[1.231s] Level 5:colcon.colcon_core.verb:set package 'motor_control' build argument 'catkin_cmake_args' from command line to 'None'
[1.231s] Level 5:colcon.colcon_core.verb:set package 'motor_control' build argument 'catkin_skip_building_tests' from command line to 'False'
[1.231s] DEBUG:colcon.colcon_core.verb:Building package 'motor_control' with the following arguments: {'ament_cmake_args': None, 'build_base': '/home/dj/MREN203/main/mren203-ws/build/motor_control', 'catkin_cmake_args': None, 'catkin_skip_building_tests': False, 'cmake_args': None, 'cmake_clean_cache': False, 'cmake_clean_first': False, 'cmake_force_configure': False, 'cmake_target': None, 'cmake_target_skip_unavailable': False, 'install_base': '/home/dj/MREN203/main/mren203-ws/install/motor_control', 'merge_install': False, 'path': '/home/dj/MREN203/main/mren203-ws/src/motor_control', 'symlink_install': True, 'test_result_base': None}
[1.244s] Level 5:colcon.colcon_core.verb:set package 'steve_ui' build argument 'cmake_args' from command line to 'None'
[1.244s] Level 5:colcon.colcon_core.verb:set package 'steve_ui' build argument 'cmake_target' from command line to 'None'
[1.244s] Level 5:colcon.colcon_core.verb:set package 'steve_ui' build argument 'cmake_target_skip_unavailable' from command line to 'False'
[1.244s] Level 5:colcon.colcon_core.verb:set package 'steve_ui' build argument 'cmake_clean_cache' from command line to 'False'
[1.244s] Level 5:colcon.colcon_core.verb:set package 'steve_ui' build argument 'cmake_clean_first' from command line to 'False'
[1.244s] Level 5:colcon.colcon_core.verb:set package 'steve_ui' build argument 'cmake_force_configure' from command line to 'False'
[1.244s] Level 5:colcon.colcon_core.verb:set package 'steve_ui' build argument 'ament_cmake_args' from command line to 'None'
[1.244s] Level 5:colcon.colcon_core.verb:set package 'steve_ui' build argument 'catkin_cmake_args' from command line to 'None'
[1.244s] Level 5:colcon.colcon_core.verb:set package 'steve_ui' build argument 'catkin_skip_building_tests' from command line to 'False'
[1.244s] DEBUG:colcon.colcon_core.verb:Building package 'steve_ui' with the following arguments: {'ament_cmake_args': None, 'build_base': '/home/dj/MREN203/main/mren203-ws/build/steve_ui', 'catkin_cmake_args': None, 'catkin_skip_building_tests': False, 'cmake_args': None, 'cmake_clean_cache': False, 'cmake_clean_first': False, 'cmake_force_configure': False, 'cmake_target': None, 'cmake_target_skip_unavailable': False, 'install_base': '/home/dj/MREN203/main/mren203-ws/install/steve_ui', 'merge_install': False, 'path': '/home/dj/MREN203/main/mren203-ws/src/steve_ui', 'symlink_install': True, 'test_result_base': None}
[1.258s] INFO:colcon.colcon_core.executor:Executing jobs using 'parallel' executor
[1.272s] DEBUG:colcon.colcon_parallel_executor.executor.parallel:run_until_complete
[1.272s] INFO:colcon.colcon_ros.task.ament_cmake.build:Building ROS package in '/home/dj/MREN203/main/mren203-ws/src/steve_msgs' with build type 'ament_cmake'
[1.272s] INFO:colcon.colcon_cmake.task.cmake.build:Building CMake package in '/home/dj/MREN203/main/mren203-ws/src/steve_msgs'
[1.286s] INFO:colcon.colcon_core.plugin_system:Skipping extension 'colcon_core.shell.bat': Not used on non-Windows systems
[1.287s] INFO:colcon.colcon_core.shell:Skip shell extension 'powershell' for command environment: Not usable outside of PowerShell
[1.287s] DEBUG:colcon.colcon_core.shell:Skip shell extension 'dsv' for command environment
[1.316s] INFO:colcon.colcon_ros.task.ament_python.build:Building ROS package in '/home/dj/MREN203/main/mren203-ws/src/joystick_ros2' with build type 'ament_python'
[1.316s] Level 1:colcon.colcon_core.shell:create_environment_hook('joystick_ros2', 'ament_prefix_path')
[1.330s] INFO:colcon.colcon_core.shell:Creating environment hook '/home/dj/MREN203/main/mren203-ws/install/joystick_ros2/share/joystick_ros2/hook/ament_prefix_path.ps1'
[1.330s] INFO:colcon.colcon_core.shell:Creating environment descriptor '/home/dj/MREN203/main/mren203-ws/install/joystick_ros2/share/joystick_ros2/hook/ament_prefix_path.dsv'
[1.331s] INFO:colcon.colcon_core.shell:Creating environment hook '/home/dj/MREN203/main/mren203-ws/install/joystick_ros2/share/joystick_ros2/hook/ament_prefix_path.sh'
[1.345s] INFO:colcon.colcon_core.shell:Skip shell extension 'powershell' for command environment: Not usable outside of PowerShell
[1.345s] DEBUG:colcon.colcon_core.shell:Skip shell extension 'dsv' for command environment
[1.374s] INFO:colcon.colcon_ros.task.ament_cmake.build:Building ROS package in '/home/dj/MREN203/main/mren203-ws/src/my_bot' with build type 'ament_cmake'
[1.374s] INFO:colcon.colcon_cmake.task.cmake.build:Building CMake package in '/home/dj/MREN203/main/mren203-ws/src/my_bot'
[1.388s] INFO:colcon.colcon_core.shell:Skip shell extension 'powershell' for command environment: Not usable outside of PowerShell
[1.388s] DEBUG:colcon.colcon_core.shell:Skip shell extension 'dsv' for command environment
[1.418s] INFO:colcon.colcon_ros.task.ament_cmake.build:Building ROS package in '/home/dj/MREN203/main/mren203-ws/src/rplidar_ros2' with build type 'ament_cmake'
[1.418s] INFO:colcon.colcon_cmake.task.cmake.build:Building CMake package in '/home/dj/MREN203/main/mren203-ws/src/rplidar_ros2'
[1.432s] INFO:colcon.colcon_core.shell:Skip shell extension 'powershell' for command environment: Not usable outside of PowerShell
[1.432s] DEBUG:colcon.colcon_core.shell:Skip shell extension 'dsv' for command environment
[1.461s] INFO:colcon.colcon_ros.task.ament_cmake.build:Building ROS package in '/home/dj/MREN203/main/mren203-ws/src/steve_launch' with build type 'ament_cmake'
[1.461s] INFO:colcon.colcon_cmake.task.cmake.build:Building CMake package in '/home/dj/MREN203/main/mren203-ws/src/steve_launch'
[1.476s] INFO:colcon.colcon_core.shell:Skip shell extension 'powershell' for command environment: Not usable outside of PowerShell
[1.476s] DEBUG:colcon.colcon_core.shell:Skip shell extension 'dsv' for command environment
[1.505s] INFO:colcon.colcon_ros.task.ament_python.build:Building ROS package in '/home/dj/MREN203/main/mren203-ws/src/testing' with build type 'ament_python'
[1.505s] Level 1:colcon.colcon_core.shell:create_environment_hook('testing', 'ament_prefix_path')
[1.518s] INFO:colcon.colcon_core.shell:Creating environment hook '/home/dj/MREN203/main/mren203-ws/install/testing/share/testing/hook/ament_prefix_path.ps1'
[1.519s] INFO:colcon.colcon_core.shell:Creating environment descriptor '/home/dj/MREN203/main/mren203-ws/install/testing/share/testing/hook/ament_prefix_path.dsv'
[1.519s] INFO:colcon.colcon_core.shell:Creating environment hook '/home/dj/MREN203/main/mren203-ws/install/testing/share/testing/hook/ament_prefix_path.sh'
[1.533s] INFO:colcon.colcon_core.shell:Skip shell extension 'powershell' for command environment: Not usable outside of PowerShell
[1.533s] DEBUG:colcon.colcon_core.shell:Skip shell extension 'dsv' for command environment
[1.566s] DEBUG:colcon.colcon_core.event_handler.log_command:Invoking command in '/home/dj/MREN203/main/mren203-ws/build/steve_msgs': CMAKE_PREFIX_PATH=/opt/ros/humble /usr/bin/cmake --build /home/dj/MREN203/main/mren203-ws/build/steve_msgs -- -j16 -l16
[1.725s] WARNING:colcon.colcon_ros.task.ament_python.build:Package 'joystick_ros2' doesn't explicitly install the 'package.xml' file (colcon-ros currently does it implicitly but that fallback will be removed in the future)
[1.726s] INFO:colcon.colcon_core.task.python.build:Building Python package in '/home/dj/MREN203/main/mren203-ws/src/joystick_ros2'
[1.740s] INFO:colcon.colcon_core.shell:Skip shell extension 'powershell' for command environment: Not usable outside of PowerShell
[1.740s] DEBUG:colcon.colcon_core.shell:Skip shell extension 'dsv' for command environment
[1.772s] DEBUG:colcon.colcon_core.event_handler.log_command:Invoking command in '/home/dj/MREN203/main/mren203-ws/build/my_bot': CMAKE_PREFIX_PATH=/opt/ros/humble /usr/bin/cmake --build /home/dj/MREN203/main/mren203-ws/build/my_bot -- -j16 -l16
[1.775s] DEBUG:colcon.colcon_core.event_handler.log_command:Invoking command in '/home/dj/MREN203/main/mren203-ws/build/rplidar_ros': CMAKE_PREFIX_PATH=/opt/ros/humble /usr/bin/cmake --build /home/dj/MREN203/main/mren203-ws/build/rplidar_ros -- -j16 -l16
[1.777s] DEBUG:colcon.colcon_core.event_handler.log_command:Invoking command in '/home/dj/MREN203/main/mren203-ws/build/steve_launch': CMAKE_PREFIX_PATH=/opt/ros/humble /usr/bin/cmake --build /home/dj/MREN203/main/mren203-ws/build/steve_launch -- -j16 -l16
[1.933s] INFO:colcon.colcon_core.task.python.build:Building Python package in '/home/dj/MREN203/main/mren203-ws/src/testing'
[1.947s] INFO:colcon.colcon_core.shell:Skip shell extension 'powershell' for command environment: Not usable outside of PowerShell
[1.947s] DEBUG:colcon.colcon_core.shell:Skip shell extension 'dsv' for command environment
[1.979s] DEBUG:colcon.colcon_core.event_handler.log_command:Invoked command in '/home/dj/MREN203/main/mren203-ws/build/steve_msgs' returned '0': CMAKE_PREFIX_PATH=/opt/ros/humble /usr/bin/cmake --build /home/dj/MREN203/main/mren203-ws/build/steve_msgs -- -j16 -l16
[1.980s] DEBUG:colcon.colcon_core.event_handler.log_command:Invoked command in '/home/dj/MREN203/main/mren203-ws/build/rplidar_ros' returned '0': CMAKE_PREFIX_PATH=/opt/ros/humble /usr/bin/cmake --build /home/dj/MREN203/main/mren203-ws/build/rplidar_ros -- -j16 -l16
[1.981s] DEBUG:colcon.colcon_core.event_handler.log_command:Invoked command in '/home/dj/MREN203/main/mren203-ws/build/steve_launch' returned '0': CMAKE_PREFIX_PATH=/opt/ros/humble /usr/bin/cmake --build /home/dj/MREN203/main/mren203-ws/build/steve_launch -- -j16 -l16
[1.981s] DEBUG:colcon.colcon_core.event_handler.log_command:Invoked command in '/home/dj/MREN203/main/mren203-ws/build/my_bot' returned '0': CMAKE_PREFIX_PATH=/opt/ros/humble /usr/bin/cmake --build /home/dj/MREN203/main/mren203-ws/build/my_bot -- -j16 -l16
[2.007s] DEBUG:colcon.colcon_core.event_handler.log_command:Invoking command in '/home/dj/MREN203/main/mren203-ws/build/steve_launch': CMAKE_PREFIX_PATH=/opt/ros/humble /usr/bin/cmake --install /home/dj/MREN203/main/mren203-ws/build/steve_launch
[2.009s] DEBUG:colcon.colcon_core.event_handler.log_command:Invoking command in '/home/dj/MREN203/main/mren203-ws/build/my_bot': CMAKE_PREFIX_PATH=/opt/ros/humble /usr/bin/cmake --install /home/dj/MREN203/main/mren203-ws/build/my_bot
[2.014s] DEBUG:colcon.colcon_core.event_handler.log_command:Invoking command in '/home/dj/MREN203/main/mren203-ws/build/rplidar_ros': CMAKE_PREFIX_PATH=/opt/ros/humble /usr/bin/cmake --install /home/dj/MREN203/main/mren203-ws/build/rplidar_ros
[2.026s] Level 1:colcon.colcon_core.environment:create_environment_scripts_only(steve_launch)
[2.027s] DEBUG:colcon.colcon_core.event_handler.log_command:Invoked command in '/home/dj/MREN203/main/mren203-ws/build/steve_launch' returned '0': CMAKE_PREFIX_PATH=/opt/ros/humble /usr/bin/cmake --install /home/dj/MREN203/main/mren203-ws/build/steve_launch
[2.046s] Level 1:colcon.colcon_core.environment:checking '/home/dj/MREN203/main/mren203-ws/install/steve_launch' for CMake module files
[2.047s] Level 1:colcon.colcon_core.environment:checking '/home/dj/MREN203/main/mren203-ws/install/steve_launch' for CMake config files
[2.047s] Level 1:colcon.colcon_core.shell:create_environment_hook('steve_launch', 'cmake_prefix_path')
[2.062s] INFO:colcon.colcon_core.shell:Creating environment hook '/home/dj/MREN203/main/mren203-ws/install/steve_launch/share/steve_launch/hook/cmake_prefix_path.ps1'
[2.062s] INFO:colcon.colcon_core.shell:Creating environment descriptor '/home/dj/MREN203/main/mren203-ws/install/steve_launch/share/steve_launch/hook/cmake_prefix_path.dsv'
[2.063s] INFO:colcon.colcon_core.shell:Creating environment hook '/home/dj/MREN203/main/mren203-ws/install/steve_launch/share/steve_launch/hook/cmake_prefix_path.sh'
[2.063s] Level 1:colcon.colcon_core.environment:checking '/home/dj/MREN203/main/mren203-ws/install/steve_launch/bin'
[2.063s] Level 1:colcon.colcon_core.environment:checking '/home/dj/MREN203/main/mren203-ws/install/steve_launch/lib/pkgconfig/steve_launch.pc'
[2.063s] Level 1:colcon.colcon_core.environment:checking '/home/dj/MREN203/main/mren203-ws/install/steve_launch/lib/python3.10/site-packages'
[2.064s] Level 1:colcon.colcon_core.environment:checking '/home/dj/MREN203/main/mren203-ws/install/steve_launch/bin'
[2.082s] INFO:colcon.colcon_core.shell:Creating package script '/home/dj/MREN203/main/mren203-ws/install/steve_launch/share/steve_launch/package.ps1'
[2.082s] INFO:colcon.colcon_core.shell:Creating package descriptor '/home/dj/MREN203/main/mren203-ws/install/steve_launch/share/steve_launch/package.dsv'
[2.083s] INFO:colcon.colcon_core.shell:Creating package script '/home/dj/MREN203/main/mren203-ws/install/steve_launch/share/steve_launch/package.sh'
[2.084s] INFO:colcon.colcon_core.shell:Creating package script '/home/dj/MREN203/main/mren203-ws/install/steve_launch/share/steve_launch/package.bash'
[2.084s] INFO:colcon.colcon_core.shell:Creating package script '/home/dj/MREN203/main/mren203-ws/install/steve_launch/share/steve_launch/package.zsh'
[2.085s] Level 1:colcon.colcon_core.environment:create_file_with_runtime_dependencies(/home/dj/MREN203/main/mren203-ws/install/steve_launch/share/colcon-core/packages/steve_launch)
[2.087s] Level 1:colcon.colcon_core.environment:create_environment_scripts_only(my_bot)
[2.088s] DEBUG:colcon.colcon_core.event_handler.log_command:Invoked command in '/home/dj/MREN203/main/mren203-ws/build/my_bot' returned '0': CMAKE_PREFIX_PATH=/opt/ros/humble /usr/bin/cmake --install /home/dj/MREN203/main/mren203-ws/build/my_bot
[2.112s] Level 1:colcon.colcon_core.environment:checking '/home/dj/MREN203/main/mren203-ws/install/my_bot' for CMake module files
[2.112s] Level 1:colcon.colcon_core.environment:checking '/home/dj/MREN203/main/mren203-ws/install/my_bot' for CMake config files
[2.112s] Level 1:colcon.colcon_core.shell:create_environment_hook('my_bot', 'cmake_prefix_path')
[2.126s] INFO:colcon.colcon_core.shell:Creating environment hook '/home/dj/MREN203/main/mren203-ws/install/my_bot/share/my_bot/hook/cmake_prefix_path.ps1'
[2.127s] INFO:colcon.colcon_core.shell:Creating environment descriptor '/home/dj/MREN203/main/mren203-ws/install/my_bot/share/my_bot/hook/cmake_prefix_path.dsv'
[2.127s] INFO:colcon.colcon_core.shell:Creating environment hook '/home/dj/MREN203/main/mren203-ws/install/my_bot/share/my_bot/hook/cmake_prefix_path.sh'
[2.127s] Level 1:colcon.colcon_core.environment:checking '/home/dj/MREN203/main/mren203-ws/install/my_bot/bin'
[2.127s] Level 1:colcon.colcon_core.environment:checking '/home/dj/MREN203/main/mren203-ws/install/my_bot/lib/pkgconfig/my_bot.pc'
[2.128s] Level 1:colcon.colcon_core.environment:checking '/home/dj/MREN203/main/mren203-ws/install/my_bot/lib/python3.10/site-packages'
[2.128s] Level 1:colcon.colcon_core.environment:checking '/home/dj/MREN203/main/mren203-ws/install/my_bot/bin'
[2.142s] INFO:colcon.colcon_core.shell:Creating package script '/home/dj/MREN203/main/mren203-ws/install/my_bot/share/my_bot/package.ps1'
[2.142s] INFO:colcon.colcon_core.shell:Creating package descriptor '/home/dj/MREN203/main/mren203-ws/install/my_bot/share/my_bot/package.dsv'
[2.142s] INFO:colcon.colcon_core.shell:Creating package script '/home/dj/MREN203/main/mren203-ws/install/my_bot/share/my_bot/package.sh'
[2.143s] INFO:colcon.colcon_core.shell:Creating package script '/home/dj/MREN203/main/mren203-ws/install/my_bot/share/my_bot/package.bash'
[2.143s] INFO:colcon.colcon_core.shell:Creating package script '/home/dj/MREN203/main/mren203-ws/install/my_bot/share/my_bot/package.zsh'
[2.143s] Level 1:colcon.colcon_core.environment:create_file_with_runtime_dependencies(/home/dj/MREN203/main/mren203-ws/install/my_bot/share/colcon-core/packages/my_bot)
[2.144s] Level 1:colcon.colcon_core.environment:create_environment_scripts_only(rplidar_ros)
[2.145s] DEBUG:colcon.colcon_core.event_handler.log_command:Invoked command in '/home/dj/MREN203/main/mren203-ws/build/rplidar_ros' returned '0': CMAKE_PREFIX_PATH=/opt/ros/humble /usr/bin/cmake --install /home/dj/MREN203/main/mren203-ws/build/rplidar_ros
[2.159s] Level 1:colcon.colcon_core.environment:checking '/home/dj/MREN203/main/mren203-ws/install/rplidar_ros' for CMake module files
[2.160s] Level 1:colcon.colcon_core.environment:checking '/home/dj/MREN203/main/mren203-ws/install/rplidar_ros' for CMake config files
[2.160s] Level 1:colcon.colcon_core.shell:create_environment_hook('rplidar_ros', 'cmake_prefix_path')
[2.174s] INFO:colcon.colcon_core.shell:Creating environment hook '/home/dj/MREN203/main/mren203-ws/install/rplidar_ros/share/rplidar_ros/hook/cmake_prefix_path.ps1'
[2.175s] INFO:colcon.colcon_core.shell:Creating environment descriptor '/home/dj/MREN203/main/mren203-ws/install/rplidar_ros/share/rplidar_ros/hook/cmake_prefix_path.dsv'
[2.175s] INFO:colcon.colcon_core.shell:Creating environment hook '/home/dj/MREN203/main/mren203-ws/install/rplidar_ros/share/rplidar_ros/hook/cmake_prefix_path.sh'
[2.175s] Level 1:colcon.colcon_core.environment:checking '/home/dj/MREN203/main/mren203-ws/install/rplidar_ros/lib'
[2.176s] Level 1:colcon.colcon_core.shell:create_environment_hook('rplidar_ros', 'ld_library_path_lib')
[2.189s] INFO:colcon.colcon_core.shell:Creating environment hook '/home/dj/MREN203/main/mren203-ws/install/rplidar_ros/share/rplidar_ros/hook/ld_library_path_lib.ps1'
[2.190s] INFO:colcon.colcon_core.shell:Creating environment descriptor '/home/dj/MREN203/main/mren203-ws/install/rplidar_ros/share/rplidar_ros/hook/ld_library_path_lib.dsv'
[2.190s] INFO:colcon.colcon_core.shell:Creating environment hook '/home/dj/MREN203/main/mren203-ws/install/rplidar_ros/share/rplidar_ros/hook/ld_library_path_lib.sh'
[2.190s] Level 1:colcon.colcon_core.environment:checking '/home/dj/MREN203/main/mren203-ws/install/rplidar_ros/bin'
[2.190s] Level 1:colcon.colcon_core.environment:checking '/home/dj/MREN203/main/mren203-ws/install/rplidar_ros/lib/pkgconfig/rplidar_ros.pc'
[2.190s] Level 1:colcon.colcon_core.environment:checking '/home/dj/MREN203/main/mren203-ws/install/rplidar_ros/lib/python3.10/site-packages'
[2.191s] Level 1:colcon.colcon_core.environment:checking '/home/dj/MREN203/main/mren203-ws/install/rplidar_ros/bin'
[2.215s] INFO:colcon.colcon_core.shell:Creating package script '/home/dj/MREN203/main/mren203-ws/install/rplidar_ros/share/rplidar_ros/package.ps1'
[2.216s] INFO:colcon.colcon_core.shell:Creating package descriptor '/home/dj/MREN203/main/mren203-ws/install/rplidar_ros/share/rplidar_ros/package.dsv'
[2.216s] INFO:colcon.colcon_core.shell:Creating package script '/home/dj/MREN203/main/mren203-ws/install/rplidar_ros/share/rplidar_ros/package.sh'
[2.217s] INFO:colcon.colcon_core.shell:Creating package script '/home/dj/MREN203/main/mren203-ws/install/rplidar_ros/share/rplidar_ros/package.bash'
[2.217s] INFO:colcon.colcon_core.shell:Creating package script '/home/dj/MREN203/main/mren203-ws/install/rplidar_ros/share/rplidar_ros/package.zsh'
[2.217s] Level 1:colcon.colcon_core.environment:create_file_with_runtime_dependencies(/home/dj/MREN203/main/mren203-ws/install/rplidar_ros/share/colcon-core/packages/rplidar_ros)
[2.220s] DEBUG:colcon.colcon_core.event_handler.log_command:Invoking command in '/home/dj/MREN203/main/mren203-ws/build/steve_msgs': CMAKE_PREFIX_PATH=/opt/ros/humble /usr/bin/cmake --install /home/dj/MREN203/main/mren203-ws/build/steve_msgs
[2.234s] Level 1:colcon.colcon_core.environment:create_environment_scripts_only(steve_launch)
[2.249s] Level 1:colcon.colcon_core.environment:checking '/home/dj/MREN203/main/mren203-ws/install/steve_launch' for CMake module files
[2.249s] Level 1:colcon.colcon_core.environment:checking '/home/dj/MREN203/main/mren203-ws/install/steve_launch' for CMake config files
[2.250s] Level 1:colcon.colcon_core.shell:create_environment_hook('steve_launch', 'cmake_prefix_path')
[2.265s] INFO:colcon.colcon_core.shell:Creating environment hook '/home/dj/MREN203/main/mren203-ws/install/steve_launch/share/steve_launch/hook/cmake_prefix_path.ps1'
[2.265s] INFO:colcon.colcon_core.shell:Creating environment descriptor '/home/dj/MREN203/main/mren203-ws/install/steve_launch/share/steve_launch/hook/cmake_prefix_path.dsv'
[2.265s] INFO:colcon.colcon_core.shell:Creating environment hook '/home/dj/MREN203/main/mren203-ws/install/steve_launch/share/steve_launch/hook/cmake_prefix_path.sh'
[2.266s] Level 1:colcon.colcon_core.environment:checking '/home/dj/MREN203/main/mren203-ws/install/steve_launch/bin'
[2.266s] Level 1:colcon.colcon_core.environment:checking '/home/dj/MREN203/main/mren203-ws/install/steve_launch/lib/pkgconfig/steve_launch.pc'
[2.266s] Level 1:colcon.colcon_core.environment:checking '/home/dj/MREN203/main/mren203-ws/install/steve_launch/lib/python3.10/site-packages'
[2.266s] Level 1:colcon.colcon_core.environment:checking '/home/dj/MREN203/main/mren203-ws/install/steve_launch/bin'
[2.281s] INFO:colcon.colcon_core.shell:Creating package script '/home/dj/MREN203/main/mren203-ws/install/steve_launch/share/steve_launch/package.ps1'
[2.281s] INFO:colcon.colcon_core.shell:Creating package descriptor '/home/dj/MREN203/main/mren203-ws/install/steve_launch/share/steve_launch/package.dsv'
[2.281s] INFO:colcon.colcon_core.shell:Creating package script '/home/dj/MREN203/main/mren203-ws/install/steve_launch/share/steve_launch/package.sh'
[2.282s] INFO:colcon.colcon_core.shell:Creating package script '/home/dj/MREN203/main/mren203-ws/install/steve_launch/share/steve_launch/package.bash'
[2.282s] INFO:colcon.colcon_core.shell:Creating package script '/home/dj/MREN203/main/mren203-ws/install/steve_launch/share/steve_launch/package.zsh'
[2.282s] Level 1:colcon.colcon_core.environment:create_file_with_runtime_dependencies(/home/dj/MREN203/main/mren203-ws/install/steve_launch/share/colcon-core/packages/steve_launch)
[2.309s] Level 1:colcon.colcon_core.environment:create_environment_scripts_only(my_bot)
[2.323s] Level 1:colcon.colcon_core.environment:checking '/home/dj/MREN203/main/mren203-ws/install/my_bot' for CMake module files
[2.324s] Level 1:colcon.colcon_core.environment:checking '/home/dj/MREN203/main/mren203-ws/install/my_bot' for CMake config files
[2.324s] Level 1:colcon.colcon_core.shell:create_environment_hook('my_bot', 'cmake_prefix_path')
[2.338s] INFO:colcon.colcon_core.shell:Creating environment hook '/home/dj/MREN203/main/mren203-ws/install/my_bot/share/my_bot/hook/cmake_prefix_path.ps1'
[2.338s] INFO:colcon.colcon_core.shell:Creating environment descriptor '/home/dj/MREN203/main/mren203-ws/install/my_bot/share/my_bot/hook/cmake_prefix_path.dsv'
[2.338s] INFO:colcon.colcon_core.shell:Creating environment hook '/home/dj/MREN203/main/mren203-ws/install/my_bot/share/my_bot/hook/cmake_prefix_path.sh'
[2.339s] Level 1:colcon.colcon_core.environment:checking '/home/dj/MREN203/main/mren203-ws/install/my_bot/bin'
[2.339s] Level 1:colcon.colcon_core.environment:checking '/home/dj/MREN203/main/mren203-ws/install/my_bot/lib/pkgconfig/my_bot.pc'
[2.339s] Level 1:colcon.colcon_core.environment:checking '/home/dj/MREN203/main/mren203-ws/install/my_bot/lib/python3.10/site-packages'
[2.339s] Level 1:colcon.colcon_core.environment:checking '/home/dj/MREN203/main/mren203-ws/install/my_bot/bin'
[2.353s] INFO:colcon.colcon_core.shell:Creating package script '/home/dj/MREN203/main/mren203-ws/install/my_bot/share/my_bot/package.ps1'
[2.353s] INFO:colcon.colcon_core.shell:Creating package descriptor '/home/dj/MREN203/main/mren203-ws/install/my_bot/share/my_bot/package.dsv'
[2.354s] INFO:colcon.colcon_core.shell:Creating package script '/home/dj/MREN203/main/mren203-ws/install/my_bot/share/my_bot/package.sh'
[2.354s] INFO:colcon.colcon_core.shell:Creating package script '/home/dj/MREN203/main/mren203-ws/install/my_bot/share/my_bot/package.bash'
[2.354s] INFO:colcon.colcon_core.shell:Creating package script '/home/dj/MREN203/main/mren203-ws/install/my_bot/share/my_bot/package.zsh'
[2.354s] Level 1:colcon.colcon_core.environment:create_file_with_runtime_dependencies(/home/dj/MREN203/main/mren203-ws/install/my_bot/share/colcon-core/packages/my_bot)
[2.372s] Level 1:colcon.colcon_core.environment:create_environment_scripts_only(rplidar_ros)
[2.388s] Level 1:colcon.colcon_core.environment:checking '/home/dj/MREN203/main/mren203-ws/install/rplidar_ros' for CMake module files
[2.389s] Level 1:colcon.colcon_core.environment:checking '/home/dj/MREN203/main/mren203-ws/install/rplidar_ros' for CMake config files
[2.389s] Level 1:colcon.colcon_core.shell:create_environment_hook('rplidar_ros', 'cmake_prefix_path')
[2.403s] INFO:colcon.colcon_core.shell:Creating environment hook '/home/dj/MREN203/main/mren203-ws/install/rplidar_ros/share/rplidar_ros/hook/cmake_prefix_path.ps1'
[2.404s] INFO:colcon.colcon_core.shell:Creating environment descriptor '/home/dj/MREN203/main/mren203-ws/install/rplidar_ros/share/rplidar_ros/hook/cmake_prefix_path.dsv'
[2.404s] INFO:colcon.colcon_core.shell:Creating environment hook '/home/dj/MREN203/main/mren203-ws/install/rplidar_ros/share/rplidar_ros/hook/cmake_prefix_path.sh'
[2.404s] Level 1:colcon.colcon_core.environment:checking '/home/dj/MREN203/main/mren203-ws/install/rplidar_ros/lib'
[2.404s] Level 1:colcon.colcon_core.shell:create_environment_hook('rplidar_ros', 'ld_library_path_lib')
[2.419s] INFO:colcon.colcon_core.shell:Creating environment hook '/home/dj/MREN203/main/mren203-ws/install/rplidar_ros/share/rplidar_ros/hook/ld_library_path_lib.ps1'
[2.419s] INFO:colcon.colcon_core.shell:Creating environment descriptor '/home/dj/MREN203/main/mren203-ws/install/rplidar_ros/share/rplidar_ros/hook/ld_library_path_lib.dsv'
[2.419s] INFO:colcon.colcon_core.shell:Creating environment hook '/home/dj/MREN203/main/mren203-ws/install/rplidar_ros/share/rplidar_ros/hook/ld_library_path_lib.sh'
[2.420s] Level 1:colcon.colcon_core.environment:checking '/home/dj/MREN203/main/mren203-ws/install/rplidar_ros/bin'
[2.420s] Level 1:colcon.colcon_core.environment:checking '/home/dj/MREN203/main/mren203-ws/install/rplidar_ros/lib/pkgconfig/rplidar_ros.pc'
[2.420s] Level 1:colcon.colcon_core.environment:checking '/home/dj/MREN203/main/mren203-ws/install/rplidar_ros/lib/python3.10/site-packages'
[2.420s] Level 1:colcon.colcon_core.environment:checking '/home/dj/MREN203/main/mren203-ws/install/rplidar_ros/bin'
[2.434s] INFO:colcon.colcon_core.shell:Creating package script '/home/dj/MREN203/main/mren203-ws/install/rplidar_ros/share/rplidar_ros/package.ps1'
[2.435s] INFO:colcon.colcon_core.shell:Creating package descriptor '/home/dj/MREN203/main/mren203-ws/install/rplidar_ros/share/rplidar_ros/package.dsv'
[2.435s] INFO:colcon.colcon_core.shell:Creating package script '/home/dj/MREN203/main/mren203-ws/install/rplidar_ros/share/rplidar_ros/package.sh'
[2.435s] INFO:colcon.colcon_core.shell:Creating package script '/home/dj/MREN203/main/mren203-ws/install/rplidar_ros/share/rplidar_ros/package.bash'
[2.436s] INFO:colcon.colcon_core.shell:Creating package script '/home/dj/MREN203/main/mren203-ws/install/rplidar_ros/share/rplidar_ros/package.zsh'
[2.436s] Level 1:colcon.colcon_core.environment:create_file_with_runtime_dependencies(/home/dj/MREN203/main/mren203-ws/install/rplidar_ros/share/colcon-core/packages/rplidar_ros)
[2.436s] Level 1:colcon.colcon_core.environment:create_environment_scripts_only(steve_msgs)
[2.438s] DEBUG:colcon.colcon_core.event_handler.log_command:Invoked command in '/home/dj/MREN203/main/mren203-ws/build/steve_msgs' returned '0': CMAKE_PREFIX_PATH=/opt/ros/humble /usr/bin/cmake --install /home/dj/MREN203/main/mren203-ws/build/steve_msgs
[2.453s] Level 1:colcon.colcon_core.environment:checking '/home/dj/MREN203/main/mren203-ws/install/steve_msgs' for CMake module files
[2.453s] Level 1:colcon.colcon_core.environment:checking '/home/dj/MREN203/main/mren203-ws/install/steve_msgs' for CMake config files
[2.454s] Level 1:colcon.colcon_core.shell:create_environment_hook('steve_msgs', 'cmake_prefix_path')
[2.470s] INFO:colcon.colcon_core.shell:Creating environment hook '/home/dj/MREN203/main/mren203-ws/install/steve_msgs/share/steve_msgs/hook/cmake_prefix_path.ps1'
[2.471s] INFO:colcon.colcon_core.shell:Creating environment descriptor '/home/dj/MREN203/main/mren203-ws/install/steve_msgs/share/steve_msgs/hook/cmake_prefix_path.dsv'
[2.471s] INFO:colcon.colcon_core.shell:Creating environment hook '/home/dj/MREN203/main/mren203-ws/install/steve_msgs/share/steve_msgs/hook/cmake_prefix_path.sh'
[2.471s] Level 1:colcon.colcon_core.environment:checking '/home/dj/MREN203/main/mren203-ws/install/steve_msgs/lib'
[2.472s] Level 1:colcon.colcon_core.shell:create_environment_hook('steve_msgs', 'ld_library_path_lib')
[2.486s] INFO:colcon.colcon_core.shell:Creating environment hook '/home/dj/MREN203/main/mren203-ws/install/steve_msgs/share/steve_msgs/hook/ld_library_path_lib.ps1'
[2.487s] INFO:colcon.colcon_core.shell:Creating environment descriptor '/home/dj/MREN203/main/mren203-ws/install/steve_msgs/share/steve_msgs/hook/ld_library_path_lib.dsv'
[2.487s] INFO:colcon.colcon_core.shell:Creating environment hook '/home/dj/MREN203/main/mren203-ws/install/steve_msgs/share/steve_msgs/hook/ld_library_path_lib.sh'
[2.487s] Level 1:colcon.colcon_core.environment:checking '/home/dj/MREN203/main/mren203-ws/install/steve_msgs/bin'
[2.487s] Level 1:colcon.colcon_core.environment:checking '/home/dj/MREN203/main/mren203-ws/install/steve_msgs/lib/pkgconfig/steve_msgs.pc'
[2.487s] Level 1:colcon.colcon_core.environment:checking '/home/dj/MREN203/main/mren203-ws/install/steve_msgs/lib/python3.10/site-packages'
[2.488s] Level 1:colcon.colcon_core.environment:checking '/home/dj/MREN203/main/mren203-ws/install/steve_msgs/bin'
[2.502s] INFO:colcon.colcon_core.shell:Creating package script '/home/dj/MREN203/main/mren203-ws/install/steve_msgs/share/steve_msgs/package.ps1'
[2.502s] INFO:colcon.colcon_core.shell:Creating package descriptor '/home/dj/MREN203/main/mren203-ws/install/steve_msgs/share/steve_msgs/package.dsv'
[2.502s] INFO:colcon.colcon_core.shell:Creating package script '/home/dj/MREN203/main/mren203-ws/install/steve_msgs/share/steve_msgs/package.sh'
[2.503s] INFO:colcon.colcon_core.shell:Creating package script '/home/dj/MREN203/main/mren203-ws/install/steve_msgs/share/steve_msgs/package.bash'
[2.503s] INFO:colcon.colcon_core.shell:Creating package script '/home/dj/MREN203/main/mren203-ws/install/steve_msgs/share/steve_msgs/package.zsh'
[2.503s] Level 1:colcon.colcon_core.environment:create_file_with_runtime_dependencies(/home/dj/MREN203/main/mren203-ws/install/steve_msgs/share/colcon-core/packages/steve_msgs)
[2.507s] DEBUG:colcon.colcon_core.event_handler.log_command:Invoking command in '/home/dj/MREN203/main/mren203-ws/build/testing': PYTHONPATH=/home/dj/MREN203/main/mren203-ws/build/testing/prefix_override:/home/dj/MREN203/main/mren203-ws/install/testing/lib/python3.10/site-packages:${PYTHONPATH} /usr/bin/python3 setup.py develop --editable --build-directory /home/dj/MREN203/main/mren203-ws/build/testing/build --no-deps install_data
[2.508s] DEBUG:colcon.colcon_core.event_handler.log_command:Invoking command in '/home/dj/MREN203/main/mren203-ws/build/joystick_ros2': PYTHONPATH=/home/dj/MREN203/main/mren203-ws/build/joystick_ros2/prefix_override:/home/dj/MREN203/main/mren203-ws/install/joystick_ros2/lib/python3.10/site-packages:${PYTHONPATH} /usr/bin/python3 setup.py develop --editable --build-directory /home/dj/MREN203/main/mren203-ws/build/joystick_ros2/build --no-deps install_data
[2.690s] Level 1:colcon.colcon_core.environment:create_environment_scripts_only(steve_msgs)
[2.704s] Level 1:colcon.colcon_core.environment:checking '/home/dj/MREN203/main/mren203-ws/install/steve_msgs' for CMake module files
[2.705s] Level 1:colcon.colcon_core.environment:checking '/home/dj/MREN203/main/mren203-ws/install/steve_msgs' for CMake config files
[2.705s] Level 1:colcon.colcon_core.shell:create_environment_hook('steve_msgs', 'cmake_prefix_path')
[2.719s] INFO:colcon.colcon_core.shell:Creating environment hook '/home/dj/MREN203/main/mren203-ws/install/steve_msgs/share/steve_msgs/hook/cmake_prefix_path.ps1'
[2.720s] INFO:colcon.colcon_core.shell:Creating environment descriptor '/home/dj/MREN203/main/mren203-ws/install/steve_msgs/share/steve_msgs/hook/cmake_prefix_path.dsv'
[2.720s] INFO:colcon.colcon_core.shell:Creating environment hook '/home/dj/MREN203/main/mren203-ws/install/steve_msgs/share/steve_msgs/hook/cmake_prefix_path.sh'
[2.720s] Level 1:colcon.colcon_core.environment:checking '/home/dj/MREN203/main/mren203-ws/install/steve_msgs/lib'
[2.720s] Level 1:colcon.colcon_core.shell:create_environment_hook('steve_msgs', 'ld_library_path_lib')
[2.734s] INFO:colcon.colcon_core.shell:Creating environment hook '/home/dj/MREN203/main/mren203-ws/install/steve_msgs/share/steve_msgs/hook/ld_library_path_lib.ps1'
[2.735s] INFO:colcon.colcon_core.shell:Creating environment descriptor '/home/dj/MREN203/main/mren203-ws/install/steve_msgs/share/steve_msgs/hook/ld_library_path_lib.dsv'
[2.735s] INFO:colcon.colcon_core.shell:Creating environment hook '/home/dj/MREN203/main/mren203-ws/install/steve_msgs/share/steve_msgs/hook/ld_library_path_lib.sh'
[2.735s] Level 1:colcon.colcon_core.environment:checking '/home/dj/MREN203/main/mren203-ws/install/steve_msgs/bin'
[2.735s] Level 1:colcon.colcon_core.environment:checking '/home/dj/MREN203/main/mren203-ws/install/steve_msgs/lib/pkgconfig/steve_msgs.pc'
[2.735s] Level 1:colcon.colcon_core.environment:checking '/home/dj/MREN203/main/mren203-ws/install/steve_msgs/lib/python3.10/site-packages'
[2.736s] Level 1:colcon.colcon_core.environment:checking '/home/dj/MREN203/main/mren203-ws/install/steve_msgs/bin'
[2.750s] INFO:colcon.colcon_core.shell:Creating package script '/home/dj/MREN203/main/mren203-ws/install/steve_msgs/share/steve_msgs/package.ps1'
[2.750s] INFO:colcon.colcon_core.shell:Creating package descriptor '/home/dj/MREN203/main/mren203-ws/install/steve_msgs/share/steve_msgs/package.dsv'
[2.750s] INFO:colcon.colcon_core.shell:Creating package script '/home/dj/MREN203/main/mren203-ws/install/steve_msgs/share/steve_msgs/package.sh'
[2.751s] INFO:colcon.colcon_core.shell:Creating package script '/home/dj/MREN203/main/mren203-ws/install/steve_msgs/share/steve_msgs/package.bash'
[2.751s] INFO:colcon.colcon_core.shell:Creating package script '/home/dj/MREN203/main/mren203-ws/install/steve_msgs/share/steve_msgs/package.zsh'
[2.751s] Level 1:colcon.colcon_core.environment:create_file_with_runtime_dependencies(/home/dj/MREN203/main/mren203-ws/install/steve_msgs/share/colcon-core/packages/steve_msgs)
[2.752s] INFO:colcon.colcon_ros.task.ament_python.build:Building ROS package in '/home/dj/MREN203/main/mren203-ws/src/motor_control' with build type 'ament_python'
[2.752s] Level 1:colcon.colcon_core.shell:create_environment_hook('motor_control', 'ament_prefix_path')
[2.768s] INFO:colcon.colcon_core.shell:Creating environment hook '/home/dj/MREN203/main/mren203-ws/install/motor_control/share/motor_control/hook/ament_prefix_path.ps1'
[2.768s] INFO:colcon.colcon_core.shell:Creating environment descriptor '/home/dj/MREN203/main/mren203-ws/install/motor_control/share/motor_control/hook/ament_prefix_path.dsv'
[2.768s] INFO:colcon.colcon_core.shell:Creating environment hook '/home/dj/MREN203/main/mren203-ws/install/motor_control/share/motor_control/hook/ament_prefix_path.sh'
[2.787s] INFO:colcon.colcon_core.shell:Skip shell extension 'powershell' for command environment: Not usable outside of PowerShell
[2.787s] DEBUG:colcon.colcon_core.shell:Skip shell extension 'dsv' for command environment
[2.821s] INFO:colcon.colcon_ros.task.ament_python.build:Building ROS package in '/home/dj/MREN203/main/mren203-ws/src/steve_ui' with build type 'ament_python'
[2.821s] Level 1:colcon.colcon_core.shell:create_environment_hook('steve_ui', 'ament_prefix_path')
[2.835s] INFO:colcon.colcon_core.shell:Creating environment hook '/home/dj/MREN203/main/mren203-ws/install/steve_ui/share/steve_ui/hook/ament_prefix_path.ps1'
[2.835s] INFO:colcon.colcon_core.shell:Creating environment descriptor '/home/dj/MREN203/main/mren203-ws/install/steve_ui/share/steve_ui/hook/ament_prefix_path.dsv'
[2.835s] INFO:colcon.colcon_core.shell:Creating environment hook '/home/dj/MREN203/main/mren203-ws/install/steve_ui/share/steve_ui/hook/ament_prefix_path.sh'
[2.850s] INFO:colcon.colcon_core.shell:Skip shell extension 'powershell' for command environment: Not usable outside of PowerShell
[2.850s] DEBUG:colcon.colcon_core.shell:Skip shell extension 'dsv' for command environment
[3.032s] INFO:colcon.colcon_core.task.python.build:Building Python package in '/home/dj/MREN203/main/mren203-ws/src/motor_control'
[3.047s] INFO:colcon.colcon_core.shell:Skip shell extension 'powershell' for command environment: Not usable outside of PowerShell
[3.047s] DEBUG:colcon.colcon_core.shell:Skip shell extension 'dsv' for command environment
[3.224s] INFO:colcon.colcon_core.task.python.build:Building Python package in '/home/dj/MREN203/main/mren203-ws/src/steve_ui'
[3.238s] INFO:colcon.colcon_core.shell:Skip shell extension 'powershell' for command environment: Not usable outside of PowerShell
[3.238s] DEBUG:colcon.colcon_core.shell:Skip shell extension 'dsv' for command environment
[3.268s] Level 1:colcon.colcon_core.shell:create_environment_hook('testing', 'pythonpath_develop')
[3.269s] DEBUG:colcon.colcon_core.event_handler.log_command:Invoked command in '/home/dj/MREN203/main/mren203-ws/build/testing' returned '0': PYTHONPATH=/home/dj/MREN203/main/mren203-ws/build/testing/prefix_override:/home/dj/MREN203/main/mren203-ws/install/testing/lib/python3.10/site-packages:${PYTHONPATH} /usr/bin/python3 setup.py develop --editable --build-directory /home/dj/MREN203/main/mren203-ws/build/testing/build --no-deps install_data
[3.283s] INFO:colcon.colcon_core.shell:Creating environment hook '/home/dj/MREN203/main/mren203-ws/build/testing/share/testing/hook/pythonpath_develop.ps1'
[3.283s] INFO:colcon.colcon_core.shell:Creating environment descriptor '/home/dj/MREN203/main/mren203-ws/build/testing/share/testing/hook/pythonpath_develop.dsv'
[3.283s] INFO:colcon.colcon_core.shell:Creating environment hook '/home/dj/MREN203/main/mren203-ws/build/testing/share/testing/hook/pythonpath_develop.sh'
[3.297s] Level 1:colcon.colcon_core.environment:checking '/home/dj/MREN203/main/mren203-ws/install/testing' for CMake module files
[3.298s] Level 1:colcon.colcon_core.environment:checking '/home/dj/MREN203/main/mren203-ws/install/testing' for CMake config files
[3.298s] Level 1:colcon.colcon_core.environment:checking '/home/dj/MREN203/main/mren203-ws/install/testing/lib'
[3.298s] Level 1:colcon.colcon_core.environment:checking '/home/dj/MREN203/main/mren203-ws/install/testing/bin'
[3.298s] Level 1:colcon.colcon_core.environment:checking '/home/dj/MREN203/main/mren203-ws/install/testing/lib/pkgconfig/testing.pc'
[3.298s] Level 1:colcon.colcon_core.environment:checking '/home/dj/MREN203/main/mren203-ws/install/testing/lib/python3.10/site-packages'
[3.298s] Level 1:colcon.colcon_core.shell:create_environment_hook('testing', 'pythonpath')
[3.313s] INFO:colcon.colcon_core.shell:Creating environment hook '/home/dj/MREN203/main/mren203-ws/install/testing/share/testing/hook/pythonpath.ps1'
[3.313s] INFO:colcon.colcon_core.shell:Creating environment descriptor '/home/dj/MREN203/main/mren203-ws/install/testing/share/testing/hook/pythonpath.dsv'
[3.313s] INFO:colcon.colcon_core.shell:Creating environment hook '/home/dj/MREN203/main/mren203-ws/install/testing/share/testing/hook/pythonpath.sh'
[3.314s] Level 1:colcon.colcon_core.environment:checking '/home/dj/MREN203/main/mren203-ws/install/testing/bin'
[3.314s] Level 1:colcon.colcon_core.environment:create_environment_scripts_only(testing)
[3.328s] INFO:colcon.colcon_core.shell:Creating package script '/home/dj/MREN203/main/mren203-ws/install/testing/share/testing/package.ps1'
[3.328s] INFO:colcon.colcon_core.shell:Creating package descriptor '/home/dj/MREN203/main/mren203-ws/install/testing/share/testing/package.dsv'
[3.329s] INFO:colcon.colcon_core.shell:Creating package script '/home/dj/MREN203/main/mren203-ws/install/testing/share/testing/package.sh'
[3.329s] INFO:colcon.colcon_core.shell:Creating package script '/home/dj/MREN203/main/mren203-ws/install/testing/share/testing/package.bash'
[3.329s] INFO:colcon.colcon_core.shell:Creating package script '/home/dj/MREN203/main/mren203-ws/install/testing/share/testing/package.zsh'
[3.329s] Level 1:colcon.colcon_core.environment:create_file_with_runtime_dependencies(/home/dj/MREN203/main/mren203-ws/install/testing/share/colcon-core/packages/testing)
[3.330s] Level 1:colcon.colcon_core.shell:create_environment_hook('joystick_ros2', 'pythonpath_develop')
[3.330s] DEBUG:colcon.colcon_core.event_handler.log_command:Invoked command in '/home/dj/MREN203/main/mren203-ws/build/joystick_ros2' returned '0': PYTHONPATH=/home/dj/MREN203/main/mren203-ws/build/joystick_ros2/prefix_override:/home/dj/MREN203/main/mren203-ws/install/joystick_ros2/lib/python3.10/site-packages:${PYTHONPATH} /usr/bin/python3 setup.py develop --editable --build-directory /home/dj/MREN203/main/mren203-ws/build/joystick_ros2/build --no-deps install_data
[3.345s] INFO:colcon.colcon_core.shell:Creating environment hook '/home/dj/MREN203/main/mren203-ws/build/joystick_ros2/share/joystick_ros2/hook/pythonpath_develop.ps1'
[3.345s] INFO:colcon.colcon_core.shell:Creating environment descriptor '/home/dj/MREN203/main/mren203-ws/build/joystick_ros2/share/joystick_ros2/hook/pythonpath_develop.dsv'
[3.345s] INFO:colcon.colcon_core.shell:Creating environment hook '/home/dj/MREN203/main/mren203-ws/build/joystick_ros2/share/joystick_ros2/hook/pythonpath_develop.sh'
[3.359s] Level 1:colcon.colcon_core.environment:checking '/home/dj/MREN203/main/mren203-ws/install/joystick_ros2' for CMake module files
[3.360s] Level 1:colcon.colcon_core.environment:checking '/home/dj/MREN203/main/mren203-ws/install/joystick_ros2' for CMake config files
[3.360s] Level 1:colcon.colcon_core.environment:checking '/home/dj/MREN203/main/mren203-ws/install/joystick_ros2/lib'
[3.360s] Level 1:colcon.colcon_core.environment:checking '/home/dj/MREN203/main/mren203-ws/install/joystick_ros2/bin'
[3.360s] Level 1:colcon.colcon_core.environment:checking '/home/dj/MREN203/main/mren203-ws/install/joystick_ros2/lib/pkgconfig/joystick_ros2.pc'
[3.360s] Level 1:colcon.colcon_core.environment:checking '/home/dj/MREN203/main/mren203-ws/install/joystick_ros2/lib/python3.10/site-packages'
[3.360s] Level 1:colcon.colcon_core.shell:create_environment_hook('joystick_ros2', 'pythonpath')
[3.374s] INFO:colcon.colcon_core.shell:Creating environment hook '/home/dj/MREN203/main/mren203-ws/install/joystick_ros2/share/joystick_ros2/hook/pythonpath.ps1'
[3.374s] INFO:colcon.colcon_core.shell:Creating environment descriptor '/home/dj/MREN203/main/mren203-ws/install/joystick_ros2/share/joystick_ros2/hook/pythonpath.dsv'
[3.374s] INFO:colcon.colcon_core.shell:Creating environment hook '/home/dj/MREN203/main/mren203-ws/install/joystick_ros2/share/joystick_ros2/hook/pythonpath.sh'
[3.375s] Level 1:colcon.colcon_core.environment:checking '/home/dj/MREN203/main/mren203-ws/install/joystick_ros2/bin'
[3.375s] Level 1:colcon.colcon_core.environment:create_environment_scripts_only(joystick_ros2)
[3.389s] INFO:colcon.colcon_core.shell:Creating package script '/home/dj/MREN203/main/mren203-ws/install/joystick_ros2/share/joystick_ros2/package.ps1'
[3.389s] INFO:colcon.colcon_core.shell:Creating package descriptor '/home/dj/MREN203/main/mren203-ws/install/joystick_ros2/share/joystick_ros2/package.dsv'
[3.390s] INFO:colcon.colcon_core.shell:Creating package script '/home/dj/MREN203/main/mren203-ws/install/joystick_ros2/share/joystick_ros2/package.sh'
[3.390s] INFO:colcon.colcon_core.shell:Creating package script '/home/dj/MREN203/main/mren203-ws/install/joystick_ros2/share/joystick_ros2/package.bash'
[3.390s] INFO:colcon.colcon_core.shell:Creating package script '/home/dj/MREN203/main/mren203-ws/install/joystick_ros2/share/joystick_ros2/package.zsh'
[3.390s] Level 1:colcon.colcon_core.environment:create_file_with_runtime_dependencies(/home/dj/MREN203/main/mren203-ws/install/joystick_ros2/share/colcon-core/packages/joystick_ros2)
[3.749s] DEBUG:colcon.colcon_core.event_handler.log_command:Invoking command in '/home/dj/MREN203/main/mren203-ws/build/motor_control': AMENT_PREFIX_PATH=/home/dj/MREN203/main/mren203-ws/install/steve_msgs:${AMENT_PREFIX_PATH} CMAKE_PREFIX_PATH=/home/dj/MREN203/main/mren203-ws/install/steve_msgs LD_LIBRARY_PATH=/home/dj/MREN203/main/mren203-ws/install/steve_msgs/lib:${LD_LIBRARY_PATH} PYTHONPATH=/home/dj/MREN203/main/mren203-ws/build/motor_control/prefix_override:/home/dj/MREN203/main/mren203-ws/install/motor_control/lib/python3.10/site-packages:/home/dj/MREN203/main/mren203-ws/install/steve_msgs/local/lib/python3.10/dist-packages:${PYTHONPATH} /usr/bin/python3 setup.py develop --editable --build-directory /home/dj/MREN203/main/mren203-ws/build/motor_control/build --no-deps install_data
[3.873s] DEBUG:colcon.colcon_core.event_handler.log_command:Invoking command in '/home/dj/MREN203/main/mren203-ws/build/steve_ui': AMENT_PREFIX_PATH=/home/dj/MREN203/main/mren203-ws/install/steve_msgs:${AMENT_PREFIX_PATH} CMAKE_PREFIX_PATH=/home/dj/MREN203/main/mren203-ws/install/steve_msgs LD_LIBRARY_PATH=/home/dj/MREN203/main/mren203-ws/install/steve_msgs/lib:${LD_LIBRARY_PATH} PYTHONPATH=/home/dj/MREN203/main/mren203-ws/build/steve_ui/prefix_override:/home/dj/MREN203/main/mren203-ws/install/steve_ui/lib/python3.10/site-packages:/home/dj/MREN203/main/mren203-ws/install/steve_msgs/local/lib/python3.10/dist-packages:${PYTHONPATH} /usr/bin/python3 setup.py develop --editable --build-directory /home/dj/MREN203/main/mren203-ws/build/steve_ui/build --no-deps install_data
[4.329s] Level 1:colcon.colcon_core.shell:create_environment_hook('motor_control', 'pythonpath_develop')
[4.330s] DEBUG:colcon.colcon_core.event_handler.log_command:Invoked command in '/home/dj/MREN203/main/mren203-ws/build/motor_control' returned '0': AMENT_PREFIX_PATH=/home/dj/MREN203/main/mren203-ws/install/steve_msgs:${AMENT_PREFIX_PATH} CMAKE_PREFIX_PATH=/home/dj/MREN203/main/mren203-ws/install/steve_msgs LD_LIBRARY_PATH=/home/dj/MREN203/main/mren203-ws/install/steve_msgs/lib:${LD_LIBRARY_PATH} PYTHONPATH=/home/dj/MREN203/main/mren203-ws/build/motor_control/prefix_override:/home/dj/MREN203/main/mren203-ws/install/motor_control/lib/python3.10/site-packages:/home/dj/MREN203/main/mren203-ws/install/steve_msgs/local/lib/python3.10/dist-packages:${PYTHONPATH} /usr/bin/python3 setup.py develop --editable --build-directory /home/dj/MREN203/main/mren203-ws/build/motor_control/build --no-deps install_data
[4.343s] INFO:colcon.colcon_core.shell:Creating environment hook '/home/dj/MREN203/main/mren203-ws/build/motor_control/share/motor_control/hook/pythonpath_develop.ps1'
[4.344s] INFO:colcon.colcon_core.shell:Creating environment descriptor '/home/dj/MREN203/main/mren203-ws/build/motor_control/share/motor_control/hook/pythonpath_develop.dsv'
[4.344s] INFO:colcon.colcon_core.shell:Creating environment hook '/home/dj/MREN203/main/mren203-ws/build/motor_control/share/motor_control/hook/pythonpath_develop.sh'
[4.358s] Level 1:colcon.colcon_core.environment:checking '/home/dj/MREN203/main/mren203-ws/install/motor_control' for CMake module files
[4.358s] Level 1:colcon.colcon_core.environment:checking '/home/dj/MREN203/main/mren203-ws/install/motor_control' for CMake config files
[4.359s] Level 1:colcon.colcon_core.environment:checking '/home/dj/MREN203/main/mren203-ws/install/motor_control/lib'
[4.359s] Level 1:colcon.colcon_core.environment:checking '/home/dj/MREN203/main/mren203-ws/install/motor_control/bin'
[4.359s] Level 1:colcon.colcon_core.environment:checking '/home/dj/MREN203/main/mren203-ws/install/motor_control/lib/pkgconfig/motor_control.pc'
[4.359s] Level 1:colcon.colcon_core.environment:checking '/home/dj/MREN203/main/mren203-ws/install/motor_control/lib/python3.10/site-packages'
[4.359s] Level 1:colcon.colcon_core.shell:create_environment_hook('motor_control', 'pythonpath')
[4.373s] INFO:colcon.colcon_core.shell:Creating environment hook '/home/dj/MREN203/main/mren203-ws/install/motor_control/share/motor_control/hook/pythonpath.ps1'
[4.373s] INFO:colcon.colcon_core.shell:Creating environment descriptor '/home/dj/MREN203/main/mren203-ws/install/motor_control/share/motor_control/hook/pythonpath.dsv'
[4.373s] INFO:colcon.colcon_core.shell:Creating environment hook '/home/dj/MREN203/main/mren203-ws/install/motor_control/share/motor_control/hook/pythonpath.sh'
[4.374s] Level 1:colcon.colcon_core.environment:checking '/home/dj/MREN203/main/mren203-ws/install/motor_control/bin'
[4.374s] Level 1:colcon.colcon_core.environment:create_environment_scripts_only(motor_control)
[4.388s] INFO:colcon.colcon_core.shell:Creating package script '/home/dj/MREN203/main/mren203-ws/install/motor_control/share/motor_control/package.ps1'
[4.389s] INFO:colcon.colcon_core.shell:Creating package descriptor '/home/dj/MREN203/main/mren203-ws/install/motor_control/share/motor_control/package.dsv'
[4.389s] INFO:colcon.colcon_core.shell:Creating package script '/home/dj/MREN203/main/mren203-ws/install/motor_control/share/motor_control/package.sh'
[4.389s] INFO:colcon.colcon_core.shell:Creating package script '/home/dj/MREN203/main/mren203-ws/install/motor_control/share/motor_control/package.bash'
[4.390s] INFO:colcon.colcon_core.shell:Creating package script '/home/dj/MREN203/main/mren203-ws/install/motor_control/share/motor_control/package.zsh'
[4.390s] Level 1:colcon.colcon_core.environment:create_file_with_runtime_dependencies(/home/dj/MREN203/main/mren203-ws/install/motor_control/share/colcon-core/packages/motor_control)
[4.456s] Level 1:colcon.colcon_core.shell:create_environment_hook('steve_ui', 'pythonpath_develop')
[4.458s] DEBUG:colcon.colcon_core.event_handler.log_command:Invoked command in '/home/dj/MREN203/main/mren203-ws/build/steve_ui' returned '0': AMENT_PREFIX_PATH=/home/dj/MREN203/main/mren203-ws/install/steve_msgs:${AMENT_PREFIX_PATH} CMAKE_PREFIX_PATH=/home/dj/MREN203/main/mren203-ws/install/steve_msgs LD_LIBRARY_PATH=/home/dj/MREN203/main/mren203-ws/install/steve_msgs/lib:${LD_LIBRARY_PATH} PYTHONPATH=/home/dj/MREN203/main/mren203-ws/build/steve_ui/prefix_override:/home/dj/MREN203/main/mren203-ws/install/steve_ui/lib/python3.10/site-packages:/home/dj/MREN203/main/mren203-ws/install/steve_msgs/local/lib/python3.10/dist-packages:${PYTHONPATH} /usr/bin/python3 setup.py develop --editable --build-directory /home/dj/MREN203/main/mren203-ws/build/steve_ui/build --no-deps install_data
[4.471s] INFO:colcon.colcon_core.shell:Creating environment hook '/home/dj/MREN203/main/mren203-ws/build/steve_ui/share/steve_ui/hook/pythonpath_develop.ps1'
[4.471s] INFO:colcon.colcon_core.shell:Creating environment descriptor '/home/dj/MREN203/main/mren203-ws/build/steve_ui/share/steve_ui/hook/pythonpath_develop.dsv'
[4.472s] INFO:colcon.colcon_core.shell:Creating environment hook '/home/dj/MREN203/main/mren203-ws/build/steve_ui/share/steve_ui/hook/pythonpath_develop.sh'
[4.485s] Level 1:colcon.colcon_core.environment:checking '/home/dj/MREN203/main/mren203-ws/install/steve_ui' for CMake module files
[4.486s] Level 1:colcon.colcon_core.environment:checking '/home/dj/MREN203/main/mren203-ws/install/steve_ui' for CMake config files
[4.486s] Level 1:colcon.colcon_core.environment:checking '/home/dj/MREN203/main/mren203-ws/install/steve_ui/lib'
[4.486s] Level 1:colcon.colcon_core.environment:checking '/home/dj/MREN203/main/mren203-ws/install/steve_ui/bin'
[4.486s] Level 1:colcon.colcon_core.environment:checking '/home/dj/MREN203/main/mren203-ws/install/steve_ui/lib/pkgconfig/steve_ui.pc'
[4.486s] Level 1:colcon.colcon_core.environment:checking '/home/dj/MREN203/main/mren203-ws/install/steve_ui/lib/python3.10/site-packages'
[4.486s] Level 1:colcon.colcon_core.shell:create_environment_hook('steve_ui', 'pythonpath')
[4.500s] INFO:colcon.colcon_core.shell:Creating environment hook '/home/dj/MREN203/main/mren203-ws/install/steve_ui/share/steve_ui/hook/pythonpath.ps1'
[4.500s] INFO:colcon.colcon_core.shell:Creating environment descriptor '/home/dj/MREN203/main/mren203-ws/install/steve_ui/share/steve_ui/hook/pythonpath.dsv'
[4.500s] INFO:colcon.colcon_core.shell:Creating environment hook '/home/dj/MREN203/main/mren203-ws/install/steve_ui/share/steve_ui/hook/pythonpath.sh'
[4.500s] Level 1:colcon.colcon_core.environment:checking '/home/dj/MREN203/main/mren203-ws/install/steve_ui/bin'
[4.500s] Level 1:colcon.colcon_core.environment:create_environment_scripts_only(steve_ui)
[4.514s] INFO:colcon.colcon_core.shell:Creating package script '/home/dj/MREN203/main/mren203-ws/install/steve_ui/share/steve_ui/package.ps1'
[4.515s] INFO:colcon.colcon_core.shell:Creating package descriptor '/home/dj/MREN203/main/mren203-ws/install/steve_ui/share/steve_ui/package.dsv'
[4.515s] INFO:colcon.colcon_core.shell:Creating package script '/home/dj/MREN203/main/mren203-ws/install/steve_ui/share/steve_ui/package.sh'
[4.515s] INFO:colcon.colcon_core.shell:Creating package script '/home/dj/MREN203/main/mren203-ws/install/steve_ui/share/steve_ui/package.bash'
[4.515s] INFO:colcon.colcon_core.shell:Creating package script '/home/dj/MREN203/main/mren203-ws/install/steve_ui/share/steve_ui/package.zsh'
[4.516s] Level 1:colcon.colcon_core.environment:create_file_with_runtime_dependencies(/home/dj/MREN203/main/mren203-ws/install/steve_ui/share/colcon-core/packages/steve_ui)
[4.516s] DEBUG:colcon.colcon_parallel_executor.executor.parallel:closing loop
[4.516s] DEBUG:colcon.colcon_parallel_executor.executor.parallel:loop closed
[4.516s] DEBUG:colcon.colcon_parallel_executor.executor.parallel:run_until_complete finished with '0'
[4.516s] DEBUG:colcon.colcon_core.event_reactor:joining thread
[4.533s] INFO:colcon.colcon_core.plugin_system:Skipping extension 'colcon_notification.desktop_notification.terminal_notifier': Not used on non-Darwin systems
[4.534s] INFO:colcon.colcon_core.plugin_system:Skipping extension 'colcon_notification.desktop_notification.win32': Not used on non-Windows systems
[4.534s] INFO:colcon.colcon_notification.desktop_notification:Sending desktop notification using 'notify2'
[4.543s] DEBUG:colcon.colcon_core.event_reactor:joined thread
[4.558s] INFO:colcon.colcon_core.shell:Creating prefix script '/home/dj/MREN203/main/mren203-ws/install/local_setup.ps1'
[4.559s] INFO:colcon.colcon_core.shell:Creating prefix util module '/home/dj/MREN203/main/mren203-ws/install/_local_setup_util_ps1.py'
[4.559s] INFO:colcon.colcon_core.shell:Creating prefix chain script '/home/dj/MREN203/main/mren203-ws/install/setup.ps1'
[4.573s] INFO:colcon.colcon_core.shell:Creating prefix script '/home/dj/MREN203/main/mren203-ws/install/local_setup.sh'
[4.573s] INFO:colcon.colcon_core.shell:Creating prefix util module '/home/dj/MREN203/main/mren203-ws/install/_local_setup_util_sh.py'
[4.574s] INFO:colcon.colcon_core.shell:Creating prefix chain script '/home/dj/MREN203/main/mren203-ws/install/setup.sh'
[4.587s] INFO:colcon.colcon_core.shell:Creating prefix script '/home/dj/MREN203/main/mren203-ws/install/local_setup.bash'
[4.588s] INFO:colcon.colcon_core.shell:Creating prefix chain script '/home/dj/MREN203/main/mren203-ws/install/setup.bash'
[4.601s] INFO:colcon.colcon_core.shell:Creating prefix script '/home/dj/MREN203/main/mren203-ws/install/local_setup.zsh'
[4.602s] INFO:colcon.colcon_core.shell:Creating prefix chain script '/home/dj/MREN203/main/mren203-ws/install/setup.zsh'
