[3.060s] Invoking command in '/home/steve/mren203-ws/build/steve_launch': CMAKE_PREFIX_PATH=${CMAKE_PREFIX_PATH}:/home/steve/mren203-ws/install/motor_control:/home/steve/mren203-ws/install/joystick_ros2:/opt/ros/humble /usr/bin/cmake --build /home/steve/mren203-ws/build/steve_launch -- -j4 -l4
[3.232s] Invoked command in '/home/steve/mren203-ws/build/steve_launch' returned '0': CMAKE_PREFIX_PATH=${CMAKE_PREFIX_PATH}:/home/steve/mren203-ws/install/motor_control:/home/steve/mren203-ws/install/joystick_ros2:/opt/ros/humble /usr/bin/cmake --build /home/steve/mren203-ws/build/steve_launch -- -j4 -l4
[3.396s] Invoking command in '/home/steve/mren203-ws/build/steve_launch': CMAKE_PREFIX_PATH=${CMAKE_PREFIX_PATH}:/home/steve/mren203-ws/install/motor_control:/home/steve/mren203-ws/install/joystick_ros2:/opt/ros/humble /usr/bin/cmake --install /home/steve/mren203-ws/build/steve_launch
[3.436s] -- Install configuration: ""
[3.438s] -- Execute custom install script
[3.440s] -- Up-to-date symlink: /home/steve/mren203-ws/install/steve_launch/share/steve_launch/launch/manual_control.launch
[3.442s] -- Up-to-date symlink: /home/steve/mren203-ws/install/steve_launch/share/ament_index/resource_index/package_run_dependencies/steve_launch
[3.444s] -- Up-to-date symlink: /home/steve/mren203-ws/install/steve_launch/share/ament_index/resource_index/parent_prefix_path/steve_launch
[3.445s] -- Up-to-date symlink: /home/steve/mren203-ws/install/steve_launch/share/steve_launch/environment/ament_prefix_path.sh
[3.447s] -- Up-to-date symlink: /home/steve/mren203-ws/install/steve_launch/share/steve_launch/environment/ament_prefix_path.dsv
[3.449s] -- Up-to-date symlink: /home/steve/mren203-ws/install/steve_launch/share/steve_launch/environment/path.sh
[3.451s] -- Up-to-date symlink: /home/steve/mren203-ws/install/steve_launch/share/steve_launch/environment/path.dsv
[3.452s] -- Up-to-date symlink: /home/steve/mren203-ws/install/steve_launch/share/steve_launch/local_setup.bash
[3.453s] -- Up-to-date symlink: /home/steve/mren203-ws/install/steve_launch/share/steve_launch/local_setup.sh
[3.454s] -- Up-to-date symlink: /home/steve/mren203-ws/install/steve_launch/share/steve_launch/local_setup.zsh
[3.455s] -- Up-to-date symlink: /home/steve/mren203-ws/install/steve_launch/share/steve_launch/local_setup.dsv
[3.456s] -- Symlinking: /home/steve/mren203-ws/install/steve_launch/share/steve_launch/package.dsv
[3.503s] -- Up-to-date symlink: /home/steve/mren203-ws/install/steve_launch/share/ament_index/resource_index/packages/steve_launch
[3.504s] -- Up-to-date symlink: /home/steve/mren203-ws/install/steve_launch/share/steve_launch/cmake/steve_launchConfig.cmake
[3.506s] -- Up-to-date symlink: /home/steve/mren203-ws/install/steve_launch/share/steve_launch/cmake/steve_launchConfig-version.cmake
[3.507s] -- Up-to-date symlink: /home/steve/mren203-ws/install/steve_launch/share/steve_launch/package.xml
[3.526s] Invoked command in '/home/steve/mren203-ws/build/steve_launch' returned '0': CMAKE_PREFIX_PATH=${CMAKE_PREFIX_PATH}:/home/steve/mren203-ws/install/motor_control:/home/steve/mren203-ws/install/joystick_ros2:/opt/ros/humble /usr/bin/cmake --install /home/steve/mren203-ws/build/steve_launch
