[0.522s] Invoking command in '/home/dj/MREN203/mren203-ws/build/steve_launch': CMAKE_PREFIX_PATH=/home/dj/MREN203/mren203-ws/install/motor_control:/home/dj/MREN203/mren203-ws/install/joystick_ros2:/opt/ros/humble /usr/bin/cmake /home/dj/MREN203/mren203-ws/src/steve_launch -DAMENT_CMAKE_SYMLINK_INSTALL=1 -DCMAKE_INSTALL_PREFIX=/home/dj/MREN203/mren203-ws/install/steve_launch
[0.609s] -- The C compiler identification is GNU 11.4.0
[0.677s] -- The CXX compiler identification is GNU 11.4.0
[0.687s] -- Detecting C compiler ABI info
[0.754s] -- Detecting C compiler ABI info - done
[0.758s] -- Check for working C compiler: /usr/bin/cc - skipped
[0.759s] -- Detecting C compile features
[0.759s] -- Detecting C compile features - done
[0.762s] -- Detecting CXX compiler ABI info
[0.835s] -- Detecting CXX compiler ABI info - done
[0.840s] -- Check for working CXX compiler: /usr/bin/c++ - skipped
[0.840s] -- Detecting CXX compile features
[0.841s] -- Detecting CXX compile features - done
[0.844s] -- Found ament_cmake: 1.3.7 (/opt/ros/humble/share/ament_cmake/cmake)
[0.979s] -- Found Python3: /usr/bin/python3.10 (found version "3.10.12") found components: Interpreter 
[1.031s] -- Override CMake install command with custom implementation using symlinks instead of copying resources
[1.111s] -- Configuring done
[1.113s] -- Generating done
[1.114s] -- Build files have been written to: /home/dj/MREN203/mren203-ws/build/steve_launch
[1.118s] Invoked command in '/home/dj/MREN203/mren203-ws/build/steve_launch' returned '0': CMAKE_PREFIX_PATH=/home/dj/MREN203/mren203-ws/install/motor_control:/home/dj/MREN203/mren203-ws/install/joystick_ros2:/opt/ros/humble /usr/bin/cmake /home/dj/MREN203/mren203-ws/src/steve_launch -DAMENT_CMAKE_SYMLINK_INSTALL=1 -DCMAKE_INSTALL_PREFIX=/home/dj/MREN203/mren203-ws/install/steve_launch
[1.120s] Invoking command in '/home/dj/MREN203/mren203-ws/build/steve_launch': CMAKE_PREFIX_PATH=/home/dj/MREN203/mren203-ws/install/motor_control:/home/dj/MREN203/mren203-ws/install/joystick_ros2:/opt/ros/humble /usr/bin/cmake --build /home/dj/MREN203/mren203-ws/build/steve_launch -- -j16 -l16
[1.154s] Invoked command in '/home/dj/MREN203/mren203-ws/build/steve_launch' returned '0': CMAKE_PREFIX_PATH=/home/dj/MREN203/mren203-ws/install/motor_control:/home/dj/MREN203/mren203-ws/install/joystick_ros2:/opt/ros/humble /usr/bin/cmake --build /home/dj/MREN203/mren203-ws/build/steve_launch -- -j16 -l16
[1.190s] Invoking command in '/home/dj/MREN203/mren203-ws/build/steve_launch': CMAKE_PREFIX_PATH=/home/dj/MREN203/mren203-ws/install/motor_control:/home/dj/MREN203/mren203-ws/install/joystick_ros2:/opt/ros/humble /usr/bin/cmake --install /home/dj/MREN203/mren203-ws/build/steve_launch
[1.198s] -- Install configuration: ""
[1.198s] -- Execute custom install script
[1.198s] -- Symlinking: /home/dj/MREN203/mren203-ws/install/steve_launch/share/steve_launch/launch/manual_control.launch
[1.208s] -- Symlinking: /home/dj/MREN203/mren203-ws/install/steve_launch/share/ament_index/resource_index/package_run_dependencies/steve_launch
[1.217s] -- Symlinking: /home/dj/MREN203/mren203-ws/install/steve_launch/share/ament_index/resource_index/parent_prefix_path/steve_launch
[1.226s] -- Symlinking: /home/dj/MREN203/mren203-ws/install/steve_launch/share/steve_launch/environment/ament_prefix_path.sh
[1.234s] -- Symlinking: /home/dj/MREN203/mren203-ws/install/steve_launch/share/steve_launch/environment/ament_prefix_path.dsv
[1.243s] -- Symlinking: /home/dj/MREN203/mren203-ws/install/steve_launch/share/steve_launch/environment/path.sh
[1.251s] -- Symlinking: /home/dj/MREN203/mren203-ws/install/steve_launch/share/steve_launch/environment/path.dsv
[1.259s] -- Symlinking: /home/dj/MREN203/mren203-ws/install/steve_launch/share/steve_launch/local_setup.bash
[1.267s] -- Symlinking: /home/dj/MREN203/mren203-ws/install/steve_launch/share/steve_launch/local_setup.sh
[1.276s] -- Symlinking: /home/dj/MREN203/mren203-ws/install/steve_launch/share/steve_launch/local_setup.zsh
[1.284s] -- Symlinking: /home/dj/MREN203/mren203-ws/install/steve_launch/share/steve_launch/local_setup.dsv
[1.293s] -- Symlinking: /home/dj/MREN203/mren203-ws/install/steve_launch/share/steve_launch/package.dsv
[1.302s] -- Symlinking: /home/dj/MREN203/mren203-ws/install/steve_launch/share/ament_index/resource_index/packages/steve_launch
[1.310s] -- Symlinking: /home/dj/MREN203/mren203-ws/install/steve_launch/share/steve_launch/cmake/steve_launchConfig.cmake
[1.319s] -- Symlinking: /home/dj/MREN203/mren203-ws/install/steve_launch/share/steve_launch/cmake/steve_launchConfig-version.cmake
[1.327s] -- Symlinking: /home/dj/MREN203/mren203-ws/install/steve_launch/share/steve_launch/package.xml
[1.338s] Invoked command in '/home/dj/MREN203/mren203-ws/build/steve_launch' returned '0': CMAKE_PREFIX_PATH=/home/dj/MREN203/mren203-ws/install/motor_control:/home/dj/MREN203/mren203-ws/install/joystick_ros2:/opt/ros/humble /usr/bin/cmake --install /home/dj/MREN203/mren203-ws/build/steve_launch
