[4.933s] Invoking command in '/home/steve/mren203-ws/build/motor_control': PYTHONPATH=/home/steve/mren203-ws/build/motor_control/prefix_override:/home/steve/mren203-ws/install/motor_control/lib/python3.10/site-packages:${PYTHONPATH} /usr/bin/python3 setup.py develop --editable --build-directory /home/steve/mren203-ws/build/motor_control/build --no-deps install_data
[6.203s] running develop
[6.205s] /usr/lib/python3/dist-packages/setuptools/command/easy_install.py:158: EasyInstallDeprecationWarning: easy_install command is deprecated. Use build and pip and other standards-based tools.
[6.205s]   warnings.warn(
[6.209s] /usr/lib/python3/dist-packages/setuptools/command/install.py:34: SetuptoolsDeprecationWarning: setup.py install is deprecated. Use build and pip and other standards-based tools.
[6.210s]   warnings.warn(
[7.022s] running egg_info
[7.023s] creating motor_control.egg-info
[7.024s] writing motor_control.egg-info/PKG-INFO
[7.025s] writing dependency_links to motor_control.egg-info/dependency_links.txt
[7.025s] writing entry points to motor_control.egg-info/entry_points.txt
[7.026s] writing requirements to motor_control.egg-info/requires.txt
[7.027s] writing top-level names to motor_control.egg-info/top_level.txt
[7.028s] writing manifest file 'motor_control.egg-info/SOURCES.txt'
[7.035s] reading manifest file 'motor_control.egg-info/SOURCES.txt'
[7.038s] writing manifest file 'motor_control.egg-info/SOURCES.txt'
[7.050s] running build_ext
[7.053s] Creating /home/steve/mren203-ws/install/motor_control/lib/python3.10/site-packages/motor-control.egg-link (link to .)
[7.058s] Installing motor_driver script to /home/steve/mren203-ws/install/motor_control/lib/motor_control
[7.060s] 
[7.061s] Installed /home/steve/mren203-ws/build/motor_control
[7.063s] running install_data
[7.065s] creating /home/steve/mren203-ws/install/motor_control/share/ament_index
[7.067s] creating /home/steve/mren203-ws/install/motor_control/share/ament_index/resource_index
[7.069s] creating /home/steve/mren203-ws/install/motor_control/share/ament_index/resource_index/packages
[7.071s] copying resource/motor_control -> /home/steve/mren203-ws/install/motor_control/share/ament_index/resource_index/packages
[7.073s] copying package.xml -> /home/steve/mren203-ws/install/motor_control/share/motor_control
[7.546s] Invoked command in '/home/steve/mren203-ws/build/motor_control' returned '0': PYTHONPATH=/home/steve/mren203-ws/build/motor_control/prefix_override:/home/steve/mren203-ws/install/motor_control/lib/python3.10/site-packages:${PYTHONPATH} /usr/bin/python3 setup.py develop --editable --build-directory /home/steve/mren203-ws/build/motor_control/build --no-deps install_data
