[6.697s] Invoking command in '/home/steve/mren203-ws/build/motor_control': PYTHONPATH=/home/steve/mren203-ws/build/motor_control/prefix_override:/home/steve/mren203-ws/install/motor_control/lib/python3.10/site-packages:${PYTHONPATH} /usr/bin/python3 setup.py develop --editable --build-directory /home/steve/mren203-ws/build/motor_control/build --no-deps install_data
[8.237s] running develop
[8.239s] /usr/lib/python3/dist-packages/setuptools/command/easy_install.py:158: EasyInstallDeprecationWarning: easy_install command is deprecated. Use build and pip and other standards-based tools.
[8.240s]   warnings.warn(
[8.245s] /usr/lib/python3/dist-packages/setuptools/command/install.py:34: SetuptoolsDeprecationWarning: setup.py install is deprecated. Use build and pip and other standards-based tools.
[8.246s]   warnings.warn(
[9.426s] running egg_info
[9.427s] writing motor_control.egg-info/PKG-INFO
[9.429s] writing dependency_links to motor_control.egg-info/dependency_links.txt
[9.432s] writing entry points to motor_control.egg-info/entry_points.txt
[9.434s] writing requirements to motor_control.egg-info/requires.txt
[9.436s] writing top-level names to motor_control.egg-info/top_level.txt
[9.451s] reading manifest file 'motor_control.egg-info/SOURCES.txt'
[9.457s] writing manifest file 'motor_control.egg-info/SOURCES.txt'
[9.469s] running build_ext
[9.470s] Creating /home/steve/mren203-ws/install/motor_control/lib/python3.10/site-packages/motor-control.egg-link (link to .)
[9.478s] Installing motor_driver script to /home/steve/mren203-ws/install/motor_control/lib/motor_control
[9.480s] Installing tf_node script to /home/steve/mren203-ws/install/motor_control/lib/motor_control
[9.483s] 
[9.484s] Installed /home/steve/mren203-ws/build/motor_control
[9.486s] running install_data
[9.984s] Invoked command in '/home/steve/mren203-ws/build/motor_control' returned '0': PYTHONPATH=/home/steve/mren203-ws/build/motor_control/prefix_override:/home/steve/mren203-ws/install/motor_control/lib/python3.10/site-packages:${PYTHONPATH} /usr/bin/python3 setup.py develop --editable --build-directory /home/steve/mren203-ws/build/motor_control/build --no-deps install_data
