[5.472s] Invoking command in '/home/steve/mren203-ws/build/motor_control': PYTHONPATH=/home/steve/mren203-ws/build/motor_control/prefix_override:/home/steve/mren203-ws/install/motor_control/lib/python3.10/site-packages:${PYTHONPATH} /usr/bin/python3 setup.py develop --editable --build-directory /home/steve/mren203-ws/build/motor_control/build --no-deps install_data
[7.066s] running develop
[7.068s] /usr/lib/python3/dist-packages/setuptools/command/easy_install.py:158: EasyInstallDeprecationWarning: easy_install command is deprecated. Use build and pip and other standards-based tools.
[7.069s]   warnings.warn(
[7.074s] /usr/lib/python3/dist-packages/setuptools/command/install.py:34: SetuptoolsDeprecationWarning: setup.py install is deprecated. Use build and pip and other standards-based tools.
[7.075s]   warnings.warn(
[8.193s] running egg_info
[8.196s] creating motor_control.egg-info
[8.199s] writing motor_control.egg-info/PKG-INFO
[8.202s] writing dependency_links to motor_control.egg-info/dependency_links.txt
[8.205s] writing entry points to motor_control.egg-info/entry_points.txt
[8.206s] writing requirements to motor_control.egg-info/requires.txt
[8.209s] writing top-level names to motor_control.egg-info/top_level.txt
[8.211s] writing manifest file 'motor_control.egg-info/SOURCES.txt'
[8.225s] reading manifest file 'motor_control.egg-info/SOURCES.txt'
[8.228s] writing manifest file 'motor_control.egg-info/SOURCES.txt'
[8.245s] running build_ext
[8.247s] Creating /home/steve/mren203-ws/install/motor_control/lib/python3.10/site-packages/motor-control.egg-link (link to .)
[8.249s] Installing motor_driver script to /home/steve/mren203-ws/install/motor_control/lib/motor_control
[8.252s] 
[8.254s] Installed /home/steve/mren203-ws/build/motor_control
[8.255s] running install_data
[8.257s] creating /home/steve/mren203-ws/install/motor_control/share/ament_index
[8.259s] creating /home/steve/mren203-ws/install/motor_control/share/ament_index/resource_index
[8.261s] creating /home/steve/mren203-ws/install/motor_control/share/ament_index/resource_index/packages
[8.263s] copying resource/motor_control -> /home/steve/mren203-ws/install/motor_control/share/ament_index/resource_index/packages
[8.266s] copying package.xml -> /home/steve/mren203-ws/install/motor_control/share/motor_control
[8.643s] Invoked command in '/home/steve/mren203-ws/build/motor_control' returned '0': PYTHONPATH=/home/steve/mren203-ws/build/motor_control/prefix_override:/home/steve/mren203-ws/install/motor_control/lib/python3.10/site-packages:${PYTHONPATH} /usr/bin/python3 setup.py develop --editable --build-directory /home/steve/mren203-ws/build/motor_control/build --no-deps install_data
