[4.562s] Invoking command in '/home/steve/mren203-ws/build/steve_ui': PYTHONPATH=/home/steve/mren203-ws/build/steve_ui/prefix_override:/home/steve/mren203-ws/install/steve_ui/lib/python3.10/site-packages:${PYTHONPATH} /usr/bin/python3 setup.py develop --editable --build-directory /home/steve/mren203-ws/build/steve_ui/build --no-deps install_data
[6.126s] running develop
[6.128s] /usr/lib/python3/dist-packages/setuptools/command/easy_install.py:158: EasyInstallDeprecationWarning: easy_install command is deprecated. Use build and pip and other standards-based tools.
[6.128s]   warnings.warn(
[6.132s] /usr/lib/python3/dist-packages/setuptools/command/install.py:34: SetuptoolsDeprecationWarning: setup.py install is deprecated. Use build and pip and other standards-based tools.
[6.133s]   warnings.warn(
[6.871s] running egg_info
[6.872s] writing steve_ui.egg-info/PKG-INFO
[6.873s] writing dependency_links to steve_ui.egg-info/dependency_links.txt
[6.874s] writing entry points to steve_ui.egg-info/entry_points.txt
[6.874s] writing requirements to steve_ui.egg-info/requires.txt
[6.875s] writing top-level names to steve_ui.egg-info/top_level.txt
[6.883s] reading manifest file 'steve_ui.egg-info/SOURCES.txt'
[6.887s] writing manifest file 'steve_ui.egg-info/SOURCES.txt'
[6.893s] running build_ext
[6.893s] Creating /home/steve/mren203-ws/install/steve_ui/lib/python3.10/site-packages/steve-ui.egg-link (link to .)
[6.897s] 
[6.897s] Installed /home/steve/mren203-ws/build/steve_ui
[6.898s] running install_data
[7.028s] Invoked command in '/home/steve/mren203-ws/build/steve_ui' returned '0': PYTHONPATH=/home/steve/mren203-ws/build/steve_ui/prefix_override:/home/steve/mren203-ws/install/steve_ui/lib/python3.10/site-packages:${PYTHONPATH} /usr/bin/python3 setup.py develop --editable --build-directory /home/steve/mren203-ws/build/steve_ui/build --no-deps install_data
