[1.221s] Invoking command in '/home/dj/MREN203/main/mren203-ws/build/joystick_ros2': PYTHONPATH=/home/dj/MREN203/main/mren203-ws/build/joystick_ros2/prefix_override:/home/dj/MREN203/main/mren203-ws/install/joystick_ros2/lib/python3.10/site-packages:${PYTHONPATH} /usr/bin/python3 setup.py develop --editable --build-directory /home/dj/MREN203/main/mren203-ws/build/joystick_ros2/build --no-deps install_data
[1.534s] /home/dj/.local/lib/python3.10/site-packages/setuptools/command/develop.py:40: EasyInstallDeprecationWarning: easy_install command is deprecated.
[1.534s] !!
[1.534s] 
[1.534s]         ********************************************************************************
[1.535s]         Please avoid running ``setup.py`` and ``easy_install``.
[1.535s]         Instead, use pypa/build, pypa/installer or other
[1.535s]         standards-based tools.
[1.535s] 
[1.535s]         See https://github.com/pypa/setuptools/issues/917 for details.
[1.535s]         ********************************************************************************
[1.535s] 
[1.536s] !!
[1.536s]   easy_install.initialize_options(self)
[1.536s] running develop
[1.567s] /home/dj/.local/lib/python3.10/site-packages/setuptools/_distutils/cmd.py:66: SetuptoolsDeprecationWarning: setup.py install is deprecated.
[1.567s] !!
[1.567s] 
[1.568s]         ********************************************************************************
[1.568s]         Please avoid running ``setup.py`` directly.
[1.568s]         Instead, use pypa/build, pypa/installer or other
[1.568s]         standards-based tools.
[1.568s] 
[1.568s]         See https://blog.ganssle.io/articles/2021/10/setup-py-deprecated.html for details.
[1.568s]         ********************************************************************************
[1.568s] 
[1.569s] !!
[1.569s]   self.initialize_options()
[1.758s] running egg_info
[1.758s] creating joystick_ros2.egg-info
[1.776s] writing joystick_ros2.egg-info/PKG-INFO
[1.776s] writing dependency_links to joystick_ros2.egg-info/dependency_links.txt
[1.777s] writing entry points to joystick_ros2.egg-info/entry_points.txt
[1.777s] writing requirements to joystick_ros2.egg-info/requires.txt
[1.777s] writing top-level names to joystick_ros2.egg-info/top_level.txt
[1.777s] writing manifest file 'joystick_ros2.egg-info/SOURCES.txt'
[1.807s] reading manifest file 'joystick_ros2.egg-info/SOURCES.txt'
[1.808s] writing manifest file 'joystick_ros2.egg-info/SOURCES.txt'
[1.879s] running build_ext
[1.879s] Creating /home/dj/MREN203/main/mren203-ws/install/joystick_ros2/lib/python3.10/site-packages/joystick-ros2.egg-link (link to .)
[1.879s] Installing joystick_ros2 script to /home/dj/MREN203/main/mren203-ws/install/joystick_ros2/lib/joystick_ros2
[1.880s] 
[1.880s] Installed /home/dj/MREN203/main/mren203-ws/build/joystick_ros2
[1.880s] running install_data
[1.881s] creating /home/dj/MREN203/main/mren203-ws/install/joystick_ros2/share/ament_index
[1.881s] creating /home/dj/MREN203/main/mren203-ws/install/joystick_ros2/share/ament_index/resource_index
[1.881s] creating /home/dj/MREN203/main/mren203-ws/install/joystick_ros2/share/ament_index/resource_index/packages
[1.881s] copying resource/joystick_ros2 -> /home/dj/MREN203/main/mren203-ws/install/joystick_ros2/share/ament_index/resource_index/packages
[1.881s] creating /home/dj/MREN203/main/mren203-ws/install/joystick_ros2/shared
[1.881s] creating /home/dj/MREN203/main/mren203-ws/install/joystick_ros2/shared/joystick_ros2
[1.882s] copying package.xml -> /home/dj/MREN203/main/mren203-ws/install/joystick_ros2/shared/joystick_ros2
[1.941s] Invoked command in '/home/dj/MREN203/main/mren203-ws/build/joystick_ros2' returned '0': PYTHONPATH=/home/dj/MREN203/main/mren203-ws/build/joystick_ros2/prefix_override:/home/dj/MREN203/main/mren203-ws/install/joystick_ros2/lib/python3.10/site-packages:${PYTHONPATH} /usr/bin/python3 setup.py develop --editable --build-directory /home/dj/MREN203/main/mren203-ws/build/joystick_ros2/build --no-deps install_data
