[4.176s] DEBUG:colcon:Command line arguments: ['/usr/bin/colcon', 'build', '--symlink-install']
[4.177s] DEBUG:colcon:Parsed command line arguments: Namespace(log_base=None, log_level=None, verb_name='build', build_base='build', install_base='install', merge_install=False, symlink_install=True, test_result_base=None, continue_on_error=False, executor='parallel', parallel_workers=4, event_handlers=None, ignore_user_meta=False, metas=['./colcon.meta'], base_paths=['.'], packages_ignore=None, packages_ignore_regex=None, paths=None, packages_up_to=None, packages_up_to_regex=None, packages_above=None, packages_above_and_dependencies=None, packages_above_depth=None, packages_select_by_dep=None, packages_skip_by_dep=None, packages_skip_up_to=None, packages_select_build_failed=False, packages_skip_build_finished=False, packages_select_test_failures=False, packages_skip_test_passed=False, packages_select=None, packages_skip=None, packages_select_regex=None, packages_skip_regex=None, packages_start=None, packages_end=None, allow_overriding=[], cmake_args=None, cmake_target=None, cmake_target_skip_unavailable=False, cmake_clean_cache=False, cmake_clean_first=False, cmake_force_configure=False, ament_cmake_args=None, catkin_cmake_args=None, catkin_skip_building_tests=False, verb_parser=<colcon_defaults.argument_parser.defaults.DefaultArgumentsDecorator object at 0xffffa5596710>, verb_extension=<colcon_core.verb.build.BuildVerb object at 0xffffa5a3fa30>, main=<bound method BuildVerb.main of <colcon_core.verb.build.BuildVerb object at 0xffffa5a3fa30>>)
[4.373s] Level 1:colcon.colcon_core.package_discovery:discover_packages(colcon_meta) check parameters
[4.374s] Level 1:colcon.colcon_core.package_discovery:discover_packages(recursive) check parameters
[4.374s] Level 1:colcon.colcon_core.package_discovery:discover_packages(ignore) check parameters
[4.374s] Level 1:colcon.colcon_core.package_discovery:discover_packages(path) check parameters
[4.374s] Level 1:colcon.colcon_core.package_discovery:discover_packages(colcon_meta) discover
[4.374s] Level 1:colcon.colcon_core.package_discovery:discover_packages(recursive) discover
[4.374s] INFO:colcon.colcon_core.package_discovery:Crawling recursively for packages in '/home/steve/mren203-ws'
[4.375s] Level 1:colcon.colcon_core.package_identification:_identify(.) by extensions ['ignore', 'ignore_ament_install']
[4.375s] Level 1:colcon.colcon_core.package_identification:_identify(.) by extension 'ignore'
[4.375s] Level 1:colcon.colcon_core.package_identification:_identify(.) by extension 'ignore_ament_install'
[4.376s] Level 1:colcon.colcon_core.package_identification:_identify(.) by extensions ['colcon_pkg']
[4.376s] Level 1:colcon.colcon_core.package_identification:_identify(.) by extension 'colcon_pkg'
[4.376s] Level 1:colcon.colcon_core.package_identification:_identify(.) by extensions ['colcon_meta']
[4.376s] Level 1:colcon.colcon_core.package_identification:_identify(.) by extension 'colcon_meta'
[4.376s] Level 1:colcon.colcon_core.package_identification:_identify(.) by extensions ['ros']
[4.376s] Level 1:colcon.colcon_core.package_identification:_identify(.) by extension 'ros'
[4.419s] Level 1:colcon.colcon_core.package_identification:_identify(.) by extensions ['cmake', 'python']
[4.420s] Level 1:colcon.colcon_core.package_identification:_identify(.) by extension 'cmake'
[4.420s] Level 1:colcon.colcon_core.package_identification:_identify(.) by extension 'python'
[4.420s] Level 1:colcon.colcon_core.package_identification:_identify(.) by extensions ['python_setup_py']
[4.420s] Level 1:colcon.colcon_core.package_identification:_identify(.) by extension 'python_setup_py'
[4.421s] Level 1:colcon.colcon_core.package_identification:_identify(Arduino) by extensions ['ignore', 'ignore_ament_install']
[4.421s] Level 1:colcon.colcon_core.package_identification:_identify(Arduino) by extension 'ignore'
[4.421s] Level 1:colcon.colcon_core.package_identification:_identify(Arduino) ignored
[4.422s] Level 1:colcon.colcon_core.package_identification:_identify(Python) by extensions ['ignore', 'ignore_ament_install']
[4.422s] Level 1:colcon.colcon_core.package_identification:_identify(Python) by extension 'ignore'
[4.422s] Level 1:colcon.colcon_core.package_identification:_identify(Python) ignored
[4.423s] Level 1:colcon.colcon_core.package_identification:_identify(build) by extensions ['ignore', 'ignore_ament_install']
[4.423s] Level 1:colcon.colcon_core.package_identification:_identify(build) by extension 'ignore'
[4.423s] Level 1:colcon.colcon_core.package_identification:_identify(build) ignored
[4.423s] Level 1:colcon.colcon_core.package_identification:_identify(install) by extensions ['ignore', 'ignore_ament_install']
[4.424s] Level 1:colcon.colcon_core.package_identification:_identify(install) by extension 'ignore'
[4.424s] Level 1:colcon.colcon_core.package_identification:_identify(install) ignored
[4.425s] Level 1:colcon.colcon_core.package_identification:_identify(log) by extensions ['ignore', 'ignore_ament_install']
[4.425s] Level 1:colcon.colcon_core.package_identification:_identify(log) by extension 'ignore'
[4.425s] Level 1:colcon.colcon_core.package_identification:_identify(log) ignored
[4.426s] Level 1:colcon.colcon_core.package_identification:_identify(src) by extensions ['ignore', 'ignore_ament_install']
[4.426s] Level 1:colcon.colcon_core.package_identification:_identify(src) by extension 'ignore'
[4.426s] Level 1:colcon.colcon_core.package_identification:_identify(src) by extension 'ignore_ament_install'
[4.426s] Level 1:colcon.colcon_core.package_identification:_identify(src) by extensions ['colcon_pkg']
[4.426s] Level 1:colcon.colcon_core.package_identification:_identify(src) by extension 'colcon_pkg'
[4.427s] Level 1:colcon.colcon_core.package_identification:_identify(src) by extensions ['colcon_meta']
[4.427s] Level 1:colcon.colcon_core.package_identification:_identify(src) by extension 'colcon_meta'
[4.427s] Level 1:colcon.colcon_core.package_identification:_identify(src) by extensions ['ros']
[4.427s] Level 1:colcon.colcon_core.package_identification:_identify(src) by extension 'ros'
[4.427s] Level 1:colcon.colcon_core.package_identification:_identify(src) by extensions ['cmake', 'python']
[4.427s] Level 1:colcon.colcon_core.package_identification:_identify(src) by extension 'cmake'
[4.428s] Level 1:colcon.colcon_core.package_identification:_identify(src) by extension 'python'
[4.428s] Level 1:colcon.colcon_core.package_identification:_identify(src) by extensions ['python_setup_py']
[4.428s] Level 1:colcon.colcon_core.package_identification:_identify(src) by extension 'python_setup_py'
[4.428s] Level 1:colcon.colcon_core.package_identification:_identify(src/joystick_ros2) by extensions ['ignore', 'ignore_ament_install']
[4.429s] Level 1:colcon.colcon_core.package_identification:_identify(src/joystick_ros2) by extension 'ignore'
[4.429s] Level 1:colcon.colcon_core.package_identification:_identify(src/joystick_ros2) by extension 'ignore_ament_install'
[4.429s] Level 1:colcon.colcon_core.package_identification:_identify(src/joystick_ros2) by extensions ['colcon_pkg']
[4.429s] Level 1:colcon.colcon_core.package_identification:_identify(src/joystick_ros2) by extension 'colcon_pkg'
[4.429s] Level 1:colcon.colcon_core.package_identification:_identify(src/joystick_ros2) by extensions ['colcon_meta']
[4.429s] Level 1:colcon.colcon_core.package_identification:_identify(src/joystick_ros2) by extension 'colcon_meta'
[4.430s] Level 1:colcon.colcon_core.package_identification:_identify(src/joystick_ros2) by extensions ['ros']
[4.430s] Level 1:colcon.colcon_core.package_identification:_identify(src/joystick_ros2) by extension 'ros'
[4.438s] DEBUG:colcon.colcon_core.package_identification:Package 'src/joystick_ros2' with type 'ros.ament_python' and name 'joystick_ros2'
[4.439s] Level 1:colcon.colcon_core.package_identification:_identify(src/motor_control) by extensions ['ignore', 'ignore_ament_install']
[4.439s] Level 1:colcon.colcon_core.package_identification:_identify(src/motor_control) by extension 'ignore'
[4.439s] Level 1:colcon.colcon_core.package_identification:_identify(src/motor_control) by extension 'ignore_ament_install'
[4.440s] Level 1:colcon.colcon_core.package_identification:_identify(src/motor_control) by extensions ['colcon_pkg']
[4.440s] Level 1:colcon.colcon_core.package_identification:_identify(src/motor_control) by extension 'colcon_pkg'
[4.440s] Level 1:colcon.colcon_core.package_identification:_identify(src/motor_control) by extensions ['colcon_meta']
[4.440s] Level 1:colcon.colcon_core.package_identification:_identify(src/motor_control) by extension 'colcon_meta'
[4.440s] Level 1:colcon.colcon_core.package_identification:_identify(src/motor_control) by extensions ['ros']
[4.440s] Level 1:colcon.colcon_core.package_identification:_identify(src/motor_control) by extension 'ros'
[4.443s] DEBUG:colcon.colcon_core.package_identification:Package 'src/motor_control' with type 'ros.ament_python' and name 'motor_control'
[4.444s] Level 1:colcon.colcon_core.package_identification:_identify(src/my_bot) by extensions ['ignore', 'ignore_ament_install']
[4.444s] Level 1:colcon.colcon_core.package_identification:_identify(src/my_bot) by extension 'ignore'
[4.444s] Level 1:colcon.colcon_core.package_identification:_identify(src/my_bot) by extension 'ignore_ament_install'
[4.445s] Level 1:colcon.colcon_core.package_identification:_identify(src/my_bot) by extensions ['colcon_pkg']
[4.445s] Level 1:colcon.colcon_core.package_identification:_identify(src/my_bot) by extension 'colcon_pkg'
[4.445s] Level 1:colcon.colcon_core.package_identification:_identify(src/my_bot) by extensions ['colcon_meta']
[4.445s] Level 1:colcon.colcon_core.package_identification:_identify(src/my_bot) by extension 'colcon_meta'
[4.445s] Level 1:colcon.colcon_core.package_identification:_identify(src/my_bot) by extensions ['ros']
[4.445s] Level 1:colcon.colcon_core.package_identification:_identify(src/my_bot) by extension 'ros'
[4.447s] DEBUG:colcon.colcon_core.package_identification:Package 'src/my_bot' with type 'ros.ament_cmake' and name 'my_bot'
[4.448s] Level 1:colcon.colcon_core.package_identification:_identify(src/rplidar_ros2) by extensions ['ignore', 'ignore_ament_install']
[4.448s] Level 1:colcon.colcon_core.package_identification:_identify(src/rplidar_ros2) by extension 'ignore'
[4.448s] Level 1:colcon.colcon_core.package_identification:_identify(src/rplidar_ros2) by extension 'ignore_ament_install'
[4.448s] Level 1:colcon.colcon_core.package_identification:_identify(src/rplidar_ros2) by extensions ['colcon_pkg']
[4.449s] Level 1:colcon.colcon_core.package_identification:_identify(src/rplidar_ros2) by extension 'colcon_pkg'
[4.449s] Level 1:colcon.colcon_core.package_identification:_identify(src/rplidar_ros2) by extensions ['colcon_meta']
[4.449s] Level 1:colcon.colcon_core.package_identification:_identify(src/rplidar_ros2) by extension 'colcon_meta'
[4.449s] Level 1:colcon.colcon_core.package_identification:_identify(src/rplidar_ros2) by extensions ['ros']
[4.449s] Level 1:colcon.colcon_core.package_identification:_identify(src/rplidar_ros2) by extension 'ros'
[4.451s] DEBUG:colcon.colcon_core.package_identification:Package 'src/rplidar_ros2' with type 'ros.ament_cmake' and name 'rplidar_ros'
[4.452s] Level 1:colcon.colcon_core.package_identification:_identify(src/steve_launch) by extensions ['ignore', 'ignore_ament_install']
[4.452s] Level 1:colcon.colcon_core.package_identification:_identify(src/steve_launch) by extension 'ignore'
[4.452s] Level 1:colcon.colcon_core.package_identification:_identify(src/steve_launch) by extension 'ignore_ament_install'
[4.453s] Level 1:colcon.colcon_core.package_identification:_identify(src/steve_launch) by extensions ['colcon_pkg']
[4.453s] Level 1:colcon.colcon_core.package_identification:_identify(src/steve_launch) by extension 'colcon_pkg'
[4.453s] Level 1:colcon.colcon_core.package_identification:_identify(src/steve_launch) by extensions ['colcon_meta']
[4.453s] Level 1:colcon.colcon_core.package_identification:_identify(src/steve_launch) by extension 'colcon_meta'
[4.453s] Level 1:colcon.colcon_core.package_identification:_identify(src/steve_launch) by extensions ['ros']
[4.453s] Level 1:colcon.colcon_core.package_identification:_identify(src/steve_launch) by extension 'ros'
[4.455s] DEBUG:colcon.colcon_core.package_identification:Package 'src/steve_launch' with type 'ros.ament_cmake' and name 'steve_launch'
[4.456s] Level 1:colcon.colcon_core.package_identification:_identify(src/steve_msgs) by extensions ['ignore', 'ignore_ament_install']
[4.456s] Level 1:colcon.colcon_core.package_identification:_identify(src/steve_msgs) by extension 'ignore'
[4.456s] Level 1:colcon.colcon_core.package_identification:_identify(src/steve_msgs) by extension 'ignore_ament_install'
[4.456s] Level 1:colcon.colcon_core.package_identification:_identify(src/steve_msgs) by extensions ['colcon_pkg']
[4.456s] Level 1:colcon.colcon_core.package_identification:_identify(src/steve_msgs) by extension 'colcon_pkg'
[4.457s] Level 1:colcon.colcon_core.package_identification:_identify(src/steve_msgs) by extensions ['colcon_meta']
[4.457s] Level 1:colcon.colcon_core.package_identification:_identify(src/steve_msgs) by extension 'colcon_meta'
[4.457s] Level 1:colcon.colcon_core.package_identification:_identify(src/steve_msgs) by extensions ['ros']
[4.457s] Level 1:colcon.colcon_core.package_identification:_identify(src/steve_msgs) by extension 'ros'
[4.463s] DEBUG:colcon.colcon_core.package_identification:Package 'src/steve_msgs' with type 'ros.ament_cmake' and name 'steve_msgs'
[4.464s] Level 1:colcon.colcon_core.package_identification:_identify(src/steve_ui) by extensions ['ignore', 'ignore_ament_install']
[4.464s] Level 1:colcon.colcon_core.package_identification:_identify(src/steve_ui) by extension 'ignore'
[4.464s] Level 1:colcon.colcon_core.package_identification:_identify(src/steve_ui) by extension 'ignore_ament_install'
[4.464s] Level 1:colcon.colcon_core.package_identification:_identify(src/steve_ui) by extensions ['colcon_pkg']
[4.464s] Level 1:colcon.colcon_core.package_identification:_identify(src/steve_ui) by extension 'colcon_pkg'
[4.465s] Level 1:colcon.colcon_core.package_identification:_identify(src/steve_ui) by extensions ['colcon_meta']
[4.465s] Level 1:colcon.colcon_core.package_identification:_identify(src/steve_ui) by extension 'colcon_meta'
[4.465s] Level 1:colcon.colcon_core.package_identification:_identify(src/steve_ui) by extensions ['ros']
[4.465s] Level 1:colcon.colcon_core.package_identification:_identify(src/steve_ui) by extension 'ros'
[4.467s] DEBUG:colcon.colcon_core.package_identification:Package 'src/steve_ui' with type 'ros.ament_python' and name 'steve_ui'
[4.468s] Level 1:colcon.colcon_core.package_identification:_identify(src/testing) by extensions ['ignore', 'ignore_ament_install']
[4.468s] Level 1:colcon.colcon_core.package_identification:_identify(src/testing) by extension 'ignore'
[4.468s] Level 1:colcon.colcon_core.package_identification:_identify(src/testing) by extension 'ignore_ament_install'
[4.468s] Level 1:colcon.colcon_core.package_identification:_identify(src/testing) by extensions ['colcon_pkg']
[4.468s] Level 1:colcon.colcon_core.package_identification:_identify(src/testing) by extension 'colcon_pkg'
[4.469s] Level 1:colcon.colcon_core.package_identification:_identify(src/testing) by extensions ['colcon_meta']
[4.469s] Level 1:colcon.colcon_core.package_identification:_identify(src/testing) by extension 'colcon_meta'
[4.469s] Level 1:colcon.colcon_core.package_identification:_identify(src/testing) by extensions ['ros']
[4.469s] Level 1:colcon.colcon_core.package_identification:_identify(src/testing) by extension 'ros'
[4.471s] DEBUG:colcon.colcon_core.package_identification:Package 'src/testing' with type 'ros.ament_python' and name 'testing'
[4.472s] Level 1:colcon.colcon_core.package_discovery:discover_packages(recursive) using defaults
[4.472s] Level 1:colcon.colcon_core.package_discovery:discover_packages(ignore) discover
[4.472s] Level 1:colcon.colcon_core.package_discovery:discover_packages(ignore) using defaults
[4.472s] Level 1:colcon.colcon_core.package_discovery:discover_packages(path) discover
[4.472s] Level 1:colcon.colcon_core.package_discovery:discover_packages(path) using defaults
[4.847s] Level 1:colcon.colcon_core.package_discovery:discover_packages(prefix_path) check parameters
[4.847s] Level 1:colcon.colcon_core.package_discovery:discover_packages(prefix_path) discover
[4.910s] WARNING:colcon.colcon_ros.prefix_path.ament:The path '/home/steve/mren203-ws/install/testing' in the environment variable AMENT_PREFIX_PATH doesn't exist
[4.910s] WARNING:colcon.colcon_ros.prefix_path.ament:The path '/home/steve/mren203-ws/install/steve_ui' in the environment variable AMENT_PREFIX_PATH doesn't exist
[4.911s] WARNING:colcon.colcon_ros.prefix_path.ament:The path '/home/steve/mren203-ws/install/motor_control' in the environment variable AMENT_PREFIX_PATH doesn't exist
[4.911s] WARNING:colcon.colcon_ros.prefix_path.ament:The path '/home/steve/mren203-ws/install/steve_msgs' in the environment variable AMENT_PREFIX_PATH doesn't exist
[4.911s] WARNING:colcon.colcon_ros.prefix_path.ament:The path '/home/steve/mren203-ws/install/steve_launch' in the environment variable AMENT_PREFIX_PATH doesn't exist
[4.911s] WARNING:colcon.colcon_ros.prefix_path.ament:The path '/home/steve/mren203-ws/install/rplidar_ros' in the environment variable AMENT_PREFIX_PATH doesn't exist
[4.912s] WARNING:colcon.colcon_ros.prefix_path.ament:The path '/home/steve/mren203-ws/install/my_bot' in the environment variable AMENT_PREFIX_PATH doesn't exist
[4.912s] WARNING:colcon.colcon_ros.prefix_path.ament:The path '/home/steve/mren203-ws/install/joystick_ros2' in the environment variable AMENT_PREFIX_PATH doesn't exist
[4.912s] WARNING:colcon.colcon_ros.prefix_path.catkin:The path '/home/steve/mren203-ws/install/steve_msgs' in the environment variable CMAKE_PREFIX_PATH doesn't exist
[4.913s] WARNING:colcon.colcon_ros.prefix_path.catkin:The path '/home/steve/mren203-ws/install/steve_launch' in the environment variable CMAKE_PREFIX_PATH doesn't exist
[4.913s] WARNING:colcon.colcon_ros.prefix_path.catkin:The path '/home/steve/mren203-ws/install/rplidar_ros' in the environment variable CMAKE_PREFIX_PATH doesn't exist
[4.913s] WARNING:colcon.colcon_ros.prefix_path.catkin:The path '/home/steve/mren203-ws/install/my_bot' in the environment variable CMAKE_PREFIX_PATH doesn't exist
[4.975s] DEBUG:colcon.colcon_installed_package_information.package_discovery:Found 0 installed packages in /home/steve/mren203-ws/install
[5.044s] DEBUG:colcon.colcon_installed_package_information.package_discovery:Found 290 installed packages in /opt/ros/humble
[5.050s] Level 1:colcon.colcon_core.package_discovery:discover_packages(prefix_path) using defaults
[5.491s] Level 5:colcon.colcon_core.verb:set package 'joystick_ros2' build argument 'cmake_args' from command line to 'None'
[5.491s] Level 5:colcon.colcon_core.verb:set package 'joystick_ros2' build argument 'cmake_target' from command line to 'None'
[5.491s] Level 5:colcon.colcon_core.verb:set package 'joystick_ros2' build argument 'cmake_target_skip_unavailable' from command line to 'False'
[5.491s] Level 5:colcon.colcon_core.verb:set package 'joystick_ros2' build argument 'cmake_clean_cache' from command line to 'False'
[5.491s] Level 5:colcon.colcon_core.verb:set package 'joystick_ros2' build argument 'cmake_clean_first' from command line to 'False'
[5.491s] Level 5:colcon.colcon_core.verb:set package 'joystick_ros2' build argument 'cmake_force_configure' from command line to 'False'
[5.491s] Level 5:colcon.colcon_core.verb:set package 'joystick_ros2' build argument 'ament_cmake_args' from command line to 'None'
[5.491s] Level 5:colcon.colcon_core.verb:set package 'joystick_ros2' build argument 'catkin_cmake_args' from command line to 'None'
[5.492s] Level 5:colcon.colcon_core.verb:set package 'joystick_ros2' build argument 'catkin_skip_building_tests' from command line to 'False'
[5.492s] DEBUG:colcon.colcon_core.verb:Building package 'joystick_ros2' with the following arguments: {'ament_cmake_args': None, 'build_base': '/home/steve/mren203-ws/build/joystick_ros2', 'catkin_cmake_args': None, 'catkin_skip_building_tests': False, 'cmake_args': None, 'cmake_clean_cache': False, 'cmake_clean_first': False, 'cmake_force_configure': False, 'cmake_target': None, 'cmake_target_skip_unavailable': False, 'install_base': '/home/steve/mren203-ws/install/joystick_ros2', 'merge_install': False, 'path': '/home/steve/mren203-ws/src/joystick_ros2', 'symlink_install': True, 'test_result_base': None}
[5.553s] Level 5:colcon.colcon_core.verb:set package 'my_bot' build argument 'cmake_args' from command line to 'None'
[5.554s] Level 5:colcon.colcon_core.verb:set package 'my_bot' build argument 'cmake_target' from command line to 'None'
[5.554s] Level 5:colcon.colcon_core.verb:set package 'my_bot' build argument 'cmake_target_skip_unavailable' from command line to 'False'
[5.554s] Level 5:colcon.colcon_core.verb:set package 'my_bot' build argument 'cmake_clean_cache' from command line to 'False'
[5.554s] Level 5:colcon.colcon_core.verb:set package 'my_bot' build argument 'cmake_clean_first' from command line to 'False'
[5.554s] Level 5:colcon.colcon_core.verb:set package 'my_bot' build argument 'cmake_force_configure' from command line to 'False'
[5.554s] Level 5:colcon.colcon_core.verb:set package 'my_bot' build argument 'ament_cmake_args' from command line to 'None'
[5.554s] Level 5:colcon.colcon_core.verb:set package 'my_bot' build argument 'catkin_cmake_args' from command line to 'None'
[5.554s] Level 5:colcon.colcon_core.verb:set package 'my_bot' build argument 'catkin_skip_building_tests' from command line to 'False'
[5.554s] DEBUG:colcon.colcon_core.verb:Building package 'my_bot' with the following arguments: {'ament_cmake_args': None, 'build_base': '/home/steve/mren203-ws/build/my_bot', 'catkin_cmake_args': None, 'catkin_skip_building_tests': False, 'cmake_args': None, 'cmake_clean_cache': False, 'cmake_clean_first': False, 'cmake_force_configure': False, 'cmake_target': None, 'cmake_target_skip_unavailable': False, 'install_base': '/home/steve/mren203-ws/install/my_bot', 'merge_install': False, 'path': '/home/steve/mren203-ws/src/my_bot', 'symlink_install': True, 'test_result_base': None}
[5.616s] Level 5:colcon.colcon_core.verb:set package 'rplidar_ros' build argument 'cmake_args' from command line to 'None'
[5.616s] Level 5:colcon.colcon_core.verb:set package 'rplidar_ros' build argument 'cmake_target' from command line to 'None'
[5.616s] Level 5:colcon.colcon_core.verb:set package 'rplidar_ros' build argument 'cmake_target_skip_unavailable' from command line to 'False'
[5.616s] Level 5:colcon.colcon_core.verb:set package 'rplidar_ros' build argument 'cmake_clean_cache' from command line to 'False'
[5.616s] Level 5:colcon.colcon_core.verb:set package 'rplidar_ros' build argument 'cmake_clean_first' from command line to 'False'
[5.616s] Level 5:colcon.colcon_core.verb:set package 'rplidar_ros' build argument 'cmake_force_configure' from command line to 'False'
[5.616s] Level 5:colcon.colcon_core.verb:set package 'rplidar_ros' build argument 'ament_cmake_args' from command line to 'None'
[5.617s] Level 5:colcon.colcon_core.verb:set package 'rplidar_ros' build argument 'catkin_cmake_args' from command line to 'None'
[5.617s] Level 5:colcon.colcon_core.verb:set package 'rplidar_ros' build argument 'catkin_skip_building_tests' from command line to 'False'
[5.617s] DEBUG:colcon.colcon_core.verb:Building package 'rplidar_ros' with the following arguments: {'ament_cmake_args': None, 'build_base': '/home/steve/mren203-ws/build/rplidar_ros', 'catkin_cmake_args': None, 'catkin_skip_building_tests': False, 'cmake_args': None, 'cmake_clean_cache': False, 'cmake_clean_first': False, 'cmake_force_configure': False, 'cmake_target': None, 'cmake_target_skip_unavailable': False, 'install_base': '/home/steve/mren203-ws/install/rplidar_ros', 'merge_install': False, 'path': '/home/steve/mren203-ws/src/rplidar_ros2', 'symlink_install': True, 'test_result_base': None}
[5.677s] Level 5:colcon.colcon_core.verb:set package 'steve_launch' build argument 'cmake_args' from command line to 'None'
[5.677s] Level 5:colcon.colcon_core.verb:set package 'steve_launch' build argument 'cmake_target' from command line to 'None'
[5.678s] Level 5:colcon.colcon_core.verb:set package 'steve_launch' build argument 'cmake_target_skip_unavailable' from command line to 'False'
[5.678s] Level 5:colcon.colcon_core.verb:set package 'steve_launch' build argument 'cmake_clean_cache' from command line to 'False'
[5.678s] Level 5:colcon.colcon_core.verb:set package 'steve_launch' build argument 'cmake_clean_first' from command line to 'False'
[5.678s] Level 5:colcon.colcon_core.verb:set package 'steve_launch' build argument 'cmake_force_configure' from command line to 'False'
[5.678s] Level 5:colcon.colcon_core.verb:set package 'steve_launch' build argument 'ament_cmake_args' from command line to 'None'
[5.678s] Level 5:colcon.colcon_core.verb:set package 'steve_launch' build argument 'catkin_cmake_args' from command line to 'None'
[5.678s] Level 5:colcon.colcon_core.verb:set package 'steve_launch' build argument 'catkin_skip_building_tests' from command line to 'False'
[5.678s] DEBUG:colcon.colcon_core.verb:Building package 'steve_launch' with the following arguments: {'ament_cmake_args': None, 'build_base': '/home/steve/mren203-ws/build/steve_launch', 'catkin_cmake_args': None, 'catkin_skip_building_tests': False, 'cmake_args': None, 'cmake_clean_cache': False, 'cmake_clean_first': False, 'cmake_force_configure': False, 'cmake_target': None, 'cmake_target_skip_unavailable': False, 'install_base': '/home/steve/mren203-ws/install/steve_launch', 'merge_install': False, 'path': '/home/steve/mren203-ws/src/steve_launch', 'symlink_install': True, 'test_result_base': None}
[5.740s] Level 5:colcon.colcon_core.verb:set package 'steve_msgs' build argument 'cmake_args' from command line to 'None'
[5.740s] Level 5:colcon.colcon_core.verb:set package 'steve_msgs' build argument 'cmake_target' from command line to 'None'
[5.740s] Level 5:colcon.colcon_core.verb:set package 'steve_msgs' build argument 'cmake_target_skip_unavailable' from command line to 'False'
[5.740s] Level 5:colcon.colcon_core.verb:set package 'steve_msgs' build argument 'cmake_clean_cache' from command line to 'False'
[5.740s] Level 5:colcon.colcon_core.verb:set package 'steve_msgs' build argument 'cmake_clean_first' from command line to 'False'
[5.740s] Level 5:colcon.colcon_core.verb:set package 'steve_msgs' build argument 'cmake_force_configure' from command line to 'False'
[5.741s] Level 5:colcon.colcon_core.verb:set package 'steve_msgs' build argument 'ament_cmake_args' from command line to 'None'
[5.741s] Level 5:colcon.colcon_core.verb:set package 'steve_msgs' build argument 'catkin_cmake_args' from command line to 'None'
[5.741s] Level 5:colcon.colcon_core.verb:set package 'steve_msgs' build argument 'catkin_skip_building_tests' from command line to 'False'
[5.741s] DEBUG:colcon.colcon_core.verb:Building package 'steve_msgs' with the following arguments: {'ament_cmake_args': None, 'build_base': '/home/steve/mren203-ws/build/steve_msgs', 'catkin_cmake_args': None, 'catkin_skip_building_tests': False, 'cmake_args': None, 'cmake_clean_cache': False, 'cmake_clean_first': False, 'cmake_force_configure': False, 'cmake_target': None, 'cmake_target_skip_unavailable': False, 'install_base': '/home/steve/mren203-ws/install/steve_msgs', 'merge_install': False, 'path': '/home/steve/mren203-ws/src/steve_msgs', 'symlink_install': True, 'test_result_base': None}
[5.801s] Level 5:colcon.colcon_core.verb:set package 'testing' build argument 'cmake_args' from command line to 'None'
[5.802s] Level 5:colcon.colcon_core.verb:set package 'testing' build argument 'cmake_target' from command line to 'None'
[5.802s] Level 5:colcon.colcon_core.verb:set package 'testing' build argument 'cmake_target_skip_unavailable' from command line to 'False'
[5.802s] Level 5:colcon.colcon_core.verb:set package 'testing' build argument 'cmake_clean_cache' from command line to 'False'
[5.802s] Level 5:colcon.colcon_core.verb:set package 'testing' build argument 'cmake_clean_first' from command line to 'False'
[5.802s] Level 5:colcon.colcon_core.verb:set package 'testing' build argument 'cmake_force_configure' from command line to 'False'
[5.802s] Level 5:colcon.colcon_core.verb:set package 'testing' build argument 'ament_cmake_args' from command line to 'None'
[5.803s] Level 5:colcon.colcon_core.verb:set package 'testing' build argument 'catkin_cmake_args' from command line to 'None'
[5.803s] Level 5:colcon.colcon_core.verb:set package 'testing' build argument 'catkin_skip_building_tests' from command line to 'False'
[5.803s] DEBUG:colcon.colcon_core.verb:Building package 'testing' with the following arguments: {'ament_cmake_args': None, 'build_base': '/home/steve/mren203-ws/build/testing', 'catkin_cmake_args': None, 'catkin_skip_building_tests': False, 'cmake_args': None, 'cmake_clean_cache': False, 'cmake_clean_first': False, 'cmake_force_configure': False, 'cmake_target': None, 'cmake_target_skip_unavailable': False, 'install_base': '/home/steve/mren203-ws/install/testing', 'merge_install': False, 'path': '/home/steve/mren203-ws/src/testing', 'symlink_install': True, 'test_result_base': None}
[5.864s] Level 5:colcon.colcon_core.verb:set package 'motor_control' build argument 'cmake_args' from command line to 'None'
[5.864s] Level 5:colcon.colcon_core.verb:set package 'motor_control' build argument 'cmake_target' from command line to 'None'
[5.864s] Level 5:colcon.colcon_core.verb:set package 'motor_control' build argument 'cmake_target_skip_unavailable' from command line to 'False'
[5.864s] Level 5:colcon.colcon_core.verb:set package 'motor_control' build argument 'cmake_clean_cache' from command line to 'False'
[5.864s] Level 5:colcon.colcon_core.verb:set package 'motor_control' build argument 'cmake_clean_first' from command line to 'False'
[5.864s] Level 5:colcon.colcon_core.verb:set package 'motor_control' build argument 'cmake_force_configure' from command line to 'False'
[5.864s] Level 5:colcon.colcon_core.verb:set package 'motor_control' build argument 'ament_cmake_args' from command line to 'None'
[5.864s] Level 5:colcon.colcon_core.verb:set package 'motor_control' build argument 'catkin_cmake_args' from command line to 'None'
[5.865s] Level 5:colcon.colcon_core.verb:set package 'motor_control' build argument 'catkin_skip_building_tests' from command line to 'False'
[5.865s] DEBUG:colcon.colcon_core.verb:Building package 'motor_control' with the following arguments: {'ament_cmake_args': None, 'build_base': '/home/steve/mren203-ws/build/motor_control', 'catkin_cmake_args': None, 'catkin_skip_building_tests': False, 'cmake_args': None, 'cmake_clean_cache': False, 'cmake_clean_first': False, 'cmake_force_configure': False, 'cmake_target': None, 'cmake_target_skip_unavailable': False, 'install_base': '/home/steve/mren203-ws/install/motor_control', 'merge_install': False, 'path': '/home/steve/mren203-ws/src/motor_control', 'symlink_install': True, 'test_result_base': None}
[5.925s] Level 5:colcon.colcon_core.verb:set package 'steve_ui' build argument 'cmake_args' from command line to 'None'
[5.926s] Level 5:colcon.colcon_core.verb:set package 'steve_ui' build argument 'cmake_target' from command line to 'None'
[5.926s] Level 5:colcon.colcon_core.verb:set package 'steve_ui' build argument 'cmake_target_skip_unavailable' from command line to 'False'
[5.926s] Level 5:colcon.colcon_core.verb:set package 'steve_ui' build argument 'cmake_clean_cache' from command line to 'False'
[5.926s] Level 5:colcon.colcon_core.verb:set package 'steve_ui' build argument 'cmake_clean_first' from command line to 'False'
[5.926s] Level 5:colcon.colcon_core.verb:set package 'steve_ui' build argument 'cmake_force_configure' from command line to 'False'
[5.926s] Level 5:colcon.colcon_core.verb:set package 'steve_ui' build argument 'ament_cmake_args' from command line to 'None'
[5.926s] Level 5:colcon.colcon_core.verb:set package 'steve_ui' build argument 'catkin_cmake_args' from command line to 'None'
[5.926s] Level 5:colcon.colcon_core.verb:set package 'steve_ui' build argument 'catkin_skip_building_tests' from command line to 'False'
[5.927s] DEBUG:colcon.colcon_core.verb:Building package 'steve_ui' with the following arguments: {'ament_cmake_args': None, 'build_base': '/home/steve/mren203-ws/build/steve_ui', 'catkin_cmake_args': None, 'catkin_skip_building_tests': False, 'cmake_args': None, 'cmake_clean_cache': False, 'cmake_clean_first': False, 'cmake_force_configure': False, 'cmake_target': None, 'cmake_target_skip_unavailable': False, 'install_base': '/home/steve/mren203-ws/install/steve_ui', 'merge_install': False, 'path': '/home/steve/mren203-ws/src/steve_ui', 'symlink_install': True, 'test_result_base': None}
[5.986s] INFO:colcon.colcon_core.executor:Executing jobs using 'parallel' executor
[6.049s] DEBUG:colcon.colcon_parallel_executor.executor.parallel:run_until_complete
[6.050s] INFO:colcon.colcon_ros.task.ament_cmake.build:Building ROS package in '/home/steve/mren203-ws/src/steve_msgs' with build type 'ament_cmake'
[6.051s] INFO:colcon.colcon_cmake.task.cmake.build:Building CMake package in '/home/steve/mren203-ws/src/steve_msgs'
[6.122s] INFO:colcon.colcon_core.plugin_system:Skipping extension 'colcon_core.shell.bat': Not used on non-Windows systems
[6.123s] INFO:colcon.colcon_core.shell:Skip shell extension 'powershell' for command environment: Not usable outside of PowerShell
[6.123s] DEBUG:colcon.colcon_core.shell:Skip shell extension 'dsv' for command environment
[6.321s] INFO:colcon.colcon_ros.task.ament_python.build:Building ROS package in '/home/steve/mren203-ws/src/joystick_ros2' with build type 'ament_python'
[6.321s] Level 1:colcon.colcon_core.shell:create_environment_hook('joystick_ros2', 'ament_prefix_path')
[6.386s] INFO:colcon.colcon_core.shell:Creating environment hook '/home/steve/mren203-ws/install/joystick_ros2/share/joystick_ros2/hook/ament_prefix_path.ps1'
[6.389s] INFO:colcon.colcon_core.shell:Creating environment descriptor '/home/steve/mren203-ws/install/joystick_ros2/share/joystick_ros2/hook/ament_prefix_path.dsv'
[6.390s] INFO:colcon.colcon_core.shell:Creating environment hook '/home/steve/mren203-ws/install/joystick_ros2/share/joystick_ros2/hook/ament_prefix_path.sh'
[6.452s] INFO:colcon.colcon_core.shell:Skip shell extension 'powershell' for command environment: Not usable outside of PowerShell
[6.453s] DEBUG:colcon.colcon_core.shell:Skip shell extension 'dsv' for command environment
[6.647s] INFO:colcon.colcon_ros.task.ament_cmake.build:Building ROS package in '/home/steve/mren203-ws/src/my_bot' with build type 'ament_cmake'
[6.648s] INFO:colcon.colcon_cmake.task.cmake.build:Building CMake package in '/home/steve/mren203-ws/src/my_bot'
[6.712s] INFO:colcon.colcon_core.shell:Skip shell extension 'powershell' for command environment: Not usable outside of PowerShell
[6.712s] DEBUG:colcon.colcon_core.shell:Skip shell extension 'dsv' for command environment
[6.907s] INFO:colcon.colcon_ros.task.ament_cmake.build:Building ROS package in '/home/steve/mren203-ws/src/rplidar_ros2' with build type 'ament_cmake'
[6.908s] INFO:colcon.colcon_cmake.task.cmake.build:Building CMake package in '/home/steve/mren203-ws/src/rplidar_ros2'
[6.972s] INFO:colcon.colcon_core.shell:Skip shell extension 'powershell' for command environment: Not usable outside of PowerShell
[6.972s] DEBUG:colcon.colcon_core.shell:Skip shell extension 'dsv' for command environment
[7.185s] DEBUG:colcon.colcon_core.event_handler.log_command:Invoking command in '/home/steve/mren203-ws/build/steve_msgs': CMAKE_PREFIX_PATH=${CMAKE_PREFIX_PATH}:/home/steve/mren203-ws/install/testing:/home/steve/mren203-ws/install/steve_ui:/home/steve/mren203-ws/install/motor_control:/home/steve/mren203-ws/install/joystick_ros2:/opt/ros/humble /usr/bin/cmake /home/steve/mren203-ws/src/steve_msgs -DAMENT_CMAKE_SYMLINK_INSTALL=1 -DCMAKE_INSTALL_PREFIX=/home/steve/mren203-ws/install/steve_msgs
[8.389s] WARNING:colcon.colcon_ros.task.ament_python.build:Package 'joystick_ros2' doesn't explicitly install the 'package.xml' file (colcon-ros currently does it implicitly but that fallback will be removed in the future)
[8.390s] INFO:colcon.colcon_core.task.python.build:Building Python package in '/home/steve/mren203-ws/src/joystick_ros2'
[8.461s] INFO:colcon.colcon_core.shell:Skip shell extension 'powershell' for command environment: Not usable outside of PowerShell
[8.461s] DEBUG:colcon.colcon_core.shell:Skip shell extension 'dsv' for command environment
[8.730s] DEBUG:colcon.colcon_core.event_handler.log_command:Invoking command in '/home/steve/mren203-ws/build/my_bot': CMAKE_PREFIX_PATH=${CMAKE_PREFIX_PATH}:/home/steve/mren203-ws/install/testing:/home/steve/mren203-ws/install/steve_ui:/home/steve/mren203-ws/install/motor_control:/home/steve/mren203-ws/install/joystick_ros2:/opt/ros/humble /usr/bin/cmake /home/steve/mren203-ws/src/my_bot -DAMENT_CMAKE_SYMLINK_INSTALL=1 -DCMAKE_INSTALL_PREFIX=/home/steve/mren203-ws/install/my_bot
[8.763s] DEBUG:colcon.colcon_core.event_handler.log_command:Invoking command in '/home/steve/mren203-ws/build/rplidar_ros': CMAKE_PREFIX_PATH=${CMAKE_PREFIX_PATH}:/home/steve/mren203-ws/install/testing:/home/steve/mren203-ws/install/steve_ui:/home/steve/mren203-ws/install/motor_control:/home/steve/mren203-ws/install/joystick_ros2:/opt/ros/humble /usr/bin/cmake /home/steve/mren203-ws/src/rplidar_ros2 -DAMENT_CMAKE_SYMLINK_INSTALL=1 -DCMAKE_INSTALL_PREFIX=/home/steve/mren203-ws/install/rplidar_ros
[11.560s] DEBUG:colcon.colcon_core.event_handler.log_command:Invoking command in '/home/steve/mren203-ws/build/joystick_ros2': PYTHONPATH=/home/steve/mren203-ws/build/joystick_ros2/prefix_override:/home/steve/mren203-ws/install/joystick_ros2/lib/python3.10/site-packages:${PYTHONPATH} /usr/bin/python3 setup.py develop --editable --build-directory /home/steve/mren203-ws/build/joystick_ros2/build --no-deps install_data
[13.235s] DEBUG:colcon.colcon_core.event_handler.log_command:Invoked command in '/home/steve/mren203-ws/build/my_bot' returned '0': CMAKE_PREFIX_PATH=${CMAKE_PREFIX_PATH}:/home/steve/mren203-ws/install/testing:/home/steve/mren203-ws/install/steve_ui:/home/steve/mren203-ws/install/motor_control:/home/steve/mren203-ws/install/joystick_ros2:/opt/ros/humble /usr/bin/cmake /home/steve/mren203-ws/src/my_bot -DAMENT_CMAKE_SYMLINK_INSTALL=1 -DCMAKE_INSTALL_PREFIX=/home/steve/mren203-ws/install/my_bot
[13.238s] DEBUG:colcon.colcon_core.event_handler.log_command:Invoking command in '/home/steve/mren203-ws/build/my_bot': CMAKE_PREFIX_PATH=${CMAKE_PREFIX_PATH}:/home/steve/mren203-ws/install/testing:/home/steve/mren203-ws/install/steve_ui:/home/steve/mren203-ws/install/motor_control:/home/steve/mren203-ws/install/joystick_ros2:/opt/ros/humble /usr/bin/cmake --build /home/steve/mren203-ws/build/my_bot -- -j4 -l4
[13.424s] DEBUG:colcon.colcon_core.event_handler.log_command:Invoked command in '/home/steve/mren203-ws/build/my_bot' returned '0': CMAKE_PREFIX_PATH=${CMAKE_PREFIX_PATH}:/home/steve/mren203-ws/install/testing:/home/steve/mren203-ws/install/steve_ui:/home/steve/mren203-ws/install/motor_control:/home/steve/mren203-ws/install/joystick_ros2:/opt/ros/humble /usr/bin/cmake --build /home/steve/mren203-ws/build/my_bot -- -j4 -l4
[13.589s] DEBUG:colcon.colcon_core.event_handler.log_command:Invoking command in '/home/steve/mren203-ws/build/my_bot': CMAKE_PREFIX_PATH=${CMAKE_PREFIX_PATH}:/home/steve/mren203-ws/install/testing:/home/steve/mren203-ws/install/steve_ui:/home/steve/mren203-ws/install/motor_control:/home/steve/mren203-ws/install/joystick_ros2:/opt/ros/humble /usr/bin/cmake --install /home/steve/mren203-ws/build/my_bot
[14.843s] Level 1:colcon.colcon_core.environment:create_environment_scripts_only(my_bot)
[14.848s] DEBUG:colcon.colcon_core.event_handler.log_command:Invoked command in '/home/steve/mren203-ws/build/my_bot' returned '0': CMAKE_PREFIX_PATH=${CMAKE_PREFIX_PATH}:/home/steve/mren203-ws/install/testing:/home/steve/mren203-ws/install/steve_ui:/home/steve/mren203-ws/install/motor_control:/home/steve/mren203-ws/install/joystick_ros2:/opt/ros/humble /usr/bin/cmake --install /home/steve/mren203-ws/build/my_bot
[14.977s] Level 1:colcon.colcon_core.environment:checking '/home/steve/mren203-ws/install/my_bot' for CMake module files
[14.980s] Level 1:colcon.colcon_core.environment:checking '/home/steve/mren203-ws/install/my_bot' for CMake config files
[14.984s] Level 1:colcon.colcon_core.shell:create_environment_hook('my_bot', 'cmake_prefix_path')
[15.096s] INFO:colcon.colcon_core.shell:Creating environment hook '/home/steve/mren203-ws/install/my_bot/share/my_bot/hook/cmake_prefix_path.ps1'
[15.099s] INFO:colcon.colcon_core.shell:Creating environment descriptor '/home/steve/mren203-ws/install/my_bot/share/my_bot/hook/cmake_prefix_path.dsv'
[15.100s] INFO:colcon.colcon_core.shell:Creating environment hook '/home/steve/mren203-ws/install/my_bot/share/my_bot/hook/cmake_prefix_path.sh'
[15.104s] Level 1:colcon.colcon_core.environment:checking '/home/steve/mren203-ws/install/my_bot/bin'
[15.105s] Level 1:colcon.colcon_core.environment:checking '/home/steve/mren203-ws/install/my_bot/lib/pkgconfig/my_bot.pc'
[15.106s] Level 1:colcon.colcon_core.environment:checking '/home/steve/mren203-ws/install/my_bot/lib/python3.10/site-packages'
[15.107s] Level 1:colcon.colcon_core.environment:checking '/home/steve/mren203-ws/install/my_bot/bin'
[15.223s] INFO:colcon.colcon_core.shell:Creating package script '/home/steve/mren203-ws/install/my_bot/share/my_bot/package.ps1'
[15.228s] INFO:colcon.colcon_core.shell:Creating package descriptor '/home/steve/mren203-ws/install/my_bot/share/my_bot/package.dsv'
[15.231s] INFO:colcon.colcon_core.shell:Creating package script '/home/steve/mren203-ws/install/my_bot/share/my_bot/package.sh'
[15.235s] INFO:colcon.colcon_core.shell:Creating package script '/home/steve/mren203-ws/install/my_bot/share/my_bot/package.bash'
[15.238s] INFO:colcon.colcon_core.shell:Creating package script '/home/steve/mren203-ws/install/my_bot/share/my_bot/package.zsh'
[15.241s] Level 1:colcon.colcon_core.environment:create_file_with_runtime_dependencies(/home/steve/mren203-ws/install/my_bot/share/colcon-core/packages/my_bot)
[15.261s] Level 1:colcon.colcon_core.shell:create_environment_hook('joystick_ros2', 'pythonpath_develop')
[15.268s] DEBUG:colcon.colcon_core.event_handler.log_command:Invoked command in '/home/steve/mren203-ws/build/joystick_ros2' returned '0': PYTHONPATH=/home/steve/mren203-ws/build/joystick_ros2/prefix_override:/home/steve/mren203-ws/install/joystick_ros2/lib/python3.10/site-packages:${PYTHONPATH} /usr/bin/python3 setup.py develop --editable --build-directory /home/steve/mren203-ws/build/joystick_ros2/build --no-deps install_data
[15.391s] INFO:colcon.colcon_core.shell:Creating environment hook '/home/steve/mren203-ws/build/joystick_ros2/share/joystick_ros2/hook/pythonpath_develop.ps1'
[15.393s] INFO:colcon.colcon_core.shell:Creating environment descriptor '/home/steve/mren203-ws/build/joystick_ros2/share/joystick_ros2/hook/pythonpath_develop.dsv'
[15.396s] INFO:colcon.colcon_core.shell:Creating environment hook '/home/steve/mren203-ws/build/joystick_ros2/share/joystick_ros2/hook/pythonpath_develop.sh'
[15.506s] Level 1:colcon.colcon_core.environment:checking '/home/steve/mren203-ws/install/joystick_ros2' for CMake module files
[15.509s] Level 1:colcon.colcon_core.environment:checking '/home/steve/mren203-ws/install/joystick_ros2' for CMake config files
[15.513s] Level 1:colcon.colcon_core.environment:checking '/home/steve/mren203-ws/install/joystick_ros2/lib'
[15.514s] Level 1:colcon.colcon_core.environment:checking '/home/steve/mren203-ws/install/joystick_ros2/bin'
[15.515s] Level 1:colcon.colcon_core.environment:checking '/home/steve/mren203-ws/install/joystick_ros2/lib/pkgconfig/joystick_ros2.pc'
[15.516s] Level 1:colcon.colcon_core.environment:checking '/home/steve/mren203-ws/install/joystick_ros2/lib/python3.10/site-packages'
[15.517s] Level 1:colcon.colcon_core.shell:create_environment_hook('joystick_ros2', 'pythonpath')
[15.636s] INFO:colcon.colcon_core.shell:Creating environment hook '/home/steve/mren203-ws/install/joystick_ros2/share/joystick_ros2/hook/pythonpath.ps1'
[15.643s] INFO:colcon.colcon_core.shell:Creating environment descriptor '/home/steve/mren203-ws/install/joystick_ros2/share/joystick_ros2/hook/pythonpath.dsv'
[15.645s] INFO:colcon.colcon_core.shell:Creating environment hook '/home/steve/mren203-ws/install/joystick_ros2/share/joystick_ros2/hook/pythonpath.sh'
[15.649s] Level 1:colcon.colcon_core.environment:checking '/home/steve/mren203-ws/install/joystick_ros2/bin'
[15.649s] Level 1:colcon.colcon_core.environment:create_environment_scripts_only(joystick_ros2)
[15.742s] INFO:colcon.colcon_core.shell:Creating package script '/home/steve/mren203-ws/install/joystick_ros2/share/joystick_ros2/package.ps1'
[15.745s] INFO:colcon.colcon_core.shell:Creating package descriptor '/home/steve/mren203-ws/install/joystick_ros2/share/joystick_ros2/package.dsv'
[15.748s] INFO:colcon.colcon_core.shell:Creating package script '/home/steve/mren203-ws/install/joystick_ros2/share/joystick_ros2/package.sh'
[15.755s] INFO:colcon.colcon_core.shell:Creating package script '/home/steve/mren203-ws/install/joystick_ros2/share/joystick_ros2/package.bash'
[15.759s] INFO:colcon.colcon_core.shell:Creating package script '/home/steve/mren203-ws/install/joystick_ros2/share/joystick_ros2/package.zsh'
[15.762s] Level 1:colcon.colcon_core.environment:create_file_with_runtime_dependencies(/home/steve/mren203-ws/install/joystick_ros2/share/colcon-core/packages/joystick_ros2)
[15.766s] INFO:colcon.colcon_ros.task.ament_cmake.build:Building ROS package in '/home/steve/mren203-ws/src/steve_launch' with build type 'ament_cmake'
[15.767s] INFO:colcon.colcon_cmake.task.cmake.build:Building CMake package in '/home/steve/mren203-ws/src/steve_launch'
[15.863s] INFO:colcon.colcon_core.shell:Skip shell extension 'powershell' for command environment: Not usable outside of PowerShell
[15.864s] DEBUG:colcon.colcon_core.shell:Skip shell extension 'dsv' for command environment
[16.294s] Level 1:colcon.colcon_core.environment:create_environment_scripts_only(my_bot)
[16.392s] Level 1:colcon.colcon_core.environment:checking '/home/steve/mren203-ws/install/my_bot' for CMake module files
[16.397s] Level 1:colcon.colcon_core.environment:checking '/home/steve/mren203-ws/install/my_bot' for CMake config files
[16.403s] Level 1:colcon.colcon_core.shell:create_environment_hook('my_bot', 'cmake_prefix_path')
[16.495s] INFO:colcon.colcon_core.shell:Creating environment hook '/home/steve/mren203-ws/install/my_bot/share/my_bot/hook/cmake_prefix_path.ps1'
[16.497s] INFO:colcon.colcon_core.shell:Creating environment descriptor '/home/steve/mren203-ws/install/my_bot/share/my_bot/hook/cmake_prefix_path.dsv'
[16.499s] INFO:colcon.colcon_core.shell:Creating environment hook '/home/steve/mren203-ws/install/my_bot/share/my_bot/hook/cmake_prefix_path.sh'
[16.502s] Level 1:colcon.colcon_core.environment:checking '/home/steve/mren203-ws/install/my_bot/bin'
[16.503s] Level 1:colcon.colcon_core.environment:checking '/home/steve/mren203-ws/install/my_bot/lib/pkgconfig/my_bot.pc'
[16.504s] Level 1:colcon.colcon_core.environment:checking '/home/steve/mren203-ws/install/my_bot/lib/python3.10/site-packages'
[16.505s] Level 1:colcon.colcon_core.environment:checking '/home/steve/mren203-ws/install/my_bot/bin'
[16.612s] INFO:colcon.colcon_core.shell:Creating package script '/home/steve/mren203-ws/install/my_bot/share/my_bot/package.ps1'
[16.615s] INFO:colcon.colcon_core.shell:Creating package descriptor '/home/steve/mren203-ws/install/my_bot/share/my_bot/package.dsv'
[16.618s] INFO:colcon.colcon_core.shell:Creating package script '/home/steve/mren203-ws/install/my_bot/share/my_bot/package.sh'
[16.621s] INFO:colcon.colcon_core.shell:Creating package script '/home/steve/mren203-ws/install/my_bot/share/my_bot/package.bash'
[16.624s] INFO:colcon.colcon_core.shell:Creating package script '/home/steve/mren203-ws/install/my_bot/share/my_bot/package.zsh'
[16.626s] Level 1:colcon.colcon_core.environment:create_file_with_runtime_dependencies(/home/steve/mren203-ws/install/my_bot/share/colcon-core/packages/my_bot)
[16.630s] INFO:colcon.colcon_ros.task.ament_python.build:Building ROS package in '/home/steve/mren203-ws/src/testing' with build type 'ament_python'
[16.631s] Level 1:colcon.colcon_core.shell:create_environment_hook('testing', 'ament_prefix_path')
[16.740s] INFO:colcon.colcon_core.shell:Creating environment hook '/home/steve/mren203-ws/install/testing/share/testing/hook/ament_prefix_path.ps1'
[16.742s] INFO:colcon.colcon_core.shell:Creating environment descriptor '/home/steve/mren203-ws/install/testing/share/testing/hook/ament_prefix_path.dsv'
[16.744s] INFO:colcon.colcon_core.shell:Creating environment hook '/home/steve/mren203-ws/install/testing/share/testing/hook/ament_prefix_path.sh'
[16.842s] INFO:colcon.colcon_core.shell:Skip shell extension 'powershell' for command environment: Not usable outside of PowerShell
[16.842s] DEBUG:colcon.colcon_core.shell:Skip shell extension 'dsv' for command environment
[17.204s] DEBUG:colcon.colcon_core.event_handler.log_command:Invoking command in '/home/steve/mren203-ws/build/steve_launch': CMAKE_PREFIX_PATH=${CMAKE_PREFIX_PATH}:/home/steve/mren203-ws/install/testing:/home/steve/mren203-ws/install/steve_ui:/home/steve/mren203-ws/install/motor_control:/home/steve/mren203-ws/install/joystick_ros2:/opt/ros/humble /usr/bin/cmake /home/steve/mren203-ws/src/steve_launch -DAMENT_CMAKE_SYMLINK_INSTALL=1 -DCMAKE_INSTALL_PREFIX=/home/steve/mren203-ws/install/steve_launch
[18.766s] INFO:colcon.colcon_core.task.python.build:Building Python package in '/home/steve/mren203-ws/src/testing'
[18.857s] INFO:colcon.colcon_core.shell:Skip shell extension 'powershell' for command environment: Not usable outside of PowerShell
[18.857s] DEBUG:colcon.colcon_core.shell:Skip shell extension 'dsv' for command environment
[19.127s] DEBUG:colcon.colcon_core.event_handler.log_command:Invoked command in '/home/steve/mren203-ws/build/rplidar_ros' returned '0': CMAKE_PREFIX_PATH=${CMAKE_PREFIX_PATH}:/home/steve/mren203-ws/install/testing:/home/steve/mren203-ws/install/steve_ui:/home/steve/mren203-ws/install/motor_control:/home/steve/mren203-ws/install/joystick_ros2:/opt/ros/humble /usr/bin/cmake /home/steve/mren203-ws/src/rplidar_ros2 -DAMENT_CMAKE_SYMLINK_INSTALL=1 -DCMAKE_INSTALL_PREFIX=/home/steve/mren203-ws/install/rplidar_ros
[19.138s] DEBUG:colcon.colcon_core.event_handler.log_command:Invoking command in '/home/steve/mren203-ws/build/rplidar_ros': CMAKE_PREFIX_PATH=${CMAKE_PREFIX_PATH}:/home/steve/mren203-ws/install/testing:/home/steve/mren203-ws/install/steve_ui:/home/steve/mren203-ws/install/motor_control:/home/steve/mren203-ws/install/joystick_ros2:/opt/ros/humble /usr/bin/cmake --build /home/steve/mren203-ws/build/rplidar_ros -- -j4 -l4
[19.140s] DEBUG:colcon.colcon_core.event_handler.log_command:Invoked command in '/home/steve/mren203-ws/build/steve_msgs' returned '0': CMAKE_PREFIX_PATH=${CMAKE_PREFIX_PATH}:/home/steve/mren203-ws/install/testing:/home/steve/mren203-ws/install/steve_ui:/home/steve/mren203-ws/install/motor_control:/home/steve/mren203-ws/install/joystick_ros2:/opt/ros/humble /usr/bin/cmake /home/steve/mren203-ws/src/steve_msgs -DAMENT_CMAKE_SYMLINK_INSTALL=1 -DCMAKE_INSTALL_PREFIX=/home/steve/mren203-ws/install/steve_msgs
[19.150s] DEBUG:colcon.colcon_core.event_handler.log_command:Invoking command in '/home/steve/mren203-ws/build/steve_msgs': CMAKE_PREFIX_PATH=${CMAKE_PREFIX_PATH}:/home/steve/mren203-ws/install/testing:/home/steve/mren203-ws/install/steve_ui:/home/steve/mren203-ws/install/motor_control:/home/steve/mren203-ws/install/joystick_ros2:/opt/ros/humble /usr/bin/cmake --build /home/steve/mren203-ws/build/steve_msgs -- -j4 -l4
[22.464s] DEBUG:colcon.colcon_core.event_handler.log_command:Invoked command in '/home/steve/mren203-ws/build/steve_launch' returned '0': CMAKE_PREFIX_PATH=${CMAKE_PREFIX_PATH}:/home/steve/mren203-ws/install/testing:/home/steve/mren203-ws/install/steve_ui:/home/steve/mren203-ws/install/motor_control:/home/steve/mren203-ws/install/joystick_ros2:/opt/ros/humble /usr/bin/cmake /home/steve/mren203-ws/src/steve_launch -DAMENT_CMAKE_SYMLINK_INSTALL=1 -DCMAKE_INSTALL_PREFIX=/home/steve/mren203-ws/install/steve_launch
[22.467s] DEBUG:colcon.colcon_core.event_handler.log_command:Invoking command in '/home/steve/mren203-ws/build/steve_launch': CMAKE_PREFIX_PATH=${CMAKE_PREFIX_PATH}:/home/steve/mren203-ws/install/testing:/home/steve/mren203-ws/install/steve_ui:/home/steve/mren203-ws/install/motor_control:/home/steve/mren203-ws/install/joystick_ros2:/opt/ros/humble /usr/bin/cmake --build /home/steve/mren203-ws/build/steve_launch -- -j4 -l4
[22.648s] DEBUG:colcon.colcon_core.event_handler.log_command:Invoked command in '/home/steve/mren203-ws/build/steve_launch' returned '0': CMAKE_PREFIX_PATH=${CMAKE_PREFIX_PATH}:/home/steve/mren203-ws/install/testing:/home/steve/mren203-ws/install/steve_ui:/home/steve/mren203-ws/install/motor_control:/home/steve/mren203-ws/install/joystick_ros2:/opt/ros/humble /usr/bin/cmake --build /home/steve/mren203-ws/build/steve_launch -- -j4 -l4
[22.994s] DEBUG:colcon.colcon_core.event_handler.log_command:Invoking command in '/home/steve/mren203-ws/build/steve_launch': CMAKE_PREFIX_PATH=${CMAKE_PREFIX_PATH}:/home/steve/mren203-ws/install/testing:/home/steve/mren203-ws/install/steve_ui:/home/steve/mren203-ws/install/motor_control:/home/steve/mren203-ws/install/joystick_ros2:/opt/ros/humble /usr/bin/cmake --install /home/steve/mren203-ws/build/steve_launch
[24.871s] DEBUG:colcon.colcon_core.event_handler.log_command:Invoking command in '/home/steve/mren203-ws/build/testing': PYTHONPATH=/home/steve/mren203-ws/build/testing/prefix_override:/home/steve/mren203-ws/install/testing/lib/python3.10/site-packages:${PYTHONPATH} /usr/bin/python3 setup.py develop --editable --build-directory /home/steve/mren203-ws/build/testing/build --no-deps install_data
[25.586s] Level 1:colcon.colcon_core.environment:create_environment_scripts_only(steve_launch)
[25.603s] DEBUG:colcon.colcon_core.event_handler.log_command:Invoked command in '/home/steve/mren203-ws/build/steve_launch' returned '0': CMAKE_PREFIX_PATH=${CMAKE_PREFIX_PATH}:/home/steve/mren203-ws/install/testing:/home/steve/mren203-ws/install/steve_ui:/home/steve/mren203-ws/install/motor_control:/home/steve/mren203-ws/install/joystick_ros2:/opt/ros/humble /usr/bin/cmake --install /home/steve/mren203-ws/build/steve_launch
[26.086s] Level 1:colcon.colcon_core.environment:checking '/home/steve/mren203-ws/install/steve_launch' for CMake module files
[26.097s] Level 1:colcon.colcon_core.environment:checking '/home/steve/mren203-ws/install/steve_launch' for CMake config files
[26.100s] Level 1:colcon.colcon_core.shell:create_environment_hook('steve_launch', 'cmake_prefix_path')
[26.540s] INFO:colcon.colcon_core.shell:Creating environment hook '/home/steve/mren203-ws/install/steve_launch/share/steve_launch/hook/cmake_prefix_path.ps1'
[26.543s] INFO:colcon.colcon_core.shell:Creating environment descriptor '/home/steve/mren203-ws/install/steve_launch/share/steve_launch/hook/cmake_prefix_path.dsv'
[26.546s] INFO:colcon.colcon_core.shell:Creating environment hook '/home/steve/mren203-ws/install/steve_launch/share/steve_launch/hook/cmake_prefix_path.sh'
[26.549s] Level 1:colcon.colcon_core.environment:checking '/home/steve/mren203-ws/install/steve_launch/bin'
[26.550s] Level 1:colcon.colcon_core.environment:checking '/home/steve/mren203-ws/install/steve_launch/lib/pkgconfig/steve_launch.pc'
[26.559s] Level 1:colcon.colcon_core.environment:checking '/home/steve/mren203-ws/install/steve_launch/lib/python3.10/site-packages'
[26.561s] Level 1:colcon.colcon_core.environment:checking '/home/steve/mren203-ws/install/steve_launch/bin'
[26.928s] INFO:colcon.colcon_core.shell:Creating package script '/home/steve/mren203-ws/install/steve_launch/share/steve_launch/package.ps1'
[26.943s] INFO:colcon.colcon_core.shell:Creating package descriptor '/home/steve/mren203-ws/install/steve_launch/share/steve_launch/package.dsv'
[26.945s] INFO:colcon.colcon_core.shell:Creating package script '/home/steve/mren203-ws/install/steve_launch/share/steve_launch/package.sh'
[26.949s] INFO:colcon.colcon_core.shell:Creating package script '/home/steve/mren203-ws/install/steve_launch/share/steve_launch/package.bash'
[26.951s] INFO:colcon.colcon_core.shell:Creating package script '/home/steve/mren203-ws/install/steve_launch/share/steve_launch/package.zsh'
[26.954s] Level 1:colcon.colcon_core.environment:create_file_with_runtime_dependencies(/home/steve/mren203-ws/install/steve_launch/share/colcon-core/packages/steve_launch)
[27.894s] Level 1:colcon.colcon_core.environment:create_environment_scripts_only(steve_launch)
[28.223s] Level 1:colcon.colcon_core.environment:checking '/home/steve/mren203-ws/install/steve_launch' for CMake module files
[28.226s] Level 1:colcon.colcon_core.environment:checking '/home/steve/mren203-ws/install/steve_launch' for CMake config files
[28.241s] Level 1:colcon.colcon_core.shell:create_environment_hook('steve_launch', 'cmake_prefix_path')
[28.563s] INFO:colcon.colcon_core.shell:Creating environment hook '/home/steve/mren203-ws/install/steve_launch/share/steve_launch/hook/cmake_prefix_path.ps1'
[28.566s] INFO:colcon.colcon_core.shell:Creating environment descriptor '/home/steve/mren203-ws/install/steve_launch/share/steve_launch/hook/cmake_prefix_path.dsv'
[28.579s] INFO:colcon.colcon_core.shell:Creating environment hook '/home/steve/mren203-ws/install/steve_launch/share/steve_launch/hook/cmake_prefix_path.sh'
[28.582s] Level 1:colcon.colcon_core.environment:checking '/home/steve/mren203-ws/install/steve_launch/bin'
[28.582s] Level 1:colcon.colcon_core.environment:checking '/home/steve/mren203-ws/install/steve_launch/lib/pkgconfig/steve_launch.pc'
[28.584s] Level 1:colcon.colcon_core.environment:checking '/home/steve/mren203-ws/install/steve_launch/lib/python3.10/site-packages'
[28.585s] Level 1:colcon.colcon_core.environment:checking '/home/steve/mren203-ws/install/steve_launch/bin'
[28.811s] INFO:colcon.colcon_core.shell:Creating package script '/home/steve/mren203-ws/install/steve_launch/share/steve_launch/package.ps1'
[28.819s] INFO:colcon.colcon_core.shell:Creating package descriptor '/home/steve/mren203-ws/install/steve_launch/share/steve_launch/package.dsv'
[28.827s] INFO:colcon.colcon_core.shell:Creating package script '/home/steve/mren203-ws/install/steve_launch/share/steve_launch/package.sh'
[28.840s] INFO:colcon.colcon_core.shell:Creating package script '/home/steve/mren203-ws/install/steve_launch/share/steve_launch/package.bash'
[28.843s] INFO:colcon.colcon_core.shell:Creating package script '/home/steve/mren203-ws/install/steve_launch/share/steve_launch/package.zsh'
[28.859s] Level 1:colcon.colcon_core.environment:create_file_with_runtime_dependencies(/home/steve/mren203-ws/install/steve_launch/share/colcon-core/packages/steve_launch)
[31.814s] Level 1:colcon.colcon_core.shell:create_environment_hook('testing', 'pythonpath_develop')
[31.820s] DEBUG:colcon.colcon_core.event_handler.log_command:Invoked command in '/home/steve/mren203-ws/build/testing' returned '0': PYTHONPATH=/home/steve/mren203-ws/build/testing/prefix_override:/home/steve/mren203-ws/install/testing/lib/python3.10/site-packages:${PYTHONPATH} /usr/bin/python3 setup.py develop --editable --build-directory /home/steve/mren203-ws/build/testing/build --no-deps install_data
[32.256s] INFO:colcon.colcon_core.shell:Creating environment hook '/home/steve/mren203-ws/build/testing/share/testing/hook/pythonpath_develop.ps1'
[32.260s] INFO:colcon.colcon_core.shell:Creating environment descriptor '/home/steve/mren203-ws/build/testing/share/testing/hook/pythonpath_develop.dsv'
[32.271s] INFO:colcon.colcon_core.shell:Creating environment hook '/home/steve/mren203-ws/build/testing/share/testing/hook/pythonpath_develop.sh'
[32.754s] Level 1:colcon.colcon_core.environment:checking '/home/steve/mren203-ws/install/testing' for CMake module files
[32.757s] Level 1:colcon.colcon_core.environment:checking '/home/steve/mren203-ws/install/testing' for CMake config files
[32.774s] Level 1:colcon.colcon_core.environment:checking '/home/steve/mren203-ws/install/testing/lib'
[32.775s] Level 1:colcon.colcon_core.environment:checking '/home/steve/mren203-ws/install/testing/bin'
[32.775s] Level 1:colcon.colcon_core.environment:checking '/home/steve/mren203-ws/install/testing/lib/pkgconfig/testing.pc'
[32.777s] Level 1:colcon.colcon_core.environment:checking '/home/steve/mren203-ws/install/testing/lib/python3.10/site-packages'
[32.778s] Level 1:colcon.colcon_core.shell:create_environment_hook('testing', 'pythonpath')
[33.189s] INFO:colcon.colcon_core.shell:Creating environment hook '/home/steve/mren203-ws/install/testing/share/testing/hook/pythonpath.ps1'
[33.200s] INFO:colcon.colcon_core.shell:Creating environment descriptor '/home/steve/mren203-ws/install/testing/share/testing/hook/pythonpath.dsv'
[33.211s] INFO:colcon.colcon_core.shell:Creating environment hook '/home/steve/mren203-ws/install/testing/share/testing/hook/pythonpath.sh'
[33.214s] Level 1:colcon.colcon_core.environment:checking '/home/steve/mren203-ws/install/testing/bin'
[33.215s] Level 1:colcon.colcon_core.environment:create_environment_scripts_only(testing)
[33.458s] INFO:colcon.colcon_core.shell:Creating package script '/home/steve/mren203-ws/install/testing/share/testing/package.ps1'
[33.461s] INFO:colcon.colcon_core.shell:Creating package descriptor '/home/steve/mren203-ws/install/testing/share/testing/package.dsv'
[33.465s] INFO:colcon.colcon_core.shell:Creating package script '/home/steve/mren203-ws/install/testing/share/testing/package.sh'
[33.468s] INFO:colcon.colcon_core.shell:Creating package script '/home/steve/mren203-ws/install/testing/share/testing/package.bash'
[33.470s] INFO:colcon.colcon_core.shell:Creating package script '/home/steve/mren203-ws/install/testing/share/testing/package.zsh'
[33.472s] Level 1:colcon.colcon_core.environment:create_file_with_runtime_dependencies(/home/steve/mren203-ws/install/testing/share/colcon-core/packages/testing)
[53.711s] DEBUG:colcon.colcon_core.event_handler.log_command:Invoked command in '/home/steve/mren203-ws/build/steve_msgs' returned '0': CMAKE_PREFIX_PATH=${CMAKE_PREFIX_PATH}:/home/steve/mren203-ws/install/testing:/home/steve/mren203-ws/install/steve_ui:/home/steve/mren203-ws/install/motor_control:/home/steve/mren203-ws/install/joystick_ros2:/opt/ros/humble /usr/bin/cmake --build /home/steve/mren203-ws/build/steve_msgs -- -j4 -l4
[54.419s] DEBUG:colcon.colcon_core.event_handler.log_command:Invoking command in '/home/steve/mren203-ws/build/steve_msgs': CMAKE_PREFIX_PATH=${CMAKE_PREFIX_PATH}:/home/steve/mren203-ws/install/testing:/home/steve/mren203-ws/install/steve_ui:/home/steve/mren203-ws/install/motor_control:/home/steve/mren203-ws/install/joystick_ros2:/opt/ros/humble /usr/bin/cmake --install /home/steve/mren203-ws/build/steve_msgs
[58.344s] Level 1:colcon.colcon_core.environment:create_environment_scripts_only(steve_msgs)
[58.346s] DEBUG:colcon.colcon_core.event_handler.log_command:Invoked command in '/home/steve/mren203-ws/build/steve_msgs' returned '0': CMAKE_PREFIX_PATH=${CMAKE_PREFIX_PATH}:/home/steve/mren203-ws/install/testing:/home/steve/mren203-ws/install/steve_ui:/home/steve/mren203-ws/install/motor_control:/home/steve/mren203-ws/install/joystick_ros2:/opt/ros/humble /usr/bin/cmake --install /home/steve/mren203-ws/build/steve_msgs
[58.435s] Level 1:colcon.colcon_core.environment:checking '/home/steve/mren203-ws/install/steve_msgs' for CMake module files
[58.440s] Level 1:colcon.colcon_core.environment:checking '/home/steve/mren203-ws/install/steve_msgs' for CMake config files
[58.446s] Level 1:colcon.colcon_core.shell:create_environment_hook('steve_msgs', 'cmake_prefix_path')
[58.535s] INFO:colcon.colcon_core.shell:Creating environment hook '/home/steve/mren203-ws/install/steve_msgs/share/steve_msgs/hook/cmake_prefix_path.ps1'
[58.537s] INFO:colcon.colcon_core.shell:Creating environment descriptor '/home/steve/mren203-ws/install/steve_msgs/share/steve_msgs/hook/cmake_prefix_path.dsv'
[58.539s] INFO:colcon.colcon_core.shell:Creating environment hook '/home/steve/mren203-ws/install/steve_msgs/share/steve_msgs/hook/cmake_prefix_path.sh'
[58.542s] Level 1:colcon.colcon_core.environment:checking '/home/steve/mren203-ws/install/steve_msgs/lib'
[58.543s] Level 1:colcon.colcon_core.shell:create_environment_hook('steve_msgs', 'ld_library_path_lib')
[58.633s] INFO:colcon.colcon_core.shell:Creating environment hook '/home/steve/mren203-ws/install/steve_msgs/share/steve_msgs/hook/ld_library_path_lib.ps1'
[58.636s] INFO:colcon.colcon_core.shell:Creating environment descriptor '/home/steve/mren203-ws/install/steve_msgs/share/steve_msgs/hook/ld_library_path_lib.dsv'
[58.637s] INFO:colcon.colcon_core.shell:Creating environment hook '/home/steve/mren203-ws/install/steve_msgs/share/steve_msgs/hook/ld_library_path_lib.sh'
[58.640s] Level 1:colcon.colcon_core.environment:checking '/home/steve/mren203-ws/install/steve_msgs/bin'
[58.640s] Level 1:colcon.colcon_core.environment:checking '/home/steve/mren203-ws/install/steve_msgs/lib/pkgconfig/steve_msgs.pc'
[58.641s] Level 1:colcon.colcon_core.environment:checking '/home/steve/mren203-ws/install/steve_msgs/lib/python3.10/site-packages'
[58.642s] Level 1:colcon.colcon_core.environment:checking '/home/steve/mren203-ws/install/steve_msgs/bin'
[58.735s] INFO:colcon.colcon_core.shell:Creating package script '/home/steve/mren203-ws/install/steve_msgs/share/steve_msgs/package.ps1'
[58.737s] INFO:colcon.colcon_core.shell:Creating package descriptor '/home/steve/mren203-ws/install/steve_msgs/share/steve_msgs/package.dsv'
[58.740s] INFO:colcon.colcon_core.shell:Creating package script '/home/steve/mren203-ws/install/steve_msgs/share/steve_msgs/package.sh'
[58.742s] INFO:colcon.colcon_core.shell:Creating package script '/home/steve/mren203-ws/install/steve_msgs/share/steve_msgs/package.bash'
[58.744s] INFO:colcon.colcon_core.shell:Creating package script '/home/steve/mren203-ws/install/steve_msgs/share/steve_msgs/package.zsh'
[58.746s] Level 1:colcon.colcon_core.environment:create_file_with_runtime_dependencies(/home/steve/mren203-ws/install/steve_msgs/share/colcon-core/packages/steve_msgs)
[59.543s] Level 1:colcon.colcon_core.environment:create_environment_scripts_only(steve_msgs)
[59.635s] Level 1:colcon.colcon_core.environment:checking '/home/steve/mren203-ws/install/steve_msgs' for CMake module files
[59.639s] Level 1:colcon.colcon_core.environment:checking '/home/steve/mren203-ws/install/steve_msgs' for CMake config files
[59.646s] Level 1:colcon.colcon_core.shell:create_environment_hook('steve_msgs', 'cmake_prefix_path')
[59.735s] INFO:colcon.colcon_core.shell:Creating environment hook '/home/steve/mren203-ws/install/steve_msgs/share/steve_msgs/hook/cmake_prefix_path.ps1'
[59.737s] INFO:colcon.colcon_core.shell:Creating environment descriptor '/home/steve/mren203-ws/install/steve_msgs/share/steve_msgs/hook/cmake_prefix_path.dsv'
[59.739s] INFO:colcon.colcon_core.shell:Creating environment hook '/home/steve/mren203-ws/install/steve_msgs/share/steve_msgs/hook/cmake_prefix_path.sh'
[59.742s] Level 1:colcon.colcon_core.environment:checking '/home/steve/mren203-ws/install/steve_msgs/lib'
[59.743s] Level 1:colcon.colcon_core.shell:create_environment_hook('steve_msgs', 'ld_library_path_lib')
[59.833s] INFO:colcon.colcon_core.shell:Creating environment hook '/home/steve/mren203-ws/install/steve_msgs/share/steve_msgs/hook/ld_library_path_lib.ps1'
[59.836s] INFO:colcon.colcon_core.shell:Creating environment descriptor '/home/steve/mren203-ws/install/steve_msgs/share/steve_msgs/hook/ld_library_path_lib.dsv'
[59.838s] INFO:colcon.colcon_core.shell:Creating environment hook '/home/steve/mren203-ws/install/steve_msgs/share/steve_msgs/hook/ld_library_path_lib.sh'
[59.840s] Level 1:colcon.colcon_core.environment:checking '/home/steve/mren203-ws/install/steve_msgs/bin'
[59.840s] Level 1:colcon.colcon_core.environment:checking '/home/steve/mren203-ws/install/steve_msgs/lib/pkgconfig/steve_msgs.pc'
[59.842s] Level 1:colcon.colcon_core.environment:checking '/home/steve/mren203-ws/install/steve_msgs/lib/python3.10/site-packages'
[59.843s] Level 1:colcon.colcon_core.environment:checking '/home/steve/mren203-ws/install/steve_msgs/bin'
[59.934s] INFO:colcon.colcon_core.shell:Creating package script '/home/steve/mren203-ws/install/steve_msgs/share/steve_msgs/package.ps1'
[59.938s] INFO:colcon.colcon_core.shell:Creating package descriptor '/home/steve/mren203-ws/install/steve_msgs/share/steve_msgs/package.dsv'
[59.941s] INFO:colcon.colcon_core.shell:Creating package script '/home/steve/mren203-ws/install/steve_msgs/share/steve_msgs/package.sh'
[60.056s] INFO:colcon.colcon_core.shell:Creating package script '/home/steve/mren203-ws/install/steve_msgs/share/steve_msgs/package.bash'
[60.063s] INFO:colcon.colcon_core.shell:Creating package script '/home/steve/mren203-ws/install/steve_msgs/share/steve_msgs/package.zsh'
[60.067s] Level 1:colcon.colcon_core.environment:create_file_with_runtime_dependencies(/home/steve/mren203-ws/install/steve_msgs/share/colcon-core/packages/steve_msgs)
[60.069s] INFO:colcon.colcon_ros.task.ament_python.build:Building ROS package in '/home/steve/mren203-ws/src/motor_control' with build type 'ament_python'
[60.071s] Level 1:colcon.colcon_core.shell:create_environment_hook('motor_control', 'ament_prefix_path')
[60.179s] INFO:colcon.colcon_core.shell:Creating environment hook '/home/steve/mren203-ws/install/motor_control/share/motor_control/hook/ament_prefix_path.ps1'
[60.182s] INFO:colcon.colcon_core.shell:Creating environment descriptor '/home/steve/mren203-ws/install/motor_control/share/motor_control/hook/ament_prefix_path.dsv'
[60.184s] INFO:colcon.colcon_core.shell:Creating environment hook '/home/steve/mren203-ws/install/motor_control/share/motor_control/hook/ament_prefix_path.sh'
[60.255s] INFO:colcon.colcon_core.shell:Skip shell extension 'powershell' for command environment: Not usable outside of PowerShell
[60.256s] DEBUG:colcon.colcon_core.shell:Skip shell extension 'dsv' for command environment
[60.483s] INFO:colcon.colcon_ros.task.ament_python.build:Building ROS package in '/home/steve/mren203-ws/src/steve_ui' with build type 'ament_python'
[60.483s] Level 1:colcon.colcon_core.shell:create_environment_hook('steve_ui', 'ament_prefix_path')
[60.560s] INFO:colcon.colcon_core.shell:Creating environment hook '/home/steve/mren203-ws/install/steve_ui/share/steve_ui/hook/ament_prefix_path.ps1'
[60.563s] INFO:colcon.colcon_core.shell:Creating environment descriptor '/home/steve/mren203-ws/install/steve_ui/share/steve_ui/hook/ament_prefix_path.dsv'
[60.564s] INFO:colcon.colcon_core.shell:Creating environment hook '/home/steve/mren203-ws/install/steve_ui/share/steve_ui/hook/ament_prefix_path.sh'
[60.637s] INFO:colcon.colcon_core.shell:Skip shell extension 'powershell' for command environment: Not usable outside of PowerShell
[60.637s] DEBUG:colcon.colcon_core.shell:Skip shell extension 'dsv' for command environment
[62.631s] INFO:colcon.colcon_core.task.python.build:Building Python package in '/home/steve/mren203-ws/src/motor_control'
[62.739s] INFO:colcon.colcon_core.shell:Skip shell extension 'powershell' for command environment: Not usable outside of PowerShell
[62.739s] DEBUG:colcon.colcon_core.shell:Skip shell extension 'dsv' for command environment
[64.257s] INFO:colcon.colcon_core.task.python.build:Building Python package in '/home/steve/mren203-ws/src/steve_ui'
[64.324s] INFO:colcon.colcon_core.shell:Skip shell extension 'powershell' for command environment: Not usable outside of PowerShell
[64.324s] DEBUG:colcon.colcon_core.shell:Skip shell extension 'dsv' for command environment
[66.955s] DEBUG:colcon.colcon_core.event_handler.log_command:Invoking command in '/home/steve/mren203-ws/build/steve_ui': PYTHONPATH=/home/steve/mren203-ws/build/steve_ui/prefix_override:/home/steve/mren203-ws/install/steve_ui/lib/python3.10/site-packages:${PYTHONPATH} /usr/bin/python3 setup.py develop --editable --build-directory /home/steve/mren203-ws/build/steve_ui/build --no-deps install_data
[66.973s] DEBUG:colcon.colcon_core.event_handler.log_command:Invoking command in '/home/steve/mren203-ws/build/motor_control': PYTHONPATH=/home/steve/mren203-ws/build/motor_control/prefix_override:/home/steve/mren203-ws/install/motor_control/lib/python3.10/site-packages:${PYTHONPATH} /usr/bin/python3 setup.py develop --editable --build-directory /home/steve/mren203-ws/build/motor_control/build --no-deps install_data
[70.194s] Level 1:colcon.colcon_core.shell:create_environment_hook('steve_ui', 'pythonpath_develop')
[70.197s] DEBUG:colcon.colcon_core.event_handler.log_command:Invoked command in '/home/steve/mren203-ws/build/steve_ui' returned '0': PYTHONPATH=/home/steve/mren203-ws/build/steve_ui/prefix_override:/home/steve/mren203-ws/install/steve_ui/lib/python3.10/site-packages:${PYTHONPATH} /usr/bin/python3 setup.py develop --editable --build-directory /home/steve/mren203-ws/build/steve_ui/build --no-deps install_data
[70.298s] INFO:colcon.colcon_core.shell:Creating environment hook '/home/steve/mren203-ws/build/steve_ui/share/steve_ui/hook/pythonpath_develop.ps1'
[70.301s] INFO:colcon.colcon_core.shell:Creating environment descriptor '/home/steve/mren203-ws/build/steve_ui/share/steve_ui/hook/pythonpath_develop.dsv'
[70.303s] INFO:colcon.colcon_core.shell:Creating environment hook '/home/steve/mren203-ws/build/steve_ui/share/steve_ui/hook/pythonpath_develop.sh'
[70.395s] Level 1:colcon.colcon_core.environment:checking '/home/steve/mren203-ws/install/steve_ui' for CMake module files
[70.397s] Level 1:colcon.colcon_core.environment:checking '/home/steve/mren203-ws/install/steve_ui' for CMake config files
[70.400s] Level 1:colcon.colcon_core.environment:checking '/home/steve/mren203-ws/install/steve_ui/lib'
[70.401s] Level 1:colcon.colcon_core.environment:checking '/home/steve/mren203-ws/install/steve_ui/bin'
[70.402s] Level 1:colcon.colcon_core.environment:checking '/home/steve/mren203-ws/install/steve_ui/lib/pkgconfig/steve_ui.pc'
[70.403s] Level 1:colcon.colcon_core.environment:checking '/home/steve/mren203-ws/install/steve_ui/lib/python3.10/site-packages'
[70.403s] Level 1:colcon.colcon_core.shell:create_environment_hook('steve_ui', 'pythonpath')
[70.507s] INFO:colcon.colcon_core.shell:Creating environment hook '/home/steve/mren203-ws/install/steve_ui/share/steve_ui/hook/pythonpath.ps1'
[70.509s] INFO:colcon.colcon_core.shell:Creating environment descriptor '/home/steve/mren203-ws/install/steve_ui/share/steve_ui/hook/pythonpath.dsv'
[70.512s] INFO:colcon.colcon_core.shell:Creating environment hook '/home/steve/mren203-ws/install/steve_ui/share/steve_ui/hook/pythonpath.sh'
[70.515s] Level 1:colcon.colcon_core.environment:checking '/home/steve/mren203-ws/install/steve_ui/bin'
[70.516s] Level 1:colcon.colcon_core.environment:create_environment_scripts_only(steve_ui)
[70.613s] INFO:colcon.colcon_core.shell:Creating package script '/home/steve/mren203-ws/install/steve_ui/share/steve_ui/package.ps1'
[70.615s] INFO:colcon.colcon_core.shell:Creating package descriptor '/home/steve/mren203-ws/install/steve_ui/share/steve_ui/package.dsv'
[70.618s] INFO:colcon.colcon_core.shell:Creating package script '/home/steve/mren203-ws/install/steve_ui/share/steve_ui/package.sh'
[70.620s] INFO:colcon.colcon_core.shell:Creating package script '/home/steve/mren203-ws/install/steve_ui/share/steve_ui/package.bash'
[70.622s] INFO:colcon.colcon_core.shell:Creating package script '/home/steve/mren203-ws/install/steve_ui/share/steve_ui/package.zsh'
[70.624s] Level 1:colcon.colcon_core.environment:create_file_with_runtime_dependencies(/home/steve/mren203-ws/install/steve_ui/share/colcon-core/packages/steve_ui)
[70.629s] Level 1:colcon.colcon_core.shell:create_environment_hook('motor_control', 'pythonpath_develop')
[70.635s] DEBUG:colcon.colcon_core.event_handler.log_command:Invoked command in '/home/steve/mren203-ws/build/motor_control' returned '0': PYTHONPATH=/home/steve/mren203-ws/build/motor_control/prefix_override:/home/steve/mren203-ws/install/motor_control/lib/python3.10/site-packages:${PYTHONPATH} /usr/bin/python3 setup.py develop --editable --build-directory /home/steve/mren203-ws/build/motor_control/build --no-deps install_data
[70.724s] INFO:colcon.colcon_core.shell:Creating environment hook '/home/steve/mren203-ws/build/motor_control/share/motor_control/hook/pythonpath_develop.ps1'
[70.726s] INFO:colcon.colcon_core.shell:Creating environment descriptor '/home/steve/mren203-ws/build/motor_control/share/motor_control/hook/pythonpath_develop.dsv'
[70.728s] INFO:colcon.colcon_core.shell:Creating environment hook '/home/steve/mren203-ws/build/motor_control/share/motor_control/hook/pythonpath_develop.sh'
[70.822s] Level 1:colcon.colcon_core.environment:checking '/home/steve/mren203-ws/install/motor_control' for CMake module files
[70.824s] Level 1:colcon.colcon_core.environment:checking '/home/steve/mren203-ws/install/motor_control' for CMake config files
[70.827s] Level 1:colcon.colcon_core.environment:checking '/home/steve/mren203-ws/install/motor_control/lib'
[70.828s] Level 1:colcon.colcon_core.environment:checking '/home/steve/mren203-ws/install/motor_control/bin'
[70.828s] Level 1:colcon.colcon_core.environment:checking '/home/steve/mren203-ws/install/motor_control/lib/pkgconfig/motor_control.pc'
[70.829s] Level 1:colcon.colcon_core.environment:checking '/home/steve/mren203-ws/install/motor_control/lib/python3.10/site-packages'
[70.830s] Level 1:colcon.colcon_core.shell:create_environment_hook('motor_control', 'pythonpath')
[70.925s] INFO:colcon.colcon_core.shell:Creating environment hook '/home/steve/mren203-ws/install/motor_control/share/motor_control/hook/pythonpath.ps1'
[70.927s] INFO:colcon.colcon_core.shell:Creating environment descriptor '/home/steve/mren203-ws/install/motor_control/share/motor_control/hook/pythonpath.dsv'
[70.929s] INFO:colcon.colcon_core.shell:Creating environment hook '/home/steve/mren203-ws/install/motor_control/share/motor_control/hook/pythonpath.sh'
[70.932s] Level 1:colcon.colcon_core.environment:checking '/home/steve/mren203-ws/install/motor_control/bin'
[70.932s] Level 1:colcon.colcon_core.environment:create_environment_scripts_only(motor_control)
[71.034s] INFO:colcon.colcon_core.shell:Creating package script '/home/steve/mren203-ws/install/motor_control/share/motor_control/package.ps1'
[71.037s] INFO:colcon.colcon_core.shell:Creating package descriptor '/home/steve/mren203-ws/install/motor_control/share/motor_control/package.dsv'
[71.040s] INFO:colcon.colcon_core.shell:Creating package script '/home/steve/mren203-ws/install/motor_control/share/motor_control/package.sh'
[71.042s] INFO:colcon.colcon_core.shell:Creating package script '/home/steve/mren203-ws/install/motor_control/share/motor_control/package.bash'
[71.044s] INFO:colcon.colcon_core.shell:Creating package script '/home/steve/mren203-ws/install/motor_control/share/motor_control/package.zsh'
[71.046s] Level 1:colcon.colcon_core.environment:create_file_with_runtime_dependencies(/home/steve/mren203-ws/install/motor_control/share/colcon-core/packages/motor_control)
[77.663s] DEBUG:colcon.colcon_core.event_handler.log_command:Invoked command in '/home/steve/mren203-ws/build/rplidar_ros' returned '0': CMAKE_PREFIX_PATH=${CMAKE_PREFIX_PATH}:/home/steve/mren203-ws/install/testing:/home/steve/mren203-ws/install/steve_ui:/home/steve/mren203-ws/install/motor_control:/home/steve/mren203-ws/install/joystick_ros2:/opt/ros/humble /usr/bin/cmake --build /home/steve/mren203-ws/build/rplidar_ros -- -j4 -l4
[77.932s] DEBUG:colcon.colcon_core.event_handler.log_command:Invoking command in '/home/steve/mren203-ws/build/rplidar_ros': CMAKE_PREFIX_PATH=${CMAKE_PREFIX_PATH}:/home/steve/mren203-ws/install/testing:/home/steve/mren203-ws/install/steve_ui:/home/steve/mren203-ws/install/motor_control:/home/steve/mren203-ws/install/joystick_ros2:/opt/ros/humble /usr/bin/cmake --install /home/steve/mren203-ws/build/rplidar_ros
[79.043s] Level 1:colcon.colcon_core.environment:create_environment_scripts_only(rplidar_ros)
[79.044s] DEBUG:colcon.colcon_core.event_handler.log_command:Invoked command in '/home/steve/mren203-ws/build/rplidar_ros' returned '0': CMAKE_PREFIX_PATH=${CMAKE_PREFIX_PATH}:/home/steve/mren203-ws/install/testing:/home/steve/mren203-ws/install/steve_ui:/home/steve/mren203-ws/install/motor_control:/home/steve/mren203-ws/install/joystick_ros2:/opt/ros/humble /usr/bin/cmake --install /home/steve/mren203-ws/build/rplidar_ros
[79.108s] Level 1:colcon.colcon_core.environment:checking '/home/steve/mren203-ws/install/rplidar_ros' for CMake module files
[79.111s] Level 1:colcon.colcon_core.environment:checking '/home/steve/mren203-ws/install/rplidar_ros' for CMake config files
[79.113s] Level 1:colcon.colcon_core.shell:create_environment_hook('rplidar_ros', 'cmake_prefix_path')
[79.174s] INFO:colcon.colcon_core.shell:Creating environment hook '/home/steve/mren203-ws/install/rplidar_ros/share/rplidar_ros/hook/cmake_prefix_path.ps1'
[79.176s] INFO:colcon.colcon_core.shell:Creating environment descriptor '/home/steve/mren203-ws/install/rplidar_ros/share/rplidar_ros/hook/cmake_prefix_path.dsv'
[79.177s] INFO:colcon.colcon_core.shell:Creating environment hook '/home/steve/mren203-ws/install/rplidar_ros/share/rplidar_ros/hook/cmake_prefix_path.sh'
[79.180s] Level 1:colcon.colcon_core.environment:checking '/home/steve/mren203-ws/install/rplidar_ros/lib'
[79.180s] Level 1:colcon.colcon_core.shell:create_environment_hook('rplidar_ros', 'ld_library_path_lib')
[79.241s] INFO:colcon.colcon_core.shell:Creating environment hook '/home/steve/mren203-ws/install/rplidar_ros/share/rplidar_ros/hook/ld_library_path_lib.ps1'
[79.243s] INFO:colcon.colcon_core.shell:Creating environment descriptor '/home/steve/mren203-ws/install/rplidar_ros/share/rplidar_ros/hook/ld_library_path_lib.dsv'
[79.244s] INFO:colcon.colcon_core.shell:Creating environment hook '/home/steve/mren203-ws/install/rplidar_ros/share/rplidar_ros/hook/ld_library_path_lib.sh'
[79.245s] Level 1:colcon.colcon_core.environment:checking '/home/steve/mren203-ws/install/rplidar_ros/bin'
[79.245s] Level 1:colcon.colcon_core.environment:checking '/home/steve/mren203-ws/install/rplidar_ros/lib/pkgconfig/rplidar_ros.pc'
[79.246s] Level 1:colcon.colcon_core.environment:checking '/home/steve/mren203-ws/install/rplidar_ros/lib/python3.10/site-packages'
[79.247s] Level 1:colcon.colcon_core.environment:checking '/home/steve/mren203-ws/install/rplidar_ros/bin'
[79.308s] INFO:colcon.colcon_core.shell:Creating package script '/home/steve/mren203-ws/install/rplidar_ros/share/rplidar_ros/package.ps1'
[79.310s] INFO:colcon.colcon_core.shell:Creating package descriptor '/home/steve/mren203-ws/install/rplidar_ros/share/rplidar_ros/package.dsv'
[79.312s] INFO:colcon.colcon_core.shell:Creating package script '/home/steve/mren203-ws/install/rplidar_ros/share/rplidar_ros/package.sh'
[79.313s] INFO:colcon.colcon_core.shell:Creating package script '/home/steve/mren203-ws/install/rplidar_ros/share/rplidar_ros/package.bash'
[79.315s] INFO:colcon.colcon_core.shell:Creating package script '/home/steve/mren203-ws/install/rplidar_ros/share/rplidar_ros/package.zsh'
[79.316s] Level 1:colcon.colcon_core.environment:create_file_with_runtime_dependencies(/home/steve/mren203-ws/install/rplidar_ros/share/colcon-core/packages/rplidar_ros)
[79.640s] Level 1:colcon.colcon_core.environment:create_environment_scripts_only(rplidar_ros)
[79.700s] Level 1:colcon.colcon_core.environment:checking '/home/steve/mren203-ws/install/rplidar_ros' for CMake module files
[79.703s] Level 1:colcon.colcon_core.environment:checking '/home/steve/mren203-ws/install/rplidar_ros' for CMake config files
[79.705s] Level 1:colcon.colcon_core.shell:create_environment_hook('rplidar_ros', 'cmake_prefix_path')
[79.766s] INFO:colcon.colcon_core.shell:Creating environment hook '/home/steve/mren203-ws/install/rplidar_ros/share/rplidar_ros/hook/cmake_prefix_path.ps1'
[79.768s] INFO:colcon.colcon_core.shell:Creating environment descriptor '/home/steve/mren203-ws/install/rplidar_ros/share/rplidar_ros/hook/cmake_prefix_path.dsv'
[79.769s] INFO:colcon.colcon_core.shell:Creating environment hook '/home/steve/mren203-ws/install/rplidar_ros/share/rplidar_ros/hook/cmake_prefix_path.sh'
[79.772s] Level 1:colcon.colcon_core.environment:checking '/home/steve/mren203-ws/install/rplidar_ros/lib'
[79.772s] Level 1:colcon.colcon_core.shell:create_environment_hook('rplidar_ros', 'ld_library_path_lib')
[79.833s] INFO:colcon.colcon_core.shell:Creating environment hook '/home/steve/mren203-ws/install/rplidar_ros/share/rplidar_ros/hook/ld_library_path_lib.ps1'
[79.835s] INFO:colcon.colcon_core.shell:Creating environment descriptor '/home/steve/mren203-ws/install/rplidar_ros/share/rplidar_ros/hook/ld_library_path_lib.dsv'
[79.837s] INFO:colcon.colcon_core.shell:Creating environment hook '/home/steve/mren203-ws/install/rplidar_ros/share/rplidar_ros/hook/ld_library_path_lib.sh'
[79.838s] Level 1:colcon.colcon_core.environment:checking '/home/steve/mren203-ws/install/rplidar_ros/bin'
[79.839s] Level 1:colcon.colcon_core.environment:checking '/home/steve/mren203-ws/install/rplidar_ros/lib/pkgconfig/rplidar_ros.pc'
[79.840s] Level 1:colcon.colcon_core.environment:checking '/home/steve/mren203-ws/install/rplidar_ros/lib/python3.10/site-packages'
[79.840s] Level 1:colcon.colcon_core.environment:checking '/home/steve/mren203-ws/install/rplidar_ros/bin'
[79.901s] INFO:colcon.colcon_core.shell:Creating package script '/home/steve/mren203-ws/install/rplidar_ros/share/rplidar_ros/package.ps1'
[79.904s] INFO:colcon.colcon_core.shell:Creating package descriptor '/home/steve/mren203-ws/install/rplidar_ros/share/rplidar_ros/package.dsv'
[79.906s] INFO:colcon.colcon_core.shell:Creating package script '/home/steve/mren203-ws/install/rplidar_ros/share/rplidar_ros/package.sh'
[79.908s] INFO:colcon.colcon_core.shell:Creating package script '/home/steve/mren203-ws/install/rplidar_ros/share/rplidar_ros/package.bash'
[79.910s] INFO:colcon.colcon_core.shell:Creating package script '/home/steve/mren203-ws/install/rplidar_ros/share/rplidar_ros/package.zsh'
[79.912s] Level 1:colcon.colcon_core.environment:create_file_with_runtime_dependencies(/home/steve/mren203-ws/install/rplidar_ros/share/colcon-core/packages/rplidar_ros)
[79.913s] DEBUG:colcon.colcon_parallel_executor.executor.parallel:closing loop
[79.914s] DEBUG:colcon.colcon_parallel_executor.executor.parallel:loop closed
[79.915s] DEBUG:colcon.colcon_parallel_executor.executor.parallel:run_until_complete finished with '0'
[79.915s] DEBUG:colcon.colcon_core.event_reactor:joining thread
[80.000s] INFO:colcon.colcon_core.plugin_system:Skipping extension 'colcon_notification.desktop_notification.notify_send': Could not find 'notify-send'
[80.000s] INFO:colcon.colcon_core.plugin_system:Skipping extension 'colcon_notification.desktop_notification.terminal_notifier': Not used on non-Darwin systems
[80.000s] INFO:colcon.colcon_core.plugin_system:Skipping extension 'colcon_notification.desktop_notification.win32': Not used on non-Windows systems
[80.000s] INFO:colcon.colcon_notification.desktop_notification:Sending desktop notification using 'notify2'
[80.003s] DEBUG:colcon.colcon_notification.desktop_notification.notify2:Failed to initialize notify2: org.freedesktop.DBus.Error.ServiceUnknown: The name org.freedesktop.Notifications was not provided by any .service files
[80.003s] DEBUG:colcon.colcon_core.event_reactor:joined thread
[80.067s] INFO:colcon.colcon_core.shell:Creating prefix script '/home/steve/mren203-ws/install/local_setup.ps1'
[80.071s] INFO:colcon.colcon_core.shell:Creating prefix util module '/home/steve/mren203-ws/install/_local_setup_util_ps1.py'
[80.076s] INFO:colcon.colcon_core.shell:Creating prefix chain script '/home/steve/mren203-ws/install/setup.ps1'
[80.141s] INFO:colcon.colcon_core.shell:Creating prefix script '/home/steve/mren203-ws/install/local_setup.sh'
[80.143s] INFO:colcon.colcon_core.shell:Creating prefix util module '/home/steve/mren203-ws/install/_local_setup_util_sh.py'
[80.145s] INFO:colcon.colcon_core.shell:Creating prefix chain script '/home/steve/mren203-ws/install/setup.sh'
[80.212s] INFO:colcon.colcon_core.shell:Creating prefix script '/home/steve/mren203-ws/install/local_setup.bash'
[80.214s] INFO:colcon.colcon_core.shell:Creating prefix chain script '/home/steve/mren203-ws/install/setup.bash'
[80.278s] INFO:colcon.colcon_core.shell:Creating prefix script '/home/steve/mren203-ws/install/local_setup.zsh'
[80.280s] INFO:colcon.colcon_core.shell:Creating prefix chain script '/home/steve/mren203-ws/install/setup.zsh'
