[0.789s] Invoking command in '/home/steve/mren203-ws/build/steve_launch': CMAKE_PREFIX_PATH=${CMAKE_PREFIX_PATH}:/home/steve/mren203-ws/install/testing:/home/steve/mren203-ws/install/steve_ui:/home/steve/mren203-ws/install/motor_control:/home/steve/mren203-ws/install/joystick_ros2:/opt/ros/humble /usr/bin/cmake --build /home/steve/mren203-ws/build/steve_launch -- -j4 -l4
[1.351s] Invoked command in '/home/steve/mren203-ws/build/steve_launch' returned '0': CMAKE_PREFIX_PATH=${CMAKE_PREFIX_PATH}:/home/steve/mren203-ws/install/testing:/home/steve/mren203-ws/install/steve_ui:/home/steve/mren203-ws/install/motor_control:/home/steve/mren203-ws/install/joystick_ros2:/opt/ros/humble /usr/bin/cmake --build /home/steve/mren203-ws/build/steve_launch -- -j4 -l4
[1.498s] Invoking command in '/home/steve/mren203-ws/build/steve_launch': CMAKE_PREFIX_PATH=${CMAKE_PREFIX_PATH}:/home/steve/mren203-ws/install/testing:/home/steve/mren203-ws/install/steve_ui:/home/steve/mren203-ws/install/motor_control:/home/steve/mren203-ws/install/joystick_ros2:/opt/ros/humble /usr/bin/cmake --install /home/steve/mren203-ws/build/steve_launch
[1.534s] -- Install configuration: ""
[1.536s] -- Execute custom install script
[1.538s] -- Up-to-date symlink: /home/steve/mren203-ws/install/steve_launch/share/steve_launch/launch/all_launch.launch
[1.539s] -- Up-to-date symlink: /home/steve/mren203-ws/install/steve_launch/share/steve_launch/launch/ekf.launch.py
[1.539s] -- Up-to-date symlink: /home/steve/mren203-ws/install/steve_launch/share/steve_launch/launch/fsm_sensors.launch
[1.540s] -- Up-to-date symlink: /home/steve/mren203-ws/install/steve_launch/share/steve_launch/launch/manual_control.launch
[1.541s] -- Up-to-date symlink: /home/steve/mren203-ws/install/steve_launch/share/steve_launch/launch/online_sync_launch.launch.py
[1.542s] -- Up-to-date symlink: /home/steve/mren203-ws/install/steve_launch/share/steve_launch/launch/webcam.launch
[1.544s] -- Up-to-date symlink: /home/steve/mren203-ws/install/steve_launch/share/steve_launch/params/ekf.yaml
[1.545s] -- Up-to-date symlink: /home/steve/mren203-ws/install/steve_launch/share/steve_launch/params/mapper_params_online_sync.yaml
[1.547s] -- Up-to-date symlink: /home/steve/mren203-ws/install/steve_launch/share/ament_index/resource_index/package_run_dependencies/steve_launch
[1.548s] -- Up-to-date symlink: /home/steve/mren203-ws/install/steve_launch/share/ament_index/resource_index/parent_prefix_path/steve_launch
[1.549s] -- Up-to-date symlink: /home/steve/mren203-ws/install/steve_launch/share/steve_launch/environment/ament_prefix_path.sh
[1.551s] -- Up-to-date symlink: /home/steve/mren203-ws/install/steve_launch/share/steve_launch/environment/ament_prefix_path.dsv
[1.552s] -- Up-to-date symlink: /home/steve/mren203-ws/install/steve_launch/share/steve_launch/environment/path.sh
[1.553s] -- Up-to-date symlink: /home/steve/mren203-ws/install/steve_launch/share/steve_launch/environment/path.dsv
[1.554s] -- Up-to-date symlink: /home/steve/mren203-ws/install/steve_launch/share/steve_launch/local_setup.bash
[1.556s] -- Up-to-date symlink: /home/steve/mren203-ws/install/steve_launch/share/steve_launch/local_setup.sh
[1.557s] -- Up-to-date symlink: /home/steve/mren203-ws/install/steve_launch/share/steve_launch/local_setup.zsh
[1.558s] -- Up-to-date symlink: /home/steve/mren203-ws/install/steve_launch/share/steve_launch/local_setup.dsv
[1.559s] -- Symlinking: /home/steve/mren203-ws/install/steve_launch/share/steve_launch/package.dsv
[1.604s] -- Up-to-date symlink: /home/steve/mren203-ws/install/steve_launch/share/ament_index/resource_index/packages/steve_launch
[1.605s] -- Up-to-date symlink: /home/steve/mren203-ws/install/steve_launch/share/steve_launch/cmake/steve_launchConfig.cmake
[1.605s] -- Up-to-date symlink: /home/steve/mren203-ws/install/steve_launch/share/steve_launch/cmake/steve_launchConfig-version.cmake
[1.607s] -- Up-to-date symlink: /home/steve/mren203-ws/install/steve_launch/share/steve_launch/package.xml
[2.799s] Invoked command in '/home/steve/mren203-ws/build/steve_launch' returned '0': CMAKE_PREFIX_PATH=${CMAKE_PREFIX_PATH}:/home/steve/mren203-ws/install/testing:/home/steve/mren203-ws/install/steve_ui:/home/steve/mren203-ws/install/motor_control:/home/steve/mren203-ws/install/joystick_ros2:/opt/ros/humble /usr/bin/cmake --install /home/steve/mren203-ws/build/steve_launch
