[0.268s] Invoking command in '/home/dj/MREN203/mren203-ws/build/steve_launch': CMAKE_PREFIX_PATH=/opt/ros/humble /usr/bin/cmake /home/dj/MREN203/mren203-ws/src/steve_launch -DAMENT_CMAKE_SYMLINK_INSTALL=1 -DCMAKE_INSTALL_PREFIX=/home/dj/MREN203/mren203-ws/install/steve_launch
[0.316s] -- The C compiler identification is GNU 11.4.0
[0.366s] -- The CXX compiler identification is GNU 11.4.0
[0.372s] -- Detecting C compiler ABI info
[0.438s] -- Detecting C compiler ABI info - done
[0.442s] -- Check for working C compiler: /usr/bin/cc - skipped
[0.442s] -- Detecting C compile features
[0.443s] -- Detecting C compile features - done
[0.445s] -- Detecting CXX compiler ABI info
[0.522s] -- Detecting CXX compiler ABI info - done
[0.532s] -- Check for working CXX compiler: /usr/bin/c++ - skipped
[0.532s] -- Detecting CXX compile features
[0.532s] -- Detecting CXX compile features - done
[0.535s] -- Found ament_cmake: 1.3.8 (/opt/ros/humble/share/ament_cmake/cmake)
[0.832s] -- Found Python3: /usr/bin/python3 (found version "3.10.12") found components: Interpreter 
[0.884s] -- Override CMake install command with custom implementation using symlinks instead of copying resources
[1.006s] -- Configuring done
[1.008s] -- Generating done
[1.009s] -- Build files have been written to: /home/dj/MREN203/mren203-ws/build/steve_launch
[1.015s] Invoked command in '/home/dj/MREN203/mren203-ws/build/steve_launch' returned '0': CMAKE_PREFIX_PATH=/opt/ros/humble /usr/bin/cmake /home/dj/MREN203/mren203-ws/src/steve_launch -DAMENT_CMAKE_SYMLINK_INSTALL=1 -DCMAKE_INSTALL_PREFIX=/home/dj/MREN203/mren203-ws/install/steve_launch
[1.017s] Invoking command in '/home/dj/MREN203/mren203-ws/build/steve_launch': CMAKE_PREFIX_PATH=/opt/ros/humble /usr/bin/cmake --build /home/dj/MREN203/mren203-ws/build/steve_launch -- -j16 -l16
[1.058s] Invoked command in '/home/dj/MREN203/mren203-ws/build/steve_launch' returned '0': CMAKE_PREFIX_PATH=/opt/ros/humble /usr/bin/cmake --build /home/dj/MREN203/mren203-ws/build/steve_launch -- -j16 -l16
[1.099s] Invoking command in '/home/dj/MREN203/mren203-ws/build/steve_launch': CMAKE_PREFIX_PATH=/opt/ros/humble /usr/bin/cmake --install /home/dj/MREN203/mren203-ws/build/steve_launch
[1.107s] -- Install configuration: ""
[1.107s] -- Execute custom install script
[1.108s] -- Symlinking: /home/dj/MREN203/mren203-ws/install/steve_launch/share/steve_launch/launch/manual_control.launch
[1.118s] -- Symlinking: /home/dj/MREN203/mren203-ws/install/steve_launch/share/ament_index/resource_index/package_run_dependencies/steve_launch
[1.128s] -- Symlinking: /home/dj/MREN203/mren203-ws/install/steve_launch/share/ament_index/resource_index/parent_prefix_path/steve_launch
[1.138s] -- Symlinking: /home/dj/MREN203/mren203-ws/install/steve_launch/share/steve_launch/environment/ament_prefix_path.sh
[1.147s] -- Symlinking: /home/dj/MREN203/mren203-ws/install/steve_launch/share/steve_launch/environment/ament_prefix_path.dsv
[1.157s] -- Symlinking: /home/dj/MREN203/mren203-ws/install/steve_launch/share/steve_launch/environment/path.sh
[1.167s] -- Symlinking: /home/dj/MREN203/mren203-ws/install/steve_launch/share/steve_launch/environment/path.dsv
[1.176s] -- Symlinking: /home/dj/MREN203/mren203-ws/install/steve_launch/share/steve_launch/local_setup.bash
[1.188s] -- Symlinking: /home/dj/MREN203/mren203-ws/install/steve_launch/share/steve_launch/local_setup.sh
[1.198s] -- Symlinking: /home/dj/MREN203/mren203-ws/install/steve_launch/share/steve_launch/local_setup.zsh
[1.206s] -- Symlinking: /home/dj/MREN203/mren203-ws/install/steve_launch/share/steve_launch/local_setup.dsv
[1.214s] -- Symlinking: /home/dj/MREN203/mren203-ws/install/steve_launch/share/steve_launch/package.dsv
[1.224s] -- Symlinking: /home/dj/MREN203/mren203-ws/install/steve_launch/share/ament_index/resource_index/packages/steve_launch
[1.234s] -- Symlinking: /home/dj/MREN203/mren203-ws/install/steve_launch/share/steve_launch/cmake/steve_launchConfig.cmake
[1.245s] -- Symlinking: /home/dj/MREN203/mren203-ws/install/steve_launch/share/steve_launch/cmake/steve_launchConfig-version.cmake
[1.253s] -- Symlinking: /home/dj/MREN203/mren203-ws/install/steve_launch/share/steve_launch/package.xml
[1.265s] Invoked command in '/home/dj/MREN203/mren203-ws/build/steve_launch' returned '0': CMAKE_PREFIX_PATH=/opt/ros/humble /usr/bin/cmake --install /home/dj/MREN203/mren203-ws/build/steve_launch
