[5.265s] Invoking command in '/home/steve/mren203-ws/build/joystick_ros2': PYTHONPATH=/home/steve/mren203-ws/build/joystick_ros2/prefix_override:/home/steve/mren203-ws/install/joystick_ros2/lib/python3.10/site-packages:${PYTHONPATH} /usr/bin/python3 setup.py develop --editable --build-directory /home/steve/mren203-ws/build/joystick_ros2/build --no-deps install_data
[6.703s] running develop
[6.705s] /usr/lib/python3/dist-packages/setuptools/command/easy_install.py:158: EasyInstallDeprecationWarning: easy_install command is deprecated. Use build and pip and other standards-based tools.
[6.707s]   warnings.warn(
[6.711s] /usr/lib/python3/dist-packages/setuptools/command/install.py:34: SetuptoolsDeprecationWarning: setup.py install is deprecated. Use build and pip and other standards-based tools.
[6.711s]   warnings.warn(
[7.597s] running egg_info
[7.598s] writing joystick_ros2.egg-info/PKG-INFO
[7.599s] writing dependency_links to joystick_ros2.egg-info/dependency_links.txt
[7.601s] writing entry points to joystick_ros2.egg-info/entry_points.txt
[7.602s] writing requirements to joystick_ros2.egg-info/requires.txt
[7.603s] writing top-level names to joystick_ros2.egg-info/top_level.txt
[7.608s] reading manifest file 'joystick_ros2.egg-info/SOURCES.txt'
[7.611s] writing manifest file 'joystick_ros2.egg-info/SOURCES.txt'
[7.618s] running build_ext
[7.622s] Creating /home/steve/mren203-ws/install/joystick_ros2/lib/python3.10/site-packages/joystick-ros2.egg-link (link to .)
[7.624s] Installing joystick_ros2 script to /home/steve/mren203-ws/install/joystick_ros2/lib/joystick_ros2
[7.625s] 
[7.628s] Installed /home/steve/mren203-ws/build/joystick_ros2
[7.632s] running install_data
[9.391s] Invoked command in '/home/steve/mren203-ws/build/joystick_ros2' returned '0': PYTHONPATH=/home/steve/mren203-ws/build/joystick_ros2/prefix_override:/home/steve/mren203-ws/install/joystick_ros2/lib/python3.10/site-packages:${PYTHONPATH} /usr/bin/python3 setup.py develop --editable --build-directory /home/steve/mren203-ws/build/joystick_ros2/build --no-deps install_data
