[5.669s] Invoking command in '/home/steve/mren203-ws/build/joystick_ros2': PYTHONPATH=/home/steve/mren203-ws/build/joystick_ros2/prefix_override:/home/steve/mren203-ws/install/joystick_ros2/lib/python3.10/site-packages:${PYTHONPATH} /usr/bin/python3 setup.py develop --editable --build-directory /home/steve/mren203-ws/build/joystick_ros2/build --no-deps install_data
[6.964s] running develop
[6.965s] /usr/lib/python3/dist-packages/setuptools/command/easy_install.py:158: EasyInstallDeprecationWarning: easy_install command is deprecated. Use build and pip and other standards-based tools.
[6.966s]   warnings.warn(
[6.971s] /usr/lib/python3/dist-packages/setuptools/command/install.py:34: SetuptoolsDeprecationWarning: setup.py install is deprecated. Use build and pip and other standards-based tools.
[6.971s]   warnings.warn(
[7.785s] running egg_info
[7.786s] writing joystick_ros2.egg-info/PKG-INFO
[7.787s] writing dependency_links to joystick_ros2.egg-info/dependency_links.txt
[7.788s] writing entry points to joystick_ros2.egg-info/entry_points.txt
[7.789s] writing requirements to joystick_ros2.egg-info/requires.txt
[7.789s] writing top-level names to joystick_ros2.egg-info/top_level.txt
[7.796s] reading manifest file 'joystick_ros2.egg-info/SOURCES.txt'
[7.799s] writing manifest file 'joystick_ros2.egg-info/SOURCES.txt'
[7.805s] running build_ext
[7.806s] Creating /home/steve/mren203-ws/install/joystick_ros2/lib/python3.10/site-packages/joystick-ros2.egg-link (link to .)
[7.810s] Installing joystick_ros2 script to /home/steve/mren203-ws/install/joystick_ros2/lib/joystick_ros2
[7.812s] 
[7.813s] Installed /home/steve/mren203-ws/build/joystick_ros2
[7.814s] running install_data
[8.010s] Invoked command in '/home/steve/mren203-ws/build/joystick_ros2' returned '0': PYTHONPATH=/home/steve/mren203-ws/build/joystick_ros2/prefix_override:/home/steve/mren203-ws/install/joystick_ros2/lib/python3.10/site-packages:${PYTHONPATH} /usr/bin/python3 setup.py develop --editable --build-directory /home/steve/mren203-ws/build/joystick_ros2/build --no-deps install_data
