[5.852s] Invoking command in '/home/steve/mren203-ws/build/motor_control': PYTHONPATH=/home/steve/mren203-ws/build/motor_control/prefix_override:/home/steve/mren203-ws/install/motor_control/lib/python3.10/site-packages:${PYTHONPATH} /usr/bin/python3 setup.py develop --editable --build-directory /home/steve/mren203-ws/build/motor_control/build --no-deps install_data
[7.755s] running develop
[7.756s] /usr/lib/python3/dist-packages/setuptools/command/easy_install.py:158: EasyInstallDeprecationWarning: easy_install command is deprecated. Use build and pip and other standards-based tools.
[7.757s]   warnings.warn(
[7.763s] /usr/lib/python3/dist-packages/setuptools/command/install.py:34: SetuptoolsDeprecationWarning: setup.py install is deprecated. Use build and pip and other standards-based tools.
[7.763s]   warnings.warn(
[8.981s] running egg_info
[8.982s] creating motor_control.egg-info
[8.992s] writing motor_control.egg-info/PKG-INFO
[8.997s] writing dependency_links to motor_control.egg-info/dependency_links.txt
[8.998s] writing entry points to motor_control.egg-info/entry_points.txt
[9.001s] writing requirements to motor_control.egg-info/requires.txt
[9.001s] writing top-level names to motor_control.egg-info/top_level.txt
[9.009s] writing manifest file 'motor_control.egg-info/SOURCES.txt'
[9.011s] reading manifest file 'motor_control.egg-info/SOURCES.txt'
[9.016s] writing manifest file 'motor_control.egg-info/SOURCES.txt'
[9.055s] running build_ext
[9.056s] Creating /home/steve/mren203-ws/install/motor_control/lib/python3.10/site-packages/motor-control.egg-link (link to .)
[9.061s] Installing motor_driver script to /home/steve/mren203-ws/install/motor_control/lib/motor_control
[9.067s] 
[9.069s] Installed /home/steve/mren203-ws/build/motor_control
[9.072s] running install_data
[9.075s] creating /home/steve/mren203-ws/install/motor_control/share/ament_index
[9.078s] creating /home/steve/mren203-ws/install/motor_control/share/ament_index/resource_index
[9.081s] creating /home/steve/mren203-ws/install/motor_control/share/ament_index/resource_index/packages
[9.087s] copying resource/motor_control -> /home/steve/mren203-ws/install/motor_control/share/ament_index/resource_index/packages
[9.091s] copying package.xml -> /home/steve/mren203-ws/install/motor_control/share/motor_control
[9.900s] Invoked command in '/home/steve/mren203-ws/build/motor_control' returned '0': PYTHONPATH=/home/steve/mren203-ws/build/motor_control/prefix_override:/home/steve/mren203-ws/install/motor_control/lib/python3.10/site-packages:${PYTHONPATH} /usr/bin/python3 setup.py develop --editable --build-directory /home/steve/mren203-ws/build/motor_control/build --no-deps install_data
