[6.628s] Invoking command in '/home/steve/mren203-ws/build/joystick_ros2': PYTHONPATH=/home/steve/mren203-ws/build/joystick_ros2/prefix_override:/home/steve/mren203-ws/install/joystick_ros2/lib/python3.10/site-packages:${PYTHONPATH} /usr/bin/python3 setup.py develop --editable --build-directory /home/steve/mren203-ws/build/joystick_ros2/build --no-deps install_data
[8.475s] running develop
[8.479s] /usr/lib/python3/dist-packages/setuptools/command/easy_install.py:158: EasyInstallDeprecationWarning: easy_install command is deprecated. Use build and pip and other standards-based tools.
[8.480s]   warnings.warn(
[8.486s] /usr/lib/python3/dist-packages/setuptools/command/install.py:34: SetuptoolsDeprecationWarning: setup.py install is deprecated. Use build and pip and other standards-based tools.
[8.487s]   warnings.warn(
[9.701s] running egg_info
[9.702s] creating joystick_ros2.egg-info
[9.703s] writing joystick_ros2.egg-info/PKG-INFO
[9.705s] writing dependency_links to joystick_ros2.egg-info/dependency_links.txt
[9.706s] writing entry points to joystick_ros2.egg-info/entry_points.txt
[9.706s] writing requirements to joystick_ros2.egg-info/requires.txt
[9.707s] writing top-level names to joystick_ros2.egg-info/top_level.txt
[9.713s] writing manifest file 'joystick_ros2.egg-info/SOURCES.txt'
[9.729s] reading manifest file 'joystick_ros2.egg-info/SOURCES.txt'
[9.730s] writing manifest file 'joystick_ros2.egg-info/SOURCES.txt'
[9.736s] running build_ext
[9.737s] Creating /home/steve/mren203-ws/install/joystick_ros2/lib/python3.10/site-packages/joystick-ros2.egg-link (link to .)
[9.742s] Installing joystick_ros2 script to /home/steve/mren203-ws/install/joystick_ros2/lib/joystick_ros2
[9.753s] 
[9.755s] Installed /home/steve/mren203-ws/build/joystick_ros2
[9.757s] running install_data
[9.759s] creating /home/steve/mren203-ws/install/joystick_ros2/share/ament_index
[9.761s] creating /home/steve/mren203-ws/install/joystick_ros2/share/ament_index/resource_index
[9.765s] creating /home/steve/mren203-ws/install/joystick_ros2/share/ament_index/resource_index/packages
[9.767s] copying resource/joystick_ros2 -> /home/steve/mren203-ws/install/joystick_ros2/share/ament_index/resource_index/packages
[9.770s] creating /home/steve/mren203-ws/install/joystick_ros2/shared
[9.772s] creating /home/steve/mren203-ws/install/joystick_ros2/shared/joystick_ros2
[9.782s] copying package.xml -> /home/steve/mren203-ws/install/joystick_ros2/shared/joystick_ros2
[10.393s] Invoked command in '/home/steve/mren203-ws/build/joystick_ros2' returned '0': PYTHONPATH=/home/steve/mren203-ws/build/joystick_ros2/prefix_override:/home/steve/mren203-ws/install/joystick_ros2/lib/python3.10/site-packages:${PYTHONPATH} /usr/bin/python3 setup.py develop --editable --build-directory /home/steve/mren203-ws/build/joystick_ros2/build --no-deps install_data
