[6.268s] Invoking command in '/home/steve/mren203-ws/build/motor_control': PYTHONPATH=/home/steve/mren203-ws/build/motor_control/prefix_override:/home/steve/mren203-ws/install/motor_control/lib/python3.10/site-packages:${PYTHONPATH} /usr/bin/python3 setup.py develop --editable --build-directory /home/steve/mren203-ws/build/motor_control/build --no-deps install_data
[7.597s] running develop
[7.597s] /usr/lib/python3/dist-packages/setuptools/command/easy_install.py:158: EasyInstallDeprecationWarning: easy_install command is deprecated. Use build and pip and other standards-based tools.
[7.598s]   warnings.warn(
[7.603s] /usr/lib/python3/dist-packages/setuptools/command/install.py:34: SetuptoolsDeprecationWarning: setup.py install is deprecated. Use build and pip and other standards-based tools.
[7.603s]   warnings.warn(
[8.411s] running egg_info
[8.412s] writing motor_control.egg-info/PKG-INFO
[8.413s] writing dependency_links to motor_control.egg-info/dependency_links.txt
[8.414s] writing entry points to motor_control.egg-info/entry_points.txt
[8.415s] writing requirements to motor_control.egg-info/requires.txt
[8.416s] writing top-level names to motor_control.egg-info/top_level.txt
[8.424s] reading manifest file 'motor_control.egg-info/SOURCES.txt'
[8.428s] writing manifest file 'motor_control.egg-info/SOURCES.txt'
[8.435s] running build_ext
[8.436s] Creating /home/steve/mren203-ws/install/motor_control/lib/python3.10/site-packages/motor-control.egg-link (link to .)
[8.445s] Installing motor_driver script to /home/steve/mren203-ws/install/motor_control/lib/motor_control
[8.448s] 
[8.449s] Installed /home/steve/mren203-ws/build/motor_control
[8.451s] running install_data
[8.975s] Invoked command in '/home/steve/mren203-ws/build/motor_control' returned '0': PYTHONPATH=/home/steve/mren203-ws/build/motor_control/prefix_override:/home/steve/mren203-ws/install/motor_control/lib/python3.10/site-packages:${PYTHONPATH} /usr/bin/python3 setup.py develop --editable --build-directory /home/steve/mren203-ws/build/motor_control/build --no-deps install_data
