[2.308s] Invoking command in '/home/steve/mren203-ws/build/my_bot': CMAKE_PREFIX_PATH=${CMAKE_PREFIX_PATH}:/home/steve/mren203-ws/install/testing:/home/steve/mren203-ws/install/steve_ui:/home/steve/mren203-ws/install/motor_control:/home/steve/mren203-ws/install/joystick_ros2:/opt/ros/humble /usr/bin/cmake /home/steve/mren203-ws/src/my_bot -DAMENT_CMAKE_SYMLINK_INSTALL=1 -DCMAKE_INSTALL_PREFIX=/home/steve/mren203-ws/install/my_bot
[2.657s] -- The C compiler identification is GNU 11.4.0
[3.002s] -- The CXX compiler identification is GNU 11.4.0
[3.057s] -- Detecting C compiler ABI info
[3.462s] -- Detecting C compiler ABI info - done
[3.490s] -- Check for working C compiler: /usr/bin/cc - skipped
[3.492s] -- Detecting C compile features
[3.495s] -- Detecting C compile features - done
[3.511s] -- Detecting CXX compiler ABI info
[3.916s] -- Detecting CXX compiler ABI info - done
[3.943s] -- Check for working CXX compiler: /usr/bin/c++ - skipped
[3.945s] -- Detecting CXX compile features
[3.947s] -- Detecting CXX compile features - done
[3.973s] -- Found ament_cmake: 1.3.8 (/opt/ros/humble/share/ament_cmake/cmake)
[5.116s] -- Found Python3: /usr/bin/python3 (found version "3.10.12") found components: Interpreter 
[5.561s] -- Override CMake install command with custom implementation using symlinks instead of copying resources
[5.906s] -- Found ament_lint_auto: 0.12.10 (/opt/ros/humble/share/ament_lint_auto/cmake)
[6.533s] -- Added test 'copyright' to check source files copyright and LICENSE
[6.561s] -- Added test 'flake8' to check Python code syntax and style conventions
[6.566s] -- Added test 'lint_cmake' to check CMake code style
[6.571s] -- Added test 'pep257' to check Python code against some of the docstring style conventions in PEP 257
[6.589s] -- Added test 'xmllint' to check XML markup files
[6.601s] -- Configuring done
[6.626s] -- Generating done
[6.632s] -- Build files have been written to: /home/steve/mren203-ws/build/my_bot
[6.652s] Invoked command in '/home/steve/mren203-ws/build/my_bot' returned '0': CMAKE_PREFIX_PATH=${CMAKE_PREFIX_PATH}:/home/steve/mren203-ws/install/testing:/home/steve/mren203-ws/install/steve_ui:/home/steve/mren203-ws/install/motor_control:/home/steve/mren203-ws/install/joystick_ros2:/opt/ros/humble /usr/bin/cmake /home/steve/mren203-ws/src/my_bot -DAMENT_CMAKE_SYMLINK_INSTALL=1 -DCMAKE_INSTALL_PREFIX=/home/steve/mren203-ws/install/my_bot
[6.662s] Invoking command in '/home/steve/mren203-ws/build/my_bot': CMAKE_PREFIX_PATH=${CMAKE_PREFIX_PATH}:/home/steve/mren203-ws/install/testing:/home/steve/mren203-ws/install/steve_ui:/home/steve/mren203-ws/install/motor_control:/home/steve/mren203-ws/install/joystick_ros2:/opt/ros/humble /usr/bin/cmake --build /home/steve/mren203-ws/build/my_bot -- -j4 -l4
[6.852s] Invoked command in '/home/steve/mren203-ws/build/my_bot' returned '0': CMAKE_PREFIX_PATH=${CMAKE_PREFIX_PATH}:/home/steve/mren203-ws/install/testing:/home/steve/mren203-ws/install/steve_ui:/home/steve/mren203-ws/install/motor_control:/home/steve/mren203-ws/install/joystick_ros2:/opt/ros/humble /usr/bin/cmake --build /home/steve/mren203-ws/build/my_bot -- -j4 -l4
[7.027s] Invoking command in '/home/steve/mren203-ws/build/my_bot': CMAKE_PREFIX_PATH=${CMAKE_PREFIX_PATH}:/home/steve/mren203-ws/install/testing:/home/steve/mren203-ws/install/steve_ui:/home/steve/mren203-ws/install/motor_control:/home/steve/mren203-ws/install/joystick_ros2:/opt/ros/humble /usr/bin/cmake --install /home/steve/mren203-ws/build/my_bot
[7.063s] -- Install configuration: ""
[7.067s] -- Execute custom install script
[7.070s] -- Symlinking: /home/steve/mren203-ws/install/my_bot/share/my_bot/config/empty.yaml
[7.108s] -- Symlinking: /home/steve/mren203-ws/install/my_bot/share/my_bot/config/my_controllers.yaml
[7.147s] -- Symlinking: /home/steve/mren203-ws/install/my_bot/share/my_bot/config/view_bot.rviz
[7.195s] -- Symlinking: /home/steve/mren203-ws/install/my_bot/share/my_bot/description/gazebo_control.xacro
[7.234s] -- Symlinking: /home/steve/mren203-ws/install/my_bot/share/my_bot/description/inertial_macros.xacro
[7.274s] -- Symlinking: /home/steve/mren203-ws/install/my_bot/share/my_bot/description/lidar.xacro
[7.319s] -- Symlinking: /home/steve/mren203-ws/install/my_bot/share/my_bot/description/robot.urdf.xacro
[7.358s] -- Symlinking: /home/steve/mren203-ws/install/my_bot/share/my_bot/description/robot_core.xacro
[7.395s] -- Symlinking: /home/steve/mren203-ws/install/my_bot/share/my_bot/description/ros2_control.xacro
[7.438s] -- Symlinking: /home/steve/mren203-ws/install/my_bot/share/my_bot/launch/launch_sim.launch.py
[7.476s] -- Symlinking: /home/steve/mren203-ws/install/my_bot/share/my_bot/launch/rsp.launch.py
[7.525s] -- Symlinking: /home/steve/mren203-ws/install/my_bot/share/my_bot/worlds/empty.world
[7.574s] -- Symlinking: /home/steve/mren203-ws/install/my_bot/share/my_bot/worlds/test.world
[7.616s] -- Symlinking: /home/steve/mren203-ws/install/my_bot/share/ament_index/resource_index/package_run_dependencies/my_bot
[7.663s] -- Symlinking: /home/steve/mren203-ws/install/my_bot/share/ament_index/resource_index/parent_prefix_path/my_bot
[7.699s] -- Symlinking: /home/steve/mren203-ws/install/my_bot/share/my_bot/environment/ament_prefix_path.sh
[7.737s] -- Symlinking: /home/steve/mren203-ws/install/my_bot/share/my_bot/environment/ament_prefix_path.dsv
[7.776s] -- Symlinking: /home/steve/mren203-ws/install/my_bot/share/my_bot/environment/path.sh
[7.815s] -- Symlinking: /home/steve/mren203-ws/install/my_bot/share/my_bot/environment/path.dsv
[7.853s] -- Symlinking: /home/steve/mren203-ws/install/my_bot/share/my_bot/local_setup.bash
[7.895s] -- Symlinking: /home/steve/mren203-ws/install/my_bot/share/my_bot/local_setup.sh
[7.938s] -- Symlinking: /home/steve/mren203-ws/install/my_bot/share/my_bot/local_setup.zsh
[7.977s] -- Symlinking: /home/steve/mren203-ws/install/my_bot/share/my_bot/local_setup.dsv
[8.015s] -- Symlinking: /home/steve/mren203-ws/install/my_bot/share/my_bot/package.dsv
[8.068s] -- Symlinking: /home/steve/mren203-ws/install/my_bot/share/ament_index/resource_index/packages/my_bot
[8.097s] -- Symlinking: /home/steve/mren203-ws/install/my_bot/share/my_bot/cmake/my_botConfig.cmake
[8.135s] -- Symlinking: /home/steve/mren203-ws/install/my_bot/share/my_bot/cmake/my_botConfig-version.cmake
[8.174s] -- Symlinking: /home/steve/mren203-ws/install/my_bot/share/my_bot/package.xml
[8.225s] Invoked command in '/home/steve/mren203-ws/build/my_bot' returned '0': CMAKE_PREFIX_PATH=${CMAKE_PREFIX_PATH}:/home/steve/mren203-ws/install/testing:/home/steve/mren203-ws/install/steve_ui:/home/steve/mren203-ws/install/motor_control:/home/steve/mren203-ws/install/joystick_ros2:/opt/ros/humble /usr/bin/cmake --install /home/steve/mren203-ws/build/my_bot
