[5.238s] Invoking command in '/home/steve/mren203-ws/build/joystick_ros2': PYTHONPATH=/home/steve/mren203-ws/build/joystick_ros2/prefix_override:/home/steve/mren203-ws/install/joystick_ros2/lib/python3.10/site-packages:${PYTHONPATH} /usr/bin/python3 setup.py develop --editable --build-directory /home/steve/mren203-ws/build/joystick_ros2/build --no-deps install_data
[6.931s] running develop
[6.935s] /usr/lib/python3/dist-packages/setuptools/command/easy_install.py:158: EasyInstallDeprecationWarning: easy_install command is deprecated. Use build and pip and other standards-based tools.
[6.936s]   warnings.warn(
[6.945s] /usr/lib/python3/dist-packages/setuptools/command/install.py:34: SetuptoolsDeprecationWarning: setup.py install is deprecated. Use build and pip and other standards-based tools.
[6.946s]   warnings.warn(
[8.300s] running egg_info
[8.301s] creating joystick_ros2.egg-info
[8.302s] writing joystick_ros2.egg-info/PKG-INFO
[8.303s] writing dependency_links to joystick_ros2.egg-info/dependency_links.txt
[8.305s] writing entry points to joystick_ros2.egg-info/entry_points.txt
[8.306s] writing requirements to joystick_ros2.egg-info/requires.txt
[8.307s] writing top-level names to joystick_ros2.egg-info/top_level.txt
[8.309s] writing manifest file 'joystick_ros2.egg-info/SOURCES.txt'
[8.316s] reading manifest file 'joystick_ros2.egg-info/SOURCES.txt'
[8.320s] writing manifest file 'joystick_ros2.egg-info/SOURCES.txt'
[8.327s] running build_ext
[8.334s] Creating /home/steve/mren203-ws/install/joystick_ros2/lib/python3.10/site-packages/joystick-ros2.egg-link (link to .)
[8.335s] Installing joystick_ros2 script to /home/steve/mren203-ws/install/joystick_ros2/lib/joystick_ros2
[8.336s] 
[8.337s] Installed /home/steve/mren203-ws/build/joystick_ros2
[8.338s] running install_data
[8.339s] creating /home/steve/mren203-ws/install/joystick_ros2/share/ament_index
[8.342s] creating /home/steve/mren203-ws/install/joystick_ros2/share/ament_index/resource_index
[8.343s] creating /home/steve/mren203-ws/install/joystick_ros2/share/ament_index/resource_index/packages
[8.349s] copying resource/joystick_ros2 -> /home/steve/mren203-ws/install/joystick_ros2/share/ament_index/resource_index/packages
[8.350s] creating /home/steve/mren203-ws/install/joystick_ros2/shared
[8.352s] creating /home/steve/mren203-ws/install/joystick_ros2/shared/joystick_ros2
[8.353s] copying package.xml -> /home/steve/mren203-ws/install/joystick_ros2/shared/joystick_ros2
[8.946s] Invoked command in '/home/steve/mren203-ws/build/joystick_ros2' returned '0': PYTHONPATH=/home/steve/mren203-ws/build/joystick_ros2/prefix_override:/home/steve/mren203-ws/install/joystick_ros2/lib/python3.10/site-packages:${PYTHONPATH} /usr/bin/python3 setup.py develop --editable --build-directory /home/steve/mren203-ws/build/joystick_ros2/build --no-deps install_data
