[2.965s] Invoking command in '/home/steve/mren203-ws/build/steve_launch': CMAKE_PREFIX_PATH=${CMAKE_PREFIX_PATH}:/home/steve/mren203-ws/install/motor_control:/home/steve/mren203-ws/install/joystick_ros2:/opt/ros/humble /usr/bin/cmake /home/steve/mren203-ws/src/steve_launch -DAMENT_CMAKE_SYMLINK_INSTALL=1 -DCMAKE_INSTALL_PREFIX=/home/steve/mren203-ws/install/steve_launch
[3.947s] -- The C compiler identification is GNU 11.4.0
[4.683s] -- The CXX compiler identification is GNU 11.4.0
[4.731s] -- Detecting C compiler ABI info
[5.138s] -- Detecting C compiler ABI info - done
[5.168s] -- Check for working C compiler: /usr/bin/cc - skipped
[5.169s] -- Detecting C compile features
[5.172s] -- Detecting C compile features - done
[5.190s] -- Detecting CXX compiler ABI info
[5.756s] -- Detecting CXX compiler ABI info - done
[5.792s] -- Check for working CXX compiler: /usr/bin/c++ - skipped
[5.792s] -- Detecting CXX compile features
[5.793s] -- Detecting CXX compile features - done
[5.826s] -- Found ament_cmake: 1.3.8 (/opt/ros/humble/share/ament_cmake/cmake)
[6.926s] -- Found Python3: /usr/bin/python3 (found version "3.10.12") found components: Interpreter 
[7.350s] -- Override CMake install command with custom implementation using symlinks instead of copying resources
[8.100s] -- Configuring done
[8.122s] -- Generating done
[8.129s] -- Build files have been written to: /home/steve/mren203-ws/build/steve_launch
[8.151s] Invoked command in '/home/steve/mren203-ws/build/steve_launch' returned '0': CMAKE_PREFIX_PATH=${CMAKE_PREFIX_PATH}:/home/steve/mren203-ws/install/motor_control:/home/steve/mren203-ws/install/joystick_ros2:/opt/ros/humble /usr/bin/cmake /home/steve/mren203-ws/src/steve_launch -DAMENT_CMAKE_SYMLINK_INSTALL=1 -DCMAKE_INSTALL_PREFIX=/home/steve/mren203-ws/install/steve_launch
[8.158s] Invoking command in '/home/steve/mren203-ws/build/steve_launch': CMAKE_PREFIX_PATH=${CMAKE_PREFIX_PATH}:/home/steve/mren203-ws/install/motor_control:/home/steve/mren203-ws/install/joystick_ros2:/opt/ros/humble /usr/bin/cmake --build /home/steve/mren203-ws/build/steve_launch -- -j4 -l4
[8.360s] Invoked command in '/home/steve/mren203-ws/build/steve_launch' returned '0': CMAKE_PREFIX_PATH=${CMAKE_PREFIX_PATH}:/home/steve/mren203-ws/install/motor_control:/home/steve/mren203-ws/install/joystick_ros2:/opt/ros/humble /usr/bin/cmake --build /home/steve/mren203-ws/build/steve_launch -- -j4 -l4
[8.521s] Invoking command in '/home/steve/mren203-ws/build/steve_launch': CMAKE_PREFIX_PATH=${CMAKE_PREFIX_PATH}:/home/steve/mren203-ws/install/motor_control:/home/steve/mren203-ws/install/joystick_ros2:/opt/ros/humble /usr/bin/cmake --install /home/steve/mren203-ws/build/steve_launch
[8.554s] -- Install configuration: ""
[8.557s] -- Execute custom install script
[8.562s] -- Symlinking: /home/steve/mren203-ws/install/steve_launch/share/steve_launch/launch/manual_control.launch
[8.599s] -- Symlinking: /home/steve/mren203-ws/install/steve_launch/share/ament_index/resource_index/package_run_dependencies/steve_launch
[8.637s] -- Symlinking: /home/steve/mren203-ws/install/steve_launch/share/ament_index/resource_index/parent_prefix_path/steve_launch
[8.677s] -- Symlinking: /home/steve/mren203-ws/install/steve_launch/share/steve_launch/environment/ament_prefix_path.sh
[8.718s] -- Symlinking: /home/steve/mren203-ws/install/steve_launch/share/steve_launch/environment/ament_prefix_path.dsv
[8.756s] -- Symlinking: /home/steve/mren203-ws/install/steve_launch/share/steve_launch/environment/path.sh
[8.839s] -- Symlinking: /home/steve/mren203-ws/install/steve_launch/share/steve_launch/environment/path.dsv
[8.936s] -- Symlinking: /home/steve/mren203-ws/install/steve_launch/share/steve_launch/local_setup.bash
[9.011s] -- Symlinking: /home/steve/mren203-ws/install/steve_launch/share/steve_launch/local_setup.sh
[9.072s] -- Symlinking: /home/steve/mren203-ws/install/steve_launch/share/steve_launch/local_setup.zsh
[9.112s] -- Symlinking: /home/steve/mren203-ws/install/steve_launch/share/steve_launch/local_setup.dsv
[9.145s] -- Symlinking: /home/steve/mren203-ws/install/steve_launch/share/steve_launch/package.dsv
[9.184s] -- Symlinking: /home/steve/mren203-ws/install/steve_launch/share/ament_index/resource_index/packages/steve_launch
[9.214s] -- Symlinking: /home/steve/mren203-ws/install/steve_launch/share/steve_launch/cmake/steve_launchConfig.cmake
[9.247s] -- Symlinking: /home/steve/mren203-ws/install/steve_launch/share/steve_launch/cmake/steve_launchConfig-version.cmake
[9.281s] -- Symlinking: /home/steve/mren203-ws/install/steve_launch/share/steve_launch/package.xml
[9.796s] Invoked command in '/home/steve/mren203-ws/build/steve_launch' returned '0': CMAKE_PREFIX_PATH=${CMAKE_PREFIX_PATH}:/home/steve/mren203-ws/install/motor_control:/home/steve/mren203-ws/install/joystick_ros2:/opt/ros/humble /usr/bin/cmake --install /home/steve/mren203-ws/build/steve_launch
