[0.518s] Invoking command in '/home/dj/MREN203/mren203-ws/build/steve_launch': CMAKE_PREFIX_PATH=/opt/ros/humble /usr/bin/cmake /home/dj/MREN203/mren203-ws/src/steve_launch -DAMENT_CMAKE_SYMLINK_INSTALL=1 -DCMAKE_INSTALL_PREFIX=/home/dj/MREN203/mren203-ws/install/steve_launch
[0.568s] -- The C compiler identification is GNU 11.4.0
[0.614s] -- The CXX compiler identification is GNU 11.4.0
[0.620s] -- Detecting C compiler ABI info
[0.688s] -- Detecting C compiler ABI info - done
[0.692s] -- Check for working C compiler: /usr/bin/cc - skipped
[0.692s] -- Detecting C compile features
[0.693s] -- Detecting C compile features - done
[0.695s] -- Detecting CXX compiler ABI info
[0.770s] -- Detecting CXX compiler ABI info - done
[0.775s] -- Check for working CXX compiler: /usr/bin/c++ - skipped
[0.775s] -- Detecting CXX compile features
[0.776s] -- Detecting CXX compile features - done
[0.777s] -- Found ament_cmake: 1.3.7 (/opt/ros/humble/share/ament_cmake/cmake)
[0.912s] -- Found Python3: /usr/bin/python3.10 (found version "3.10.12") found components: Interpreter 
[0.957s] -- Override CMake install command with custom implementation using symlinks instead of copying resources
[1.031s] -- Configuring done
[1.033s] -- Generating done
[1.034s] -- Build files have been written to: /home/dj/MREN203/mren203-ws/build/steve_launch
[1.038s] Invoked command in '/home/dj/MREN203/mren203-ws/build/steve_launch' returned '0': CMAKE_PREFIX_PATH=/opt/ros/humble /usr/bin/cmake /home/dj/MREN203/mren203-ws/src/steve_launch -DAMENT_CMAKE_SYMLINK_INSTALL=1 -DCMAKE_INSTALL_PREFIX=/home/dj/MREN203/mren203-ws/install/steve_launch
[1.040s] Invoking command in '/home/dj/MREN203/mren203-ws/build/steve_launch': CMAKE_PREFIX_PATH=/opt/ros/humble /usr/bin/cmake --build /home/dj/MREN203/mren203-ws/build/steve_launch -- -j16 -l16
[1.077s] Invoked command in '/home/dj/MREN203/mren203-ws/build/steve_launch' returned '0': CMAKE_PREFIX_PATH=/opt/ros/humble /usr/bin/cmake --build /home/dj/MREN203/mren203-ws/build/steve_launch -- -j16 -l16
[1.114s] Invoking command in '/home/dj/MREN203/mren203-ws/build/steve_launch': CMAKE_PREFIX_PATH=/opt/ros/humble /usr/bin/cmake --install /home/dj/MREN203/mren203-ws/build/steve_launch
[1.120s] -- Install configuration: ""
[1.121s] -- Execute custom install script
[1.121s] -- Symlinking: /home/dj/MREN203/mren203-ws/install/steve_launch/share/steve_launch/launch/manual_control.launch
[1.130s] -- Symlinking: /home/dj/MREN203/mren203-ws/install/steve_launch/share/ament_index/resource_index/package_run_dependencies/steve_launch
[1.139s] -- Symlinking: /home/dj/MREN203/mren203-ws/install/steve_launch/share/ament_index/resource_index/parent_prefix_path/steve_launch
[1.147s] -- Symlinking: /home/dj/MREN203/mren203-ws/install/steve_launch/share/steve_launch/environment/ament_prefix_path.sh
[1.155s] -- Symlinking: /home/dj/MREN203/mren203-ws/install/steve_launch/share/steve_launch/environment/ament_prefix_path.dsv
[1.163s] -- Symlinking: /home/dj/MREN203/mren203-ws/install/steve_launch/share/steve_launch/environment/path.sh
[1.173s] -- Symlinking: /home/dj/MREN203/mren203-ws/install/steve_launch/share/steve_launch/environment/path.dsv
[1.182s] -- Symlinking: /home/dj/MREN203/mren203-ws/install/steve_launch/share/steve_launch/local_setup.bash
[1.191s] -- Symlinking: /home/dj/MREN203/mren203-ws/install/steve_launch/share/steve_launch/local_setup.sh
[1.202s] -- Symlinking: /home/dj/MREN203/mren203-ws/install/steve_launch/share/steve_launch/local_setup.zsh
[1.212s] -- Symlinking: /home/dj/MREN203/mren203-ws/install/steve_launch/share/steve_launch/local_setup.dsv
[1.221s] -- Symlinking: /home/dj/MREN203/mren203-ws/install/steve_launch/share/steve_launch/package.dsv
[1.230s] -- Symlinking: /home/dj/MREN203/mren203-ws/install/steve_launch/share/ament_index/resource_index/packages/steve_launch
[1.240s] -- Symlinking: /home/dj/MREN203/mren203-ws/install/steve_launch/share/steve_launch/cmake/steve_launchConfig.cmake
[1.247s] -- Symlinking: /home/dj/MREN203/mren203-ws/install/steve_launch/share/steve_launch/cmake/steve_launchConfig-version.cmake
[1.257s] -- Symlinking: /home/dj/MREN203/mren203-ws/install/steve_launch/share/steve_launch/package.xml
[1.315s] Invoked command in '/home/dj/MREN203/mren203-ws/build/steve_launch' returned '0': CMAKE_PREFIX_PATH=/opt/ros/humble /usr/bin/cmake --install /home/dj/MREN203/mren203-ws/build/steve_launch
