[1.435s] Invoking command in '/home/steve/mren203-ws/build/steve_launch': CMAKE_PREFIX_PATH=${CMAKE_PREFIX_PATH}:/home/steve/mren203-ws/install/testing:/home/steve/mren203-ws/install/steve_ui:/home/steve/mren203-ws/install/motor_control:/home/steve/mren203-ws/install/joystick_ros2:/opt/ros/humble /usr/bin/cmake /home/steve/mren203-ws/src/steve_launch -DAMENT_CMAKE_SYMLINK_INSTALL=1 -DCMAKE_INSTALL_PREFIX=/home/steve/mren203-ws/install/steve_launch
[1.734s] -- The C compiler identification is GNU 11.4.0
[2.026s] -- The CXX compiler identification is GNU 11.4.0
[2.060s] -- Detecting C compiler ABI info
[2.398s] -- Detecting C compiler ABI info - done
[2.424s] -- Check for working C compiler: /usr/bin/cc - skipped
[2.425s] -- Detecting C compile features
[2.426s] -- Detecting C compile features - done
[2.437s] -- Detecting CXX compiler ABI info
[2.780s] -- Detecting CXX compiler ABI info - done
[2.806s] -- Check for working CXX compiler: /usr/bin/c++ - skipped
[2.807s] -- Detecting CXX compile features
[2.809s] -- Detecting CXX compile features - done
[2.836s] -- Found ament_cmake: 1.3.8 (/opt/ros/humble/share/ament_cmake/cmake)
[3.970s] -- Found Python3: /usr/bin/python3 (found version "3.10.12") found components: Interpreter 
[4.737s] -- Override CMake install command with custom implementation using symlinks instead of copying resources
[6.638s] -- Configuring done
[6.663s] -- Generating done
[6.671s] -- Build files have been written to: /home/steve/mren203-ws/build/steve_launch
[6.696s] Invoked command in '/home/steve/mren203-ws/build/steve_launch' returned '0': CMAKE_PREFIX_PATH=${CMAKE_PREFIX_PATH}:/home/steve/mren203-ws/install/testing:/home/steve/mren203-ws/install/steve_ui:/home/steve/mren203-ws/install/motor_control:/home/steve/mren203-ws/install/joystick_ros2:/opt/ros/humble /usr/bin/cmake /home/steve/mren203-ws/src/steve_launch -DAMENT_CMAKE_SYMLINK_INSTALL=1 -DCMAKE_INSTALL_PREFIX=/home/steve/mren203-ws/install/steve_launch
[6.698s] Invoking command in '/home/steve/mren203-ws/build/steve_launch': CMAKE_PREFIX_PATH=${CMAKE_PREFIX_PATH}:/home/steve/mren203-ws/install/testing:/home/steve/mren203-ws/install/steve_ui:/home/steve/mren203-ws/install/motor_control:/home/steve/mren203-ws/install/joystick_ros2:/opt/ros/humble /usr/bin/cmake --build /home/steve/mren203-ws/build/steve_launch -- -j4 -l4
[6.880s] Invoked command in '/home/steve/mren203-ws/build/steve_launch' returned '0': CMAKE_PREFIX_PATH=${CMAKE_PREFIX_PATH}:/home/steve/mren203-ws/install/testing:/home/steve/mren203-ws/install/steve_ui:/home/steve/mren203-ws/install/motor_control:/home/steve/mren203-ws/install/joystick_ros2:/opt/ros/humble /usr/bin/cmake --build /home/steve/mren203-ws/build/steve_launch -- -j4 -l4
[7.226s] Invoking command in '/home/steve/mren203-ws/build/steve_launch': CMAKE_PREFIX_PATH=${CMAKE_PREFIX_PATH}:/home/steve/mren203-ws/install/testing:/home/steve/mren203-ws/install/steve_ui:/home/steve/mren203-ws/install/motor_control:/home/steve/mren203-ws/install/joystick_ros2:/opt/ros/humble /usr/bin/cmake --install /home/steve/mren203-ws/build/steve_launch
[7.289s] -- Install configuration: ""
[7.291s] -- Execute custom install script
[7.295s] -- Symlinking: /home/steve/mren203-ws/install/steve_launch/share/steve_launch/launch/all_launch.launch
[7.338s] -- Symlinking: /home/steve/mren203-ws/install/steve_launch/share/steve_launch/launch/ekf.launch.py
[7.418s] -- Symlinking: /home/steve/mren203-ws/install/steve_launch/share/steve_launch/launch/fsm_sensors.launch
[7.510s] -- Symlinking: /home/steve/mren203-ws/install/steve_launch/share/steve_launch/launch/manual_control.launch
[7.641s] -- Symlinking: /home/steve/mren203-ws/install/steve_launch/share/steve_launch/launch/online_sync_launch.launch.py
[7.773s] -- Symlinking: /home/steve/mren203-ws/install/steve_launch/share/steve_launch/launch/webcam.launch
[7.884s] -- Symlinking: /home/steve/mren203-ws/install/steve_launch/share/steve_launch/params/ekf.yaml
[7.983s] -- Symlinking: /home/steve/mren203-ws/install/steve_launch/share/steve_launch/params/mapper_params_online_sync.yaml
[8.081s] -- Symlinking: /home/steve/mren203-ws/install/steve_launch/share/ament_index/resource_index/package_run_dependencies/steve_launch
[8.139s] -- Symlinking: /home/steve/mren203-ws/install/steve_launch/share/ament_index/resource_index/parent_prefix_path/steve_launch
[8.209s] -- Symlinking: /home/steve/mren203-ws/install/steve_launch/share/steve_launch/environment/ament_prefix_path.sh
[8.350s] -- Symlinking: /home/steve/mren203-ws/install/steve_launch/share/steve_launch/environment/ament_prefix_path.dsv
[8.454s] -- Symlinking: /home/steve/mren203-ws/install/steve_launch/share/steve_launch/environment/path.sh
[8.570s] -- Symlinking: /home/steve/mren203-ws/install/steve_launch/share/steve_launch/environment/path.dsv
[8.713s] -- Symlinking: /home/steve/mren203-ws/install/steve_launch/share/steve_launch/local_setup.bash
[8.817s] -- Symlinking: /home/steve/mren203-ws/install/steve_launch/share/steve_launch/local_setup.sh
[8.904s] -- Symlinking: /home/steve/mren203-ws/install/steve_launch/share/steve_launch/local_setup.zsh
[9.046s] -- Symlinking: /home/steve/mren203-ws/install/steve_launch/share/steve_launch/local_setup.dsv
[9.193s] -- Symlinking: /home/steve/mren203-ws/install/steve_launch/share/steve_launch/package.dsv
[9.318s] -- Symlinking: /home/steve/mren203-ws/install/steve_launch/share/ament_index/resource_index/packages/steve_launch
[9.430s] -- Symlinking: /home/steve/mren203-ws/install/steve_launch/share/steve_launch/cmake/steve_launchConfig.cmake
[9.529s] -- Symlinking: /home/steve/mren203-ws/install/steve_launch/share/steve_launch/cmake/steve_launchConfig-version.cmake
[9.646s] -- Symlinking: /home/steve/mren203-ws/install/steve_launch/share/steve_launch/package.xml
[9.830s] Invoked command in '/home/steve/mren203-ws/build/steve_launch' returned '0': CMAKE_PREFIX_PATH=${CMAKE_PREFIX_PATH}:/home/steve/mren203-ws/install/testing:/home/steve/mren203-ws/install/steve_ui:/home/steve/mren203-ws/install/motor_control:/home/steve/mren203-ws/install/joystick_ros2:/opt/ros/humble /usr/bin/cmake --install /home/steve/mren203-ws/build/steve_launch
