[0.946s] DEBUG:colcon:Command line arguments: ['/usr/bin/colcon', 'build', '--symlink-install']
[0.946s] DEBUG:colcon:Parsed command line arguments: Namespace(log_base=None, log_level=None, verb_name='build', build_base='build', install_base='install', merge_install=False, symlink_install=True, test_result_base=None, continue_on_error=False, executor='parallel', parallel_workers=16, event_handlers=None, ignore_user_meta=False, metas=['./colcon.meta'], base_paths=['.'], packages_ignore=None, packages_ignore_regex=None, paths=None, packages_up_to=None, packages_up_to_regex=None, packages_above=None, packages_above_and_dependencies=None, packages_above_depth=None, packages_select_by_dep=None, packages_skip_by_dep=None, packages_skip_up_to=None, packages_select_build_failed=False, packages_skip_build_finished=False, packages_select_test_failures=False, packages_skip_test_passed=False, packages_select=None, packages_skip=None, packages_select_regex=None, packages_skip_regex=None, packages_start=None, packages_end=None, allow_overriding=[], cmake_args=None, cmake_target=None, cmake_target_skip_unavailable=False, cmake_clean_cache=False, cmake_clean_first=False, cmake_force_configure=False, ament_cmake_args=None, catkin_cmake_args=None, catkin_skip_building_tests=False, verb_parser=<colcon_defaults.argument_parser.defaults.DefaultArgumentsDecorator object at 0x73c4ada6de40>, verb_extension=<colcon_core.verb.build.BuildVerb object at 0x73c4ada6d990>, main=<bound method BuildVerb.main of <colcon_core.verb.build.BuildVerb object at 0x73c4ada6d990>>)
[1.004s] Level 1:colcon.colcon_core.package_discovery:discover_packages(colcon_meta) check parameters
[1.004s] Level 1:colcon.colcon_core.package_discovery:discover_packages(recursive) check parameters
[1.004s] Level 1:colcon.colcon_core.package_discovery:discover_packages(ignore) check parameters
[1.004s] Level 1:colcon.colcon_core.package_discovery:discover_packages(path) check parameters
[1.004s] Level 1:colcon.colcon_core.package_discovery:discover_packages(colcon_meta) discover
[1.004s] Level 1:colcon.colcon_core.package_discovery:discover_packages(recursive) discover
[1.004s] INFO:colcon.colcon_core.package_discovery:Crawling recursively for packages in '/home/dj/MREN203/main/mren203-ws'
[1.004s] Level 1:colcon.colcon_core.package_identification:_identify(.) by extensions ['ignore', 'ignore_ament_install']
[1.005s] Level 1:colcon.colcon_core.package_identification:_identify(.) by extension 'ignore'
[1.005s] Level 1:colcon.colcon_core.package_identification:_identify(.) by extension 'ignore_ament_install'
[1.005s] Level 1:colcon.colcon_core.package_identification:_identify(.) by extensions ['colcon_pkg']
[1.005s] Level 1:colcon.colcon_core.package_identification:_identify(.) by extension 'colcon_pkg'
[1.005s] Level 1:colcon.colcon_core.package_identification:_identify(.) by extensions ['colcon_meta']
[1.005s] Level 1:colcon.colcon_core.package_identification:_identify(.) by extension 'colcon_meta'
[1.005s] Level 1:colcon.colcon_core.package_identification:_identify(.) by extensions ['ros']
[1.005s] Level 1:colcon.colcon_core.package_identification:_identify(.) by extension 'ros'
[1.045s] Level 1:colcon.colcon_core.package_identification:_identify(.) by extensions ['cmake', 'python']
[1.045s] Level 1:colcon.colcon_core.package_identification:_identify(.) by extension 'cmake'
[1.045s] Level 1:colcon.colcon_core.package_identification:_identify(.) by extension 'python'
[1.045s] Level 1:colcon.colcon_core.package_identification:_identify(.) by extensions ['python_setup_py']
[1.045s] Level 1:colcon.colcon_core.package_identification:_identify(.) by extension 'python_setup_py'
[1.045s] Level 1:colcon.colcon_core.package_identification:_identify(Arduino) by extensions ['ignore', 'ignore_ament_install']
[1.045s] Level 1:colcon.colcon_core.package_identification:_identify(Arduino) by extension 'ignore'
[1.045s] Level 1:colcon.colcon_core.package_identification:_identify(Arduino) ignored
[1.045s] Level 1:colcon.colcon_core.package_identification:_identify(Python) by extensions ['ignore', 'ignore_ament_install']
[1.045s] Level 1:colcon.colcon_core.package_identification:_identify(Python) by extension 'ignore'
[1.045s] Level 1:colcon.colcon_core.package_identification:_identify(Python) ignored
[1.046s] Level 1:colcon.colcon_core.package_identification:_identify(build) by extensions ['ignore', 'ignore_ament_install']
[1.046s] Level 1:colcon.colcon_core.package_identification:_identify(build) by extension 'ignore'
[1.046s] Level 1:colcon.colcon_core.package_identification:_identify(build) ignored
[1.046s] Level 1:colcon.colcon_core.package_identification:_identify(install) by extensions ['ignore', 'ignore_ament_install']
[1.046s] Level 1:colcon.colcon_core.package_identification:_identify(install) by extension 'ignore'
[1.046s] Level 1:colcon.colcon_core.package_identification:_identify(install) ignored
[1.046s] Level 1:colcon.colcon_core.package_identification:_identify(log) by extensions ['ignore', 'ignore_ament_install']
[1.046s] Level 1:colcon.colcon_core.package_identification:_identify(log) by extension 'ignore'
[1.046s] Level 1:colcon.colcon_core.package_identification:_identify(log) ignored
[1.046s] Level 1:colcon.colcon_core.package_identification:_identify(src) by extensions ['ignore', 'ignore_ament_install']
[1.046s] Level 1:colcon.colcon_core.package_identification:_identify(src) by extension 'ignore'
[1.046s] Level 1:colcon.colcon_core.package_identification:_identify(src) by extension 'ignore_ament_install'
[1.046s] Level 1:colcon.colcon_core.package_identification:_identify(src) by extensions ['colcon_pkg']
[1.046s] Level 1:colcon.colcon_core.package_identification:_identify(src) by extension 'colcon_pkg'
[1.046s] Level 1:colcon.colcon_core.package_identification:_identify(src) by extensions ['colcon_meta']
[1.046s] Level 1:colcon.colcon_core.package_identification:_identify(src) by extension 'colcon_meta'
[1.046s] Level 1:colcon.colcon_core.package_identification:_identify(src) by extensions ['ros']
[1.046s] Level 1:colcon.colcon_core.package_identification:_identify(src) by extension 'ros'
[1.046s] Level 1:colcon.colcon_core.package_identification:_identify(src) by extensions ['cmake', 'python']
[1.046s] Level 1:colcon.colcon_core.package_identification:_identify(src) by extension 'cmake'
[1.046s] Level 1:colcon.colcon_core.package_identification:_identify(src) by extension 'python'
[1.046s] Level 1:colcon.colcon_core.package_identification:_identify(src) by extensions ['python_setup_py']
[1.046s] Level 1:colcon.colcon_core.package_identification:_identify(src) by extension 'python_setup_py'
[1.047s] Level 1:colcon.colcon_core.package_identification:_identify(src/joystick_ros2) by extensions ['ignore', 'ignore_ament_install']
[1.047s] Level 1:colcon.colcon_core.package_identification:_identify(src/joystick_ros2) by extension 'ignore'
[1.047s] Level 1:colcon.colcon_core.package_identification:_identify(src/joystick_ros2) by extension 'ignore_ament_install'
[1.047s] Level 1:colcon.colcon_core.package_identification:_identify(src/joystick_ros2) by extensions ['colcon_pkg']
[1.047s] Level 1:colcon.colcon_core.package_identification:_identify(src/joystick_ros2) by extension 'colcon_pkg'
[1.047s] Level 1:colcon.colcon_core.package_identification:_identify(src/joystick_ros2) by extensions ['colcon_meta']
[1.047s] Level 1:colcon.colcon_core.package_identification:_identify(src/joystick_ros2) by extension 'colcon_meta'
[1.047s] Level 1:colcon.colcon_core.package_identification:_identify(src/joystick_ros2) by extensions ['ros']
[1.047s] Level 1:colcon.colcon_core.package_identification:_identify(src/joystick_ros2) by extension 'ros'
[1.049s] DEBUG:colcon.colcon_core.package_identification:Package 'src/joystick_ros2' with type 'ros.ament_python' and name 'joystick_ros2'
[1.049s] Level 1:colcon.colcon_core.package_identification:_identify(src/motor_control) by extensions ['ignore', 'ignore_ament_install']
[1.049s] Level 1:colcon.colcon_core.package_identification:_identify(src/motor_control) by extension 'ignore'
[1.049s] Level 1:colcon.colcon_core.package_identification:_identify(src/motor_control) by extension 'ignore_ament_install'
[1.049s] Level 1:colcon.colcon_core.package_identification:_identify(src/motor_control) by extensions ['colcon_pkg']
[1.049s] Level 1:colcon.colcon_core.package_identification:_identify(src/motor_control) by extension 'colcon_pkg'
[1.049s] Level 1:colcon.colcon_core.package_identification:_identify(src/motor_control) by extensions ['colcon_meta']
[1.050s] Level 1:colcon.colcon_core.package_identification:_identify(src/motor_control) by extension 'colcon_meta'
[1.050s] Level 1:colcon.colcon_core.package_identification:_identify(src/motor_control) by extensions ['ros']
[1.050s] Level 1:colcon.colcon_core.package_identification:_identify(src/motor_control) by extension 'ros'
[1.050s] DEBUG:colcon.colcon_core.package_identification:Package 'src/motor_control' with type 'ros.ament_python' and name 'motor_control'
[1.050s] Level 1:colcon.colcon_core.package_identification:_identify(src/my_bot) by extensions ['ignore', 'ignore_ament_install']
[1.050s] Level 1:colcon.colcon_core.package_identification:_identify(src/my_bot) by extension 'ignore'
[1.050s] Level 1:colcon.colcon_core.package_identification:_identify(src/my_bot) by extension 'ignore_ament_install'
[1.050s] Level 1:colcon.colcon_core.package_identification:_identify(src/my_bot) by extensions ['colcon_pkg']
[1.050s] Level 1:colcon.colcon_core.package_identification:_identify(src/my_bot) by extension 'colcon_pkg'
[1.050s] Level 1:colcon.colcon_core.package_identification:_identify(src/my_bot) by extensions ['colcon_meta']
[1.050s] Level 1:colcon.colcon_core.package_identification:_identify(src/my_bot) by extension 'colcon_meta'
[1.051s] Level 1:colcon.colcon_core.package_identification:_identify(src/my_bot) by extensions ['ros']
[1.051s] Level 1:colcon.colcon_core.package_identification:_identify(src/my_bot) by extension 'ros'
[1.051s] DEBUG:colcon.colcon_core.package_identification:Package 'src/my_bot' with type 'ros.ament_cmake' and name 'my_bot'
[1.051s] Level 1:colcon.colcon_core.package_identification:_identify(src/rplidar_ros2) by extensions ['ignore', 'ignore_ament_install']
[1.051s] Level 1:colcon.colcon_core.package_identification:_identify(src/rplidar_ros2) by extension 'ignore'
[1.051s] Level 1:colcon.colcon_core.package_identification:_identify(src/rplidar_ros2) by extension 'ignore_ament_install'
[1.051s] Level 1:colcon.colcon_core.package_identification:_identify(src/rplidar_ros2) by extensions ['colcon_pkg']
[1.051s] Level 1:colcon.colcon_core.package_identification:_identify(src/rplidar_ros2) by extension 'colcon_pkg'
[1.051s] Level 1:colcon.colcon_core.package_identification:_identify(src/rplidar_ros2) by extensions ['colcon_meta']
[1.051s] Level 1:colcon.colcon_core.package_identification:_identify(src/rplidar_ros2) by extension 'colcon_meta'
[1.051s] Level 1:colcon.colcon_core.package_identification:_identify(src/rplidar_ros2) by extensions ['ros']
[1.051s] Level 1:colcon.colcon_core.package_identification:_identify(src/rplidar_ros2) by extension 'ros'
[1.052s] DEBUG:colcon.colcon_core.package_identification:Package 'src/rplidar_ros2' with type 'ros.ament_cmake' and name 'rplidar_ros'
[1.052s] Level 1:colcon.colcon_core.package_identification:_identify(src/steve_launch) by extensions ['ignore', 'ignore_ament_install']
[1.052s] Level 1:colcon.colcon_core.package_identification:_identify(src/steve_launch) by extension 'ignore'
[1.052s] Level 1:colcon.colcon_core.package_identification:_identify(src/steve_launch) by extension 'ignore_ament_install'
[1.052s] Level 1:colcon.colcon_core.package_identification:_identify(src/steve_launch) by extensions ['colcon_pkg']
[1.052s] Level 1:colcon.colcon_core.package_identification:_identify(src/steve_launch) by extension 'colcon_pkg'
[1.052s] Level 1:colcon.colcon_core.package_identification:_identify(src/steve_launch) by extensions ['colcon_meta']
[1.052s] Level 1:colcon.colcon_core.package_identification:_identify(src/steve_launch) by extension 'colcon_meta'
[1.052s] Level 1:colcon.colcon_core.package_identification:_identify(src/steve_launch) by extensions ['ros']
[1.052s] Level 1:colcon.colcon_core.package_identification:_identify(src/steve_launch) by extension 'ros'
[1.052s] DEBUG:colcon.colcon_core.package_identification:Package 'src/steve_launch' with type 'ros.ament_cmake' and name 'steve_launch'
[1.052s] Level 1:colcon.colcon_core.package_identification:_identify(src/steve_msgs) by extensions ['ignore', 'ignore_ament_install']
[1.052s] Level 1:colcon.colcon_core.package_identification:_identify(src/steve_msgs) by extension 'ignore'
[1.053s] Level 1:colcon.colcon_core.package_identification:_identify(src/steve_msgs) by extension 'ignore_ament_install'
[1.053s] Level 1:colcon.colcon_core.package_identification:_identify(src/steve_msgs) by extensions ['colcon_pkg']
[1.053s] Level 1:colcon.colcon_core.package_identification:_identify(src/steve_msgs) by extension 'colcon_pkg'
[1.053s] Level 1:colcon.colcon_core.package_identification:_identify(src/steve_msgs) by extensions ['colcon_meta']
[1.053s] Level 1:colcon.colcon_core.package_identification:_identify(src/steve_msgs) by extension 'colcon_meta'
[1.053s] Level 1:colcon.colcon_core.package_identification:_identify(src/steve_msgs) by extensions ['ros']
[1.053s] Level 1:colcon.colcon_core.package_identification:_identify(src/steve_msgs) by extension 'ros'
[1.053s] DEBUG:colcon.colcon_core.package_identification:Package 'src/steve_msgs' with type 'ros.ament_cmake' and name 'steve_msgs'
[1.053s] Level 1:colcon.colcon_core.package_identification:_identify(src/steve_ui) by extensions ['ignore', 'ignore_ament_install']
[1.053s] Level 1:colcon.colcon_core.package_identification:_identify(src/steve_ui) by extension 'ignore'
[1.053s] Level 1:colcon.colcon_core.package_identification:_identify(src/steve_ui) by extension 'ignore_ament_install'
[1.053s] Level 1:colcon.colcon_core.package_identification:_identify(src/steve_ui) by extensions ['colcon_pkg']
[1.053s] Level 1:colcon.colcon_core.package_identification:_identify(src/steve_ui) by extension 'colcon_pkg'
[1.053s] Level 1:colcon.colcon_core.package_identification:_identify(src/steve_ui) by extensions ['colcon_meta']
[1.053s] Level 1:colcon.colcon_core.package_identification:_identify(src/steve_ui) by extension 'colcon_meta'
[1.053s] Level 1:colcon.colcon_core.package_identification:_identify(src/steve_ui) by extensions ['ros']
[1.053s] Level 1:colcon.colcon_core.package_identification:_identify(src/steve_ui) by extension 'ros'
[1.054s] DEBUG:colcon.colcon_core.package_identification:Package 'src/steve_ui' with type 'ros.ament_python' and name 'steve_ui'
[1.054s] Level 1:colcon.colcon_core.package_identification:_identify(src/testing) by extensions ['ignore', 'ignore_ament_install']
[1.054s] Level 1:colcon.colcon_core.package_identification:_identify(src/testing) by extension 'ignore'
[1.054s] Level 1:colcon.colcon_core.package_identification:_identify(src/testing) by extension 'ignore_ament_install'
[1.054s] Level 1:colcon.colcon_core.package_identification:_identify(src/testing) by extensions ['colcon_pkg']
[1.054s] Level 1:colcon.colcon_core.package_identification:_identify(src/testing) by extension 'colcon_pkg'
[1.054s] Level 1:colcon.colcon_core.package_identification:_identify(src/testing) by extensions ['colcon_meta']
[1.054s] Level 1:colcon.colcon_core.package_identification:_identify(src/testing) by extension 'colcon_meta'
[1.054s] Level 1:colcon.colcon_core.package_identification:_identify(src/testing) by extensions ['ros']
[1.054s] Level 1:colcon.colcon_core.package_identification:_identify(src/testing) by extension 'ros'
[1.054s] DEBUG:colcon.colcon_core.package_identification:Package 'src/testing' with type 'ros.ament_python' and name 'testing'
[1.054s] Level 1:colcon.colcon_core.package_discovery:discover_packages(recursive) using defaults
[1.054s] Level 1:colcon.colcon_core.package_discovery:discover_packages(ignore) discover
[1.054s] Level 1:colcon.colcon_core.package_discovery:discover_packages(ignore) using defaults
[1.054s] Level 1:colcon.colcon_core.package_discovery:discover_packages(path) discover
[1.054s] Level 1:colcon.colcon_core.package_discovery:discover_packages(path) using defaults
[1.152s] Level 1:colcon.colcon_core.package_discovery:discover_packages(prefix_path) check parameters
[1.152s] Level 1:colcon.colcon_core.package_discovery:discover_packages(prefix_path) discover
[1.181s] DEBUG:colcon.colcon_installed_package_information.package_discovery:Found 405 installed packages in /opt/ros/humble
[1.182s] Level 1:colcon.colcon_core.package_discovery:discover_packages(prefix_path) using defaults
[1.249s] Level 5:colcon.colcon_core.verb:set package 'joystick_ros2' build argument 'cmake_args' from command line to 'None'
[1.249s] Level 5:colcon.colcon_core.verb:set package 'joystick_ros2' build argument 'cmake_target' from command line to 'None'
[1.249s] Level 5:colcon.colcon_core.verb:set package 'joystick_ros2' build argument 'cmake_target_skip_unavailable' from command line to 'False'
[1.249s] Level 5:colcon.colcon_core.verb:set package 'joystick_ros2' build argument 'cmake_clean_cache' from command line to 'False'
[1.249s] Level 5:colcon.colcon_core.verb:set package 'joystick_ros2' build argument 'cmake_clean_first' from command line to 'False'
[1.250s] Level 5:colcon.colcon_core.verb:set package 'joystick_ros2' build argument 'cmake_force_configure' from command line to 'False'
[1.250s] Level 5:colcon.colcon_core.verb:set package 'joystick_ros2' build argument 'ament_cmake_args' from command line to 'None'
[1.250s] Level 5:colcon.colcon_core.verb:set package 'joystick_ros2' build argument 'catkin_cmake_args' from command line to 'None'
[1.250s] Level 5:colcon.colcon_core.verb:set package 'joystick_ros2' build argument 'catkin_skip_building_tests' from command line to 'False'
[1.250s] DEBUG:colcon.colcon_core.verb:Building package 'joystick_ros2' with the following arguments: {'ament_cmake_args': None, 'build_base': '/home/dj/MREN203/main/mren203-ws/build/joystick_ros2', 'catkin_cmake_args': None, 'catkin_skip_building_tests': False, 'cmake_args': None, 'cmake_clean_cache': False, 'cmake_clean_first': False, 'cmake_force_configure': False, 'cmake_target': None, 'cmake_target_skip_unavailable': False, 'install_base': '/home/dj/MREN203/main/mren203-ws/install/joystick_ros2', 'merge_install': False, 'path': '/home/dj/MREN203/main/mren203-ws/src/joystick_ros2', 'symlink_install': True, 'test_result_base': None}
[1.263s] Level 5:colcon.colcon_core.verb:set package 'my_bot' build argument 'cmake_args' from command line to 'None'
[1.263s] Level 5:colcon.colcon_core.verb:set package 'my_bot' build argument 'cmake_target' from command line to 'None'
[1.263s] Level 5:colcon.colcon_core.verb:set package 'my_bot' build argument 'cmake_target_skip_unavailable' from command line to 'False'
[1.263s] Level 5:colcon.colcon_core.verb:set package 'my_bot' build argument 'cmake_clean_cache' from command line to 'False'
[1.263s] Level 5:colcon.colcon_core.verb:set package 'my_bot' build argument 'cmake_clean_first' from command line to 'False'
[1.263s] Level 5:colcon.colcon_core.verb:set package 'my_bot' build argument 'cmake_force_configure' from command line to 'False'
[1.263s] Level 5:colcon.colcon_core.verb:set package 'my_bot' build argument 'ament_cmake_args' from command line to 'None'
[1.263s] Level 5:colcon.colcon_core.verb:set package 'my_bot' build argument 'catkin_cmake_args' from command line to 'None'
[1.263s] Level 5:colcon.colcon_core.verb:set package 'my_bot' build argument 'catkin_skip_building_tests' from command line to 'False'
[1.263s] DEBUG:colcon.colcon_core.verb:Building package 'my_bot' with the following arguments: {'ament_cmake_args': None, 'build_base': '/home/dj/MREN203/main/mren203-ws/build/my_bot', 'catkin_cmake_args': None, 'catkin_skip_building_tests': False, 'cmake_args': None, 'cmake_clean_cache': False, 'cmake_clean_first': False, 'cmake_force_configure': False, 'cmake_target': None, 'cmake_target_skip_unavailable': False, 'install_base': '/home/dj/MREN203/main/mren203-ws/install/my_bot', 'merge_install': False, 'path': '/home/dj/MREN203/main/mren203-ws/src/my_bot', 'symlink_install': True, 'test_result_base': None}
[1.276s] Level 5:colcon.colcon_core.verb:set package 'rplidar_ros' build argument 'cmake_args' from command line to 'None'
[1.276s] Level 5:colcon.colcon_core.verb:set package 'rplidar_ros' build argument 'cmake_target' from command line to 'None'
[1.276s] Level 5:colcon.colcon_core.verb:set package 'rplidar_ros' build argument 'cmake_target_skip_unavailable' from command line to 'False'
[1.276s] Level 5:colcon.colcon_core.verb:set package 'rplidar_ros' build argument 'cmake_clean_cache' from command line to 'False'
[1.276s] Level 5:colcon.colcon_core.verb:set package 'rplidar_ros' build argument 'cmake_clean_first' from command line to 'False'
[1.276s] Level 5:colcon.colcon_core.verb:set package 'rplidar_ros' build argument 'cmake_force_configure' from command line to 'False'
[1.276s] Level 5:colcon.colcon_core.verb:set package 'rplidar_ros' build argument 'ament_cmake_args' from command line to 'None'
[1.276s] Level 5:colcon.colcon_core.verb:set package 'rplidar_ros' build argument 'catkin_cmake_args' from command line to 'None'
[1.276s] Level 5:colcon.colcon_core.verb:set package 'rplidar_ros' build argument 'catkin_skip_building_tests' from command line to 'False'
[1.276s] DEBUG:colcon.colcon_core.verb:Building package 'rplidar_ros' with the following arguments: {'ament_cmake_args': None, 'build_base': '/home/dj/MREN203/main/mren203-ws/build/rplidar_ros', 'catkin_cmake_args': None, 'catkin_skip_building_tests': False, 'cmake_args': None, 'cmake_clean_cache': False, 'cmake_clean_first': False, 'cmake_force_configure': False, 'cmake_target': None, 'cmake_target_skip_unavailable': False, 'install_base': '/home/dj/MREN203/main/mren203-ws/install/rplidar_ros', 'merge_install': False, 'path': '/home/dj/MREN203/main/mren203-ws/src/rplidar_ros2', 'symlink_install': True, 'test_result_base': None}
[1.290s] Level 5:colcon.colcon_core.verb:set package 'steve_launch' build argument 'cmake_args' from command line to 'None'
[1.290s] Level 5:colcon.colcon_core.verb:set package 'steve_launch' build argument 'cmake_target' from command line to 'None'
[1.290s] Level 5:colcon.colcon_core.verb:set package 'steve_launch' build argument 'cmake_target_skip_unavailable' from command line to 'False'
[1.290s] Level 5:colcon.colcon_core.verb:set package 'steve_launch' build argument 'cmake_clean_cache' from command line to 'False'
[1.290s] Level 5:colcon.colcon_core.verb:set package 'steve_launch' build argument 'cmake_clean_first' from command line to 'False'
[1.290s] Level 5:colcon.colcon_core.verb:set package 'steve_launch' build argument 'cmake_force_configure' from command line to 'False'
[1.290s] Level 5:colcon.colcon_core.verb:set package 'steve_launch' build argument 'ament_cmake_args' from command line to 'None'
[1.290s] Level 5:colcon.colcon_core.verb:set package 'steve_launch' build argument 'catkin_cmake_args' from command line to 'None'
[1.290s] Level 5:colcon.colcon_core.verb:set package 'steve_launch' build argument 'catkin_skip_building_tests' from command line to 'False'
[1.290s] DEBUG:colcon.colcon_core.verb:Building package 'steve_launch' with the following arguments: {'ament_cmake_args': None, 'build_base': '/home/dj/MREN203/main/mren203-ws/build/steve_launch', 'catkin_cmake_args': None, 'catkin_skip_building_tests': False, 'cmake_args': None, 'cmake_clean_cache': False, 'cmake_clean_first': False, 'cmake_force_configure': False, 'cmake_target': None, 'cmake_target_skip_unavailable': False, 'install_base': '/home/dj/MREN203/main/mren203-ws/install/steve_launch', 'merge_install': False, 'path': '/home/dj/MREN203/main/mren203-ws/src/steve_launch', 'symlink_install': True, 'test_result_base': None}
[1.303s] Level 5:colcon.colcon_core.verb:set package 'steve_msgs' build argument 'cmake_args' from command line to 'None'
[1.303s] Level 5:colcon.colcon_core.verb:set package 'steve_msgs' build argument 'cmake_target' from command line to 'None'
[1.303s] Level 5:colcon.colcon_core.verb:set package 'steve_msgs' build argument 'cmake_target_skip_unavailable' from command line to 'False'
[1.303s] Level 5:colcon.colcon_core.verb:set package 'steve_msgs' build argument 'cmake_clean_cache' from command line to 'False'
[1.303s] Level 5:colcon.colcon_core.verb:set package 'steve_msgs' build argument 'cmake_clean_first' from command line to 'False'
[1.303s] Level 5:colcon.colcon_core.verb:set package 'steve_msgs' build argument 'cmake_force_configure' from command line to 'False'
[1.303s] Level 5:colcon.colcon_core.verb:set package 'steve_msgs' build argument 'ament_cmake_args' from command line to 'None'
[1.303s] Level 5:colcon.colcon_core.verb:set package 'steve_msgs' build argument 'catkin_cmake_args' from command line to 'None'
[1.303s] Level 5:colcon.colcon_core.verb:set package 'steve_msgs' build argument 'catkin_skip_building_tests' from command line to 'False'
[1.303s] DEBUG:colcon.colcon_core.verb:Building package 'steve_msgs' with the following arguments: {'ament_cmake_args': None, 'build_base': '/home/dj/MREN203/main/mren203-ws/build/steve_msgs', 'catkin_cmake_args': None, 'catkin_skip_building_tests': False, 'cmake_args': None, 'cmake_clean_cache': False, 'cmake_clean_first': False, 'cmake_force_configure': False, 'cmake_target': None, 'cmake_target_skip_unavailable': False, 'install_base': '/home/dj/MREN203/main/mren203-ws/install/steve_msgs', 'merge_install': False, 'path': '/home/dj/MREN203/main/mren203-ws/src/steve_msgs', 'symlink_install': True, 'test_result_base': None}
[1.316s] Level 5:colcon.colcon_core.verb:set package 'testing' build argument 'cmake_args' from command line to 'None'
[1.316s] Level 5:colcon.colcon_core.verb:set package 'testing' build argument 'cmake_target' from command line to 'None'
[1.316s] Level 5:colcon.colcon_core.verb:set package 'testing' build argument 'cmake_target_skip_unavailable' from command line to 'False'
[1.316s] Level 5:colcon.colcon_core.verb:set package 'testing' build argument 'cmake_clean_cache' from command line to 'False'
[1.316s] Level 5:colcon.colcon_core.verb:set package 'testing' build argument 'cmake_clean_first' from command line to 'False'
[1.316s] Level 5:colcon.colcon_core.verb:set package 'testing' build argument 'cmake_force_configure' from command line to 'False'
[1.316s] Level 5:colcon.colcon_core.verb:set package 'testing' build argument 'ament_cmake_args' from command line to 'None'
[1.316s] Level 5:colcon.colcon_core.verb:set package 'testing' build argument 'catkin_cmake_args' from command line to 'None'
[1.316s] Level 5:colcon.colcon_core.verb:set package 'testing' build argument 'catkin_skip_building_tests' from command line to 'False'
[1.316s] DEBUG:colcon.colcon_core.verb:Building package 'testing' with the following arguments: {'ament_cmake_args': None, 'build_base': '/home/dj/MREN203/main/mren203-ws/build/testing', 'catkin_cmake_args': None, 'catkin_skip_building_tests': False, 'cmake_args': None, 'cmake_clean_cache': False, 'cmake_clean_first': False, 'cmake_force_configure': False, 'cmake_target': None, 'cmake_target_skip_unavailable': False, 'install_base': '/home/dj/MREN203/main/mren203-ws/install/testing', 'merge_install': False, 'path': '/home/dj/MREN203/main/mren203-ws/src/testing', 'symlink_install': True, 'test_result_base': None}
[1.329s] Level 5:colcon.colcon_core.verb:set package 'motor_control' build argument 'cmake_args' from command line to 'None'
[1.329s] Level 5:colcon.colcon_core.verb:set package 'motor_control' build argument 'cmake_target' from command line to 'None'
[1.330s] Level 5:colcon.colcon_core.verb:set package 'motor_control' build argument 'cmake_target_skip_unavailable' from command line to 'False'
[1.330s] Level 5:colcon.colcon_core.verb:set package 'motor_control' build argument 'cmake_clean_cache' from command line to 'False'
[1.330s] Level 5:colcon.colcon_core.verb:set package 'motor_control' build argument 'cmake_clean_first' from command line to 'False'
[1.330s] Level 5:colcon.colcon_core.verb:set package 'motor_control' build argument 'cmake_force_configure' from command line to 'False'
[1.330s] Level 5:colcon.colcon_core.verb:set package 'motor_control' build argument 'ament_cmake_args' from command line to 'None'
[1.330s] Level 5:colcon.colcon_core.verb:set package 'motor_control' build argument 'catkin_cmake_args' from command line to 'None'
[1.330s] Level 5:colcon.colcon_core.verb:set package 'motor_control' build argument 'catkin_skip_building_tests' from command line to 'False'
[1.330s] DEBUG:colcon.colcon_core.verb:Building package 'motor_control' with the following arguments: {'ament_cmake_args': None, 'build_base': '/home/dj/MREN203/main/mren203-ws/build/motor_control', 'catkin_cmake_args': None, 'catkin_skip_building_tests': False, 'cmake_args': None, 'cmake_clean_cache': False, 'cmake_clean_first': False, 'cmake_force_configure': False, 'cmake_target': None, 'cmake_target_skip_unavailable': False, 'install_base': '/home/dj/MREN203/main/mren203-ws/install/motor_control', 'merge_install': False, 'path': '/home/dj/MREN203/main/mren203-ws/src/motor_control', 'symlink_install': True, 'test_result_base': None}
[1.343s] Level 5:colcon.colcon_core.verb:set package 'steve_ui' build argument 'cmake_args' from command line to 'None'
[1.343s] Level 5:colcon.colcon_core.verb:set package 'steve_ui' build argument 'cmake_target' from command line to 'None'
[1.343s] Level 5:colcon.colcon_core.verb:set package 'steve_ui' build argument 'cmake_target_skip_unavailable' from command line to 'False'
[1.343s] Level 5:colcon.colcon_core.verb:set package 'steve_ui' build argument 'cmake_clean_cache' from command line to 'False'
[1.343s] Level 5:colcon.colcon_core.verb:set package 'steve_ui' build argument 'cmake_clean_first' from command line to 'False'
[1.343s] Level 5:colcon.colcon_core.verb:set package 'steve_ui' build argument 'cmake_force_configure' from command line to 'False'
[1.343s] Level 5:colcon.colcon_core.verb:set package 'steve_ui' build argument 'ament_cmake_args' from command line to 'None'
[1.343s] Level 5:colcon.colcon_core.verb:set package 'steve_ui' build argument 'catkin_cmake_args' from command line to 'None'
[1.343s] Level 5:colcon.colcon_core.verb:set package 'steve_ui' build argument 'catkin_skip_building_tests' from command line to 'False'
[1.343s] DEBUG:colcon.colcon_core.verb:Building package 'steve_ui' with the following arguments: {'ament_cmake_args': None, 'build_base': '/home/dj/MREN203/main/mren203-ws/build/steve_ui', 'catkin_cmake_args': None, 'catkin_skip_building_tests': False, 'cmake_args': None, 'cmake_clean_cache': False, 'cmake_clean_first': False, 'cmake_force_configure': False, 'cmake_target': None, 'cmake_target_skip_unavailable': False, 'install_base': '/home/dj/MREN203/main/mren203-ws/install/steve_ui', 'merge_install': False, 'path': '/home/dj/MREN203/main/mren203-ws/src/steve_ui', 'symlink_install': True, 'test_result_base': None}
[1.356s] INFO:colcon.colcon_core.executor:Executing jobs using 'parallel' executor
[1.370s] DEBUG:colcon.colcon_parallel_executor.executor.parallel:run_until_complete
[1.370s] INFO:colcon.colcon_ros.task.ament_cmake.build:Building ROS package in '/home/dj/MREN203/main/mren203-ws/src/steve_msgs' with build type 'ament_cmake'
[1.370s] INFO:colcon.colcon_cmake.task.cmake.build:Building CMake package in '/home/dj/MREN203/main/mren203-ws/src/steve_msgs'
[1.388s] INFO:colcon.colcon_core.plugin_system:Skipping extension 'colcon_core.shell.bat': Not used on non-Windows systems
[1.388s] INFO:colcon.colcon_core.shell:Skip shell extension 'powershell' for command environment: Not usable outside of PowerShell
[1.388s] DEBUG:colcon.colcon_core.shell:Skip shell extension 'dsv' for command environment
[1.416s] INFO:colcon.colcon_ros.task.ament_python.build:Building ROS package in '/home/dj/MREN203/main/mren203-ws/src/joystick_ros2' with build type 'ament_python'
[1.417s] Level 1:colcon.colcon_core.shell:create_environment_hook('joystick_ros2', 'ament_prefix_path')
[1.430s] INFO:colcon.colcon_core.shell:Creating environment hook '/home/dj/MREN203/main/mren203-ws/install/joystick_ros2/share/joystick_ros2/hook/ament_prefix_path.ps1'
[1.430s] INFO:colcon.colcon_core.shell:Creating environment descriptor '/home/dj/MREN203/main/mren203-ws/install/joystick_ros2/share/joystick_ros2/hook/ament_prefix_path.dsv'
[1.431s] INFO:colcon.colcon_core.shell:Creating environment hook '/home/dj/MREN203/main/mren203-ws/install/joystick_ros2/share/joystick_ros2/hook/ament_prefix_path.sh'
[1.445s] INFO:colcon.colcon_core.shell:Skip shell extension 'powershell' for command environment: Not usable outside of PowerShell
[1.445s] DEBUG:colcon.colcon_core.shell:Skip shell extension 'dsv' for command environment
[1.473s] INFO:colcon.colcon_ros.task.ament_cmake.build:Building ROS package in '/home/dj/MREN203/main/mren203-ws/src/my_bot' with build type 'ament_cmake'
[1.474s] INFO:colcon.colcon_cmake.task.cmake.build:Building CMake package in '/home/dj/MREN203/main/mren203-ws/src/my_bot'
[1.487s] INFO:colcon.colcon_core.shell:Skip shell extension 'powershell' for command environment: Not usable outside of PowerShell
[1.487s] DEBUG:colcon.colcon_core.shell:Skip shell extension 'dsv' for command environment
[1.515s] INFO:colcon.colcon_ros.task.ament_cmake.build:Building ROS package in '/home/dj/MREN203/main/mren203-ws/src/rplidar_ros2' with build type 'ament_cmake'
[1.515s] INFO:colcon.colcon_cmake.task.cmake.build:Building CMake package in '/home/dj/MREN203/main/mren203-ws/src/rplidar_ros2'
[1.528s] INFO:colcon.colcon_core.shell:Skip shell extension 'powershell' for command environment: Not usable outside of PowerShell
[1.528s] DEBUG:colcon.colcon_core.shell:Skip shell extension 'dsv' for command environment
[1.556s] INFO:colcon.colcon_ros.task.ament_cmake.build:Building ROS package in '/home/dj/MREN203/main/mren203-ws/src/steve_launch' with build type 'ament_cmake'
[1.556s] INFO:colcon.colcon_cmake.task.cmake.build:Building CMake package in '/home/dj/MREN203/main/mren203-ws/src/steve_launch'
[1.570s] INFO:colcon.colcon_core.shell:Skip shell extension 'powershell' for command environment: Not usable outside of PowerShell
[1.570s] DEBUG:colcon.colcon_core.shell:Skip shell extension 'dsv' for command environment
[1.598s] INFO:colcon.colcon_ros.task.ament_python.build:Building ROS package in '/home/dj/MREN203/main/mren203-ws/src/testing' with build type 'ament_python'
[1.598s] Level 1:colcon.colcon_core.shell:create_environment_hook('testing', 'ament_prefix_path')
[1.612s] INFO:colcon.colcon_core.shell:Creating environment hook '/home/dj/MREN203/main/mren203-ws/install/testing/share/testing/hook/ament_prefix_path.ps1'
[1.612s] INFO:colcon.colcon_core.shell:Creating environment descriptor '/home/dj/MREN203/main/mren203-ws/install/testing/share/testing/hook/ament_prefix_path.dsv'
[1.613s] INFO:colcon.colcon_core.shell:Creating environment hook '/home/dj/MREN203/main/mren203-ws/install/testing/share/testing/hook/ament_prefix_path.sh'
[1.627s] INFO:colcon.colcon_core.shell:Skip shell extension 'powershell' for command environment: Not usable outside of PowerShell
[1.627s] DEBUG:colcon.colcon_core.shell:Skip shell extension 'dsv' for command environment
[1.660s] DEBUG:colcon.colcon_core.event_handler.log_command:Invoking command in '/home/dj/MREN203/main/mren203-ws/build/steve_msgs': CMAKE_PREFIX_PATH=/opt/ros/humble /usr/bin/cmake /home/dj/MREN203/main/mren203-ws/src/steve_msgs -DAMENT_CMAKE_SYMLINK_INSTALL=1 -DCMAKE_INSTALL_PREFIX=/home/dj/MREN203/main/mren203-ws/install/steve_msgs
[1.822s] WARNING:colcon.colcon_ros.task.ament_python.build:Package 'joystick_ros2' doesn't explicitly install the 'package.xml' file (colcon-ros currently does it implicitly but that fallback will be removed in the future)
[1.823s] INFO:colcon.colcon_core.task.python.build:Building Python package in '/home/dj/MREN203/main/mren203-ws/src/joystick_ros2'
[1.837s] INFO:colcon.colcon_core.shell:Skip shell extension 'powershell' for command environment: Not usable outside of PowerShell
[1.837s] DEBUG:colcon.colcon_core.shell:Skip shell extension 'dsv' for command environment
[1.871s] DEBUG:colcon.colcon_core.event_handler.log_command:Invoking command in '/home/dj/MREN203/main/mren203-ws/build/my_bot': CMAKE_PREFIX_PATH=/opt/ros/humble /usr/bin/cmake /home/dj/MREN203/main/mren203-ws/src/my_bot -DAMENT_CMAKE_SYMLINK_INSTALL=1 -DCMAKE_INSTALL_PREFIX=/home/dj/MREN203/main/mren203-ws/install/my_bot
[1.873s] DEBUG:colcon.colcon_core.event_handler.log_command:Invoking command in '/home/dj/MREN203/main/mren203-ws/build/rplidar_ros': CMAKE_PREFIX_PATH=/opt/ros/humble /usr/bin/cmake /home/dj/MREN203/main/mren203-ws/src/rplidar_ros2 -DAMENT_CMAKE_SYMLINK_INSTALL=1 -DCMAKE_INSTALL_PREFIX=/home/dj/MREN203/main/mren203-ws/install/rplidar_ros
[1.875s] DEBUG:colcon.colcon_core.event_handler.log_command:Invoking command in '/home/dj/MREN203/main/mren203-ws/build/steve_launch': CMAKE_PREFIX_PATH=/opt/ros/humble /usr/bin/cmake /home/dj/MREN203/main/mren203-ws/src/steve_launch -DAMENT_CMAKE_SYMLINK_INSTALL=1 -DCMAKE_INSTALL_PREFIX=/home/dj/MREN203/main/mren203-ws/install/steve_launch
[2.068s] INFO:colcon.colcon_core.task.python.build:Building Python package in '/home/dj/MREN203/main/mren203-ws/src/testing'
[2.085s] INFO:colcon.colcon_core.shell:Skip shell extension 'powershell' for command environment: Not usable outside of PowerShell
[2.085s] DEBUG:colcon.colcon_core.shell:Skip shell extension 'dsv' for command environment
[2.621s] DEBUG:colcon.colcon_core.event_handler.log_command:Invoked command in '/home/dj/MREN203/main/mren203-ws/build/steve_launch' returned '0': CMAKE_PREFIX_PATH=/opt/ros/humble /usr/bin/cmake /home/dj/MREN203/main/mren203-ws/src/steve_launch -DAMENT_CMAKE_SYMLINK_INSTALL=1 -DCMAKE_INSTALL_PREFIX=/home/dj/MREN203/main/mren203-ws/install/steve_launch
[2.623s] DEBUG:colcon.colcon_core.event_handler.log_command:Invoking command in '/home/dj/MREN203/main/mren203-ws/build/steve_launch': CMAKE_PREFIX_PATH=/opt/ros/humble /usr/bin/cmake --build /home/dj/MREN203/main/mren203-ws/build/steve_launch -- -j16 -l16
[2.648s] DEBUG:colcon.colcon_core.event_handler.log_command:Invoked command in '/home/dj/MREN203/main/mren203-ws/build/my_bot' returned '0': CMAKE_PREFIX_PATH=/opt/ros/humble /usr/bin/cmake /home/dj/MREN203/main/mren203-ws/src/my_bot -DAMENT_CMAKE_SYMLINK_INSTALL=1 -DCMAKE_INSTALL_PREFIX=/home/dj/MREN203/main/mren203-ws/install/my_bot
[2.650s] DEBUG:colcon.colcon_core.event_handler.log_command:Invoking command in '/home/dj/MREN203/main/mren203-ws/build/my_bot': CMAKE_PREFIX_PATH=/opt/ros/humble /usr/bin/cmake --build /home/dj/MREN203/main/mren203-ws/build/my_bot -- -j16 -l16
[2.666s] DEBUG:colcon.colcon_core.event_handler.log_command:Invoked command in '/home/dj/MREN203/main/mren203-ws/build/steve_launch' returned '0': CMAKE_PREFIX_PATH=/opt/ros/humble /usr/bin/cmake --build /home/dj/MREN203/main/mren203-ws/build/steve_launch -- -j16 -l16
[2.702s] DEBUG:colcon.colcon_core.event_handler.log_command:Invoking command in '/home/dj/MREN203/main/mren203-ws/build/steve_launch': CMAKE_PREFIX_PATH=/opt/ros/humble /usr/bin/cmake --install /home/dj/MREN203/main/mren203-ws/build/steve_launch
[2.703s] DEBUG:colcon.colcon_core.event_handler.log_command:Invoked command in '/home/dj/MREN203/main/mren203-ws/build/my_bot' returned '0': CMAKE_PREFIX_PATH=/opt/ros/humble /usr/bin/cmake --build /home/dj/MREN203/main/mren203-ws/build/my_bot -- -j16 -l16
[2.727s] DEBUG:colcon.colcon_core.event_handler.log_command:Invoking command in '/home/dj/MREN203/main/mren203-ws/build/my_bot': CMAKE_PREFIX_PATH=/opt/ros/humble /usr/bin/cmake --install /home/dj/MREN203/main/mren203-ws/build/my_bot
[2.797s] DEBUG:colcon.colcon_core.event_handler.log_command:Invoking command in '/home/dj/MREN203/main/mren203-ws/build/joystick_ros2': PYTHONPATH=/home/dj/MREN203/main/mren203-ws/build/joystick_ros2/prefix_override:/home/dj/MREN203/main/mren203-ws/install/joystick_ros2/lib/python3.10/site-packages:${PYTHONPATH} /usr/bin/python3 setup.py develop --editable --build-directory /home/dj/MREN203/main/mren203-ws/build/joystick_ros2/build --no-deps install_data
[2.800s] DEBUG:colcon.colcon_core.event_handler.log_command:Invoking command in '/home/dj/MREN203/main/mren203-ws/build/testing': PYTHONPATH=/home/dj/MREN203/main/mren203-ws/build/testing/prefix_override:/home/dj/MREN203/main/mren203-ws/install/testing/lib/python3.10/site-packages:${PYTHONPATH} /usr/bin/python3 setup.py develop --editable --build-directory /home/dj/MREN203/main/mren203-ws/build/testing/build --no-deps install_data
[2.893s] Level 1:colcon.colcon_core.environment:create_environment_scripts_only(steve_launch)
[2.893s] DEBUG:colcon.colcon_core.event_handler.log_command:Invoked command in '/home/dj/MREN203/main/mren203-ws/build/steve_launch' returned '0': CMAKE_PREFIX_PATH=/opt/ros/humble /usr/bin/cmake --install /home/dj/MREN203/main/mren203-ws/build/steve_launch
[2.913s] Level 1:colcon.colcon_core.environment:checking '/home/dj/MREN203/main/mren203-ws/install/steve_launch' for CMake module files
[2.914s] Level 1:colcon.colcon_core.environment:checking '/home/dj/MREN203/main/mren203-ws/install/steve_launch' for CMake config files
[2.914s] Level 1:colcon.colcon_core.shell:create_environment_hook('steve_launch', 'cmake_prefix_path')
[2.930s] INFO:colcon.colcon_core.shell:Creating environment hook '/home/dj/MREN203/main/mren203-ws/install/steve_launch/share/steve_launch/hook/cmake_prefix_path.ps1'
[2.931s] INFO:colcon.colcon_core.shell:Creating environment descriptor '/home/dj/MREN203/main/mren203-ws/install/steve_launch/share/steve_launch/hook/cmake_prefix_path.dsv'
[2.931s] INFO:colcon.colcon_core.shell:Creating environment hook '/home/dj/MREN203/main/mren203-ws/install/steve_launch/share/steve_launch/hook/cmake_prefix_path.sh'
[2.931s] Level 1:colcon.colcon_core.environment:checking '/home/dj/MREN203/main/mren203-ws/install/steve_launch/bin'
[2.931s] Level 1:colcon.colcon_core.environment:checking '/home/dj/MREN203/main/mren203-ws/install/steve_launch/lib/pkgconfig/steve_launch.pc'
[2.932s] Level 1:colcon.colcon_core.environment:checking '/home/dj/MREN203/main/mren203-ws/install/steve_launch/lib/python3.10/site-packages'
[2.932s] Level 1:colcon.colcon_core.environment:checking '/home/dj/MREN203/main/mren203-ws/install/steve_launch/bin'
[2.950s] INFO:colcon.colcon_core.shell:Creating package script '/home/dj/MREN203/main/mren203-ws/install/steve_launch/share/steve_launch/package.ps1'
[2.951s] INFO:colcon.colcon_core.shell:Creating package descriptor '/home/dj/MREN203/main/mren203-ws/install/steve_launch/share/steve_launch/package.dsv'
[2.952s] INFO:colcon.colcon_core.shell:Creating package script '/home/dj/MREN203/main/mren203-ws/install/steve_launch/share/steve_launch/package.sh'
[2.952s] INFO:colcon.colcon_core.shell:Creating package script '/home/dj/MREN203/main/mren203-ws/install/steve_launch/share/steve_launch/package.bash'
[2.953s] INFO:colcon.colcon_core.shell:Creating package script '/home/dj/MREN203/main/mren203-ws/install/steve_launch/share/steve_launch/package.zsh'
[2.954s] Level 1:colcon.colcon_core.environment:create_file_with_runtime_dependencies(/home/dj/MREN203/main/mren203-ws/install/steve_launch/share/colcon-core/packages/steve_launch)
[2.999s] Level 1:colcon.colcon_core.environment:create_environment_scripts_only(steve_launch)
[3.015s] Level 1:colcon.colcon_core.environment:checking '/home/dj/MREN203/main/mren203-ws/install/steve_launch' for CMake module files
[3.016s] Level 1:colcon.colcon_core.environment:checking '/home/dj/MREN203/main/mren203-ws/install/steve_launch' for CMake config files
[3.016s] Level 1:colcon.colcon_core.shell:create_environment_hook('steve_launch', 'cmake_prefix_path')
[3.031s] INFO:colcon.colcon_core.shell:Creating environment hook '/home/dj/MREN203/main/mren203-ws/install/steve_launch/share/steve_launch/hook/cmake_prefix_path.ps1'
[3.032s] INFO:colcon.colcon_core.shell:Creating environment descriptor '/home/dj/MREN203/main/mren203-ws/install/steve_launch/share/steve_launch/hook/cmake_prefix_path.dsv'
[3.032s] INFO:colcon.colcon_core.shell:Creating environment hook '/home/dj/MREN203/main/mren203-ws/install/steve_launch/share/steve_launch/hook/cmake_prefix_path.sh'
[3.032s] Level 1:colcon.colcon_core.environment:checking '/home/dj/MREN203/main/mren203-ws/install/steve_launch/bin'
[3.032s] Level 1:colcon.colcon_core.environment:checking '/home/dj/MREN203/main/mren203-ws/install/steve_launch/lib/pkgconfig/steve_launch.pc'
[3.033s] Level 1:colcon.colcon_core.environment:checking '/home/dj/MREN203/main/mren203-ws/install/steve_launch/lib/python3.10/site-packages'
[3.033s] Level 1:colcon.colcon_core.environment:checking '/home/dj/MREN203/main/mren203-ws/install/steve_launch/bin'
[3.048s] INFO:colcon.colcon_core.shell:Creating package script '/home/dj/MREN203/main/mren203-ws/install/steve_launch/share/steve_launch/package.ps1'
[3.049s] INFO:colcon.colcon_core.shell:Creating package descriptor '/home/dj/MREN203/main/mren203-ws/install/steve_launch/share/steve_launch/package.dsv'
[3.049s] INFO:colcon.colcon_core.shell:Creating package script '/home/dj/MREN203/main/mren203-ws/install/steve_launch/share/steve_launch/package.sh'
[3.050s] INFO:colcon.colcon_core.shell:Creating package script '/home/dj/MREN203/main/mren203-ws/install/steve_launch/share/steve_launch/package.bash'
[3.050s] INFO:colcon.colcon_core.shell:Creating package script '/home/dj/MREN203/main/mren203-ws/install/steve_launch/share/steve_launch/package.zsh'
[3.050s] Level 1:colcon.colcon_core.environment:create_file_with_runtime_dependencies(/home/dj/MREN203/main/mren203-ws/install/steve_launch/share/colcon-core/packages/steve_launch)
[3.051s] Level 1:colcon.colcon_core.environment:create_environment_scripts_only(my_bot)
[3.052s] DEBUG:colcon.colcon_core.event_handler.log_command:Invoked command in '/home/dj/MREN203/main/mren203-ws/build/my_bot' returned '0': CMAKE_PREFIX_PATH=/opt/ros/humble /usr/bin/cmake --install /home/dj/MREN203/main/mren203-ws/build/my_bot
[3.066s] Level 1:colcon.colcon_core.environment:checking '/home/dj/MREN203/main/mren203-ws/install/my_bot' for CMake module files
[3.066s] Level 1:colcon.colcon_core.environment:checking '/home/dj/MREN203/main/mren203-ws/install/my_bot' for CMake config files
[3.066s] Level 1:colcon.colcon_core.shell:create_environment_hook('my_bot', 'cmake_prefix_path')
[3.081s] INFO:colcon.colcon_core.shell:Creating environment hook '/home/dj/MREN203/main/mren203-ws/install/my_bot/share/my_bot/hook/cmake_prefix_path.ps1'
[3.082s] INFO:colcon.colcon_core.shell:Creating environment descriptor '/home/dj/MREN203/main/mren203-ws/install/my_bot/share/my_bot/hook/cmake_prefix_path.dsv'
[3.082s] INFO:colcon.colcon_core.shell:Creating environment hook '/home/dj/MREN203/main/mren203-ws/install/my_bot/share/my_bot/hook/cmake_prefix_path.sh'
[3.082s] Level 1:colcon.colcon_core.environment:checking '/home/dj/MREN203/main/mren203-ws/install/my_bot/bin'
[3.082s] Level 1:colcon.colcon_core.environment:checking '/home/dj/MREN203/main/mren203-ws/install/my_bot/lib/pkgconfig/my_bot.pc'
[3.082s] Level 1:colcon.colcon_core.environment:checking '/home/dj/MREN203/main/mren203-ws/install/my_bot/lib/python3.10/site-packages'
[3.082s] Level 1:colcon.colcon_core.environment:checking '/home/dj/MREN203/main/mren203-ws/install/my_bot/bin'
[3.112s] INFO:colcon.colcon_core.shell:Creating package script '/home/dj/MREN203/main/mren203-ws/install/my_bot/share/my_bot/package.ps1'
[3.112s] INFO:colcon.colcon_core.shell:Creating package descriptor '/home/dj/MREN203/main/mren203-ws/install/my_bot/share/my_bot/package.dsv'
[3.112s] INFO:colcon.colcon_core.shell:Creating package script '/home/dj/MREN203/main/mren203-ws/install/my_bot/share/my_bot/package.sh'
[3.113s] INFO:colcon.colcon_core.shell:Creating package script '/home/dj/MREN203/main/mren203-ws/install/my_bot/share/my_bot/package.bash'
[3.113s] INFO:colcon.colcon_core.shell:Creating package script '/home/dj/MREN203/main/mren203-ws/install/my_bot/share/my_bot/package.zsh'
[3.113s] Level 1:colcon.colcon_core.environment:create_file_with_runtime_dependencies(/home/dj/MREN203/main/mren203-ws/install/my_bot/share/colcon-core/packages/my_bot)
[3.150s] Level 1:colcon.colcon_core.environment:create_environment_scripts_only(my_bot)
[3.165s] Level 1:colcon.colcon_core.environment:checking '/home/dj/MREN203/main/mren203-ws/install/my_bot' for CMake module files
[3.165s] Level 1:colcon.colcon_core.environment:checking '/home/dj/MREN203/main/mren203-ws/install/my_bot' for CMake config files
[3.165s] Level 1:colcon.colcon_core.shell:create_environment_hook('my_bot', 'cmake_prefix_path')
[3.179s] INFO:colcon.colcon_core.shell:Creating environment hook '/home/dj/MREN203/main/mren203-ws/install/my_bot/share/my_bot/hook/cmake_prefix_path.ps1'
[3.180s] INFO:colcon.colcon_core.shell:Creating environment descriptor '/home/dj/MREN203/main/mren203-ws/install/my_bot/share/my_bot/hook/cmake_prefix_path.dsv'
[3.180s] INFO:colcon.colcon_core.shell:Creating environment hook '/home/dj/MREN203/main/mren203-ws/install/my_bot/share/my_bot/hook/cmake_prefix_path.sh'
[3.180s] Level 1:colcon.colcon_core.environment:checking '/home/dj/MREN203/main/mren203-ws/install/my_bot/bin'
[3.180s] Level 1:colcon.colcon_core.environment:checking '/home/dj/MREN203/main/mren203-ws/install/my_bot/lib/pkgconfig/my_bot.pc'
[3.181s] Level 1:colcon.colcon_core.environment:checking '/home/dj/MREN203/main/mren203-ws/install/my_bot/lib/python3.10/site-packages'
[3.181s] Level 1:colcon.colcon_core.environment:checking '/home/dj/MREN203/main/mren203-ws/install/my_bot/bin'
[3.196s] INFO:colcon.colcon_core.shell:Creating package script '/home/dj/MREN203/main/mren203-ws/install/my_bot/share/my_bot/package.ps1'
[3.196s] INFO:colcon.colcon_core.shell:Creating package descriptor '/home/dj/MREN203/main/mren203-ws/install/my_bot/share/my_bot/package.dsv'
[3.197s] INFO:colcon.colcon_core.shell:Creating package script '/home/dj/MREN203/main/mren203-ws/install/my_bot/share/my_bot/package.sh'
[3.197s] INFO:colcon.colcon_core.shell:Creating package script '/home/dj/MREN203/main/mren203-ws/install/my_bot/share/my_bot/package.bash'
[3.197s] INFO:colcon.colcon_core.shell:Creating package script '/home/dj/MREN203/main/mren203-ws/install/my_bot/share/my_bot/package.zsh'
[3.198s] Level 1:colcon.colcon_core.environment:create_file_with_runtime_dependencies(/home/dj/MREN203/main/mren203-ws/install/my_bot/share/colcon-core/packages/my_bot)
[3.278s] DEBUG:colcon.colcon_core.event_handler.log_command:Invoked command in '/home/dj/MREN203/main/mren203-ws/build/rplidar_ros' returned '0': CMAKE_PREFIX_PATH=/opt/ros/humble /usr/bin/cmake /home/dj/MREN203/main/mren203-ws/src/rplidar_ros2 -DAMENT_CMAKE_SYMLINK_INSTALL=1 -DCMAKE_INSTALL_PREFIX=/home/dj/MREN203/main/mren203-ws/install/rplidar_ros
[3.278s] DEBUG:colcon.colcon_core.event_handler.log_command:Invoking command in '/home/dj/MREN203/main/mren203-ws/build/rplidar_ros': CMAKE_PREFIX_PATH=/opt/ros/humble /usr/bin/cmake --build /home/dj/MREN203/main/mren203-ws/build/rplidar_ros -- -j16 -l16
[3.287s] DEBUG:colcon.colcon_core.event_handler.log_command:Invoked command in '/home/dj/MREN203/main/mren203-ws/build/steve_msgs' returned '0': CMAKE_PREFIX_PATH=/opt/ros/humble /usr/bin/cmake /home/dj/MREN203/main/mren203-ws/src/steve_msgs -DAMENT_CMAKE_SYMLINK_INSTALL=1 -DCMAKE_INSTALL_PREFIX=/home/dj/MREN203/main/mren203-ws/install/steve_msgs
[3.288s] DEBUG:colcon.colcon_core.event_handler.log_command:Invoking command in '/home/dj/MREN203/main/mren203-ws/build/steve_msgs': CMAKE_PREFIX_PATH=/opt/ros/humble /usr/bin/cmake --build /home/dj/MREN203/main/mren203-ws/build/steve_msgs -- -j16 -l16
[3.442s] Level 1:colcon.colcon_core.shell:create_environment_hook('testing', 'pythonpath_develop')
[3.443s] DEBUG:colcon.colcon_core.event_handler.log_command:Invoked command in '/home/dj/MREN203/main/mren203-ws/build/testing' returned '0': PYTHONPATH=/home/dj/MREN203/main/mren203-ws/build/testing/prefix_override:/home/dj/MREN203/main/mren203-ws/install/testing/lib/python3.10/site-packages:${PYTHONPATH} /usr/bin/python3 setup.py develop --editable --build-directory /home/dj/MREN203/main/mren203-ws/build/testing/build --no-deps install_data
[3.457s] INFO:colcon.colcon_core.shell:Creating environment hook '/home/dj/MREN203/main/mren203-ws/build/testing/share/testing/hook/pythonpath_develop.ps1'
[3.458s] INFO:colcon.colcon_core.shell:Creating environment descriptor '/home/dj/MREN203/main/mren203-ws/build/testing/share/testing/hook/pythonpath_develop.dsv'
[3.458s] INFO:colcon.colcon_core.shell:Creating environment hook '/home/dj/MREN203/main/mren203-ws/build/testing/share/testing/hook/pythonpath_develop.sh'
[3.473s] Level 1:colcon.colcon_core.environment:checking '/home/dj/MREN203/main/mren203-ws/install/testing' for CMake module files
[3.474s] Level 1:colcon.colcon_core.environment:checking '/home/dj/MREN203/main/mren203-ws/install/testing' for CMake config files
[3.474s] Level 1:colcon.colcon_core.environment:checking '/home/dj/MREN203/main/mren203-ws/install/testing/lib'
[3.474s] Level 1:colcon.colcon_core.environment:checking '/home/dj/MREN203/main/mren203-ws/install/testing/bin'
[3.474s] Level 1:colcon.colcon_core.environment:checking '/home/dj/MREN203/main/mren203-ws/install/testing/lib/pkgconfig/testing.pc'
[3.474s] Level 1:colcon.colcon_core.environment:checking '/home/dj/MREN203/main/mren203-ws/install/testing/lib/python3.10/site-packages'
[3.474s] Level 1:colcon.colcon_core.shell:create_environment_hook('testing', 'pythonpath')
[3.489s] INFO:colcon.colcon_core.shell:Creating environment hook '/home/dj/MREN203/main/mren203-ws/install/testing/share/testing/hook/pythonpath.ps1'
[3.489s] INFO:colcon.colcon_core.shell:Creating environment descriptor '/home/dj/MREN203/main/mren203-ws/install/testing/share/testing/hook/pythonpath.dsv'
[3.489s] INFO:colcon.colcon_core.shell:Creating environment hook '/home/dj/MREN203/main/mren203-ws/install/testing/share/testing/hook/pythonpath.sh'
[3.490s] Level 1:colcon.colcon_core.environment:checking '/home/dj/MREN203/main/mren203-ws/install/testing/bin'
[3.490s] Level 1:colcon.colcon_core.environment:create_environment_scripts_only(testing)
[3.505s] INFO:colcon.colcon_core.shell:Creating package script '/home/dj/MREN203/main/mren203-ws/install/testing/share/testing/package.ps1'
[3.505s] INFO:colcon.colcon_core.shell:Creating package descriptor '/home/dj/MREN203/main/mren203-ws/install/testing/share/testing/package.dsv'
[3.505s] INFO:colcon.colcon_core.shell:Creating package script '/home/dj/MREN203/main/mren203-ws/install/testing/share/testing/package.sh'
[3.506s] INFO:colcon.colcon_core.shell:Creating package script '/home/dj/MREN203/main/mren203-ws/install/testing/share/testing/package.bash'
[3.506s] INFO:colcon.colcon_core.shell:Creating package script '/home/dj/MREN203/main/mren203-ws/install/testing/share/testing/package.zsh'
[3.506s] Level 1:colcon.colcon_core.environment:create_file_with_runtime_dependencies(/home/dj/MREN203/main/mren203-ws/install/testing/share/colcon-core/packages/testing)
[3.507s] Level 1:colcon.colcon_core.shell:create_environment_hook('joystick_ros2', 'pythonpath_develop')
[3.508s] DEBUG:colcon.colcon_core.event_handler.log_command:Invoked command in '/home/dj/MREN203/main/mren203-ws/build/joystick_ros2' returned '0': PYTHONPATH=/home/dj/MREN203/main/mren203-ws/build/joystick_ros2/prefix_override:/home/dj/MREN203/main/mren203-ws/install/joystick_ros2/lib/python3.10/site-packages:${PYTHONPATH} /usr/bin/python3 setup.py develop --editable --build-directory /home/dj/MREN203/main/mren203-ws/build/joystick_ros2/build --no-deps install_data
[3.536s] INFO:colcon.colcon_core.shell:Creating environment hook '/home/dj/MREN203/main/mren203-ws/build/joystick_ros2/share/joystick_ros2/hook/pythonpath_develop.ps1'
[3.537s] INFO:colcon.colcon_core.shell:Creating environment descriptor '/home/dj/MREN203/main/mren203-ws/build/joystick_ros2/share/joystick_ros2/hook/pythonpath_develop.dsv'
[3.537s] INFO:colcon.colcon_core.shell:Creating environment hook '/home/dj/MREN203/main/mren203-ws/build/joystick_ros2/share/joystick_ros2/hook/pythonpath_develop.sh'
[3.566s] Level 1:colcon.colcon_core.environment:checking '/home/dj/MREN203/main/mren203-ws/install/joystick_ros2' for CMake module files
[3.567s] Level 1:colcon.colcon_core.environment:checking '/home/dj/MREN203/main/mren203-ws/install/joystick_ros2' for CMake config files
[3.568s] Level 1:colcon.colcon_core.environment:checking '/home/dj/MREN203/main/mren203-ws/install/joystick_ros2/lib'
[3.568s] Level 1:colcon.colcon_core.environment:checking '/home/dj/MREN203/main/mren203-ws/install/joystick_ros2/bin'
[3.568s] Level 1:colcon.colcon_core.environment:checking '/home/dj/MREN203/main/mren203-ws/install/joystick_ros2/lib/pkgconfig/joystick_ros2.pc'
[3.568s] Level 1:colcon.colcon_core.environment:checking '/home/dj/MREN203/main/mren203-ws/install/joystick_ros2/lib/python3.10/site-packages'
[3.568s] Level 1:colcon.colcon_core.shell:create_environment_hook('joystick_ros2', 'pythonpath')
[3.597s] INFO:colcon.colcon_core.shell:Creating environment hook '/home/dj/MREN203/main/mren203-ws/install/joystick_ros2/share/joystick_ros2/hook/pythonpath.ps1'
[3.598s] INFO:colcon.colcon_core.shell:Creating environment descriptor '/home/dj/MREN203/main/mren203-ws/install/joystick_ros2/share/joystick_ros2/hook/pythonpath.dsv'
[3.598s] INFO:colcon.colcon_core.shell:Creating environment hook '/home/dj/MREN203/main/mren203-ws/install/joystick_ros2/share/joystick_ros2/hook/pythonpath.sh'
[3.599s] Level 1:colcon.colcon_core.environment:checking '/home/dj/MREN203/main/mren203-ws/install/joystick_ros2/bin'
[3.599s] Level 1:colcon.colcon_core.environment:create_environment_scripts_only(joystick_ros2)
[3.630s] INFO:colcon.colcon_core.shell:Creating package script '/home/dj/MREN203/main/mren203-ws/install/joystick_ros2/share/joystick_ros2/package.ps1'
[3.631s] INFO:colcon.colcon_core.shell:Creating package descriptor '/home/dj/MREN203/main/mren203-ws/install/joystick_ros2/share/joystick_ros2/package.dsv'
[3.631s] INFO:colcon.colcon_core.shell:Creating package script '/home/dj/MREN203/main/mren203-ws/install/joystick_ros2/share/joystick_ros2/package.sh'
[3.632s] INFO:colcon.colcon_core.shell:Creating package script '/home/dj/MREN203/main/mren203-ws/install/joystick_ros2/share/joystick_ros2/package.bash'
[3.632s] INFO:colcon.colcon_core.shell:Creating package script '/home/dj/MREN203/main/mren203-ws/install/joystick_ros2/share/joystick_ros2/package.zsh'
[3.632s] Level 1:colcon.colcon_core.environment:create_file_with_runtime_dependencies(/home/dj/MREN203/main/mren203-ws/install/joystick_ros2/share/colcon-core/packages/joystick_ros2)
[5.653s] DEBUG:colcon.colcon_core.event_handler.log_command:Invoked command in '/home/dj/MREN203/main/mren203-ws/build/steve_msgs' returned '0': CMAKE_PREFIX_PATH=/opt/ros/humble /usr/bin/cmake --build /home/dj/MREN203/main/mren203-ws/build/steve_msgs -- -j16 -l16
[5.808s] DEBUG:colcon.colcon_core.event_handler.log_command:Invoking command in '/home/dj/MREN203/main/mren203-ws/build/steve_msgs': CMAKE_PREFIX_PATH=/opt/ros/humble /usr/bin/cmake --install /home/dj/MREN203/main/mren203-ws/build/steve_msgs
[6.818s] Level 1:colcon.colcon_core.environment:create_environment_scripts_only(steve_msgs)
[6.818s] DEBUG:colcon.colcon_core.event_handler.log_command:Invoked command in '/home/dj/MREN203/main/mren203-ws/build/steve_msgs' returned '0': CMAKE_PREFIX_PATH=/opt/ros/humble /usr/bin/cmake --install /home/dj/MREN203/main/mren203-ws/build/steve_msgs
[6.832s] Level 1:colcon.colcon_core.environment:checking '/home/dj/MREN203/main/mren203-ws/install/steve_msgs' for CMake module files
[6.833s] Level 1:colcon.colcon_core.environment:checking '/home/dj/MREN203/main/mren203-ws/install/steve_msgs' for CMake config files
[6.833s] Level 1:colcon.colcon_core.shell:create_environment_hook('steve_msgs', 'cmake_prefix_path')
[6.847s] INFO:colcon.colcon_core.shell:Creating environment hook '/home/dj/MREN203/main/mren203-ws/install/steve_msgs/share/steve_msgs/hook/cmake_prefix_path.ps1'
[6.848s] INFO:colcon.colcon_core.shell:Creating environment descriptor '/home/dj/MREN203/main/mren203-ws/install/steve_msgs/share/steve_msgs/hook/cmake_prefix_path.dsv'
[6.848s] INFO:colcon.colcon_core.shell:Creating environment hook '/home/dj/MREN203/main/mren203-ws/install/steve_msgs/share/steve_msgs/hook/cmake_prefix_path.sh'
[6.848s] Level 1:colcon.colcon_core.environment:checking '/home/dj/MREN203/main/mren203-ws/install/steve_msgs/lib'
[6.848s] Level 1:colcon.colcon_core.shell:create_environment_hook('steve_msgs', 'ld_library_path_lib')
[6.864s] INFO:colcon.colcon_core.shell:Creating environment hook '/home/dj/MREN203/main/mren203-ws/install/steve_msgs/share/steve_msgs/hook/ld_library_path_lib.ps1'
[6.864s] INFO:colcon.colcon_core.shell:Creating environment descriptor '/home/dj/MREN203/main/mren203-ws/install/steve_msgs/share/steve_msgs/hook/ld_library_path_lib.dsv'
[6.864s] INFO:colcon.colcon_core.shell:Creating environment hook '/home/dj/MREN203/main/mren203-ws/install/steve_msgs/share/steve_msgs/hook/ld_library_path_lib.sh'
[6.864s] Level 1:colcon.colcon_core.environment:checking '/home/dj/MREN203/main/mren203-ws/install/steve_msgs/bin'
[6.864s] Level 1:colcon.colcon_core.environment:checking '/home/dj/MREN203/main/mren203-ws/install/steve_msgs/lib/pkgconfig/steve_msgs.pc'
[6.865s] Level 1:colcon.colcon_core.environment:checking '/home/dj/MREN203/main/mren203-ws/install/steve_msgs/lib/python3.10/site-packages'
[6.865s] Level 1:colcon.colcon_core.environment:checking '/home/dj/MREN203/main/mren203-ws/install/steve_msgs/bin'
[6.880s] INFO:colcon.colcon_core.shell:Creating package script '/home/dj/MREN203/main/mren203-ws/install/steve_msgs/share/steve_msgs/package.ps1'
[6.880s] INFO:colcon.colcon_core.shell:Creating package descriptor '/home/dj/MREN203/main/mren203-ws/install/steve_msgs/share/steve_msgs/package.dsv'
[6.880s] INFO:colcon.colcon_core.shell:Creating package script '/home/dj/MREN203/main/mren203-ws/install/steve_msgs/share/steve_msgs/package.sh'
[6.881s] INFO:colcon.colcon_core.shell:Creating package script '/home/dj/MREN203/main/mren203-ws/install/steve_msgs/share/steve_msgs/package.bash'
[6.881s] INFO:colcon.colcon_core.shell:Creating package script '/home/dj/MREN203/main/mren203-ws/install/steve_msgs/share/steve_msgs/package.zsh'
[6.881s] Level 1:colcon.colcon_core.environment:create_file_with_runtime_dependencies(/home/dj/MREN203/main/mren203-ws/install/steve_msgs/share/colcon-core/packages/steve_msgs)
[7.059s] Level 1:colcon.colcon_core.environment:create_environment_scripts_only(steve_msgs)
[7.074s] Level 1:colcon.colcon_core.environment:checking '/home/dj/MREN203/main/mren203-ws/install/steve_msgs' for CMake module files
[7.074s] Level 1:colcon.colcon_core.environment:checking '/home/dj/MREN203/main/mren203-ws/install/steve_msgs' for CMake config files
[7.074s] Level 1:colcon.colcon_core.shell:create_environment_hook('steve_msgs', 'cmake_prefix_path')
[7.088s] INFO:colcon.colcon_core.shell:Creating environment hook '/home/dj/MREN203/main/mren203-ws/install/steve_msgs/share/steve_msgs/hook/cmake_prefix_path.ps1'
[7.089s] INFO:colcon.colcon_core.shell:Creating environment descriptor '/home/dj/MREN203/main/mren203-ws/install/steve_msgs/share/steve_msgs/hook/cmake_prefix_path.dsv'
[7.089s] INFO:colcon.colcon_core.shell:Creating environment hook '/home/dj/MREN203/main/mren203-ws/install/steve_msgs/share/steve_msgs/hook/cmake_prefix_path.sh'
[7.089s] Level 1:colcon.colcon_core.environment:checking '/home/dj/MREN203/main/mren203-ws/install/steve_msgs/lib'
[7.089s] Level 1:colcon.colcon_core.shell:create_environment_hook('steve_msgs', 'ld_library_path_lib')
[7.103s] INFO:colcon.colcon_core.shell:Creating environment hook '/home/dj/MREN203/main/mren203-ws/install/steve_msgs/share/steve_msgs/hook/ld_library_path_lib.ps1'
[7.103s] INFO:colcon.colcon_core.shell:Creating environment descriptor '/home/dj/MREN203/main/mren203-ws/install/steve_msgs/share/steve_msgs/hook/ld_library_path_lib.dsv'
[7.103s] INFO:colcon.colcon_core.shell:Creating environment hook '/home/dj/MREN203/main/mren203-ws/install/steve_msgs/share/steve_msgs/hook/ld_library_path_lib.sh'
[7.104s] Level 1:colcon.colcon_core.environment:checking '/home/dj/MREN203/main/mren203-ws/install/steve_msgs/bin'
[7.104s] Level 1:colcon.colcon_core.environment:checking '/home/dj/MREN203/main/mren203-ws/install/steve_msgs/lib/pkgconfig/steve_msgs.pc'
[7.104s] Level 1:colcon.colcon_core.environment:checking '/home/dj/MREN203/main/mren203-ws/install/steve_msgs/lib/python3.10/site-packages'
[7.104s] Level 1:colcon.colcon_core.environment:checking '/home/dj/MREN203/main/mren203-ws/install/steve_msgs/bin'
[7.118s] INFO:colcon.colcon_core.shell:Creating package script '/home/dj/MREN203/main/mren203-ws/install/steve_msgs/share/steve_msgs/package.ps1'
[7.118s] INFO:colcon.colcon_core.shell:Creating package descriptor '/home/dj/MREN203/main/mren203-ws/install/steve_msgs/share/steve_msgs/package.dsv'
[7.119s] INFO:colcon.colcon_core.shell:Creating package script '/home/dj/MREN203/main/mren203-ws/install/steve_msgs/share/steve_msgs/package.sh'
[7.119s] INFO:colcon.colcon_core.shell:Creating package script '/home/dj/MREN203/main/mren203-ws/install/steve_msgs/share/steve_msgs/package.bash'
[7.119s] INFO:colcon.colcon_core.shell:Creating package script '/home/dj/MREN203/main/mren203-ws/install/steve_msgs/share/steve_msgs/package.zsh'
[7.120s] Level 1:colcon.colcon_core.environment:create_file_with_runtime_dependencies(/home/dj/MREN203/main/mren203-ws/install/steve_msgs/share/colcon-core/packages/steve_msgs)
[7.120s] INFO:colcon.colcon_ros.task.ament_python.build:Building ROS package in '/home/dj/MREN203/main/mren203-ws/src/motor_control' with build type 'ament_python'
[7.120s] Level 1:colcon.colcon_core.shell:create_environment_hook('motor_control', 'ament_prefix_path')
[7.135s] INFO:colcon.colcon_core.shell:Creating environment hook '/home/dj/MREN203/main/mren203-ws/install/motor_control/share/motor_control/hook/ament_prefix_path.ps1'
[7.136s] INFO:colcon.colcon_core.shell:Creating environment descriptor '/home/dj/MREN203/main/mren203-ws/install/motor_control/share/motor_control/hook/ament_prefix_path.dsv'
[7.136s] INFO:colcon.colcon_core.shell:Creating environment hook '/home/dj/MREN203/main/mren203-ws/install/motor_control/share/motor_control/hook/ament_prefix_path.sh'
[7.150s] INFO:colcon.colcon_core.shell:Skip shell extension 'powershell' for command environment: Not usable outside of PowerShell
[7.150s] DEBUG:colcon.colcon_core.shell:Skip shell extension 'dsv' for command environment
[7.180s] INFO:colcon.colcon_ros.task.ament_python.build:Building ROS package in '/home/dj/MREN203/main/mren203-ws/src/steve_ui' with build type 'ament_python'
[7.180s] Level 1:colcon.colcon_core.shell:create_environment_hook('steve_ui', 'ament_prefix_path')
[7.195s] INFO:colcon.colcon_core.shell:Creating environment hook '/home/dj/MREN203/main/mren203-ws/install/steve_ui/share/steve_ui/hook/ament_prefix_path.ps1'
[7.196s] INFO:colcon.colcon_core.shell:Creating environment descriptor '/home/dj/MREN203/main/mren203-ws/install/steve_ui/share/steve_ui/hook/ament_prefix_path.dsv'
[7.196s] INFO:colcon.colcon_core.shell:Creating environment hook '/home/dj/MREN203/main/mren203-ws/install/steve_ui/share/steve_ui/hook/ament_prefix_path.sh'
[7.210s] INFO:colcon.colcon_core.shell:Skip shell extension 'powershell' for command environment: Not usable outside of PowerShell
[7.210s] DEBUG:colcon.colcon_core.shell:Skip shell extension 'dsv' for command environment
[7.388s] INFO:colcon.colcon_core.task.python.build:Building Python package in '/home/dj/MREN203/main/mren203-ws/src/motor_control'
[7.402s] INFO:colcon.colcon_core.shell:Skip shell extension 'powershell' for command environment: Not usable outside of PowerShell
[7.402s] DEBUG:colcon.colcon_core.shell:Skip shell extension 'dsv' for command environment
[7.581s] INFO:colcon.colcon_core.task.python.build:Building Python package in '/home/dj/MREN203/main/mren203-ws/src/steve_ui'
[7.596s] INFO:colcon.colcon_core.shell:Skip shell extension 'powershell' for command environment: Not usable outside of PowerShell
[7.596s] DEBUG:colcon.colcon_core.shell:Skip shell extension 'dsv' for command environment
[8.137s] DEBUG:colcon.colcon_core.event_handler.log_command:Invoking command in '/home/dj/MREN203/main/mren203-ws/build/motor_control': AMENT_PREFIX_PATH=/home/dj/MREN203/main/mren203-ws/install/steve_msgs:${AMENT_PREFIX_PATH} CMAKE_PREFIX_PATH=/home/dj/MREN203/main/mren203-ws/install/steve_msgs LD_LIBRARY_PATH=/home/dj/MREN203/main/mren203-ws/install/steve_msgs/lib:${LD_LIBRARY_PATH} PYTHONPATH=/home/dj/MREN203/main/mren203-ws/build/motor_control/prefix_override:/home/dj/MREN203/main/mren203-ws/install/motor_control/lib/python3.10/site-packages:/home/dj/MREN203/main/mren203-ws/install/steve_msgs/local/lib/python3.10/dist-packages:${PYTHONPATH} /usr/bin/python3 setup.py develop --editable --build-directory /home/dj/MREN203/main/mren203-ws/build/motor_control/build --no-deps install_data
[8.138s] DEBUG:colcon.colcon_core.event_handler.log_command:Invoking command in '/home/dj/MREN203/main/mren203-ws/build/steve_ui': AMENT_PREFIX_PATH=/home/dj/MREN203/main/mren203-ws/install/steve_msgs:${AMENT_PREFIX_PATH} CMAKE_PREFIX_PATH=/home/dj/MREN203/main/mren203-ws/install/steve_msgs LD_LIBRARY_PATH=/home/dj/MREN203/main/mren203-ws/install/steve_msgs/lib:${LD_LIBRARY_PATH} PYTHONPATH=/home/dj/MREN203/main/mren203-ws/build/steve_ui/prefix_override:/home/dj/MREN203/main/mren203-ws/install/steve_ui/lib/python3.10/site-packages:/home/dj/MREN203/main/mren203-ws/install/steve_msgs/local/lib/python3.10/dist-packages:${PYTHONPATH} /usr/bin/python3 setup.py develop --editable --build-directory /home/dj/MREN203/main/mren203-ws/build/steve_ui/build --no-deps install_data
[8.735s] Level 1:colcon.colcon_core.shell:create_environment_hook('motor_control', 'pythonpath_develop')
[8.735s] DEBUG:colcon.colcon_core.event_handler.log_command:Invoked command in '/home/dj/MREN203/main/mren203-ws/build/motor_control' returned '0': AMENT_PREFIX_PATH=/home/dj/MREN203/main/mren203-ws/install/steve_msgs:${AMENT_PREFIX_PATH} CMAKE_PREFIX_PATH=/home/dj/MREN203/main/mren203-ws/install/steve_msgs LD_LIBRARY_PATH=/home/dj/MREN203/main/mren203-ws/install/steve_msgs/lib:${LD_LIBRARY_PATH} PYTHONPATH=/home/dj/MREN203/main/mren203-ws/build/motor_control/prefix_override:/home/dj/MREN203/main/mren203-ws/install/motor_control/lib/python3.10/site-packages:/home/dj/MREN203/main/mren203-ws/install/steve_msgs/local/lib/python3.10/dist-packages:${PYTHONPATH} /usr/bin/python3 setup.py develop --editable --build-directory /home/dj/MREN203/main/mren203-ws/build/motor_control/build --no-deps install_data
[8.749s] INFO:colcon.colcon_core.shell:Creating environment hook '/home/dj/MREN203/main/mren203-ws/build/motor_control/share/motor_control/hook/pythonpath_develop.ps1'
[8.750s] INFO:colcon.colcon_core.shell:Creating environment descriptor '/home/dj/MREN203/main/mren203-ws/build/motor_control/share/motor_control/hook/pythonpath_develop.dsv'
[8.750s] INFO:colcon.colcon_core.shell:Creating environment hook '/home/dj/MREN203/main/mren203-ws/build/motor_control/share/motor_control/hook/pythonpath_develop.sh'
[8.763s] Level 1:colcon.colcon_core.environment:checking '/home/dj/MREN203/main/mren203-ws/install/motor_control' for CMake module files
[8.764s] Level 1:colcon.colcon_core.environment:checking '/home/dj/MREN203/main/mren203-ws/install/motor_control' for CMake config files
[8.764s] Level 1:colcon.colcon_core.environment:checking '/home/dj/MREN203/main/mren203-ws/install/motor_control/lib'
[8.764s] Level 1:colcon.colcon_core.environment:checking '/home/dj/MREN203/main/mren203-ws/install/motor_control/bin'
[8.764s] Level 1:colcon.colcon_core.environment:checking '/home/dj/MREN203/main/mren203-ws/install/motor_control/lib/pkgconfig/motor_control.pc'
[8.764s] Level 1:colcon.colcon_core.environment:checking '/home/dj/MREN203/main/mren203-ws/install/motor_control/lib/python3.10/site-packages'
[8.764s] Level 1:colcon.colcon_core.shell:create_environment_hook('motor_control', 'pythonpath')
[8.778s] INFO:colcon.colcon_core.shell:Creating environment hook '/home/dj/MREN203/main/mren203-ws/install/motor_control/share/motor_control/hook/pythonpath.ps1'
[8.778s] INFO:colcon.colcon_core.shell:Creating environment descriptor '/home/dj/MREN203/main/mren203-ws/install/motor_control/share/motor_control/hook/pythonpath.dsv'
[8.779s] INFO:colcon.colcon_core.shell:Creating environment hook '/home/dj/MREN203/main/mren203-ws/install/motor_control/share/motor_control/hook/pythonpath.sh'
[8.779s] Level 1:colcon.colcon_core.environment:checking '/home/dj/MREN203/main/mren203-ws/install/motor_control/bin'
[8.779s] Level 1:colcon.colcon_core.environment:create_environment_scripts_only(motor_control)
[8.793s] INFO:colcon.colcon_core.shell:Creating package script '/home/dj/MREN203/main/mren203-ws/install/motor_control/share/motor_control/package.ps1'
[8.793s] INFO:colcon.colcon_core.shell:Creating package descriptor '/home/dj/MREN203/main/mren203-ws/install/motor_control/share/motor_control/package.dsv'
[8.793s] INFO:colcon.colcon_core.shell:Creating package script '/home/dj/MREN203/main/mren203-ws/install/motor_control/share/motor_control/package.sh'
[8.794s] INFO:colcon.colcon_core.shell:Creating package script '/home/dj/MREN203/main/mren203-ws/install/motor_control/share/motor_control/package.bash'
[8.794s] INFO:colcon.colcon_core.shell:Creating package script '/home/dj/MREN203/main/mren203-ws/install/motor_control/share/motor_control/package.zsh'
[8.794s] Level 1:colcon.colcon_core.environment:create_file_with_runtime_dependencies(/home/dj/MREN203/main/mren203-ws/install/motor_control/share/colcon-core/packages/motor_control)
[8.795s] Level 1:colcon.colcon_core.shell:create_environment_hook('steve_ui', 'pythonpath_develop')
[8.796s] DEBUG:colcon.colcon_core.event_handler.log_command:Invoked command in '/home/dj/MREN203/main/mren203-ws/build/steve_ui' returned '0': AMENT_PREFIX_PATH=/home/dj/MREN203/main/mren203-ws/install/steve_msgs:${AMENT_PREFIX_PATH} CMAKE_PREFIX_PATH=/home/dj/MREN203/main/mren203-ws/install/steve_msgs LD_LIBRARY_PATH=/home/dj/MREN203/main/mren203-ws/install/steve_msgs/lib:${LD_LIBRARY_PATH} PYTHONPATH=/home/dj/MREN203/main/mren203-ws/build/steve_ui/prefix_override:/home/dj/MREN203/main/mren203-ws/install/steve_ui/lib/python3.10/site-packages:/home/dj/MREN203/main/mren203-ws/install/steve_msgs/local/lib/python3.10/dist-packages:${PYTHONPATH} /usr/bin/python3 setup.py develop --editable --build-directory /home/dj/MREN203/main/mren203-ws/build/steve_ui/build --no-deps install_data
[8.809s] INFO:colcon.colcon_core.shell:Creating environment hook '/home/dj/MREN203/main/mren203-ws/build/steve_ui/share/steve_ui/hook/pythonpath_develop.ps1'
[8.809s] INFO:colcon.colcon_core.shell:Creating environment descriptor '/home/dj/MREN203/main/mren203-ws/build/steve_ui/share/steve_ui/hook/pythonpath_develop.dsv'
[8.810s] INFO:colcon.colcon_core.shell:Creating environment hook '/home/dj/MREN203/main/mren203-ws/build/steve_ui/share/steve_ui/hook/pythonpath_develop.sh'
[8.823s] Level 1:colcon.colcon_core.environment:checking '/home/dj/MREN203/main/mren203-ws/install/steve_ui' for CMake module files
[8.824s] Level 1:colcon.colcon_core.environment:checking '/home/dj/MREN203/main/mren203-ws/install/steve_ui' for CMake config files
[8.824s] Level 1:colcon.colcon_core.environment:checking '/home/dj/MREN203/main/mren203-ws/install/steve_ui/lib'
[8.824s] Level 1:colcon.colcon_core.environment:checking '/home/dj/MREN203/main/mren203-ws/install/steve_ui/bin'
[8.824s] Level 1:colcon.colcon_core.environment:checking '/home/dj/MREN203/main/mren203-ws/install/steve_ui/lib/pkgconfig/steve_ui.pc'
[8.824s] Level 1:colcon.colcon_core.environment:checking '/home/dj/MREN203/main/mren203-ws/install/steve_ui/lib/python3.10/site-packages'
[8.824s] Level 1:colcon.colcon_core.shell:create_environment_hook('steve_ui', 'pythonpath')
[8.838s] INFO:colcon.colcon_core.shell:Creating environment hook '/home/dj/MREN203/main/mren203-ws/install/steve_ui/share/steve_ui/hook/pythonpath.ps1'
[8.838s] INFO:colcon.colcon_core.shell:Creating environment descriptor '/home/dj/MREN203/main/mren203-ws/install/steve_ui/share/steve_ui/hook/pythonpath.dsv'
[8.838s] INFO:colcon.colcon_core.shell:Creating environment hook '/home/dj/MREN203/main/mren203-ws/install/steve_ui/share/steve_ui/hook/pythonpath.sh'
[8.839s] Level 1:colcon.colcon_core.environment:checking '/home/dj/MREN203/main/mren203-ws/install/steve_ui/bin'
[8.839s] Level 1:colcon.colcon_core.environment:create_environment_scripts_only(steve_ui)
[8.853s] INFO:colcon.colcon_core.shell:Creating package script '/home/dj/MREN203/main/mren203-ws/install/steve_ui/share/steve_ui/package.ps1'
[8.853s] INFO:colcon.colcon_core.shell:Creating package descriptor '/home/dj/MREN203/main/mren203-ws/install/steve_ui/share/steve_ui/package.dsv'
[8.854s] INFO:colcon.colcon_core.shell:Creating package script '/home/dj/MREN203/main/mren203-ws/install/steve_ui/share/steve_ui/package.sh'
[8.854s] INFO:colcon.colcon_core.shell:Creating package script '/home/dj/MREN203/main/mren203-ws/install/steve_ui/share/steve_ui/package.bash'
[8.854s] INFO:colcon.colcon_core.shell:Creating package script '/home/dj/MREN203/main/mren203-ws/install/steve_ui/share/steve_ui/package.zsh'
[8.854s] Level 1:colcon.colcon_core.environment:create_file_with_runtime_dependencies(/home/dj/MREN203/main/mren203-ws/install/steve_ui/share/colcon-core/packages/steve_ui)
[10.367s] DEBUG:colcon.colcon_core.event_handler.log_command:Invoked command in '/home/dj/MREN203/main/mren203-ws/build/rplidar_ros' returned '0': CMAKE_PREFIX_PATH=/opt/ros/humble /usr/bin/cmake --build /home/dj/MREN203/main/mren203-ws/build/rplidar_ros -- -j16 -l16
[10.419s] DEBUG:colcon.colcon_core.event_handler.log_command:Invoking command in '/home/dj/MREN203/main/mren203-ws/build/rplidar_ros': CMAKE_PREFIX_PATH=/opt/ros/humble /usr/bin/cmake --install /home/dj/MREN203/main/mren203-ws/build/rplidar_ros
[10.721s] Level 1:colcon.colcon_core.environment:create_environment_scripts_only(rplidar_ros)
[10.721s] DEBUG:colcon.colcon_core.event_handler.log_command:Invoked command in '/home/dj/MREN203/main/mren203-ws/build/rplidar_ros' returned '0': CMAKE_PREFIX_PATH=/opt/ros/humble /usr/bin/cmake --install /home/dj/MREN203/main/mren203-ws/build/rplidar_ros
[10.736s] Level 1:colcon.colcon_core.environment:checking '/home/dj/MREN203/main/mren203-ws/install/rplidar_ros' for CMake module files
[10.736s] Level 1:colcon.colcon_core.environment:checking '/home/dj/MREN203/main/mren203-ws/install/rplidar_ros' for CMake config files
[10.737s] Level 1:colcon.colcon_core.shell:create_environment_hook('rplidar_ros', 'cmake_prefix_path')
[10.751s] INFO:colcon.colcon_core.shell:Creating environment hook '/home/dj/MREN203/main/mren203-ws/install/rplidar_ros/share/rplidar_ros/hook/cmake_prefix_path.ps1'
[10.752s] INFO:colcon.colcon_core.shell:Creating environment descriptor '/home/dj/MREN203/main/mren203-ws/install/rplidar_ros/share/rplidar_ros/hook/cmake_prefix_path.dsv'
[10.752s] INFO:colcon.colcon_core.shell:Creating environment hook '/home/dj/MREN203/main/mren203-ws/install/rplidar_ros/share/rplidar_ros/hook/cmake_prefix_path.sh'
[10.752s] Level 1:colcon.colcon_core.environment:checking '/home/dj/MREN203/main/mren203-ws/install/rplidar_ros/lib'
[10.753s] Level 1:colcon.colcon_core.shell:create_environment_hook('rplidar_ros', 'ld_library_path_lib')
[10.768s] INFO:colcon.colcon_core.shell:Creating environment hook '/home/dj/MREN203/main/mren203-ws/install/rplidar_ros/share/rplidar_ros/hook/ld_library_path_lib.ps1'
[10.768s] INFO:colcon.colcon_core.shell:Creating environment descriptor '/home/dj/MREN203/main/mren203-ws/install/rplidar_ros/share/rplidar_ros/hook/ld_library_path_lib.dsv'
[10.768s] INFO:colcon.colcon_core.shell:Creating environment hook '/home/dj/MREN203/main/mren203-ws/install/rplidar_ros/share/rplidar_ros/hook/ld_library_path_lib.sh'
[10.768s] Level 1:colcon.colcon_core.environment:checking '/home/dj/MREN203/main/mren203-ws/install/rplidar_ros/bin'
[10.769s] Level 1:colcon.colcon_core.environment:checking '/home/dj/MREN203/main/mren203-ws/install/rplidar_ros/lib/pkgconfig/rplidar_ros.pc'
[10.769s] Level 1:colcon.colcon_core.environment:checking '/home/dj/MREN203/main/mren203-ws/install/rplidar_ros/lib/python3.10/site-packages'
[10.769s] Level 1:colcon.colcon_core.environment:checking '/home/dj/MREN203/main/mren203-ws/install/rplidar_ros/bin'
[10.785s] INFO:colcon.colcon_core.shell:Creating package script '/home/dj/MREN203/main/mren203-ws/install/rplidar_ros/share/rplidar_ros/package.ps1'
[10.785s] INFO:colcon.colcon_core.shell:Creating package descriptor '/home/dj/MREN203/main/mren203-ws/install/rplidar_ros/share/rplidar_ros/package.dsv'
[10.785s] INFO:colcon.colcon_core.shell:Creating package script '/home/dj/MREN203/main/mren203-ws/install/rplidar_ros/share/rplidar_ros/package.sh'
[10.786s] INFO:colcon.colcon_core.shell:Creating package script '/home/dj/MREN203/main/mren203-ws/install/rplidar_ros/share/rplidar_ros/package.bash'
[10.786s] INFO:colcon.colcon_core.shell:Creating package script '/home/dj/MREN203/main/mren203-ws/install/rplidar_ros/share/rplidar_ros/package.zsh'
[10.786s] Level 1:colcon.colcon_core.environment:create_file_with_runtime_dependencies(/home/dj/MREN203/main/mren203-ws/install/rplidar_ros/share/colcon-core/packages/rplidar_ros)
[10.851s] Level 1:colcon.colcon_core.environment:create_environment_scripts_only(rplidar_ros)
[10.865s] Level 1:colcon.colcon_core.environment:checking '/home/dj/MREN203/main/mren203-ws/install/rplidar_ros' for CMake module files
[10.866s] Level 1:colcon.colcon_core.environment:checking '/home/dj/MREN203/main/mren203-ws/install/rplidar_ros' for CMake config files
[10.866s] Level 1:colcon.colcon_core.shell:create_environment_hook('rplidar_ros', 'cmake_prefix_path')
[10.880s] INFO:colcon.colcon_core.shell:Creating environment hook '/home/dj/MREN203/main/mren203-ws/install/rplidar_ros/share/rplidar_ros/hook/cmake_prefix_path.ps1'
[10.881s] INFO:colcon.colcon_core.shell:Creating environment descriptor '/home/dj/MREN203/main/mren203-ws/install/rplidar_ros/share/rplidar_ros/hook/cmake_prefix_path.dsv'
[10.881s] INFO:colcon.colcon_core.shell:Creating environment hook '/home/dj/MREN203/main/mren203-ws/install/rplidar_ros/share/rplidar_ros/hook/cmake_prefix_path.sh'
[10.882s] Level 1:colcon.colcon_core.environment:checking '/home/dj/MREN203/main/mren203-ws/install/rplidar_ros/lib'
[10.882s] Level 1:colcon.colcon_core.shell:create_environment_hook('rplidar_ros', 'ld_library_path_lib')
[10.896s] INFO:colcon.colcon_core.shell:Creating environment hook '/home/dj/MREN203/main/mren203-ws/install/rplidar_ros/share/rplidar_ros/hook/ld_library_path_lib.ps1'
[10.897s] INFO:colcon.colcon_core.shell:Creating environment descriptor '/home/dj/MREN203/main/mren203-ws/install/rplidar_ros/share/rplidar_ros/hook/ld_library_path_lib.dsv'
[10.897s] INFO:colcon.colcon_core.shell:Creating environment hook '/home/dj/MREN203/main/mren203-ws/install/rplidar_ros/share/rplidar_ros/hook/ld_library_path_lib.sh'
[10.897s] Level 1:colcon.colcon_core.environment:checking '/home/dj/MREN203/main/mren203-ws/install/rplidar_ros/bin'
[10.897s] Level 1:colcon.colcon_core.environment:checking '/home/dj/MREN203/main/mren203-ws/install/rplidar_ros/lib/pkgconfig/rplidar_ros.pc'
[10.898s] Level 1:colcon.colcon_core.environment:checking '/home/dj/MREN203/main/mren203-ws/install/rplidar_ros/lib/python3.10/site-packages'
[10.898s] Level 1:colcon.colcon_core.environment:checking '/home/dj/MREN203/main/mren203-ws/install/rplidar_ros/bin'
[10.912s] INFO:colcon.colcon_core.shell:Creating package script '/home/dj/MREN203/main/mren203-ws/install/rplidar_ros/share/rplidar_ros/package.ps1'
[10.913s] INFO:colcon.colcon_core.shell:Creating package descriptor '/home/dj/MREN203/main/mren203-ws/install/rplidar_ros/share/rplidar_ros/package.dsv'
[10.913s] INFO:colcon.colcon_core.shell:Creating package script '/home/dj/MREN203/main/mren203-ws/install/rplidar_ros/share/rplidar_ros/package.sh'
[10.913s] INFO:colcon.colcon_core.shell:Creating package script '/home/dj/MREN203/main/mren203-ws/install/rplidar_ros/share/rplidar_ros/package.bash'
[10.914s] INFO:colcon.colcon_core.shell:Creating package script '/home/dj/MREN203/main/mren203-ws/install/rplidar_ros/share/rplidar_ros/package.zsh'
[10.914s] Level 1:colcon.colcon_core.environment:create_file_with_runtime_dependencies(/home/dj/MREN203/main/mren203-ws/install/rplidar_ros/share/colcon-core/packages/rplidar_ros)
[10.914s] DEBUG:colcon.colcon_parallel_executor.executor.parallel:closing loop
[10.915s] DEBUG:colcon.colcon_parallel_executor.executor.parallel:loop closed
[10.915s] DEBUG:colcon.colcon_parallel_executor.executor.parallel:run_until_complete finished with '0'
[10.915s] DEBUG:colcon.colcon_core.event_reactor:joining thread
[10.934s] INFO:colcon.colcon_core.plugin_system:Skipping extension 'colcon_notification.desktop_notification.terminal_notifier': Not used on non-Darwin systems
[10.934s] INFO:colcon.colcon_core.plugin_system:Skipping extension 'colcon_notification.desktop_notification.win32': Not used on non-Windows systems
[10.934s] INFO:colcon.colcon_notification.desktop_notification:Sending desktop notification using 'notify2'
[10.947s] DEBUG:colcon.colcon_core.event_reactor:joined thread
[10.962s] INFO:colcon.colcon_core.shell:Creating prefix script '/home/dj/MREN203/main/mren203-ws/install/local_setup.ps1'
[10.962s] INFO:colcon.colcon_core.shell:Creating prefix util module '/home/dj/MREN203/main/mren203-ws/install/_local_setup_util_ps1.py'
[10.963s] INFO:colcon.colcon_core.shell:Creating prefix chain script '/home/dj/MREN203/main/mren203-ws/install/setup.ps1'
[10.979s] INFO:colcon.colcon_core.shell:Creating prefix script '/home/dj/MREN203/main/mren203-ws/install/local_setup.sh'
[10.979s] INFO:colcon.colcon_core.shell:Creating prefix util module '/home/dj/MREN203/main/mren203-ws/install/_local_setup_util_sh.py'
[10.979s] INFO:colcon.colcon_core.shell:Creating prefix chain script '/home/dj/MREN203/main/mren203-ws/install/setup.sh'
[10.994s] INFO:colcon.colcon_core.shell:Creating prefix script '/home/dj/MREN203/main/mren203-ws/install/local_setup.bash'
[10.995s] INFO:colcon.colcon_core.shell:Creating prefix chain script '/home/dj/MREN203/main/mren203-ws/install/setup.bash'
[11.010s] INFO:colcon.colcon_core.shell:Creating prefix script '/home/dj/MREN203/main/mren203-ws/install/local_setup.zsh'
[11.011s] INFO:colcon.colcon_core.shell:Creating prefix chain script '/home/dj/MREN203/main/mren203-ws/install/setup.zsh'
