[1.191s] Invoking command in '/home/dj/MREN203/main/mren203-ws/build/joystick_ros2': PYTHONPATH=/home/dj/MREN203/main/mren203-ws/build/joystick_ros2/prefix_override:/home/dj/MREN203/main/mren203-ws/install/joystick_ros2/lib/python3.10/site-packages:${PYTHONPATH} /usr/bin/python3 setup.py develop --editable --build-directory /home/dj/MREN203/main/mren203-ws/build/joystick_ros2/build --no-deps install_data
[1.463s] running develop
[1.464s] /home/dj/.local/lib/python3.10/site-packages/setuptools/command/develop.py:40: EasyInstallDeprecationWarning: easy_install command is deprecated.
[1.464s] !!
[1.464s] 
[1.464s]         ********************************************************************************
[1.464s]         Please avoid running ``setup.py`` and ``easy_install``.
[1.464s]         Instead, use pypa/build, pypa/installer or other
[1.465s]         standards-based tools.
[1.465s] 
[1.465s]         See https://github.com/pypa/setuptools/issues/917 for details.
[1.465s]         ********************************************************************************
[1.465s] 
[1.465s] !!
[1.466s]   easy_install.initialize_options(self)
[1.491s] /home/dj/.local/lib/python3.10/site-packages/setuptools/_distutils/cmd.py:66: SetuptoolsDeprecationWarning: setup.py install is deprecated.
[1.492s] !!
[1.492s] 
[1.492s]         ********************************************************************************
[1.492s]         Please avoid running ``setup.py`` directly.
[1.492s]         Instead, use pypa/build, pypa/installer or other
[1.493s]         standards-based tools.
[1.493s] 
[1.493s]         See https://blog.ganssle.io/articles/2021/10/setup-py-deprecated.html for details.
[1.493s]         ********************************************************************************
[1.493s] 
[1.493s] !!
[1.494s]   self.initialize_options()
[1.666s] running egg_info
[1.679s] writing joystick_ros2.egg-info/PKG-INFO
[1.680s] writing dependency_links to joystick_ros2.egg-info/dependency_links.txt
[1.680s] writing entry points to joystick_ros2.egg-info/entry_points.txt
[1.680s] writing requirements to joystick_ros2.egg-info/requires.txt
[1.681s] writing top-level names to joystick_ros2.egg-info/top_level.txt
[1.709s] reading manifest file 'joystick_ros2.egg-info/SOURCES.txt'
[1.710s] writing manifest file 'joystick_ros2.egg-info/SOURCES.txt'
[1.759s] running build_ext
[1.759s] Creating /home/dj/MREN203/main/mren203-ws/install/joystick_ros2/lib/python3.10/site-packages/joystick-ros2.egg-link (link to .)
[1.759s] Installing joystick_ros2 script to /home/dj/MREN203/main/mren203-ws/install/joystick_ros2/lib/joystick_ros2
[1.759s] 
[1.760s] Installed /home/dj/MREN203/main/mren203-ws/build/joystick_ros2
[1.760s] running install_data
[1.760s] copying resource/joystick_ros2 -> /home/dj/MREN203/main/mren203-ws/install/joystick_ros2/share/ament_index/resource_index/packages
[1.761s] copying package.xml -> /home/dj/MREN203/main/mren203-ws/install/joystick_ros2/shared/joystick_ros2
[2.014s] Invoked command in '/home/dj/MREN203/main/mren203-ws/build/joystick_ros2' returned '0': PYTHONPATH=/home/dj/MREN203/main/mren203-ws/build/joystick_ros2/prefix_override:/home/dj/MREN203/main/mren203-ws/install/joystick_ros2/lib/python3.10/site-packages:${PYTHONPATH} /usr/bin/python3 setup.py develop --editable --build-directory /home/dj/MREN203/main/mren203-ws/build/joystick_ros2/build --no-deps install_data
