[4.270s] DEBUG:colcon:Command line arguments: ['/usr/bin/colcon', 'build', '--symlink-install']
[4.270s] DEBUG:colcon:Parsed command line arguments: Namespace(log_base=None, log_level=None, verb_name='build', build_base='build', install_base='install', merge_install=False, symlink_install=True, test_result_base=None, continue_on_error=False, executor='parallel', parallel_workers=4, event_handlers=None, ignore_user_meta=False, metas=['./colcon.meta'], base_paths=['.'], packages_ignore=None, packages_ignore_regex=None, paths=None, packages_up_to=None, packages_up_to_regex=None, packages_above=None, packages_above_and_dependencies=None, packages_above_depth=None, packages_select_by_dep=None, packages_skip_by_dep=None, packages_skip_up_to=None, packages_select_build_failed=False, packages_skip_build_finished=False, packages_select_test_failures=False, packages_skip_test_passed=False, packages_select=None, packages_skip=None, packages_select_regex=None, packages_skip_regex=None, packages_start=None, packages_end=None, allow_overriding=[], cmake_args=None, cmake_target=None, cmake_target_skip_unavailable=False, cmake_clean_cache=False, cmake_clean_first=False, cmake_force_configure=False, ament_cmake_args=None, catkin_cmake_args=None, catkin_skip_building_tests=False, verb_parser=<colcon_defaults.argument_parser.defaults.DefaultArgumentsDecorator object at 0xffff7e1f5060>, verb_extension=<colcon_core.verb.build.BuildVerb object at 0xffff7e6a3e50>, main=<bound method BuildVerb.main of <colcon_core.verb.build.BuildVerb object at 0xffff7e6a3e50>>)
[4.470s] Level 1:colcon.colcon_core.package_discovery:discover_packages(colcon_meta) check parameters
[4.471s] Level 1:colcon.colcon_core.package_discovery:discover_packages(recursive) check parameters
[4.471s] Level 1:colcon.colcon_core.package_discovery:discover_packages(ignore) check parameters
[4.471s] Level 1:colcon.colcon_core.package_discovery:discover_packages(path) check parameters
[4.471s] Level 1:colcon.colcon_core.package_discovery:discover_packages(colcon_meta) discover
[4.472s] Level 1:colcon.colcon_core.package_discovery:discover_packages(recursive) discover
[4.472s] INFO:colcon.colcon_core.package_discovery:Crawling recursively for packages in '/home/steve/mren203-ws'
[4.472s] Level 1:colcon.colcon_core.package_identification:_identify(.) by extensions ['ignore', 'ignore_ament_install']
[4.473s] Level 1:colcon.colcon_core.package_identification:_identify(.) by extension 'ignore'
[4.473s] Level 1:colcon.colcon_core.package_identification:_identify(.) by extension 'ignore_ament_install'
[4.473s] Level 1:colcon.colcon_core.package_identification:_identify(.) by extensions ['colcon_pkg']
[4.473s] Level 1:colcon.colcon_core.package_identification:_identify(.) by extension 'colcon_pkg'
[4.473s] Level 1:colcon.colcon_core.package_identification:_identify(.) by extensions ['colcon_meta']
[4.473s] Level 1:colcon.colcon_core.package_identification:_identify(.) by extension 'colcon_meta'
[4.474s] Level 1:colcon.colcon_core.package_identification:_identify(.) by extensions ['ros']
[4.474s] Level 1:colcon.colcon_core.package_identification:_identify(.) by extension 'ros'
[4.517s] Level 1:colcon.colcon_core.package_identification:_identify(.) by extensions ['cmake', 'python']
[4.517s] Level 1:colcon.colcon_core.package_identification:_identify(.) by extension 'cmake'
[4.517s] Level 1:colcon.colcon_core.package_identification:_identify(.) by extension 'python'
[4.518s] Level 1:colcon.colcon_core.package_identification:_identify(.) by extensions ['python_setup_py']
[4.518s] Level 1:colcon.colcon_core.package_identification:_identify(.) by extension 'python_setup_py'
[4.518s] Level 1:colcon.colcon_core.package_identification:_identify(Arduino) by extensions ['ignore', 'ignore_ament_install']
[4.519s] Level 1:colcon.colcon_core.package_identification:_identify(Arduino) by extension 'ignore'
[4.519s] Level 1:colcon.colcon_core.package_identification:_identify(Arduino) ignored
[4.519s] Level 1:colcon.colcon_core.package_identification:_identify(Python) by extensions ['ignore', 'ignore_ament_install']
[4.520s] Level 1:colcon.colcon_core.package_identification:_identify(Python) by extension 'ignore'
[4.520s] Level 1:colcon.colcon_core.package_identification:_identify(Python) ignored
[4.520s] Level 1:colcon.colcon_core.package_identification:_identify(build) by extensions ['ignore', 'ignore_ament_install']
[4.521s] Level 1:colcon.colcon_core.package_identification:_identify(build) by extension 'ignore'
[4.521s] Level 1:colcon.colcon_core.package_identification:_identify(build) ignored
[4.521s] Level 1:colcon.colcon_core.package_identification:_identify(install) by extensions ['ignore', 'ignore_ament_install']
[4.522s] Level 1:colcon.colcon_core.package_identification:_identify(install) by extension 'ignore'
[4.522s] Level 1:colcon.colcon_core.package_identification:_identify(install) ignored
[4.523s] Level 1:colcon.colcon_core.package_identification:_identify(log) by extensions ['ignore', 'ignore_ament_install']
[4.523s] Level 1:colcon.colcon_core.package_identification:_identify(log) by extension 'ignore'
[4.523s] Level 1:colcon.colcon_core.package_identification:_identify(log) ignored
[4.524s] Level 1:colcon.colcon_core.package_identification:_identify(src) by extensions ['ignore', 'ignore_ament_install']
[4.524s] Level 1:colcon.colcon_core.package_identification:_identify(src) by extension 'ignore'
[4.524s] Level 1:colcon.colcon_core.package_identification:_identify(src) by extension 'ignore_ament_install'
[4.524s] Level 1:colcon.colcon_core.package_identification:_identify(src) by extensions ['colcon_pkg']
[4.524s] Level 1:colcon.colcon_core.package_identification:_identify(src) by extension 'colcon_pkg'
[4.525s] Level 1:colcon.colcon_core.package_identification:_identify(src) by extensions ['colcon_meta']
[4.525s] Level 1:colcon.colcon_core.package_identification:_identify(src) by extension 'colcon_meta'
[4.525s] Level 1:colcon.colcon_core.package_identification:_identify(src) by extensions ['ros']
[4.525s] Level 1:colcon.colcon_core.package_identification:_identify(src) by extension 'ros'
[4.525s] Level 1:colcon.colcon_core.package_identification:_identify(src) by extensions ['cmake', 'python']
[4.525s] Level 1:colcon.colcon_core.package_identification:_identify(src) by extension 'cmake'
[4.526s] Level 1:colcon.colcon_core.package_identification:_identify(src) by extension 'python'
[4.526s] Level 1:colcon.colcon_core.package_identification:_identify(src) by extensions ['python_setup_py']
[4.526s] Level 1:colcon.colcon_core.package_identification:_identify(src) by extension 'python_setup_py'
[4.526s] Level 1:colcon.colcon_core.package_identification:_identify(src/joystick_ros2) by extensions ['ignore', 'ignore_ament_install']
[4.527s] Level 1:colcon.colcon_core.package_identification:_identify(src/joystick_ros2) by extension 'ignore'
[4.527s] Level 1:colcon.colcon_core.package_identification:_identify(src/joystick_ros2) by extension 'ignore_ament_install'
[4.527s] Level 1:colcon.colcon_core.package_identification:_identify(src/joystick_ros2) by extensions ['colcon_pkg']
[4.527s] Level 1:colcon.colcon_core.package_identification:_identify(src/joystick_ros2) by extension 'colcon_pkg'
[4.527s] Level 1:colcon.colcon_core.package_identification:_identify(src/joystick_ros2) by extensions ['colcon_meta']
[4.528s] Level 1:colcon.colcon_core.package_identification:_identify(src/joystick_ros2) by extension 'colcon_meta'
[4.528s] Level 1:colcon.colcon_core.package_identification:_identify(src/joystick_ros2) by extensions ['ros']
[4.528s] Level 1:colcon.colcon_core.package_identification:_identify(src/joystick_ros2) by extension 'ros'
[4.540s] DEBUG:colcon.colcon_core.package_identification:Package 'src/joystick_ros2' with type 'ros.ament_python' and name 'joystick_ros2'
[4.540s] Level 1:colcon.colcon_core.package_identification:_identify(src/motor_control) by extensions ['ignore', 'ignore_ament_install']
[4.541s] Level 1:colcon.colcon_core.package_identification:_identify(src/motor_control) by extension 'ignore'
[4.541s] Level 1:colcon.colcon_core.package_identification:_identify(src/motor_control) by extension 'ignore_ament_install'
[4.541s] Level 1:colcon.colcon_core.package_identification:_identify(src/motor_control) by extensions ['colcon_pkg']
[4.541s] Level 1:colcon.colcon_core.package_identification:_identify(src/motor_control) by extension 'colcon_pkg'
[4.541s] Level 1:colcon.colcon_core.package_identification:_identify(src/motor_control) by extensions ['colcon_meta']
[4.541s] Level 1:colcon.colcon_core.package_identification:_identify(src/motor_control) by extension 'colcon_meta'
[4.542s] Level 1:colcon.colcon_core.package_identification:_identify(src/motor_control) by extensions ['ros']
[4.542s] Level 1:colcon.colcon_core.package_identification:_identify(src/motor_control) by extension 'ros'
[4.545s] DEBUG:colcon.colcon_core.package_identification:Package 'src/motor_control' with type 'ros.ament_python' and name 'motor_control'
[4.545s] Level 1:colcon.colcon_core.package_identification:_identify(src/my_bot) by extensions ['ignore', 'ignore_ament_install']
[4.546s] Level 1:colcon.colcon_core.package_identification:_identify(src/my_bot) by extension 'ignore'
[4.546s] Level 1:colcon.colcon_core.package_identification:_identify(src/my_bot) by extension 'ignore_ament_install'
[4.546s] Level 1:colcon.colcon_core.package_identification:_identify(src/my_bot) by extensions ['colcon_pkg']
[4.546s] Level 1:colcon.colcon_core.package_identification:_identify(src/my_bot) by extension 'colcon_pkg'
[4.546s] Level 1:colcon.colcon_core.package_identification:_identify(src/my_bot) by extensions ['colcon_meta']
[4.546s] Level 1:colcon.colcon_core.package_identification:_identify(src/my_bot) by extension 'colcon_meta'
[4.547s] Level 1:colcon.colcon_core.package_identification:_identify(src/my_bot) by extensions ['ros']
[4.547s] Level 1:colcon.colcon_core.package_identification:_identify(src/my_bot) by extension 'ros'
[4.548s] DEBUG:colcon.colcon_core.package_identification:Package 'src/my_bot' with type 'ros.ament_cmake' and name 'my_bot'
[4.549s] Level 1:colcon.colcon_core.package_identification:_identify(src/rplidar_ros2) by extensions ['ignore', 'ignore_ament_install']
[4.549s] Level 1:colcon.colcon_core.package_identification:_identify(src/rplidar_ros2) by extension 'ignore'
[4.550s] Level 1:colcon.colcon_core.package_identification:_identify(src/rplidar_ros2) by extension 'ignore_ament_install'
[4.550s] Level 1:colcon.colcon_core.package_identification:_identify(src/rplidar_ros2) by extensions ['colcon_pkg']
[4.550s] Level 1:colcon.colcon_core.package_identification:_identify(src/rplidar_ros2) by extension 'colcon_pkg'
[4.550s] Level 1:colcon.colcon_core.package_identification:_identify(src/rplidar_ros2) by extensions ['colcon_meta']
[4.550s] Level 1:colcon.colcon_core.package_identification:_identify(src/rplidar_ros2) by extension 'colcon_meta'
[4.550s] Level 1:colcon.colcon_core.package_identification:_identify(src/rplidar_ros2) by extensions ['ros']
[4.551s] Level 1:colcon.colcon_core.package_identification:_identify(src/rplidar_ros2) by extension 'ros'
[4.553s] DEBUG:colcon.colcon_core.package_identification:Package 'src/rplidar_ros2' with type 'ros.ament_cmake' and name 'rplidar_ros'
[4.553s] Level 1:colcon.colcon_core.package_identification:_identify(src/steve_launch) by extensions ['ignore', 'ignore_ament_install']
[4.554s] Level 1:colcon.colcon_core.package_identification:_identify(src/steve_launch) by extension 'ignore'
[4.554s] Level 1:colcon.colcon_core.package_identification:_identify(src/steve_launch) by extension 'ignore_ament_install'
[4.554s] Level 1:colcon.colcon_core.package_identification:_identify(src/steve_launch) by extensions ['colcon_pkg']
[4.554s] Level 1:colcon.colcon_core.package_identification:_identify(src/steve_launch) by extension 'colcon_pkg'
[4.554s] Level 1:colcon.colcon_core.package_identification:_identify(src/steve_launch) by extensions ['colcon_meta']
[4.554s] Level 1:colcon.colcon_core.package_identification:_identify(src/steve_launch) by extension 'colcon_meta'
[4.555s] Level 1:colcon.colcon_core.package_identification:_identify(src/steve_launch) by extensions ['ros']
[4.555s] Level 1:colcon.colcon_core.package_identification:_identify(src/steve_launch) by extension 'ros'
[4.556s] DEBUG:colcon.colcon_core.package_identification:Package 'src/steve_launch' with type 'ros.ament_cmake' and name 'steve_launch'
[4.557s] Level 1:colcon.colcon_core.package_identification:_identify(src/steve_msgs) by extensions ['ignore', 'ignore_ament_install']
[4.557s] Level 1:colcon.colcon_core.package_identification:_identify(src/steve_msgs) by extension 'ignore'
[4.558s] Level 1:colcon.colcon_core.package_identification:_identify(src/steve_msgs) by extension 'ignore_ament_install'
[4.558s] Level 1:colcon.colcon_core.package_identification:_identify(src/steve_msgs) by extensions ['colcon_pkg']
[4.558s] Level 1:colcon.colcon_core.package_identification:_identify(src/steve_msgs) by extension 'colcon_pkg'
[4.558s] Level 1:colcon.colcon_core.package_identification:_identify(src/steve_msgs) by extensions ['colcon_meta']
[4.558s] Level 1:colcon.colcon_core.package_identification:_identify(src/steve_msgs) by extension 'colcon_meta'
[4.558s] Level 1:colcon.colcon_core.package_identification:_identify(src/steve_msgs) by extensions ['ros']
[4.558s] Level 1:colcon.colcon_core.package_identification:_identify(src/steve_msgs) by extension 'ros'
[4.561s] DEBUG:colcon.colcon_core.package_identification:Package 'src/steve_msgs' with type 'ros.ament_cmake' and name 'steve_msgs'
[4.562s] Level 1:colcon.colcon_core.package_identification:_identify(src/steve_ui) by extensions ['ignore', 'ignore_ament_install']
[4.562s] Level 1:colcon.colcon_core.package_identification:_identify(src/steve_ui) by extension 'ignore'
[4.562s] Level 1:colcon.colcon_core.package_identification:_identify(src/steve_ui) by extension 'ignore_ament_install'
[4.562s] Level 1:colcon.colcon_core.package_identification:_identify(src/steve_ui) by extensions ['colcon_pkg']
[4.562s] Level 1:colcon.colcon_core.package_identification:_identify(src/steve_ui) by extension 'colcon_pkg'
[4.563s] Level 1:colcon.colcon_core.package_identification:_identify(src/steve_ui) by extensions ['colcon_meta']
[4.563s] Level 1:colcon.colcon_core.package_identification:_identify(src/steve_ui) by extension 'colcon_meta'
[4.563s] Level 1:colcon.colcon_core.package_identification:_identify(src/steve_ui) by extensions ['ros']
[4.563s] Level 1:colcon.colcon_core.package_identification:_identify(src/steve_ui) by extension 'ros'
[4.565s] DEBUG:colcon.colcon_core.package_identification:Package 'src/steve_ui' with type 'ros.ament_python' and name 'steve_ui'
[4.566s] Level 1:colcon.colcon_core.package_identification:_identify(src/testing) by extensions ['ignore', 'ignore_ament_install']
[4.566s] Level 1:colcon.colcon_core.package_identification:_identify(src/testing) by extension 'ignore'
[4.566s] Level 1:colcon.colcon_core.package_identification:_identify(src/testing) by extension 'ignore_ament_install'
[4.566s] Level 1:colcon.colcon_core.package_identification:_identify(src/testing) by extensions ['colcon_pkg']
[4.566s] Level 1:colcon.colcon_core.package_identification:_identify(src/testing) by extension 'colcon_pkg'
[4.567s] Level 1:colcon.colcon_core.package_identification:_identify(src/testing) by extensions ['colcon_meta']
[4.567s] Level 1:colcon.colcon_core.package_identification:_identify(src/testing) by extension 'colcon_meta'
[4.567s] Level 1:colcon.colcon_core.package_identification:_identify(src/testing) by extensions ['ros']
[4.567s] Level 1:colcon.colcon_core.package_identification:_identify(src/testing) by extension 'ros'
[4.569s] DEBUG:colcon.colcon_core.package_identification:Package 'src/testing' with type 'ros.ament_python' and name 'testing'
[4.570s] Level 1:colcon.colcon_core.package_discovery:discover_packages(recursive) using defaults
[4.570s] Level 1:colcon.colcon_core.package_discovery:discover_packages(ignore) discover
[4.570s] Level 1:colcon.colcon_core.package_discovery:discover_packages(ignore) using defaults
[4.570s] Level 1:colcon.colcon_core.package_discovery:discover_packages(path) discover
[4.570s] Level 1:colcon.colcon_core.package_discovery:discover_packages(path) using defaults
[4.949s] Level 1:colcon.colcon_core.package_discovery:discover_packages(prefix_path) check parameters
[4.949s] Level 1:colcon.colcon_core.package_discovery:discover_packages(prefix_path) discover
[5.078s] DEBUG:colcon.colcon_installed_package_information.package_discovery:Found 8 installed packages in /home/steve/mren203-ws/install
[5.147s] DEBUG:colcon.colcon_installed_package_information.package_discovery:Found 290 installed packages in /opt/ros/humble
[5.153s] Level 1:colcon.colcon_core.package_discovery:discover_packages(prefix_path) using defaults
[5.555s] Level 5:colcon.colcon_core.verb:set package 'joystick_ros2' build argument 'cmake_args' from command line to 'None'
[5.555s] Level 5:colcon.colcon_core.verb:set package 'joystick_ros2' build argument 'cmake_target' from command line to 'None'
[5.556s] Level 5:colcon.colcon_core.verb:set package 'joystick_ros2' build argument 'cmake_target_skip_unavailable' from command line to 'False'
[5.556s] Level 5:colcon.colcon_core.verb:set package 'joystick_ros2' build argument 'cmake_clean_cache' from command line to 'False'
[5.556s] Level 5:colcon.colcon_core.verb:set package 'joystick_ros2' build argument 'cmake_clean_first' from command line to 'False'
[5.556s] Level 5:colcon.colcon_core.verb:set package 'joystick_ros2' build argument 'cmake_force_configure' from command line to 'False'
[5.556s] Level 5:colcon.colcon_core.verb:set package 'joystick_ros2' build argument 'ament_cmake_args' from command line to 'None'
[5.556s] Level 5:colcon.colcon_core.verb:set package 'joystick_ros2' build argument 'catkin_cmake_args' from command line to 'None'
[5.556s] Level 5:colcon.colcon_core.verb:set package 'joystick_ros2' build argument 'catkin_skip_building_tests' from command line to 'False'
[5.556s] DEBUG:colcon.colcon_core.verb:Building package 'joystick_ros2' with the following arguments: {'ament_cmake_args': None, 'build_base': '/home/steve/mren203-ws/build/joystick_ros2', 'catkin_cmake_args': None, 'catkin_skip_building_tests': False, 'cmake_args': None, 'cmake_clean_cache': False, 'cmake_clean_first': False, 'cmake_force_configure': False, 'cmake_target': None, 'cmake_target_skip_unavailable': False, 'install_base': '/home/steve/mren203-ws/install/joystick_ros2', 'merge_install': False, 'path': '/home/steve/mren203-ws/src/joystick_ros2', 'symlink_install': True, 'test_result_base': None}
[5.617s] Level 5:colcon.colcon_core.verb:set package 'my_bot' build argument 'cmake_args' from command line to 'None'
[5.617s] Level 5:colcon.colcon_core.verb:set package 'my_bot' build argument 'cmake_target' from command line to 'None'
[5.617s] Level 5:colcon.colcon_core.verb:set package 'my_bot' build argument 'cmake_target_skip_unavailable' from command line to 'False'
[5.617s] Level 5:colcon.colcon_core.verb:set package 'my_bot' build argument 'cmake_clean_cache' from command line to 'False'
[5.617s] Level 5:colcon.colcon_core.verb:set package 'my_bot' build argument 'cmake_clean_first' from command line to 'False'
[5.617s] Level 5:colcon.colcon_core.verb:set package 'my_bot' build argument 'cmake_force_configure' from command line to 'False'
[5.617s] Level 5:colcon.colcon_core.verb:set package 'my_bot' build argument 'ament_cmake_args' from command line to 'None'
[5.618s] Level 5:colcon.colcon_core.verb:set package 'my_bot' build argument 'catkin_cmake_args' from command line to 'None'
[5.618s] Level 5:colcon.colcon_core.verb:set package 'my_bot' build argument 'catkin_skip_building_tests' from command line to 'False'
[5.618s] DEBUG:colcon.colcon_core.verb:Building package 'my_bot' with the following arguments: {'ament_cmake_args': None, 'build_base': '/home/steve/mren203-ws/build/my_bot', 'catkin_cmake_args': None, 'catkin_skip_building_tests': False, 'cmake_args': None, 'cmake_clean_cache': False, 'cmake_clean_first': False, 'cmake_force_configure': False, 'cmake_target': None, 'cmake_target_skip_unavailable': False, 'install_base': '/home/steve/mren203-ws/install/my_bot', 'merge_install': False, 'path': '/home/steve/mren203-ws/src/my_bot', 'symlink_install': True, 'test_result_base': None}
[5.678s] Level 5:colcon.colcon_core.verb:set package 'rplidar_ros' build argument 'cmake_args' from command line to 'None'
[5.679s] Level 5:colcon.colcon_core.verb:set package 'rplidar_ros' build argument 'cmake_target' from command line to 'None'
[5.679s] Level 5:colcon.colcon_core.verb:set package 'rplidar_ros' build argument 'cmake_target_skip_unavailable' from command line to 'False'
[5.679s] Level 5:colcon.colcon_core.verb:set package 'rplidar_ros' build argument 'cmake_clean_cache' from command line to 'False'
[5.679s] Level 5:colcon.colcon_core.verb:set package 'rplidar_ros' build argument 'cmake_clean_first' from command line to 'False'
[5.679s] Level 5:colcon.colcon_core.verb:set package 'rplidar_ros' build argument 'cmake_force_configure' from command line to 'False'
[5.679s] Level 5:colcon.colcon_core.verb:set package 'rplidar_ros' build argument 'ament_cmake_args' from command line to 'None'
[5.679s] Level 5:colcon.colcon_core.verb:set package 'rplidar_ros' build argument 'catkin_cmake_args' from command line to 'None'
[5.679s] Level 5:colcon.colcon_core.verb:set package 'rplidar_ros' build argument 'catkin_skip_building_tests' from command line to 'False'
[5.680s] DEBUG:colcon.colcon_core.verb:Building package 'rplidar_ros' with the following arguments: {'ament_cmake_args': None, 'build_base': '/home/steve/mren203-ws/build/rplidar_ros', 'catkin_cmake_args': None, 'catkin_skip_building_tests': False, 'cmake_args': None, 'cmake_clean_cache': False, 'cmake_clean_first': False, 'cmake_force_configure': False, 'cmake_target': None, 'cmake_target_skip_unavailable': False, 'install_base': '/home/steve/mren203-ws/install/rplidar_ros', 'merge_install': False, 'path': '/home/steve/mren203-ws/src/rplidar_ros2', 'symlink_install': True, 'test_result_base': None}
[5.740s] Level 5:colcon.colcon_core.verb:set package 'steve_launch' build argument 'cmake_args' from command line to 'None'
[5.740s] Level 5:colcon.colcon_core.verb:set package 'steve_launch' build argument 'cmake_target' from command line to 'None'
[5.740s] Level 5:colcon.colcon_core.verb:set package 'steve_launch' build argument 'cmake_target_skip_unavailable' from command line to 'False'
[5.740s] Level 5:colcon.colcon_core.verb:set package 'steve_launch' build argument 'cmake_clean_cache' from command line to 'False'
[5.741s] Level 5:colcon.colcon_core.verb:set package 'steve_launch' build argument 'cmake_clean_first' from command line to 'False'
[5.741s] Level 5:colcon.colcon_core.verb:set package 'steve_launch' build argument 'cmake_force_configure' from command line to 'False'
[5.741s] Level 5:colcon.colcon_core.verb:set package 'steve_launch' build argument 'ament_cmake_args' from command line to 'None'
[5.741s] Level 5:colcon.colcon_core.verb:set package 'steve_launch' build argument 'catkin_cmake_args' from command line to 'None'
[5.741s] Level 5:colcon.colcon_core.verb:set package 'steve_launch' build argument 'catkin_skip_building_tests' from command line to 'False'
[5.741s] DEBUG:colcon.colcon_core.verb:Building package 'steve_launch' with the following arguments: {'ament_cmake_args': None, 'build_base': '/home/steve/mren203-ws/build/steve_launch', 'catkin_cmake_args': None, 'catkin_skip_building_tests': False, 'cmake_args': None, 'cmake_clean_cache': False, 'cmake_clean_first': False, 'cmake_force_configure': False, 'cmake_target': None, 'cmake_target_skip_unavailable': False, 'install_base': '/home/steve/mren203-ws/install/steve_launch', 'merge_install': False, 'path': '/home/steve/mren203-ws/src/steve_launch', 'symlink_install': True, 'test_result_base': None}
[5.801s] Level 5:colcon.colcon_core.verb:set package 'steve_msgs' build argument 'cmake_args' from command line to 'None'
[5.802s] Level 5:colcon.colcon_core.verb:set package 'steve_msgs' build argument 'cmake_target' from command line to 'None'
[5.802s] Level 5:colcon.colcon_core.verb:set package 'steve_msgs' build argument 'cmake_target_skip_unavailable' from command line to 'False'
[5.802s] Level 5:colcon.colcon_core.verb:set package 'steve_msgs' build argument 'cmake_clean_cache' from command line to 'False'
[5.802s] Level 5:colcon.colcon_core.verb:set package 'steve_msgs' build argument 'cmake_clean_first' from command line to 'False'
[5.802s] Level 5:colcon.colcon_core.verb:set package 'steve_msgs' build argument 'cmake_force_configure' from command line to 'False'
[5.802s] Level 5:colcon.colcon_core.verb:set package 'steve_msgs' build argument 'ament_cmake_args' from command line to 'None'
[5.802s] Level 5:colcon.colcon_core.verb:set package 'steve_msgs' build argument 'catkin_cmake_args' from command line to 'None'
[5.802s] Level 5:colcon.colcon_core.verb:set package 'steve_msgs' build argument 'catkin_skip_building_tests' from command line to 'False'
[5.802s] DEBUG:colcon.colcon_core.verb:Building package 'steve_msgs' with the following arguments: {'ament_cmake_args': None, 'build_base': '/home/steve/mren203-ws/build/steve_msgs', 'catkin_cmake_args': None, 'catkin_skip_building_tests': False, 'cmake_args': None, 'cmake_clean_cache': False, 'cmake_clean_first': False, 'cmake_force_configure': False, 'cmake_target': None, 'cmake_target_skip_unavailable': False, 'install_base': '/home/steve/mren203-ws/install/steve_msgs', 'merge_install': False, 'path': '/home/steve/mren203-ws/src/steve_msgs', 'symlink_install': True, 'test_result_base': None}
[5.862s] Level 5:colcon.colcon_core.verb:set package 'testing' build argument 'cmake_args' from command line to 'None'
[5.863s] Level 5:colcon.colcon_core.verb:set package 'testing' build argument 'cmake_target' from command line to 'None'
[5.863s] Level 5:colcon.colcon_core.verb:set package 'testing' build argument 'cmake_target_skip_unavailable' from command line to 'False'
[5.863s] Level 5:colcon.colcon_core.verb:set package 'testing' build argument 'cmake_clean_cache' from command line to 'False'
[5.863s] Level 5:colcon.colcon_core.verb:set package 'testing' build argument 'cmake_clean_first' from command line to 'False'
[5.863s] Level 5:colcon.colcon_core.verb:set package 'testing' build argument 'cmake_force_configure' from command line to 'False'
[5.863s] Level 5:colcon.colcon_core.verb:set package 'testing' build argument 'ament_cmake_args' from command line to 'None'
[5.863s] Level 5:colcon.colcon_core.verb:set package 'testing' build argument 'catkin_cmake_args' from command line to 'None'
[5.863s] Level 5:colcon.colcon_core.verb:set package 'testing' build argument 'catkin_skip_building_tests' from command line to 'False'
[5.864s] DEBUG:colcon.colcon_core.verb:Building package 'testing' with the following arguments: {'ament_cmake_args': None, 'build_base': '/home/steve/mren203-ws/build/testing', 'catkin_cmake_args': None, 'catkin_skip_building_tests': False, 'cmake_args': None, 'cmake_clean_cache': False, 'cmake_clean_first': False, 'cmake_force_configure': False, 'cmake_target': None, 'cmake_target_skip_unavailable': False, 'install_base': '/home/steve/mren203-ws/install/testing', 'merge_install': False, 'path': '/home/steve/mren203-ws/src/testing', 'symlink_install': True, 'test_result_base': None}
[5.924s] Level 5:colcon.colcon_core.verb:set package 'motor_control' build argument 'cmake_args' from command line to 'None'
[5.924s] Level 5:colcon.colcon_core.verb:set package 'motor_control' build argument 'cmake_target' from command line to 'None'
[5.925s] Level 5:colcon.colcon_core.verb:set package 'motor_control' build argument 'cmake_target_skip_unavailable' from command line to 'False'
[5.925s] Level 5:colcon.colcon_core.verb:set package 'motor_control' build argument 'cmake_clean_cache' from command line to 'False'
[5.925s] Level 5:colcon.colcon_core.verb:set package 'motor_control' build argument 'cmake_clean_first' from command line to 'False'
[5.925s] Level 5:colcon.colcon_core.verb:set package 'motor_control' build argument 'cmake_force_configure' from command line to 'False'
[5.925s] Level 5:colcon.colcon_core.verb:set package 'motor_control' build argument 'ament_cmake_args' from command line to 'None'
[5.925s] Level 5:colcon.colcon_core.verb:set package 'motor_control' build argument 'catkin_cmake_args' from command line to 'None'
[5.925s] Level 5:colcon.colcon_core.verb:set package 'motor_control' build argument 'catkin_skip_building_tests' from command line to 'False'
[5.925s] DEBUG:colcon.colcon_core.verb:Building package 'motor_control' with the following arguments: {'ament_cmake_args': None, 'build_base': '/home/steve/mren203-ws/build/motor_control', 'catkin_cmake_args': None, 'catkin_skip_building_tests': False, 'cmake_args': None, 'cmake_clean_cache': False, 'cmake_clean_first': False, 'cmake_force_configure': False, 'cmake_target': None, 'cmake_target_skip_unavailable': False, 'install_base': '/home/steve/mren203-ws/install/motor_control', 'merge_install': False, 'path': '/home/steve/mren203-ws/src/motor_control', 'symlink_install': True, 'test_result_base': None}
[5.986s] Level 5:colcon.colcon_core.verb:set package 'steve_ui' build argument 'cmake_args' from command line to 'None'
[5.986s] Level 5:colcon.colcon_core.verb:set package 'steve_ui' build argument 'cmake_target' from command line to 'None'
[5.986s] Level 5:colcon.colcon_core.verb:set package 'steve_ui' build argument 'cmake_target_skip_unavailable' from command line to 'False'
[5.986s] Level 5:colcon.colcon_core.verb:set package 'steve_ui' build argument 'cmake_clean_cache' from command line to 'False'
[5.986s] Level 5:colcon.colcon_core.verb:set package 'steve_ui' build argument 'cmake_clean_first' from command line to 'False'
[5.986s] Level 5:colcon.colcon_core.verb:set package 'steve_ui' build argument 'cmake_force_configure' from command line to 'False'
[5.986s] Level 5:colcon.colcon_core.verb:set package 'steve_ui' build argument 'ament_cmake_args' from command line to 'None'
[5.986s] Level 5:colcon.colcon_core.verb:set package 'steve_ui' build argument 'catkin_cmake_args' from command line to 'None'
[5.987s] Level 5:colcon.colcon_core.verb:set package 'steve_ui' build argument 'catkin_skip_building_tests' from command line to 'False'
[5.987s] DEBUG:colcon.colcon_core.verb:Building package 'steve_ui' with the following arguments: {'ament_cmake_args': None, 'build_base': '/home/steve/mren203-ws/build/steve_ui', 'catkin_cmake_args': None, 'catkin_skip_building_tests': False, 'cmake_args': None, 'cmake_clean_cache': False, 'cmake_clean_first': False, 'cmake_force_configure': False, 'cmake_target': None, 'cmake_target_skip_unavailable': False, 'install_base': '/home/steve/mren203-ws/install/steve_ui', 'merge_install': False, 'path': '/home/steve/mren203-ws/src/steve_ui', 'symlink_install': True, 'test_result_base': None}
[6.046s] INFO:colcon.colcon_core.executor:Executing jobs using 'parallel' executor
[6.108s] DEBUG:colcon.colcon_parallel_executor.executor.parallel:run_until_complete
[6.109s] INFO:colcon.colcon_ros.task.ament_cmake.build:Building ROS package in '/home/steve/mren203-ws/src/steve_msgs' with build type 'ament_cmake'
[6.109s] INFO:colcon.colcon_cmake.task.cmake.build:Building CMake package in '/home/steve/mren203-ws/src/steve_msgs'
[6.180s] INFO:colcon.colcon_core.plugin_system:Skipping extension 'colcon_core.shell.bat': Not used on non-Windows systems
[6.181s] INFO:colcon.colcon_core.shell:Skip shell extension 'powershell' for command environment: Not usable outside of PowerShell
[6.181s] DEBUG:colcon.colcon_core.shell:Skip shell extension 'dsv' for command environment
[6.382s] INFO:colcon.colcon_ros.task.ament_python.build:Building ROS package in '/home/steve/mren203-ws/src/joystick_ros2' with build type 'ament_python'
[6.383s] Level 1:colcon.colcon_core.shell:create_environment_hook('joystick_ros2', 'ament_prefix_path')
[6.449s] INFO:colcon.colcon_core.shell:Creating environment hook '/home/steve/mren203-ws/install/joystick_ros2/share/joystick_ros2/hook/ament_prefix_path.ps1'
[6.451s] INFO:colcon.colcon_core.shell:Creating environment descriptor '/home/steve/mren203-ws/install/joystick_ros2/share/joystick_ros2/hook/ament_prefix_path.dsv'
[6.453s] INFO:colcon.colcon_core.shell:Creating environment hook '/home/steve/mren203-ws/install/joystick_ros2/share/joystick_ros2/hook/ament_prefix_path.sh'
[6.517s] INFO:colcon.colcon_core.shell:Skip shell extension 'powershell' for command environment: Not usable outside of PowerShell
[6.517s] DEBUG:colcon.colcon_core.shell:Skip shell extension 'dsv' for command environment
[6.717s] INFO:colcon.colcon_ros.task.ament_cmake.build:Building ROS package in '/home/steve/mren203-ws/src/my_bot' with build type 'ament_cmake'
[6.717s] INFO:colcon.colcon_cmake.task.cmake.build:Building CMake package in '/home/steve/mren203-ws/src/my_bot'
[6.782s] INFO:colcon.colcon_core.shell:Skip shell extension 'powershell' for command environment: Not usable outside of PowerShell
[6.782s] DEBUG:colcon.colcon_core.shell:Skip shell extension 'dsv' for command environment
[7.021s] INFO:colcon.colcon_ros.task.ament_cmake.build:Building ROS package in '/home/steve/mren203-ws/src/rplidar_ros2' with build type 'ament_cmake'
[7.022s] INFO:colcon.colcon_cmake.task.cmake.build:Building CMake package in '/home/steve/mren203-ws/src/rplidar_ros2'
[7.086s] INFO:colcon.colcon_core.shell:Skip shell extension 'powershell' for command environment: Not usable outside of PowerShell
[7.086s] DEBUG:colcon.colcon_core.shell:Skip shell extension 'dsv' for command environment
[7.303s] DEBUG:colcon.colcon_core.event_handler.log_command:Invoking command in '/home/steve/mren203-ws/build/steve_msgs': CMAKE_PREFIX_PATH=${CMAKE_PREFIX_PATH}:/home/steve/mren203-ws/install/testing:/home/steve/mren203-ws/install/steve_ui:/home/steve/mren203-ws/install/motor_control:/home/steve/mren203-ws/install/joystick_ros2:/opt/ros/humble /usr/bin/cmake --build /home/steve/mren203-ws/build/steve_msgs -- -j4 -l4
[8.488s] WARNING:colcon.colcon_ros.task.ament_python.build:Package 'joystick_ros2' doesn't explicitly install the 'package.xml' file (colcon-ros currently does it implicitly but that fallback will be removed in the future)
[8.489s] INFO:colcon.colcon_core.task.python.build:Building Python package in '/home/steve/mren203-ws/src/joystick_ros2'
[8.554s] INFO:colcon.colcon_core.shell:Skip shell extension 'powershell' for command environment: Not usable outside of PowerShell
[8.554s] DEBUG:colcon.colcon_core.shell:Skip shell extension 'dsv' for command environment
[8.775s] DEBUG:colcon.colcon_core.event_handler.log_command:Invoking command in '/home/steve/mren203-ws/build/my_bot': CMAKE_PREFIX_PATH=${CMAKE_PREFIX_PATH}:/home/steve/mren203-ws/install/testing:/home/steve/mren203-ws/install/steve_ui:/home/steve/mren203-ws/install/motor_control:/home/steve/mren203-ws/install/joystick_ros2:/opt/ros/humble /usr/bin/cmake --build /home/steve/mren203-ws/build/my_bot -- -j4 -l4
[8.796s] DEBUG:colcon.colcon_core.event_handler.log_command:Invoking command in '/home/steve/mren203-ws/build/rplidar_ros': CMAKE_PREFIX_PATH=${CMAKE_PREFIX_PATH}:/home/steve/mren203-ws/install/testing:/home/steve/mren203-ws/install/steve_ui:/home/steve/mren203-ws/install/motor_control:/home/steve/mren203-ws/install/joystick_ros2:/opt/ros/humble /usr/bin/cmake --build /home/steve/mren203-ws/build/rplidar_ros -- -j4 -l4
[8.800s] DEBUG:colcon.colcon_core.event_handler.log_command:Invoked command in '/home/steve/mren203-ws/build/steve_msgs' returned '2': CMAKE_PREFIX_PATH=${CMAKE_PREFIX_PATH}:/home/steve/mren203-ws/install/testing:/home/steve/mren203-ws/install/steve_ui:/home/steve/mren203-ws/install/motor_control:/home/steve/mren203-ws/install/joystick_ros2:/opt/ros/humble /usr/bin/cmake --build /home/steve/mren203-ws/build/steve_msgs -- -j4 -l4
[8.860s] DEBUG:colcon.colcon_core.event_handler.log_command:Invoked command in '/home/steve/mren203-ws/build/my_bot' returned '2': CMAKE_PREFIX_PATH=${CMAKE_PREFIX_PATH}:/home/steve/mren203-ws/install/testing:/home/steve/mren203-ws/install/steve_ui:/home/steve/mren203-ws/install/motor_control:/home/steve/mren203-ws/install/joystick_ros2:/opt/ros/humble /usr/bin/cmake --build /home/steve/mren203-ws/build/my_bot -- -j4 -l4
[8.898s] DEBUG:colcon.colcon_core.event_handler.log_command:Invoked command in '/home/steve/mren203-ws/build/rplidar_ros' returned '2': CMAKE_PREFIX_PATH=${CMAKE_PREFIX_PATH}:/home/steve/mren203-ws/install/testing:/home/steve/mren203-ws/install/steve_ui:/home/steve/mren203-ws/install/motor_control:/home/steve/mren203-ws/install/joystick_ros2:/opt/ros/humble /usr/bin/cmake --build /home/steve/mren203-ws/build/rplidar_ros -- -j4 -l4
[9.102s] Level 1:colcon.colcon_core.environment:create_environment_scripts_only(my_bot)
[9.223s] Level 1:colcon.colcon_core.environment:checking '/home/steve/mren203-ws/install/my_bot' for CMake module files
[9.226s] Level 1:colcon.colcon_core.environment:checking '/home/steve/mren203-ws/install/my_bot' for CMake config files
[9.229s] Level 1:colcon.colcon_core.shell:create_environment_hook('my_bot', 'cmake_prefix_path')
[9.327s] INFO:colcon.colcon_core.shell:Creating environment hook '/home/steve/mren203-ws/install/my_bot/share/my_bot/hook/cmake_prefix_path.ps1'
[9.329s] INFO:colcon.colcon_core.shell:Creating environment descriptor '/home/steve/mren203-ws/install/my_bot/share/my_bot/hook/cmake_prefix_path.dsv'
[9.331s] INFO:colcon.colcon_core.shell:Creating environment hook '/home/steve/mren203-ws/install/my_bot/share/my_bot/hook/cmake_prefix_path.sh'
[9.335s] Level 1:colcon.colcon_core.environment:checking '/home/steve/mren203-ws/install/my_bot/bin'
[9.336s] Level 1:colcon.colcon_core.environment:checking '/home/steve/mren203-ws/install/my_bot/lib/pkgconfig/my_bot.pc'
[9.337s] Level 1:colcon.colcon_core.environment:checking '/home/steve/mren203-ws/install/my_bot/lib/python3.10/site-packages'
[9.338s] Level 1:colcon.colcon_core.environment:checking '/home/steve/mren203-ws/install/my_bot/bin'
[9.426s] INFO:colcon.colcon_core.shell:Creating package script '/home/steve/mren203-ws/install/my_bot/share/my_bot/package.ps1'
[9.430s] INFO:colcon.colcon_core.shell:Creating package descriptor '/home/steve/mren203-ws/install/my_bot/share/my_bot/package.dsv'
[9.433s] INFO:colcon.colcon_core.shell:Creating package script '/home/steve/mren203-ws/install/my_bot/share/my_bot/package.sh'
[9.437s] INFO:colcon.colcon_core.shell:Creating package script '/home/steve/mren203-ws/install/my_bot/share/my_bot/package.bash'
[9.442s] INFO:colcon.colcon_core.shell:Creating package script '/home/steve/mren203-ws/install/my_bot/share/my_bot/package.zsh'
[9.446s] Level 1:colcon.colcon_core.environment:create_file_with_runtime_dependencies(/home/steve/mren203-ws/install/my_bot/share/colcon-core/packages/my_bot)
[10.568s] DEBUG:colcon.colcon_parallel_executor.executor.parallel:closing loop
[10.569s] DEBUG:colcon.colcon_parallel_executor.executor.parallel:loop closed
[10.569s] DEBUG:colcon.colcon_parallel_executor.executor.parallel:run_until_complete finished with '2'
[10.569s] DEBUG:colcon.colcon_core.event_reactor:joining thread
[10.654s] INFO:colcon.colcon_core.plugin_system:Skipping extension 'colcon_notification.desktop_notification.notify_send': Could not find 'notify-send'
[10.654s] INFO:colcon.colcon_core.plugin_system:Skipping extension 'colcon_notification.desktop_notification.terminal_notifier': Not used on non-Darwin systems
[10.655s] INFO:colcon.colcon_core.plugin_system:Skipping extension 'colcon_notification.desktop_notification.win32': Not used on non-Windows systems
[10.655s] INFO:colcon.colcon_notification.desktop_notification:Sending desktop notification using 'notify2'
[10.658s] DEBUG:colcon.colcon_notification.desktop_notification.notify2:Failed to initialize notify2: org.freedesktop.DBus.Error.ServiceUnknown: The name org.freedesktop.Notifications was not provided by any .service files
[10.658s] DEBUG:colcon.colcon_core.event_reactor:joined thread
[10.723s] INFO:colcon.colcon_core.shell:Creating prefix script '/home/steve/mren203-ws/install/local_setup.ps1'
[10.726s] INFO:colcon.colcon_core.shell:Creating prefix util module '/home/steve/mren203-ws/install/_local_setup_util_ps1.py'
[10.732s] INFO:colcon.colcon_core.shell:Creating prefix chain script '/home/steve/mren203-ws/install/setup.ps1'
[10.797s] INFO:colcon.colcon_core.shell:Creating prefix script '/home/steve/mren203-ws/install/local_setup.sh'
[10.800s] INFO:colcon.colcon_core.shell:Creating prefix util module '/home/steve/mren203-ws/install/_local_setup_util_sh.py'
[10.802s] INFO:colcon.colcon_core.shell:Creating prefix chain script '/home/steve/mren203-ws/install/setup.sh'
[10.868s] INFO:colcon.colcon_core.shell:Creating prefix script '/home/steve/mren203-ws/install/local_setup.bash'
[10.870s] INFO:colcon.colcon_core.shell:Creating prefix chain script '/home/steve/mren203-ws/install/setup.bash'
[10.935s] INFO:colcon.colcon_core.shell:Creating prefix script '/home/steve/mren203-ws/install/local_setup.zsh'
[10.938s] INFO:colcon.colcon_core.shell:Creating prefix chain script '/home/steve/mren203-ws/install/setup.zsh'
