[0.970s] Invoking command in '/home/dj/MREN203/joint_states/mren203-ws/build/motor_control': AMENT_PREFIX_PATH=/home/dj/MREN203/joint_states/mren203-ws/install/steve_msgs:${AMENT_PREFIX_PATH} CMAKE_PREFIX_PATH=/home/dj/MREN203/joint_states/mren203-ws/install/steve_msgs LD_LIBRARY_PATH=/home/dj/MREN203/joint_states/mren203-ws/install/steve_msgs/lib:${LD_LIBRARY_PATH} PYTHONPATH=/home/dj/MREN203/joint_states/mren203-ws/build/motor_control/prefix_override:/home/dj/MREN203/joint_states/mren203-ws/install/motor_control/lib/python3.10/site-packages:/home/dj/MREN203/joint_states/mren203-ws/install/steve_msgs/local/lib/python3.10/dist-packages:${PYTHONPATH} /usr/bin/python3 setup.py develop --editable --build-directory /home/dj/MREN203/joint_states/mren203-ws/build/motor_control/build --no-deps install_data
[1.223s] running develop
[1.224s] /home/dj/.local/lib/python3.10/site-packages/setuptools/command/develop.py:40: EasyInstallDeprecationWarning: easy_install command is deprecated.
[1.224s] !!
[1.224s] 
[1.224s]         ********************************************************************************
[1.224s]         Please avoid running ``setup.py`` and ``easy_install``.
[1.224s]         Instead, use pypa/build, pypa/installer or other
[1.224s]         standards-based tools.
[1.224s] 
[1.224s]         See https://github.com/pypa/setuptools/issues/917 for details.
[1.224s]         ********************************************************************************
[1.224s] 
[1.224s] !!
[1.224s]   easy_install.initialize_options(self)
[1.249s] /home/dj/.local/lib/python3.10/site-packages/setuptools/_distutils/cmd.py:66: SetuptoolsDeprecationWarning: setup.py install is deprecated.
[1.249s] !!
[1.249s] 
[1.249s]         ********************************************************************************
[1.249s]         Please avoid running ``setup.py`` directly.
[1.249s]         Instead, use pypa/build, pypa/installer or other
[1.249s]         standards-based tools.
[1.249s] 
[1.250s]         See https://blog.ganssle.io/articles/2021/10/setup-py-deprecated.html for details.
[1.250s]         ********************************************************************************
[1.250s] 
[1.250s] !!
[1.250s]   self.initialize_options()
[1.410s] running egg_info
[1.423s] writing motor_control.egg-info/PKG-INFO
[1.423s] writing dependency_links to motor_control.egg-info/dependency_links.txt
[1.423s] writing entry points to motor_control.egg-info/entry_points.txt
[1.423s] writing requirements to motor_control.egg-info/requires.txt
[1.423s] writing top-level names to motor_control.egg-info/top_level.txt
[1.450s] reading manifest file 'motor_control.egg-info/SOURCES.txt'
[1.450s] writing manifest file 'motor_control.egg-info/SOURCES.txt'
[1.494s] running build_ext
[1.494s] Creating /home/dj/MREN203/joint_states/mren203-ws/install/motor_control/lib/python3.10/site-packages/motor-control.egg-link (link to .)
[1.494s] Installing motor_driver script to /home/dj/MREN203/joint_states/mren203-ws/install/motor_control/lib/motor_control
[1.494s] 
[1.494s] Installed /home/dj/MREN203/joint_states/mren203-ws/build/motor_control
[1.495s] running install_data
[1.495s] copying resource/motor_control -> /home/dj/MREN203/joint_states/mren203-ws/install/motor_control/share/ament_index/resource_index/packages
[1.495s] copying package.xml -> /home/dj/MREN203/joint_states/mren203-ws/install/motor_control/share/motor_control
[1.519s] Invoked command in '/home/dj/MREN203/joint_states/mren203-ws/build/motor_control' returned '0': AMENT_PREFIX_PATH=/home/dj/MREN203/joint_states/mren203-ws/install/steve_msgs:${AMENT_PREFIX_PATH} CMAKE_PREFIX_PATH=/home/dj/MREN203/joint_states/mren203-ws/install/steve_msgs LD_LIBRARY_PATH=/home/dj/MREN203/joint_states/mren203-ws/install/steve_msgs/lib:${LD_LIBRARY_PATH} PYTHONPATH=/home/dj/MREN203/joint_states/mren203-ws/build/motor_control/prefix_override:/home/dj/MREN203/joint_states/mren203-ws/install/motor_control/lib/python3.10/site-packages:/home/dj/MREN203/joint_states/mren203-ws/install/steve_msgs/local/lib/python3.10/dist-packages:${PYTHONPATH} /usr/bin/python3 setup.py develop --editable --build-directory /home/dj/MREN203/joint_states/mren203-ws/build/motor_control/build --no-deps install_data
