[5.750s] Invoking command in '/home/steve/mren203-ws/build/joystick_ros2': PYTHONPATH=/home/steve/mren203-ws/build/joystick_ros2/prefix_override:/home/steve/mren203-ws/install/joystick_ros2/lib/python3.10/site-packages:${PYTHONPATH} /usr/bin/python3 setup.py develop --editable --build-directory /home/steve/mren203-ws/build/joystick_ros2/build --no-deps install_data
[7.035s] running develop
[7.036s] /usr/lib/python3/dist-packages/setuptools/command/easy_install.py:158: EasyInstallDeprecationWarning: easy_install command is deprecated. Use build and pip and other standards-based tools.
[7.037s]   warnings.warn(
[7.043s] /usr/lib/python3/dist-packages/setuptools/command/install.py:34: SetuptoolsDeprecationWarning: setup.py install is deprecated. Use build and pip and other standards-based tools.
[7.044s]   warnings.warn(
[7.906s] running egg_info
[7.908s] writing joystick_ros2.egg-info/PKG-INFO
[7.909s] writing dependency_links to joystick_ros2.egg-info/dependency_links.txt
[7.911s] writing entry points to joystick_ros2.egg-info/entry_points.txt
[7.912s] writing requirements to joystick_ros2.egg-info/requires.txt
[7.913s] writing top-level names to joystick_ros2.egg-info/top_level.txt
[7.917s] reading manifest file 'joystick_ros2.egg-info/SOURCES.txt'
[7.920s] writing manifest file 'joystick_ros2.egg-info/SOURCES.txt'
[7.928s] running build_ext
[7.928s] Creating /home/steve/mren203-ws/install/joystick_ros2/lib/python3.10/site-packages/joystick-ros2.egg-link (link to .)
[7.932s] Installing joystick_ros2 script to /home/steve/mren203-ws/install/joystick_ros2/lib/joystick_ros2
[7.934s] 
[7.934s] Installed /home/steve/mren203-ws/build/joystick_ros2
[7.940s] running install_data
[8.138s] Invoked command in '/home/steve/mren203-ws/build/joystick_ros2' returned '0': PYTHONPATH=/home/steve/mren203-ws/build/joystick_ros2/prefix_override:/home/steve/mren203-ws/install/joystick_ros2/lib/python3.10/site-packages:${PYTHONPATH} /usr/bin/python3 setup.py develop --editable --build-directory /home/steve/mren203-ws/build/joystick_ros2/build --no-deps install_data
