[3.047s] Invoking command in '/home/steve/mren203-ws/build/steve_launch': CMAKE_PREFIX_PATH=/home/steve/mren203-ws/install/motor_control:/home/steve/mren203-ws/install/joystick_ros2:/opt/ros/humble /usr/bin/cmake /home/steve/mren203-ws/src/steve_launch -DAMENT_CMAKE_SYMLINK_INSTALL=1 -DCMAKE_INSTALL_PREFIX=/home/steve/mren203-ws/install/steve_launch
[4.033s] -- The C compiler identification is GNU 11.4.0
[4.722s] -- The CXX compiler identification is GNU 11.4.0
[4.769s] -- Detecting C compiler ABI info
[5.241s] -- Detecting C compiler ABI info - done
[5.271s] -- Check for working C compiler: /usr/bin/cc - skipped
[5.272s] -- Detecting C compile features
[5.276s] -- Detecting C compile features - done
[5.293s] -- Detecting CXX compiler ABI info
[5.692s] -- Detecting CXX compiler ABI info - done
[5.719s] -- Check for working CXX compiler: /usr/bin/c++ - skipped
[5.720s] -- Detecting CXX compile features
[5.723s] -- Detecting CXX compile features - done
[5.763s] -- Found ament_cmake: 1.3.7 (/opt/ros/humble/share/ament_cmake/cmake)
[6.800s] -- Found Python3: /usr/bin/python3.10 (found version "3.10.12") found components: Interpreter 
[7.172s] -- Override CMake install command with custom implementation using symlinks instead of copying resources
[7.962s] -- Configuring done
[8.065s] -- Generating done
[8.076s] -- Build files have been written to: /home/steve/mren203-ws/build/steve_launch
[8.605s] Invoked command in '/home/steve/mren203-ws/build/steve_launch' returned '0': CMAKE_PREFIX_PATH=/home/steve/mren203-ws/install/motor_control:/home/steve/mren203-ws/install/joystick_ros2:/opt/ros/humble /usr/bin/cmake /home/steve/mren203-ws/src/steve_launch -DAMENT_CMAKE_SYMLINK_INSTALL=1 -DCMAKE_INSTALL_PREFIX=/home/steve/mren203-ws/install/steve_launch
[8.608s] Invoking command in '/home/steve/mren203-ws/build/steve_launch': CMAKE_PREFIX_PATH=/home/steve/mren203-ws/install/motor_control:/home/steve/mren203-ws/install/joystick_ros2:/opt/ros/humble /usr/bin/cmake --build /home/steve/mren203-ws/build/steve_launch -- -j4 -l4
[8.746s] Invoked command in '/home/steve/mren203-ws/build/steve_launch' returned '0': CMAKE_PREFIX_PATH=/home/steve/mren203-ws/install/motor_control:/home/steve/mren203-ws/install/joystick_ros2:/opt/ros/humble /usr/bin/cmake --build /home/steve/mren203-ws/build/steve_launch -- -j4 -l4
[8.898s] Invoking command in '/home/steve/mren203-ws/build/steve_launch': CMAKE_PREFIX_PATH=/home/steve/mren203-ws/install/motor_control:/home/steve/mren203-ws/install/joystick_ros2:/opt/ros/humble /usr/bin/cmake --install /home/steve/mren203-ws/build/steve_launch
[8.923s] -- Install configuration: ""
[8.924s] -- Execute custom install script
[8.926s] -- Symlinking: /home/steve/mren203-ws/install/steve_launch/share/steve_launch/launch/manual_control.launch
[8.957s] -- Symlinking: /home/steve/mren203-ws/install/steve_launch/share/ament_index/resource_index/package_run_dependencies/steve_launch
[8.991s] -- Symlinking: /home/steve/mren203-ws/install/steve_launch/share/ament_index/resource_index/parent_prefix_path/steve_launch
[9.022s] -- Symlinking: /home/steve/mren203-ws/install/steve_launch/share/steve_launch/environment/ament_prefix_path.sh
[9.054s] -- Symlinking: /home/steve/mren203-ws/install/steve_launch/share/steve_launch/environment/ament_prefix_path.dsv
[9.086s] -- Symlinking: /home/steve/mren203-ws/install/steve_launch/share/steve_launch/environment/path.sh
[9.119s] -- Symlinking: /home/steve/mren203-ws/install/steve_launch/share/steve_launch/environment/path.dsv
[9.150s] -- Symlinking: /home/steve/mren203-ws/install/steve_launch/share/steve_launch/local_setup.bash
[9.181s] -- Symlinking: /home/steve/mren203-ws/install/steve_launch/share/steve_launch/local_setup.sh
[9.214s] -- Symlinking: /home/steve/mren203-ws/install/steve_launch/share/steve_launch/local_setup.zsh
[9.247s] -- Symlinking: /home/steve/mren203-ws/install/steve_launch/share/steve_launch/local_setup.dsv
[9.278s] -- Symlinking: /home/steve/mren203-ws/install/steve_launch/share/steve_launch/package.dsv
[9.309s] -- Symlinking: /home/steve/mren203-ws/install/steve_launch/share/ament_index/resource_index/packages/steve_launch
[9.342s] -- Symlinking: /home/steve/mren203-ws/install/steve_launch/share/steve_launch/cmake/steve_launchConfig.cmake
[9.374s] -- Symlinking: /home/steve/mren203-ws/install/steve_launch/share/steve_launch/cmake/steve_launchConfig-version.cmake
[9.408s] -- Symlinking: /home/steve/mren203-ws/install/steve_launch/share/steve_launch/package.xml
[9.446s] Invoked command in '/home/steve/mren203-ws/build/steve_launch' returned '0': CMAKE_PREFIX_PATH=/home/steve/mren203-ws/install/motor_control:/home/steve/mren203-ws/install/joystick_ros2:/opt/ros/humble /usr/bin/cmake --install /home/steve/mren203-ws/build/steve_launch
