[1.048s] Invoking command in '/home/dj/MREN203/mren203-ws/build/joystick_ros2': PYTHONPATH=/home/dj/MREN203/mren203-ws/build/joystick_ros2/prefix_override:/home/dj/MREN203/mren203-ws/install/joystick_ros2/lib/python3.10/site-packages:${PYTHONPATH} /usr/bin/python3 setup.py develop --editable --build-directory /home/dj/MREN203/mren203-ws/build/joystick_ros2/build --no-deps install_data
[1.353s] running develop
[1.353s] /home/dj/.local/lib/python3.10/site-packages/setuptools/command/develop.py:40: EasyInstallDeprecationWarning: easy_install command is deprecated.
[1.353s] !!
[1.353s] 
[1.353s]         ********************************************************************************
[1.353s]         Please avoid running ``setup.py`` and ``easy_install``.
[1.353s]         Instead, use pypa/build, pypa/installer or other
[1.354s]         standards-based tools.
[1.354s] 
[1.354s]         See https://github.com/pypa/setuptools/issues/917 for details.
[1.354s]         ********************************************************************************
[1.354s] 
[1.354s] !!
[1.354s]   easy_install.initialize_options(self)
[1.385s] /home/dj/.local/lib/python3.10/site-packages/setuptools/_distutils/cmd.py:66: SetuptoolsDeprecationWarning: setup.py install is deprecated.
[1.385s] !!
[1.385s] 
[1.385s]         ********************************************************************************
[1.385s]         Please avoid running ``setup.py`` directly.
[1.385s]         Instead, use pypa/build, pypa/installer or other
[1.386s]         standards-based tools.
[1.386s] 
[1.386s]         See https://blog.ganssle.io/articles/2021/10/setup-py-deprecated.html for details.
[1.386s]         ********************************************************************************
[1.386s] 
[1.386s] !!
[1.386s]   self.initialize_options()
[1.575s] running egg_info
[1.575s] creating joystick_ros2.egg-info
[1.590s] writing joystick_ros2.egg-info/PKG-INFO
[1.590s] writing dependency_links to joystick_ros2.egg-info/dependency_links.txt
[1.591s] writing entry points to joystick_ros2.egg-info/entry_points.txt
[1.591s] writing requirements to joystick_ros2.egg-info/requires.txt
[1.591s] writing top-level names to joystick_ros2.egg-info/top_level.txt
[1.591s] writing manifest file 'joystick_ros2.egg-info/SOURCES.txt'
[1.621s] reading manifest file 'joystick_ros2.egg-info/SOURCES.txt'
[1.622s] writing manifest file 'joystick_ros2.egg-info/SOURCES.txt'
[1.674s] running build_ext
[1.674s] Creating /home/dj/MREN203/mren203-ws/install/joystick_ros2/lib/python3.10/site-packages/joystick-ros2.egg-link (link to .)
[1.675s] Installing joystick_ros2 script to /home/dj/MREN203/mren203-ws/install/joystick_ros2/lib/joystick_ros2
[1.675s] 
[1.675s] Installed /home/dj/MREN203/mren203-ws/build/joystick_ros2
[1.675s] running install_data
[1.675s] creating /home/dj/MREN203/mren203-ws/install/joystick_ros2/share/ament_index
[1.675s] creating /home/dj/MREN203/mren203-ws/install/joystick_ros2/share/ament_index/resource_index
[1.676s] creating /home/dj/MREN203/mren203-ws/install/joystick_ros2/share/ament_index/resource_index/packages
[1.676s] copying resource/joystick_ros2 -> /home/dj/MREN203/mren203-ws/install/joystick_ros2/share/ament_index/resource_index/packages
[1.676s] creating /home/dj/MREN203/mren203-ws/install/joystick_ros2/shared
[1.676s] creating /home/dj/MREN203/mren203-ws/install/joystick_ros2/shared/joystick_ros2
[1.676s] copying package.xml -> /home/dj/MREN203/mren203-ws/install/joystick_ros2/shared/joystick_ros2
[1.705s] Invoked command in '/home/dj/MREN203/mren203-ws/build/joystick_ros2' returned '0': PYTHONPATH=/home/dj/MREN203/mren203-ws/build/joystick_ros2/prefix_override:/home/dj/MREN203/mren203-ws/install/joystick_ros2/lib/python3.10/site-packages:${PYTHONPATH} /usr/bin/python3 setup.py develop --editable --build-directory /home/dj/MREN203/mren203-ws/build/joystick_ros2/build --no-deps install_data
