[0.293s] Invoking command in '/home/dj/MREN203/main/mren203-ws/build/steve_msgs': CMAKE_PREFIX_PATH=/opt/ros/humble /usr/bin/cmake --build /home/dj/MREN203/main/mren203-ws/build/steve_msgs -- -j16 -l16
[0.505s] [35m[1mConsolidate compiler generated dependencies of target steve_msgs__rosidl_generator_c[0m
[0.505s] [  1%] Built target steve_msgs__cpp
[0.505s] [ 12%] Built target steve_msgs__rosidl_generator_c
[0.505s] [ 12%] Built target ament_cmake_python_symlink_steve_msgs
[0.505s] [35m[1mConsolidate compiler generated dependencies of target steve_msgs__rosidl_typesupport_cpp[0m
[0.505s] [35m[1mConsolidate compiler generated dependencies of target steve_msgs__rosidl_typesupport_introspection_cpp[0m
[0.505s] [35m[1mConsolidate compiler generated dependencies of target steve_msgs__rosidl_typesupport_fastrtps_cpp[0m
[0.506s] [35m[1mConsolidate compiler generated dependencies of target steve_msgs__rosidl_typesupport_introspection_c[0m
[0.506s] [35m[1mConsolidate compiler generated dependencies of target steve_msgs__rosidl_typesupport_fastrtps_c[0m
[0.506s] [35m[1mConsolidate compiler generated dependencies of target steve_msgs__rosidl_typesupport_c[0m
[0.507s] [ 38%] Built target steve_msgs__rosidl_typesupport_fastrtps_cpp
[0.507s] [ 38%] Built target steve_msgs__rosidl_typesupport_cpp
[0.507s] [ 45%] Built target steve_msgs__rosidl_typesupport_introspection_cpp
[0.507s] [ 56%] Built target steve_msgs__rosidl_typesupport_c
[0.507s] [ 67%] Built target steve_msgs__rosidl_typesupport_introspection_c
[0.507s] [ 78%] Built target steve_msgs__rosidl_typesupport_fastrtps_c
[0.507s] [ 78%] Built target steve_msgs
[0.508s] [ 80%] Built target steve_msgs__py
[0.508s] [35m[1mConsolidate compiler generated dependencies of target steve_msgs__rosidl_generator_py[0m
[0.508s] [ 89%] Built target steve_msgs__rosidl_generator_py
[0.508s] [35m[1mConsolidate compiler generated dependencies of target steve_msgs__rosidl_typesupport_fastrtps_c__pyext[0m
[0.508s] [35m[1mConsolidate compiler generated dependencies of target steve_msgs__rosidl_typesupport_c__pyext[0m
[0.508s] [35m[1mConsolidate compiler generated dependencies of target steve_msgs__rosidl_typesupport_introspection_c__pyext[0m
[0.508s] [100%] Built target steve_msgs__rosidl_typesupport_introspection_c__pyext
[0.508s] [100%] Built target steve_msgs__rosidl_typesupport_c__pyext
[0.508s] [100%] Built target steve_msgs__rosidl_typesupport_fastrtps_c__pyext
[0.508s] running egg_info
[0.519s] writing steve_msgs.egg-info/PKG-INFO
[0.519s] writing dependency_links to steve_msgs.egg-info/dependency_links.txt
[0.519s] writing top-level names to steve_msgs.egg-info/top_level.txt
[0.563s] reading manifest file 'steve_msgs.egg-info/SOURCES.txt'
[0.564s] writing manifest file 'steve_msgs.egg-info/SOURCES.txt'
[0.585s] [100%] Built target ament_cmake_python_build_steve_msgs_egg
[0.706s] Invoked command in '/home/dj/MREN203/main/mren203-ws/build/steve_msgs' returned '0': CMAKE_PREFIX_PATH=/opt/ros/humble /usr/bin/cmake --build /home/dj/MREN203/main/mren203-ws/build/steve_msgs -- -j16 -l16
[0.947s] Invoking command in '/home/dj/MREN203/main/mren203-ws/build/steve_msgs': CMAKE_PREFIX_PATH=/opt/ros/humble /usr/bin/cmake --install /home/dj/MREN203/main/mren203-ws/build/steve_msgs
[1.012s] -- Install configuration: ""
[1.012s] -- Execute custom install script
[1.012s] -- Up-to-date symlink: /home/dj/MREN203/main/mren203-ws/install/steve_msgs/share/ament_index/resource_index/rosidl_interfaces/steve_msgs
[1.012s] -- Up-to-date symlink: /home/dj/MREN203/main/mren203-ws/install/steve_msgs/include/steve_msgs/steve_msgs/msg/control_ui.h
[1.012s] -- Up-to-date symlink: /home/dj/MREN203/main/mren203-ws/install/steve_msgs/include/steve_msgs/steve_msgs/msg/detail/control_ui__functions.h
[1.012s] -- Up-to-date symlink: /home/dj/MREN203/main/mren203-ws/install/steve_msgs/include/steve_msgs/steve_msgs/msg/detail/control_ui__struct.h
[1.013s] -- Up-to-date symlink: /home/dj/MREN203/main/mren203-ws/install/steve_msgs/include/steve_msgs/steve_msgs/msg/detail/control_ui__type_support.h
[1.013s] -- Up-to-date symlink: /home/dj/MREN203/main/mren203-ws/install/steve_msgs/include/steve_msgs/steve_msgs/msg/detail/motor_data__functions.h
[1.013s] -- Up-to-date symlink: /home/dj/MREN203/main/mren203-ws/install/steve_msgs/include/steve_msgs/steve_msgs/msg/detail/motor_data__struct.h
[1.013s] -- Up-to-date symlink: /home/dj/MREN203/main/mren203-ws/install/steve_msgs/include/steve_msgs/steve_msgs/msg/detail/motor_data__type_support.h
[1.013s] -- Up-to-date symlink: /home/dj/MREN203/main/mren203-ws/install/steve_msgs/include/steve_msgs/steve_msgs/msg/detail/sensor_data__functions.h
[1.013s] -- Up-to-date symlink: /home/dj/MREN203/main/mren203-ws/install/steve_msgs/include/steve_msgs/steve_msgs/msg/detail/sensor_data__struct.h
[1.013s] -- Up-to-date symlink: /home/dj/MREN203/main/mren203-ws/install/steve_msgs/include/steve_msgs/steve_msgs/msg/detail/sensor_data__type_support.h
[1.013s] -- Up-to-date symlink: /home/dj/MREN203/main/mren203-ws/install/steve_msgs/include/steve_msgs/steve_msgs/msg/detail/set_points__functions.h
[1.013s] -- Up-to-date symlink: /home/dj/MREN203/main/mren203-ws/install/steve_msgs/include/steve_msgs/steve_msgs/msg/detail/set_points__struct.h
[1.014s] -- Up-to-date symlink: /home/dj/MREN203/main/mren203-ws/install/steve_msgs/include/steve_msgs/steve_msgs/msg/detail/set_points__type_support.h
[1.014s] -- Up-to-date symlink: /home/dj/MREN203/main/mren203-ws/install/steve_msgs/include/steve_msgs/steve_msgs/msg/motor_data.h
[1.014s] -- Up-to-date symlink: /home/dj/MREN203/main/mren203-ws/install/steve_msgs/include/steve_msgs/steve_msgs/msg/rosidl_generator_c__visibility_control.h
[1.014s] -- Up-to-date symlink: /home/dj/MREN203/main/mren203-ws/install/steve_msgs/include/steve_msgs/steve_msgs/msg/sensor_data.h
[1.014s] -- Up-to-date symlink: /home/dj/MREN203/main/mren203-ws/install/steve_msgs/include/steve_msgs/steve_msgs/msg/set_points.h
[1.014s] -- Up-to-date symlink: /home/dj/MREN203/main/mren203-ws/install/steve_msgs/share/steve_msgs/environment/library_path.sh
[1.014s] -- Up-to-date symlink: /home/dj/MREN203/main/mren203-ws/install/steve_msgs/share/steve_msgs/environment/library_path.dsv
[1.014s] -- Up-to-date symlink: /home/dj/MREN203/main/mren203-ws/install/steve_msgs/include/steve_msgs/steve_msgs/msg/detail/control_ui__rosidl_typesupport_fastrtps_c.h
[1.015s] -- Up-to-date symlink: /home/dj/MREN203/main/mren203-ws/install/steve_msgs/include/steve_msgs/steve_msgs/msg/detail/motor_data__rosidl_typesupport_fastrtps_c.h
[1.015s] -- Up-to-date symlink: /home/dj/MREN203/main/mren203-ws/install/steve_msgs/include/steve_msgs/steve_msgs/msg/detail/sensor_data__rosidl_typesupport_fastrtps_c.h
[1.015s] -- Up-to-date symlink: /home/dj/MREN203/main/mren203-ws/install/steve_msgs/include/steve_msgs/steve_msgs/msg/detail/set_points__rosidl_typesupport_fastrtps_c.h
[1.015s] -- Up-to-date symlink: /home/dj/MREN203/main/mren203-ws/install/steve_msgs/include/steve_msgs/steve_msgs/msg/rosidl_typesupport_fastrtps_c__visibility_control.h
[1.015s] -- Up-to-date symlink: /home/dj/MREN203/main/mren203-ws/install/steve_msgs/include/steve_msgs/steve_msgs/msg/detail/control_ui__rosidl_typesupport_introspection_c.h
[1.015s] -- Up-to-date symlink: /home/dj/MREN203/main/mren203-ws/install/steve_msgs/include/steve_msgs/steve_msgs/msg/detail/motor_data__rosidl_typesupport_introspection_c.h
[1.015s] -- Up-to-date symlink: /home/dj/MREN203/main/mren203-ws/install/steve_msgs/include/steve_msgs/steve_msgs/msg/detail/sensor_data__rosidl_typesupport_introspection_c.h
[1.015s] -- Up-to-date symlink: /home/dj/MREN203/main/mren203-ws/install/steve_msgs/include/steve_msgs/steve_msgs/msg/detail/set_points__rosidl_typesupport_introspection_c.h
[1.015s] -- Up-to-date symlink: /home/dj/MREN203/main/mren203-ws/install/steve_msgs/include/steve_msgs/steve_msgs/msg/rosidl_typesupport_introspection_c__visibility_control.h
[1.015s] -- Up-to-date symlink: /home/dj/MREN203/main/mren203-ws/install/steve_msgs/include/steve_msgs/steve_msgs/msg/control_ui.hpp
[1.016s] -- Up-to-date symlink: /home/dj/MREN203/main/mren203-ws/install/steve_msgs/include/steve_msgs/steve_msgs/msg/detail/control_ui__builder.hpp
[1.016s] -- Up-to-date symlink: /home/dj/MREN203/main/mren203-ws/install/steve_msgs/include/steve_msgs/steve_msgs/msg/detail/control_ui__struct.hpp
[1.016s] -- Up-to-date symlink: /home/dj/MREN203/main/mren203-ws/install/steve_msgs/include/steve_msgs/steve_msgs/msg/detail/control_ui__traits.hpp
[1.016s] -- Up-to-date symlink: /home/dj/MREN203/main/mren203-ws/install/steve_msgs/include/steve_msgs/steve_msgs/msg/detail/motor_data__builder.hpp
[1.016s] -- Up-to-date symlink: /home/dj/MREN203/main/mren203-ws/install/steve_msgs/include/steve_msgs/steve_msgs/msg/detail/motor_data__struct.hpp
[1.016s] -- Up-to-date symlink: /home/dj/MREN203/main/mren203-ws/install/steve_msgs/include/steve_msgs/steve_msgs/msg/detail/motor_data__traits.hpp
[1.016s] -- Up-to-date symlink: /home/dj/MREN203/main/mren203-ws/install/steve_msgs/include/steve_msgs/steve_msgs/msg/detail/sensor_data__builder.hpp
[1.016s] -- Up-to-date symlink: /home/dj/MREN203/main/mren203-ws/install/steve_msgs/include/steve_msgs/steve_msgs/msg/detail/sensor_data__struct.hpp
[1.017s] -- Up-to-date symlink: /home/dj/MREN203/main/mren203-ws/install/steve_msgs/include/steve_msgs/steve_msgs/msg/detail/sensor_data__traits.hpp
[1.017s] -- Up-to-date symlink: /home/dj/MREN203/main/mren203-ws/install/steve_msgs/include/steve_msgs/steve_msgs/msg/detail/set_points__builder.hpp
[1.017s] -- Up-to-date symlink: /home/dj/MREN203/main/mren203-ws/install/steve_msgs/include/steve_msgs/steve_msgs/msg/detail/set_points__struct.hpp
[1.017s] -- Up-to-date symlink: /home/dj/MREN203/main/mren203-ws/install/steve_msgs/include/steve_msgs/steve_msgs/msg/detail/set_points__traits.hpp
[1.017s] -- Up-to-date symlink: /home/dj/MREN203/main/mren203-ws/install/steve_msgs/include/steve_msgs/steve_msgs/msg/motor_data.hpp
[1.017s] -- Up-to-date symlink: /home/dj/MREN203/main/mren203-ws/install/steve_msgs/include/steve_msgs/steve_msgs/msg/sensor_data.hpp
[1.017s] -- Up-to-date symlink: /home/dj/MREN203/main/mren203-ws/install/steve_msgs/include/steve_msgs/steve_msgs/msg/set_points.hpp
[1.017s] -- Up-to-date symlink: /home/dj/MREN203/main/mren203-ws/install/steve_msgs/include/steve_msgs/steve_msgs/msg/detail/control_ui__rosidl_typesupport_fastrtps_cpp.hpp
[1.017s] -- Up-to-date symlink: /home/dj/MREN203/main/mren203-ws/install/steve_msgs/include/steve_msgs/steve_msgs/msg/detail/motor_data__rosidl_typesupport_fastrtps_cpp.hpp
[1.018s] -- Up-to-date symlink: /home/dj/MREN203/main/mren203-ws/install/steve_msgs/include/steve_msgs/steve_msgs/msg/detail/sensor_data__rosidl_typesupport_fastrtps_cpp.hpp
[1.018s] -- Up-to-date symlink: /home/dj/MREN203/main/mren203-ws/install/steve_msgs/include/steve_msgs/steve_msgs/msg/detail/set_points__rosidl_typesupport_fastrtps_cpp.hpp
[1.018s] -- Up-to-date symlink: /home/dj/MREN203/main/mren203-ws/install/steve_msgs/include/steve_msgs/steve_msgs/msg/rosidl_typesupport_fastrtps_cpp__visibility_control.h
[1.018s] -- Up-to-date symlink: /home/dj/MREN203/main/mren203-ws/install/steve_msgs/include/steve_msgs/steve_msgs/msg/detail/control_ui__rosidl_typesupport_introspection_cpp.hpp
[1.018s] -- Up-to-date symlink: /home/dj/MREN203/main/mren203-ws/install/steve_msgs/include/steve_msgs/steve_msgs/msg/detail/motor_data__rosidl_typesupport_introspection_cpp.hpp
[1.018s] -- Up-to-date symlink: /home/dj/MREN203/main/mren203-ws/install/steve_msgs/include/steve_msgs/steve_msgs/msg/detail/sensor_data__rosidl_typesupport_introspection_cpp.hpp
[1.018s] -- Up-to-date symlink: /home/dj/MREN203/main/mren203-ws/install/steve_msgs/include/steve_msgs/steve_msgs/msg/detail/set_points__rosidl_typesupport_introspection_cpp.hpp
[1.018s] -- Up-to-date symlink: /home/dj/MREN203/main/mren203-ws/install/steve_msgs/share/steve_msgs/environment/pythonpath.sh
[1.019s] -- Up-to-date symlink: /home/dj/MREN203/main/mren203-ws/install/steve_msgs/share/steve_msgs/environment/pythonpath.dsv
[1.019s] -- Up-to-date symlink: /home/dj/MREN203/main/mren203-ws/install/steve_msgs/local/lib/python3.10/dist-packages/steve_msgs-0.0.0-py3.10.egg-info/PKG-INFO
[1.019s] -- Up-to-date symlink: /home/dj/MREN203/main/mren203-ws/install/steve_msgs/local/lib/python3.10/dist-packages/steve_msgs-0.0.0-py3.10.egg-info/SOURCES.txt
[1.019s] -- Up-to-date symlink: /home/dj/MREN203/main/mren203-ws/install/steve_msgs/local/lib/python3.10/dist-packages/steve_msgs-0.0.0-py3.10.egg-info/dependency_links.txt
[1.019s] -- Up-to-date symlink: /home/dj/MREN203/main/mren203-ws/install/steve_msgs/local/lib/python3.10/dist-packages/steve_msgs-0.0.0-py3.10.egg-info/top_level.txt
[1.019s] -- Up-to-date symlink: /home/dj/MREN203/main/mren203-ws/install/steve_msgs/local/lib/python3.10/dist-packages/steve_msgs/__init__.py
[1.019s] -- Up-to-date symlink: /home/dj/MREN203/main/mren203-ws/install/steve_msgs/local/lib/python3.10/dist-packages/steve_msgs/_steve_msgs_s.ep.rosidl_typesupport_c.c
[1.019s] -- Up-to-date symlink: /home/dj/MREN203/main/mren203-ws/install/steve_msgs/local/lib/python3.10/dist-packages/steve_msgs/_steve_msgs_s.ep.rosidl_typesupport_fastrtps_c.c
[1.020s] -- Up-to-date symlink: /home/dj/MREN203/main/mren203-ws/install/steve_msgs/local/lib/python3.10/dist-packages/steve_msgs/_steve_msgs_s.ep.rosidl_typesupport_introspection_c.c
[1.020s] -- Up-to-date symlink: /home/dj/MREN203/main/mren203-ws/install/steve_msgs/local/lib/python3.10/dist-packages/steve_msgs/libsteve_msgs__rosidl_generator_py.so
[1.020s] -- Up-to-date symlink: /home/dj/MREN203/main/mren203-ws/install/steve_msgs/local/lib/python3.10/dist-packages/steve_msgs/msg/__init__.py
[1.020s] -- Up-to-date symlink: /home/dj/MREN203/main/mren203-ws/install/steve_msgs/local/lib/python3.10/dist-packages/steve_msgs/msg/_control_ui.py
[1.020s] -- Up-to-date symlink: /home/dj/MREN203/main/mren203-ws/install/steve_msgs/local/lib/python3.10/dist-packages/steve_msgs/msg/_control_ui_s.c
[1.020s] -- Up-to-date symlink: /home/dj/MREN203/main/mren203-ws/install/steve_msgs/local/lib/python3.10/dist-packages/steve_msgs/msg/_motor_data.py
[1.020s] -- Up-to-date symlink: /home/dj/MREN203/main/mren203-ws/install/steve_msgs/local/lib/python3.10/dist-packages/steve_msgs/msg/_motor_data_s.c
[1.021s] -- Up-to-date symlink: /home/dj/MREN203/main/mren203-ws/install/steve_msgs/local/lib/python3.10/dist-packages/steve_msgs/msg/_sensor_data.py
[1.021s] -- Up-to-date symlink: /home/dj/MREN203/main/mren203-ws/install/steve_msgs/local/lib/python3.10/dist-packages/steve_msgs/msg/_sensor_data_s.c
[1.021s] -- Up-to-date symlink: /home/dj/MREN203/main/mren203-ws/install/steve_msgs/local/lib/python3.10/dist-packages/steve_msgs/msg/_set_points.py
[1.021s] -- Up-to-date symlink: /home/dj/MREN203/main/mren203-ws/install/steve_msgs/local/lib/python3.10/dist-packages/steve_msgs/msg/_set_points_s.c
[1.021s] -- Up-to-date symlink: /home/dj/MREN203/main/mren203-ws/install/steve_msgs/local/lib/python3.10/dist-packages/steve_msgs/steve_msgs_s__rosidl_typesupport_c.cpython-310-x86_64-linux-gnu.so
[1.021s] -- Up-to-date symlink: /home/dj/MREN203/main/mren203-ws/install/steve_msgs/local/lib/python3.10/dist-packages/steve_msgs/steve_msgs_s__rosidl_typesupport_fastrtps_c.cpython-310-x86_64-linux-gnu.so
[1.021s] -- Up-to-date symlink: /home/dj/MREN203/main/mren203-ws/install/steve_msgs/local/lib/python3.10/dist-packages/steve_msgs/steve_msgs_s__rosidl_typesupport_introspection_c.cpython-310-x86_64-linux-gnu.so
[1.021s] -- Up-to-date symlink: /home/dj/MREN203/main/mren203-ws/install/steve_msgs/local/lib/python3.10/dist-packages/steve_msgs/steve_msgs_s__rosidl_typesupport_fastrtps_c.cpython-310-x86_64-linux-gnu.so
[1.022s] -- Up-to-date symlink: /home/dj/MREN203/main/mren203-ws/install/steve_msgs/local/lib/python3.10/dist-packages/steve_msgs/steve_msgs_s__rosidl_typesupport_introspection_c.cpython-310-x86_64-linux-gnu.so
[1.022s] -- Up-to-date symlink: /home/dj/MREN203/main/mren203-ws/install/steve_msgs/local/lib/python3.10/dist-packages/steve_msgs/steve_msgs_s__rosidl_typesupport_c.cpython-310-x86_64-linux-gnu.so
[1.022s] -- Up-to-date symlink: /home/dj/MREN203/main/mren203-ws/install/steve_msgs/share/steve_msgs/msg/ControlUI.idl
[1.022s] -- Up-to-date symlink: /home/dj/MREN203/main/mren203-ws/install/steve_msgs/share/steve_msgs/msg/SensorData.idl
[1.022s] -- Up-to-date symlink: /home/dj/MREN203/main/mren203-ws/install/steve_msgs/share/steve_msgs/msg/SetPoints.idl
[1.022s] -- Up-to-date symlink: /home/dj/MREN203/main/mren203-ws/install/steve_msgs/share/steve_msgs/msg/MotorData.idl
[1.022s] -- Up-to-date symlink: /home/dj/MREN203/main/mren203-ws/install/steve_msgs/share/steve_msgs/msg/ControlUI.msg
[1.022s] -- Up-to-date symlink: /home/dj/MREN203/main/mren203-ws/install/steve_msgs/share/steve_msgs/msg/SensorData.msg
[1.023s] -- Up-to-date symlink: /home/dj/MREN203/main/mren203-ws/install/steve_msgs/share/steve_msgs/msg/SetPoints.msg
[1.023s] -- Up-to-date symlink: /home/dj/MREN203/main/mren203-ws/install/steve_msgs/share/steve_msgs/msg/MotorData.msg
[1.023s] -- Up-to-date symlink: /home/dj/MREN203/main/mren203-ws/install/steve_msgs/share/ament_index/resource_index/package_run_dependencies/steve_msgs
[1.023s] -- Up-to-date symlink: /home/dj/MREN203/main/mren203-ws/install/steve_msgs/share/ament_index/resource_index/parent_prefix_path/steve_msgs
[1.023s] -- Up-to-date symlink: /home/dj/MREN203/main/mren203-ws/install/steve_msgs/share/steve_msgs/environment/ament_prefix_path.sh
[1.023s] -- Up-to-date symlink: /home/dj/MREN203/main/mren203-ws/install/steve_msgs/share/steve_msgs/environment/ament_prefix_path.dsv
[1.023s] -- Up-to-date symlink: /home/dj/MREN203/main/mren203-ws/install/steve_msgs/share/steve_msgs/environment/path.sh
[1.023s] -- Up-to-date symlink: /home/dj/MREN203/main/mren203-ws/install/steve_msgs/share/steve_msgs/environment/path.dsv
[1.024s] -- Up-to-date symlink: /home/dj/MREN203/main/mren203-ws/install/steve_msgs/share/steve_msgs/local_setup.bash
[1.024s] -- Up-to-date symlink: /home/dj/MREN203/main/mren203-ws/install/steve_msgs/share/steve_msgs/local_setup.sh
[1.024s] -- Up-to-date symlink: /home/dj/MREN203/main/mren203-ws/install/steve_msgs/share/steve_msgs/local_setup.zsh
[1.024s] -- Up-to-date symlink: /home/dj/MREN203/main/mren203-ws/install/steve_msgs/share/steve_msgs/local_setup.dsv
[1.024s] -- Symlinking: /home/dj/MREN203/main/mren203-ws/install/steve_msgs/share/steve_msgs/package.dsv
[1.024s] -- Up-to-date symlink: /home/dj/MREN203/main/mren203-ws/install/steve_msgs/share/ament_index/resource_index/packages/steve_msgs
[1.024s] -- Up-to-date symlink: /home/dj/MREN203/main/mren203-ws/install/steve_msgs/share/steve_msgs/cmake/rosidl_cmake-extras.cmake
[1.024s] -- Up-to-date symlink: /home/dj/MREN203/main/mren203-ws/install/steve_msgs/share/steve_msgs/cmake/ament_cmake_export_include_directories-extras.cmake
[1.024s] -- Up-to-date symlink: /home/dj/MREN203/main/mren203-ws/install/steve_msgs/share/steve_msgs/cmake/ament_cmake_export_libraries-extras.cmake
[1.025s] -- Up-to-date symlink: /home/dj/MREN203/main/mren203-ws/install/steve_msgs/share/steve_msgs/cmake/ament_cmake_export_targets-extras.cmake
[1.025s] -- Up-to-date symlink: /home/dj/MREN203/main/mren203-ws/install/steve_msgs/share/steve_msgs/cmake/rosidl_cmake_export_typesupport_targets-extras.cmake
[1.025s] -- Up-to-date symlink: /home/dj/MREN203/main/mren203-ws/install/steve_msgs/share/steve_msgs/cmake/ament_cmake_export_dependencies-extras.cmake
[1.025s] -- Up-to-date symlink: /home/dj/MREN203/main/mren203-ws/install/steve_msgs/share/steve_msgs/cmake/rosidl_cmake_export_typesupport_libraries-extras.cmake
[1.025s] -- Up-to-date symlink: /home/dj/MREN203/main/mren203-ws/install/steve_msgs/share/steve_msgs/cmake/steve_msgsConfig.cmake
[1.025s] -- Up-to-date symlink: /home/dj/MREN203/main/mren203-ws/install/steve_msgs/share/steve_msgs/cmake/steve_msgsConfig-version.cmake
[1.025s] -- Up-to-date symlink: /home/dj/MREN203/main/mren203-ws/install/steve_msgs/share/steve_msgs/package.xml
[1.026s] -- Up-to-date: /home/dj/MREN203/main/mren203-ws/install/steve_msgs/lib/libsteve_msgs__rosidl_generator_c.so
[1.026s] -- Up-to-date: /home/dj/MREN203/main/mren203-ws/install/steve_msgs/lib/libsteve_msgs__rosidl_typesupport_fastrtps_c.so
[1.026s] -- Up-to-date: /home/dj/MREN203/main/mren203-ws/install/steve_msgs/lib/libsteve_msgs__rosidl_typesupport_introspection_c.so
[1.026s] -- Up-to-date: /home/dj/MREN203/main/mren203-ws/install/steve_msgs/lib/libsteve_msgs__rosidl_typesupport_c.so
[1.026s] -- Up-to-date: /home/dj/MREN203/main/mren203-ws/install/steve_msgs/lib/libsteve_msgs__rosidl_typesupport_fastrtps_cpp.so
[1.026s] -- Up-to-date: /home/dj/MREN203/main/mren203-ws/install/steve_msgs/lib/libsteve_msgs__rosidl_typesupport_introspection_cpp.so
[1.026s] -- Up-to-date: /home/dj/MREN203/main/mren203-ws/install/steve_msgs/lib/libsteve_msgs__rosidl_typesupport_cpp.so
[1.027s] Listing '/home/dj/MREN203/main/mren203-ws/install/steve_msgs/local/lib/python3.10/dist-packages/steve_msgs'...
[1.027s] Listing '/home/dj/MREN203/main/mren203-ws/install/steve_msgs/local/lib/python3.10/dist-packages/steve_msgs/msg'...
[1.027s] -- Up-to-date: /home/dj/MREN203/main/mren203-ws/install/steve_msgs/lib/libsteve_msgs__rosidl_generator_py.so
[1.027s] -- Up-to-date: /home/dj/MREN203/main/mren203-ws/install/steve_msgs/share/steve_msgs/cmake/export_steve_msgs__rosidl_generator_cExport.cmake
[1.027s] -- Up-to-date: /home/dj/MREN203/main/mren203-ws/install/steve_msgs/share/steve_msgs/cmake/export_steve_msgs__rosidl_generator_cExport-noconfig.cmake
[1.027s] -- Up-to-date: /home/dj/MREN203/main/mren203-ws/install/steve_msgs/share/steve_msgs/cmake/export_steve_msgs__rosidl_typesupport_fastrtps_cExport.cmake
[1.027s] -- Up-to-date: /home/dj/MREN203/main/mren203-ws/install/steve_msgs/share/steve_msgs/cmake/export_steve_msgs__rosidl_typesupport_fastrtps_cExport-noconfig.cmake
[1.027s] -- Up-to-date: /home/dj/MREN203/main/mren203-ws/install/steve_msgs/share/steve_msgs/cmake/steve_msgs__rosidl_typesupport_introspection_cExport.cmake
[1.027s] -- Up-to-date: /home/dj/MREN203/main/mren203-ws/install/steve_msgs/share/steve_msgs/cmake/steve_msgs__rosidl_typesupport_introspection_cExport-noconfig.cmake
[1.028s] -- Up-to-date: /home/dj/MREN203/main/mren203-ws/install/steve_msgs/share/steve_msgs/cmake/steve_msgs__rosidl_typesupport_cExport.cmake
[1.028s] -- Up-to-date: /home/dj/MREN203/main/mren203-ws/install/steve_msgs/share/steve_msgs/cmake/steve_msgs__rosidl_typesupport_cExport-noconfig.cmake
[1.028s] -- Up-to-date: /home/dj/MREN203/main/mren203-ws/install/steve_msgs/share/steve_msgs/cmake/export_steve_msgs__rosidl_generator_cppExport.cmake
[1.028s] -- Up-to-date: /home/dj/MREN203/main/mren203-ws/install/steve_msgs/share/steve_msgs/cmake/export_steve_msgs__rosidl_typesupport_fastrtps_cppExport.cmake
[1.028s] -- Up-to-date: /home/dj/MREN203/main/mren203-ws/install/steve_msgs/share/steve_msgs/cmake/export_steve_msgs__rosidl_typesupport_fastrtps_cppExport-noconfig.cmake
[1.028s] -- Up-to-date: /home/dj/MREN203/main/mren203-ws/install/steve_msgs/share/steve_msgs/cmake/steve_msgs__rosidl_typesupport_introspection_cppExport.cmake
[1.028s] -- Up-to-date: /home/dj/MREN203/main/mren203-ws/install/steve_msgs/share/steve_msgs/cmake/steve_msgs__rosidl_typesupport_introspection_cppExport-noconfig.cmake
[1.029s] -- Up-to-date: /home/dj/MREN203/main/mren203-ws/install/steve_msgs/share/steve_msgs/cmake/steve_msgs__rosidl_typesupport_cppExport.cmake
[1.029s] -- Up-to-date: /home/dj/MREN203/main/mren203-ws/install/steve_msgs/share/steve_msgs/cmake/steve_msgs__rosidl_typesupport_cppExport-noconfig.cmake
[1.029s] -- Up-to-date: /home/dj/MREN203/main/mren203-ws/install/steve_msgs/share/steve_msgs/cmake/export_steve_msgs__rosidl_generator_pyExport.cmake
[1.029s] -- Up-to-date: /home/dj/MREN203/main/mren203-ws/install/steve_msgs/share/steve_msgs/cmake/export_steve_msgs__rosidl_generator_pyExport-noconfig.cmake
[1.165s] Invoked command in '/home/dj/MREN203/main/mren203-ws/build/steve_msgs' returned '0': CMAKE_PREFIX_PATH=/opt/ros/humble /usr/bin/cmake --install /home/dj/MREN203/main/mren203-ws/build/steve_msgs
