[6.471s] Invoking command in '/home/steve/mren203-ws/build/steve_ui': PYTHONPATH=/home/steve/mren203-ws/build/steve_ui/prefix_override:/home/steve/mren203-ws/install/steve_ui/lib/python3.10/site-packages:${PYTHONPATH} /usr/bin/python3 setup.py develop --editable --build-directory /home/steve/mren203-ws/build/steve_ui/build --no-deps install_data
[8.224s] running develop
[8.226s] /usr/lib/python3/dist-packages/setuptools/command/easy_install.py:158: EasyInstallDeprecationWarning: easy_install command is deprecated. Use build and pip and other standards-based tools.
[8.227s]   warnings.warn(
[8.233s] /usr/lib/python3/dist-packages/setuptools/command/install.py:34: SetuptoolsDeprecationWarning: setup.py install is deprecated. Use build and pip and other standards-based tools.
[8.234s]   warnings.warn(
[9.440s] running egg_info
[9.441s] creating steve_ui.egg-info
[9.442s] writing steve_ui.egg-info/PKG-INFO
[9.443s] writing dependency_links to steve_ui.egg-info/dependency_links.txt
[9.444s] writing entry points to steve_ui.egg-info/entry_points.txt
[9.445s] writing requirements to steve_ui.egg-info/requires.txt
[9.446s] writing top-level names to steve_ui.egg-info/top_level.txt
[9.447s] writing manifest file 'steve_ui.egg-info/SOURCES.txt'
[9.456s] reading manifest file 'steve_ui.egg-info/SOURCES.txt'
[9.461s] writing manifest file 'steve_ui.egg-info/SOURCES.txt'
[9.467s] running build_ext
[9.469s] Creating /home/steve/mren203-ws/install/steve_ui/lib/python3.10/site-packages/steve-ui.egg-link (link to .)
[9.474s] Installing fsm_node script to /home/steve/mren203-ws/install/steve_ui/lib/steve_ui
[9.475s] 
[9.477s] Installed /home/steve/mren203-ws/build/steve_ui
[9.478s] running install_data
[9.478s] creating /home/steve/mren203-ws/install/steve_ui/share/ament_index
[9.479s] creating /home/steve/mren203-ws/install/steve_ui/share/ament_index/resource_index
[9.480s] creating /home/steve/mren203-ws/install/steve_ui/share/ament_index/resource_index/packages
[9.480s] copying resource/steve_ui -> /home/steve/mren203-ws/install/steve_ui/share/ament_index/resource_index/packages
[9.481s] copying package.xml -> /home/steve/mren203-ws/install/steve_ui/share/steve_ui
[9.713s] Invoked command in '/home/steve/mren203-ws/build/steve_ui' returned '0': PYTHONPATH=/home/steve/mren203-ws/build/steve_ui/prefix_override:/home/steve/mren203-ws/install/steve_ui/lib/python3.10/site-packages:${PYTHONPATH} /usr/bin/python3 setup.py develop --editable --build-directory /home/steve/mren203-ws/build/steve_ui/build --no-deps install_data
