[2.950s] Invoking command in '/home/steve/mren203-ws/build/rplidar_ros': CMAKE_PREFIX_PATH=/opt/ros/humble /usr/bin/cmake --build /home/steve/mren203-ws/build/rplidar_ros -- -j4 -l4
[3.895s] [ 77%] Built target rplidar_composition_node
[4.030s] [100%] Built target rplidar_composition
[4.306s] Invoked command in '/home/steve/mren203-ws/build/rplidar_ros' returned '0': CMAKE_PREFIX_PATH=/opt/ros/humble /usr/bin/cmake --build /home/steve/mren203-ws/build/rplidar_ros -- -j4 -l4
[4.853s] Invoking command in '/home/steve/mren203-ws/build/rplidar_ros': CMAKE_PREFIX_PATH=/opt/ros/humble /usr/bin/cmake --install /home/steve/mren203-ws/build/rplidar_ros
[4.884s] -- Install configuration: ""
[4.887s] -- Execute custom install script
[4.890s] -- Up-to-date symlink: /home/steve/mren203-ws/install/rplidar_ros/lib/rplidar_ros/rplidar_composition
[4.892s] -- Up-to-date symlink: /home/steve/mren203-ws/install/rplidar_ros/share/rplidar_ros/launch/rplidar.launch.py
[4.894s] -- Up-to-date symlink: /home/steve/mren203-ws/install/rplidar_ros/share/rplidar_ros/launch/rplidar_a3.launch.py
[4.895s] -- Up-to-date symlink: /home/steve/mren203-ws/install/rplidar_ros/share/rplidar_ros/launch/rplidar_s1.launch.py
[4.897s] -- Up-to-date symlink: /home/steve/mren203-ws/install/rplidar_ros/share/rplidar_ros/launch/rplidar_s1_tcp.launch.py
[4.899s] -- Up-to-date symlink: /home/steve/mren203-ws/install/rplidar_ros/share/rplidar_ros/launch/test_rplidar_a3.launch.py
[4.900s] -- Up-to-date symlink: /home/steve/mren203-ws/install/rplidar_ros/share/rplidar_ros/launch/view_rplidar.launch.py
[4.902s] -- Up-to-date symlink: /home/steve/mren203-ws/install/rplidar_ros/share/rplidar_ros/launch/view_rplidar_a3.launch.py
[4.903s] -- Up-to-date symlink: /home/steve/mren203-ws/install/rplidar_ros/share/rplidar_ros/launch/view_rplidar_s1.launch.py
[4.905s] -- Up-to-date symlink: /home/steve/mren203-ws/install/rplidar_ros/share/rplidar_ros/launch/view_rplidar_s1_tcp.launch.py
[4.906s] -- Up-to-date symlink: /home/steve/mren203-ws/install/rplidar_ros/share/rplidar_ros/rviz/rplidar.rviz
[4.909s] -- Up-to-date symlink: /home/steve/mren203-ws/install/rplidar_ros/lib/librplidar_composition_node.so
[4.911s] -- Up-to-date symlink: /home/steve/mren203-ws/install/rplidar_ros/include/rplidar_node.hpp
[4.912s] -- Up-to-date symlink: /home/steve/mren203-ws/install/rplidar_ros/include/visibility.h
[4.916s] -- Up-to-date symlink: /home/steve/mren203-ws/install/rplidar_ros/lib/rplidar_ros/rplidar_composition
[4.917s] -- Up-to-date symlink: /home/steve/mren203-ws/install/rplidar_ros/share/ament_index/resource_index/package_run_dependencies/rplidar_ros
[4.919s] -- Up-to-date symlink: /home/steve/mren203-ws/install/rplidar_ros/share/ament_index/resource_index/parent_prefix_path/rplidar_ros
[4.921s] -- Up-to-date symlink: /home/steve/mren203-ws/install/rplidar_ros/share/rplidar_ros/environment/ament_prefix_path.sh
[4.923s] -- Up-to-date symlink: /home/steve/mren203-ws/install/rplidar_ros/share/rplidar_ros/environment/ament_prefix_path.dsv
[4.924s] -- Up-to-date symlink: /home/steve/mren203-ws/install/rplidar_ros/share/rplidar_ros/environment/path.sh
[4.926s] -- Up-to-date symlink: /home/steve/mren203-ws/install/rplidar_ros/share/rplidar_ros/environment/path.dsv
[4.928s] -- Up-to-date symlink: /home/steve/mren203-ws/install/rplidar_ros/share/rplidar_ros/local_setup.bash
[4.929s] -- Up-to-date symlink: /home/steve/mren203-ws/install/rplidar_ros/share/rplidar_ros/local_setup.sh
[4.931s] -- Up-to-date symlink: /home/steve/mren203-ws/install/rplidar_ros/share/rplidar_ros/local_setup.zsh
[4.933s] -- Up-to-date symlink: /home/steve/mren203-ws/install/rplidar_ros/share/rplidar_ros/local_setup.dsv
[4.934s] -- Symlinking: /home/steve/mren203-ws/install/rplidar_ros/share/rplidar_ros/package.dsv
[4.970s] -- Up-to-date symlink: /home/steve/mren203-ws/install/rplidar_ros/share/ament_index/resource_index/packages/rplidar_ros
[4.972s] -- Up-to-date symlink: /home/steve/mren203-ws/install/rplidar_ros/share/ament_index/resource_index/rclcpp_components/rplidar_ros
[4.974s] -- Up-to-date symlink: /home/steve/mren203-ws/install/rplidar_ros/share/rplidar_ros/cmake/ament_cmake_export_dependencies-extras.cmake
[4.976s] -- Up-to-date symlink: /home/steve/mren203-ws/install/rplidar_ros/share/rplidar_ros/cmake/ament_cmake_export_include_directories-extras.cmake
[4.978s] -- Up-to-date symlink: /home/steve/mren203-ws/install/rplidar_ros/share/rplidar_ros/cmake/rplidar_rosConfig.cmake
[4.979s] -- Up-to-date symlink: /home/steve/mren203-ws/install/rplidar_ros/share/rplidar_ros/cmake/rplidar_rosConfig-version.cmake
[4.980s] -- Up-to-date symlink: /home/steve/mren203-ws/install/rplidar_ros/share/rplidar_ros/package.xml
[4.987s] Invoked command in '/home/steve/mren203-ws/build/rplidar_ros' returned '0': CMAKE_PREFIX_PATH=/opt/ros/humble /usr/bin/cmake --install /home/steve/mren203-ws/build/rplidar_ros
