[0.380s] Invoking command in '/home/steve/mren203-ws/build/steve_launch': CMAKE_PREFIX_PATH=${CMAKE_PREFIX_PATH}:/home/steve/mren203-ws/install/testing:/home/steve/mren203-ws/install/steve_ui:/home/steve/mren203-ws/install/motor_control:/home/steve/mren203-ws/install/joystick_ros2:/opt/ros/humble /usr/bin/cmake --build /home/steve/mren203-ws/build/steve_launch -- -j4 -l4
[1.057s] Invoked command in '/home/steve/mren203-ws/build/steve_launch' returned '0': CMAKE_PREFIX_PATH=${CMAKE_PREFIX_PATH}:/home/steve/mren203-ws/install/testing:/home/steve/mren203-ws/install/steve_ui:/home/steve/mren203-ws/install/motor_control:/home/steve/mren203-ws/install/joystick_ros2:/opt/ros/humble /usr/bin/cmake --build /home/steve/mren203-ws/build/steve_launch -- -j4 -l4
[2.036s] Invoking command in '/home/steve/mren203-ws/build/steve_launch': CMAKE_PREFIX_PATH=${CMAKE_PREFIX_PATH}:/home/steve/mren203-ws/install/testing:/home/steve/mren203-ws/install/steve_ui:/home/steve/mren203-ws/install/motor_control:/home/steve/mren203-ws/install/joystick_ros2:/opt/ros/humble /usr/bin/cmake --install /home/steve/mren203-ws/build/steve_launch
[2.476s] -- Install configuration: ""
[2.482s] -- Execute custom install script
[2.483s] -- Up-to-date symlink: /home/steve/mren203-ws/install/steve_launch/share/steve_launch/launch/all_launch.launch
[2.484s] -- Up-to-date symlink: /home/steve/mren203-ws/install/steve_launch/share/steve_launch/launch/ekf.launch.py
[2.484s] -- Up-to-date symlink: /home/steve/mren203-ws/install/steve_launch/share/steve_launch/launch/fsm_sensors.launch
[2.485s] -- Up-to-date symlink: /home/steve/mren203-ws/install/steve_launch/share/steve_launch/launch/manual_control.launch
[2.486s] -- Up-to-date symlink: /home/steve/mren203-ws/install/steve_launch/share/steve_launch/launch/online_sync_launch.launch.py
[2.486s] -- Up-to-date symlink: /home/steve/mren203-ws/install/steve_launch/share/steve_launch/launch/webcam.launch
[2.486s] -- Up-to-date symlink: /home/steve/mren203-ws/install/steve_launch/share/steve_launch/params/ekf.yaml
[2.487s] -- Up-to-date symlink: /home/steve/mren203-ws/install/steve_launch/share/steve_launch/params/mapper_params_online_sync.yaml
[2.488s] -- Up-to-date symlink: /home/steve/mren203-ws/install/steve_launch/share/ament_index/resource_index/package_run_dependencies/steve_launch
[2.488s] -- Up-to-date symlink: /home/steve/mren203-ws/install/steve_launch/share/ament_index/resource_index/parent_prefix_path/steve_launch
[2.489s] -- Up-to-date symlink: /home/steve/mren203-ws/install/steve_launch/share/steve_launch/environment/ament_prefix_path.sh
[2.489s] -- Up-to-date symlink: /home/steve/mren203-ws/install/steve_launch/share/steve_launch/environment/ament_prefix_path.dsv
[2.489s] -- Up-to-date symlink: /home/steve/mren203-ws/install/steve_launch/share/steve_launch/environment/path.sh
[2.490s] -- Up-to-date symlink: /home/steve/mren203-ws/install/steve_launch/share/steve_launch/environment/path.dsv
[2.490s] -- Up-to-date symlink: /home/steve/mren203-ws/install/steve_launch/share/steve_launch/local_setup.bash
[2.490s] -- Up-to-date symlink: /home/steve/mren203-ws/install/steve_launch/share/steve_launch/local_setup.sh
[2.490s] -- Up-to-date symlink: /home/steve/mren203-ws/install/steve_launch/share/steve_launch/local_setup.zsh
[2.491s] -- Up-to-date symlink: /home/steve/mren203-ws/install/steve_launch/share/steve_launch/local_setup.dsv
[2.492s] -- Symlinking: /home/steve/mren203-ws/install/steve_launch/share/steve_launch/package.dsv
[2.492s] -- Up-to-date symlink: /home/steve/mren203-ws/install/steve_launch/share/ament_index/resource_index/packages/steve_launch
[2.493s] -- Up-to-date symlink: /home/steve/mren203-ws/install/steve_launch/share/steve_launch/cmake/steve_launchConfig.cmake
[2.494s] -- Up-to-date symlink: /home/steve/mren203-ws/install/steve_launch/share/steve_launch/cmake/steve_launchConfig-version.cmake
[2.496s] -- Up-to-date symlink: /home/steve/mren203-ws/install/steve_launch/share/steve_launch/package.xml
[2.919s] Invoked command in '/home/steve/mren203-ws/build/steve_launch' returned '0': CMAKE_PREFIX_PATH=${CMAKE_PREFIX_PATH}:/home/steve/mren203-ws/install/testing:/home/steve/mren203-ws/install/steve_ui:/home/steve/mren203-ws/install/motor_control:/home/steve/mren203-ws/install/joystick_ros2:/opt/ros/humble /usr/bin/cmake --install /home/steve/mren203-ws/build/steve_launch
