[  1%] Built target steve_msgs__cpp
[ 12%] Built target steve_msgs__rosidl_generator_c
[ 12%] Built target ament_cmake_python_symlink_steve_msgs
[ 34%] Built target steve_msgs__rosidl_typesupport_introspection_cpp
[ 34%] Built target steve_msgs__rosidl_typesupport_fastrtps_cpp
[ 45%] Built target steve_msgs__rosidl_typesupport_cpp
[ 78%] Built target steve_msgs__rosidl_typesupport_fastrtps_c
[ 78%] Built target steve_msgs__rosidl_typesupport_introspection_c
[ 78%] Built target steve_msgs__rosidl_typesupport_c
[ 78%] Built target steve_msgs
[ 80%] Built target steve_msgs__py
[ 89%] Built target steve_msgs__rosidl_generator_py
[100%] Built target steve_msgs__rosidl_typesupport_fastrtps_c__pyext
[100%] Built target steve_msgs__rosidl_typesupport_c__pyext
[100%] Built target steve_msgs__rosidl_typesupport_introspection_c__pyext
running egg_info
writing steve_msgs.egg-info/PKG-INFO
writing dependency_links to steve_msgs.egg-info/dependency_links.txt
writing top-level names to steve_msgs.egg-info/top_level.txt
reading manifest file 'steve_msgs.egg-info/SOURCES.txt'
writing manifest file 'steve_msgs.egg-info/SOURCES.txt'
[100%] Built target ament_cmake_python_build_steve_msgs_egg
-- Install configuration: ""
-- Execute custom install script
-- Up-to-date symlink: /home/dj/MREN203/joint_states/mren203-ws/install/steve_msgs/share/ament_index/resource_index/rosidl_interfaces/steve_msgs
-- Up-to-date symlink: /home/dj/MREN203/joint_states/mren203-ws/install/steve_msgs/include/steve_msgs/steve_msgs/msg/control_ui.h
-- Up-to-date symlink: /home/dj/MREN203/joint_states/mren203-ws/install/steve_msgs/include/steve_msgs/steve_msgs/msg/detail/control_ui__functions.h
-- Up-to-date symlink: /home/dj/MREN203/joint_states/mren203-ws/install/steve_msgs/include/steve_msgs/steve_msgs/msg/detail/control_ui__struct.h
-- Up-to-date symlink: /home/dj/MREN203/joint_states/mren203-ws/install/steve_msgs/include/steve_msgs/steve_msgs/msg/detail/control_ui__type_support.h
-- Up-to-date symlink: /home/dj/MREN203/joint_states/mren203-ws/install/steve_msgs/include/steve_msgs/steve_msgs/msg/detail/motor_data__functions.h
-- Up-to-date symlink: /home/dj/MREN203/joint_states/mren203-ws/install/steve_msgs/include/steve_msgs/steve_msgs/msg/detail/motor_data__struct.h
-- Up-to-date symlink: /home/dj/MREN203/joint_states/mren203-ws/install/steve_msgs/include/steve_msgs/steve_msgs/msg/detail/motor_data__type_support.h
-- Up-to-date symlink: /home/dj/MREN203/joint_states/mren203-ws/install/steve_msgs/include/steve_msgs/steve_msgs/msg/detail/sensor_data__functions.h
-- Up-to-date symlink: /home/dj/MREN203/joint_states/mren203-ws/install/steve_msgs/include/steve_msgs/steve_msgs/msg/detail/sensor_data__struct.h
-- Up-to-date symlink: /home/dj/MREN203/joint_states/mren203-ws/install/steve_msgs/include/steve_msgs/steve_msgs/msg/detail/sensor_data__type_support.h
-- Up-to-date symlink: /home/dj/MREN203/joint_states/mren203-ws/install/steve_msgs/include/steve_msgs/steve_msgs/msg/detail/set_points__functions.h
-- Up-to-date symlink: /home/dj/MREN203/joint_states/mren203-ws/install/steve_msgs/include/steve_msgs/steve_msgs/msg/detail/set_points__struct.h
-- Up-to-date symlink: /home/dj/MREN203/joint_states/mren203-ws/install/steve_msgs/include/steve_msgs/steve_msgs/msg/detail/set_points__type_support.h
-- Up-to-date symlink: /home/dj/MREN203/joint_states/mren203-ws/install/steve_msgs/include/steve_msgs/steve_msgs/msg/motor_data.h
-- Up-to-date symlink: /home/dj/MREN203/joint_states/mren203-ws/install/steve_msgs/include/steve_msgs/steve_msgs/msg/rosidl_generator_c__visibility_control.h
-- Up-to-date symlink: /home/dj/MREN203/joint_states/mren203-ws/install/steve_msgs/include/steve_msgs/steve_msgs/msg/sensor_data.h
-- Up-to-date symlink: /home/dj/MREN203/joint_states/mren203-ws/install/steve_msgs/include/steve_msgs/steve_msgs/msg/set_points.h
-- Up-to-date symlink: /home/dj/MREN203/joint_states/mren203-ws/install/steve_msgs/share/steve_msgs/environment/library_path.sh
-- Up-to-date symlink: /home/dj/MREN203/joint_states/mren203-ws/install/steve_msgs/share/steve_msgs/environment/library_path.dsv
-- Up-to-date symlink: /home/dj/MREN203/joint_states/mren203-ws/install/steve_msgs/include/steve_msgs/steve_msgs/msg/detail/control_ui__rosidl_typesupport_fastrtps_c.h
-- Up-to-date symlink: /home/dj/MREN203/joint_states/mren203-ws/install/steve_msgs/include/steve_msgs/steve_msgs/msg/detail/motor_data__rosidl_typesupport_fastrtps_c.h
-- Up-to-date symlink: /home/dj/MREN203/joint_states/mren203-ws/install/steve_msgs/include/steve_msgs/steve_msgs/msg/detail/sensor_data__rosidl_typesupport_fastrtps_c.h
-- Up-to-date symlink: /home/dj/MREN203/joint_states/mren203-ws/install/steve_msgs/include/steve_msgs/steve_msgs/msg/detail/set_points__rosidl_typesupport_fastrtps_c.h
-- Up-to-date symlink: /home/dj/MREN203/joint_states/mren203-ws/install/steve_msgs/include/steve_msgs/steve_msgs/msg/rosidl_typesupport_fastrtps_c__visibility_control.h
-- Up-to-date symlink: /home/dj/MREN203/joint_states/mren203-ws/install/steve_msgs/include/steve_msgs/steve_msgs/msg/detail/control_ui__rosidl_typesupport_introspection_c.h
-- Up-to-date symlink: /home/dj/MREN203/joint_states/mren203-ws/install/steve_msgs/include/steve_msgs/steve_msgs/msg/detail/motor_data__rosidl_typesupport_introspection_c.h
-- Up-to-date symlink: /home/dj/MREN203/joint_states/mren203-ws/install/steve_msgs/include/steve_msgs/steve_msgs/msg/detail/sensor_data__rosidl_typesupport_introspection_c.h
-- Up-to-date symlink: /home/dj/MREN203/joint_states/mren203-ws/install/steve_msgs/include/steve_msgs/steve_msgs/msg/detail/set_points__rosidl_typesupport_introspection_c.h
-- Up-to-date symlink: /home/dj/MREN203/joint_states/mren203-ws/install/steve_msgs/include/steve_msgs/steve_msgs/msg/rosidl_typesupport_introspection_c__visibility_control.h
-- Up-to-date symlink: /home/dj/MREN203/joint_states/mren203-ws/install/steve_msgs/include/steve_msgs/steve_msgs/msg/control_ui.hpp
-- Up-to-date symlink: /home/dj/MREN203/joint_states/mren203-ws/install/steve_msgs/include/steve_msgs/steve_msgs/msg/detail/control_ui__builder.hpp
-- Up-to-date symlink: /home/dj/MREN203/joint_states/mren203-ws/install/steve_msgs/include/steve_msgs/steve_msgs/msg/detail/control_ui__struct.hpp
-- Up-to-date symlink: /home/dj/MREN203/joint_states/mren203-ws/install/steve_msgs/include/steve_msgs/steve_msgs/msg/detail/control_ui__traits.hpp
-- Up-to-date symlink: /home/dj/MREN203/joint_states/mren203-ws/install/steve_msgs/include/steve_msgs/steve_msgs/msg/detail/motor_data__builder.hpp
-- Up-to-date symlink: /home/dj/MREN203/joint_states/mren203-ws/install/steve_msgs/include/steve_msgs/steve_msgs/msg/detail/motor_data__struct.hpp
-- Up-to-date symlink: /home/dj/MREN203/joint_states/mren203-ws/install/steve_msgs/include/steve_msgs/steve_msgs/msg/detail/motor_data__traits.hpp
-- Up-to-date symlink: /home/dj/MREN203/joint_states/mren203-ws/install/steve_msgs/include/steve_msgs/steve_msgs/msg/detail/sensor_data__builder.hpp
-- Up-to-date symlink: /home/dj/MREN203/joint_states/mren203-ws/install/steve_msgs/include/steve_msgs/steve_msgs/msg/detail/sensor_data__struct.hpp
-- Up-to-date symlink: /home/dj/MREN203/joint_states/mren203-ws/install/steve_msgs/include/steve_msgs/steve_msgs/msg/detail/sensor_data__traits.hpp
-- Up-to-date symlink: /home/dj/MREN203/joint_states/mren203-ws/install/steve_msgs/include/steve_msgs/steve_msgs/msg/detail/set_points__builder.hpp
-- Up-to-date symlink: /home/dj/MREN203/joint_states/mren203-ws/install/steve_msgs/include/steve_msgs/steve_msgs/msg/detail/set_points__struct.hpp
-- Up-to-date symlink: /home/dj/MREN203/joint_states/mren203-ws/install/steve_msgs/include/steve_msgs/steve_msgs/msg/detail/set_points__traits.hpp
-- Up-to-date symlink: /home/dj/MREN203/joint_states/mren203-ws/install/steve_msgs/include/steve_msgs/steve_msgs/msg/motor_data.hpp
-- Up-to-date symlink: /home/dj/MREN203/joint_states/mren203-ws/install/steve_msgs/include/steve_msgs/steve_msgs/msg/sensor_data.hpp
-- Up-to-date symlink: /home/dj/MREN203/joint_states/mren203-ws/install/steve_msgs/include/steve_msgs/steve_msgs/msg/set_points.hpp
-- Up-to-date symlink: /home/dj/MREN203/joint_states/mren203-ws/install/steve_msgs/include/steve_msgs/steve_msgs/msg/detail/control_ui__rosidl_typesupport_fastrtps_cpp.hpp
-- Up-to-date symlink: /home/dj/MREN203/joint_states/mren203-ws/install/steve_msgs/include/steve_msgs/steve_msgs/msg/detail/motor_data__rosidl_typesupport_fastrtps_cpp.hpp
-- Up-to-date symlink: /home/dj/MREN203/joint_states/mren203-ws/install/steve_msgs/include/steve_msgs/steve_msgs/msg/detail/sensor_data__rosidl_typesupport_fastrtps_cpp.hpp
-- Up-to-date symlink: /home/dj/MREN203/joint_states/mren203-ws/install/steve_msgs/include/steve_msgs/steve_msgs/msg/detail/set_points__rosidl_typesupport_fastrtps_cpp.hpp
-- Up-to-date symlink: /home/dj/MREN203/joint_states/mren203-ws/install/steve_msgs/include/steve_msgs/steve_msgs/msg/rosidl_typesupport_fastrtps_cpp__visibility_control.h
-- Up-to-date symlink: /home/dj/MREN203/joint_states/mren203-ws/install/steve_msgs/include/steve_msgs/steve_msgs/msg/detail/control_ui__rosidl_typesupport_introspection_cpp.hpp
-- Up-to-date symlink: /home/dj/MREN203/joint_states/mren203-ws/install/steve_msgs/include/steve_msgs/steve_msgs/msg/detail/motor_data__rosidl_typesupport_introspection_cpp.hpp
-- Up-to-date symlink: /home/dj/MREN203/joint_states/mren203-ws/install/steve_msgs/include/steve_msgs/steve_msgs/msg/detail/sensor_data__rosidl_typesupport_introspection_cpp.hpp
-- Up-to-date symlink: /home/dj/MREN203/joint_states/mren203-ws/install/steve_msgs/include/steve_msgs/steve_msgs/msg/detail/set_points__rosidl_typesupport_introspection_cpp.hpp
-- Up-to-date symlink: /home/dj/MREN203/joint_states/mren203-ws/install/steve_msgs/share/steve_msgs/environment/pythonpath.sh
-- Up-to-date symlink: /home/dj/MREN203/joint_states/mren203-ws/install/steve_msgs/share/steve_msgs/environment/pythonpath.dsv
-- Up-to-date symlink: /home/dj/MREN203/joint_states/mren203-ws/install/steve_msgs/local/lib/python3.10/dist-packages/steve_msgs-0.0.0-py3.10.egg-info/PKG-INFO
-- Up-to-date symlink: /home/dj/MREN203/joint_states/mren203-ws/install/steve_msgs/local/lib/python3.10/dist-packages/steve_msgs-0.0.0-py3.10.egg-info/SOURCES.txt
-- Up-to-date symlink: /home/dj/MREN203/joint_states/mren203-ws/install/steve_msgs/local/lib/python3.10/dist-packages/steve_msgs-0.0.0-py3.10.egg-info/dependency_links.txt
-- Up-to-date symlink: /home/dj/MREN203/joint_states/mren203-ws/install/steve_msgs/local/lib/python3.10/dist-packages/steve_msgs-0.0.0-py3.10.egg-info/top_level.txt
-- Up-to-date symlink: /home/dj/MREN203/joint_states/mren203-ws/install/steve_msgs/local/lib/python3.10/dist-packages/steve_msgs/__init__.py
-- Up-to-date symlink: /home/dj/MREN203/joint_states/mren203-ws/install/steve_msgs/local/lib/python3.10/dist-packages/steve_msgs/_steve_msgs_s.ep.rosidl_typesupport_c.c
-- Up-to-date symlink: /home/dj/MREN203/joint_states/mren203-ws/install/steve_msgs/local/lib/python3.10/dist-packages/steve_msgs/_steve_msgs_s.ep.rosidl_typesupport_fastrtps_c.c
-- Up-to-date symlink: /home/dj/MREN203/joint_states/mren203-ws/install/steve_msgs/local/lib/python3.10/dist-packages/steve_msgs/_steve_msgs_s.ep.rosidl_typesupport_introspection_c.c
-- Up-to-date symlink: /home/dj/MREN203/joint_states/mren203-ws/install/steve_msgs/local/lib/python3.10/dist-packages/steve_msgs/libsteve_msgs__rosidl_generator_py.so
-- Up-to-date symlink: /home/dj/MREN203/joint_states/mren203-ws/install/steve_msgs/local/lib/python3.10/dist-packages/steve_msgs/msg/__init__.py
-- Up-to-date symlink: /home/dj/MREN203/joint_states/mren203-ws/install/steve_msgs/local/lib/python3.10/dist-packages/steve_msgs/msg/_control_ui.py
-- Up-to-date symlink: /home/dj/MREN203/joint_states/mren203-ws/install/steve_msgs/local/lib/python3.10/dist-packages/steve_msgs/msg/_control_ui_s.c
-- Up-to-date symlink: /home/dj/MREN203/joint_states/mren203-ws/install/steve_msgs/local/lib/python3.10/dist-packages/steve_msgs/msg/_motor_data.py
-- Up-to-date symlink: /home/dj/MREN203/joint_states/mren203-ws/install/steve_msgs/local/lib/python3.10/dist-packages/steve_msgs/msg/_motor_data_s.c
-- Up-to-date symlink: /home/dj/MREN203/joint_states/mren203-ws/install/steve_msgs/local/lib/python3.10/dist-packages/steve_msgs/msg/_sensor_data.py
-- Up-to-date symlink: /home/dj/MREN203/joint_states/mren203-ws/install/steve_msgs/local/lib/python3.10/dist-packages/steve_msgs/msg/_sensor_data_s.c
-- Up-to-date symlink: /home/dj/MREN203/joint_states/mren203-ws/install/steve_msgs/local/lib/python3.10/dist-packages/steve_msgs/msg/_set_points.py
-- Up-to-date symlink: /home/dj/MREN203/joint_states/mren203-ws/install/steve_msgs/local/lib/python3.10/dist-packages/steve_msgs/msg/_set_points_s.c
-- Up-to-date symlink: /home/dj/MREN203/joint_states/mren203-ws/install/steve_msgs/local/lib/python3.10/dist-packages/steve_msgs/steve_msgs_s__rosidl_typesupport_c.cpython-310-x86_64-linux-gnu.so
-- Up-to-date symlink: /home/dj/MREN203/joint_states/mren203-ws/install/steve_msgs/local/lib/python3.10/dist-packages/steve_msgs/steve_msgs_s__rosidl_typesupport_fastrtps_c.cpython-310-x86_64-linux-gnu.so
-- Up-to-date symlink: /home/dj/MREN203/joint_states/mren203-ws/install/steve_msgs/local/lib/python3.10/dist-packages/steve_msgs/steve_msgs_s__rosidl_typesupport_introspection_c.cpython-310-x86_64-linux-gnu.so
-- Up-to-date symlink: /home/dj/MREN203/joint_states/mren203-ws/install/steve_msgs/local/lib/python3.10/dist-packages/steve_msgs/steve_msgs_s__rosidl_typesupport_fastrtps_c.cpython-310-x86_64-linux-gnu.so
-- Up-to-date symlink: /home/dj/MREN203/joint_states/mren203-ws/install/steve_msgs/local/lib/python3.10/dist-packages/steve_msgs/steve_msgs_s__rosidl_typesupport_introspection_c.cpython-310-x86_64-linux-gnu.so
-- Up-to-date symlink: /home/dj/MREN203/joint_states/mren203-ws/install/steve_msgs/local/lib/python3.10/dist-packages/steve_msgs/steve_msgs_s__rosidl_typesupport_c.cpython-310-x86_64-linux-gnu.so
-- Up-to-date symlink: /home/dj/MREN203/joint_states/mren203-ws/install/steve_msgs/share/steve_msgs/msg/ControlUI.idl
-- Up-to-date symlink: /home/dj/MREN203/joint_states/mren203-ws/install/steve_msgs/share/steve_msgs/msg/SensorData.idl
-- Up-to-date symlink: /home/dj/MREN203/joint_states/mren203-ws/install/steve_msgs/share/steve_msgs/msg/SetPoints.idl
-- Up-to-date symlink: /home/dj/MREN203/joint_states/mren203-ws/install/steve_msgs/share/steve_msgs/msg/MotorData.idl
-- Up-to-date symlink: /home/dj/MREN203/joint_states/mren203-ws/install/steve_msgs/share/steve_msgs/msg/ControlUI.msg
-- Up-to-date symlink: /home/dj/MREN203/joint_states/mren203-ws/install/steve_msgs/share/steve_msgs/msg/SensorData.msg
-- Up-to-date symlink: /home/dj/MREN203/joint_states/mren203-ws/install/steve_msgs/share/steve_msgs/msg/SetPoints.msg
-- Up-to-date symlink: /home/dj/MREN203/joint_states/mren203-ws/install/steve_msgs/share/steve_msgs/msg/MotorData.msg
-- Up-to-date symlink: /home/dj/MREN203/joint_states/mren203-ws/install/steve_msgs/share/ament_index/resource_index/package_run_dependencies/steve_msgs
-- Up-to-date symlink: /home/dj/MREN203/joint_states/mren203-ws/install/steve_msgs/share/ament_index/resource_index/parent_prefix_path/steve_msgs
-- Up-to-date symlink: /home/dj/MREN203/joint_states/mren203-ws/install/steve_msgs/share/steve_msgs/environment/ament_prefix_path.sh
-- Up-to-date symlink: /home/dj/MREN203/joint_states/mren203-ws/install/steve_msgs/share/steve_msgs/environment/ament_prefix_path.dsv
-- Up-to-date symlink: /home/dj/MREN203/joint_states/mren203-ws/install/steve_msgs/share/steve_msgs/environment/path.sh
-- Up-to-date symlink: /home/dj/MREN203/joint_states/mren203-ws/install/steve_msgs/share/steve_msgs/environment/path.dsv
-- Up-to-date symlink: /home/dj/MREN203/joint_states/mren203-ws/install/steve_msgs/share/steve_msgs/local_setup.bash
-- Up-to-date symlink: /home/dj/MREN203/joint_states/mren203-ws/install/steve_msgs/share/steve_msgs/local_setup.sh
-- Up-to-date symlink: /home/dj/MREN203/joint_states/mren203-ws/install/steve_msgs/share/steve_msgs/local_setup.zsh
-- Up-to-date symlink: /home/dj/MREN203/joint_states/mren203-ws/install/steve_msgs/share/steve_msgs/local_setup.dsv
-- Symlinking: /home/dj/MREN203/joint_states/mren203-ws/install/steve_msgs/share/steve_msgs/package.dsv
-- Up-to-date symlink: /home/dj/MREN203/joint_states/mren203-ws/install/steve_msgs/share/ament_index/resource_index/packages/steve_msgs
-- Up-to-date symlink: /home/dj/MREN203/joint_states/mren203-ws/install/steve_msgs/share/steve_msgs/cmake/rosidl_cmake-extras.cmake
-- Up-to-date symlink: /home/dj/MREN203/joint_states/mren203-ws/install/steve_msgs/share/steve_msgs/cmake/ament_cmake_export_include_directories-extras.cmake
-- Up-to-date symlink: /home/dj/MREN203/joint_states/mren203-ws/install/steve_msgs/share/steve_msgs/cmake/ament_cmake_export_libraries-extras.cmake
-- Up-to-date symlink: /home/dj/MREN203/joint_states/mren203-ws/install/steve_msgs/share/steve_msgs/cmake/ament_cmake_export_targets-extras.cmake
-- Up-to-date symlink: /home/dj/MREN203/joint_states/mren203-ws/install/steve_msgs/share/steve_msgs/cmake/rosidl_cmake_export_typesupport_targets-extras.cmake
-- Up-to-date symlink: /home/dj/MREN203/joint_states/mren203-ws/install/steve_msgs/share/steve_msgs/cmake/ament_cmake_export_dependencies-extras.cmake
-- Up-to-date symlink: /home/dj/MREN203/joint_states/mren203-ws/install/steve_msgs/share/steve_msgs/cmake/rosidl_cmake_export_typesupport_libraries-extras.cmake
-- Up-to-date symlink: /home/dj/MREN203/joint_states/mren203-ws/install/steve_msgs/share/steve_msgs/cmake/steve_msgsConfig.cmake
-- Up-to-date symlink: /home/dj/MREN203/joint_states/mren203-ws/install/steve_msgs/share/steve_msgs/cmake/steve_msgsConfig-version.cmake
-- Up-to-date symlink: /home/dj/MREN203/joint_states/mren203-ws/install/steve_msgs/share/steve_msgs/package.xml
-- Up-to-date: /home/dj/MREN203/joint_states/mren203-ws/install/steve_msgs/lib/libsteve_msgs__rosidl_generator_c.so
-- Up-to-date: /home/dj/MREN203/joint_states/mren203-ws/install/steve_msgs/lib/libsteve_msgs__rosidl_typesupport_fastrtps_c.so
-- Up-to-date: /home/dj/MREN203/joint_states/mren203-ws/install/steve_msgs/lib/libsteve_msgs__rosidl_typesupport_introspection_c.so
-- Up-to-date: /home/dj/MREN203/joint_states/mren203-ws/install/steve_msgs/lib/libsteve_msgs__rosidl_typesupport_c.so
-- Up-to-date: /home/dj/MREN203/joint_states/mren203-ws/install/steve_msgs/lib/libsteve_msgs__rosidl_typesupport_fastrtps_cpp.so
-- Up-to-date: /home/dj/MREN203/joint_states/mren203-ws/install/steve_msgs/lib/libsteve_msgs__rosidl_typesupport_introspection_cpp.so
-- Up-to-date: /home/dj/MREN203/joint_states/mren203-ws/install/steve_msgs/lib/libsteve_msgs__rosidl_typesupport_cpp.so
Listing '/home/dj/MREN203/joint_states/mren203-ws/install/steve_msgs/local/lib/python3.10/dist-packages/steve_msgs'...
Listing '/home/dj/MREN203/joint_states/mren203-ws/install/steve_msgs/local/lib/python3.10/dist-packages/steve_msgs/msg'...
-- Up-to-date: /home/dj/MREN203/joint_states/mren203-ws/install/steve_msgs/lib/libsteve_msgs__rosidl_generator_py.so
-- Up-to-date: /home/dj/MREN203/joint_states/mren203-ws/install/steve_msgs/share/steve_msgs/cmake/export_steve_msgs__rosidl_generator_cExport.cmake
-- Up-to-date: /home/dj/MREN203/joint_states/mren203-ws/install/steve_msgs/share/steve_msgs/cmake/export_steve_msgs__rosidl_generator_cExport-noconfig.cmake
-- Up-to-date: /home/dj/MREN203/joint_states/mren203-ws/install/steve_msgs/share/steve_msgs/cmake/export_steve_msgs__rosidl_typesupport_fastrtps_cExport.cmake
-- Up-to-date: /home/dj/MREN203/joint_states/mren203-ws/install/steve_msgs/share/steve_msgs/cmake/export_steve_msgs__rosidl_typesupport_fastrtps_cExport-noconfig.cmake
-- Up-to-date: /home/dj/MREN203/joint_states/mren203-ws/install/steve_msgs/share/steve_msgs/cmake/steve_msgs__rosidl_typesupport_introspection_cExport.cmake
-- Up-to-date: /home/dj/MREN203/joint_states/mren203-ws/install/steve_msgs/share/steve_msgs/cmake/steve_msgs__rosidl_typesupport_introspection_cExport-noconfig.cmake
-- Up-to-date: /home/dj/MREN203/joint_states/mren203-ws/install/steve_msgs/share/steve_msgs/cmake/steve_msgs__rosidl_typesupport_cExport.cmake
-- Up-to-date: /home/dj/MREN203/joint_states/mren203-ws/install/steve_msgs/share/steve_msgs/cmake/steve_msgs__rosidl_typesupport_cExport-noconfig.cmake
-- Up-to-date: /home/dj/MREN203/joint_states/mren203-ws/install/steve_msgs/share/steve_msgs/cmake/export_steve_msgs__rosidl_generator_cppExport.cmake
-- Up-to-date: /home/dj/MREN203/joint_states/mren203-ws/install/steve_msgs/share/steve_msgs/cmake/export_steve_msgs__rosidl_typesupport_fastrtps_cppExport.cmake
-- Up-to-date: /home/dj/MREN203/joint_states/mren203-ws/install/steve_msgs/share/steve_msgs/cmake/export_steve_msgs__rosidl_typesupport_fastrtps_cppExport-noconfig.cmake
-- Up-to-date: /home/dj/MREN203/joint_states/mren203-ws/install/steve_msgs/share/steve_msgs/cmake/steve_msgs__rosidl_typesupport_introspection_cppExport.cmake
-- Up-to-date: /home/dj/MREN203/joint_states/mren203-ws/install/steve_msgs/share/steve_msgs/cmake/steve_msgs__rosidl_typesupport_introspection_cppExport-noconfig.cmake
-- Up-to-date: /home/dj/MREN203/joint_states/mren203-ws/install/steve_msgs/share/steve_msgs/cmake/steve_msgs__rosidl_typesupport_cppExport.cmake
-- Up-to-date: /home/dj/MREN203/joint_states/mren203-ws/install/steve_msgs/share/steve_msgs/cmake/steve_msgs__rosidl_typesupport_cppExport-noconfig.cmake
-- Up-to-date: /home/dj/MREN203/joint_states/mren203-ws/install/steve_msgs/share/steve_msgs/cmake/export_steve_msgs__rosidl_generator_pyExport.cmake
-- Up-to-date: /home/dj/MREN203/joint_states/mren203-ws/install/steve_msgs/share/steve_msgs/cmake/export_steve_msgs__rosidl_generator_pyExport-noconfig.cmake
