[0.402s] Invoking command in '/home/dj/MREN203/joint_states/mren203-ws/build/steve_msgs': CMAKE_PREFIX_PATH=${CMAKE_PREFIX_PATH}:/home/dj/MREN203/joint_states/mren203-ws/install/steve_ui:/home/dj/MREN203/joint_states/mren203-ws/install/motor_control:/home/dj/MREN203/joint_states/mren203-ws/install/joystick_ros2:/opt/ros/humble /usr/bin/cmake --build /home/dj/MREN203/joint_states/mren203-ws/build/steve_msgs -- -j16 -l16
[0.672s] [  1%] Built target steve_msgs__cpp
[0.672s] [ 12%] Built target steve_msgs__rosidl_generator_c
[0.672s] [ 12%] Built target ament_cmake_python_symlink_steve_msgs
[0.672s] [ 34%] Built target steve_msgs__rosidl_typesupport_introspection_cpp
[0.673s] [ 34%] Built target steve_msgs__rosidl_typesupport_fastrtps_cpp
[0.673s] [ 45%] Built target steve_msgs__rosidl_typesupport_cpp
[0.674s] [ 78%] Built target steve_msgs__rosidl_typesupport_fastrtps_c
[0.674s] [ 78%] Built target steve_msgs__rosidl_typesupport_introspection_c
[0.674s] [ 78%] Built target steve_msgs__rosidl_typesupport_c
[0.674s] [ 78%] Built target steve_msgs
[0.674s] [ 80%] Built target steve_msgs__py
[0.674s] [ 89%] Built target steve_msgs__rosidl_generator_py
[0.674s] [100%] Built target steve_msgs__rosidl_typesupport_fastrtps_c__pyext
[0.674s] [100%] Built target steve_msgs__rosidl_typesupport_c__pyext
[0.674s] [100%] Built target steve_msgs__rosidl_typesupport_introspection_c__pyext
[0.675s] running egg_info
[0.675s] writing steve_msgs.egg-info/PKG-INFO
[0.675s] writing dependency_links to steve_msgs.egg-info/dependency_links.txt
[0.675s] writing top-level names to steve_msgs.egg-info/top_level.txt
[0.712s] reading manifest file 'steve_msgs.egg-info/SOURCES.txt'
[0.713s] writing manifest file 'steve_msgs.egg-info/SOURCES.txt'
[0.742s] [100%] Built target ament_cmake_python_build_steve_msgs_egg
[0.912s] Invoked command in '/home/dj/MREN203/joint_states/mren203-ws/build/steve_msgs' returned '0': CMAKE_PREFIX_PATH=${CMAKE_PREFIX_PATH}:/home/dj/MREN203/joint_states/mren203-ws/install/steve_ui:/home/dj/MREN203/joint_states/mren203-ws/install/motor_control:/home/dj/MREN203/joint_states/mren203-ws/install/joystick_ros2:/opt/ros/humble /usr/bin/cmake --build /home/dj/MREN203/joint_states/mren203-ws/build/steve_msgs -- -j16 -l16
[1.132s] Invoking command in '/home/dj/MREN203/joint_states/mren203-ws/build/steve_msgs': CMAKE_PREFIX_PATH=${CMAKE_PREFIX_PATH}:/home/dj/MREN203/joint_states/mren203-ws/install/steve_ui:/home/dj/MREN203/joint_states/mren203-ws/install/motor_control:/home/dj/MREN203/joint_states/mren203-ws/install/joystick_ros2:/opt/ros/humble /usr/bin/cmake --install /home/dj/MREN203/joint_states/mren203-ws/build/steve_msgs
[1.259s] -- Install configuration: ""
[1.259s] -- Execute custom install script
[1.259s] -- Up-to-date symlink: /home/dj/MREN203/joint_states/mren203-ws/install/steve_msgs/share/ament_index/resource_index/rosidl_interfaces/steve_msgs
[1.259s] -- Up-to-date symlink: /home/dj/MREN203/joint_states/mren203-ws/install/steve_msgs/include/steve_msgs/steve_msgs/msg/control_ui.h
[1.260s] -- Up-to-date symlink: /home/dj/MREN203/joint_states/mren203-ws/install/steve_msgs/include/steve_msgs/steve_msgs/msg/detail/control_ui__functions.h
[1.260s] -- Up-to-date symlink: /home/dj/MREN203/joint_states/mren203-ws/install/steve_msgs/include/steve_msgs/steve_msgs/msg/detail/control_ui__struct.h
[1.260s] -- Up-to-date symlink: /home/dj/MREN203/joint_states/mren203-ws/install/steve_msgs/include/steve_msgs/steve_msgs/msg/detail/control_ui__type_support.h
[1.260s] -- Up-to-date symlink: /home/dj/MREN203/joint_states/mren203-ws/install/steve_msgs/include/steve_msgs/steve_msgs/msg/detail/motor_data__functions.h
[1.260s] -- Up-to-date symlink: /home/dj/MREN203/joint_states/mren203-ws/install/steve_msgs/include/steve_msgs/steve_msgs/msg/detail/motor_data__struct.h
[1.260s] -- Up-to-date symlink: /home/dj/MREN203/joint_states/mren203-ws/install/steve_msgs/include/steve_msgs/steve_msgs/msg/detail/motor_data__type_support.h
[1.260s] -- Up-to-date symlink: /home/dj/MREN203/joint_states/mren203-ws/install/steve_msgs/include/steve_msgs/steve_msgs/msg/detail/sensor_data__functions.h
[1.260s] -- Up-to-date symlink: /home/dj/MREN203/joint_states/mren203-ws/install/steve_msgs/include/steve_msgs/steve_msgs/msg/detail/sensor_data__struct.h
[1.260s] -- Up-to-date symlink: /home/dj/MREN203/joint_states/mren203-ws/install/steve_msgs/include/steve_msgs/steve_msgs/msg/detail/sensor_data__type_support.h
[1.260s] -- Up-to-date symlink: /home/dj/MREN203/joint_states/mren203-ws/install/steve_msgs/include/steve_msgs/steve_msgs/msg/detail/set_points__functions.h
[1.260s] -- Up-to-date symlink: /home/dj/MREN203/joint_states/mren203-ws/install/steve_msgs/include/steve_msgs/steve_msgs/msg/detail/set_points__struct.h
[1.260s] -- Up-to-date symlink: /home/dj/MREN203/joint_states/mren203-ws/install/steve_msgs/include/steve_msgs/steve_msgs/msg/detail/set_points__type_support.h
[1.261s] -- Up-to-date symlink: /home/dj/MREN203/joint_states/mren203-ws/install/steve_msgs/include/steve_msgs/steve_msgs/msg/motor_data.h
[1.261s] -- Up-to-date symlink: /home/dj/MREN203/joint_states/mren203-ws/install/steve_msgs/include/steve_msgs/steve_msgs/msg/rosidl_generator_c__visibility_control.h
[1.261s] -- Up-to-date symlink: /home/dj/MREN203/joint_states/mren203-ws/install/steve_msgs/include/steve_msgs/steve_msgs/msg/sensor_data.h
[1.261s] -- Up-to-date symlink: /home/dj/MREN203/joint_states/mren203-ws/install/steve_msgs/include/steve_msgs/steve_msgs/msg/set_points.h
[1.261s] -- Up-to-date symlink: /home/dj/MREN203/joint_states/mren203-ws/install/steve_msgs/share/steve_msgs/environment/library_path.sh
[1.261s] -- Up-to-date symlink: /home/dj/MREN203/joint_states/mren203-ws/install/steve_msgs/share/steve_msgs/environment/library_path.dsv
[1.261s] -- Up-to-date symlink: /home/dj/MREN203/joint_states/mren203-ws/install/steve_msgs/include/steve_msgs/steve_msgs/msg/detail/control_ui__rosidl_typesupport_fastrtps_c.h
[1.261s] -- Up-to-date symlink: /home/dj/MREN203/joint_states/mren203-ws/install/steve_msgs/include/steve_msgs/steve_msgs/msg/detail/motor_data__rosidl_typesupport_fastrtps_c.h
[1.261s] -- Up-to-date symlink: /home/dj/MREN203/joint_states/mren203-ws/install/steve_msgs/include/steve_msgs/steve_msgs/msg/detail/sensor_data__rosidl_typesupport_fastrtps_c.h
[1.262s] -- Up-to-date symlink: /home/dj/MREN203/joint_states/mren203-ws/install/steve_msgs/include/steve_msgs/steve_msgs/msg/detail/set_points__rosidl_typesupport_fastrtps_c.h
[1.262s] -- Up-to-date symlink: /home/dj/MREN203/joint_states/mren203-ws/install/steve_msgs/include/steve_msgs/steve_msgs/msg/rosidl_typesupport_fastrtps_c__visibility_control.h
[1.262s] -- Up-to-date symlink: /home/dj/MREN203/joint_states/mren203-ws/install/steve_msgs/include/steve_msgs/steve_msgs/msg/detail/control_ui__rosidl_typesupport_introspection_c.h
[1.262s] -- Up-to-date symlink: /home/dj/MREN203/joint_states/mren203-ws/install/steve_msgs/include/steve_msgs/steve_msgs/msg/detail/motor_data__rosidl_typesupport_introspection_c.h
[1.262s] -- Up-to-date symlink: /home/dj/MREN203/joint_states/mren203-ws/install/steve_msgs/include/steve_msgs/steve_msgs/msg/detail/sensor_data__rosidl_typesupport_introspection_c.h
[1.262s] -- Up-to-date symlink: /home/dj/MREN203/joint_states/mren203-ws/install/steve_msgs/include/steve_msgs/steve_msgs/msg/detail/set_points__rosidl_typesupport_introspection_c.h
[1.262s] -- Up-to-date symlink: /home/dj/MREN203/joint_states/mren203-ws/install/steve_msgs/include/steve_msgs/steve_msgs/msg/rosidl_typesupport_introspection_c__visibility_control.h
[1.262s] -- Up-to-date symlink: /home/dj/MREN203/joint_states/mren203-ws/install/steve_msgs/include/steve_msgs/steve_msgs/msg/control_ui.hpp
[1.262s] -- Up-to-date symlink: /home/dj/MREN203/joint_states/mren203-ws/install/steve_msgs/include/steve_msgs/steve_msgs/msg/detail/control_ui__builder.hpp
[1.262s] -- Up-to-date symlink: /home/dj/MREN203/joint_states/mren203-ws/install/steve_msgs/include/steve_msgs/steve_msgs/msg/detail/control_ui__struct.hpp
[1.263s] -- Up-to-date symlink: /home/dj/MREN203/joint_states/mren203-ws/install/steve_msgs/include/steve_msgs/steve_msgs/msg/detail/control_ui__traits.hpp
[1.263s] -- Up-to-date symlink: /home/dj/MREN203/joint_states/mren203-ws/install/steve_msgs/include/steve_msgs/steve_msgs/msg/detail/motor_data__builder.hpp
[1.263s] -- Up-to-date symlink: /home/dj/MREN203/joint_states/mren203-ws/install/steve_msgs/include/steve_msgs/steve_msgs/msg/detail/motor_data__struct.hpp
[1.263s] -- Up-to-date symlink: /home/dj/MREN203/joint_states/mren203-ws/install/steve_msgs/include/steve_msgs/steve_msgs/msg/detail/motor_data__traits.hpp
[1.263s] -- Up-to-date symlink: /home/dj/MREN203/joint_states/mren203-ws/install/steve_msgs/include/steve_msgs/steve_msgs/msg/detail/sensor_data__builder.hpp
[1.263s] -- Up-to-date symlink: /home/dj/MREN203/joint_states/mren203-ws/install/steve_msgs/include/steve_msgs/steve_msgs/msg/detail/sensor_data__struct.hpp
[1.263s] -- Up-to-date symlink: /home/dj/MREN203/joint_states/mren203-ws/install/steve_msgs/include/steve_msgs/steve_msgs/msg/detail/sensor_data__traits.hpp
[1.263s] -- Up-to-date symlink: /home/dj/MREN203/joint_states/mren203-ws/install/steve_msgs/include/steve_msgs/steve_msgs/msg/detail/set_points__builder.hpp
[1.263s] -- Up-to-date symlink: /home/dj/MREN203/joint_states/mren203-ws/install/steve_msgs/include/steve_msgs/steve_msgs/msg/detail/set_points__struct.hpp
[1.263s] -- Up-to-date symlink: /home/dj/MREN203/joint_states/mren203-ws/install/steve_msgs/include/steve_msgs/steve_msgs/msg/detail/set_points__traits.hpp
[1.264s] -- Up-to-date symlink: /home/dj/MREN203/joint_states/mren203-ws/install/steve_msgs/include/steve_msgs/steve_msgs/msg/motor_data.hpp
[1.264s] -- Up-to-date symlink: /home/dj/MREN203/joint_states/mren203-ws/install/steve_msgs/include/steve_msgs/steve_msgs/msg/sensor_data.hpp
[1.264s] -- Up-to-date symlink: /home/dj/MREN203/joint_states/mren203-ws/install/steve_msgs/include/steve_msgs/steve_msgs/msg/set_points.hpp
[1.264s] -- Up-to-date symlink: /home/dj/MREN203/joint_states/mren203-ws/install/steve_msgs/include/steve_msgs/steve_msgs/msg/detail/control_ui__rosidl_typesupport_fastrtps_cpp.hpp
[1.264s] -- Up-to-date symlink: /home/dj/MREN203/joint_states/mren203-ws/install/steve_msgs/include/steve_msgs/steve_msgs/msg/detail/motor_data__rosidl_typesupport_fastrtps_cpp.hpp
[1.264s] -- Up-to-date symlink: /home/dj/MREN203/joint_states/mren203-ws/install/steve_msgs/include/steve_msgs/steve_msgs/msg/detail/sensor_data__rosidl_typesupport_fastrtps_cpp.hpp
[1.264s] -- Up-to-date symlink: /home/dj/MREN203/joint_states/mren203-ws/install/steve_msgs/include/steve_msgs/steve_msgs/msg/detail/set_points__rosidl_typesupport_fastrtps_cpp.hpp
[1.264s] -- Up-to-date symlink: /home/dj/MREN203/joint_states/mren203-ws/install/steve_msgs/include/steve_msgs/steve_msgs/msg/rosidl_typesupport_fastrtps_cpp__visibility_control.h
[1.264s] -- Up-to-date symlink: /home/dj/MREN203/joint_states/mren203-ws/install/steve_msgs/include/steve_msgs/steve_msgs/msg/detail/control_ui__rosidl_typesupport_introspection_cpp.hpp
[1.265s] -- Up-to-date symlink: /home/dj/MREN203/joint_states/mren203-ws/install/steve_msgs/include/steve_msgs/steve_msgs/msg/detail/motor_data__rosidl_typesupport_introspection_cpp.hpp
[1.265s] -- Up-to-date symlink: /home/dj/MREN203/joint_states/mren203-ws/install/steve_msgs/include/steve_msgs/steve_msgs/msg/detail/sensor_data__rosidl_typesupport_introspection_cpp.hpp
[1.265s] -- Up-to-date symlink: /home/dj/MREN203/joint_states/mren203-ws/install/steve_msgs/include/steve_msgs/steve_msgs/msg/detail/set_points__rosidl_typesupport_introspection_cpp.hpp
[1.265s] -- Up-to-date symlink: /home/dj/MREN203/joint_states/mren203-ws/install/steve_msgs/share/steve_msgs/environment/pythonpath.sh
[1.265s] -- Up-to-date symlink: /home/dj/MREN203/joint_states/mren203-ws/install/steve_msgs/share/steve_msgs/environment/pythonpath.dsv
[1.265s] -- Up-to-date symlink: /home/dj/MREN203/joint_states/mren203-ws/install/steve_msgs/local/lib/python3.10/dist-packages/steve_msgs-0.0.0-py3.10.egg-info/PKG-INFO
[1.265s] -- Up-to-date symlink: /home/dj/MREN203/joint_states/mren203-ws/install/steve_msgs/local/lib/python3.10/dist-packages/steve_msgs-0.0.0-py3.10.egg-info/SOURCES.txt
[1.265s] -- Up-to-date symlink: /home/dj/MREN203/joint_states/mren203-ws/install/steve_msgs/local/lib/python3.10/dist-packages/steve_msgs-0.0.0-py3.10.egg-info/dependency_links.txt
[1.265s] -- Up-to-date symlink: /home/dj/MREN203/joint_states/mren203-ws/install/steve_msgs/local/lib/python3.10/dist-packages/steve_msgs-0.0.0-py3.10.egg-info/top_level.txt
[1.265s] -- Up-to-date symlink: /home/dj/MREN203/joint_states/mren203-ws/install/steve_msgs/local/lib/python3.10/dist-packages/steve_msgs/__init__.py
[1.265s] -- Up-to-date symlink: /home/dj/MREN203/joint_states/mren203-ws/install/steve_msgs/local/lib/python3.10/dist-packages/steve_msgs/_steve_msgs_s.ep.rosidl_typesupport_c.c
[1.265s] -- Up-to-date symlink: /home/dj/MREN203/joint_states/mren203-ws/install/steve_msgs/local/lib/python3.10/dist-packages/steve_msgs/_steve_msgs_s.ep.rosidl_typesupport_fastrtps_c.c
[1.266s] -- Up-to-date symlink: /home/dj/MREN203/joint_states/mren203-ws/install/steve_msgs/local/lib/python3.10/dist-packages/steve_msgs/_steve_msgs_s.ep.rosidl_typesupport_introspection_c.c
[1.266s] -- Up-to-date symlink: /home/dj/MREN203/joint_states/mren203-ws/install/steve_msgs/local/lib/python3.10/dist-packages/steve_msgs/libsteve_msgs__rosidl_generator_py.so
[1.266s] -- Up-to-date symlink: /home/dj/MREN203/joint_states/mren203-ws/install/steve_msgs/local/lib/python3.10/dist-packages/steve_msgs/msg/__init__.py
[1.266s] -- Up-to-date symlink: /home/dj/MREN203/joint_states/mren203-ws/install/steve_msgs/local/lib/python3.10/dist-packages/steve_msgs/msg/_control_ui.py
[1.266s] -- Up-to-date symlink: /home/dj/MREN203/joint_states/mren203-ws/install/steve_msgs/local/lib/python3.10/dist-packages/steve_msgs/msg/_control_ui_s.c
[1.266s] -- Up-to-date symlink: /home/dj/MREN203/joint_states/mren203-ws/install/steve_msgs/local/lib/python3.10/dist-packages/steve_msgs/msg/_motor_data.py
[1.266s] -- Up-to-date symlink: /home/dj/MREN203/joint_states/mren203-ws/install/steve_msgs/local/lib/python3.10/dist-packages/steve_msgs/msg/_motor_data_s.c
[1.266s] -- Up-to-date symlink: /home/dj/MREN203/joint_states/mren203-ws/install/steve_msgs/local/lib/python3.10/dist-packages/steve_msgs/msg/_sensor_data.py
[1.267s] -- Up-to-date symlink: /home/dj/MREN203/joint_states/mren203-ws/install/steve_msgs/local/lib/python3.10/dist-packages/steve_msgs/msg/_sensor_data_s.c
[1.267s] -- Up-to-date symlink: /home/dj/MREN203/joint_states/mren203-ws/install/steve_msgs/local/lib/python3.10/dist-packages/steve_msgs/msg/_set_points.py
[1.267s] -- Up-to-date symlink: /home/dj/MREN203/joint_states/mren203-ws/install/steve_msgs/local/lib/python3.10/dist-packages/steve_msgs/msg/_set_points_s.c
[1.267s] -- Up-to-date symlink: /home/dj/MREN203/joint_states/mren203-ws/install/steve_msgs/local/lib/python3.10/dist-packages/steve_msgs/steve_msgs_s__rosidl_typesupport_c.cpython-310-x86_64-linux-gnu.so
[1.267s] -- Up-to-date symlink: /home/dj/MREN203/joint_states/mren203-ws/install/steve_msgs/local/lib/python3.10/dist-packages/steve_msgs/steve_msgs_s__rosidl_typesupport_fastrtps_c.cpython-310-x86_64-linux-gnu.so
[1.267s] -- Up-to-date symlink: /home/dj/MREN203/joint_states/mren203-ws/install/steve_msgs/local/lib/python3.10/dist-packages/steve_msgs/steve_msgs_s__rosidl_typesupport_introspection_c.cpython-310-x86_64-linux-gnu.so
[1.267s] -- Up-to-date symlink: /home/dj/MREN203/joint_states/mren203-ws/install/steve_msgs/local/lib/python3.10/dist-packages/steve_msgs/steve_msgs_s__rosidl_typesupport_fastrtps_c.cpython-310-x86_64-linux-gnu.so
[1.267s] -- Up-to-date symlink: /home/dj/MREN203/joint_states/mren203-ws/install/steve_msgs/local/lib/python3.10/dist-packages/steve_msgs/steve_msgs_s__rosidl_typesupport_introspection_c.cpython-310-x86_64-linux-gnu.so
[1.268s] -- Up-to-date symlink: /home/dj/MREN203/joint_states/mren203-ws/install/steve_msgs/local/lib/python3.10/dist-packages/steve_msgs/steve_msgs_s__rosidl_typesupport_c.cpython-310-x86_64-linux-gnu.so
[1.268s] -- Up-to-date symlink: /home/dj/MREN203/joint_states/mren203-ws/install/steve_msgs/share/steve_msgs/msg/ControlUI.idl
[1.268s] -- Up-to-date symlink: /home/dj/MREN203/joint_states/mren203-ws/install/steve_msgs/share/steve_msgs/msg/SensorData.idl
[1.268s] -- Up-to-date symlink: /home/dj/MREN203/joint_states/mren203-ws/install/steve_msgs/share/steve_msgs/msg/SetPoints.idl
[1.268s] -- Up-to-date symlink: /home/dj/MREN203/joint_states/mren203-ws/install/steve_msgs/share/steve_msgs/msg/MotorData.idl
[1.268s] -- Up-to-date symlink: /home/dj/MREN203/joint_states/mren203-ws/install/steve_msgs/share/steve_msgs/msg/ControlUI.msg
[1.268s] -- Up-to-date symlink: /home/dj/MREN203/joint_states/mren203-ws/install/steve_msgs/share/steve_msgs/msg/SensorData.msg
[1.268s] -- Up-to-date symlink: /home/dj/MREN203/joint_states/mren203-ws/install/steve_msgs/share/steve_msgs/msg/SetPoints.msg
[1.268s] -- Up-to-date symlink: /home/dj/MREN203/joint_states/mren203-ws/install/steve_msgs/share/steve_msgs/msg/MotorData.msg
[1.268s] -- Up-to-date symlink: /home/dj/MREN203/joint_states/mren203-ws/install/steve_msgs/share/ament_index/resource_index/package_run_dependencies/steve_msgs
[1.268s] -- Up-to-date symlink: /home/dj/MREN203/joint_states/mren203-ws/install/steve_msgs/share/ament_index/resource_index/parent_prefix_path/steve_msgs
[1.268s] -- Up-to-date symlink: /home/dj/MREN203/joint_states/mren203-ws/install/steve_msgs/share/steve_msgs/environment/ament_prefix_path.sh
[1.269s] -- Up-to-date symlink: /home/dj/MREN203/joint_states/mren203-ws/install/steve_msgs/share/steve_msgs/environment/ament_prefix_path.dsv
[1.269s] -- Up-to-date symlink: /home/dj/MREN203/joint_states/mren203-ws/install/steve_msgs/share/steve_msgs/environment/path.sh
[1.269s] -- Up-to-date symlink: /home/dj/MREN203/joint_states/mren203-ws/install/steve_msgs/share/steve_msgs/environment/path.dsv
[1.269s] -- Up-to-date symlink: /home/dj/MREN203/joint_states/mren203-ws/install/steve_msgs/share/steve_msgs/local_setup.bash
[1.269s] -- Up-to-date symlink: /home/dj/MREN203/joint_states/mren203-ws/install/steve_msgs/share/steve_msgs/local_setup.sh
[1.269s] -- Up-to-date symlink: /home/dj/MREN203/joint_states/mren203-ws/install/steve_msgs/share/steve_msgs/local_setup.zsh
[1.269s] -- Up-to-date symlink: /home/dj/MREN203/joint_states/mren203-ws/install/steve_msgs/share/steve_msgs/local_setup.dsv
[1.269s] -- Symlinking: /home/dj/MREN203/joint_states/mren203-ws/install/steve_msgs/share/steve_msgs/package.dsv
[1.269s] -- Up-to-date symlink: /home/dj/MREN203/joint_states/mren203-ws/install/steve_msgs/share/ament_index/resource_index/packages/steve_msgs
[1.269s] -- Up-to-date symlink: /home/dj/MREN203/joint_states/mren203-ws/install/steve_msgs/share/steve_msgs/cmake/rosidl_cmake-extras.cmake
[1.269s] -- Up-to-date symlink: /home/dj/MREN203/joint_states/mren203-ws/install/steve_msgs/share/steve_msgs/cmake/ament_cmake_export_include_directories-extras.cmake
[1.269s] -- Up-to-date symlink: /home/dj/MREN203/joint_states/mren203-ws/install/steve_msgs/share/steve_msgs/cmake/ament_cmake_export_libraries-extras.cmake
[1.269s] -- Up-to-date symlink: /home/dj/MREN203/joint_states/mren203-ws/install/steve_msgs/share/steve_msgs/cmake/ament_cmake_export_targets-extras.cmake
[1.269s] -- Up-to-date symlink: /home/dj/MREN203/joint_states/mren203-ws/install/steve_msgs/share/steve_msgs/cmake/rosidl_cmake_export_typesupport_targets-extras.cmake
[1.269s] -- Up-to-date symlink: /home/dj/MREN203/joint_states/mren203-ws/install/steve_msgs/share/steve_msgs/cmake/ament_cmake_export_dependencies-extras.cmake
[1.270s] -- Up-to-date symlink: /home/dj/MREN203/joint_states/mren203-ws/install/steve_msgs/share/steve_msgs/cmake/rosidl_cmake_export_typesupport_libraries-extras.cmake
[1.270s] -- Up-to-date symlink: /home/dj/MREN203/joint_states/mren203-ws/install/steve_msgs/share/steve_msgs/cmake/steve_msgsConfig.cmake
[1.270s] -- Up-to-date symlink: /home/dj/MREN203/joint_states/mren203-ws/install/steve_msgs/share/steve_msgs/cmake/steve_msgsConfig-version.cmake
[1.270s] -- Up-to-date symlink: /home/dj/MREN203/joint_states/mren203-ws/install/steve_msgs/share/steve_msgs/package.xml
[1.270s] -- Up-to-date: /home/dj/MREN203/joint_states/mren203-ws/install/steve_msgs/lib/libsteve_msgs__rosidl_generator_c.so
[1.270s] -- Up-to-date: /home/dj/MREN203/joint_states/mren203-ws/install/steve_msgs/lib/libsteve_msgs__rosidl_typesupport_fastrtps_c.so
[1.270s] -- Up-to-date: /home/dj/MREN203/joint_states/mren203-ws/install/steve_msgs/lib/libsteve_msgs__rosidl_typesupport_introspection_c.so
[1.270s] -- Up-to-date: /home/dj/MREN203/joint_states/mren203-ws/install/steve_msgs/lib/libsteve_msgs__rosidl_typesupport_c.so
[1.270s] -- Up-to-date: /home/dj/MREN203/joint_states/mren203-ws/install/steve_msgs/lib/libsteve_msgs__rosidl_typesupport_fastrtps_cpp.so
[1.270s] -- Up-to-date: /home/dj/MREN203/joint_states/mren203-ws/install/steve_msgs/lib/libsteve_msgs__rosidl_typesupport_introspection_cpp.so
[1.270s] -- Up-to-date: /home/dj/MREN203/joint_states/mren203-ws/install/steve_msgs/lib/libsteve_msgs__rosidl_typesupport_cpp.so
[1.286s] Listing '/home/dj/MREN203/joint_states/mren203-ws/install/steve_msgs/local/lib/python3.10/dist-packages/steve_msgs'...
[1.287s] Listing '/home/dj/MREN203/joint_states/mren203-ws/install/steve_msgs/local/lib/python3.10/dist-packages/steve_msgs/msg'...
[1.289s] -- Up-to-date: /home/dj/MREN203/joint_states/mren203-ws/install/steve_msgs/lib/libsteve_msgs__rosidl_generator_py.so
[1.289s] -- Up-to-date: /home/dj/MREN203/joint_states/mren203-ws/install/steve_msgs/share/steve_msgs/cmake/export_steve_msgs__rosidl_generator_cExport.cmake
[1.290s] -- Up-to-date: /home/dj/MREN203/joint_states/mren203-ws/install/steve_msgs/share/steve_msgs/cmake/export_steve_msgs__rosidl_generator_cExport-noconfig.cmake
[1.290s] -- Up-to-date: /home/dj/MREN203/joint_states/mren203-ws/install/steve_msgs/share/steve_msgs/cmake/export_steve_msgs__rosidl_typesupport_fastrtps_cExport.cmake
[1.290s] -- Up-to-date: /home/dj/MREN203/joint_states/mren203-ws/install/steve_msgs/share/steve_msgs/cmake/export_steve_msgs__rosidl_typesupport_fastrtps_cExport-noconfig.cmake
[1.290s] -- Up-to-date: /home/dj/MREN203/joint_states/mren203-ws/install/steve_msgs/share/steve_msgs/cmake/steve_msgs__rosidl_typesupport_introspection_cExport.cmake
[1.291s] -- Up-to-date: /home/dj/MREN203/joint_states/mren203-ws/install/steve_msgs/share/steve_msgs/cmake/steve_msgs__rosidl_typesupport_introspection_cExport-noconfig.cmake
[1.291s] -- Up-to-date: /home/dj/MREN203/joint_states/mren203-ws/install/steve_msgs/share/steve_msgs/cmake/steve_msgs__rosidl_typesupport_cExport.cmake
[1.291s] -- Up-to-date: /home/dj/MREN203/joint_states/mren203-ws/install/steve_msgs/share/steve_msgs/cmake/steve_msgs__rosidl_typesupport_cExport-noconfig.cmake
[1.291s] -- Up-to-date: /home/dj/MREN203/joint_states/mren203-ws/install/steve_msgs/share/steve_msgs/cmake/export_steve_msgs__rosidl_generator_cppExport.cmake
[1.291s] -- Up-to-date: /home/dj/MREN203/joint_states/mren203-ws/install/steve_msgs/share/steve_msgs/cmake/export_steve_msgs__rosidl_typesupport_fastrtps_cppExport.cmake
[1.291s] -- Up-to-date: /home/dj/MREN203/joint_states/mren203-ws/install/steve_msgs/share/steve_msgs/cmake/export_steve_msgs__rosidl_typesupport_fastrtps_cppExport-noconfig.cmake
[1.292s] -- Up-to-date: /home/dj/MREN203/joint_states/mren203-ws/install/steve_msgs/share/steve_msgs/cmake/steve_msgs__rosidl_typesupport_introspection_cppExport.cmake
[1.292s] -- Up-to-date: /home/dj/MREN203/joint_states/mren203-ws/install/steve_msgs/share/steve_msgs/cmake/steve_msgs__rosidl_typesupport_introspection_cppExport-noconfig.cmake
[1.292s] -- Up-to-date: /home/dj/MREN203/joint_states/mren203-ws/install/steve_msgs/share/steve_msgs/cmake/steve_msgs__rosidl_typesupport_cppExport.cmake
[1.292s] -- Up-to-date: /home/dj/MREN203/joint_states/mren203-ws/install/steve_msgs/share/steve_msgs/cmake/steve_msgs__rosidl_typesupport_cppExport-noconfig.cmake
[1.292s] -- Up-to-date: /home/dj/MREN203/joint_states/mren203-ws/install/steve_msgs/share/steve_msgs/cmake/export_steve_msgs__rosidl_generator_pyExport.cmake
[1.292s] -- Up-to-date: /home/dj/MREN203/joint_states/mren203-ws/install/steve_msgs/share/steve_msgs/cmake/export_steve_msgs__rosidl_generator_pyExport-noconfig.cmake
[1.355s] Invoked command in '/home/dj/MREN203/joint_states/mren203-ws/build/steve_msgs' returned '0': CMAKE_PREFIX_PATH=${CMAKE_PREFIX_PATH}:/home/dj/MREN203/joint_states/mren203-ws/install/steve_ui:/home/dj/MREN203/joint_states/mren203-ws/install/motor_control:/home/dj/MREN203/joint_states/mren203-ws/install/joystick_ros2:/opt/ros/humble /usr/bin/cmake --install /home/dj/MREN203/joint_states/mren203-ws/build/steve_msgs
