[1.373s] Invoking command in '/home/dj/MREN203/joint_states/mren203-ws/build/joystick_ros2': PYTHONPATH=/home/dj/MREN203/joint_states/mren203-ws/build/joystick_ros2/prefix_override:/home/dj/MREN203/joint_states/mren203-ws/install/joystick_ros2/lib/python3.10/site-packages:${PYTHONPATH} /usr/bin/python3 setup.py develop --editable --build-directory /home/dj/MREN203/joint_states/mren203-ws/build/joystick_ros2/build --no-deps install_data
[1.660s] running develop
[1.660s] /home/dj/.local/lib/python3.10/site-packages/setuptools/command/develop.py:40: EasyInstallDeprecationWarning: easy_install command is deprecated.
[1.661s] !!
[1.661s] 
[1.661s]         ********************************************************************************
[1.662s]         Please avoid running ``setup.py`` and ``easy_install``.
[1.662s]         Instead, use pypa/build, pypa/installer or other
[1.663s]         standards-based tools.
[1.663s] 
[1.663s]         See https://github.com/pypa/setuptools/issues/917 for details.
[1.664s]         ********************************************************************************
[1.664s] 
[1.664s] !!
[1.665s]   easy_install.initialize_options(self)
[1.688s] /home/dj/.local/lib/python3.10/site-packages/setuptools/_distutils/cmd.py:66: SetuptoolsDeprecationWarning: setup.py install is deprecated.
[1.688s] !!
[1.688s] 
[1.688s]         ********************************************************************************
[1.689s]         Please avoid running ``setup.py`` directly.
[1.689s]         Instead, use pypa/build, pypa/installer or other
[1.689s]         standards-based tools.
[1.689s] 
[1.689s]         See https://blog.ganssle.io/articles/2021/10/setup-py-deprecated.html for details.
[1.689s]         ********************************************************************************
[1.689s] 
[1.690s] !!
[1.690s]   self.initialize_options()
[1.865s] running egg_info
[1.879s] writing joystick_ros2.egg-info/PKG-INFO
[1.879s] writing dependency_links to joystick_ros2.egg-info/dependency_links.txt
[1.880s] writing entry points to joystick_ros2.egg-info/entry_points.txt
[1.880s] writing requirements to joystick_ros2.egg-info/requires.txt
[1.880s] writing top-level names to joystick_ros2.egg-info/top_level.txt
[1.908s] reading manifest file 'joystick_ros2.egg-info/SOURCES.txt'
[1.909s] writing manifest file 'joystick_ros2.egg-info/SOURCES.txt'
[1.961s] running build_ext
[1.962s] Creating /home/dj/MREN203/joint_states/mren203-ws/install/joystick_ros2/lib/python3.10/site-packages/joystick-ros2.egg-link (link to .)
[1.963s] Installing joystick_ros2 script to /home/dj/MREN203/joint_states/mren203-ws/install/joystick_ros2/lib/joystick_ros2
[1.963s] 
[1.963s] Installed /home/dj/MREN203/joint_states/mren203-ws/build/joystick_ros2
[1.964s] running install_data
[1.964s] copying resource/joystick_ros2 -> /home/dj/MREN203/joint_states/mren203-ws/install/joystick_ros2/share/ament_index/resource_index/packages
[1.964s] copying package.xml -> /home/dj/MREN203/joint_states/mren203-ws/install/joystick_ros2/shared/joystick_ros2
[2.207s] Invoked command in '/home/dj/MREN203/joint_states/mren203-ws/build/joystick_ros2' returned '0': PYTHONPATH=/home/dj/MREN203/joint_states/mren203-ws/build/joystick_ros2/prefix_override:/home/dj/MREN203/joint_states/mren203-ws/install/joystick_ros2/lib/python3.10/site-packages:${PYTHONPATH} /usr/bin/python3 setup.py develop --editable --build-directory /home/dj/MREN203/joint_states/mren203-ws/build/joystick_ros2/build --no-deps install_data
