[0.226s] Invoking command in '/home/dj/MREN203/mren203-ws/build/steve_msgs': CMAKE_PREFIX_PATH=/opt/ros/humble /usr/bin/cmake /home/dj/MREN203/mren203-ws/src/steve_msgs -DAMENT_CMAKE_SYMLINK_INSTALL=1 -DCMAKE_INSTALL_PREFIX=/home/dj/MREN203/mren203-ws/install/steve_msgs
[0.455s] -- The C compiler identification is GNU 11.4.0
[0.456s] -- The CXX compiler identification is GNU 11.4.0
[0.456s] -- Detecting C compiler ABI info
[0.457s] -- Detecting C compiler ABI info - done
[0.457s] -- Check for working C compiler: /usr/bin/cc - skipped
[0.458s] -- Detecting C compile features
[0.458s] -- Detecting C compile features - done
[0.458s] -- Detecting CXX compiler ABI info
[0.502s] -- Detecting CXX compiler ABI info - done
[0.509s] -- Check for working CXX compiler: /usr/bin/c++ - skipped
[0.509s] -- Detecting CXX compile features
[0.510s] -- Detecting CXX compile features - done
[0.513s] -- Found ament_cmake: 1.3.8 (/opt/ros/humble/share/ament_cmake/cmake)
[0.809s] -- Found Python3: /usr/bin/python3 (found version "3.10.12") found components: Interpreter 
[0.863s] -- Override CMake install command with custom implementation using symlinks instead of copying resources
[0.892s] -- Found rosidl_default_generators: 1.2.0 (/opt/ros/humble/share/rosidl_default_generators/cmake)
[0.892s] -- Using all available rosidl_typesupport_c: rosidl_typesupport_fastrtps_c;rosidl_typesupport_introspection_c
[0.897s] -- Found rosidl_adapter: 3.1.5 (/opt/ros/humble/share/rosidl_adapter/cmake)
[0.933s] -- Using all available rosidl_typesupport_cpp: rosidl_typesupport_fastrtps_cpp;rosidl_typesupport_introspection_cpp
[1.225s] -- Found ament_cmake_ros: 0.10.0 (/opt/ros/humble/share/ament_cmake_ros/cmake)
[1.372s] -- Using all available rosidl_typesupport_c: rosidl_typesupport_fastrtps_c;rosidl_typesupport_introspection_c
[1.565s] -- Using all available rosidl_typesupport_cpp: rosidl_typesupport_fastrtps_cpp;rosidl_typesupport_introspection_cpp
[1.584s] -- Found PythonInterp: /usr/bin/python3 (found suitable version "3.10.12", minimum required is "3.6") 
[1.585s] -- Found python_cmake_module: 0.10.0 (/opt/ros/humble/share/python_cmake_module/cmake)
[1.607s] -- Found PythonLibs: /usr/lib/x86_64-linux-gnu/libpython3.10.so (found suitable version "3.10.12", minimum required is "3.5") 
[1.607s] -- Using PYTHON_EXECUTABLE: /usr/bin/python3
[1.607s] -- Using PYTHON_INCLUDE_DIRS: /usr/include/python3.10
[1.607s] -- Using PYTHON_LIBRARIES: /usr/lib/x86_64-linux-gnu/libpython3.10.so
[1.626s] -- Found PythonExtra: .so  
[1.654s] -- Found ament_lint_auto: 0.12.10 (/opt/ros/humble/share/ament_lint_auto/cmake)
[1.672s] -- Added test 'lint_cmake' to check CMake code style
[1.673s] -- Added test 'xmllint' to check XML markup files
[1.676s] -- Configuring done
[1.701s] -- Generating done
[1.704s] -- Build files have been written to: /home/dj/MREN203/mren203-ws/build/steve_msgs
[1.713s] Invoked command in '/home/dj/MREN203/mren203-ws/build/steve_msgs' returned '0': CMAKE_PREFIX_PATH=/opt/ros/humble /usr/bin/cmake /home/dj/MREN203/mren203-ws/src/steve_msgs -DAMENT_CMAKE_SYMLINK_INSTALL=1 -DCMAKE_INSTALL_PREFIX=/home/dj/MREN203/mren203-ws/install/steve_msgs
[1.714s] Invoking command in '/home/dj/MREN203/mren203-ws/build/steve_msgs': CMAKE_PREFIX_PATH=/opt/ros/humble /usr/bin/cmake --build /home/dj/MREN203/mren203-ws/build/steve_msgs -- -j16 -l16
[1.756s] [  2%] [34m[1mGenerating C code for ROS interfaces[0m
[1.764s] [  4%] [34m[1mGenerating C++ code for ROS interfaces[0m
[1.774s] [  4%] Built target ament_cmake_python_symlink_steve_msgs
[1.967s] running egg_info
[1.967s] creating steve_msgs.egg-info
[1.983s] writing steve_msgs.egg-info/PKG-INFO
[1.983s] writing dependency_links to steve_msgs.egg-info/dependency_links.txt
[1.983s] writing top-level names to steve_msgs.egg-info/top_level.txt
[1.984s] writing manifest file 'steve_msgs.egg-info/SOURCES.txt'
[2.033s] reading manifest file 'steve_msgs.egg-info/SOURCES.txt'
[2.033s] writing manifest file 'steve_msgs.egg-info/SOURCES.txt'
[2.060s] [  4%] Built target ament_cmake_python_build_steve_msgs_egg
[2.101s] [  6%] [32mBuilding C object CMakeFiles/steve_msgs__rosidl_generator_c.dir/rosidl_generator_c/steve_msgs/msg/detail/control_ui__functions.c.o[0m
[2.102s] [  8%] [32mBuilding C object CMakeFiles/steve_msgs__rosidl_generator_c.dir/rosidl_generator_c/steve_msgs/msg/detail/set_points__functions.c.o[0m
[2.103s] [ 10%] [32mBuilding C object CMakeFiles/steve_msgs__rosidl_generator_c.dir/rosidl_generator_c/steve_msgs/msg/detail/sensor_data__functions.c.o[0m
[2.109s] [ 10%] Built target steve_msgs__cpp
[2.122s] [ 12%] [34m[1mGenerating C++ type support dispatch for ROS interfaces[0m
[2.123s] [ 17%] [34m[1mGenerating C++ introspection for ROS interfaces[0m
[2.124s] [ 17%] [34m[1mGenerating C++ type support for eProsima Fast-RTPS[0m
[2.152s] [ 19%] [32m[1mLinking C shared library libsteve_msgs__rosidl_generator_c.so[0m
[2.187s] [ 19%] Built target steve_msgs__rosidl_generator_c
[2.199s] [ 23%] [34m[1mGenerating C type support for eProsima Fast-RTPS[0m
[2.199s] [ 23%] [34m[1mGenerating C introspection for ROS interfaces[0m
[2.199s] [ 25%] [34m[1mGenerating C type support dispatch for ROS interfaces[0m
[2.509s] [ 31%] [32mBuilding CXX object CMakeFiles/steve_msgs__rosidl_typesupport_c.dir/rosidl_typesupport_c/steve_msgs/msg/set_points__type_support.cpp.o[0m
[2.509s] [ 31%] [32mBuilding CXX object CMakeFiles/steve_msgs__rosidl_typesupport_c.dir/rosidl_typesupport_c/steve_msgs/msg/sensor_data__type_support.cpp.o[0m
[2.509s] [ 31%] [32mBuilding CXX object CMakeFiles/steve_msgs__rosidl_typesupport_c.dir/rosidl_typesupport_c/steve_msgs/msg/control_ui__type_support.cpp.o[0m
[2.538s] [ 34%] [32m[1mLinking CXX shared library libsteve_msgs__rosidl_typesupport_c.so[0m
[2.556s] [ 36%] [32mBuilding CXX object CMakeFiles/steve_msgs__rosidl_typesupport_fastrtps_c.dir/rosidl_typesupport_fastrtps_c/steve_msgs/msg/detail/control_ui__type_support_c.cpp.o[0m
[2.557s] [ 38%] [32mBuilding CXX object CMakeFiles/steve_msgs__rosidl_typesupport_fastrtps_c.dir/rosidl_typesupport_fastrtps_c/steve_msgs/msg/detail/sensor_data__type_support_c.cpp.o[0m
[2.558s] [ 40%] [32mBuilding CXX object CMakeFiles/steve_msgs__rosidl_typesupport_fastrtps_c.dir/rosidl_typesupport_fastrtps_c/steve_msgs/msg/detail/set_points__type_support_c.cpp.o[0m
[2.571s] [ 44%] [32mBuilding CXX object CMakeFiles/steve_msgs__rosidl_typesupport_cpp.dir/rosidl_typesupport_cpp/steve_msgs/msg/control_ui__type_support.cpp.o[0m
[2.571s] [ 44%] [32mBuilding CXX object CMakeFiles/steve_msgs__rosidl_typesupport_cpp.dir/rosidl_typesupport_cpp/steve_msgs/msg/set_points__type_support.cpp.o[0m
[2.573s] [ 46%] [32mBuilding CXX object CMakeFiles/steve_msgs__rosidl_typesupport_cpp.dir/rosidl_typesupport_cpp/steve_msgs/msg/sensor_data__type_support.cpp.o[0m
[2.576s] [ 46%] Built target steve_msgs__rosidl_typesupport_c
[2.596s] [ 48%] [32mBuilding CXX object CMakeFiles/steve_msgs__rosidl_typesupport_introspection_cpp.dir/rosidl_typesupport_introspection_cpp/steve_msgs/msg/detail/control_ui__type_support.cpp.o[0m
[2.596s] [ 53%] [32mBuilding CXX object CMakeFiles/steve_msgs__rosidl_typesupport_introspection_cpp.dir/rosidl_typesupport_introspection_cpp/steve_msgs/msg/detail/set_points__type_support.cpp.o[0m
[2.596s] [ 53%] [32mBuilding CXX object CMakeFiles/steve_msgs__rosidl_typesupport_introspection_cpp.dir/rosidl_typesupport_introspection_cpp/steve_msgs/msg/detail/sensor_data__type_support.cpp.o[0m
[2.644s] [ 57%] [32mBuilding CXX object CMakeFiles/steve_msgs__rosidl_typesupport_fastrtps_cpp.dir/rosidl_typesupport_fastrtps_cpp/steve_msgs/msg/detail/dds_fastrtps/control_ui__type_support.cpp.o[0m
[2.644s] [ 59%] [32mBuilding CXX object CMakeFiles/steve_msgs__rosidl_typesupport_fastrtps_cpp.dir/rosidl_typesupport_fastrtps_cpp/steve_msgs/msg/detail/dds_fastrtps/sensor_data__type_support.cpp.o[0m
[2.644s] [ 59%] [32mBuilding CXX object CMakeFiles/steve_msgs__rosidl_typesupport_fastrtps_cpp.dir/rosidl_typesupport_fastrtps_cpp/steve_msgs/msg/detail/dds_fastrtps/set_points__type_support.cpp.o[0m
[2.710s] [ 61%] [32mBuilding C object CMakeFiles/steve_msgs__rosidl_typesupport_introspection_c.dir/rosidl_typesupport_introspection_c/steve_msgs/msg/detail/control_ui__type_support.c.o[0m
[2.715s] [ 63%] [32mBuilding C object CMakeFiles/steve_msgs__rosidl_typesupport_introspection_c.dir/rosidl_typesupport_introspection_c/steve_msgs/msg/detail/set_points__type_support.c.o[0m
[2.726s] [ 65%] [32mBuilding C object CMakeFiles/steve_msgs__rosidl_typesupport_introspection_c.dir/rosidl_typesupport_introspection_c/steve_msgs/msg/detail/sensor_data__type_support.c.o[0m
[2.787s] [ 68%] [32m[1mLinking C shared library libsteve_msgs__rosidl_typesupport_introspection_c.so[0m
[2.842s] [ 68%] Built target steve_msgs__rosidl_typesupport_introspection_c
[2.889s] [ 70%] [32m[1mLinking CXX shared library libsteve_msgs__rosidl_typesupport_cpp.so[0m
[2.930s] [ 70%] Built target steve_msgs__rosidl_typesupport_cpp
[2.936s] [ 72%] [32m[1mLinking CXX shared library libsteve_msgs__rosidl_typesupport_fastrtps_c.so[0m
[3.000s] [ 74%] [32m[1mLinking CXX shared library libsteve_msgs__rosidl_typesupport_introspection_cpp.so[0m
[3.006s] [ 74%] Built target steve_msgs__rosidl_typesupport_fastrtps_c
[3.037s] [ 74%] Built target steve_msgs__rosidl_typesupport_introspection_cpp
[3.071s] [ 76%] [32m[1mLinking CXX shared library libsteve_msgs__rosidl_typesupport_fastrtps_cpp.so[0m
[3.133s] [ 76%] Built target steve_msgs__rosidl_typesupport_fastrtps_cpp
[3.156s] [ 76%] Built target steve_msgs
[3.177s] [ 78%] [34m[1mGenerating Python code for ROS interfaces[0m
[3.627s] [ 78%] Built target steve_msgs__py
[3.648s] [ 80%] [32mBuilding C object CMakeFiles/steve_msgs__rosidl_generator_py.dir/rosidl_generator_py/steve_msgs/msg/_control_ui_s.c.o[0m
[3.648s] [ 82%] [32mBuilding C object CMakeFiles/steve_msgs__rosidl_generator_py.dir/rosidl_generator_py/steve_msgs/msg/_sensor_data_s.c.o[0m
[3.649s] [ 85%] [32mBuilding C object CMakeFiles/steve_msgs__rosidl_generator_py.dir/rosidl_generator_py/steve_msgs/msg/_set_points_s.c.o[0m
[3.739s] [ 87%] [32m[1mLinking C shared library rosidl_generator_py/steve_msgs/libsteve_msgs__rosidl_generator_py.so[0m
[3.776s] [ 87%] Built target steve_msgs__rosidl_generator_py
[3.794s] [ 89%] [32mBuilding C object CMakeFiles/steve_msgs__rosidl_typesupport_introspection_c__pyext.dir/rosidl_generator_py/steve_msgs/_steve_msgs_s.ep.rosidl_typesupport_introspection_c.c.o[0m
[3.795s] [ 93%] [32mBuilding C object CMakeFiles/steve_msgs__rosidl_typesupport_c__pyext.dir/rosidl_generator_py/steve_msgs/_steve_msgs_s.ep.rosidl_typesupport_c.c.o[0m
[3.795s] [ 93%] [32mBuilding C object CMakeFiles/steve_msgs__rosidl_typesupport_fastrtps_c__pyext.dir/rosidl_generator_py/steve_msgs/_steve_msgs_s.ep.rosidl_typesupport_fastrtps_c.c.o[0m
[3.867s] [ 97%] [32m[1mLinking C shared library rosidl_generator_py/steve_msgs/steve_msgs_s__rosidl_typesupport_c.cpython-310-x86_64-linux-gnu.so[0m
[3.867s] [ 97%] [32m[1mLinking C shared library rosidl_generator_py/steve_msgs/steve_msgs_s__rosidl_typesupport_introspection_c.cpython-310-x86_64-linux-gnu.so[0m
[3.870s] [100%] [32m[1mLinking C shared library rosidl_generator_py/steve_msgs/steve_msgs_s__rosidl_typesupport_fastrtps_c.cpython-310-x86_64-linux-gnu.so[0m
[3.897s] [100%] Built target steve_msgs__rosidl_typesupport_c__pyext
[3.897s] [100%] Built target steve_msgs__rosidl_typesupport_introspection_c__pyext
[3.902s] [100%] Built target steve_msgs__rosidl_typesupport_fastrtps_c__pyext
[3.914s] Invoked command in '/home/dj/MREN203/mren203-ws/build/steve_msgs' returned '0': CMAKE_PREFIX_PATH=/opt/ros/humble /usr/bin/cmake --build /home/dj/MREN203/mren203-ws/build/steve_msgs -- -j16 -l16
[4.045s] Invoking command in '/home/dj/MREN203/mren203-ws/build/steve_msgs': CMAKE_PREFIX_PATH=/opt/ros/humble /usr/bin/cmake --install /home/dj/MREN203/mren203-ws/build/steve_msgs
[4.052s] -- Install configuration: ""
[4.053s] -- Execute custom install script
[4.053s] -- Symlinking: /home/dj/MREN203/mren203-ws/install/steve_msgs/share/ament_index/resource_index/rosidl_interfaces/steve_msgs
[4.063s] -- Symlinking: /home/dj/MREN203/mren203-ws/install/steve_msgs/include/steve_msgs/steve_msgs/msg/control_ui.h
[4.072s] -- Symlinking: /home/dj/MREN203/mren203-ws/install/steve_msgs/include/steve_msgs/steve_msgs/msg/detail/control_ui__functions.h
[4.080s] -- Symlinking: /home/dj/MREN203/mren203-ws/install/steve_msgs/include/steve_msgs/steve_msgs/msg/detail/control_ui__struct.h
[4.088s] -- Symlinking: /home/dj/MREN203/mren203-ws/install/steve_msgs/include/steve_msgs/steve_msgs/msg/detail/control_ui__type_support.h
[4.097s] -- Symlinking: /home/dj/MREN203/mren203-ws/install/steve_msgs/include/steve_msgs/steve_msgs/msg/detail/sensor_data__functions.h
[4.105s] -- Symlinking: /home/dj/MREN203/mren203-ws/install/steve_msgs/include/steve_msgs/steve_msgs/msg/detail/sensor_data__struct.h
[4.114s] -- Symlinking: /home/dj/MREN203/mren203-ws/install/steve_msgs/include/steve_msgs/steve_msgs/msg/detail/sensor_data__type_support.h
[4.124s] -- Symlinking: /home/dj/MREN203/mren203-ws/install/steve_msgs/include/steve_msgs/steve_msgs/msg/detail/set_points__functions.h
[4.133s] -- Symlinking: /home/dj/MREN203/mren203-ws/install/steve_msgs/include/steve_msgs/steve_msgs/msg/detail/set_points__struct.h
[4.142s] -- Symlinking: /home/dj/MREN203/mren203-ws/install/steve_msgs/include/steve_msgs/steve_msgs/msg/detail/set_points__type_support.h
[4.151s] -- Symlinking: /home/dj/MREN203/mren203-ws/install/steve_msgs/include/steve_msgs/steve_msgs/msg/rosidl_generator_c__visibility_control.h
[4.160s] -- Symlinking: /home/dj/MREN203/mren203-ws/install/steve_msgs/include/steve_msgs/steve_msgs/msg/sensor_data.h
[4.169s] -- Symlinking: /home/dj/MREN203/mren203-ws/install/steve_msgs/include/steve_msgs/steve_msgs/msg/set_points.h
[4.178s] -- Symlinking: /home/dj/MREN203/mren203-ws/install/steve_msgs/share/steve_msgs/environment/library_path.sh
[4.186s] -- Symlinking: /home/dj/MREN203/mren203-ws/install/steve_msgs/share/steve_msgs/environment/library_path.dsv
[4.195s] -- Symlinking: /home/dj/MREN203/mren203-ws/install/steve_msgs/include/steve_msgs/steve_msgs/msg/detail/control_ui__rosidl_typesupport_fastrtps_c.h
[4.204s] -- Symlinking: /home/dj/MREN203/mren203-ws/install/steve_msgs/include/steve_msgs/steve_msgs/msg/detail/sensor_data__rosidl_typesupport_fastrtps_c.h
[4.213s] -- Symlinking: /home/dj/MREN203/mren203-ws/install/steve_msgs/include/steve_msgs/steve_msgs/msg/detail/set_points__rosidl_typesupport_fastrtps_c.h
[4.222s] -- Symlinking: /home/dj/MREN203/mren203-ws/install/steve_msgs/include/steve_msgs/steve_msgs/msg/rosidl_typesupport_fastrtps_c__visibility_control.h
[4.231s] -- Symlinking: /home/dj/MREN203/mren203-ws/install/steve_msgs/include/steve_msgs/steve_msgs/msg/detail/control_ui__rosidl_typesupport_introspection_c.h
[4.240s] -- Symlinking: /home/dj/MREN203/mren203-ws/install/steve_msgs/include/steve_msgs/steve_msgs/msg/detail/sensor_data__rosidl_typesupport_introspection_c.h
[4.248s] -- Symlinking: /home/dj/MREN203/mren203-ws/install/steve_msgs/include/steve_msgs/steve_msgs/msg/detail/set_points__rosidl_typesupport_introspection_c.h
[4.257s] -- Symlinking: /home/dj/MREN203/mren203-ws/install/steve_msgs/include/steve_msgs/steve_msgs/msg/rosidl_typesupport_introspection_c__visibility_control.h
[4.266s] -- Symlinking: /home/dj/MREN203/mren203-ws/install/steve_msgs/include/steve_msgs/steve_msgs/msg/control_ui.hpp
[4.276s] -- Symlinking: /home/dj/MREN203/mren203-ws/install/steve_msgs/include/steve_msgs/steve_msgs/msg/detail/control_ui__builder.hpp
[4.284s] -- Symlinking: /home/dj/MREN203/mren203-ws/install/steve_msgs/include/steve_msgs/steve_msgs/msg/detail/control_ui__struct.hpp
[4.292s] -- Symlinking: /home/dj/MREN203/mren203-ws/install/steve_msgs/include/steve_msgs/steve_msgs/msg/detail/control_ui__traits.hpp
[4.301s] -- Symlinking: /home/dj/MREN203/mren203-ws/install/steve_msgs/include/steve_msgs/steve_msgs/msg/detail/sensor_data__builder.hpp
[4.309s] -- Symlinking: /home/dj/MREN203/mren203-ws/install/steve_msgs/include/steve_msgs/steve_msgs/msg/detail/sensor_data__struct.hpp
[4.319s] -- Symlinking: /home/dj/MREN203/mren203-ws/install/steve_msgs/include/steve_msgs/steve_msgs/msg/detail/sensor_data__traits.hpp
[4.328s] -- Symlinking: /home/dj/MREN203/mren203-ws/install/steve_msgs/include/steve_msgs/steve_msgs/msg/detail/set_points__builder.hpp
[4.337s] -- Symlinking: /home/dj/MREN203/mren203-ws/install/steve_msgs/include/steve_msgs/steve_msgs/msg/detail/set_points__struct.hpp
[4.346s] -- Symlinking: /home/dj/MREN203/mren203-ws/install/steve_msgs/include/steve_msgs/steve_msgs/msg/detail/set_points__traits.hpp
[4.353s] -- Symlinking: /home/dj/MREN203/mren203-ws/install/steve_msgs/include/steve_msgs/steve_msgs/msg/sensor_data.hpp
[4.362s] -- Symlinking: /home/dj/MREN203/mren203-ws/install/steve_msgs/include/steve_msgs/steve_msgs/msg/set_points.hpp
[4.371s] -- Symlinking: /home/dj/MREN203/mren203-ws/install/steve_msgs/include/steve_msgs/steve_msgs/msg/detail/control_ui__rosidl_typesupport_fastrtps_cpp.hpp
[4.379s] -- Symlinking: /home/dj/MREN203/mren203-ws/install/steve_msgs/include/steve_msgs/steve_msgs/msg/detail/sensor_data__rosidl_typesupport_fastrtps_cpp.hpp
[4.387s] -- Symlinking: /home/dj/MREN203/mren203-ws/install/steve_msgs/include/steve_msgs/steve_msgs/msg/detail/set_points__rosidl_typesupport_fastrtps_cpp.hpp
[4.396s] -- Symlinking: /home/dj/MREN203/mren203-ws/install/steve_msgs/include/steve_msgs/steve_msgs/msg/rosidl_typesupport_fastrtps_cpp__visibility_control.h
[4.404s] -- Symlinking: /home/dj/MREN203/mren203-ws/install/steve_msgs/include/steve_msgs/steve_msgs/msg/detail/control_ui__rosidl_typesupport_introspection_cpp.hpp
[4.413s] -- Symlinking: /home/dj/MREN203/mren203-ws/install/steve_msgs/include/steve_msgs/steve_msgs/msg/detail/sensor_data__rosidl_typesupport_introspection_cpp.hpp
[4.422s] -- Symlinking: /home/dj/MREN203/mren203-ws/install/steve_msgs/include/steve_msgs/steve_msgs/msg/detail/set_points__rosidl_typesupport_introspection_cpp.hpp
[4.431s] -- Symlinking: /home/dj/MREN203/mren203-ws/install/steve_msgs/share/steve_msgs/environment/pythonpath.sh
[4.440s] -- Symlinking: /home/dj/MREN203/mren203-ws/install/steve_msgs/share/steve_msgs/environment/pythonpath.dsv
[4.450s] -- Symlinking: /home/dj/MREN203/mren203-ws/install/steve_msgs/local/lib/python3.10/dist-packages/steve_msgs-0.0.0-py3.10.egg-info/PKG-INFO
[4.458s] -- Symlinking: /home/dj/MREN203/mren203-ws/install/steve_msgs/local/lib/python3.10/dist-packages/steve_msgs-0.0.0-py3.10.egg-info/SOURCES.txt
[4.466s] -- Symlinking: /home/dj/MREN203/mren203-ws/install/steve_msgs/local/lib/python3.10/dist-packages/steve_msgs-0.0.0-py3.10.egg-info/dependency_links.txt
[4.475s] -- Symlinking: /home/dj/MREN203/mren203-ws/install/steve_msgs/local/lib/python3.10/dist-packages/steve_msgs-0.0.0-py3.10.egg-info/top_level.txt
[4.484s] -- Symlinking: /home/dj/MREN203/mren203-ws/install/steve_msgs/local/lib/python3.10/dist-packages/steve_msgs/__init__.py
[4.493s] -- Symlinking: /home/dj/MREN203/mren203-ws/install/steve_msgs/local/lib/python3.10/dist-packages/steve_msgs/_steve_msgs_s.ep.rosidl_typesupport_c.c
[4.501s] -- Symlinking: /home/dj/MREN203/mren203-ws/install/steve_msgs/local/lib/python3.10/dist-packages/steve_msgs/_steve_msgs_s.ep.rosidl_typesupport_fastrtps_c.c
[4.510s] -- Symlinking: /home/dj/MREN203/mren203-ws/install/steve_msgs/local/lib/python3.10/dist-packages/steve_msgs/_steve_msgs_s.ep.rosidl_typesupport_introspection_c.c
[4.520s] -- Symlinking: /home/dj/MREN203/mren203-ws/install/steve_msgs/local/lib/python3.10/dist-packages/steve_msgs/libsteve_msgs__rosidl_generator_py.so
[4.529s] -- Symlinking: /home/dj/MREN203/mren203-ws/install/steve_msgs/local/lib/python3.10/dist-packages/steve_msgs/msg/__init__.py
[4.538s] -- Symlinking: /home/dj/MREN203/mren203-ws/install/steve_msgs/local/lib/python3.10/dist-packages/steve_msgs/msg/_control_ui.py
[4.547s] -- Symlinking: /home/dj/MREN203/mren203-ws/install/steve_msgs/local/lib/python3.10/dist-packages/steve_msgs/msg/_control_ui_s.c
[4.555s] -- Symlinking: /home/dj/MREN203/mren203-ws/install/steve_msgs/local/lib/python3.10/dist-packages/steve_msgs/msg/_sensor_data.py
[4.564s] -- Symlinking: /home/dj/MREN203/mren203-ws/install/steve_msgs/local/lib/python3.10/dist-packages/steve_msgs/msg/_sensor_data_s.c
[4.573s] -- Symlinking: /home/dj/MREN203/mren203-ws/install/steve_msgs/local/lib/python3.10/dist-packages/steve_msgs/msg/_set_points.py
[4.582s] -- Symlinking: /home/dj/MREN203/mren203-ws/install/steve_msgs/local/lib/python3.10/dist-packages/steve_msgs/msg/_set_points_s.c
[4.590s] -- Symlinking: /home/dj/MREN203/mren203-ws/install/steve_msgs/local/lib/python3.10/dist-packages/steve_msgs/steve_msgs_s__rosidl_typesupport_c.cpython-310-x86_64-linux-gnu.so
[4.598s] -- Symlinking: /home/dj/MREN203/mren203-ws/install/steve_msgs/local/lib/python3.10/dist-packages/steve_msgs/steve_msgs_s__rosidl_typesupport_fastrtps_c.cpython-310-x86_64-linux-gnu.so
[4.607s] -- Symlinking: /home/dj/MREN203/mren203-ws/install/steve_msgs/local/lib/python3.10/dist-packages/steve_msgs/steve_msgs_s__rosidl_typesupport_introspection_c.cpython-310-x86_64-linux-gnu.so
[4.616s] -- Up-to-date symlink: /home/dj/MREN203/mren203-ws/install/steve_msgs/local/lib/python3.10/dist-packages/steve_msgs/steve_msgs_s__rosidl_typesupport_fastrtps_c.cpython-310-x86_64-linux-gnu.so
[4.617s] -- Up-to-date symlink: /home/dj/MREN203/mren203-ws/install/steve_msgs/local/lib/python3.10/dist-packages/steve_msgs/steve_msgs_s__rosidl_typesupport_introspection_c.cpython-310-x86_64-linux-gnu.so
[4.617s] -- Up-to-date symlink: /home/dj/MREN203/mren203-ws/install/steve_msgs/local/lib/python3.10/dist-packages/steve_msgs/steve_msgs_s__rosidl_typesupport_c.cpython-310-x86_64-linux-gnu.so
[4.617s] -- Symlinking: /home/dj/MREN203/mren203-ws/install/steve_msgs/share/steve_msgs/msg/ControlUI.idl
[4.626s] -- Symlinking: /home/dj/MREN203/mren203-ws/install/steve_msgs/share/steve_msgs/msg/SensorData.idl
[4.635s] -- Symlinking: /home/dj/MREN203/mren203-ws/install/steve_msgs/share/steve_msgs/msg/SetPoints.idl
[4.644s] -- Symlinking: /home/dj/MREN203/mren203-ws/install/steve_msgs/share/steve_msgs/msg/ControlUI.msg
[4.653s] -- Symlinking: /home/dj/MREN203/mren203-ws/install/steve_msgs/share/steve_msgs/msg/SensorData.msg
[4.661s] -- Symlinking: /home/dj/MREN203/mren203-ws/install/steve_msgs/share/steve_msgs/msg/SetPoints.msg
[4.669s] -- Symlinking: /home/dj/MREN203/mren203-ws/install/steve_msgs/share/ament_index/resource_index/package_run_dependencies/steve_msgs
[4.678s] -- Symlinking: /home/dj/MREN203/mren203-ws/install/steve_msgs/share/ament_index/resource_index/parent_prefix_path/steve_msgs
[4.686s] -- Symlinking: /home/dj/MREN203/mren203-ws/install/steve_msgs/share/steve_msgs/environment/ament_prefix_path.sh
[4.694s] -- Symlinking: /home/dj/MREN203/mren203-ws/install/steve_msgs/share/steve_msgs/environment/ament_prefix_path.dsv
[4.703s] -- Symlinking: /home/dj/MREN203/mren203-ws/install/steve_msgs/share/steve_msgs/environment/path.sh
[4.712s] -- Symlinking: /home/dj/MREN203/mren203-ws/install/steve_msgs/share/steve_msgs/environment/path.dsv
[4.722s] -- Symlinking: /home/dj/MREN203/mren203-ws/install/steve_msgs/share/steve_msgs/local_setup.bash
[4.730s] -- Symlinking: /home/dj/MREN203/mren203-ws/install/steve_msgs/share/steve_msgs/local_setup.sh
[4.740s] -- Symlinking: /home/dj/MREN203/mren203-ws/install/steve_msgs/share/steve_msgs/local_setup.zsh
[4.748s] -- Symlinking: /home/dj/MREN203/mren203-ws/install/steve_msgs/share/steve_msgs/local_setup.dsv
[4.757s] -- Symlinking: /home/dj/MREN203/mren203-ws/install/steve_msgs/share/steve_msgs/package.dsv
[4.765s] -- Symlinking: /home/dj/MREN203/mren203-ws/install/steve_msgs/share/ament_index/resource_index/packages/steve_msgs
[4.773s] -- Symlinking: /home/dj/MREN203/mren203-ws/install/steve_msgs/share/steve_msgs/cmake/rosidl_cmake-extras.cmake
[4.782s] -- Symlinking: /home/dj/MREN203/mren203-ws/install/steve_msgs/share/steve_msgs/cmake/ament_cmake_export_include_directories-extras.cmake
[4.790s] -- Symlinking: /home/dj/MREN203/mren203-ws/install/steve_msgs/share/steve_msgs/cmake/ament_cmake_export_libraries-extras.cmake
[4.798s] -- Symlinking: /home/dj/MREN203/mren203-ws/install/steve_msgs/share/steve_msgs/cmake/ament_cmake_export_targets-extras.cmake
[4.808s] -- Symlinking: /home/dj/MREN203/mren203-ws/install/steve_msgs/share/steve_msgs/cmake/rosidl_cmake_export_typesupport_targets-extras.cmake
[4.816s] -- Symlinking: /home/dj/MREN203/mren203-ws/install/steve_msgs/share/steve_msgs/cmake/ament_cmake_export_dependencies-extras.cmake
[4.826s] -- Symlinking: /home/dj/MREN203/mren203-ws/install/steve_msgs/share/steve_msgs/cmake/rosidl_cmake_export_typesupport_libraries-extras.cmake
[4.835s] -- Symlinking: /home/dj/MREN203/mren203-ws/install/steve_msgs/share/steve_msgs/cmake/steve_msgsConfig.cmake
[4.842s] -- Symlinking: /home/dj/MREN203/mren203-ws/install/steve_msgs/share/steve_msgs/cmake/steve_msgsConfig-version.cmake
[4.851s] -- Symlinking: /home/dj/MREN203/mren203-ws/install/steve_msgs/share/steve_msgs/package.xml
[4.859s] -- Installing: /home/dj/MREN203/mren203-ws/install/steve_msgs/lib/libsteve_msgs__rosidl_generator_c.so
[4.859s] -- Set runtime path of "/home/dj/MREN203/mren203-ws/install/steve_msgs/lib/libsteve_msgs__rosidl_generator_c.so" to ""
[4.859s] -- Installing: /home/dj/MREN203/mren203-ws/install/steve_msgs/lib/libsteve_msgs__rosidl_typesupport_fastrtps_c.so
[4.860s] -- Set runtime path of "/home/dj/MREN203/mren203-ws/install/steve_msgs/lib/libsteve_msgs__rosidl_typesupport_fastrtps_c.so" to ""
[4.860s] -- Installing: /home/dj/MREN203/mren203-ws/install/steve_msgs/lib/libsteve_msgs__rosidl_typesupport_introspection_c.so
[4.860s] -- Set runtime path of "/home/dj/MREN203/mren203-ws/install/steve_msgs/lib/libsteve_msgs__rosidl_typesupport_introspection_c.so" to ""
[4.860s] -- Installing: /home/dj/MREN203/mren203-ws/install/steve_msgs/lib/libsteve_msgs__rosidl_typesupport_c.so
[4.860s] -- Set runtime path of "/home/dj/MREN203/mren203-ws/install/steve_msgs/lib/libsteve_msgs__rosidl_typesupport_c.so" to ""
[4.861s] -- Installing: /home/dj/MREN203/mren203-ws/install/steve_msgs/lib/libsteve_msgs__rosidl_typesupport_fastrtps_cpp.so
[4.861s] -- Set runtime path of "/home/dj/MREN203/mren203-ws/install/steve_msgs/lib/libsteve_msgs__rosidl_typesupport_fastrtps_cpp.so" to ""
[4.861s] -- Installing: /home/dj/MREN203/mren203-ws/install/steve_msgs/lib/libsteve_msgs__rosidl_typesupport_introspection_cpp.so
[4.861s] -- Set runtime path of "/home/dj/MREN203/mren203-ws/install/steve_msgs/lib/libsteve_msgs__rosidl_typesupport_introspection_cpp.so" to ""
[4.861s] -- Installing: /home/dj/MREN203/mren203-ws/install/steve_msgs/lib/libsteve_msgs__rosidl_typesupport_cpp.so
[4.862s] -- Set runtime path of "/home/dj/MREN203/mren203-ws/install/steve_msgs/lib/libsteve_msgs__rosidl_typesupport_cpp.so" to ""
[4.891s] Listing '/home/dj/MREN203/mren203-ws/install/steve_msgs/local/lib/python3.10/dist-packages/steve_msgs'...
[4.891s] Compiling '/home/dj/MREN203/mren203-ws/install/steve_msgs/local/lib/python3.10/dist-packages/steve_msgs/__init__.py'...
[4.891s] Listing '/home/dj/MREN203/mren203-ws/install/steve_msgs/local/lib/python3.10/dist-packages/steve_msgs/msg'...
[4.891s] Compiling '/home/dj/MREN203/mren203-ws/install/steve_msgs/local/lib/python3.10/dist-packages/steve_msgs/msg/__init__.py'...
[4.892s] Compiling '/home/dj/MREN203/mren203-ws/install/steve_msgs/local/lib/python3.10/dist-packages/steve_msgs/msg/_control_ui.py'...
[4.892s] Compiling '/home/dj/MREN203/mren203-ws/install/steve_msgs/local/lib/python3.10/dist-packages/steve_msgs/msg/_sensor_data.py'...
[4.892s] Compiling '/home/dj/MREN203/mren203-ws/install/steve_msgs/local/lib/python3.10/dist-packages/steve_msgs/msg/_set_points.py'...
[4.894s] -- Installing: /home/dj/MREN203/mren203-ws/install/steve_msgs/lib/libsteve_msgs__rosidl_generator_py.so
[4.895s] -- Set runtime path of "/home/dj/MREN203/mren203-ws/install/steve_msgs/lib/libsteve_msgs__rosidl_generator_py.so" to ""
[4.895s] -- Installing: /home/dj/MREN203/mren203-ws/install/steve_msgs/share/steve_msgs/cmake/export_steve_msgs__rosidl_generator_cExport.cmake
[4.895s] -- Installing: /home/dj/MREN203/mren203-ws/install/steve_msgs/share/steve_msgs/cmake/export_steve_msgs__rosidl_generator_cExport-noconfig.cmake
[4.895s] -- Installing: /home/dj/MREN203/mren203-ws/install/steve_msgs/share/steve_msgs/cmake/export_steve_msgs__rosidl_typesupport_fastrtps_cExport.cmake
[4.896s] -- Installing: /home/dj/MREN203/mren203-ws/install/steve_msgs/share/steve_msgs/cmake/export_steve_msgs__rosidl_typesupport_fastrtps_cExport-noconfig.cmake
[4.896s] -- Installing: /home/dj/MREN203/mren203-ws/install/steve_msgs/share/steve_msgs/cmake/steve_msgs__rosidl_typesupport_introspection_cExport.cmake
[4.896s] -- Installing: /home/dj/MREN203/mren203-ws/install/steve_msgs/share/steve_msgs/cmake/steve_msgs__rosidl_typesupport_introspection_cExport-noconfig.cmake
[4.896s] -- Installing: /home/dj/MREN203/mren203-ws/install/steve_msgs/share/steve_msgs/cmake/steve_msgs__rosidl_typesupport_cExport.cmake
[4.896s] -- Installing: /home/dj/MREN203/mren203-ws/install/steve_msgs/share/steve_msgs/cmake/steve_msgs__rosidl_typesupport_cExport-noconfig.cmake
[4.896s] -- Installing: /home/dj/MREN203/mren203-ws/install/steve_msgs/share/steve_msgs/cmake/export_steve_msgs__rosidl_generator_cppExport.cmake
[4.897s] -- Installing: /home/dj/MREN203/mren203-ws/install/steve_msgs/share/steve_msgs/cmake/export_steve_msgs__rosidl_typesupport_fastrtps_cppExport.cmake
[4.897s] -- Installing: /home/dj/MREN203/mren203-ws/install/steve_msgs/share/steve_msgs/cmake/export_steve_msgs__rosidl_typesupport_fastrtps_cppExport-noconfig.cmake
[4.897s] -- Installing: /home/dj/MREN203/mren203-ws/install/steve_msgs/share/steve_msgs/cmake/steve_msgs__rosidl_typesupport_introspection_cppExport.cmake
[4.897s] -- Installing: /home/dj/MREN203/mren203-ws/install/steve_msgs/share/steve_msgs/cmake/steve_msgs__rosidl_typesupport_introspection_cppExport-noconfig.cmake
[4.897s] -- Installing: /home/dj/MREN203/mren203-ws/install/steve_msgs/share/steve_msgs/cmake/steve_msgs__rosidl_typesupport_cppExport.cmake
[4.897s] -- Installing: /home/dj/MREN203/mren203-ws/install/steve_msgs/share/steve_msgs/cmake/steve_msgs__rosidl_typesupport_cppExport-noconfig.cmake
[4.898s] -- Installing: /home/dj/MREN203/mren203-ws/install/steve_msgs/share/steve_msgs/cmake/export_steve_msgs__rosidl_generator_pyExport.cmake
[4.898s] -- Installing: /home/dj/MREN203/mren203-ws/install/steve_msgs/share/steve_msgs/cmake/export_steve_msgs__rosidl_generator_pyExport-noconfig.cmake
[4.900s] Invoked command in '/home/dj/MREN203/mren203-ws/build/steve_msgs' returned '0': CMAKE_PREFIX_PATH=/opt/ros/humble /usr/bin/cmake --install /home/dj/MREN203/mren203-ws/build/steve_msgs
