[6.767s] Invoking command in '/home/steve/mren203-ws/build/motor_control': PYTHONPATH=/home/steve/mren203-ws/build/motor_control/prefix_override:/home/steve/mren203-ws/install/motor_control/lib/python3.10/site-packages:${PYTHONPATH} /usr/bin/python3 setup.py develop --editable --build-directory /home/steve/mren203-ws/build/motor_control/build --no-deps install_data
[8.290s] running develop
[8.292s] /usr/lib/python3/dist-packages/setuptools/command/easy_install.py:158: EasyInstallDeprecationWarning: easy_install command is deprecated. Use build and pip and other standards-based tools.
[8.292s]   warnings.warn(
[8.297s] /usr/lib/python3/dist-packages/setuptools/command/install.py:34: SetuptoolsDeprecationWarning: setup.py install is deprecated. Use build and pip and other standards-based tools.
[8.298s]   warnings.warn(
[9.474s] running egg_info
[9.476s] writing motor_control.egg-info/PKG-INFO
[9.478s] writing dependency_links to motor_control.egg-info/dependency_links.txt
[9.481s] writing entry points to motor_control.egg-info/entry_points.txt
[9.482s] writing requirements to motor_control.egg-info/requires.txt
[9.484s] writing top-level names to motor_control.egg-info/top_level.txt
[9.496s] reading manifest file 'motor_control.egg-info/SOURCES.txt'
[9.502s] writing manifest file 'motor_control.egg-info/SOURCES.txt'
[9.514s] running build_ext
[9.516s] Creating /home/steve/mren203-ws/install/motor_control/lib/python3.10/site-packages/motor-control.egg-link (link to .)
[9.525s] Installing motor_driver script to /home/steve/mren203-ws/install/motor_control/lib/motor_control
[9.527s] Installing tf_node script to /home/steve/mren203-ws/install/motor_control/lib/motor_control
[9.530s] 
[9.531s] Installed /home/steve/mren203-ws/build/motor_control
[9.532s] running install_data
[9.991s] Invoked command in '/home/steve/mren203-ws/build/motor_control' returned '0': PYTHONPATH=/home/steve/mren203-ws/build/motor_control/prefix_override:/home/steve/mren203-ws/install/motor_control/lib/python3.10/site-packages:${PYTHONPATH} /usr/bin/python3 setup.py develop --editable --build-directory /home/steve/mren203-ws/build/motor_control/build --no-deps install_data
