[0.289s] Invoking command in '/home/dj/MREN203/main/mren203-ws/build/steve_msgs': CMAKE_PREFIX_PATH=/opt/ros/humble /usr/bin/cmake /home/dj/MREN203/main/mren203-ws/src/steve_msgs -DAMENT_CMAKE_SYMLINK_INSTALL=1 -DCMAKE_INSTALL_PREFIX=/home/dj/MREN203/main/mren203-ws/install/steve_msgs
[0.505s] -- The C compiler identification is GNU 11.4.0
[0.506s] -- The CXX compiler identification is GNU 11.4.0
[0.506s] -- Detecting C compiler ABI info
[0.528s] -- Detecting C compiler ABI info - done
[0.533s] -- Check for working C compiler: /usr/bin/cc - skipped
[0.533s] -- Detecting C compile features
[0.534s] -- Detecting C compile features - done
[0.537s] -- Detecting CXX compiler ABI info
[0.615s] -- Detecting CXX compiler ABI info - done
[0.620s] -- Check for working CXX compiler: /usr/bin/c++ - skipped
[0.620s] -- Detecting CXX compile features
[0.621s] -- Detecting CXX compile features - done
[0.624s] -- Found ament_cmake: 1.3.8 (/opt/ros/humble/share/ament_cmake/cmake)
[0.939s] -- Found Python3: /usr/bin/python3 (found version "3.10.12") found components: Interpreter 
[0.998s] -- Override CMake install command with custom implementation using symlinks instead of copying resources
[1.036s] -- Found rosidl_default_generators: 1.2.0 (/opt/ros/humble/share/rosidl_default_generators/cmake)
[1.040s] -- Using all available rosidl_typesupport_c: rosidl_typesupport_fastrtps_c;rosidl_typesupport_introspection_c
[1.048s] -- Found rosidl_adapter: 3.1.5 (/opt/ros/humble/share/rosidl_adapter/cmake)
[1.094s] -- Using all available rosidl_typesupport_cpp: rosidl_typesupport_fastrtps_cpp;rosidl_typesupport_introspection_cpp
[1.401s] -- Found ament_cmake_ros: 0.10.0 (/opt/ros/humble/share/ament_cmake_ros/cmake)
[1.567s] -- Using all available rosidl_typesupport_c: rosidl_typesupport_fastrtps_c;rosidl_typesupport_introspection_c
[1.772s] -- Using all available rosidl_typesupport_cpp: rosidl_typesupport_fastrtps_cpp;rosidl_typesupport_introspection_cpp
[1.791s] -- Found PythonInterp: /usr/bin/python3 (found suitable version "3.10.12", minimum required is "3.6") 
[1.792s] -- Found python_cmake_module: 0.10.0 (/opt/ros/humble/share/python_cmake_module/cmake)
[1.815s] -- Found PythonLibs: /usr/lib/x86_64-linux-gnu/libpython3.10.so (found suitable version "3.10.12", minimum required is "3.5") 
[1.816s] -- Using PYTHON_EXECUTABLE: /usr/bin/python3
[1.816s] -- Using PYTHON_INCLUDE_DIRS: /usr/include/python3.10
[1.816s] -- Using PYTHON_LIBRARIES: /usr/lib/x86_64-linux-gnu/libpython3.10.so
[1.832s] -- Found PythonExtra: .so  
[1.859s] -- Found ament_lint_auto: 0.12.10 (/opt/ros/humble/share/ament_lint_auto/cmake)
[1.877s] -- Added test 'lint_cmake' to check CMake code style
[1.878s] -- Added test 'xmllint' to check XML markup files
[1.881s] -- Configuring done
[1.908s] -- Generating done
[1.909s] -- Build files have been written to: /home/dj/MREN203/main/mren203-ws/build/steve_msgs
[1.916s] Invoked command in '/home/dj/MREN203/main/mren203-ws/build/steve_msgs' returned '0': CMAKE_PREFIX_PATH=/opt/ros/humble /usr/bin/cmake /home/dj/MREN203/main/mren203-ws/src/steve_msgs -DAMENT_CMAKE_SYMLINK_INSTALL=1 -DCMAKE_INSTALL_PREFIX=/home/dj/MREN203/main/mren203-ws/install/steve_msgs
[1.917s] Invoking command in '/home/dj/MREN203/main/mren203-ws/build/steve_msgs': CMAKE_PREFIX_PATH=/opt/ros/humble /usr/bin/cmake --build /home/dj/MREN203/main/mren203-ws/build/steve_msgs -- -j16 -l16
[1.953s] [  1%] [34m[1mGenerating C code for ROS interfaces[0m
[1.964s] [  3%] [34m[1mGenerating C++ code for ROS interfaces[0m
[1.969s] [  3%] Built target ament_cmake_python_symlink_steve_msgs
[2.161s] running egg_info
[2.162s] creating steve_msgs.egg-info
[2.177s] writing steve_msgs.egg-info/PKG-INFO
[2.177s] writing dependency_links to steve_msgs.egg-info/dependency_links.txt
[2.177s] writing top-level names to steve_msgs.egg-info/top_level.txt
[2.177s] writing manifest file 'steve_msgs.egg-info/SOURCES.txt'
[2.223s] reading manifest file 'steve_msgs.egg-info/SOURCES.txt'
[2.223s] writing manifest file 'steve_msgs.egg-info/SOURCES.txt'
[2.250s] [  3%] Built target ament_cmake_python_build_steve_msgs_egg
[2.341s] [  3%] Built target steve_msgs__cpp
[2.350s] [  9%] [34m[1mGenerating C++ type support for eProsima Fast-RTPS[0m
[2.351s] [  9%] [34m[1mGenerating C++ type support dispatch for ROS interfaces[0m
[2.351s] [  9%] [34m[1mGenerating C++ introspection for ROS interfaces[0m
[2.407s] [ 14%] [32mBuilding C object CMakeFiles/steve_msgs__rosidl_generator_c.dir/rosidl_generator_c/steve_msgs/msg/detail/sensor_data__functions.c.o[0m
[2.407s] [ 12%] [32mBuilding C object CMakeFiles/steve_msgs__rosidl_generator_c.dir/rosidl_generator_c/steve_msgs/msg/detail/control_ui__functions.c.o[0m
[2.407s] [ 14%] [32mBuilding C object CMakeFiles/steve_msgs__rosidl_generator_c.dir/rosidl_generator_c/steve_msgs/msg/detail/motor_data__functions.c.o[0m
[2.408s] [ 16%] [32mBuilding C object CMakeFiles/steve_msgs__rosidl_generator_c.dir/rosidl_generator_c/steve_msgs/msg/detail/set_points__functions.c.o[0m
[2.454s] [ 18%] [32m[1mLinking C shared library libsteve_msgs__rosidl_generator_c.so[0m
[2.495s] [ 18%] Built target steve_msgs__rosidl_generator_c
[2.504s] [ 21%] [34m[1mGenerating C type support for eProsima Fast-RTPS[0m
[2.505s] [ 21%] [34m[1mGenerating C type support dispatch for ROS interfaces[0m
[2.507s] [ 23%] [34m[1mGenerating C introspection for ROS interfaces[0m
[2.656s] [ 29%] [32mBuilding CXX object CMakeFiles/steve_msgs__rosidl_typesupport_cpp.dir/rosidl_typesupport_cpp/steve_msgs/msg/motor_data__type_support.cpp.o[0m
[2.656s] [ 29%] [32mBuilding CXX object CMakeFiles/steve_msgs__rosidl_typesupport_cpp.dir/rosidl_typesupport_cpp/steve_msgs/msg/control_ui__type_support.cpp.o[0m
[2.656s] [ 29%] [32mBuilding CXX object CMakeFiles/steve_msgs__rosidl_typesupport_cpp.dir/rosidl_typesupport_cpp/steve_msgs/msg/sensor_data__type_support.cpp.o[0m
[2.656s] [ 30%] [32mBuilding CXX object CMakeFiles/steve_msgs__rosidl_typesupport_cpp.dir/rosidl_typesupport_cpp/steve_msgs/msg/set_points__type_support.cpp.o[0m
[2.697s] [ 38%] [32mBuilding CXX object CMakeFiles/steve_msgs__rosidl_typesupport_introspection_cpp.dir/rosidl_typesupport_introspection_cpp/steve_msgs/msg/detail/set_points__type_support.cpp.o[0m
[2.697s] [ 38%] [32mBuilding CXX object CMakeFiles/steve_msgs__rosidl_typesupport_introspection_cpp.dir/rosidl_typesupport_introspection_cpp/steve_msgs/msg/detail/motor_data__type_support.cpp.o[0m
[2.697s] [ 38%] [32mBuilding CXX object CMakeFiles/steve_msgs__rosidl_typesupport_introspection_cpp.dir/rosidl_typesupport_introspection_cpp/steve_msgs/msg/detail/sensor_data__type_support.cpp.o[0m
[2.698s] [ 38%] [32mBuilding CXX object CMakeFiles/steve_msgs__rosidl_typesupport_introspection_cpp.dir/rosidl_typesupport_introspection_cpp/steve_msgs/msg/detail/control_ui__type_support.cpp.o[0m
[2.768s] [ 41%] [32mBuilding CXX object CMakeFiles/steve_msgs__rosidl_typesupport_fastrtps_cpp.dir/rosidl_typesupport_fastrtps_cpp/steve_msgs/msg/detail/dds_fastrtps/control_ui__type_support.cpp.o[0m
[2.768s] [ 41%] [32mBuilding CXX object CMakeFiles/steve_msgs__rosidl_typesupport_fastrtps_cpp.dir/rosidl_typesupport_fastrtps_cpp/steve_msgs/msg/detail/dds_fastrtps/sensor_data__type_support.cpp.o[0m
[2.769s] [ 43%] [32mBuilding CXX object CMakeFiles/steve_msgs__rosidl_typesupport_fastrtps_cpp.dir/rosidl_typesupport_fastrtps_cpp/steve_msgs/msg/detail/dds_fastrtps/set_points__type_support.cpp.o[0m
[2.781s] [ 45%] [32mBuilding CXX object CMakeFiles/steve_msgs__rosidl_typesupport_fastrtps_cpp.dir/rosidl_typesupport_fastrtps_cpp/steve_msgs/msg/detail/dds_fastrtps/motor_data__type_support.cpp.o[0m
[2.946s] [ 47%] [32mBuilding CXX object CMakeFiles/steve_msgs__rosidl_typesupport_c.dir/rosidl_typesupport_c/steve_msgs/msg/control_ui__type_support.cpp.o[0m
[2.958s] [ 49%] [32mBuilding CXX object CMakeFiles/steve_msgs__rosidl_typesupport_c.dir/rosidl_typesupport_c/steve_msgs/msg/sensor_data__type_support.cpp.o[0m
[2.960s] [ 50%] [32mBuilding CXX object CMakeFiles/steve_msgs__rosidl_typesupport_c.dir/rosidl_typesupport_c/steve_msgs/msg/set_points__type_support.cpp.o[0m
[2.969s] [ 52%] [32m[1mLinking CXX shared library libsteve_msgs__rosidl_typesupport_cpp.so[0m
[2.974s] [ 54%] [32mBuilding CXX object CMakeFiles/steve_msgs__rosidl_typesupport_c.dir/rosidl_typesupport_c/steve_msgs/msg/motor_data__type_support.cpp.o[0m
[2.994s] [ 60%] [32mBuilding CXX object CMakeFiles/steve_msgs__rosidl_typesupport_fastrtps_c.dir/rosidl_typesupport_fastrtps_c/steve_msgs/msg/detail/sensor_data__type_support_c.cpp.o[0m
[2.995s] [ 60%] [32mBuilding CXX object CMakeFiles/steve_msgs__rosidl_typesupport_fastrtps_c.dir/rosidl_typesupport_fastrtps_c/steve_msgs/msg/detail/control_ui__type_support_c.cpp.o[0m
[2.995s] [ 60%] [32mBuilding C object CMakeFiles/steve_msgs__rosidl_typesupport_introspection_c.dir/rosidl_typesupport_introspection_c/steve_msgs/msg/detail/control_ui__type_support.c.o[0m
[2.998s] [ 61%] [32mBuilding CXX object CMakeFiles/steve_msgs__rosidl_typesupport_fastrtps_c.dir/rosidl_typesupport_fastrtps_c/steve_msgs/msg/detail/set_points__type_support_c.cpp.o[0m
[3.003s] [ 63%] [32mBuilding CXX object CMakeFiles/steve_msgs__rosidl_typesupport_fastrtps_c.dir/rosidl_typesupport_fastrtps_c/steve_msgs/msg/detail/motor_data__type_support_c.cpp.o[0m
[3.008s] [ 65%] [32mBuilding C object CMakeFiles/steve_msgs__rosidl_typesupport_introspection_c.dir/rosidl_typesupport_introspection_c/steve_msgs/msg/detail/sensor_data__type_support.c.o[0m
[3.019s] [ 67%] [32m[1mLinking CXX shared library libsteve_msgs__rosidl_typesupport_c.so[0m
[3.052s] [ 67%] Built target steve_msgs__rosidl_typesupport_cpp
[3.058s] [ 69%] [32mBuilding C object CMakeFiles/steve_msgs__rosidl_typesupport_introspection_c.dir/rosidl_typesupport_introspection_c/steve_msgs/msg/detail/set_points__type_support.c.o[0m
[3.067s] [ 70%] [32mBuilding C object CMakeFiles/steve_msgs__rosidl_typesupport_introspection_c.dir/rosidl_typesupport_introspection_c/steve_msgs/msg/detail/motor_data__type_support.c.o[0m
[3.101s] [ 70%] Built target steve_msgs__rosidl_typesupport_c
[3.114s] [ 72%] [32m[1mLinking C shared library libsteve_msgs__rosidl_typesupport_introspection_c.so[0m
[3.128s] [ 74%] [32m[1mLinking CXX shared library libsteve_msgs__rosidl_typesupport_introspection_cpp.so[0m
[3.146s] [ 74%] Built target steve_msgs__rosidl_typesupport_introspection_c
[3.167s] [ 74%] Built target steve_msgs__rosidl_typesupport_introspection_cpp
[3.229s] [ 76%] [32m[1mLinking CXX shared library libsteve_msgs__rosidl_typesupport_fastrtps_cpp.so[0m
[3.296s] [ 76%] Built target steve_msgs__rosidl_typesupport_fastrtps_cpp
[3.326s] [ 78%] [32m[1mLinking CXX shared library libsteve_msgs__rosidl_typesupport_fastrtps_c.so[0m
[3.387s] [ 78%] Built target steve_msgs__rosidl_typesupport_fastrtps_c
[3.408s] [ 78%] Built target steve_msgs
[3.430s] [ 80%] [34m[1mGenerating Python code for ROS interfaces[0m
[3.996s] [ 80%] Built target steve_msgs__py
[4.016s] [ 85%] [32mBuilding C object CMakeFiles/steve_msgs__rosidl_generator_py.dir/rosidl_generator_py/steve_msgs/msg/_control_ui_s.c.o[0m
[4.016s] [ 85%] [32mBuilding C object CMakeFiles/steve_msgs__rosidl_generator_py.dir/rosidl_generator_py/steve_msgs/msg/_sensor_data_s.c.o[0m
[4.016s] [ 85%] [32mBuilding C object CMakeFiles/steve_msgs__rosidl_generator_py.dir/rosidl_generator_py/steve_msgs/msg/_set_points_s.c.o[0m
[4.016s] [ 87%] [32mBuilding C object CMakeFiles/steve_msgs__rosidl_generator_py.dir/rosidl_generator_py/steve_msgs/msg/_motor_data_s.c.o[0m
[4.106s] [ 89%] [32m[1mLinking C shared library rosidl_generator_py/steve_msgs/libsteve_msgs__rosidl_generator_py.so[0m
[4.143s] [ 89%] Built target steve_msgs__rosidl_generator_py
[4.162s] [ 94%] [32mBuilding C object CMakeFiles/steve_msgs__rosidl_typesupport_introspection_c__pyext.dir/rosidl_generator_py/steve_msgs/_steve_msgs_s.ep.rosidl_typesupport_introspection_c.c.o[0m
[4.162s] [ 94%] [32mBuilding C object CMakeFiles/steve_msgs__rosidl_typesupport_fastrtps_c__pyext.dir/rosidl_generator_py/steve_msgs/_steve_msgs_s.ep.rosidl_typesupport_fastrtps_c.c.o[0m
[4.162s] [ 94%] [32mBuilding C object CMakeFiles/steve_msgs__rosidl_typesupport_c__pyext.dir/rosidl_generator_py/steve_msgs/_steve_msgs_s.ep.rosidl_typesupport_c.c.o[0m
[4.234s] [ 98%] [32m[1mLinking C shared library rosidl_generator_py/steve_msgs/steve_msgs_s__rosidl_typesupport_introspection_c.cpython-310-x86_64-linux-gnu.so[0m
[4.235s] [ 98%] [32m[1mLinking C shared library rosidl_generator_py/steve_msgs/steve_msgs_s__rosidl_typesupport_c.cpython-310-x86_64-linux-gnu.so[0m
[4.237s] [100%] [32m[1mLinking C shared library rosidl_generator_py/steve_msgs/steve_msgs_s__rosidl_typesupport_fastrtps_c.cpython-310-x86_64-linux-gnu.so[0m
[4.264s] [100%] Built target steve_msgs__rosidl_typesupport_c__pyext
[4.265s] [100%] Built target steve_msgs__rosidl_typesupport_introspection_c__pyext
[4.268s] [100%] Built target steve_msgs__rosidl_typesupport_fastrtps_c__pyext
[4.281s] Invoked command in '/home/dj/MREN203/main/mren203-ws/build/steve_msgs' returned '0': CMAKE_PREFIX_PATH=/opt/ros/humble /usr/bin/cmake --build /home/dj/MREN203/main/mren203-ws/build/steve_msgs -- -j16 -l16
[4.437s] Invoking command in '/home/dj/MREN203/main/mren203-ws/build/steve_msgs': CMAKE_PREFIX_PATH=/opt/ros/humble /usr/bin/cmake --install /home/dj/MREN203/main/mren203-ws/build/steve_msgs
[4.443s] -- Install configuration: ""
[4.444s] -- Execute custom install script
[4.444s] -- Symlinking: /home/dj/MREN203/main/mren203-ws/install/steve_msgs/share/ament_index/resource_index/rosidl_interfaces/steve_msgs
[4.453s] -- Symlinking: /home/dj/MREN203/main/mren203-ws/install/steve_msgs/include/steve_msgs/steve_msgs/msg/control_ui.h
[4.461s] -- Symlinking: /home/dj/MREN203/main/mren203-ws/install/steve_msgs/include/steve_msgs/steve_msgs/msg/detail/control_ui__functions.h
[4.469s] -- Symlinking: /home/dj/MREN203/main/mren203-ws/install/steve_msgs/include/steve_msgs/steve_msgs/msg/detail/control_ui__struct.h
[4.477s] -- Symlinking: /home/dj/MREN203/main/mren203-ws/install/steve_msgs/include/steve_msgs/steve_msgs/msg/detail/control_ui__type_support.h
[4.486s] -- Symlinking: /home/dj/MREN203/main/mren203-ws/install/steve_msgs/include/steve_msgs/steve_msgs/msg/detail/motor_data__functions.h
[4.494s] -- Symlinking: /home/dj/MREN203/main/mren203-ws/install/steve_msgs/include/steve_msgs/steve_msgs/msg/detail/motor_data__struct.h
[4.502s] -- Symlinking: /home/dj/MREN203/main/mren203-ws/install/steve_msgs/include/steve_msgs/steve_msgs/msg/detail/motor_data__type_support.h
[4.511s] -- Symlinking: /home/dj/MREN203/main/mren203-ws/install/steve_msgs/include/steve_msgs/steve_msgs/msg/detail/sensor_data__functions.h
[4.519s] -- Symlinking: /home/dj/MREN203/main/mren203-ws/install/steve_msgs/include/steve_msgs/steve_msgs/msg/detail/sensor_data__struct.h
[4.528s] -- Symlinking: /home/dj/MREN203/main/mren203-ws/install/steve_msgs/include/steve_msgs/steve_msgs/msg/detail/sensor_data__type_support.h
[4.536s] -- Symlinking: /home/dj/MREN203/main/mren203-ws/install/steve_msgs/include/steve_msgs/steve_msgs/msg/detail/set_points__functions.h
[4.546s] -- Symlinking: /home/dj/MREN203/main/mren203-ws/install/steve_msgs/include/steve_msgs/steve_msgs/msg/detail/set_points__struct.h
[4.555s] -- Symlinking: /home/dj/MREN203/main/mren203-ws/install/steve_msgs/include/steve_msgs/steve_msgs/msg/detail/set_points__type_support.h
[4.564s] -- Symlinking: /home/dj/MREN203/main/mren203-ws/install/steve_msgs/include/steve_msgs/steve_msgs/msg/motor_data.h
[4.573s] -- Symlinking: /home/dj/MREN203/main/mren203-ws/install/steve_msgs/include/steve_msgs/steve_msgs/msg/rosidl_generator_c__visibility_control.h
[4.581s] -- Symlinking: /home/dj/MREN203/main/mren203-ws/install/steve_msgs/include/steve_msgs/steve_msgs/msg/sensor_data.h
[4.590s] -- Symlinking: /home/dj/MREN203/main/mren203-ws/install/steve_msgs/include/steve_msgs/steve_msgs/msg/set_points.h
[4.599s] -- Symlinking: /home/dj/MREN203/main/mren203-ws/install/steve_msgs/share/steve_msgs/environment/library_path.sh
[4.607s] -- Symlinking: /home/dj/MREN203/main/mren203-ws/install/steve_msgs/share/steve_msgs/environment/library_path.dsv
[4.615s] -- Symlinking: /home/dj/MREN203/main/mren203-ws/install/steve_msgs/include/steve_msgs/steve_msgs/msg/detail/control_ui__rosidl_typesupport_fastrtps_c.h
[4.624s] -- Symlinking: /home/dj/MREN203/main/mren203-ws/install/steve_msgs/include/steve_msgs/steve_msgs/msg/detail/motor_data__rosidl_typesupport_fastrtps_c.h
[4.633s] -- Symlinking: /home/dj/MREN203/main/mren203-ws/install/steve_msgs/include/steve_msgs/steve_msgs/msg/detail/sensor_data__rosidl_typesupport_fastrtps_c.h
[4.642s] -- Symlinking: /home/dj/MREN203/main/mren203-ws/install/steve_msgs/include/steve_msgs/steve_msgs/msg/detail/set_points__rosidl_typesupport_fastrtps_c.h
[4.652s] -- Symlinking: /home/dj/MREN203/main/mren203-ws/install/steve_msgs/include/steve_msgs/steve_msgs/msg/rosidl_typesupport_fastrtps_c__visibility_control.h
[4.662s] -- Symlinking: /home/dj/MREN203/main/mren203-ws/install/steve_msgs/include/steve_msgs/steve_msgs/msg/detail/control_ui__rosidl_typesupport_introspection_c.h
[4.670s] -- Symlinking: /home/dj/MREN203/main/mren203-ws/install/steve_msgs/include/steve_msgs/steve_msgs/msg/detail/motor_data__rosidl_typesupport_introspection_c.h
[4.679s] -- Symlinking: /home/dj/MREN203/main/mren203-ws/install/steve_msgs/include/steve_msgs/steve_msgs/msg/detail/sensor_data__rosidl_typesupport_introspection_c.h
[4.688s] -- Symlinking: /home/dj/MREN203/main/mren203-ws/install/steve_msgs/include/steve_msgs/steve_msgs/msg/detail/set_points__rosidl_typesupport_introspection_c.h
[4.697s] -- Symlinking: /home/dj/MREN203/main/mren203-ws/install/steve_msgs/include/steve_msgs/steve_msgs/msg/rosidl_typesupport_introspection_c__visibility_control.h
[4.706s] -- Symlinking: /home/dj/MREN203/main/mren203-ws/install/steve_msgs/include/steve_msgs/steve_msgs/msg/control_ui.hpp
[4.716s] -- Symlinking: /home/dj/MREN203/main/mren203-ws/install/steve_msgs/include/steve_msgs/steve_msgs/msg/detail/control_ui__builder.hpp
[4.725s] -- Symlinking: /home/dj/MREN203/main/mren203-ws/install/steve_msgs/include/steve_msgs/steve_msgs/msg/detail/control_ui__struct.hpp
[4.734s] -- Symlinking: /home/dj/MREN203/main/mren203-ws/install/steve_msgs/include/steve_msgs/steve_msgs/msg/detail/control_ui__traits.hpp
[4.745s] -- Symlinking: /home/dj/MREN203/main/mren203-ws/install/steve_msgs/include/steve_msgs/steve_msgs/msg/detail/motor_data__builder.hpp
[4.753s] -- Symlinking: /home/dj/MREN203/main/mren203-ws/install/steve_msgs/include/steve_msgs/steve_msgs/msg/detail/motor_data__struct.hpp
[4.762s] -- Symlinking: /home/dj/MREN203/main/mren203-ws/install/steve_msgs/include/steve_msgs/steve_msgs/msg/detail/motor_data__traits.hpp
[4.771s] -- Symlinking: /home/dj/MREN203/main/mren203-ws/install/steve_msgs/include/steve_msgs/steve_msgs/msg/detail/sensor_data__builder.hpp
[4.780s] -- Symlinking: /home/dj/MREN203/main/mren203-ws/install/steve_msgs/include/steve_msgs/steve_msgs/msg/detail/sensor_data__struct.hpp
[4.790s] -- Symlinking: /home/dj/MREN203/main/mren203-ws/install/steve_msgs/include/steve_msgs/steve_msgs/msg/detail/sensor_data__traits.hpp
[4.800s] -- Symlinking: /home/dj/MREN203/main/mren203-ws/install/steve_msgs/include/steve_msgs/steve_msgs/msg/detail/set_points__builder.hpp
[4.809s] -- Symlinking: /home/dj/MREN203/main/mren203-ws/install/steve_msgs/include/steve_msgs/steve_msgs/msg/detail/set_points__struct.hpp
[4.818s] -- Symlinking: /home/dj/MREN203/main/mren203-ws/install/steve_msgs/include/steve_msgs/steve_msgs/msg/detail/set_points__traits.hpp
[4.826s] -- Symlinking: /home/dj/MREN203/main/mren203-ws/install/steve_msgs/include/steve_msgs/steve_msgs/msg/motor_data.hpp
[4.834s] -- Symlinking: /home/dj/MREN203/main/mren203-ws/install/steve_msgs/include/steve_msgs/steve_msgs/msg/sensor_data.hpp
[4.843s] -- Symlinking: /home/dj/MREN203/main/mren203-ws/install/steve_msgs/include/steve_msgs/steve_msgs/msg/set_points.hpp
[4.852s] -- Symlinking: /home/dj/MREN203/main/mren203-ws/install/steve_msgs/include/steve_msgs/steve_msgs/msg/detail/control_ui__rosidl_typesupport_fastrtps_cpp.hpp
[4.860s] -- Symlinking: /home/dj/MREN203/main/mren203-ws/install/steve_msgs/include/steve_msgs/steve_msgs/msg/detail/motor_data__rosidl_typesupport_fastrtps_cpp.hpp
[4.868s] -- Symlinking: /home/dj/MREN203/main/mren203-ws/install/steve_msgs/include/steve_msgs/steve_msgs/msg/detail/sensor_data__rosidl_typesupport_fastrtps_cpp.hpp
[4.877s] -- Symlinking: /home/dj/MREN203/main/mren203-ws/install/steve_msgs/include/steve_msgs/steve_msgs/msg/detail/set_points__rosidl_typesupport_fastrtps_cpp.hpp
[4.885s] -- Symlinking: /home/dj/MREN203/main/mren203-ws/install/steve_msgs/include/steve_msgs/steve_msgs/msg/rosidl_typesupport_fastrtps_cpp__visibility_control.h
[4.895s] -- Symlinking: /home/dj/MREN203/main/mren203-ws/install/steve_msgs/include/steve_msgs/steve_msgs/msg/detail/control_ui__rosidl_typesupport_introspection_cpp.hpp
[4.903s] -- Symlinking: /home/dj/MREN203/main/mren203-ws/install/steve_msgs/include/steve_msgs/steve_msgs/msg/detail/motor_data__rosidl_typesupport_introspection_cpp.hpp
[4.912s] -- Symlinking: /home/dj/MREN203/main/mren203-ws/install/steve_msgs/include/steve_msgs/steve_msgs/msg/detail/sensor_data__rosidl_typesupport_introspection_cpp.hpp
[4.921s] -- Symlinking: /home/dj/MREN203/main/mren203-ws/install/steve_msgs/include/steve_msgs/steve_msgs/msg/detail/set_points__rosidl_typesupport_introspection_cpp.hpp
[4.929s] -- Symlinking: /home/dj/MREN203/main/mren203-ws/install/steve_msgs/share/steve_msgs/environment/pythonpath.sh
[4.939s] -- Symlinking: /home/dj/MREN203/main/mren203-ws/install/steve_msgs/share/steve_msgs/environment/pythonpath.dsv
[4.947s] -- Symlinking: /home/dj/MREN203/main/mren203-ws/install/steve_msgs/local/lib/python3.10/dist-packages/steve_msgs-0.0.0-py3.10.egg-info/PKG-INFO
[4.956s] -- Symlinking: /home/dj/MREN203/main/mren203-ws/install/steve_msgs/local/lib/python3.10/dist-packages/steve_msgs-0.0.0-py3.10.egg-info/SOURCES.txt
[4.965s] -- Symlinking: /home/dj/MREN203/main/mren203-ws/install/steve_msgs/local/lib/python3.10/dist-packages/steve_msgs-0.0.0-py3.10.egg-info/dependency_links.txt
[4.976s] -- Symlinking: /home/dj/MREN203/main/mren203-ws/install/steve_msgs/local/lib/python3.10/dist-packages/steve_msgs-0.0.0-py3.10.egg-info/top_level.txt
[4.986s] -- Symlinking: /home/dj/MREN203/main/mren203-ws/install/steve_msgs/local/lib/python3.10/dist-packages/steve_msgs/__init__.py
[4.995s] -- Symlinking: /home/dj/MREN203/main/mren203-ws/install/steve_msgs/local/lib/python3.10/dist-packages/steve_msgs/_steve_msgs_s.ep.rosidl_typesupport_c.c
[5.004s] -- Symlinking: /home/dj/MREN203/main/mren203-ws/install/steve_msgs/local/lib/python3.10/dist-packages/steve_msgs/_steve_msgs_s.ep.rosidl_typesupport_fastrtps_c.c
[5.012s] -- Symlinking: /home/dj/MREN203/main/mren203-ws/install/steve_msgs/local/lib/python3.10/dist-packages/steve_msgs/_steve_msgs_s.ep.rosidl_typesupport_introspection_c.c
[5.021s] -- Symlinking: /home/dj/MREN203/main/mren203-ws/install/steve_msgs/local/lib/python3.10/dist-packages/steve_msgs/libsteve_msgs__rosidl_generator_py.so
[5.031s] -- Symlinking: /home/dj/MREN203/main/mren203-ws/install/steve_msgs/local/lib/python3.10/dist-packages/steve_msgs/msg/__init__.py
[5.039s] -- Symlinking: /home/dj/MREN203/main/mren203-ws/install/steve_msgs/local/lib/python3.10/dist-packages/steve_msgs/msg/_control_ui.py
[5.047s] -- Symlinking: /home/dj/MREN203/main/mren203-ws/install/steve_msgs/local/lib/python3.10/dist-packages/steve_msgs/msg/_control_ui_s.c
[5.055s] -- Symlinking: /home/dj/MREN203/main/mren203-ws/install/steve_msgs/local/lib/python3.10/dist-packages/steve_msgs/msg/_motor_data.py
[5.064s] -- Symlinking: /home/dj/MREN203/main/mren203-ws/install/steve_msgs/local/lib/python3.10/dist-packages/steve_msgs/msg/_motor_data_s.c
[5.073s] -- Symlinking: /home/dj/MREN203/main/mren203-ws/install/steve_msgs/local/lib/python3.10/dist-packages/steve_msgs/msg/_sensor_data.py
[5.082s] -- Symlinking: /home/dj/MREN203/main/mren203-ws/install/steve_msgs/local/lib/python3.10/dist-packages/steve_msgs/msg/_sensor_data_s.c
[5.092s] -- Symlinking: /home/dj/MREN203/main/mren203-ws/install/steve_msgs/local/lib/python3.10/dist-packages/steve_msgs/msg/_set_points.py
[5.101s] -- Symlinking: /home/dj/MREN203/main/mren203-ws/install/steve_msgs/local/lib/python3.10/dist-packages/steve_msgs/msg/_set_points_s.c
[5.110s] -- Symlinking: /home/dj/MREN203/main/mren203-ws/install/steve_msgs/local/lib/python3.10/dist-packages/steve_msgs/steve_msgs_s__rosidl_typesupport_c.cpython-310-x86_64-linux-gnu.so
[5.118s] -- Symlinking: /home/dj/MREN203/main/mren203-ws/install/steve_msgs/local/lib/python3.10/dist-packages/steve_msgs/steve_msgs_s__rosidl_typesupport_fastrtps_c.cpython-310-x86_64-linux-gnu.so
[5.127s] -- Symlinking: /home/dj/MREN203/main/mren203-ws/install/steve_msgs/local/lib/python3.10/dist-packages/steve_msgs/steve_msgs_s__rosidl_typesupport_introspection_c.cpython-310-x86_64-linux-gnu.so
[5.136s] -- Up-to-date symlink: /home/dj/MREN203/main/mren203-ws/install/steve_msgs/local/lib/python3.10/dist-packages/steve_msgs/steve_msgs_s__rosidl_typesupport_fastrtps_c.cpython-310-x86_64-linux-gnu.so
[5.136s] -- Up-to-date symlink: /home/dj/MREN203/main/mren203-ws/install/steve_msgs/local/lib/python3.10/dist-packages/steve_msgs/steve_msgs_s__rosidl_typesupport_introspection_c.cpython-310-x86_64-linux-gnu.so
[5.136s] -- Up-to-date symlink: /home/dj/MREN203/main/mren203-ws/install/steve_msgs/local/lib/python3.10/dist-packages/steve_msgs/steve_msgs_s__rosidl_typesupport_c.cpython-310-x86_64-linux-gnu.so
[5.136s] -- Symlinking: /home/dj/MREN203/main/mren203-ws/install/steve_msgs/share/steve_msgs/msg/ControlUI.idl
[5.145s] -- Symlinking: /home/dj/MREN203/main/mren203-ws/install/steve_msgs/share/steve_msgs/msg/SensorData.idl
[5.153s] -- Symlinking: /home/dj/MREN203/main/mren203-ws/install/steve_msgs/share/steve_msgs/msg/SetPoints.idl
[5.163s] -- Symlinking: /home/dj/MREN203/main/mren203-ws/install/steve_msgs/share/steve_msgs/msg/MotorData.idl
[5.172s] -- Symlinking: /home/dj/MREN203/main/mren203-ws/install/steve_msgs/share/steve_msgs/msg/ControlUI.msg
[5.180s] -- Symlinking: /home/dj/MREN203/main/mren203-ws/install/steve_msgs/share/steve_msgs/msg/SensorData.msg
[5.189s] -- Symlinking: /home/dj/MREN203/main/mren203-ws/install/steve_msgs/share/steve_msgs/msg/SetPoints.msg
[5.197s] -- Symlinking: /home/dj/MREN203/main/mren203-ws/install/steve_msgs/share/steve_msgs/msg/MotorData.msg
[5.206s] -- Symlinking: /home/dj/MREN203/main/mren203-ws/install/steve_msgs/share/ament_index/resource_index/package_run_dependencies/steve_msgs
[5.215s] -- Symlinking: /home/dj/MREN203/main/mren203-ws/install/steve_msgs/share/ament_index/resource_index/parent_prefix_path/steve_msgs
[5.223s] -- Symlinking: /home/dj/MREN203/main/mren203-ws/install/steve_msgs/share/steve_msgs/environment/ament_prefix_path.sh
[5.232s] -- Symlinking: /home/dj/MREN203/main/mren203-ws/install/steve_msgs/share/steve_msgs/environment/ament_prefix_path.dsv
[5.241s] -- Symlinking: /home/dj/MREN203/main/mren203-ws/install/steve_msgs/share/steve_msgs/environment/path.sh
[5.250s] -- Symlinking: /home/dj/MREN203/main/mren203-ws/install/steve_msgs/share/steve_msgs/environment/path.dsv
[5.259s] -- Symlinking: /home/dj/MREN203/main/mren203-ws/install/steve_msgs/share/steve_msgs/local_setup.bash
[5.268s] -- Symlinking: /home/dj/MREN203/main/mren203-ws/install/steve_msgs/share/steve_msgs/local_setup.sh
[5.278s] -- Symlinking: /home/dj/MREN203/main/mren203-ws/install/steve_msgs/share/steve_msgs/local_setup.zsh
[5.286s] -- Symlinking: /home/dj/MREN203/main/mren203-ws/install/steve_msgs/share/steve_msgs/local_setup.dsv
[5.296s] -- Symlinking: /home/dj/MREN203/main/mren203-ws/install/steve_msgs/share/steve_msgs/package.dsv
[5.306s] -- Symlinking: /home/dj/MREN203/main/mren203-ws/install/steve_msgs/share/ament_index/resource_index/packages/steve_msgs
[5.316s] -- Symlinking: /home/dj/MREN203/main/mren203-ws/install/steve_msgs/share/steve_msgs/cmake/rosidl_cmake-extras.cmake
[5.325s] -- Symlinking: /home/dj/MREN203/main/mren203-ws/install/steve_msgs/share/steve_msgs/cmake/ament_cmake_export_include_directories-extras.cmake
[5.334s] -- Symlinking: /home/dj/MREN203/main/mren203-ws/install/steve_msgs/share/steve_msgs/cmake/ament_cmake_export_libraries-extras.cmake
[5.343s] -- Symlinking: /home/dj/MREN203/main/mren203-ws/install/steve_msgs/share/steve_msgs/cmake/ament_cmake_export_targets-extras.cmake
[5.352s] -- Symlinking: /home/dj/MREN203/main/mren203-ws/install/steve_msgs/share/steve_msgs/cmake/rosidl_cmake_export_typesupport_targets-extras.cmake
[5.361s] -- Symlinking: /home/dj/MREN203/main/mren203-ws/install/steve_msgs/share/steve_msgs/cmake/ament_cmake_export_dependencies-extras.cmake
[5.369s] -- Symlinking: /home/dj/MREN203/main/mren203-ws/install/steve_msgs/share/steve_msgs/cmake/rosidl_cmake_export_typesupport_libraries-extras.cmake
[5.378s] -- Symlinking: /home/dj/MREN203/main/mren203-ws/install/steve_msgs/share/steve_msgs/cmake/steve_msgsConfig.cmake
[5.387s] -- Symlinking: /home/dj/MREN203/main/mren203-ws/install/steve_msgs/share/steve_msgs/cmake/steve_msgsConfig-version.cmake
[5.397s] -- Symlinking: /home/dj/MREN203/main/mren203-ws/install/steve_msgs/share/steve_msgs/package.xml
[5.406s] -- Installing: /home/dj/MREN203/main/mren203-ws/install/steve_msgs/lib/libsteve_msgs__rosidl_generator_c.so
[5.406s] -- Set runtime path of "/home/dj/MREN203/main/mren203-ws/install/steve_msgs/lib/libsteve_msgs__rosidl_generator_c.so" to ""
[5.406s] -- Installing: /home/dj/MREN203/main/mren203-ws/install/steve_msgs/lib/libsteve_msgs__rosidl_typesupport_fastrtps_c.so
[5.407s] -- Set runtime path of "/home/dj/MREN203/main/mren203-ws/install/steve_msgs/lib/libsteve_msgs__rosidl_typesupport_fastrtps_c.so" to ""
[5.407s] -- Installing: /home/dj/MREN203/main/mren203-ws/install/steve_msgs/lib/libsteve_msgs__rosidl_typesupport_introspection_c.so
[5.407s] -- Set runtime path of "/home/dj/MREN203/main/mren203-ws/install/steve_msgs/lib/libsteve_msgs__rosidl_typesupport_introspection_c.so" to ""
[5.407s] -- Installing: /home/dj/MREN203/main/mren203-ws/install/steve_msgs/lib/libsteve_msgs__rosidl_typesupport_c.so
[5.408s] -- Set runtime path of "/home/dj/MREN203/main/mren203-ws/install/steve_msgs/lib/libsteve_msgs__rosidl_typesupport_c.so" to ""
[5.408s] -- Installing: /home/dj/MREN203/main/mren203-ws/install/steve_msgs/lib/libsteve_msgs__rosidl_typesupport_fastrtps_cpp.so
[5.408s] -- Set runtime path of "/home/dj/MREN203/main/mren203-ws/install/steve_msgs/lib/libsteve_msgs__rosidl_typesupport_fastrtps_cpp.so" to ""
[5.408s] -- Installing: /home/dj/MREN203/main/mren203-ws/install/steve_msgs/lib/libsteve_msgs__rosidl_typesupport_introspection_cpp.so
[5.408s] -- Set runtime path of "/home/dj/MREN203/main/mren203-ws/install/steve_msgs/lib/libsteve_msgs__rosidl_typesupport_introspection_cpp.so" to ""
[5.408s] -- Installing: /home/dj/MREN203/main/mren203-ws/install/steve_msgs/lib/libsteve_msgs__rosidl_typesupport_cpp.so
[5.409s] -- Set runtime path of "/home/dj/MREN203/main/mren203-ws/install/steve_msgs/lib/libsteve_msgs__rosidl_typesupport_cpp.so" to ""
[5.438s] Listing '/home/dj/MREN203/main/mren203-ws/install/steve_msgs/local/lib/python3.10/dist-packages/steve_msgs'...
[5.438s] Compiling '/home/dj/MREN203/main/mren203-ws/install/steve_msgs/local/lib/python3.10/dist-packages/steve_msgs/__init__.py'...
[5.438s] Listing '/home/dj/MREN203/main/mren203-ws/install/steve_msgs/local/lib/python3.10/dist-packages/steve_msgs/msg'...
[5.438s] Compiling '/home/dj/MREN203/main/mren203-ws/install/steve_msgs/local/lib/python3.10/dist-packages/steve_msgs/msg/__init__.py'...
[5.438s] Compiling '/home/dj/MREN203/main/mren203-ws/install/steve_msgs/local/lib/python3.10/dist-packages/steve_msgs/msg/_control_ui.py'...
[5.438s] Compiling '/home/dj/MREN203/main/mren203-ws/install/steve_msgs/local/lib/python3.10/dist-packages/steve_msgs/msg/_motor_data.py'...
[5.438s] Compiling '/home/dj/MREN203/main/mren203-ws/install/steve_msgs/local/lib/python3.10/dist-packages/steve_msgs/msg/_sensor_data.py'...
[5.438s] Compiling '/home/dj/MREN203/main/mren203-ws/install/steve_msgs/local/lib/python3.10/dist-packages/steve_msgs/msg/_set_points.py'...
[5.442s] -- Installing: /home/dj/MREN203/main/mren203-ws/install/steve_msgs/lib/libsteve_msgs__rosidl_generator_py.so
[5.443s] -- Set runtime path of "/home/dj/MREN203/main/mren203-ws/install/steve_msgs/lib/libsteve_msgs__rosidl_generator_py.so" to ""
[5.443s] -- Installing: /home/dj/MREN203/main/mren203-ws/install/steve_msgs/share/steve_msgs/cmake/export_steve_msgs__rosidl_generator_cExport.cmake
[5.443s] -- Installing: /home/dj/MREN203/main/mren203-ws/install/steve_msgs/share/steve_msgs/cmake/export_steve_msgs__rosidl_generator_cExport-noconfig.cmake
[5.443s] -- Installing: /home/dj/MREN203/main/mren203-ws/install/steve_msgs/share/steve_msgs/cmake/export_steve_msgs__rosidl_typesupport_fastrtps_cExport.cmake
[5.444s] -- Installing: /home/dj/MREN203/main/mren203-ws/install/steve_msgs/share/steve_msgs/cmake/export_steve_msgs__rosidl_typesupport_fastrtps_cExport-noconfig.cmake
[5.444s] -- Installing: /home/dj/MREN203/main/mren203-ws/install/steve_msgs/share/steve_msgs/cmake/steve_msgs__rosidl_typesupport_introspection_cExport.cmake
[5.444s] -- Installing: /home/dj/MREN203/main/mren203-ws/install/steve_msgs/share/steve_msgs/cmake/steve_msgs__rosidl_typesupport_introspection_cExport-noconfig.cmake
[5.444s] -- Installing: /home/dj/MREN203/main/mren203-ws/install/steve_msgs/share/steve_msgs/cmake/steve_msgs__rosidl_typesupport_cExport.cmake
[5.444s] -- Installing: /home/dj/MREN203/main/mren203-ws/install/steve_msgs/share/steve_msgs/cmake/steve_msgs__rosidl_typesupport_cExport-noconfig.cmake
[5.444s] -- Installing: /home/dj/MREN203/main/mren203-ws/install/steve_msgs/share/steve_msgs/cmake/export_steve_msgs__rosidl_generator_cppExport.cmake
[5.444s] -- Installing: /home/dj/MREN203/main/mren203-ws/install/steve_msgs/share/steve_msgs/cmake/export_steve_msgs__rosidl_typesupport_fastrtps_cppExport.cmake
[5.444s] -- Installing: /home/dj/MREN203/main/mren203-ws/install/steve_msgs/share/steve_msgs/cmake/export_steve_msgs__rosidl_typesupport_fastrtps_cppExport-noconfig.cmake
[5.444s] -- Installing: /home/dj/MREN203/main/mren203-ws/install/steve_msgs/share/steve_msgs/cmake/steve_msgs__rosidl_typesupport_introspection_cppExport.cmake
[5.444s] -- Installing: /home/dj/MREN203/main/mren203-ws/install/steve_msgs/share/steve_msgs/cmake/steve_msgs__rosidl_typesupport_introspection_cppExport-noconfig.cmake
[5.444s] -- Installing: /home/dj/MREN203/main/mren203-ws/install/steve_msgs/share/steve_msgs/cmake/steve_msgs__rosidl_typesupport_cppExport.cmake
[5.445s] -- Installing: /home/dj/MREN203/main/mren203-ws/install/steve_msgs/share/steve_msgs/cmake/steve_msgs__rosidl_typesupport_cppExport-noconfig.cmake
[5.445s] -- Installing: /home/dj/MREN203/main/mren203-ws/install/steve_msgs/share/steve_msgs/cmake/export_steve_msgs__rosidl_generator_pyExport.cmake
[5.445s] -- Installing: /home/dj/MREN203/main/mren203-ws/install/steve_msgs/share/steve_msgs/cmake/export_steve_msgs__rosidl_generator_pyExport-noconfig.cmake
[5.447s] Invoked command in '/home/dj/MREN203/main/mren203-ws/build/steve_msgs' returned '0': CMAKE_PREFIX_PATH=/opt/ros/humble /usr/bin/cmake --install /home/dj/MREN203/main/mren203-ws/build/steve_msgs
