[6.985s] Invoking command in '/home/steve/mren203-ws/build/steve_ui': PYTHONPATH=/home/steve/mren203-ws/build/steve_ui/prefix_override:/home/steve/mren203-ws/install/steve_ui/lib/python3.10/site-packages:${PYTHONPATH} /usr/bin/python3 setup.py develop --editable --build-directory /home/steve/mren203-ws/build/steve_ui/build --no-deps install_data
[8.876s] running develop
[8.877s] /usr/lib/python3/dist-packages/setuptools/command/easy_install.py:158: EasyInstallDeprecationWarning: easy_install command is deprecated. Use build and pip and other standards-based tools.
[8.877s]   warnings.warn(
[8.883s] /usr/lib/python3/dist-packages/setuptools/command/install.py:34: SetuptoolsDeprecationWarning: setup.py install is deprecated. Use build and pip and other standards-based tools.
[8.883s]   warnings.warn(
[9.994s] running egg_info
[9.996s] writing steve_ui.egg-info/PKG-INFO
[9.997s] writing dependency_links to steve_ui.egg-info/dependency_links.txt
[9.998s] writing entry points to steve_ui.egg-info/entry_points.txt
[9.999s] writing requirements to steve_ui.egg-info/requires.txt
[9.999s] writing top-level names to steve_ui.egg-info/top_level.txt
[10.006s] reading manifest file 'steve_ui.egg-info/SOURCES.txt'
[10.010s] writing manifest file 'steve_ui.egg-info/SOURCES.txt'
[10.017s] running build_ext
[10.018s] Creating /home/steve/mren203-ws/install/steve_ui/lib/python3.10/site-packages/steve-ui.egg-link (link to .)
[10.023s] Installing fsm_node script to /home/steve/mren203-ws/install/steve_ui/lib/steve_ui
[10.025s] 
[10.026s] Installed /home/steve/mren203-ws/build/steve_ui
[10.027s] running install_data
[10.425s] Invoked command in '/home/steve/mren203-ws/build/steve_ui' returned '0': PYTHONPATH=/home/steve/mren203-ws/build/steve_ui/prefix_override:/home/steve/mren203-ws/install/steve_ui/lib/python3.10/site-packages:${PYTHONPATH} /usr/bin/python3 setup.py develop --editable --build-directory /home/steve/mren203-ws/build/steve_ui/build --no-deps install_data
