[1.030s] Invoking command in '/home/dj/MREN203/joint_states/mren203-ws/build/joystick_ros2': PYTHONPATH=/home/dj/MREN203/joint_states/mren203-ws/build/joystick_ros2/prefix_override:/home/dj/MREN203/joint_states/mren203-ws/install/joystick_ros2/lib/python3.10/site-packages:${PYTHONPATH} /usr/bin/python3 setup.py develop --editable --build-directory /home/dj/MREN203/joint_states/mren203-ws/build/joystick_ros2/build --no-deps install_data
[1.317s] running develop
[1.317s] /home/dj/.local/lib/python3.10/site-packages/setuptools/command/develop.py:40: EasyInstallDeprecationWarning: easy_install command is deprecated.
[1.317s] !!
[1.318s] 
[1.318s]         ********************************************************************************
[1.318s]         Please avoid running ``setup.py`` and ``easy_install``.
[1.318s]         Instead, use pypa/build, pypa/installer or other
[1.318s]         standards-based tools.
[1.318s] 
[1.318s]         See https://github.com/pypa/setuptools/issues/917 for details.
[1.318s]         ********************************************************************************
[1.318s] 
[1.318s] !!
[1.318s]   easy_install.initialize_options(self)
[1.348s] /home/dj/.local/lib/python3.10/site-packages/setuptools/_distutils/cmd.py:66: SetuptoolsDeprecationWarning: setup.py install is deprecated.
[1.349s] !!
[1.349s] 
[1.349s]         ********************************************************************************
[1.349s]         Please avoid running ``setup.py`` directly.
[1.349s]         Instead, use pypa/build, pypa/installer or other
[1.349s]         standards-based tools.
[1.349s] 
[1.349s]         See https://blog.ganssle.io/articles/2021/10/setup-py-deprecated.html for details.
[1.349s]         ********************************************************************************
[1.349s] 
[1.349s] !!
[1.349s]   self.initialize_options()
[1.529s] running egg_info
[1.529s] creating joystick_ros2.egg-info
[1.543s] writing joystick_ros2.egg-info/PKG-INFO
[1.543s] writing dependency_links to joystick_ros2.egg-info/dependency_links.txt
[1.543s] writing entry points to joystick_ros2.egg-info/entry_points.txt
[1.543s] writing requirements to joystick_ros2.egg-info/requires.txt
[1.543s] writing top-level names to joystick_ros2.egg-info/top_level.txt
[1.544s] writing manifest file 'joystick_ros2.egg-info/SOURCES.txt'
[1.572s] reading manifest file 'joystick_ros2.egg-info/SOURCES.txt'
[1.572s] writing manifest file 'joystick_ros2.egg-info/SOURCES.txt'
[1.628s] running build_ext
[1.629s] Creating /home/dj/MREN203/joint_states/mren203-ws/install/joystick_ros2/lib/python3.10/site-packages/joystick-ros2.egg-link (link to .)
[1.629s] Installing joystick_ros2 script to /home/dj/MREN203/joint_states/mren203-ws/install/joystick_ros2/lib/joystick_ros2
[1.629s] 
[1.629s] Installed /home/dj/MREN203/joint_states/mren203-ws/build/joystick_ros2
[1.630s] running install_data
[1.630s] creating /home/dj/MREN203/joint_states/mren203-ws/install/joystick_ros2/share/ament_index
[1.630s] creating /home/dj/MREN203/joint_states/mren203-ws/install/joystick_ros2/share/ament_index/resource_index
[1.630s] creating /home/dj/MREN203/joint_states/mren203-ws/install/joystick_ros2/share/ament_index/resource_index/packages
[1.630s] copying resource/joystick_ros2 -> /home/dj/MREN203/joint_states/mren203-ws/install/joystick_ros2/share/ament_index/resource_index/packages
[1.630s] creating /home/dj/MREN203/joint_states/mren203-ws/install/joystick_ros2/shared
[1.630s] creating /home/dj/MREN203/joint_states/mren203-ws/install/joystick_ros2/shared/joystick_ros2
[1.630s] copying package.xml -> /home/dj/MREN203/joint_states/mren203-ws/install/joystick_ros2/shared/joystick_ros2
[1.665s] Invoked command in '/home/dj/MREN203/joint_states/mren203-ws/build/joystick_ros2' returned '0': PYTHONPATH=/home/dj/MREN203/joint_states/mren203-ws/build/joystick_ros2/prefix_override:/home/dj/MREN203/joint_states/mren203-ws/install/joystick_ros2/lib/python3.10/site-packages:${PYTHONPATH} /usr/bin/python3 setup.py develop --editable --build-directory /home/dj/MREN203/joint_states/mren203-ws/build/joystick_ros2/build --no-deps install_data
