[0.220s] Invoking command in '/home/dj/MREN203/joint_states/mren203-ws/build/steve_msgs': CMAKE_PREFIX_PATH=/opt/ros/humble /usr/bin/cmake /home/dj/MREN203/joint_states/mren203-ws/src/steve_msgs -DAMENT_CMAKE_SYMLINK_INSTALL=1 -DCMAKE_INSTALL_PREFIX=/home/dj/MREN203/joint_states/mren203-ws/install/steve_msgs
[0.428s] -- The C compiler identification is GNU 11.4.0
[0.428s] -- The CXX compiler identification is GNU 11.4.0
[0.429s] -- Detecting C compiler ABI info
[0.462s] -- Detecting C compiler ABI info - done
[0.467s] -- Check for working C compiler: /usr/bin/cc - skipped
[0.467s] -- Detecting C compile features
[0.467s] -- Detecting C compile features - done
[0.470s] -- Detecting CXX compiler ABI info
[0.551s] -- Detecting CXX compiler ABI info - done
[0.556s] -- Check for working CXX compiler: /usr/bin/c++ - skipped
[0.556s] -- Detecting CXX compile features
[0.556s] -- Detecting CXX compile features - done
[0.560s] -- Found ament_cmake: 1.3.8 (/opt/ros/humble/share/ament_cmake/cmake)
[0.850s] -- Found Python3: /usr/bin/python3 (found version "3.10.12") found components: Interpreter 
[0.907s] -- Override CMake install command with custom implementation using symlinks instead of copying resources
[0.942s] -- Found rosidl_default_generators: 1.2.0 (/opt/ros/humble/share/rosidl_default_generators/cmake)
[0.946s] -- Using all available rosidl_typesupport_c: rosidl_typesupport_fastrtps_c;rosidl_typesupport_introspection_c
[0.954s] -- Found rosidl_adapter: 3.1.5 (/opt/ros/humble/share/rosidl_adapter/cmake)
[0.998s] -- Using all available rosidl_typesupport_cpp: rosidl_typesupport_fastrtps_cpp;rosidl_typesupport_introspection_cpp
[1.295s] -- Found ament_cmake_ros: 0.10.0 (/opt/ros/humble/share/ament_cmake_ros/cmake)
[1.452s] -- Using all available rosidl_typesupport_c: rosidl_typesupport_fastrtps_c;rosidl_typesupport_introspection_c
[1.645s] -- Using all available rosidl_typesupport_cpp: rosidl_typesupport_fastrtps_cpp;rosidl_typesupport_introspection_cpp
[1.664s] -- Found PythonInterp: /usr/bin/python3 (found suitable version "3.10.12", minimum required is "3.6") 
[1.666s] -- Found python_cmake_module: 0.10.0 (/opt/ros/humble/share/python_cmake_module/cmake)
[1.690s] -- Found PythonLibs: /usr/lib/x86_64-linux-gnu/libpython3.10.so (found suitable version "3.10.12", minimum required is "3.5") 
[1.690s] -- Using PYTHON_EXECUTABLE: /usr/bin/python3
[1.690s] -- Using PYTHON_INCLUDE_DIRS: /usr/include/python3.10
[1.690s] -- Using PYTHON_LIBRARIES: /usr/lib/x86_64-linux-gnu/libpython3.10.so
[1.708s] -- Found PythonExtra: .so  
[1.734s] -- Found ament_lint_auto: 0.12.10 (/opt/ros/humble/share/ament_lint_auto/cmake)
[1.759s] -- Added test 'lint_cmake' to check CMake code style
[1.759s] -- Added test 'xmllint' to check XML markup files
[1.759s] -- Configuring done
[1.779s] -- Generating done
[1.782s] -- Build files have been written to: /home/dj/MREN203/joint_states/mren203-ws/build/steve_msgs
[1.788s] Invoked command in '/home/dj/MREN203/joint_states/mren203-ws/build/steve_msgs' returned '0': CMAKE_PREFIX_PATH=/opt/ros/humble /usr/bin/cmake /home/dj/MREN203/joint_states/mren203-ws/src/steve_msgs -DAMENT_CMAKE_SYMLINK_INSTALL=1 -DCMAKE_INSTALL_PREFIX=/home/dj/MREN203/joint_states/mren203-ws/install/steve_msgs
[1.789s] Invoking command in '/home/dj/MREN203/joint_states/mren203-ws/build/steve_msgs': CMAKE_PREFIX_PATH=/opt/ros/humble /usr/bin/cmake --build /home/dj/MREN203/joint_states/mren203-ws/build/steve_msgs -- -j16 -l16
[1.822s] [  1%] [34m[1mGenerating C code for ROS interfaces[0m
[1.831s] [  3%] [34m[1mGenerating C++ code for ROS interfaces[0m
[1.838s] [  3%] Built target ament_cmake_python_symlink_steve_msgs
[1.995s] running egg_info
[1.995s] creating steve_msgs.egg-info
[2.010s] writing steve_msgs.egg-info/PKG-INFO
[2.010s] writing dependency_links to steve_msgs.egg-info/dependency_links.txt
[2.010s] writing top-level names to steve_msgs.egg-info/top_level.txt
[2.010s] writing manifest file 'steve_msgs.egg-info/SOURCES.txt'
[2.053s] reading manifest file 'steve_msgs.egg-info/SOURCES.txt'
[2.054s] writing manifest file 'steve_msgs.egg-info/SOURCES.txt'
[2.078s] [  3%] Built target ament_cmake_python_build_steve_msgs_egg
[2.158s] [  3%] Built target steve_msgs__cpp
[2.167s] [  7%] [34m[1mGenerating C++ introspection for ROS interfaces[0m
[2.167s] [  7%] [34m[1mGenerating C++ type support for eProsima Fast-RTPS[0m
[2.169s] [  9%] [34m[1mGenerating C++ type support dispatch for ROS interfaces[0m
[2.278s] [ 10%] [32mBuilding C object CMakeFiles/steve_msgs__rosidl_generator_c.dir/rosidl_generator_c/steve_msgs/msg/detail/control_ui__functions.c.o[0m
[2.278s] [ 12%] [32mBuilding C object CMakeFiles/steve_msgs__rosidl_generator_c.dir/rosidl_generator_c/steve_msgs/msg/detail/sensor_data__functions.c.o[0m
[2.279s] [ 14%] [32mBuilding C object CMakeFiles/steve_msgs__rosidl_generator_c.dir/rosidl_generator_c/steve_msgs/msg/detail/set_points__functions.c.o[0m
[2.279s] [ 16%] [32mBuilding C object CMakeFiles/steve_msgs__rosidl_generator_c.dir/rosidl_generator_c/steve_msgs/msg/detail/motor_data__functions.c.o[0m
[2.326s] [ 18%] [32m[1mLinking C shared library libsteve_msgs__rosidl_generator_c.so[0m
[2.360s] [ 18%] Built target steve_msgs__rosidl_generator_c
[2.369s] [ 20%] [34m[1mGenerating C introspection for ROS interfaces[0m
[2.369s] [ 21%] [34m[1mGenerating C type support for eProsima Fast-RTPS[0m
[2.370s] [ 23%] [34m[1mGenerating C type support dispatch for ROS interfaces[0m
[2.451s] [ 25%] [32mBuilding CXX object CMakeFiles/steve_msgs__rosidl_typesupport_cpp.dir/rosidl_typesupport_cpp/steve_msgs/msg/control_ui__type_support.cpp.o[0m
[2.452s] [ 27%] [32mBuilding CXX object CMakeFiles/steve_msgs__rosidl_typesupport_cpp.dir/rosidl_typesupport_cpp/steve_msgs/msg/set_points__type_support.cpp.o[0m
[2.453s] [ 29%] [32mBuilding CXX object CMakeFiles/steve_msgs__rosidl_typesupport_cpp.dir/rosidl_typesupport_cpp/steve_msgs/msg/sensor_data__type_support.cpp.o[0m
[2.453s] [ 30%] [32mBuilding CXX object CMakeFiles/steve_msgs__rosidl_typesupport_cpp.dir/rosidl_typesupport_cpp/steve_msgs/msg/motor_data__type_support.cpp.o[0m
[2.502s] [ 36%] [32mBuilding CXX object CMakeFiles/steve_msgs__rosidl_typesupport_introspection_cpp.dir/rosidl_typesupport_introspection_cpp/steve_msgs/msg/detail/motor_data__type_support.cpp.o[0m
[2.503s] [ 36%] [32mBuilding CXX object CMakeFiles/steve_msgs__rosidl_typesupport_introspection_cpp.dir/rosidl_typesupport_introspection_cpp/steve_msgs/msg/detail/control_ui__type_support.cpp.o[0m
[2.503s] [ 36%] [32mBuilding CXX object CMakeFiles/steve_msgs__rosidl_typesupport_introspection_cpp.dir/rosidl_typesupport_introspection_cpp/steve_msgs/msg/detail/set_points__type_support.cpp.o[0m
[2.503s] [ 38%] [32mBuilding CXX object CMakeFiles/steve_msgs__rosidl_typesupport_introspection_cpp.dir/rosidl_typesupport_introspection_cpp/steve_msgs/msg/detail/sensor_data__type_support.cpp.o[0m
[2.524s] [ 43%] [32mBuilding CXX object CMakeFiles/steve_msgs__rosidl_typesupport_fastrtps_cpp.dir/rosidl_typesupport_fastrtps_cpp/steve_msgs/msg/detail/dds_fastrtps/control_ui__type_support.cpp.o[0m
[2.524s] [ 43%] [32mBuilding CXX object CMakeFiles/steve_msgs__rosidl_typesupport_fastrtps_cpp.dir/rosidl_typesupport_fastrtps_cpp/steve_msgs/msg/detail/dds_fastrtps/sensor_data__type_support.cpp.o[0m
[2.525s] [ 43%] [32mBuilding CXX object CMakeFiles/steve_msgs__rosidl_typesupport_fastrtps_cpp.dir/rosidl_typesupport_fastrtps_cpp/steve_msgs/msg/detail/dds_fastrtps/motor_data__type_support.cpp.o[0m
[2.529s] [ 45%] [32mBuilding CXX object CMakeFiles/steve_msgs__rosidl_typesupport_fastrtps_cpp.dir/rosidl_typesupport_fastrtps_cpp/steve_msgs/msg/detail/dds_fastrtps/set_points__type_support.cpp.o[0m
[2.748s] [ 47%] [32m[1mLinking CXX shared library libsteve_msgs__rosidl_typesupport_cpp.so[0m
[2.791s] [ 54%] [32mBuilding CXX object CMakeFiles/steve_msgs__rosidl_typesupport_c.dir/rosidl_typesupport_c/steve_msgs/msg/motor_data__type_support.cpp.o[0m
[2.791s] [ 54%] [32mBuilding CXX object CMakeFiles/steve_msgs__rosidl_typesupport_c.dir/rosidl_typesupport_c/steve_msgs/msg/set_points__type_support.cpp.o[0m
[2.791s] [ 54%] [32mBuilding CXX object CMakeFiles/steve_msgs__rosidl_typesupport_c.dir/rosidl_typesupport_c/steve_msgs/msg/sensor_data__type_support.cpp.o[0m
[2.791s] [ 54%] [32mBuilding CXX object CMakeFiles/steve_msgs__rosidl_typesupport_c.dir/rosidl_typesupport_c/steve_msgs/msg/control_ui__type_support.cpp.o[0m
[2.801s] [ 54%] Built target steve_msgs__rosidl_typesupport_cpp
[2.814s] [ 56%] [32mBuilding C object CMakeFiles/steve_msgs__rosidl_typesupport_introspection_c.dir/rosidl_typesupport_introspection_c/steve_msgs/msg/detail/sensor_data__type_support.c.o[0m
[2.814s] [ 58%] [32mBuilding C object CMakeFiles/steve_msgs__rosidl_typesupport_introspection_c.dir/rosidl_typesupport_introspection_c/steve_msgs/msg/detail/control_ui__type_support.c.o[0m
[2.817s] [ 60%] [32mBuilding C object CMakeFiles/steve_msgs__rosidl_typesupport_introspection_c.dir/rosidl_typesupport_introspection_c/steve_msgs/msg/detail/set_points__type_support.c.o[0m
[2.830s] [ 61%] [32mBuilding C object CMakeFiles/steve_msgs__rosidl_typesupport_introspection_c.dir/rosidl_typesupport_introspection_c/steve_msgs/msg/detail/motor_data__type_support.c.o[0m
[2.832s] [ 63%] [32m[1mLinking CXX shared library libsteve_msgs__rosidl_typesupport_c.so[0m
[2.873s] [ 65%] [32mBuilding CXX object CMakeFiles/steve_msgs__rosidl_typesupport_fastrtps_c.dir/rosidl_typesupport_fastrtps_c/steve_msgs/msg/detail/sensor_data__type_support_c.cpp.o[0m
[2.873s] [ 67%] [32mBuilding CXX object CMakeFiles/steve_msgs__rosidl_typesupport_fastrtps_c.dir/rosidl_typesupport_fastrtps_c/steve_msgs/msg/detail/control_ui__type_support_c.cpp.o[0m
[2.874s] [ 69%] [32mBuilding CXX object CMakeFiles/steve_msgs__rosidl_typesupport_fastrtps_c.dir/rosidl_typesupport_fastrtps_c/steve_msgs/msg/detail/motor_data__type_support_c.cpp.o[0m
[2.874s] [ 70%] [32mBuilding CXX object CMakeFiles/steve_msgs__rosidl_typesupport_fastrtps_c.dir/rosidl_typesupport_fastrtps_c/steve_msgs/msg/detail/set_points__type_support_c.cpp.o[0m
[2.880s] [ 72%] [32m[1mLinking C shared library libsteve_msgs__rosidl_typesupport_introspection_c.so[0m
[2.888s] [ 72%] Built target steve_msgs__rosidl_typesupport_c
[2.913s] [ 72%] Built target steve_msgs__rosidl_typesupport_introspection_c
[2.929s] [ 74%] [32m[1mLinking CXX shared library libsteve_msgs__rosidl_typesupport_introspection_cpp.so[0m
[2.952s] [ 76%] [32m[1mLinking CXX shared library libsteve_msgs__rosidl_typesupport_fastrtps_cpp.so[0m
[2.966s] [ 76%] Built target steve_msgs__rosidl_typesupport_introspection_cpp
[3.017s] [ 76%] Built target steve_msgs__rosidl_typesupport_fastrtps_cpp
[3.137s] [ 78%] [32m[1mLinking CXX shared library libsteve_msgs__rosidl_typesupport_fastrtps_c.so[0m
[3.195s] [ 78%] Built target steve_msgs__rosidl_typesupport_fastrtps_c
[3.214s] [ 78%] Built target steve_msgs
[3.235s] [ 80%] [34m[1mGenerating Python code for ROS interfaces[0m
[3.706s] [ 80%] Built target steve_msgs__py
[3.727s] [ 87%] [32mBuilding C object CMakeFiles/steve_msgs__rosidl_generator_py.dir/rosidl_generator_py/steve_msgs/msg/_sensor_data_s.c.o[0m
[3.727s] [ 87%] [32mBuilding C object CMakeFiles/steve_msgs__rosidl_generator_py.dir/rosidl_generator_py/steve_msgs/msg/_control_ui_s.c.o[0m
[3.727s] [ 87%] [32mBuilding C object CMakeFiles/steve_msgs__rosidl_generator_py.dir/rosidl_generator_py/steve_msgs/msg/_motor_data_s.c.o[0m
[3.727s] [ 87%] [32mBuilding C object CMakeFiles/steve_msgs__rosidl_generator_py.dir/rosidl_generator_py/steve_msgs/msg/_set_points_s.c.o[0m
[3.813s] [ 89%] [32m[1mLinking C shared library rosidl_generator_py/steve_msgs/libsteve_msgs__rosidl_generator_py.so[0m
[3.847s] [ 89%] Built target steve_msgs__rosidl_generator_py
[3.866s] [ 92%] [32mBuilding C object CMakeFiles/steve_msgs__rosidl_typesupport_introspection_c__pyext.dir/rosidl_generator_py/steve_msgs/_steve_msgs_s.ep.rosidl_typesupport_introspection_c.c.o[0m
[3.866s] [ 92%] [32mBuilding C object CMakeFiles/steve_msgs__rosidl_typesupport_c__pyext.dir/rosidl_generator_py/steve_msgs/_steve_msgs_s.ep.rosidl_typesupport_c.c.o[0m
[3.866s] [ 94%] [32mBuilding C object CMakeFiles/steve_msgs__rosidl_typesupport_fastrtps_c__pyext.dir/rosidl_generator_py/steve_msgs/_steve_msgs_s.ep.rosidl_typesupport_fastrtps_c.c.o[0m
[3.936s] [ 98%] [32m[1mLinking C shared library rosidl_generator_py/steve_msgs/steve_msgs_s__rosidl_typesupport_c.cpython-310-x86_64-linux-gnu.so[0m
[3.936s] [ 98%] [32m[1mLinking C shared library rosidl_generator_py/steve_msgs/steve_msgs_s__rosidl_typesupport_introspection_c.cpython-310-x86_64-linux-gnu.so[0m
[3.939s] [100%] [32m[1mLinking C shared library rosidl_generator_py/steve_msgs/steve_msgs_s__rosidl_typesupport_fastrtps_c.cpython-310-x86_64-linux-gnu.so[0m
[3.964s] [100%] Built target steve_msgs__rosidl_typesupport_c__pyext
[3.965s] [100%] Built target steve_msgs__rosidl_typesupport_introspection_c__pyext
[3.970s] [100%] Built target steve_msgs__rosidl_typesupport_fastrtps_c__pyext
[3.981s] Invoked command in '/home/dj/MREN203/joint_states/mren203-ws/build/steve_msgs' returned '0': CMAKE_PREFIX_PATH=/opt/ros/humble /usr/bin/cmake --build /home/dj/MREN203/joint_states/mren203-ws/build/steve_msgs -- -j16 -l16
[4.152s] Invoking command in '/home/dj/MREN203/joint_states/mren203-ws/build/steve_msgs': CMAKE_PREFIX_PATH=/opt/ros/humble /usr/bin/cmake --install /home/dj/MREN203/joint_states/mren203-ws/build/steve_msgs
[4.159s] -- Install configuration: ""
[4.159s] -- Execute custom install script
[4.159s] -- Symlinking: /home/dj/MREN203/joint_states/mren203-ws/install/steve_msgs/share/ament_index/resource_index/rosidl_interfaces/steve_msgs
[4.168s] -- Symlinking: /home/dj/MREN203/joint_states/mren203-ws/install/steve_msgs/include/steve_msgs/steve_msgs/msg/control_ui.h
[4.175s] -- Symlinking: /home/dj/MREN203/joint_states/mren203-ws/install/steve_msgs/include/steve_msgs/steve_msgs/msg/detail/control_ui__functions.h
[4.184s] -- Symlinking: /home/dj/MREN203/joint_states/mren203-ws/install/steve_msgs/include/steve_msgs/steve_msgs/msg/detail/control_ui__struct.h
[4.191s] -- Symlinking: /home/dj/MREN203/joint_states/mren203-ws/install/steve_msgs/include/steve_msgs/steve_msgs/msg/detail/control_ui__type_support.h
[4.199s] -- Symlinking: /home/dj/MREN203/joint_states/mren203-ws/install/steve_msgs/include/steve_msgs/steve_msgs/msg/detail/motor_data__functions.h
[4.206s] -- Symlinking: /home/dj/MREN203/joint_states/mren203-ws/install/steve_msgs/include/steve_msgs/steve_msgs/msg/detail/motor_data__struct.h
[4.214s] -- Symlinking: /home/dj/MREN203/joint_states/mren203-ws/install/steve_msgs/include/steve_msgs/steve_msgs/msg/detail/motor_data__type_support.h
[4.222s] -- Symlinking: /home/dj/MREN203/joint_states/mren203-ws/install/steve_msgs/include/steve_msgs/steve_msgs/msg/detail/sensor_data__functions.h
[4.230s] -- Symlinking: /home/dj/MREN203/joint_states/mren203-ws/install/steve_msgs/include/steve_msgs/steve_msgs/msg/detail/sensor_data__struct.h
[4.238s] -- Symlinking: /home/dj/MREN203/joint_states/mren203-ws/install/steve_msgs/include/steve_msgs/steve_msgs/msg/detail/sensor_data__type_support.h
[4.246s] -- Symlinking: /home/dj/MREN203/joint_states/mren203-ws/install/steve_msgs/include/steve_msgs/steve_msgs/msg/detail/set_points__functions.h
[4.254s] -- Symlinking: /home/dj/MREN203/joint_states/mren203-ws/install/steve_msgs/include/steve_msgs/steve_msgs/msg/detail/set_points__struct.h
[4.263s] -- Symlinking: /home/dj/MREN203/joint_states/mren203-ws/install/steve_msgs/include/steve_msgs/steve_msgs/msg/detail/set_points__type_support.h
[4.271s] -- Symlinking: /home/dj/MREN203/joint_states/mren203-ws/install/steve_msgs/include/steve_msgs/steve_msgs/msg/motor_data.h
[4.279s] -- Symlinking: /home/dj/MREN203/joint_states/mren203-ws/install/steve_msgs/include/steve_msgs/steve_msgs/msg/rosidl_generator_c__visibility_control.h
[4.288s] -- Symlinking: /home/dj/MREN203/joint_states/mren203-ws/install/steve_msgs/include/steve_msgs/steve_msgs/msg/sensor_data.h
[4.296s] -- Symlinking: /home/dj/MREN203/joint_states/mren203-ws/install/steve_msgs/include/steve_msgs/steve_msgs/msg/set_points.h
[4.305s] -- Symlinking: /home/dj/MREN203/joint_states/mren203-ws/install/steve_msgs/share/steve_msgs/environment/library_path.sh
[4.312s] -- Symlinking: /home/dj/MREN203/joint_states/mren203-ws/install/steve_msgs/share/steve_msgs/environment/library_path.dsv
[4.321s] -- Symlinking: /home/dj/MREN203/joint_states/mren203-ws/install/steve_msgs/include/steve_msgs/steve_msgs/msg/detail/control_ui__rosidl_typesupport_fastrtps_c.h
[4.329s] -- Symlinking: /home/dj/MREN203/joint_states/mren203-ws/install/steve_msgs/include/steve_msgs/steve_msgs/msg/detail/motor_data__rosidl_typesupport_fastrtps_c.h
[4.337s] -- Symlinking: /home/dj/MREN203/joint_states/mren203-ws/install/steve_msgs/include/steve_msgs/steve_msgs/msg/detail/sensor_data__rosidl_typesupport_fastrtps_c.h
[4.346s] -- Symlinking: /home/dj/MREN203/joint_states/mren203-ws/install/steve_msgs/include/steve_msgs/steve_msgs/msg/detail/set_points__rosidl_typesupport_fastrtps_c.h
[4.354s] -- Symlinking: /home/dj/MREN203/joint_states/mren203-ws/install/steve_msgs/include/steve_msgs/steve_msgs/msg/rosidl_typesupport_fastrtps_c__visibility_control.h
[4.364s] -- Symlinking: /home/dj/MREN203/joint_states/mren203-ws/install/steve_msgs/include/steve_msgs/steve_msgs/msg/detail/control_ui__rosidl_typesupport_introspection_c.h
[4.371s] -- Symlinking: /home/dj/MREN203/joint_states/mren203-ws/install/steve_msgs/include/steve_msgs/steve_msgs/msg/detail/motor_data__rosidl_typesupport_introspection_c.h
[4.379s] -- Symlinking: /home/dj/MREN203/joint_states/mren203-ws/install/steve_msgs/include/steve_msgs/steve_msgs/msg/detail/sensor_data__rosidl_typesupport_introspection_c.h
[4.386s] -- Symlinking: /home/dj/MREN203/joint_states/mren203-ws/install/steve_msgs/include/steve_msgs/steve_msgs/msg/detail/set_points__rosidl_typesupport_introspection_c.h
[4.395s] -- Symlinking: /home/dj/MREN203/joint_states/mren203-ws/install/steve_msgs/include/steve_msgs/steve_msgs/msg/rosidl_typesupport_introspection_c__visibility_control.h
[4.403s] -- Symlinking: /home/dj/MREN203/joint_states/mren203-ws/install/steve_msgs/include/steve_msgs/steve_msgs/msg/control_ui.hpp
[4.410s] -- Symlinking: /home/dj/MREN203/joint_states/mren203-ws/install/steve_msgs/include/steve_msgs/steve_msgs/msg/detail/control_ui__builder.hpp
[4.418s] -- Symlinking: /home/dj/MREN203/joint_states/mren203-ws/install/steve_msgs/include/steve_msgs/steve_msgs/msg/detail/control_ui__struct.hpp
[4.426s] -- Symlinking: /home/dj/MREN203/joint_states/mren203-ws/install/steve_msgs/include/steve_msgs/steve_msgs/msg/detail/control_ui__traits.hpp
[4.435s] -- Symlinking: /home/dj/MREN203/joint_states/mren203-ws/install/steve_msgs/include/steve_msgs/steve_msgs/msg/detail/motor_data__builder.hpp
[4.443s] -- Symlinking: /home/dj/MREN203/joint_states/mren203-ws/install/steve_msgs/include/steve_msgs/steve_msgs/msg/detail/motor_data__struct.hpp
[4.451s] -- Symlinking: /home/dj/MREN203/joint_states/mren203-ws/install/steve_msgs/include/steve_msgs/steve_msgs/msg/detail/motor_data__traits.hpp
[4.460s] -- Symlinking: /home/dj/MREN203/joint_states/mren203-ws/install/steve_msgs/include/steve_msgs/steve_msgs/msg/detail/sensor_data__builder.hpp
[4.467s] -- Symlinking: /home/dj/MREN203/joint_states/mren203-ws/install/steve_msgs/include/steve_msgs/steve_msgs/msg/detail/sensor_data__struct.hpp
[4.475s] -- Symlinking: /home/dj/MREN203/joint_states/mren203-ws/install/steve_msgs/include/steve_msgs/steve_msgs/msg/detail/sensor_data__traits.hpp
[4.484s] -- Symlinking: /home/dj/MREN203/joint_states/mren203-ws/install/steve_msgs/include/steve_msgs/steve_msgs/msg/detail/set_points__builder.hpp
[4.492s] -- Symlinking: /home/dj/MREN203/joint_states/mren203-ws/install/steve_msgs/include/steve_msgs/steve_msgs/msg/detail/set_points__struct.hpp
[4.500s] -- Symlinking: /home/dj/MREN203/joint_states/mren203-ws/install/steve_msgs/include/steve_msgs/steve_msgs/msg/detail/set_points__traits.hpp
[4.509s] -- Symlinking: /home/dj/MREN203/joint_states/mren203-ws/install/steve_msgs/include/steve_msgs/steve_msgs/msg/motor_data.hpp
[4.517s] -- Symlinking: /home/dj/MREN203/joint_states/mren203-ws/install/steve_msgs/include/steve_msgs/steve_msgs/msg/sensor_data.hpp
[4.525s] -- Symlinking: /home/dj/MREN203/joint_states/mren203-ws/install/steve_msgs/include/steve_msgs/steve_msgs/msg/set_points.hpp
[4.534s] -- Symlinking: /home/dj/MREN203/joint_states/mren203-ws/install/steve_msgs/include/steve_msgs/steve_msgs/msg/detail/control_ui__rosidl_typesupport_fastrtps_cpp.hpp
[4.542s] -- Symlinking: /home/dj/MREN203/joint_states/mren203-ws/install/steve_msgs/include/steve_msgs/steve_msgs/msg/detail/motor_data__rosidl_typesupport_fastrtps_cpp.hpp
[4.550s] -- Symlinking: /home/dj/MREN203/joint_states/mren203-ws/install/steve_msgs/include/steve_msgs/steve_msgs/msg/detail/sensor_data__rosidl_typesupport_fastrtps_cpp.hpp
[4.558s] -- Symlinking: /home/dj/MREN203/joint_states/mren203-ws/install/steve_msgs/include/steve_msgs/steve_msgs/msg/detail/set_points__rosidl_typesupport_fastrtps_cpp.hpp
[4.567s] -- Symlinking: /home/dj/MREN203/joint_states/mren203-ws/install/steve_msgs/include/steve_msgs/steve_msgs/msg/rosidl_typesupport_fastrtps_cpp__visibility_control.h
[4.575s] -- Symlinking: /home/dj/MREN203/joint_states/mren203-ws/install/steve_msgs/include/steve_msgs/steve_msgs/msg/detail/control_ui__rosidl_typesupport_introspection_cpp.hpp
[4.584s] -- Symlinking: /home/dj/MREN203/joint_states/mren203-ws/install/steve_msgs/include/steve_msgs/steve_msgs/msg/detail/motor_data__rosidl_typesupport_introspection_cpp.hpp
[4.592s] -- Symlinking: /home/dj/MREN203/joint_states/mren203-ws/install/steve_msgs/include/steve_msgs/steve_msgs/msg/detail/sensor_data__rosidl_typesupport_introspection_cpp.hpp
[4.600s] -- Symlinking: /home/dj/MREN203/joint_states/mren203-ws/install/steve_msgs/include/steve_msgs/steve_msgs/msg/detail/set_points__rosidl_typesupport_introspection_cpp.hpp
[4.608s] -- Symlinking: /home/dj/MREN203/joint_states/mren203-ws/install/steve_msgs/share/steve_msgs/environment/pythonpath.sh
[4.617s] -- Symlinking: /home/dj/MREN203/joint_states/mren203-ws/install/steve_msgs/share/steve_msgs/environment/pythonpath.dsv
[4.625s] -- Symlinking: /home/dj/MREN203/joint_states/mren203-ws/install/steve_msgs/local/lib/python3.10/dist-packages/steve_msgs-0.0.0-py3.10.egg-info/PKG-INFO
[4.633s] -- Symlinking: /home/dj/MREN203/joint_states/mren203-ws/install/steve_msgs/local/lib/python3.10/dist-packages/steve_msgs-0.0.0-py3.10.egg-info/SOURCES.txt
[4.640s] -- Symlinking: /home/dj/MREN203/joint_states/mren203-ws/install/steve_msgs/local/lib/python3.10/dist-packages/steve_msgs-0.0.0-py3.10.egg-info/dependency_links.txt
[4.648s] -- Symlinking: /home/dj/MREN203/joint_states/mren203-ws/install/steve_msgs/local/lib/python3.10/dist-packages/steve_msgs-0.0.0-py3.10.egg-info/top_level.txt
[4.657s] -- Symlinking: /home/dj/MREN203/joint_states/mren203-ws/install/steve_msgs/local/lib/python3.10/dist-packages/steve_msgs/__init__.py
[4.665s] -- Symlinking: /home/dj/MREN203/joint_states/mren203-ws/install/steve_msgs/local/lib/python3.10/dist-packages/steve_msgs/_steve_msgs_s.ep.rosidl_typesupport_c.c
[4.673s] -- Symlinking: /home/dj/MREN203/joint_states/mren203-ws/install/steve_msgs/local/lib/python3.10/dist-packages/steve_msgs/_steve_msgs_s.ep.rosidl_typesupport_fastrtps_c.c
[4.681s] -- Symlinking: /home/dj/MREN203/joint_states/mren203-ws/install/steve_msgs/local/lib/python3.10/dist-packages/steve_msgs/_steve_msgs_s.ep.rosidl_typesupport_introspection_c.c
[4.688s] -- Symlinking: /home/dj/MREN203/joint_states/mren203-ws/install/steve_msgs/local/lib/python3.10/dist-packages/steve_msgs/libsteve_msgs__rosidl_generator_py.so
[4.696s] -- Symlinking: /home/dj/MREN203/joint_states/mren203-ws/install/steve_msgs/local/lib/python3.10/dist-packages/steve_msgs/msg/__init__.py
[4.705s] -- Symlinking: /home/dj/MREN203/joint_states/mren203-ws/install/steve_msgs/local/lib/python3.10/dist-packages/steve_msgs/msg/_control_ui.py
[4.713s] -- Symlinking: /home/dj/MREN203/joint_states/mren203-ws/install/steve_msgs/local/lib/python3.10/dist-packages/steve_msgs/msg/_control_ui_s.c
[4.722s] -- Symlinking: /home/dj/MREN203/joint_states/mren203-ws/install/steve_msgs/local/lib/python3.10/dist-packages/steve_msgs/msg/_motor_data.py
[4.730s] -- Symlinking: /home/dj/MREN203/joint_states/mren203-ws/install/steve_msgs/local/lib/python3.10/dist-packages/steve_msgs/msg/_motor_data_s.c
[4.738s] -- Symlinking: /home/dj/MREN203/joint_states/mren203-ws/install/steve_msgs/local/lib/python3.10/dist-packages/steve_msgs/msg/_sensor_data.py
[4.746s] -- Symlinking: /home/dj/MREN203/joint_states/mren203-ws/install/steve_msgs/local/lib/python3.10/dist-packages/steve_msgs/msg/_sensor_data_s.c
[4.755s] -- Symlinking: /home/dj/MREN203/joint_states/mren203-ws/install/steve_msgs/local/lib/python3.10/dist-packages/steve_msgs/msg/_set_points.py
[4.763s] -- Symlinking: /home/dj/MREN203/joint_states/mren203-ws/install/steve_msgs/local/lib/python3.10/dist-packages/steve_msgs/msg/_set_points_s.c
[4.772s] -- Symlinking: /home/dj/MREN203/joint_states/mren203-ws/install/steve_msgs/local/lib/python3.10/dist-packages/steve_msgs/steve_msgs_s__rosidl_typesupport_c.cpython-310-x86_64-linux-gnu.so
[4.780s] -- Symlinking: /home/dj/MREN203/joint_states/mren203-ws/install/steve_msgs/local/lib/python3.10/dist-packages/steve_msgs/steve_msgs_s__rosidl_typesupport_fastrtps_c.cpython-310-x86_64-linux-gnu.so
[4.789s] -- Symlinking: /home/dj/MREN203/joint_states/mren203-ws/install/steve_msgs/local/lib/python3.10/dist-packages/steve_msgs/steve_msgs_s__rosidl_typesupport_introspection_c.cpython-310-x86_64-linux-gnu.so
[4.798s] -- Up-to-date symlink: /home/dj/MREN203/joint_states/mren203-ws/install/steve_msgs/local/lib/python3.10/dist-packages/steve_msgs/steve_msgs_s__rosidl_typesupport_fastrtps_c.cpython-310-x86_64-linux-gnu.so
[4.798s] -- Up-to-date symlink: /home/dj/MREN203/joint_states/mren203-ws/install/steve_msgs/local/lib/python3.10/dist-packages/steve_msgs/steve_msgs_s__rosidl_typesupport_introspection_c.cpython-310-x86_64-linux-gnu.so
[4.798s] -- Up-to-date symlink: /home/dj/MREN203/joint_states/mren203-ws/install/steve_msgs/local/lib/python3.10/dist-packages/steve_msgs/steve_msgs_s__rosidl_typesupport_c.cpython-310-x86_64-linux-gnu.so
[4.798s] -- Symlinking: /home/dj/MREN203/joint_states/mren203-ws/install/steve_msgs/share/steve_msgs/msg/ControlUI.idl
[4.806s] -- Symlinking: /home/dj/MREN203/joint_states/mren203-ws/install/steve_msgs/share/steve_msgs/msg/SensorData.idl
[4.815s] -- Symlinking: /home/dj/MREN203/joint_states/mren203-ws/install/steve_msgs/share/steve_msgs/msg/SetPoints.idl
[4.822s] -- Symlinking: /home/dj/MREN203/joint_states/mren203-ws/install/steve_msgs/share/steve_msgs/msg/MotorData.idl
[4.830s] -- Symlinking: /home/dj/MREN203/joint_states/mren203-ws/install/steve_msgs/share/steve_msgs/msg/ControlUI.msg
[4.838s] -- Symlinking: /home/dj/MREN203/joint_states/mren203-ws/install/steve_msgs/share/steve_msgs/msg/SensorData.msg
[4.846s] -- Symlinking: /home/dj/MREN203/joint_states/mren203-ws/install/steve_msgs/share/steve_msgs/msg/SetPoints.msg
[4.855s] -- Symlinking: /home/dj/MREN203/joint_states/mren203-ws/install/steve_msgs/share/steve_msgs/msg/MotorData.msg
[4.863s] -- Symlinking: /home/dj/MREN203/joint_states/mren203-ws/install/steve_msgs/share/ament_index/resource_index/package_run_dependencies/steve_msgs
[4.871s] -- Symlinking: /home/dj/MREN203/joint_states/mren203-ws/install/steve_msgs/share/ament_index/resource_index/parent_prefix_path/steve_msgs
[4.880s] -- Symlinking: /home/dj/MREN203/joint_states/mren203-ws/install/steve_msgs/share/steve_msgs/environment/ament_prefix_path.sh
[4.887s] -- Symlinking: /home/dj/MREN203/joint_states/mren203-ws/install/steve_msgs/share/steve_msgs/environment/ament_prefix_path.dsv
[4.895s] -- Symlinking: /home/dj/MREN203/joint_states/mren203-ws/install/steve_msgs/share/steve_msgs/environment/path.sh
[4.903s] -- Symlinking: /home/dj/MREN203/joint_states/mren203-ws/install/steve_msgs/share/steve_msgs/environment/path.dsv
[4.910s] -- Symlinking: /home/dj/MREN203/joint_states/mren203-ws/install/steve_msgs/share/steve_msgs/local_setup.bash
[4.918s] -- Symlinking: /home/dj/MREN203/joint_states/mren203-ws/install/steve_msgs/share/steve_msgs/local_setup.sh
[4.927s] -- Symlinking: /home/dj/MREN203/joint_states/mren203-ws/install/steve_msgs/share/steve_msgs/local_setup.zsh
[4.935s] -- Symlinking: /home/dj/MREN203/joint_states/mren203-ws/install/steve_msgs/share/steve_msgs/local_setup.dsv
[4.942s] -- Symlinking: /home/dj/MREN203/joint_states/mren203-ws/install/steve_msgs/share/steve_msgs/package.dsv
[4.951s] -- Symlinking: /home/dj/MREN203/joint_states/mren203-ws/install/steve_msgs/share/ament_index/resource_index/packages/steve_msgs
[4.959s] -- Symlinking: /home/dj/MREN203/joint_states/mren203-ws/install/steve_msgs/share/steve_msgs/cmake/rosidl_cmake-extras.cmake
[4.967s] -- Symlinking: /home/dj/MREN203/joint_states/mren203-ws/install/steve_msgs/share/steve_msgs/cmake/ament_cmake_export_include_directories-extras.cmake
[4.975s] -- Symlinking: /home/dj/MREN203/joint_states/mren203-ws/install/steve_msgs/share/steve_msgs/cmake/ament_cmake_export_libraries-extras.cmake
[4.983s] -- Symlinking: /home/dj/MREN203/joint_states/mren203-ws/install/steve_msgs/share/steve_msgs/cmake/ament_cmake_export_targets-extras.cmake
[4.991s] -- Symlinking: /home/dj/MREN203/joint_states/mren203-ws/install/steve_msgs/share/steve_msgs/cmake/rosidl_cmake_export_typesupport_targets-extras.cmake
[4.999s] -- Symlinking: /home/dj/MREN203/joint_states/mren203-ws/install/steve_msgs/share/steve_msgs/cmake/ament_cmake_export_dependencies-extras.cmake
[5.007s] -- Symlinking: /home/dj/MREN203/joint_states/mren203-ws/install/steve_msgs/share/steve_msgs/cmake/rosidl_cmake_export_typesupport_libraries-extras.cmake
[5.015s] -- Symlinking: /home/dj/MREN203/joint_states/mren203-ws/install/steve_msgs/share/steve_msgs/cmake/steve_msgsConfig.cmake
[5.023s] -- Symlinking: /home/dj/MREN203/joint_states/mren203-ws/install/steve_msgs/share/steve_msgs/cmake/steve_msgsConfig-version.cmake
[5.031s] -- Symlinking: /home/dj/MREN203/joint_states/mren203-ws/install/steve_msgs/share/steve_msgs/package.xml
[5.039s] -- Installing: /home/dj/MREN203/joint_states/mren203-ws/install/steve_msgs/lib/libsteve_msgs__rosidl_generator_c.so
[5.039s] -- Set runtime path of "/home/dj/MREN203/joint_states/mren203-ws/install/steve_msgs/lib/libsteve_msgs__rosidl_generator_c.so" to ""
[5.040s] -- Installing: /home/dj/MREN203/joint_states/mren203-ws/install/steve_msgs/lib/libsteve_msgs__rosidl_typesupport_fastrtps_c.so
[5.040s] -- Set runtime path of "/home/dj/MREN203/joint_states/mren203-ws/install/steve_msgs/lib/libsteve_msgs__rosidl_typesupport_fastrtps_c.so" to ""
[5.040s] -- Installing: /home/dj/MREN203/joint_states/mren203-ws/install/steve_msgs/lib/libsteve_msgs__rosidl_typesupport_introspection_c.so
[5.040s] -- Set runtime path of "/home/dj/MREN203/joint_states/mren203-ws/install/steve_msgs/lib/libsteve_msgs__rosidl_typesupport_introspection_c.so" to ""
[5.040s] -- Installing: /home/dj/MREN203/joint_states/mren203-ws/install/steve_msgs/lib/libsteve_msgs__rosidl_typesupport_c.so
[5.040s] -- Set runtime path of "/home/dj/MREN203/joint_states/mren203-ws/install/steve_msgs/lib/libsteve_msgs__rosidl_typesupport_c.so" to ""
[5.040s] -- Installing: /home/dj/MREN203/joint_states/mren203-ws/install/steve_msgs/lib/libsteve_msgs__rosidl_typesupport_fastrtps_cpp.so
[5.041s] -- Set runtime path of "/home/dj/MREN203/joint_states/mren203-ws/install/steve_msgs/lib/libsteve_msgs__rosidl_typesupport_fastrtps_cpp.so" to ""
[5.041s] -- Installing: /home/dj/MREN203/joint_states/mren203-ws/install/steve_msgs/lib/libsteve_msgs__rosidl_typesupport_introspection_cpp.so
[5.041s] -- Set runtime path of "/home/dj/MREN203/joint_states/mren203-ws/install/steve_msgs/lib/libsteve_msgs__rosidl_typesupport_introspection_cpp.so" to ""
[5.041s] -- Installing: /home/dj/MREN203/joint_states/mren203-ws/install/steve_msgs/lib/libsteve_msgs__rosidl_typesupport_cpp.so
[5.041s] -- Set runtime path of "/home/dj/MREN203/joint_states/mren203-ws/install/steve_msgs/lib/libsteve_msgs__rosidl_typesupport_cpp.so" to ""
[5.068s] Listing '/home/dj/MREN203/joint_states/mren203-ws/install/steve_msgs/local/lib/python3.10/dist-packages/steve_msgs'...
[5.068s] Compiling '/home/dj/MREN203/joint_states/mren203-ws/install/steve_msgs/local/lib/python3.10/dist-packages/steve_msgs/__init__.py'...
[5.068s] Listing '/home/dj/MREN203/joint_states/mren203-ws/install/steve_msgs/local/lib/python3.10/dist-packages/steve_msgs/msg'...
[5.068s] Compiling '/home/dj/MREN203/joint_states/mren203-ws/install/steve_msgs/local/lib/python3.10/dist-packages/steve_msgs/msg/__init__.py'...
[5.068s] Compiling '/home/dj/MREN203/joint_states/mren203-ws/install/steve_msgs/local/lib/python3.10/dist-packages/steve_msgs/msg/_control_ui.py'...
[5.068s] Compiling '/home/dj/MREN203/joint_states/mren203-ws/install/steve_msgs/local/lib/python3.10/dist-packages/steve_msgs/msg/_motor_data.py'...
[5.068s] Compiling '/home/dj/MREN203/joint_states/mren203-ws/install/steve_msgs/local/lib/python3.10/dist-packages/steve_msgs/msg/_sensor_data.py'...
[5.068s] Compiling '/home/dj/MREN203/joint_states/mren203-ws/install/steve_msgs/local/lib/python3.10/dist-packages/steve_msgs/msg/_set_points.py'...
[5.071s] -- Installing: /home/dj/MREN203/joint_states/mren203-ws/install/steve_msgs/lib/libsteve_msgs__rosidl_generator_py.so
[5.072s] -- Set runtime path of "/home/dj/MREN203/joint_states/mren203-ws/install/steve_msgs/lib/libsteve_msgs__rosidl_generator_py.so" to ""
[5.072s] -- Installing: /home/dj/MREN203/joint_states/mren203-ws/install/steve_msgs/share/steve_msgs/cmake/export_steve_msgs__rosidl_generator_cExport.cmake
[5.072s] -- Installing: /home/dj/MREN203/joint_states/mren203-ws/install/steve_msgs/share/steve_msgs/cmake/export_steve_msgs__rosidl_generator_cExport-noconfig.cmake
[5.072s] -- Installing: /home/dj/MREN203/joint_states/mren203-ws/install/steve_msgs/share/steve_msgs/cmake/export_steve_msgs__rosidl_typesupport_fastrtps_cExport.cmake
[5.072s] -- Installing: /home/dj/MREN203/joint_states/mren203-ws/install/steve_msgs/share/steve_msgs/cmake/export_steve_msgs__rosidl_typesupport_fastrtps_cExport-noconfig.cmake
[5.073s] -- Installing: /home/dj/MREN203/joint_states/mren203-ws/install/steve_msgs/share/steve_msgs/cmake/steve_msgs__rosidl_typesupport_introspection_cExport.cmake
[5.073s] -- Installing: /home/dj/MREN203/joint_states/mren203-ws/install/steve_msgs/share/steve_msgs/cmake/steve_msgs__rosidl_typesupport_introspection_cExport-noconfig.cmake
[5.073s] -- Installing: /home/dj/MREN203/joint_states/mren203-ws/install/steve_msgs/share/steve_msgs/cmake/steve_msgs__rosidl_typesupport_cExport.cmake
[5.073s] -- Installing: /home/dj/MREN203/joint_states/mren203-ws/install/steve_msgs/share/steve_msgs/cmake/steve_msgs__rosidl_typesupport_cExport-noconfig.cmake
[5.073s] -- Installing: /home/dj/MREN203/joint_states/mren203-ws/install/steve_msgs/share/steve_msgs/cmake/export_steve_msgs__rosidl_generator_cppExport.cmake
[5.073s] -- Installing: /home/dj/MREN203/joint_states/mren203-ws/install/steve_msgs/share/steve_msgs/cmake/export_steve_msgs__rosidl_typesupport_fastrtps_cppExport.cmake
[5.073s] -- Installing: /home/dj/MREN203/joint_states/mren203-ws/install/steve_msgs/share/steve_msgs/cmake/export_steve_msgs__rosidl_typesupport_fastrtps_cppExport-noconfig.cmake
[5.073s] -- Installing: /home/dj/MREN203/joint_states/mren203-ws/install/steve_msgs/share/steve_msgs/cmake/steve_msgs__rosidl_typesupport_introspection_cppExport.cmake
[5.073s] -- Installing: /home/dj/MREN203/joint_states/mren203-ws/install/steve_msgs/share/steve_msgs/cmake/steve_msgs__rosidl_typesupport_introspection_cppExport-noconfig.cmake
[5.074s] -- Installing: /home/dj/MREN203/joint_states/mren203-ws/install/steve_msgs/share/steve_msgs/cmake/steve_msgs__rosidl_typesupport_cppExport.cmake
[5.074s] -- Installing: /home/dj/MREN203/joint_states/mren203-ws/install/steve_msgs/share/steve_msgs/cmake/steve_msgs__rosidl_typesupport_cppExport-noconfig.cmake
[5.074s] -- Installing: /home/dj/MREN203/joint_states/mren203-ws/install/steve_msgs/share/steve_msgs/cmake/export_steve_msgs__rosidl_generator_pyExport.cmake
[5.074s] -- Installing: /home/dj/MREN203/joint_states/mren203-ws/install/steve_msgs/share/steve_msgs/cmake/export_steve_msgs__rosidl_generator_pyExport-noconfig.cmake
[5.076s] Invoked command in '/home/dj/MREN203/joint_states/mren203-ws/build/steve_msgs' returned '0': CMAKE_PREFIX_PATH=/opt/ros/humble /usr/bin/cmake --install /home/dj/MREN203/joint_states/mren203-ws/build/steve_msgs
