[0.287s] Invoking command in '/home/dj/MREN203/mren203-ws/build/steve_launch': CMAKE_PREFIX_PATH=/opt/ros/humble /usr/bin/cmake /home/dj/MREN203/mren203-ws/src/steve_launch -DAMENT_CMAKE_SYMLINK_INSTALL=1 -DCMAKE_INSTALL_PREFIX=/home/dj/MREN203/mren203-ws/install/steve_launch
[0.335s] -- The C compiler identification is GNU 11.4.0
[0.385s] -- The CXX compiler identification is GNU 11.4.0
[0.393s] -- Detecting C compiler ABI info
[0.462s] -- Detecting C compiler ABI info - done
[0.467s] -- Check for working C compiler: /usr/bin/cc - skipped
[0.467s] -- Detecting C compile features
[0.468s] -- Detecting C compile features - done
[0.470s] -- Detecting CXX compiler ABI info
[0.553s] -- Detecting CXX compiler ABI info - done
[0.558s] -- Check for working CXX compiler: /usr/bin/c++ - skipped
[0.558s] -- Detecting CXX compile features
[0.559s] -- Detecting CXX compile features - done
[0.561s] -- Found ament_cmake: 1.3.8 (/opt/ros/humble/share/ament_cmake/cmake)
[0.871s] -- Found Python3: /usr/bin/python3 (found version "3.10.12") found components: Interpreter 
[0.929s] -- Override CMake install command with custom implementation using symlinks instead of copying resources
[1.044s] -- Configuring done
[1.047s] -- Generating done
[1.048s] -- Build files have been written to: /home/dj/MREN203/mren203-ws/build/steve_launch
[1.054s] Invoked command in '/home/dj/MREN203/mren203-ws/build/steve_launch' returned '0': CMAKE_PREFIX_PATH=/opt/ros/humble /usr/bin/cmake /home/dj/MREN203/mren203-ws/src/steve_launch -DAMENT_CMAKE_SYMLINK_INSTALL=1 -DCMAKE_INSTALL_PREFIX=/home/dj/MREN203/mren203-ws/install/steve_launch
[1.055s] Invoking command in '/home/dj/MREN203/mren203-ws/build/steve_launch': CMAKE_PREFIX_PATH=/opt/ros/humble /usr/bin/cmake --build /home/dj/MREN203/mren203-ws/build/steve_launch -- -j16 -l16
[1.095s] Invoked command in '/home/dj/MREN203/mren203-ws/build/steve_launch' returned '0': CMAKE_PREFIX_PATH=/opt/ros/humble /usr/bin/cmake --build /home/dj/MREN203/mren203-ws/build/steve_launch -- -j16 -l16
[1.131s] Invoking command in '/home/dj/MREN203/mren203-ws/build/steve_launch': CMAKE_PREFIX_PATH=/opt/ros/humble /usr/bin/cmake --install /home/dj/MREN203/mren203-ws/build/steve_launch
[1.139s] -- Install configuration: ""
[1.139s] -- Execute custom install script
[1.140s] -- Symlinking: /home/dj/MREN203/mren203-ws/install/steve_launch/share/steve_launch/launch/manual_control.launch
[1.149s] -- Symlinking: /home/dj/MREN203/mren203-ws/install/steve_launch/share/ament_index/resource_index/package_run_dependencies/steve_launch
[1.159s] -- Symlinking: /home/dj/MREN203/mren203-ws/install/steve_launch/share/ament_index/resource_index/parent_prefix_path/steve_launch
[1.167s] -- Symlinking: /home/dj/MREN203/mren203-ws/install/steve_launch/share/steve_launch/environment/ament_prefix_path.sh
[1.176s] -- Symlinking: /home/dj/MREN203/mren203-ws/install/steve_launch/share/steve_launch/environment/ament_prefix_path.dsv
[1.185s] -- Symlinking: /home/dj/MREN203/mren203-ws/install/steve_launch/share/steve_launch/environment/path.sh
[1.194s] -- Symlinking: /home/dj/MREN203/mren203-ws/install/steve_launch/share/steve_launch/environment/path.dsv
[1.203s] -- Symlinking: /home/dj/MREN203/mren203-ws/install/steve_launch/share/steve_launch/local_setup.bash
[1.211s] -- Symlinking: /home/dj/MREN203/mren203-ws/install/steve_launch/share/steve_launch/local_setup.sh
[1.221s] -- Symlinking: /home/dj/MREN203/mren203-ws/install/steve_launch/share/steve_launch/local_setup.zsh
[1.230s] -- Symlinking: /home/dj/MREN203/mren203-ws/install/steve_launch/share/steve_launch/local_setup.dsv
[1.239s] -- Symlinking: /home/dj/MREN203/mren203-ws/install/steve_launch/share/steve_launch/package.dsv
[1.249s] -- Symlinking: /home/dj/MREN203/mren203-ws/install/steve_launch/share/ament_index/resource_index/packages/steve_launch
[1.257s] -- Symlinking: /home/dj/MREN203/mren203-ws/install/steve_launch/share/steve_launch/cmake/steve_launchConfig.cmake
[1.265s] -- Symlinking: /home/dj/MREN203/mren203-ws/install/steve_launch/share/steve_launch/cmake/steve_launchConfig-version.cmake
[1.274s] -- Symlinking: /home/dj/MREN203/mren203-ws/install/steve_launch/share/steve_launch/package.xml
[1.285s] Invoked command in '/home/dj/MREN203/mren203-ws/build/steve_launch' returned '0': CMAKE_PREFIX_PATH=/opt/ros/humble /usr/bin/cmake --install /home/dj/MREN203/mren203-ws/build/steve_launch
