[1.017s] Invoking command in '/home/dj/MREN203/main/mren203-ws/build/steve_ui': PYTHONPATH=/home/dj/MREN203/main/mren203-ws/build/steve_ui/prefix_override:/home/dj/MREN203/main/mren203-ws/install/steve_ui/lib/python3.10/site-packages:${PYTHONPATH} /usr/bin/python3 setup.py develop --editable --build-directory /home/dj/MREN203/main/mren203-ws/build/steve_ui/build --no-deps install_data
[1.299s] running develop
[1.299s] /home/dj/.local/lib/python3.10/site-packages/setuptools/command/develop.py:40: EasyInstallDeprecationWarning: easy_install command is deprecated.
[1.299s] !!
[1.299s] 
[1.299s]         ********************************************************************************
[1.299s]         Please avoid running ``setup.py`` and ``easy_install``.
[1.299s]         Instead, use pypa/build, pypa/installer or other
[1.299s]         standards-based tools.
[1.300s] 
[1.300s]         See https://github.com/pypa/setuptools/issues/917 for details.
[1.300s]         ********************************************************************************
[1.300s] 
[1.300s] !!
[1.300s]   easy_install.initialize_options(self)
[1.328s] /home/dj/.local/lib/python3.10/site-packages/setuptools/_distutils/cmd.py:66: SetuptoolsDeprecationWarning: setup.py install is deprecated.
[1.328s] !!
[1.328s] 
[1.328s]         ********************************************************************************
[1.328s]         Please avoid running ``setup.py`` directly.
[1.328s]         Instead, use pypa/build, pypa/installer or other
[1.328s]         standards-based tools.
[1.328s] 
[1.328s]         See https://blog.ganssle.io/articles/2021/10/setup-py-deprecated.html for details.
[1.328s]         ********************************************************************************
[1.329s] 
[1.329s] !!
[1.329s]   self.initialize_options()
[1.505s] running egg_info
[1.506s] creating steve_ui.egg-info
[1.520s] writing steve_ui.egg-info/PKG-INFO
[1.520s] writing dependency_links to steve_ui.egg-info/dependency_links.txt
[1.520s] writing entry points to steve_ui.egg-info/entry_points.txt
[1.520s] writing requirements to steve_ui.egg-info/requires.txt
[1.520s] writing top-level names to steve_ui.egg-info/top_level.txt
[1.520s] writing manifest file 'steve_ui.egg-info/SOURCES.txt'
[1.551s] reading manifest file 'steve_ui.egg-info/SOURCES.txt'
[1.551s] writing manifest file 'steve_ui.egg-info/SOURCES.txt'
[1.603s] running build_ext
[1.603s] Creating /home/dj/MREN203/main/mren203-ws/install/steve_ui/lib/python3.10/site-packages/steve-ui.egg-link (link to .)
[1.603s] Installing fsm_node script to /home/dj/MREN203/main/mren203-ws/install/steve_ui/lib/steve_ui
[1.603s] 
[1.603s] Installed /home/dj/MREN203/main/mren203-ws/build/steve_ui
[1.604s] running install_data
[1.604s] creating /home/dj/MREN203/main/mren203-ws/install/steve_ui/share/ament_index
[1.604s] creating /home/dj/MREN203/main/mren203-ws/install/steve_ui/share/ament_index/resource_index
[1.604s] creating /home/dj/MREN203/main/mren203-ws/install/steve_ui/share/ament_index/resource_index/packages
[1.604s] copying resource/steve_ui -> /home/dj/MREN203/main/mren203-ws/install/steve_ui/share/ament_index/resource_index/packages
[1.604s] copying package.xml -> /home/dj/MREN203/main/mren203-ws/install/steve_ui/share/steve_ui
[1.639s] Invoked command in '/home/dj/MREN203/main/mren203-ws/build/steve_ui' returned '0': PYTHONPATH=/home/dj/MREN203/main/mren203-ws/build/steve_ui/prefix_override:/home/dj/MREN203/main/mren203-ws/install/steve_ui/lib/python3.10/site-packages:${PYTHONPATH} /usr/bin/python3 setup.py develop --editable --build-directory /home/dj/MREN203/main/mren203-ws/build/steve_ui/build --no-deps install_data
