[5.871s] Invoking command in '/home/steve/mren203-ws/build/motor_control': PYTHONPATH=/home/steve/mren203-ws/build/motor_control/prefix_override:/home/steve/mren203-ws/install/motor_control/lib/python3.10/site-packages:${PYTHONPATH} /usr/bin/python3 setup.py develop --editable --build-directory /home/steve/mren203-ws/build/motor_control/build --no-deps install_data
[7.192s] running develop
[7.194s] /usr/lib/python3/dist-packages/setuptools/command/easy_install.py:158: EasyInstallDeprecationWarning: easy_install command is deprecated. Use build and pip and other standards-based tools.
[7.195s]   warnings.warn(
[7.199s] /usr/lib/python3/dist-packages/setuptools/command/install.py:34: SetuptoolsDeprecationWarning: setup.py install is deprecated. Use build and pip and other standards-based tools.
[7.200s]   warnings.warn(
[8.013s] running egg_info
[8.015s] writing motor_control.egg-info/PKG-INFO
[8.017s] writing dependency_links to motor_control.egg-info/dependency_links.txt
[8.017s] writing entry points to motor_control.egg-info/entry_points.txt
[8.018s] writing requirements to motor_control.egg-info/requires.txt
[8.018s] writing top-level names to motor_control.egg-info/top_level.txt
[8.025s] reading manifest file 'motor_control.egg-info/SOURCES.txt'
[8.029s] writing manifest file 'motor_control.egg-info/SOURCES.txt'
[8.035s] running build_ext
[8.037s] Creating /home/steve/mren203-ws/install/motor_control/lib/python3.10/site-packages/motor-control.egg-link (link to .)
[8.043s] Installing motor_driver script to /home/steve/mren203-ws/install/motor_control/lib/motor_control
[8.047s] 
[8.047s] Installed /home/steve/mren203-ws/build/motor_control
[8.049s] running install_data
[8.562s] Invoked command in '/home/steve/mren203-ws/build/motor_control' returned '0': PYTHONPATH=/home/steve/mren203-ws/build/motor_control/prefix_override:/home/steve/mren203-ws/install/motor_control/lib/python3.10/site-packages:${PYTHONPATH} /usr/bin/python3 setup.py develop --editable --build-directory /home/steve/mren203-ws/build/motor_control/build --no-deps install_data
