[0.462s] Invoking command in '/home/dj/MREN203/main/mren203-ws/build/my_bot': CMAKE_PREFIX_PATH=${CMAKE_PREFIX_PATH}:/home/dj/MREN203/main/mren203-ws/install/testing:/home/dj/MREN203/main/mren203-ws/install/steve_ui:/home/dj/MREN203/main/mren203-ws/install/motor_control:/home/dj/MREN203/main/mren203-ws/install/joystick_ros2:/opt/ros/humble /usr/bin/cmake /home/dj/MREN203/main/mren203-ws/src/my_bot -DAMENT_CMAKE_SYMLINK_INSTALL=1 -DCMAKE_INSTALL_PREFIX=/home/dj/MREN203/main/mren203-ws/install/my_bot
[0.504s] -- The C compiler identification is GNU 11.4.0
[0.549s] -- The CXX compiler identification is GNU 11.4.0
[0.555s] -- Detecting C compiler ABI info
[0.614s] -- Detecting C compiler ABI info - done
[0.619s] -- Check for working C compiler: /usr/bin/cc - skipped
[0.620s] -- Detecting C compile features
[0.620s] -- Detecting C compile features - done
[0.622s] -- Detecting CXX compiler ABI info
[0.694s] -- Detecting CXX compiler ABI info - done
[0.694s] -- Check for working CXX compiler: /usr/bin/c++ - skipped
[0.695s] -- Detecting CXX compile features
[0.696s] -- Detecting CXX compile features - done
[0.698s] -- Found ament_cmake: 1.3.8 (/opt/ros/humble/share/ament_cmake/cmake)
[0.979s] -- Found Python3: /usr/bin/python3 (found version "3.10.12") found components: Interpreter 
[1.029s] -- Override CMake install command with custom implementation using symlinks instead of copying resources
[1.058s] -- Found ament_lint_auto: 0.12.10 (/opt/ros/humble/share/ament_lint_auto/cmake)
[1.166s] -- Added test 'copyright' to check source files copyright and LICENSE
[1.168s] -- Added test 'flake8' to check Python code syntax and style conventions
[1.169s] -- Added test 'lint_cmake' to check CMake code style
[1.169s] -- Added test 'pep257' to check Python code against some of the docstring style conventions in PEP 257
[1.171s] -- Added test 'xmllint' to check XML markup files
[1.172s] -- Configuring done
[1.175s] -- Generating done
[1.175s] -- Build files have been written to: /home/dj/MREN203/main/mren203-ws/build/my_bot
[1.179s] Invoked command in '/home/dj/MREN203/main/mren203-ws/build/my_bot' returned '0': CMAKE_PREFIX_PATH=${CMAKE_PREFIX_PATH}:/home/dj/MREN203/main/mren203-ws/install/testing:/home/dj/MREN203/main/mren203-ws/install/steve_ui:/home/dj/MREN203/main/mren203-ws/install/motor_control:/home/dj/MREN203/main/mren203-ws/install/joystick_ros2:/opt/ros/humble /usr/bin/cmake /home/dj/MREN203/main/mren203-ws/src/my_bot -DAMENT_CMAKE_SYMLINK_INSTALL=1 -DCMAKE_INSTALL_PREFIX=/home/dj/MREN203/main/mren203-ws/install/my_bot
[1.180s] Invoking command in '/home/dj/MREN203/main/mren203-ws/build/my_bot': CMAKE_PREFIX_PATH=${CMAKE_PREFIX_PATH}:/home/dj/MREN203/main/mren203-ws/install/testing:/home/dj/MREN203/main/mren203-ws/install/steve_ui:/home/dj/MREN203/main/mren203-ws/install/motor_control:/home/dj/MREN203/main/mren203-ws/install/joystick_ros2:/opt/ros/humble /usr/bin/cmake --build /home/dj/MREN203/main/mren203-ws/build/my_bot -- -j16 -l16
[1.224s] Invoked command in '/home/dj/MREN203/main/mren203-ws/build/my_bot' returned '0': CMAKE_PREFIX_PATH=${CMAKE_PREFIX_PATH}:/home/dj/MREN203/main/mren203-ws/install/testing:/home/dj/MREN203/main/mren203-ws/install/steve_ui:/home/dj/MREN203/main/mren203-ws/install/motor_control:/home/dj/MREN203/main/mren203-ws/install/joystick_ros2:/opt/ros/humble /usr/bin/cmake --build /home/dj/MREN203/main/mren203-ws/build/my_bot -- -j16 -l16
[1.248s] Invoking command in '/home/dj/MREN203/main/mren203-ws/build/my_bot': CMAKE_PREFIX_PATH=${CMAKE_PREFIX_PATH}:/home/dj/MREN203/main/mren203-ws/install/testing:/home/dj/MREN203/main/mren203-ws/install/steve_ui:/home/dj/MREN203/main/mren203-ws/install/motor_control:/home/dj/MREN203/main/mren203-ws/install/joystick_ros2:/opt/ros/humble /usr/bin/cmake --install /home/dj/MREN203/main/mren203-ws/build/my_bot
[1.255s] -- Install configuration: ""
[1.255s] -- Execute custom install script
[1.255s] -- Symlinking: /home/dj/MREN203/main/mren203-ws/install/my_bot/share/my_bot/config/empty.yaml
[1.264s] -- Symlinking: /home/dj/MREN203/main/mren203-ws/install/my_bot/share/my_bot/config/my_controllers.yaml
[1.272s] -- Symlinking: /home/dj/MREN203/main/mren203-ws/install/my_bot/share/my_bot/config/view_bot.rviz
[1.282s] -- Symlinking: /home/dj/MREN203/main/mren203-ws/install/my_bot/share/my_bot/description/gazebo_control.xacro
[1.291s] -- Symlinking: /home/dj/MREN203/main/mren203-ws/install/my_bot/share/my_bot/description/inertial_macros.xacro
[1.299s] -- Symlinking: /home/dj/MREN203/main/mren203-ws/install/my_bot/share/my_bot/description/lidar.xacro
[1.309s] -- Symlinking: /home/dj/MREN203/main/mren203-ws/install/my_bot/share/my_bot/description/robot.urdf.xacro
[1.317s] -- Symlinking: /home/dj/MREN203/main/mren203-ws/install/my_bot/share/my_bot/description/robot_core.xacro
[1.325s] -- Symlinking: /home/dj/MREN203/main/mren203-ws/install/my_bot/share/my_bot/description/ros2_control.xacro
[1.335s] -- Symlinking: /home/dj/MREN203/main/mren203-ws/install/my_bot/share/my_bot/launch/launch_sim.launch.py
[1.343s] -- Symlinking: /home/dj/MREN203/main/mren203-ws/install/my_bot/share/my_bot/launch/rsp.launch.py
[1.351s] -- Symlinking: /home/dj/MREN203/main/mren203-ws/install/my_bot/share/my_bot/worlds/empty.world
[1.359s] -- Symlinking: /home/dj/MREN203/main/mren203-ws/install/my_bot/share/my_bot/worlds/test.world
[1.368s] -- Symlinking: /home/dj/MREN203/main/mren203-ws/install/my_bot/share/ament_index/resource_index/package_run_dependencies/my_bot
[1.375s] -- Symlinking: /home/dj/MREN203/main/mren203-ws/install/my_bot/share/ament_index/resource_index/parent_prefix_path/my_bot
[1.384s] -- Symlinking: /home/dj/MREN203/main/mren203-ws/install/my_bot/share/my_bot/environment/ament_prefix_path.sh
[1.392s] -- Symlinking: /home/dj/MREN203/main/mren203-ws/install/my_bot/share/my_bot/environment/ament_prefix_path.dsv
[1.400s] -- Symlinking: /home/dj/MREN203/main/mren203-ws/install/my_bot/share/my_bot/environment/path.sh
[1.408s] -- Symlinking: /home/dj/MREN203/main/mren203-ws/install/my_bot/share/my_bot/environment/path.dsv
[1.417s] -- Symlinking: /home/dj/MREN203/main/mren203-ws/install/my_bot/share/my_bot/local_setup.bash
[1.426s] -- Symlinking: /home/dj/MREN203/main/mren203-ws/install/my_bot/share/my_bot/local_setup.sh
[1.435s] -- Symlinking: /home/dj/MREN203/main/mren203-ws/install/my_bot/share/my_bot/local_setup.zsh
[1.442s] -- Symlinking: /home/dj/MREN203/main/mren203-ws/install/my_bot/share/my_bot/local_setup.dsv
[1.450s] -- Symlinking: /home/dj/MREN203/main/mren203-ws/install/my_bot/share/my_bot/package.dsv
[1.459s] -- Symlinking: /home/dj/MREN203/main/mren203-ws/install/my_bot/share/ament_index/resource_index/packages/my_bot
[1.468s] -- Symlinking: /home/dj/MREN203/main/mren203-ws/install/my_bot/share/my_bot/cmake/my_botConfig.cmake
[1.476s] -- Symlinking: /home/dj/MREN203/main/mren203-ws/install/my_bot/share/my_bot/cmake/my_botConfig-version.cmake
[1.484s] -- Symlinking: /home/dj/MREN203/main/mren203-ws/install/my_bot/share/my_bot/package.xml
[1.494s] Invoked command in '/home/dj/MREN203/main/mren203-ws/build/my_bot' returned '0': CMAKE_PREFIX_PATH=${CMAKE_PREFIX_PATH}:/home/dj/MREN203/main/mren203-ws/install/testing:/home/dj/MREN203/main/mren203-ws/install/steve_ui:/home/dj/MREN203/main/mren203-ws/install/motor_control:/home/dj/MREN203/main/mren203-ws/install/joystick_ros2:/opt/ros/humble /usr/bin/cmake --install /home/dj/MREN203/main/mren203-ws/build/my_bot
