[6.694s] Invoking command in '/home/steve/mren203-ws/build/motor_control': PYTHONPATH=/home/steve/mren203-ws/build/motor_control/prefix_override:/home/steve/mren203-ws/install/motor_control/lib/python3.10/site-packages:${PYTHONPATH} /usr/bin/python3 setup.py develop --editable --build-directory /home/steve/mren203-ws/build/motor_control/build --no-deps install_data
[8.218s] running develop
[8.219s] /usr/lib/python3/dist-packages/setuptools/command/easy_install.py:158: EasyInstallDeprecationWarning: easy_install command is deprecated. Use build and pip and other standards-based tools.
[8.220s]   warnings.warn(
[8.225s] /usr/lib/python3/dist-packages/setuptools/command/install.py:34: SetuptoolsDeprecationWarning: setup.py install is deprecated. Use build and pip and other standards-based tools.
[8.226s]   warnings.warn(
[9.387s] running egg_info
[9.388s] writing motor_control.egg-info/PKG-INFO
[9.389s] writing dependency_links to motor_control.egg-info/dependency_links.txt
[9.390s] writing entry points to motor_control.egg-info/entry_points.txt
[9.392s] writing requirements to motor_control.egg-info/requires.txt
[9.393s] writing top-level names to motor_control.egg-info/top_level.txt
[9.401s] reading manifest file 'motor_control.egg-info/SOURCES.txt'
[9.408s] writing manifest file 'motor_control.egg-info/SOURCES.txt'
[9.418s] running build_ext
[9.420s] Creating /home/steve/mren203-ws/install/motor_control/lib/python3.10/site-packages/motor-control.egg-link (link to .)
[9.428s] Installing motor_driver script to /home/steve/mren203-ws/install/motor_control/lib/motor_control
[9.430s] Installing tf_node script to /home/steve/mren203-ws/install/motor_control/lib/motor_control
[9.433s] 
[9.434s] Installed /home/steve/mren203-ws/build/motor_control
[9.436s] running install_data
[9.970s] Invoked command in '/home/steve/mren203-ws/build/motor_control' returned '0': PYTHONPATH=/home/steve/mren203-ws/build/motor_control/prefix_override:/home/steve/mren203-ws/install/motor_control/lib/python3.10/site-packages:${PYTHONPATH} /usr/bin/python3 setup.py develop --editable --build-directory /home/steve/mren203-ws/build/motor_control/build --no-deps install_data
