[6.965s] Invoking command in '/home/steve/mren203-ws/build/motor_control': PYTHONPATH=/home/steve/mren203-ws/build/motor_control/prefix_override:/home/steve/mren203-ws/install/motor_control/lib/python3.10/site-packages:${PYTHONPATH} /usr/bin/python3 setup.py develop --editable --build-directory /home/steve/mren203-ws/build/motor_control/build --no-deps install_data
[8.741s] running develop
[8.742s] /usr/lib/python3/dist-packages/setuptools/command/easy_install.py:158: EasyInstallDeprecationWarning: easy_install command is deprecated. Use build and pip and other standards-based tools.
[8.743s]   warnings.warn(
[8.749s] /usr/lib/python3/dist-packages/setuptools/command/install.py:34: SetuptoolsDeprecationWarning: setup.py install is deprecated. Use build and pip and other standards-based tools.
[8.749s]   warnings.warn(
[9.997s] running egg_info
[9.998s] creating motor_control.egg-info
[10.001s] writing motor_control.egg-info/PKG-INFO
[10.003s] writing dependency_links to motor_control.egg-info/dependency_links.txt
[10.005s] writing entry points to motor_control.egg-info/entry_points.txt
[10.006s] writing requirements to motor_control.egg-info/requires.txt
[10.007s] writing top-level names to motor_control.egg-info/top_level.txt
[10.009s] writing manifest file 'motor_control.egg-info/SOURCES.txt'
[10.012s] reading manifest file 'motor_control.egg-info/SOURCES.txt'
[10.016s] writing manifest file 'motor_control.egg-info/SOURCES.txt'
[10.024s] running build_ext
[10.025s] Creating /home/steve/mren203-ws/install/motor_control/lib/python3.10/site-packages/motor-control.egg-link (link to .)
[10.029s] Installing motor_driver script to /home/steve/mren203-ws/install/motor_control/lib/motor_control
[10.038s] Installing tf_node script to /home/steve/mren203-ws/install/motor_control/lib/motor_control
[10.049s] 
[10.051s] Installed /home/steve/mren203-ws/build/motor_control
[10.055s] running install_data
[10.064s] creating /home/steve/mren203-ws/install/motor_control/share/ament_index
[10.066s] creating /home/steve/mren203-ws/install/motor_control/share/ament_index/resource_index
[10.069s] creating /home/steve/mren203-ws/install/motor_control/share/ament_index/resource_index/packages
[10.071s] copying resource/motor_control -> /home/steve/mren203-ws/install/motor_control/share/ament_index/resource_index/packages
[10.074s] copying package.xml -> /home/steve/mren203-ws/install/motor_control/share/motor_control
[10.710s] Invoked command in '/home/steve/mren203-ws/build/motor_control' returned '0': PYTHONPATH=/home/steve/mren203-ws/build/motor_control/prefix_override:/home/steve/mren203-ws/install/motor_control/lib/python3.10/site-packages:${PYTHONPATH} /usr/bin/python3 setup.py develop --editable --build-directory /home/steve/mren203-ws/build/motor_control/build --no-deps install_data
