[4.261s] DEBUG:colcon:Command line arguments: ['/usr/bin/colcon', 'build', '--symlink-install']
[4.261s] DEBUG:colcon:Parsed command line arguments: Namespace(log_base=None, log_level=None, verb_name='build', build_base='build', install_base='install', merge_install=False, symlink_install=True, test_result_base=None, continue_on_error=False, executor='parallel', parallel_workers=4, event_handlers=None, ignore_user_meta=False, metas=['./colcon.meta'], base_paths=['.'], packages_ignore=None, packages_ignore_regex=None, paths=None, packages_up_to=None, packages_up_to_regex=None, packages_above=None, packages_above_and_dependencies=None, packages_above_depth=None, packages_select_by_dep=None, packages_skip_by_dep=None, packages_skip_up_to=None, packages_select_build_failed=False, packages_skip_build_finished=False, packages_select_test_failures=False, packages_skip_test_passed=False, packages_select=None, packages_skip=None, packages_select_regex=None, packages_skip_regex=None, packages_start=None, packages_end=None, allow_overriding=[], cmake_args=None, cmake_target=None, cmake_target_skip_unavailable=False, cmake_clean_cache=False, cmake_clean_first=False, cmake_force_configure=False, ament_cmake_args=None, catkin_cmake_args=None, catkin_skip_building_tests=False, verb_parser=<colcon_defaults.argument_parser.defaults.DefaultArgumentsDecorator object at 0xffffa4e466b0>, verb_extension=<colcon_core.verb.build.BuildVerb object at 0xffffa52efa30>, main=<bound method BuildVerb.main of <colcon_core.verb.build.BuildVerb object at 0xffffa52efa30>>)
[4.464s] Level 1:colcon.colcon_core.package_discovery:discover_packages(colcon_meta) check parameters
[4.464s] Level 1:colcon.colcon_core.package_discovery:discover_packages(recursive) check parameters
[4.464s] Level 1:colcon.colcon_core.package_discovery:discover_packages(ignore) check parameters
[4.465s] Level 1:colcon.colcon_core.package_discovery:discover_packages(path) check parameters
[4.465s] Level 1:colcon.colcon_core.package_discovery:discover_packages(colcon_meta) discover
[4.465s] Level 1:colcon.colcon_core.package_discovery:discover_packages(recursive) discover
[4.465s] INFO:colcon.colcon_core.package_discovery:Crawling recursively for packages in '/home/steve/mren203-ws'
[4.465s] Level 1:colcon.colcon_core.package_identification:_identify(.) by extensions ['ignore', 'ignore_ament_install']
[4.466s] Level 1:colcon.colcon_core.package_identification:_identify(.) by extension 'ignore'
[4.466s] Level 1:colcon.colcon_core.package_identification:_identify(.) by extension 'ignore_ament_install'
[4.466s] Level 1:colcon.colcon_core.package_identification:_identify(.) by extensions ['colcon_pkg']
[4.466s] Level 1:colcon.colcon_core.package_identification:_identify(.) by extension 'colcon_pkg'
[4.467s] Level 1:colcon.colcon_core.package_identification:_identify(.) by extensions ['colcon_meta']
[4.467s] Level 1:colcon.colcon_core.package_identification:_identify(.) by extension 'colcon_meta'
[4.467s] Level 1:colcon.colcon_core.package_identification:_identify(.) by extensions ['ros']
[4.467s] Level 1:colcon.colcon_core.package_identification:_identify(.) by extension 'ros'
[4.510s] Level 1:colcon.colcon_core.package_identification:_identify(.) by extensions ['cmake', 'python']
[4.510s] Level 1:colcon.colcon_core.package_identification:_identify(.) by extension 'cmake'
[4.510s] Level 1:colcon.colcon_core.package_identification:_identify(.) by extension 'python'
[4.511s] Level 1:colcon.colcon_core.package_identification:_identify(.) by extensions ['python_setup_py']
[4.511s] Level 1:colcon.colcon_core.package_identification:_identify(.) by extension 'python_setup_py'
[4.511s] Level 1:colcon.colcon_core.package_identification:_identify(Arduino) by extensions ['ignore', 'ignore_ament_install']
[4.512s] Level 1:colcon.colcon_core.package_identification:_identify(Arduino) by extension 'ignore'
[4.512s] Level 1:colcon.colcon_core.package_identification:_identify(Arduino) ignored
[4.512s] Level 1:colcon.colcon_core.package_identification:_identify(Python) by extensions ['ignore', 'ignore_ament_install']
[4.513s] Level 1:colcon.colcon_core.package_identification:_identify(Python) by extension 'ignore'
[4.513s] Level 1:colcon.colcon_core.package_identification:_identify(Python) ignored
[4.513s] Level 1:colcon.colcon_core.package_identification:_identify(build) by extensions ['ignore', 'ignore_ament_install']
[4.514s] Level 1:colcon.colcon_core.package_identification:_identify(build) by extension 'ignore'
[4.514s] Level 1:colcon.colcon_core.package_identification:_identify(build) ignored
[4.514s] Level 1:colcon.colcon_core.package_identification:_identify(install) by extensions ['ignore', 'ignore_ament_install']
[4.514s] Level 1:colcon.colcon_core.package_identification:_identify(install) by extension 'ignore'
[4.515s] Level 1:colcon.colcon_core.package_identification:_identify(install) ignored
[4.515s] Level 1:colcon.colcon_core.package_identification:_identify(log) by extensions ['ignore', 'ignore_ament_install']
[4.516s] Level 1:colcon.colcon_core.package_identification:_identify(log) by extension 'ignore'
[4.516s] Level 1:colcon.colcon_core.package_identification:_identify(log) ignored
[4.516s] Level 1:colcon.colcon_core.package_identification:_identify(src) by extensions ['ignore', 'ignore_ament_install']
[4.517s] Level 1:colcon.colcon_core.package_identification:_identify(src) by extension 'ignore'
[4.517s] Level 1:colcon.colcon_core.package_identification:_identify(src) by extension 'ignore_ament_install'
[4.517s] Level 1:colcon.colcon_core.package_identification:_identify(src) by extensions ['colcon_pkg']
[4.517s] Level 1:colcon.colcon_core.package_identification:_identify(src) by extension 'colcon_pkg'
[4.517s] Level 1:colcon.colcon_core.package_identification:_identify(src) by extensions ['colcon_meta']
[4.518s] Level 1:colcon.colcon_core.package_identification:_identify(src) by extension 'colcon_meta'
[4.518s] Level 1:colcon.colcon_core.package_identification:_identify(src) by extensions ['ros']
[4.518s] Level 1:colcon.colcon_core.package_identification:_identify(src) by extension 'ros'
[4.518s] Level 1:colcon.colcon_core.package_identification:_identify(src) by extensions ['cmake', 'python']
[4.518s] Level 1:colcon.colcon_core.package_identification:_identify(src) by extension 'cmake'
[4.518s] Level 1:colcon.colcon_core.package_identification:_identify(src) by extension 'python'
[4.519s] Level 1:colcon.colcon_core.package_identification:_identify(src) by extensions ['python_setup_py']
[4.519s] Level 1:colcon.colcon_core.package_identification:_identify(src) by extension 'python_setup_py'
[4.519s] Level 1:colcon.colcon_core.package_identification:_identify(src/joystick_ros2) by extensions ['ignore', 'ignore_ament_install']
[4.519s] Level 1:colcon.colcon_core.package_identification:_identify(src/joystick_ros2) by extension 'ignore'
[4.520s] Level 1:colcon.colcon_core.package_identification:_identify(src/joystick_ros2) by extension 'ignore_ament_install'
[4.520s] Level 1:colcon.colcon_core.package_identification:_identify(src/joystick_ros2) by extensions ['colcon_pkg']
[4.520s] Level 1:colcon.colcon_core.package_identification:_identify(src/joystick_ros2) by extension 'colcon_pkg'
[4.520s] Level 1:colcon.colcon_core.package_identification:_identify(src/joystick_ros2) by extensions ['colcon_meta']
[4.520s] Level 1:colcon.colcon_core.package_identification:_identify(src/joystick_ros2) by extension 'colcon_meta'
[4.520s] Level 1:colcon.colcon_core.package_identification:_identify(src/joystick_ros2) by extensions ['ros']
[4.521s] Level 1:colcon.colcon_core.package_identification:_identify(src/joystick_ros2) by extension 'ros'
[4.529s] DEBUG:colcon.colcon_core.package_identification:Package 'src/joystick_ros2' with type 'ros.ament_python' and name 'joystick_ros2'
[4.530s] Level 1:colcon.colcon_core.package_identification:_identify(src/motor_control) by extensions ['ignore', 'ignore_ament_install']
[4.530s] Level 1:colcon.colcon_core.package_identification:_identify(src/motor_control) by extension 'ignore'
[4.530s] Level 1:colcon.colcon_core.package_identification:_identify(src/motor_control) by extension 'ignore_ament_install'
[4.531s] Level 1:colcon.colcon_core.package_identification:_identify(src/motor_control) by extensions ['colcon_pkg']
[4.531s] Level 1:colcon.colcon_core.package_identification:_identify(src/motor_control) by extension 'colcon_pkg'
[4.531s] Level 1:colcon.colcon_core.package_identification:_identify(src/motor_control) by extensions ['colcon_meta']
[4.531s] Level 1:colcon.colcon_core.package_identification:_identify(src/motor_control) by extension 'colcon_meta'
[4.531s] Level 1:colcon.colcon_core.package_identification:_identify(src/motor_control) by extensions ['ros']
[4.531s] Level 1:colcon.colcon_core.package_identification:_identify(src/motor_control) by extension 'ros'
[4.534s] DEBUG:colcon.colcon_core.package_identification:Package 'src/motor_control' with type 'ros.ament_python' and name 'motor_control'
[4.535s] Level 1:colcon.colcon_core.package_identification:_identify(src/my_bot) by extensions ['ignore', 'ignore_ament_install']
[4.535s] Level 1:colcon.colcon_core.package_identification:_identify(src/my_bot) by extension 'ignore'
[4.535s] Level 1:colcon.colcon_core.package_identification:_identify(src/my_bot) by extension 'ignore_ament_install'
[4.536s] Level 1:colcon.colcon_core.package_identification:_identify(src/my_bot) by extensions ['colcon_pkg']
[4.536s] Level 1:colcon.colcon_core.package_identification:_identify(src/my_bot) by extension 'colcon_pkg'
[4.536s] Level 1:colcon.colcon_core.package_identification:_identify(src/my_bot) by extensions ['colcon_meta']
[4.536s] Level 1:colcon.colcon_core.package_identification:_identify(src/my_bot) by extension 'colcon_meta'
[4.536s] Level 1:colcon.colcon_core.package_identification:_identify(src/my_bot) by extensions ['ros']
[4.536s] Level 1:colcon.colcon_core.package_identification:_identify(src/my_bot) by extension 'ros'
[4.538s] DEBUG:colcon.colcon_core.package_identification:Package 'src/my_bot' with type 'ros.ament_cmake' and name 'my_bot'
[4.539s] Level 1:colcon.colcon_core.package_identification:_identify(src/rplidar_ros2) by extensions ['ignore', 'ignore_ament_install']
[4.539s] Level 1:colcon.colcon_core.package_identification:_identify(src/rplidar_ros2) by extension 'ignore'
[4.539s] Level 1:colcon.colcon_core.package_identification:_identify(src/rplidar_ros2) by extension 'ignore_ament_install'
[4.540s] Level 1:colcon.colcon_core.package_identification:_identify(src/rplidar_ros2) by extensions ['colcon_pkg']
[4.540s] Level 1:colcon.colcon_core.package_identification:_identify(src/rplidar_ros2) by extension 'colcon_pkg'
[4.540s] Level 1:colcon.colcon_core.package_identification:_identify(src/rplidar_ros2) by extensions ['colcon_meta']
[4.540s] Level 1:colcon.colcon_core.package_identification:_identify(src/rplidar_ros2) by extension 'colcon_meta'
[4.540s] Level 1:colcon.colcon_core.package_identification:_identify(src/rplidar_ros2) by extensions ['ros']
[4.540s] Level 1:colcon.colcon_core.package_identification:_identify(src/rplidar_ros2) by extension 'ros'
[4.542s] DEBUG:colcon.colcon_core.package_identification:Package 'src/rplidar_ros2' with type 'ros.ament_cmake' and name 'rplidar_ros'
[4.543s] Level 1:colcon.colcon_core.package_identification:_identify(src/steve_launch) by extensions ['ignore', 'ignore_ament_install']
[4.543s] Level 1:colcon.colcon_core.package_identification:_identify(src/steve_launch) by extension 'ignore'
[4.544s] Level 1:colcon.colcon_core.package_identification:_identify(src/steve_launch) by extension 'ignore_ament_install'
[4.544s] Level 1:colcon.colcon_core.package_identification:_identify(src/steve_launch) by extensions ['colcon_pkg']
[4.544s] Level 1:colcon.colcon_core.package_identification:_identify(src/steve_launch) by extension 'colcon_pkg'
[4.544s] Level 1:colcon.colcon_core.package_identification:_identify(src/steve_launch) by extensions ['colcon_meta']
[4.544s] Level 1:colcon.colcon_core.package_identification:_identify(src/steve_launch) by extension 'colcon_meta'
[4.545s] Level 1:colcon.colcon_core.package_identification:_identify(src/steve_launch) by extensions ['ros']
[4.545s] Level 1:colcon.colcon_core.package_identification:_identify(src/steve_launch) by extension 'ros'
[4.546s] DEBUG:colcon.colcon_core.package_identification:Package 'src/steve_launch' with type 'ros.ament_cmake' and name 'steve_launch'
[4.547s] Level 1:colcon.colcon_core.package_identification:_identify(src/steve_msgs) by extensions ['ignore', 'ignore_ament_install']
[4.547s] Level 1:colcon.colcon_core.package_identification:_identify(src/steve_msgs) by extension 'ignore'
[4.547s] Level 1:colcon.colcon_core.package_identification:_identify(src/steve_msgs) by extension 'ignore_ament_install'
[4.548s] Level 1:colcon.colcon_core.package_identification:_identify(src/steve_msgs) by extensions ['colcon_pkg']
[4.548s] Level 1:colcon.colcon_core.package_identification:_identify(src/steve_msgs) by extension 'colcon_pkg'
[4.548s] Level 1:colcon.colcon_core.package_identification:_identify(src/steve_msgs) by extensions ['colcon_meta']
[4.548s] Level 1:colcon.colcon_core.package_identification:_identify(src/steve_msgs) by extension 'colcon_meta'
[4.548s] Level 1:colcon.colcon_core.package_identification:_identify(src/steve_msgs) by extensions ['ros']
[4.548s] Level 1:colcon.colcon_core.package_identification:_identify(src/steve_msgs) by extension 'ros'
[4.554s] DEBUG:colcon.colcon_core.package_identification:Package 'src/steve_msgs' with type 'ros.ament_cmake' and name 'steve_msgs'
[4.555s] Level 1:colcon.colcon_core.package_identification:_identify(src/steve_ui) by extensions ['ignore', 'ignore_ament_install']
[4.555s] Level 1:colcon.colcon_core.package_identification:_identify(src/steve_ui) by extension 'ignore'
[4.555s] Level 1:colcon.colcon_core.package_identification:_identify(src/steve_ui) by extension 'ignore_ament_install'
[4.556s] Level 1:colcon.colcon_core.package_identification:_identify(src/steve_ui) by extensions ['colcon_pkg']
[4.556s] Level 1:colcon.colcon_core.package_identification:_identify(src/steve_ui) by extension 'colcon_pkg'
[4.556s] Level 1:colcon.colcon_core.package_identification:_identify(src/steve_ui) by extensions ['colcon_meta']
[4.556s] Level 1:colcon.colcon_core.package_identification:_identify(src/steve_ui) by extension 'colcon_meta'
[4.556s] Level 1:colcon.colcon_core.package_identification:_identify(src/steve_ui) by extensions ['ros']
[4.556s] Level 1:colcon.colcon_core.package_identification:_identify(src/steve_ui) by extension 'ros'
[4.558s] DEBUG:colcon.colcon_core.package_identification:Package 'src/steve_ui' with type 'ros.ament_python' and name 'steve_ui'
[4.559s] Level 1:colcon.colcon_core.package_identification:_identify(src/testing) by extensions ['ignore', 'ignore_ament_install']
[4.559s] Level 1:colcon.colcon_core.package_identification:_identify(src/testing) by extension 'ignore'
[4.560s] Level 1:colcon.colcon_core.package_identification:_identify(src/testing) by extension 'ignore_ament_install'
[4.560s] Level 1:colcon.colcon_core.package_identification:_identify(src/testing) by extensions ['colcon_pkg']
[4.560s] Level 1:colcon.colcon_core.package_identification:_identify(src/testing) by extension 'colcon_pkg'
[4.560s] Level 1:colcon.colcon_core.package_identification:_identify(src/testing) by extensions ['colcon_meta']
[4.560s] Level 1:colcon.colcon_core.package_identification:_identify(src/testing) by extension 'colcon_meta'
[4.560s] Level 1:colcon.colcon_core.package_identification:_identify(src/testing) by extensions ['ros']
[4.561s] Level 1:colcon.colcon_core.package_identification:_identify(src/testing) by extension 'ros'
[4.563s] DEBUG:colcon.colcon_core.package_identification:Package 'src/testing' with type 'ros.ament_python' and name 'testing'
[4.563s] Level 1:colcon.colcon_core.package_discovery:discover_packages(recursive) using defaults
[4.563s] Level 1:colcon.colcon_core.package_discovery:discover_packages(ignore) discover
[4.563s] Level 1:colcon.colcon_core.package_discovery:discover_packages(ignore) using defaults
[4.563s] Level 1:colcon.colcon_core.package_discovery:discover_packages(path) discover
[4.563s] Level 1:colcon.colcon_core.package_discovery:discover_packages(path) using defaults
[4.934s] Level 1:colcon.colcon_core.package_discovery:discover_packages(prefix_path) check parameters
[4.935s] Level 1:colcon.colcon_core.package_discovery:discover_packages(prefix_path) discover
[4.998s] WARNING:colcon.colcon_ros.prefix_path.ament:The path '/home/steve/mren203-ws/install/testing' in the environment variable AMENT_PREFIX_PATH doesn't exist
[4.998s] WARNING:colcon.colcon_ros.prefix_path.ament:The path '/home/steve/mren203-ws/install/steve_ui' in the environment variable AMENT_PREFIX_PATH doesn't exist
[4.998s] WARNING:colcon.colcon_ros.prefix_path.ament:The path '/home/steve/mren203-ws/install/motor_control' in the environment variable AMENT_PREFIX_PATH doesn't exist
[4.999s] WARNING:colcon.colcon_ros.prefix_path.ament:The path '/home/steve/mren203-ws/install/steve_msgs' in the environment variable AMENT_PREFIX_PATH doesn't exist
[4.999s] WARNING:colcon.colcon_ros.prefix_path.ament:The path '/home/steve/mren203-ws/install/steve_launch' in the environment variable AMENT_PREFIX_PATH doesn't exist
[4.999s] WARNING:colcon.colcon_ros.prefix_path.ament:The path '/home/steve/mren203-ws/install/rplidar_ros' in the environment variable AMENT_PREFIX_PATH doesn't exist
[4.999s] WARNING:colcon.colcon_ros.prefix_path.ament:The path '/home/steve/mren203-ws/install/my_bot' in the environment variable AMENT_PREFIX_PATH doesn't exist
[4.999s] WARNING:colcon.colcon_ros.prefix_path.ament:The path '/home/steve/mren203-ws/install/joystick_ros2' in the environment variable AMENT_PREFIX_PATH doesn't exist
[5.000s] WARNING:colcon.colcon_ros.prefix_path.catkin:The path '/home/steve/mren203-ws/install/steve_msgs' in the environment variable CMAKE_PREFIX_PATH doesn't exist
[5.000s] WARNING:colcon.colcon_ros.prefix_path.catkin:The path '/home/steve/mren203-ws/install/steve_launch' in the environment variable CMAKE_PREFIX_PATH doesn't exist
[5.001s] WARNING:colcon.colcon_ros.prefix_path.catkin:The path '/home/steve/mren203-ws/install/rplidar_ros' in the environment variable CMAKE_PREFIX_PATH doesn't exist
[5.001s] WARNING:colcon.colcon_ros.prefix_path.catkin:The path '/home/steve/mren203-ws/install/my_bot' in the environment variable CMAKE_PREFIX_PATH doesn't exist
[5.063s] DEBUG:colcon.colcon_installed_package_information.package_discovery:Found 0 installed packages in /home/steve/mren203-ws/install
[5.130s] DEBUG:colcon.colcon_installed_package_information.package_discovery:Found 290 installed packages in /opt/ros/humble
[5.136s] Level 1:colcon.colcon_core.package_discovery:discover_packages(prefix_path) using defaults
[5.573s] Level 5:colcon.colcon_core.verb:set package 'joystick_ros2' build argument 'cmake_args' from command line to 'None'
[5.574s] Level 5:colcon.colcon_core.verb:set package 'joystick_ros2' build argument 'cmake_target' from command line to 'None'
[5.574s] Level 5:colcon.colcon_core.verb:set package 'joystick_ros2' build argument 'cmake_target_skip_unavailable' from command line to 'False'
[5.574s] Level 5:colcon.colcon_core.verb:set package 'joystick_ros2' build argument 'cmake_clean_cache' from command line to 'False'
[5.574s] Level 5:colcon.colcon_core.verb:set package 'joystick_ros2' build argument 'cmake_clean_first' from command line to 'False'
[5.574s] Level 5:colcon.colcon_core.verb:set package 'joystick_ros2' build argument 'cmake_force_configure' from command line to 'False'
[5.574s] Level 5:colcon.colcon_core.verb:set package 'joystick_ros2' build argument 'ament_cmake_args' from command line to 'None'
[5.574s] Level 5:colcon.colcon_core.verb:set package 'joystick_ros2' build argument 'catkin_cmake_args' from command line to 'None'
[5.574s] Level 5:colcon.colcon_core.verb:set package 'joystick_ros2' build argument 'catkin_skip_building_tests' from command line to 'False'
[5.574s] DEBUG:colcon.colcon_core.verb:Building package 'joystick_ros2' with the following arguments: {'ament_cmake_args': None, 'build_base': '/home/steve/mren203-ws/build/joystick_ros2', 'catkin_cmake_args': None, 'catkin_skip_building_tests': False, 'cmake_args': None, 'cmake_clean_cache': False, 'cmake_clean_first': False, 'cmake_force_configure': False, 'cmake_target': None, 'cmake_target_skip_unavailable': False, 'install_base': '/home/steve/mren203-ws/install/joystick_ros2', 'merge_install': False, 'path': '/home/steve/mren203-ws/src/joystick_ros2', 'symlink_install': True, 'test_result_base': None}
[5.635s] Level 5:colcon.colcon_core.verb:set package 'my_bot' build argument 'cmake_args' from command line to 'None'
[5.635s] Level 5:colcon.colcon_core.verb:set package 'my_bot' build argument 'cmake_target' from command line to 'None'
[5.635s] Level 5:colcon.colcon_core.verb:set package 'my_bot' build argument 'cmake_target_skip_unavailable' from command line to 'False'
[5.636s] Level 5:colcon.colcon_core.verb:set package 'my_bot' build argument 'cmake_clean_cache' from command line to 'False'
[5.636s] Level 5:colcon.colcon_core.verb:set package 'my_bot' build argument 'cmake_clean_first' from command line to 'False'
[5.636s] Level 5:colcon.colcon_core.verb:set package 'my_bot' build argument 'cmake_force_configure' from command line to 'False'
[5.636s] Level 5:colcon.colcon_core.verb:set package 'my_bot' build argument 'ament_cmake_args' from command line to 'None'
[5.636s] Level 5:colcon.colcon_core.verb:set package 'my_bot' build argument 'catkin_cmake_args' from command line to 'None'
[5.636s] Level 5:colcon.colcon_core.verb:set package 'my_bot' build argument 'catkin_skip_building_tests' from command line to 'False'
[5.636s] DEBUG:colcon.colcon_core.verb:Building package 'my_bot' with the following arguments: {'ament_cmake_args': None, 'build_base': '/home/steve/mren203-ws/build/my_bot', 'catkin_cmake_args': None, 'catkin_skip_building_tests': False, 'cmake_args': None, 'cmake_clean_cache': False, 'cmake_clean_first': False, 'cmake_force_configure': False, 'cmake_target': None, 'cmake_target_skip_unavailable': False, 'install_base': '/home/steve/mren203-ws/install/my_bot', 'merge_install': False, 'path': '/home/steve/mren203-ws/src/my_bot', 'symlink_install': True, 'test_result_base': None}
[5.697s] Level 5:colcon.colcon_core.verb:set package 'rplidar_ros' build argument 'cmake_args' from command line to 'None'
[5.697s] Level 5:colcon.colcon_core.verb:set package 'rplidar_ros' build argument 'cmake_target' from command line to 'None'
[5.697s] Level 5:colcon.colcon_core.verb:set package 'rplidar_ros' build argument 'cmake_target_skip_unavailable' from command line to 'False'
[5.697s] Level 5:colcon.colcon_core.verb:set package 'rplidar_ros' build argument 'cmake_clean_cache' from command line to 'False'
[5.697s] Level 5:colcon.colcon_core.verb:set package 'rplidar_ros' build argument 'cmake_clean_first' from command line to 'False'
[5.697s] Level 5:colcon.colcon_core.verb:set package 'rplidar_ros' build argument 'cmake_force_configure' from command line to 'False'
[5.698s] Level 5:colcon.colcon_core.verb:set package 'rplidar_ros' build argument 'ament_cmake_args' from command line to 'None'
[5.698s] Level 5:colcon.colcon_core.verb:set package 'rplidar_ros' build argument 'catkin_cmake_args' from command line to 'None'
[5.698s] Level 5:colcon.colcon_core.verb:set package 'rplidar_ros' build argument 'catkin_skip_building_tests' from command line to 'False'
[5.698s] DEBUG:colcon.colcon_core.verb:Building package 'rplidar_ros' with the following arguments: {'ament_cmake_args': None, 'build_base': '/home/steve/mren203-ws/build/rplidar_ros', 'catkin_cmake_args': None, 'catkin_skip_building_tests': False, 'cmake_args': None, 'cmake_clean_cache': False, 'cmake_clean_first': False, 'cmake_force_configure': False, 'cmake_target': None, 'cmake_target_skip_unavailable': False, 'install_base': '/home/steve/mren203-ws/install/rplidar_ros', 'merge_install': False, 'path': '/home/steve/mren203-ws/src/rplidar_ros2', 'symlink_install': True, 'test_result_base': None}
[5.758s] Level 5:colcon.colcon_core.verb:set package 'steve_launch' build argument 'cmake_args' from command line to 'None'
[5.758s] Level 5:colcon.colcon_core.verb:set package 'steve_launch' build argument 'cmake_target' from command line to 'None'
[5.758s] Level 5:colcon.colcon_core.verb:set package 'steve_launch' build argument 'cmake_target_skip_unavailable' from command line to 'False'
[5.759s] Level 5:colcon.colcon_core.verb:set package 'steve_launch' build argument 'cmake_clean_cache' from command line to 'False'
[5.759s] Level 5:colcon.colcon_core.verb:set package 'steve_launch' build argument 'cmake_clean_first' from command line to 'False'
[5.759s] Level 5:colcon.colcon_core.verb:set package 'steve_launch' build argument 'cmake_force_configure' from command line to 'False'
[5.759s] Level 5:colcon.colcon_core.verb:set package 'steve_launch' build argument 'ament_cmake_args' from command line to 'None'
[5.759s] Level 5:colcon.colcon_core.verb:set package 'steve_launch' build argument 'catkin_cmake_args' from command line to 'None'
[5.759s] Level 5:colcon.colcon_core.verb:set package 'steve_launch' build argument 'catkin_skip_building_tests' from command line to 'False'
[5.759s] DEBUG:colcon.colcon_core.verb:Building package 'steve_launch' with the following arguments: {'ament_cmake_args': None, 'build_base': '/home/steve/mren203-ws/build/steve_launch', 'catkin_cmake_args': None, 'catkin_skip_building_tests': False, 'cmake_args': None, 'cmake_clean_cache': False, 'cmake_clean_first': False, 'cmake_force_configure': False, 'cmake_target': None, 'cmake_target_skip_unavailable': False, 'install_base': '/home/steve/mren203-ws/install/steve_launch', 'merge_install': False, 'path': '/home/steve/mren203-ws/src/steve_launch', 'symlink_install': True, 'test_result_base': None}
[5.820s] Level 5:colcon.colcon_core.verb:set package 'steve_msgs' build argument 'cmake_args' from command line to 'None'
[5.820s] Level 5:colcon.colcon_core.verb:set package 'steve_msgs' build argument 'cmake_target' from command line to 'None'
[5.820s] Level 5:colcon.colcon_core.verb:set package 'steve_msgs' build argument 'cmake_target_skip_unavailable' from command line to 'False'
[5.821s] Level 5:colcon.colcon_core.verb:set package 'steve_msgs' build argument 'cmake_clean_cache' from command line to 'False'
[5.821s] Level 5:colcon.colcon_core.verb:set package 'steve_msgs' build argument 'cmake_clean_first' from command line to 'False'
[5.821s] Level 5:colcon.colcon_core.verb:set package 'steve_msgs' build argument 'cmake_force_configure' from command line to 'False'
[5.821s] Level 5:colcon.colcon_core.verb:set package 'steve_msgs' build argument 'ament_cmake_args' from command line to 'None'
[5.821s] Level 5:colcon.colcon_core.verb:set package 'steve_msgs' build argument 'catkin_cmake_args' from command line to 'None'
[5.821s] Level 5:colcon.colcon_core.verb:set package 'steve_msgs' build argument 'catkin_skip_building_tests' from command line to 'False'
[5.821s] DEBUG:colcon.colcon_core.verb:Building package 'steve_msgs' with the following arguments: {'ament_cmake_args': None, 'build_base': '/home/steve/mren203-ws/build/steve_msgs', 'catkin_cmake_args': None, 'catkin_skip_building_tests': False, 'cmake_args': None, 'cmake_clean_cache': False, 'cmake_clean_first': False, 'cmake_force_configure': False, 'cmake_target': None, 'cmake_target_skip_unavailable': False, 'install_base': '/home/steve/mren203-ws/install/steve_msgs', 'merge_install': False, 'path': '/home/steve/mren203-ws/src/steve_msgs', 'symlink_install': True, 'test_result_base': None}
[5.882s] Level 5:colcon.colcon_core.verb:set package 'testing' build argument 'cmake_args' from command line to 'None'
[5.882s] Level 5:colcon.colcon_core.verb:set package 'testing' build argument 'cmake_target' from command line to 'None'
[5.882s] Level 5:colcon.colcon_core.verb:set package 'testing' build argument 'cmake_target_skip_unavailable' from command line to 'False'
[5.882s] Level 5:colcon.colcon_core.verb:set package 'testing' build argument 'cmake_clean_cache' from command line to 'False'
[5.882s] Level 5:colcon.colcon_core.verb:set package 'testing' build argument 'cmake_clean_first' from command line to 'False'
[5.882s] Level 5:colcon.colcon_core.verb:set package 'testing' build argument 'cmake_force_configure' from command line to 'False'
[5.882s] Level 5:colcon.colcon_core.verb:set package 'testing' build argument 'ament_cmake_args' from command line to 'None'
[5.882s] Level 5:colcon.colcon_core.verb:set package 'testing' build argument 'catkin_cmake_args' from command line to 'None'
[5.883s] Level 5:colcon.colcon_core.verb:set package 'testing' build argument 'catkin_skip_building_tests' from command line to 'False'
[5.883s] DEBUG:colcon.colcon_core.verb:Building package 'testing' with the following arguments: {'ament_cmake_args': None, 'build_base': '/home/steve/mren203-ws/build/testing', 'catkin_cmake_args': None, 'catkin_skip_building_tests': False, 'cmake_args': None, 'cmake_clean_cache': False, 'cmake_clean_first': False, 'cmake_force_configure': False, 'cmake_target': None, 'cmake_target_skip_unavailable': False, 'install_base': '/home/steve/mren203-ws/install/testing', 'merge_install': False, 'path': '/home/steve/mren203-ws/src/testing', 'symlink_install': True, 'test_result_base': None}
[5.943s] Level 5:colcon.colcon_core.verb:set package 'motor_control' build argument 'cmake_args' from command line to 'None'
[5.943s] Level 5:colcon.colcon_core.verb:set package 'motor_control' build argument 'cmake_target' from command line to 'None'
[5.944s] Level 5:colcon.colcon_core.verb:set package 'motor_control' build argument 'cmake_target_skip_unavailable' from command line to 'False'
[5.944s] Level 5:colcon.colcon_core.verb:set package 'motor_control' build argument 'cmake_clean_cache' from command line to 'False'
[5.944s] Level 5:colcon.colcon_core.verb:set package 'motor_control' build argument 'cmake_clean_first' from command line to 'False'
[5.944s] Level 5:colcon.colcon_core.verb:set package 'motor_control' build argument 'cmake_force_configure' from command line to 'False'
[5.944s] Level 5:colcon.colcon_core.verb:set package 'motor_control' build argument 'ament_cmake_args' from command line to 'None'
[5.944s] Level 5:colcon.colcon_core.verb:set package 'motor_control' build argument 'catkin_cmake_args' from command line to 'None'
[5.944s] Level 5:colcon.colcon_core.verb:set package 'motor_control' build argument 'catkin_skip_building_tests' from command line to 'False'
[5.944s] DEBUG:colcon.colcon_core.verb:Building package 'motor_control' with the following arguments: {'ament_cmake_args': None, 'build_base': '/home/steve/mren203-ws/build/motor_control', 'catkin_cmake_args': None, 'catkin_skip_building_tests': False, 'cmake_args': None, 'cmake_clean_cache': False, 'cmake_clean_first': False, 'cmake_force_configure': False, 'cmake_target': None, 'cmake_target_skip_unavailable': False, 'install_base': '/home/steve/mren203-ws/install/motor_control', 'merge_install': False, 'path': '/home/steve/mren203-ws/src/motor_control', 'symlink_install': True, 'test_result_base': None}
[6.005s] Level 5:colcon.colcon_core.verb:set package 'steve_ui' build argument 'cmake_args' from command line to 'None'
[6.005s] Level 5:colcon.colcon_core.verb:set package 'steve_ui' build argument 'cmake_target' from command line to 'None'
[6.005s] Level 5:colcon.colcon_core.verb:set package 'steve_ui' build argument 'cmake_target_skip_unavailable' from command line to 'False'
[6.005s] Level 5:colcon.colcon_core.verb:set package 'steve_ui' build argument 'cmake_clean_cache' from command line to 'False'
[6.005s] Level 5:colcon.colcon_core.verb:set package 'steve_ui' build argument 'cmake_clean_first' from command line to 'False'
[6.006s] Level 5:colcon.colcon_core.verb:set package 'steve_ui' build argument 'cmake_force_configure' from command line to 'False'
[6.006s] Level 5:colcon.colcon_core.verb:set package 'steve_ui' build argument 'ament_cmake_args' from command line to 'None'
[6.006s] Level 5:colcon.colcon_core.verb:set package 'steve_ui' build argument 'catkin_cmake_args' from command line to 'None'
[6.006s] Level 5:colcon.colcon_core.verb:set package 'steve_ui' build argument 'catkin_skip_building_tests' from command line to 'False'
[6.006s] DEBUG:colcon.colcon_core.verb:Building package 'steve_ui' with the following arguments: {'ament_cmake_args': None, 'build_base': '/home/steve/mren203-ws/build/steve_ui', 'catkin_cmake_args': None, 'catkin_skip_building_tests': False, 'cmake_args': None, 'cmake_clean_cache': False, 'cmake_clean_first': False, 'cmake_force_configure': False, 'cmake_target': None, 'cmake_target_skip_unavailable': False, 'install_base': '/home/steve/mren203-ws/install/steve_ui', 'merge_install': False, 'path': '/home/steve/mren203-ws/src/steve_ui', 'symlink_install': True, 'test_result_base': None}
[6.066s] INFO:colcon.colcon_core.executor:Executing jobs using 'parallel' executor
[6.128s] DEBUG:colcon.colcon_parallel_executor.executor.parallel:run_until_complete
[6.130s] INFO:colcon.colcon_ros.task.ament_cmake.build:Building ROS package in '/home/steve/mren203-ws/src/steve_msgs' with build type 'ament_cmake'
[6.130s] INFO:colcon.colcon_cmake.task.cmake.build:Building CMake package in '/home/steve/mren203-ws/src/steve_msgs'
[6.199s] INFO:colcon.colcon_core.plugin_system:Skipping extension 'colcon_core.shell.bat': Not used on non-Windows systems
[6.200s] INFO:colcon.colcon_core.shell:Skip shell extension 'powershell' for command environment: Not usable outside of PowerShell
[6.201s] DEBUG:colcon.colcon_core.shell:Skip shell extension 'dsv' for command environment
[6.398s] INFO:colcon.colcon_ros.task.ament_python.build:Building ROS package in '/home/steve/mren203-ws/src/joystick_ros2' with build type 'ament_python'
[6.399s] Level 1:colcon.colcon_core.shell:create_environment_hook('joystick_ros2', 'ament_prefix_path')
[6.465s] INFO:colcon.colcon_core.shell:Creating environment hook '/home/steve/mren203-ws/install/joystick_ros2/share/joystick_ros2/hook/ament_prefix_path.ps1'
[6.467s] INFO:colcon.colcon_core.shell:Creating environment descriptor '/home/steve/mren203-ws/install/joystick_ros2/share/joystick_ros2/hook/ament_prefix_path.dsv'
[6.469s] INFO:colcon.colcon_core.shell:Creating environment hook '/home/steve/mren203-ws/install/joystick_ros2/share/joystick_ros2/hook/ament_prefix_path.sh'
[6.531s] INFO:colcon.colcon_core.shell:Skip shell extension 'powershell' for command environment: Not usable outside of PowerShell
[6.531s] DEBUG:colcon.colcon_core.shell:Skip shell extension 'dsv' for command environment
[6.727s] INFO:colcon.colcon_ros.task.ament_cmake.build:Building ROS package in '/home/steve/mren203-ws/src/my_bot' with build type 'ament_cmake'
[6.727s] INFO:colcon.colcon_cmake.task.cmake.build:Building CMake package in '/home/steve/mren203-ws/src/my_bot'
[6.791s] INFO:colcon.colcon_core.shell:Skip shell extension 'powershell' for command environment: Not usable outside of PowerShell
[6.792s] DEBUG:colcon.colcon_core.shell:Skip shell extension 'dsv' for command environment
[6.988s] INFO:colcon.colcon_ros.task.ament_cmake.build:Building ROS package in '/home/steve/mren203-ws/src/rplidar_ros2' with build type 'ament_cmake'
[6.989s] INFO:colcon.colcon_cmake.task.cmake.build:Building CMake package in '/home/steve/mren203-ws/src/rplidar_ros2'
[7.054s] INFO:colcon.colcon_core.shell:Skip shell extension 'powershell' for command environment: Not usable outside of PowerShell
[7.054s] DEBUG:colcon.colcon_core.shell:Skip shell extension 'dsv' for command environment
[7.265s] DEBUG:colcon.colcon_core.event_handler.log_command:Invoking command in '/home/steve/mren203-ws/build/steve_msgs': CMAKE_PREFIX_PATH=${CMAKE_PREFIX_PATH}:/home/steve/mren203-ws/install/testing:/home/steve/mren203-ws/install/steve_ui:/home/steve/mren203-ws/install/motor_control:/home/steve/mren203-ws/install/joystick_ros2:/opt/ros/humble /usr/bin/cmake /home/steve/mren203-ws/src/steve_msgs -DAMENT_CMAKE_SYMLINK_INSTALL=1 -DCMAKE_INSTALL_PREFIX=/home/steve/mren203-ws/install/steve_msgs
[8.661s] WARNING:colcon.colcon_ros.task.ament_python.build:Package 'joystick_ros2' doesn't explicitly install the 'package.xml' file (colcon-ros currently does it implicitly but that fallback will be removed in the future)
[8.662s] INFO:colcon.colcon_core.task.python.build:Building Python package in '/home/steve/mren203-ws/src/joystick_ros2'
[8.742s] INFO:colcon.colcon_core.shell:Skip shell extension 'powershell' for command environment: Not usable outside of PowerShell
[8.742s] DEBUG:colcon.colcon_core.shell:Skip shell extension 'dsv' for command environment
[9.038s] DEBUG:colcon.colcon_core.event_handler.log_command:Invoking command in '/home/steve/mren203-ws/build/my_bot': CMAKE_PREFIX_PATH=${CMAKE_PREFIX_PATH}:/home/steve/mren203-ws/install/testing:/home/steve/mren203-ws/install/steve_ui:/home/steve/mren203-ws/install/motor_control:/home/steve/mren203-ws/install/joystick_ros2:/opt/ros/humble /usr/bin/cmake /home/steve/mren203-ws/src/my_bot -DAMENT_CMAKE_SYMLINK_INSTALL=1 -DCMAKE_INSTALL_PREFIX=/home/steve/mren203-ws/install/my_bot
[9.065s] DEBUG:colcon.colcon_core.event_handler.log_command:Invoking command in '/home/steve/mren203-ws/build/rplidar_ros': CMAKE_PREFIX_PATH=${CMAKE_PREFIX_PATH}:/home/steve/mren203-ws/install/testing:/home/steve/mren203-ws/install/steve_ui:/home/steve/mren203-ws/install/motor_control:/home/steve/mren203-ws/install/joystick_ros2:/opt/ros/humble /usr/bin/cmake /home/steve/mren203-ws/src/rplidar_ros2 -DAMENT_CMAKE_SYMLINK_INSTALL=1 -DCMAKE_INSTALL_PREFIX=/home/steve/mren203-ws/install/rplidar_ros
[11.698s] DEBUG:colcon.colcon_core.event_handler.log_command:Invoking command in '/home/steve/mren203-ws/build/joystick_ros2': PYTHONPATH=/home/steve/mren203-ws/build/joystick_ros2/prefix_override:/home/steve/mren203-ws/install/joystick_ros2/lib/python3.10/site-packages:${PYTHONPATH} /usr/bin/python3 setup.py develop --editable --build-directory /home/steve/mren203-ws/build/joystick_ros2/build --no-deps install_data
[13.415s] DEBUG:colcon.colcon_core.event_handler.log_command:Invoked command in '/home/steve/mren203-ws/build/my_bot' returned '0': CMAKE_PREFIX_PATH=${CMAKE_PREFIX_PATH}:/home/steve/mren203-ws/install/testing:/home/steve/mren203-ws/install/steve_ui:/home/steve/mren203-ws/install/motor_control:/home/steve/mren203-ws/install/joystick_ros2:/opt/ros/humble /usr/bin/cmake /home/steve/mren203-ws/src/my_bot -DAMENT_CMAKE_SYMLINK_INSTALL=1 -DCMAKE_INSTALL_PREFIX=/home/steve/mren203-ws/install/my_bot
[13.417s] DEBUG:colcon.colcon_core.event_handler.log_command:Invoking command in '/home/steve/mren203-ws/build/my_bot': CMAKE_PREFIX_PATH=${CMAKE_PREFIX_PATH}:/home/steve/mren203-ws/install/testing:/home/steve/mren203-ws/install/steve_ui:/home/steve/mren203-ws/install/motor_control:/home/steve/mren203-ws/install/joystick_ros2:/opt/ros/humble /usr/bin/cmake --build /home/steve/mren203-ws/build/my_bot -- -j4 -l4
[13.610s] DEBUG:colcon.colcon_core.event_handler.log_command:Invoked command in '/home/steve/mren203-ws/build/my_bot' returned '0': CMAKE_PREFIX_PATH=${CMAKE_PREFIX_PATH}:/home/steve/mren203-ws/install/testing:/home/steve/mren203-ws/install/steve_ui:/home/steve/mren203-ws/install/motor_control:/home/steve/mren203-ws/install/joystick_ros2:/opt/ros/humble /usr/bin/cmake --build /home/steve/mren203-ws/build/my_bot -- -j4 -l4
[13.793s] DEBUG:colcon.colcon_core.event_handler.log_command:Invoking command in '/home/steve/mren203-ws/build/my_bot': CMAKE_PREFIX_PATH=${CMAKE_PREFIX_PATH}:/home/steve/mren203-ws/install/testing:/home/steve/mren203-ws/install/steve_ui:/home/steve/mren203-ws/install/motor_control:/home/steve/mren203-ws/install/joystick_ros2:/opt/ros/humble /usr/bin/cmake --install /home/steve/mren203-ws/build/my_bot
[15.002s] Level 1:colcon.colcon_core.environment:create_environment_scripts_only(my_bot)
[15.005s] DEBUG:colcon.colcon_core.event_handler.log_command:Invoked command in '/home/steve/mren203-ws/build/my_bot' returned '0': CMAKE_PREFIX_PATH=${CMAKE_PREFIX_PATH}:/home/steve/mren203-ws/install/testing:/home/steve/mren203-ws/install/steve_ui:/home/steve/mren203-ws/install/motor_control:/home/steve/mren203-ws/install/joystick_ros2:/opt/ros/humble /usr/bin/cmake --install /home/steve/mren203-ws/build/my_bot
[15.296s] Level 1:colcon.colcon_core.environment:checking '/home/steve/mren203-ws/install/my_bot' for CMake module files
[15.299s] Level 1:colcon.colcon_core.environment:checking '/home/steve/mren203-ws/install/my_bot' for CMake config files
[15.302s] Level 1:colcon.colcon_core.shell:create_environment_hook('my_bot', 'cmake_prefix_path')
[15.413s] INFO:colcon.colcon_core.shell:Creating environment hook '/home/steve/mren203-ws/install/my_bot/share/my_bot/hook/cmake_prefix_path.ps1'
[15.416s] INFO:colcon.colcon_core.shell:Creating environment descriptor '/home/steve/mren203-ws/install/my_bot/share/my_bot/hook/cmake_prefix_path.dsv'
[15.418s] INFO:colcon.colcon_core.shell:Creating environment hook '/home/steve/mren203-ws/install/my_bot/share/my_bot/hook/cmake_prefix_path.sh'
[15.423s] Level 1:colcon.colcon_core.environment:checking '/home/steve/mren203-ws/install/my_bot/bin'
[15.424s] Level 1:colcon.colcon_core.environment:checking '/home/steve/mren203-ws/install/my_bot/lib/pkgconfig/my_bot.pc'
[15.427s] Level 1:colcon.colcon_core.environment:checking '/home/steve/mren203-ws/install/my_bot/lib/python3.10/site-packages'
[15.429s] Level 1:colcon.colcon_core.environment:checking '/home/steve/mren203-ws/install/my_bot/bin'
[15.554s] INFO:colcon.colcon_core.shell:Creating package script '/home/steve/mren203-ws/install/my_bot/share/my_bot/package.ps1'
[15.560s] INFO:colcon.colcon_core.shell:Creating package descriptor '/home/steve/mren203-ws/install/my_bot/share/my_bot/package.dsv'
[15.565s] INFO:colcon.colcon_core.shell:Creating package script '/home/steve/mren203-ws/install/my_bot/share/my_bot/package.sh'
[15.570s] INFO:colcon.colcon_core.shell:Creating package script '/home/steve/mren203-ws/install/my_bot/share/my_bot/package.bash'
[15.576s] INFO:colcon.colcon_core.shell:Creating package script '/home/steve/mren203-ws/install/my_bot/share/my_bot/package.zsh'
[15.579s] Level 1:colcon.colcon_core.environment:create_file_with_runtime_dependencies(/home/steve/mren203-ws/install/my_bot/share/colcon-core/packages/my_bot)
[15.592s] Level 1:colcon.colcon_core.shell:create_environment_hook('joystick_ros2', 'pythonpath_develop')
[15.594s] DEBUG:colcon.colcon_core.event_handler.log_command:Invoked command in '/home/steve/mren203-ws/build/joystick_ros2' returned '0': PYTHONPATH=/home/steve/mren203-ws/build/joystick_ros2/prefix_override:/home/steve/mren203-ws/install/joystick_ros2/lib/python3.10/site-packages:${PYTHONPATH} /usr/bin/python3 setup.py develop --editable --build-directory /home/steve/mren203-ws/build/joystick_ros2/build --no-deps install_data
[15.735s] INFO:colcon.colcon_core.shell:Creating environment hook '/home/steve/mren203-ws/build/joystick_ros2/share/joystick_ros2/hook/pythonpath_develop.ps1'
[15.738s] INFO:colcon.colcon_core.shell:Creating environment descriptor '/home/steve/mren203-ws/build/joystick_ros2/share/joystick_ros2/hook/pythonpath_develop.dsv'
[15.740s] INFO:colcon.colcon_core.shell:Creating environment hook '/home/steve/mren203-ws/build/joystick_ros2/share/joystick_ros2/hook/pythonpath_develop.sh'
[15.858s] Level 1:colcon.colcon_core.environment:checking '/home/steve/mren203-ws/install/joystick_ros2' for CMake module files
[15.862s] Level 1:colcon.colcon_core.environment:checking '/home/steve/mren203-ws/install/joystick_ros2' for CMake config files
[15.869s] Level 1:colcon.colcon_core.environment:checking '/home/steve/mren203-ws/install/joystick_ros2/lib'
[15.871s] Level 1:colcon.colcon_core.environment:checking '/home/steve/mren203-ws/install/joystick_ros2/bin'
[15.871s] Level 1:colcon.colcon_core.environment:checking '/home/steve/mren203-ws/install/joystick_ros2/lib/pkgconfig/joystick_ros2.pc'
[15.872s] Level 1:colcon.colcon_core.environment:checking '/home/steve/mren203-ws/install/joystick_ros2/lib/python3.10/site-packages'
[15.873s] Level 1:colcon.colcon_core.shell:create_environment_hook('joystick_ros2', 'pythonpath')
[15.964s] INFO:colcon.colcon_core.shell:Creating environment hook '/home/steve/mren203-ws/install/joystick_ros2/share/joystick_ros2/hook/pythonpath.ps1'
[15.966s] INFO:colcon.colcon_core.shell:Creating environment descriptor '/home/steve/mren203-ws/install/joystick_ros2/share/joystick_ros2/hook/pythonpath.dsv'
[15.967s] INFO:colcon.colcon_core.shell:Creating environment hook '/home/steve/mren203-ws/install/joystick_ros2/share/joystick_ros2/hook/pythonpath.sh'
[15.970s] Level 1:colcon.colcon_core.environment:checking '/home/steve/mren203-ws/install/joystick_ros2/bin'
[15.971s] Level 1:colcon.colcon_core.environment:create_environment_scripts_only(joystick_ros2)
[16.080s] INFO:colcon.colcon_core.shell:Creating package script '/home/steve/mren203-ws/install/joystick_ros2/share/joystick_ros2/package.ps1'
[16.083s] INFO:colcon.colcon_core.shell:Creating package descriptor '/home/steve/mren203-ws/install/joystick_ros2/share/joystick_ros2/package.dsv'
[16.086s] INFO:colcon.colcon_core.shell:Creating package script '/home/steve/mren203-ws/install/joystick_ros2/share/joystick_ros2/package.sh'
[16.088s] INFO:colcon.colcon_core.shell:Creating package script '/home/steve/mren203-ws/install/joystick_ros2/share/joystick_ros2/package.bash'
[16.090s] INFO:colcon.colcon_core.shell:Creating package script '/home/steve/mren203-ws/install/joystick_ros2/share/joystick_ros2/package.zsh'
[16.092s] Level 1:colcon.colcon_core.environment:create_file_with_runtime_dependencies(/home/steve/mren203-ws/install/joystick_ros2/share/colcon-core/packages/joystick_ros2)
[16.096s] INFO:colcon.colcon_ros.task.ament_cmake.build:Building ROS package in '/home/steve/mren203-ws/src/steve_launch' with build type 'ament_cmake'
[16.097s] INFO:colcon.colcon_cmake.task.cmake.build:Building CMake package in '/home/steve/mren203-ws/src/steve_launch'
[16.205s] INFO:colcon.colcon_core.shell:Skip shell extension 'powershell' for command environment: Not usable outside of PowerShell
[16.206s] DEBUG:colcon.colcon_core.shell:Skip shell extension 'dsv' for command environment
[16.555s] Level 1:colcon.colcon_core.environment:create_environment_scripts_only(my_bot)
[16.643s] Level 1:colcon.colcon_core.environment:checking '/home/steve/mren203-ws/install/my_bot' for CMake module files
[16.647s] Level 1:colcon.colcon_core.environment:checking '/home/steve/mren203-ws/install/my_bot' for CMake config files
[16.650s] Level 1:colcon.colcon_core.shell:create_environment_hook('my_bot', 'cmake_prefix_path')
[16.740s] INFO:colcon.colcon_core.shell:Creating environment hook '/home/steve/mren203-ws/install/my_bot/share/my_bot/hook/cmake_prefix_path.ps1'
[16.743s] INFO:colcon.colcon_core.shell:Creating environment descriptor '/home/steve/mren203-ws/install/my_bot/share/my_bot/hook/cmake_prefix_path.dsv'
[16.744s] INFO:colcon.colcon_core.shell:Creating environment hook '/home/steve/mren203-ws/install/my_bot/share/my_bot/hook/cmake_prefix_path.sh'
[16.748s] Level 1:colcon.colcon_core.environment:checking '/home/steve/mren203-ws/install/my_bot/bin'
[16.748s] Level 1:colcon.colcon_core.environment:checking '/home/steve/mren203-ws/install/my_bot/lib/pkgconfig/my_bot.pc'
[16.749s] Level 1:colcon.colcon_core.environment:checking '/home/steve/mren203-ws/install/my_bot/lib/python3.10/site-packages'
[16.750s] Level 1:colcon.colcon_core.environment:checking '/home/steve/mren203-ws/install/my_bot/bin'
[16.820s] INFO:colcon.colcon_core.shell:Creating package script '/home/steve/mren203-ws/install/my_bot/share/my_bot/package.ps1'
[16.822s] INFO:colcon.colcon_core.shell:Creating package descriptor '/home/steve/mren203-ws/install/my_bot/share/my_bot/package.dsv'
[16.825s] INFO:colcon.colcon_core.shell:Creating package script '/home/steve/mren203-ws/install/my_bot/share/my_bot/package.sh'
[16.827s] INFO:colcon.colcon_core.shell:Creating package script '/home/steve/mren203-ws/install/my_bot/share/my_bot/package.bash'
[16.829s] INFO:colcon.colcon_core.shell:Creating package script '/home/steve/mren203-ws/install/my_bot/share/my_bot/package.zsh'
[16.831s] Level 1:colcon.colcon_core.environment:create_file_with_runtime_dependencies(/home/steve/mren203-ws/install/my_bot/share/colcon-core/packages/my_bot)
[16.835s] INFO:colcon.colcon_ros.task.ament_python.build:Building ROS package in '/home/steve/mren203-ws/src/testing' with build type 'ament_python'
[16.836s] Level 1:colcon.colcon_core.shell:create_environment_hook('testing', 'ament_prefix_path')
[16.908s] INFO:colcon.colcon_core.shell:Creating environment hook '/home/steve/mren203-ws/install/testing/share/testing/hook/ament_prefix_path.ps1'
[16.910s] INFO:colcon.colcon_core.shell:Creating environment descriptor '/home/steve/mren203-ws/install/testing/share/testing/hook/ament_prefix_path.dsv'
[16.912s] INFO:colcon.colcon_core.shell:Creating environment hook '/home/steve/mren203-ws/install/testing/share/testing/hook/ament_prefix_path.sh'
[16.983s] INFO:colcon.colcon_core.shell:Skip shell extension 'powershell' for command environment: Not usable outside of PowerShell
[16.983s] DEBUG:colcon.colcon_core.shell:Skip shell extension 'dsv' for command environment
[17.211s] DEBUG:colcon.colcon_core.event_handler.log_command:Invoked command in '/home/steve/mren203-ws/build/steve_msgs' returned '0': CMAKE_PREFIX_PATH=${CMAKE_PREFIX_PATH}:/home/steve/mren203-ws/install/testing:/home/steve/mren203-ws/install/steve_ui:/home/steve/mren203-ws/install/motor_control:/home/steve/mren203-ws/install/joystick_ros2:/opt/ros/humble /usr/bin/cmake /home/steve/mren203-ws/src/steve_msgs -DAMENT_CMAKE_SYMLINK_INSTALL=1 -DCMAKE_INSTALL_PREFIX=/home/steve/mren203-ws/install/steve_msgs
[17.219s] DEBUG:colcon.colcon_core.event_handler.log_command:Invoking command in '/home/steve/mren203-ws/build/steve_msgs': CMAKE_PREFIX_PATH=${CMAKE_PREFIX_PATH}:/home/steve/mren203-ws/install/testing:/home/steve/mren203-ws/install/steve_ui:/home/steve/mren203-ws/install/motor_control:/home/steve/mren203-ws/install/joystick_ros2:/opt/ros/humble /usr/bin/cmake --build /home/steve/mren203-ws/build/steve_msgs -- -j4 -l4
[17.226s] DEBUG:colcon.colcon_core.event_handler.log_command:Invoking command in '/home/steve/mren203-ws/build/steve_launch': CMAKE_PREFIX_PATH=${CMAKE_PREFIX_PATH}:/home/steve/mren203-ws/install/testing:/home/steve/mren203-ws/install/steve_ui:/home/steve/mren203-ws/install/motor_control:/home/steve/mren203-ws/install/joystick_ros2:/opt/ros/humble /usr/bin/cmake /home/steve/mren203-ws/src/steve_launch -DAMENT_CMAKE_SYMLINK_INSTALL=1 -DCMAKE_INSTALL_PREFIX=/home/steve/mren203-ws/install/steve_launch
[19.318s] INFO:colcon.colcon_core.task.python.build:Building Python package in '/home/steve/mren203-ws/src/testing'
[19.465s] INFO:colcon.colcon_core.shell:Skip shell extension 'powershell' for command environment: Not usable outside of PowerShell
[19.466s] DEBUG:colcon.colcon_core.shell:Skip shell extension 'dsv' for command environment
[19.849s] DEBUG:colcon.colcon_core.event_handler.log_command:Invoked command in '/home/steve/mren203-ws/build/rplidar_ros' returned '0': CMAKE_PREFIX_PATH=${CMAKE_PREFIX_PATH}:/home/steve/mren203-ws/install/testing:/home/steve/mren203-ws/install/steve_ui:/home/steve/mren203-ws/install/motor_control:/home/steve/mren203-ws/install/joystick_ros2:/opt/ros/humble /usr/bin/cmake /home/steve/mren203-ws/src/rplidar_ros2 -DAMENT_CMAKE_SYMLINK_INSTALL=1 -DCMAKE_INSTALL_PREFIX=/home/steve/mren203-ws/install/rplidar_ros
[19.870s] DEBUG:colcon.colcon_core.event_handler.log_command:Invoking command in '/home/steve/mren203-ws/build/rplidar_ros': CMAKE_PREFIX_PATH=${CMAKE_PREFIX_PATH}:/home/steve/mren203-ws/install/testing:/home/steve/mren203-ws/install/steve_ui:/home/steve/mren203-ws/install/motor_control:/home/steve/mren203-ws/install/joystick_ros2:/opt/ros/humble /usr/bin/cmake --build /home/steve/mren203-ws/build/rplidar_ros -- -j4 -l4
[25.389s] DEBUG:colcon.colcon_core.event_handler.log_command:Invoked command in '/home/steve/mren203-ws/build/steve_launch' returned '0': CMAKE_PREFIX_PATH=${CMAKE_PREFIX_PATH}:/home/steve/mren203-ws/install/testing:/home/steve/mren203-ws/install/steve_ui:/home/steve/mren203-ws/install/motor_control:/home/steve/mren203-ws/install/joystick_ros2:/opt/ros/humble /usr/bin/cmake /home/steve/mren203-ws/src/steve_launch -DAMENT_CMAKE_SYMLINK_INSTALL=1 -DCMAKE_INSTALL_PREFIX=/home/steve/mren203-ws/install/steve_launch
[25.407s] DEBUG:colcon.colcon_core.event_handler.log_command:Invoking command in '/home/steve/mren203-ws/build/steve_launch': CMAKE_PREFIX_PATH=${CMAKE_PREFIX_PATH}:/home/steve/mren203-ws/install/testing:/home/steve/mren203-ws/install/steve_ui:/home/steve/mren203-ws/install/motor_control:/home/steve/mren203-ws/install/joystick_ros2:/opt/ros/humble /usr/bin/cmake --build /home/steve/mren203-ws/build/steve_launch -- -j4 -l4
[25.868s] DEBUG:colcon.colcon_core.event_handler.log_command:Invoked command in '/home/steve/mren203-ws/build/steve_launch' returned '0': CMAKE_PREFIX_PATH=${CMAKE_PREFIX_PATH}:/home/steve/mren203-ws/install/testing:/home/steve/mren203-ws/install/steve_ui:/home/steve/mren203-ws/install/motor_control:/home/steve/mren203-ws/install/joystick_ros2:/opt/ros/humble /usr/bin/cmake --build /home/steve/mren203-ws/build/steve_launch -- -j4 -l4
[26.445s] DEBUG:colcon.colcon_core.event_handler.log_command:Invoking command in '/home/steve/mren203-ws/build/steve_launch': CMAKE_PREFIX_PATH=${CMAKE_PREFIX_PATH}:/home/steve/mren203-ws/install/testing:/home/steve/mren203-ws/install/steve_ui:/home/steve/mren203-ws/install/motor_control:/home/steve/mren203-ws/install/joystick_ros2:/opt/ros/humble /usr/bin/cmake --install /home/steve/mren203-ws/build/steve_launch
[26.917s] DEBUG:colcon.colcon_core.event_handler.log_command:Invoking command in '/home/steve/mren203-ws/build/testing': PYTHONPATH=/home/steve/mren203-ws/build/testing/prefix_override:/home/steve/mren203-ws/install/testing/lib/python3.10/site-packages:${PYTHONPATH} /usr/bin/python3 setup.py develop --editable --build-directory /home/steve/mren203-ws/build/testing/build --no-deps install_data
[28.711s] Level 1:colcon.colcon_core.environment:create_environment_scripts_only(steve_launch)
[28.717s] DEBUG:colcon.colcon_core.event_handler.log_command:Invoked command in '/home/steve/mren203-ws/build/steve_launch' returned '0': CMAKE_PREFIX_PATH=${CMAKE_PREFIX_PATH}:/home/steve/mren203-ws/install/testing:/home/steve/mren203-ws/install/steve_ui:/home/steve/mren203-ws/install/motor_control:/home/steve/mren203-ws/install/joystick_ros2:/opt/ros/humble /usr/bin/cmake --install /home/steve/mren203-ws/build/steve_launch
[29.195s] Level 1:colcon.colcon_core.environment:checking '/home/steve/mren203-ws/install/steve_launch' for CMake module files
[29.198s] Level 1:colcon.colcon_core.environment:checking '/home/steve/mren203-ws/install/steve_launch' for CMake config files
[29.201s] Level 1:colcon.colcon_core.shell:create_environment_hook('steve_launch', 'cmake_prefix_path')
[29.619s] INFO:colcon.colcon_core.shell:Creating environment hook '/home/steve/mren203-ws/install/steve_launch/share/steve_launch/hook/cmake_prefix_path.ps1'
[29.622s] INFO:colcon.colcon_core.shell:Creating environment descriptor '/home/steve/mren203-ws/install/steve_launch/share/steve_launch/hook/cmake_prefix_path.dsv'
[29.623s] INFO:colcon.colcon_core.shell:Creating environment hook '/home/steve/mren203-ws/install/steve_launch/share/steve_launch/hook/cmake_prefix_path.sh'
[29.650s] Level 1:colcon.colcon_core.environment:checking '/home/steve/mren203-ws/install/steve_launch/bin'
[29.651s] Level 1:colcon.colcon_core.environment:checking '/home/steve/mren203-ws/install/steve_launch/lib/pkgconfig/steve_launch.pc'
[29.652s] Level 1:colcon.colcon_core.environment:checking '/home/steve/mren203-ws/install/steve_launch/lib/python3.10/site-packages'
[29.660s] Level 1:colcon.colcon_core.environment:checking '/home/steve/mren203-ws/install/steve_launch/bin'
[29.969s] INFO:colcon.colcon_core.shell:Creating package script '/home/steve/mren203-ws/install/steve_launch/share/steve_launch/package.ps1'
[29.977s] INFO:colcon.colcon_core.shell:Creating package descriptor '/home/steve/mren203-ws/install/steve_launch/share/steve_launch/package.dsv'
[29.982s] INFO:colcon.colcon_core.shell:Creating package script '/home/steve/mren203-ws/install/steve_launch/share/steve_launch/package.sh'
[29.985s] INFO:colcon.colcon_core.shell:Creating package script '/home/steve/mren203-ws/install/steve_launch/share/steve_launch/package.bash'
[30.004s] INFO:colcon.colcon_core.shell:Creating package script '/home/steve/mren203-ws/install/steve_launch/share/steve_launch/package.zsh'
[30.007s] Level 1:colcon.colcon_core.environment:create_file_with_runtime_dependencies(/home/steve/mren203-ws/install/steve_launch/share/colcon-core/packages/steve_launch)
[30.916s] Level 1:colcon.colcon_core.environment:create_environment_scripts_only(steve_launch)
[31.411s] Level 1:colcon.colcon_core.environment:checking '/home/steve/mren203-ws/install/steve_launch' for CMake module files
[31.432s] Level 1:colcon.colcon_core.environment:checking '/home/steve/mren203-ws/install/steve_launch' for CMake config files
[31.457s] Level 1:colcon.colcon_core.shell:create_environment_hook('steve_launch', 'cmake_prefix_path')
[32.027s] INFO:colcon.colcon_core.shell:Creating environment hook '/home/steve/mren203-ws/install/steve_launch/share/steve_launch/hook/cmake_prefix_path.ps1'
[32.032s] INFO:colcon.colcon_core.shell:Creating environment descriptor '/home/steve/mren203-ws/install/steve_launch/share/steve_launch/hook/cmake_prefix_path.dsv'
[32.048s] INFO:colcon.colcon_core.shell:Creating environment hook '/home/steve/mren203-ws/install/steve_launch/share/steve_launch/hook/cmake_prefix_path.sh'
[32.053s] Level 1:colcon.colcon_core.environment:checking '/home/steve/mren203-ws/install/steve_launch/bin'
[32.054s] Level 1:colcon.colcon_core.environment:checking '/home/steve/mren203-ws/install/steve_launch/lib/pkgconfig/steve_launch.pc'
[32.056s] Level 1:colcon.colcon_core.environment:checking '/home/steve/mren203-ws/install/steve_launch/lib/python3.10/site-packages'
[32.057s] Level 1:colcon.colcon_core.environment:checking '/home/steve/mren203-ws/install/steve_launch/bin'
[32.292s] INFO:colcon.colcon_core.shell:Creating package script '/home/steve/mren203-ws/install/steve_launch/share/steve_launch/package.ps1'
[32.296s] INFO:colcon.colcon_core.shell:Creating package descriptor '/home/steve/mren203-ws/install/steve_launch/share/steve_launch/package.dsv'
[32.300s] INFO:colcon.colcon_core.shell:Creating package script '/home/steve/mren203-ws/install/steve_launch/share/steve_launch/package.sh'
[32.304s] INFO:colcon.colcon_core.shell:Creating package script '/home/steve/mren203-ws/install/steve_launch/share/steve_launch/package.bash'
[32.308s] INFO:colcon.colcon_core.shell:Creating package script '/home/steve/mren203-ws/install/steve_launch/share/steve_launch/package.zsh'
[32.311s] Level 1:colcon.colcon_core.environment:create_file_with_runtime_dependencies(/home/steve/mren203-ws/install/steve_launch/share/colcon-core/packages/steve_launch)
[35.867s] Level 1:colcon.colcon_core.shell:create_environment_hook('testing', 'pythonpath_develop')
[35.869s] DEBUG:colcon.colcon_core.event_handler.log_command:Invoked command in '/home/steve/mren203-ws/build/testing' returned '0': PYTHONPATH=/home/steve/mren203-ws/build/testing/prefix_override:/home/steve/mren203-ws/install/testing/lib/python3.10/site-packages:${PYTHONPATH} /usr/bin/python3 setup.py develop --editable --build-directory /home/steve/mren203-ws/build/testing/build --no-deps install_data
[36.173s] INFO:colcon.colcon_core.shell:Creating environment hook '/home/steve/mren203-ws/build/testing/share/testing/hook/pythonpath_develop.ps1'
[36.176s] INFO:colcon.colcon_core.shell:Creating environment descriptor '/home/steve/mren203-ws/build/testing/share/testing/hook/pythonpath_develop.dsv'
[36.185s] INFO:colcon.colcon_core.shell:Creating environment hook '/home/steve/mren203-ws/build/testing/share/testing/hook/pythonpath_develop.sh'
[36.549s] Level 1:colcon.colcon_core.environment:checking '/home/steve/mren203-ws/install/testing' for CMake module files
[36.552s] Level 1:colcon.colcon_core.environment:checking '/home/steve/mren203-ws/install/testing' for CMake config files
[36.557s] Level 1:colcon.colcon_core.environment:checking '/home/steve/mren203-ws/install/testing/lib'
[36.558s] Level 1:colcon.colcon_core.environment:checking '/home/steve/mren203-ws/install/testing/bin'
[36.558s] Level 1:colcon.colcon_core.environment:checking '/home/steve/mren203-ws/install/testing/lib/pkgconfig/testing.pc'
[36.571s] Level 1:colcon.colcon_core.environment:checking '/home/steve/mren203-ws/install/testing/lib/python3.10/site-packages'
[36.572s] Level 1:colcon.colcon_core.shell:create_environment_hook('testing', 'pythonpath')
[36.759s] INFO:colcon.colcon_core.shell:Creating environment hook '/home/steve/mren203-ws/install/testing/share/testing/hook/pythonpath.ps1'
[36.761s] INFO:colcon.colcon_core.shell:Creating environment descriptor '/home/steve/mren203-ws/install/testing/share/testing/hook/pythonpath.dsv'
[36.763s] INFO:colcon.colcon_core.shell:Creating environment hook '/home/steve/mren203-ws/install/testing/share/testing/hook/pythonpath.sh'
[36.767s] Level 1:colcon.colcon_core.environment:checking '/home/steve/mren203-ws/install/testing/bin'
[36.768s] Level 1:colcon.colcon_core.environment:create_environment_scripts_only(testing)
[36.961s] INFO:colcon.colcon_core.shell:Creating package script '/home/steve/mren203-ws/install/testing/share/testing/package.ps1'
[36.965s] INFO:colcon.colcon_core.shell:Creating package descriptor '/home/steve/mren203-ws/install/testing/share/testing/package.dsv'
[36.969s] INFO:colcon.colcon_core.shell:Creating package script '/home/steve/mren203-ws/install/testing/share/testing/package.sh'
[36.972s] INFO:colcon.colcon_core.shell:Creating package script '/home/steve/mren203-ws/install/testing/share/testing/package.bash'
[36.975s] INFO:colcon.colcon_core.shell:Creating package script '/home/steve/mren203-ws/install/testing/share/testing/package.zsh'
[36.978s] Level 1:colcon.colcon_core.environment:create_file_with_runtime_dependencies(/home/steve/mren203-ws/install/testing/share/colcon-core/packages/testing)
[53.662s] DEBUG:colcon.colcon_core.event_handler.log_command:Invoked command in '/home/steve/mren203-ws/build/steve_msgs' returned '0': CMAKE_PREFIX_PATH=${CMAKE_PREFIX_PATH}:/home/steve/mren203-ws/install/testing:/home/steve/mren203-ws/install/steve_ui:/home/steve/mren203-ws/install/motor_control:/home/steve/mren203-ws/install/joystick_ros2:/opt/ros/humble /usr/bin/cmake --build /home/steve/mren203-ws/build/steve_msgs -- -j4 -l4
[54.377s] DEBUG:colcon.colcon_core.event_handler.log_command:Invoking command in '/home/steve/mren203-ws/build/steve_msgs': CMAKE_PREFIX_PATH=${CMAKE_PREFIX_PATH}:/home/steve/mren203-ws/install/testing:/home/steve/mren203-ws/install/steve_ui:/home/steve/mren203-ws/install/motor_control:/home/steve/mren203-ws/install/joystick_ros2:/opt/ros/humble /usr/bin/cmake --install /home/steve/mren203-ws/build/steve_msgs
[58.367s] Level 1:colcon.colcon_core.environment:create_environment_scripts_only(steve_msgs)
[58.369s] DEBUG:colcon.colcon_core.event_handler.log_command:Invoked command in '/home/steve/mren203-ws/build/steve_msgs' returned '0': CMAKE_PREFIX_PATH=${CMAKE_PREFIX_PATH}:/home/steve/mren203-ws/install/testing:/home/steve/mren203-ws/install/steve_ui:/home/steve/mren203-ws/install/motor_control:/home/steve/mren203-ws/install/joystick_ros2:/opt/ros/humble /usr/bin/cmake --install /home/steve/mren203-ws/build/steve_msgs
[58.461s] Level 1:colcon.colcon_core.environment:checking '/home/steve/mren203-ws/install/steve_msgs' for CMake module files
[58.466s] Level 1:colcon.colcon_core.environment:checking '/home/steve/mren203-ws/install/steve_msgs' for CMake config files
[58.472s] Level 1:colcon.colcon_core.shell:create_environment_hook('steve_msgs', 'cmake_prefix_path')
[58.566s] INFO:colcon.colcon_core.shell:Creating environment hook '/home/steve/mren203-ws/install/steve_msgs/share/steve_msgs/hook/cmake_prefix_path.ps1'
[58.568s] INFO:colcon.colcon_core.shell:Creating environment descriptor '/home/steve/mren203-ws/install/steve_msgs/share/steve_msgs/hook/cmake_prefix_path.dsv'
[58.570s] INFO:colcon.colcon_core.shell:Creating environment hook '/home/steve/mren203-ws/install/steve_msgs/share/steve_msgs/hook/cmake_prefix_path.sh'
[58.573s] Level 1:colcon.colcon_core.environment:checking '/home/steve/mren203-ws/install/steve_msgs/lib'
[58.574s] Level 1:colcon.colcon_core.shell:create_environment_hook('steve_msgs', 'ld_library_path_lib')
[58.670s] INFO:colcon.colcon_core.shell:Creating environment hook '/home/steve/mren203-ws/install/steve_msgs/share/steve_msgs/hook/ld_library_path_lib.ps1'
[58.673s] INFO:colcon.colcon_core.shell:Creating environment descriptor '/home/steve/mren203-ws/install/steve_msgs/share/steve_msgs/hook/ld_library_path_lib.dsv'
[58.674s] INFO:colcon.colcon_core.shell:Creating environment hook '/home/steve/mren203-ws/install/steve_msgs/share/steve_msgs/hook/ld_library_path_lib.sh'
[58.677s] Level 1:colcon.colcon_core.environment:checking '/home/steve/mren203-ws/install/steve_msgs/bin'
[58.677s] Level 1:colcon.colcon_core.environment:checking '/home/steve/mren203-ws/install/steve_msgs/lib/pkgconfig/steve_msgs.pc'
[58.678s] Level 1:colcon.colcon_core.environment:checking '/home/steve/mren203-ws/install/steve_msgs/lib/python3.10/site-packages'
[58.679s] Level 1:colcon.colcon_core.environment:checking '/home/steve/mren203-ws/install/steve_msgs/bin'
[58.772s] INFO:colcon.colcon_core.shell:Creating package script '/home/steve/mren203-ws/install/steve_msgs/share/steve_msgs/package.ps1'
[58.775s] INFO:colcon.colcon_core.shell:Creating package descriptor '/home/steve/mren203-ws/install/steve_msgs/share/steve_msgs/package.dsv'
[58.777s] INFO:colcon.colcon_core.shell:Creating package script '/home/steve/mren203-ws/install/steve_msgs/share/steve_msgs/package.sh'
[58.780s] INFO:colcon.colcon_core.shell:Creating package script '/home/steve/mren203-ws/install/steve_msgs/share/steve_msgs/package.bash'
[58.781s] INFO:colcon.colcon_core.shell:Creating package script '/home/steve/mren203-ws/install/steve_msgs/share/steve_msgs/package.zsh'
[58.784s] Level 1:colcon.colcon_core.environment:create_file_with_runtime_dependencies(/home/steve/mren203-ws/install/steve_msgs/share/colcon-core/packages/steve_msgs)
[59.569s] Level 1:colcon.colcon_core.environment:create_environment_scripts_only(steve_msgs)
[59.642s] Level 1:colcon.colcon_core.environment:checking '/home/steve/mren203-ws/install/steve_msgs' for CMake module files
[59.646s] Level 1:colcon.colcon_core.environment:checking '/home/steve/mren203-ws/install/steve_msgs' for CMake config files
[59.652s] Level 1:colcon.colcon_core.shell:create_environment_hook('steve_msgs', 'cmake_prefix_path')
[59.723s] INFO:colcon.colcon_core.shell:Creating environment hook '/home/steve/mren203-ws/install/steve_msgs/share/steve_msgs/hook/cmake_prefix_path.ps1'
[59.725s] INFO:colcon.colcon_core.shell:Creating environment descriptor '/home/steve/mren203-ws/install/steve_msgs/share/steve_msgs/hook/cmake_prefix_path.dsv'
[59.727s] INFO:colcon.colcon_core.shell:Creating environment hook '/home/steve/mren203-ws/install/steve_msgs/share/steve_msgs/hook/cmake_prefix_path.sh'
[59.730s] Level 1:colcon.colcon_core.environment:checking '/home/steve/mren203-ws/install/steve_msgs/lib'
[59.730s] Level 1:colcon.colcon_core.shell:create_environment_hook('steve_msgs', 'ld_library_path_lib')
[59.801s] INFO:colcon.colcon_core.shell:Creating environment hook '/home/steve/mren203-ws/install/steve_msgs/share/steve_msgs/hook/ld_library_path_lib.ps1'
[59.803s] INFO:colcon.colcon_core.shell:Creating environment descriptor '/home/steve/mren203-ws/install/steve_msgs/share/steve_msgs/hook/ld_library_path_lib.dsv'
[59.805s] INFO:colcon.colcon_core.shell:Creating environment hook '/home/steve/mren203-ws/install/steve_msgs/share/steve_msgs/hook/ld_library_path_lib.sh'
[59.807s] Level 1:colcon.colcon_core.environment:checking '/home/steve/mren203-ws/install/steve_msgs/bin'
[59.807s] Level 1:colcon.colcon_core.environment:checking '/home/steve/mren203-ws/install/steve_msgs/lib/pkgconfig/steve_msgs.pc'
[59.808s] Level 1:colcon.colcon_core.environment:checking '/home/steve/mren203-ws/install/steve_msgs/lib/python3.10/site-packages'
[59.809s] Level 1:colcon.colcon_core.environment:checking '/home/steve/mren203-ws/install/steve_msgs/bin'
[59.881s] INFO:colcon.colcon_core.shell:Creating package script '/home/steve/mren203-ws/install/steve_msgs/share/steve_msgs/package.ps1'
[59.884s] INFO:colcon.colcon_core.shell:Creating package descriptor '/home/steve/mren203-ws/install/steve_msgs/share/steve_msgs/package.dsv'
[59.887s] INFO:colcon.colcon_core.shell:Creating package script '/home/steve/mren203-ws/install/steve_msgs/share/steve_msgs/package.sh'
[59.889s] INFO:colcon.colcon_core.shell:Creating package script '/home/steve/mren203-ws/install/steve_msgs/share/steve_msgs/package.bash'
[59.891s] INFO:colcon.colcon_core.shell:Creating package script '/home/steve/mren203-ws/install/steve_msgs/share/steve_msgs/package.zsh'
[59.894s] Level 1:colcon.colcon_core.environment:create_file_with_runtime_dependencies(/home/steve/mren203-ws/install/steve_msgs/share/colcon-core/packages/steve_msgs)
[59.895s] INFO:colcon.colcon_ros.task.ament_python.build:Building ROS package in '/home/steve/mren203-ws/src/motor_control' with build type 'ament_python'
[59.896s] Level 1:colcon.colcon_core.shell:create_environment_hook('motor_control', 'ament_prefix_path')
[59.972s] INFO:colcon.colcon_core.shell:Creating environment hook '/home/steve/mren203-ws/install/motor_control/share/motor_control/hook/ament_prefix_path.ps1'
[59.974s] INFO:colcon.colcon_core.shell:Creating environment descriptor '/home/steve/mren203-ws/install/motor_control/share/motor_control/hook/ament_prefix_path.dsv'
[59.976s] INFO:colcon.colcon_core.shell:Creating environment hook '/home/steve/mren203-ws/install/motor_control/share/motor_control/hook/ament_prefix_path.sh'
[60.049s] INFO:colcon.colcon_core.shell:Skip shell extension 'powershell' for command environment: Not usable outside of PowerShell
[60.049s] DEBUG:colcon.colcon_core.shell:Skip shell extension 'dsv' for command environment
[60.283s] INFO:colcon.colcon_ros.task.ament_python.build:Building ROS package in '/home/steve/mren203-ws/src/steve_ui' with build type 'ament_python'
[60.283s] Level 1:colcon.colcon_core.shell:create_environment_hook('steve_ui', 'ament_prefix_path')
[60.363s] INFO:colcon.colcon_core.shell:Creating environment hook '/home/steve/mren203-ws/install/steve_ui/share/steve_ui/hook/ament_prefix_path.ps1'
[60.365s] INFO:colcon.colcon_core.shell:Creating environment descriptor '/home/steve/mren203-ws/install/steve_ui/share/steve_ui/hook/ament_prefix_path.dsv'
[60.366s] INFO:colcon.colcon_core.shell:Creating environment hook '/home/steve/mren203-ws/install/steve_ui/share/steve_ui/hook/ament_prefix_path.sh'
[60.500s] INFO:colcon.colcon_core.shell:Skip shell extension 'powershell' for command environment: Not usable outside of PowerShell
[60.500s] DEBUG:colcon.colcon_core.shell:Skip shell extension 'dsv' for command environment
[62.475s] INFO:colcon.colcon_core.task.python.build:Building Python package in '/home/steve/mren203-ws/src/motor_control'
[62.539s] INFO:colcon.colcon_core.shell:Skip shell extension 'powershell' for command environment: Not usable outside of PowerShell
[62.540s] DEBUG:colcon.colcon_core.shell:Skip shell extension 'dsv' for command environment
[64.001s] INFO:colcon.colcon_core.task.python.build:Building Python package in '/home/steve/mren203-ws/src/steve_ui'
[64.108s] INFO:colcon.colcon_core.shell:Skip shell extension 'powershell' for command environment: Not usable outside of PowerShell
[64.108s] DEBUG:colcon.colcon_core.shell:Skip shell extension 'dsv' for command environment
[66.914s] DEBUG:colcon.colcon_core.event_handler.log_command:Invoking command in '/home/steve/mren203-ws/build/steve_ui': PYTHONPATH=/home/steve/mren203-ws/build/steve_ui/prefix_override:/home/steve/mren203-ws/install/steve_ui/lib/python3.10/site-packages:${PYTHONPATH} /usr/bin/python3 setup.py develop --editable --build-directory /home/steve/mren203-ws/build/steve_ui/build --no-deps install_data
[66.933s] DEBUG:colcon.colcon_core.event_handler.log_command:Invoking command in '/home/steve/mren203-ws/build/motor_control': PYTHONPATH=/home/steve/mren203-ws/build/motor_control/prefix_override:/home/steve/mren203-ws/install/motor_control/lib/python3.10/site-packages:${PYTHONPATH} /usr/bin/python3 setup.py develop --editable --build-directory /home/steve/mren203-ws/build/motor_control/build --no-deps install_data
[70.138s] Level 1:colcon.colcon_core.shell:create_environment_hook('steve_ui', 'pythonpath_develop')
[70.154s] DEBUG:colcon.colcon_core.event_handler.log_command:Invoked command in '/home/steve/mren203-ws/build/steve_ui' returned '0': PYTHONPATH=/home/steve/mren203-ws/build/steve_ui/prefix_override:/home/steve/mren203-ws/install/steve_ui/lib/python3.10/site-packages:${PYTHONPATH} /usr/bin/python3 setup.py develop --editable --build-directory /home/steve/mren203-ws/build/steve_ui/build --no-deps install_data
[70.252s] INFO:colcon.colcon_core.shell:Creating environment hook '/home/steve/mren203-ws/build/steve_ui/share/steve_ui/hook/pythonpath_develop.ps1'
[70.255s] INFO:colcon.colcon_core.shell:Creating environment descriptor '/home/steve/mren203-ws/build/steve_ui/share/steve_ui/hook/pythonpath_develop.dsv'
[70.257s] INFO:colcon.colcon_core.shell:Creating environment hook '/home/steve/mren203-ws/build/steve_ui/share/steve_ui/hook/pythonpath_develop.sh'
[70.359s] Level 1:colcon.colcon_core.environment:checking '/home/steve/mren203-ws/install/steve_ui' for CMake module files
[70.362s] Level 1:colcon.colcon_core.environment:checking '/home/steve/mren203-ws/install/steve_ui' for CMake config files
[70.365s] Level 1:colcon.colcon_core.environment:checking '/home/steve/mren203-ws/install/steve_ui/lib'
[70.366s] Level 1:colcon.colcon_core.environment:checking '/home/steve/mren203-ws/install/steve_ui/bin'
[70.366s] Level 1:colcon.colcon_core.environment:checking '/home/steve/mren203-ws/install/steve_ui/lib/pkgconfig/steve_ui.pc'
[70.367s] Level 1:colcon.colcon_core.environment:checking '/home/steve/mren203-ws/install/steve_ui/lib/python3.10/site-packages'
[70.368s] Level 1:colcon.colcon_core.shell:create_environment_hook('steve_ui', 'pythonpath')
[70.463s] INFO:colcon.colcon_core.shell:Creating environment hook '/home/steve/mren203-ws/install/steve_ui/share/steve_ui/hook/pythonpath.ps1'
[70.466s] INFO:colcon.colcon_core.shell:Creating environment descriptor '/home/steve/mren203-ws/install/steve_ui/share/steve_ui/hook/pythonpath.dsv'
[70.468s] INFO:colcon.colcon_core.shell:Creating environment hook '/home/steve/mren203-ws/install/steve_ui/share/steve_ui/hook/pythonpath.sh'
[70.470s] Level 1:colcon.colcon_core.environment:checking '/home/steve/mren203-ws/install/steve_ui/bin'
[70.471s] Level 1:colcon.colcon_core.environment:create_environment_scripts_only(steve_ui)
[70.561s] INFO:colcon.colcon_core.shell:Creating package script '/home/steve/mren203-ws/install/steve_ui/share/steve_ui/package.ps1'
[70.564s] INFO:colcon.colcon_core.shell:Creating package descriptor '/home/steve/mren203-ws/install/steve_ui/share/steve_ui/package.dsv'
[70.567s] INFO:colcon.colcon_core.shell:Creating package script '/home/steve/mren203-ws/install/steve_ui/share/steve_ui/package.sh'
[70.569s] INFO:colcon.colcon_core.shell:Creating package script '/home/steve/mren203-ws/install/steve_ui/share/steve_ui/package.bash'
[70.571s] INFO:colcon.colcon_core.shell:Creating package script '/home/steve/mren203-ws/install/steve_ui/share/steve_ui/package.zsh'
[70.573s] Level 1:colcon.colcon_core.environment:create_file_with_runtime_dependencies(/home/steve/mren203-ws/install/steve_ui/share/colcon-core/packages/steve_ui)
[70.578s] Level 1:colcon.colcon_core.shell:create_environment_hook('motor_control', 'pythonpath_develop')
[70.581s] DEBUG:colcon.colcon_core.event_handler.log_command:Invoked command in '/home/steve/mren203-ws/build/motor_control' returned '0': PYTHONPATH=/home/steve/mren203-ws/build/motor_control/prefix_override:/home/steve/mren203-ws/install/motor_control/lib/python3.10/site-packages:${PYTHONPATH} /usr/bin/python3 setup.py develop --editable --build-directory /home/steve/mren203-ws/build/motor_control/build --no-deps install_data
[70.678s] INFO:colcon.colcon_core.shell:Creating environment hook '/home/steve/mren203-ws/build/motor_control/share/motor_control/hook/pythonpath_develop.ps1'
[70.680s] INFO:colcon.colcon_core.shell:Creating environment descriptor '/home/steve/mren203-ws/build/motor_control/share/motor_control/hook/pythonpath_develop.dsv'
[70.682s] INFO:colcon.colcon_core.shell:Creating environment hook '/home/steve/mren203-ws/build/motor_control/share/motor_control/hook/pythonpath_develop.sh'
[70.775s] Level 1:colcon.colcon_core.environment:checking '/home/steve/mren203-ws/install/motor_control' for CMake module files
[70.778s] Level 1:colcon.colcon_core.environment:checking '/home/steve/mren203-ws/install/motor_control' for CMake config files
[70.781s] Level 1:colcon.colcon_core.environment:checking '/home/steve/mren203-ws/install/motor_control/lib'
[70.781s] Level 1:colcon.colcon_core.environment:checking '/home/steve/mren203-ws/install/motor_control/bin'
[70.782s] Level 1:colcon.colcon_core.environment:checking '/home/steve/mren203-ws/install/motor_control/lib/pkgconfig/motor_control.pc'
[70.783s] Level 1:colcon.colcon_core.environment:checking '/home/steve/mren203-ws/install/motor_control/lib/python3.10/site-packages'
[70.783s] Level 1:colcon.colcon_core.shell:create_environment_hook('motor_control', 'pythonpath')
[70.879s] INFO:colcon.colcon_core.shell:Creating environment hook '/home/steve/mren203-ws/install/motor_control/share/motor_control/hook/pythonpath.ps1'
[70.881s] INFO:colcon.colcon_core.shell:Creating environment descriptor '/home/steve/mren203-ws/install/motor_control/share/motor_control/hook/pythonpath.dsv'
[70.883s] INFO:colcon.colcon_core.shell:Creating environment hook '/home/steve/mren203-ws/install/motor_control/share/motor_control/hook/pythonpath.sh'
[70.886s] Level 1:colcon.colcon_core.environment:checking '/home/steve/mren203-ws/install/motor_control/bin'
[70.886s] Level 1:colcon.colcon_core.environment:create_environment_scripts_only(motor_control)
[70.979s] INFO:colcon.colcon_core.shell:Creating package script '/home/steve/mren203-ws/install/motor_control/share/motor_control/package.ps1'
[70.982s] INFO:colcon.colcon_core.shell:Creating package descriptor '/home/steve/mren203-ws/install/motor_control/share/motor_control/package.dsv'
[70.984s] INFO:colcon.colcon_core.shell:Creating package script '/home/steve/mren203-ws/install/motor_control/share/motor_control/package.sh'
[70.986s] INFO:colcon.colcon_core.shell:Creating package script '/home/steve/mren203-ws/install/motor_control/share/motor_control/package.bash'
[70.988s] INFO:colcon.colcon_core.shell:Creating package script '/home/steve/mren203-ws/install/motor_control/share/motor_control/package.zsh'
[70.990s] Level 1:colcon.colcon_core.environment:create_file_with_runtime_dependencies(/home/steve/mren203-ws/install/motor_control/share/colcon-core/packages/motor_control)
[77.094s] DEBUG:colcon.colcon_core.event_handler.log_command:Invoked command in '/home/steve/mren203-ws/build/rplidar_ros' returned '0': CMAKE_PREFIX_PATH=${CMAKE_PREFIX_PATH}:/home/steve/mren203-ws/install/testing:/home/steve/mren203-ws/install/steve_ui:/home/steve/mren203-ws/install/motor_control:/home/steve/mren203-ws/install/joystick_ros2:/opt/ros/humble /usr/bin/cmake --build /home/steve/mren203-ws/build/rplidar_ros -- -j4 -l4
[77.368s] DEBUG:colcon.colcon_core.event_handler.log_command:Invoking command in '/home/steve/mren203-ws/build/rplidar_ros': CMAKE_PREFIX_PATH=${CMAKE_PREFIX_PATH}:/home/steve/mren203-ws/install/testing:/home/steve/mren203-ws/install/steve_ui:/home/steve/mren203-ws/install/motor_control:/home/steve/mren203-ws/install/joystick_ros2:/opt/ros/humble /usr/bin/cmake --install /home/steve/mren203-ws/build/rplidar_ros
[78.479s] Level 1:colcon.colcon_core.environment:create_environment_scripts_only(rplidar_ros)
[78.481s] DEBUG:colcon.colcon_core.event_handler.log_command:Invoked command in '/home/steve/mren203-ws/build/rplidar_ros' returned '0': CMAKE_PREFIX_PATH=${CMAKE_PREFIX_PATH}:/home/steve/mren203-ws/install/testing:/home/steve/mren203-ws/install/steve_ui:/home/steve/mren203-ws/install/motor_control:/home/steve/mren203-ws/install/joystick_ros2:/opt/ros/humble /usr/bin/cmake --install /home/steve/mren203-ws/build/rplidar_ros
[78.546s] Level 1:colcon.colcon_core.environment:checking '/home/steve/mren203-ws/install/rplidar_ros' for CMake module files
[78.549s] Level 1:colcon.colcon_core.environment:checking '/home/steve/mren203-ws/install/rplidar_ros' for CMake config files
[78.551s] Level 1:colcon.colcon_core.shell:create_environment_hook('rplidar_ros', 'cmake_prefix_path')
[78.611s] INFO:colcon.colcon_core.shell:Creating environment hook '/home/steve/mren203-ws/install/rplidar_ros/share/rplidar_ros/hook/cmake_prefix_path.ps1'
[78.613s] INFO:colcon.colcon_core.shell:Creating environment descriptor '/home/steve/mren203-ws/install/rplidar_ros/share/rplidar_ros/hook/cmake_prefix_path.dsv'
[78.614s] INFO:colcon.colcon_core.shell:Creating environment hook '/home/steve/mren203-ws/install/rplidar_ros/share/rplidar_ros/hook/cmake_prefix_path.sh'
[78.616s] Level 1:colcon.colcon_core.environment:checking '/home/steve/mren203-ws/install/rplidar_ros/lib'
[78.617s] Level 1:colcon.colcon_core.shell:create_environment_hook('rplidar_ros', 'ld_library_path_lib')
[78.679s] INFO:colcon.colcon_core.shell:Creating environment hook '/home/steve/mren203-ws/install/rplidar_ros/share/rplidar_ros/hook/ld_library_path_lib.ps1'
[78.681s] INFO:colcon.colcon_core.shell:Creating environment descriptor '/home/steve/mren203-ws/install/rplidar_ros/share/rplidar_ros/hook/ld_library_path_lib.dsv'
[78.682s] INFO:colcon.colcon_core.shell:Creating environment hook '/home/steve/mren203-ws/install/rplidar_ros/share/rplidar_ros/hook/ld_library_path_lib.sh'
[78.683s] Level 1:colcon.colcon_core.environment:checking '/home/steve/mren203-ws/install/rplidar_ros/bin'
[78.684s] Level 1:colcon.colcon_core.environment:checking '/home/steve/mren203-ws/install/rplidar_ros/lib/pkgconfig/rplidar_ros.pc'
[78.685s] Level 1:colcon.colcon_core.environment:checking '/home/steve/mren203-ws/install/rplidar_ros/lib/python3.10/site-packages'
[78.686s] Level 1:colcon.colcon_core.environment:checking '/home/steve/mren203-ws/install/rplidar_ros/bin'
[78.747s] INFO:colcon.colcon_core.shell:Creating package script '/home/steve/mren203-ws/install/rplidar_ros/share/rplidar_ros/package.ps1'
[78.749s] INFO:colcon.colcon_core.shell:Creating package descriptor '/home/steve/mren203-ws/install/rplidar_ros/share/rplidar_ros/package.dsv'
[78.751s] INFO:colcon.colcon_core.shell:Creating package script '/home/steve/mren203-ws/install/rplidar_ros/share/rplidar_ros/package.sh'
[78.753s] INFO:colcon.colcon_core.shell:Creating package script '/home/steve/mren203-ws/install/rplidar_ros/share/rplidar_ros/package.bash'
[78.754s] INFO:colcon.colcon_core.shell:Creating package script '/home/steve/mren203-ws/install/rplidar_ros/share/rplidar_ros/package.zsh'
[78.755s] Level 1:colcon.colcon_core.environment:create_file_with_runtime_dependencies(/home/steve/mren203-ws/install/rplidar_ros/share/colcon-core/packages/rplidar_ros)
[79.087s] Level 1:colcon.colcon_core.environment:create_environment_scripts_only(rplidar_ros)
[79.149s] Level 1:colcon.colcon_core.environment:checking '/home/steve/mren203-ws/install/rplidar_ros' for CMake module files
[79.152s] Level 1:colcon.colcon_core.environment:checking '/home/steve/mren203-ws/install/rplidar_ros' for CMake config files
[79.154s] Level 1:colcon.colcon_core.shell:create_environment_hook('rplidar_ros', 'cmake_prefix_path')
[79.214s] INFO:colcon.colcon_core.shell:Creating environment hook '/home/steve/mren203-ws/install/rplidar_ros/share/rplidar_ros/hook/cmake_prefix_path.ps1'
[79.216s] INFO:colcon.colcon_core.shell:Creating environment descriptor '/home/steve/mren203-ws/install/rplidar_ros/share/rplidar_ros/hook/cmake_prefix_path.dsv'
[79.218s] INFO:colcon.colcon_core.shell:Creating environment hook '/home/steve/mren203-ws/install/rplidar_ros/share/rplidar_ros/hook/cmake_prefix_path.sh'
[79.220s] Level 1:colcon.colcon_core.environment:checking '/home/steve/mren203-ws/install/rplidar_ros/lib'
[79.221s] Level 1:colcon.colcon_core.shell:create_environment_hook('rplidar_ros', 'ld_library_path_lib')
[79.282s] INFO:colcon.colcon_core.shell:Creating environment hook '/home/steve/mren203-ws/install/rplidar_ros/share/rplidar_ros/hook/ld_library_path_lib.ps1'
[79.284s] INFO:colcon.colcon_core.shell:Creating environment descriptor '/home/steve/mren203-ws/install/rplidar_ros/share/rplidar_ros/hook/ld_library_path_lib.dsv'
[79.286s] INFO:colcon.colcon_core.shell:Creating environment hook '/home/steve/mren203-ws/install/rplidar_ros/share/rplidar_ros/hook/ld_library_path_lib.sh'
[79.288s] Level 1:colcon.colcon_core.environment:checking '/home/steve/mren203-ws/install/rplidar_ros/bin'
[79.288s] Level 1:colcon.colcon_core.environment:checking '/home/steve/mren203-ws/install/rplidar_ros/lib/pkgconfig/rplidar_ros.pc'
[79.289s] Level 1:colcon.colcon_core.environment:checking '/home/steve/mren203-ws/install/rplidar_ros/lib/python3.10/site-packages'
[79.290s] Level 1:colcon.colcon_core.environment:checking '/home/steve/mren203-ws/install/rplidar_ros/bin'
[79.355s] INFO:colcon.colcon_core.shell:Creating package script '/home/steve/mren203-ws/install/rplidar_ros/share/rplidar_ros/package.ps1'
[79.357s] INFO:colcon.colcon_core.shell:Creating package descriptor '/home/steve/mren203-ws/install/rplidar_ros/share/rplidar_ros/package.dsv'
[79.360s] INFO:colcon.colcon_core.shell:Creating package script '/home/steve/mren203-ws/install/rplidar_ros/share/rplidar_ros/package.sh'
[79.362s] INFO:colcon.colcon_core.shell:Creating package script '/home/steve/mren203-ws/install/rplidar_ros/share/rplidar_ros/package.bash'
[79.363s] INFO:colcon.colcon_core.shell:Creating package script '/home/steve/mren203-ws/install/rplidar_ros/share/rplidar_ros/package.zsh'
[79.365s] Level 1:colcon.colcon_core.environment:create_file_with_runtime_dependencies(/home/steve/mren203-ws/install/rplidar_ros/share/colcon-core/packages/rplidar_ros)
[79.366s] DEBUG:colcon.colcon_parallel_executor.executor.parallel:closing loop
[79.369s] DEBUG:colcon.colcon_parallel_executor.executor.parallel:loop closed
[79.369s] DEBUG:colcon.colcon_parallel_executor.executor.parallel:run_until_complete finished with '0'
[79.369s] DEBUG:colcon.colcon_core.event_reactor:joining thread
[79.453s] INFO:colcon.colcon_core.plugin_system:Skipping extension 'colcon_notification.desktop_notification.notify_send': Could not find 'notify-send'
[79.453s] INFO:colcon.colcon_core.plugin_system:Skipping extension 'colcon_notification.desktop_notification.terminal_notifier': Not used on non-Darwin systems
[79.454s] INFO:colcon.colcon_core.plugin_system:Skipping extension 'colcon_notification.desktop_notification.win32': Not used on non-Windows systems
[79.454s] INFO:colcon.colcon_notification.desktop_notification:Sending desktop notification using 'notify2'
[79.457s] DEBUG:colcon.colcon_notification.desktop_notification.notify2:Failed to initialize notify2: org.freedesktop.DBus.Error.ServiceUnknown: The name org.freedesktop.Notifications was not provided by any .service files
[79.457s] DEBUG:colcon.colcon_core.event_reactor:joined thread
[79.521s] INFO:colcon.colcon_core.shell:Creating prefix script '/home/steve/mren203-ws/install/local_setup.ps1'
[79.524s] INFO:colcon.colcon_core.shell:Creating prefix util module '/home/steve/mren203-ws/install/_local_setup_util_ps1.py'
[79.529s] INFO:colcon.colcon_core.shell:Creating prefix chain script '/home/steve/mren203-ws/install/setup.ps1'
[79.594s] INFO:colcon.colcon_core.shell:Creating prefix script '/home/steve/mren203-ws/install/local_setup.sh'
[79.596s] INFO:colcon.colcon_core.shell:Creating prefix util module '/home/steve/mren203-ws/install/_local_setup_util_sh.py'
[79.598s] INFO:colcon.colcon_core.shell:Creating prefix chain script '/home/steve/mren203-ws/install/setup.sh'
[79.662s] INFO:colcon.colcon_core.shell:Creating prefix script '/home/steve/mren203-ws/install/local_setup.bash'
[79.664s] INFO:colcon.colcon_core.shell:Creating prefix chain script '/home/steve/mren203-ws/install/setup.bash'
[79.728s] INFO:colcon.colcon_core.shell:Creating prefix script '/home/steve/mren203-ws/install/local_setup.zsh'
[79.730s] INFO:colcon.colcon_core.shell:Creating prefix chain script '/home/steve/mren203-ws/install/setup.zsh'
