[0.302s] Invoking command in '/home/dj/MREN203/main/mren203-ws/build/steve_launch': CMAKE_PREFIX_PATH=/opt/ros/humble /usr/bin/cmake /home/dj/MREN203/main/mren203-ws/src/steve_launch -DAMENT_CMAKE_SYMLINK_INSTALL=1 -DCMAKE_INSTALL_PREFIX=/home/dj/MREN203/main/mren203-ws/install/steve_launch
[0.342s] -- The C compiler identification is GNU 11.4.0
[0.385s] -- The CXX compiler identification is GNU 11.4.0
[0.391s] -- Detecting C compiler ABI info
[0.451s] -- Detecting C compiler ABI info - done
[0.460s] -- Check for working C compiler: /usr/bin/cc - skipped
[0.460s] -- Detecting C compile features
[0.461s] -- Detecting C compile features - done
[0.464s] -- Detecting CXX compiler ABI info
[0.535s] -- Detecting CXX compiler ABI info - done
[0.540s] -- Check for working CXX compiler: /usr/bin/c++ - skipped
[0.540s] -- Detecting CXX compile features
[0.540s] -- Detecting CXX compile features - done
[0.542s] -- Found ament_cmake: 1.3.8 (/opt/ros/humble/share/ament_cmake/cmake)
[0.809s] -- Found Python3: /usr/bin/python3 (found version "3.10.12") found components: Interpreter 
[0.857s] -- Override CMake install command with custom implementation using symlinks instead of copying resources
[0.967s] -- Configuring done
[0.969s] -- Generating done
[0.970s] -- Build files have been written to: /home/dj/MREN203/main/mren203-ws/build/steve_launch
[0.974s] Invoked command in '/home/dj/MREN203/main/mren203-ws/build/steve_launch' returned '0': CMAKE_PREFIX_PATH=/opt/ros/humble /usr/bin/cmake /home/dj/MREN203/main/mren203-ws/src/steve_launch -DAMENT_CMAKE_SYMLINK_INSTALL=1 -DCMAKE_INSTALL_PREFIX=/home/dj/MREN203/main/mren203-ws/install/steve_launch
[0.975s] Invoking command in '/home/dj/MREN203/main/mren203-ws/build/steve_launch': CMAKE_PREFIX_PATH=/opt/ros/humble /usr/bin/cmake --build /home/dj/MREN203/main/mren203-ws/build/steve_launch -- -j16 -l16
[1.015s] Invoked command in '/home/dj/MREN203/main/mren203-ws/build/steve_launch' returned '0': CMAKE_PREFIX_PATH=/opt/ros/humble /usr/bin/cmake --build /home/dj/MREN203/main/mren203-ws/build/steve_launch -- -j16 -l16
[1.045s] Invoking command in '/home/dj/MREN203/main/mren203-ws/build/steve_launch': CMAKE_PREFIX_PATH=/opt/ros/humble /usr/bin/cmake --install /home/dj/MREN203/main/mren203-ws/build/steve_launch
[1.051s] -- Install configuration: ""
[1.052s] -- Execute custom install script
[1.052s] -- Symlinking: /home/dj/MREN203/main/mren203-ws/install/steve_launch/share/steve_launch/launch/all_launch.launch
[1.061s] -- Symlinking: /home/dj/MREN203/main/mren203-ws/install/steve_launch/share/steve_launch/launch/ekf.launch.py
[1.069s] -- Symlinking: /home/dj/MREN203/main/mren203-ws/install/steve_launch/share/steve_launch/launch/manual_control.launch
[1.078s] -- Symlinking: /home/dj/MREN203/main/mren203-ws/install/steve_launch/share/steve_launch/launch/online_sync_launch.py
[1.086s] -- Symlinking: /home/dj/MREN203/main/mren203-ws/install/steve_launch/share/steve_launch/launch/webcam.launch
[1.096s] -- Symlinking: /home/dj/MREN203/main/mren203-ws/install/steve_launch/share/steve_launch/params/ekf.yaml
[1.104s] -- Symlinking: /home/dj/MREN203/main/mren203-ws/install/steve_launch/share/steve_launch/params/mapper_params_online_sync.yaml
[1.113s] -- Symlinking: /home/dj/MREN203/main/mren203-ws/install/steve_launch/share/ament_index/resource_index/package_run_dependencies/steve_launch
[1.121s] -- Symlinking: /home/dj/MREN203/main/mren203-ws/install/steve_launch/share/ament_index/resource_index/parent_prefix_path/steve_launch
[1.130s] -- Symlinking: /home/dj/MREN203/main/mren203-ws/install/steve_launch/share/steve_launch/environment/ament_prefix_path.sh
[1.139s] -- Symlinking: /home/dj/MREN203/main/mren203-ws/install/steve_launch/share/steve_launch/environment/ament_prefix_path.dsv
[1.148s] -- Symlinking: /home/dj/MREN203/main/mren203-ws/install/steve_launch/share/steve_launch/environment/path.sh
[1.157s] -- Symlinking: /home/dj/MREN203/main/mren203-ws/install/steve_launch/share/steve_launch/environment/path.dsv
[1.166s] -- Symlinking: /home/dj/MREN203/main/mren203-ws/install/steve_launch/share/steve_launch/local_setup.bash
[1.174s] -- Symlinking: /home/dj/MREN203/main/mren203-ws/install/steve_launch/share/steve_launch/local_setup.sh
[1.184s] -- Symlinking: /home/dj/MREN203/main/mren203-ws/install/steve_launch/share/steve_launch/local_setup.zsh
[1.192s] -- Symlinking: /home/dj/MREN203/main/mren203-ws/install/steve_launch/share/steve_launch/local_setup.dsv
[1.201s] -- Symlinking: /home/dj/MREN203/main/mren203-ws/install/steve_launch/share/steve_launch/package.dsv
[1.210s] -- Symlinking: /home/dj/MREN203/main/mren203-ws/install/steve_launch/share/ament_index/resource_index/packages/steve_launch
[1.219s] -- Symlinking: /home/dj/MREN203/main/mren203-ws/install/steve_launch/share/steve_launch/cmake/steve_launchConfig.cmake
[1.228s] -- Symlinking: /home/dj/MREN203/main/mren203-ws/install/steve_launch/share/steve_launch/cmake/steve_launchConfig-version.cmake
[1.236s] -- Symlinking: /home/dj/MREN203/main/mren203-ws/install/steve_launch/share/steve_launch/package.xml
[1.246s] Invoked command in '/home/dj/MREN203/main/mren203-ws/build/steve_launch' returned '0': CMAKE_PREFIX_PATH=/opt/ros/humble /usr/bin/cmake --install /home/dj/MREN203/main/mren203-ws/build/steve_launch
