[4.237s] DEBUG:colcon:Command line arguments: ['/usr/bin/colcon', 'build', '--symlink-install']
[4.237s] DEBUG:colcon:Parsed command line arguments: Namespace(log_base=None, log_level=None, verb_name='build', build_base='build', install_base='install', merge_install=False, symlink_install=True, test_result_base=None, continue_on_error=False, executor='parallel', parallel_workers=4, event_handlers=None, ignore_user_meta=False, metas=['./colcon.meta'], base_paths=['.'], packages_ignore=None, packages_ignore_regex=None, paths=None, packages_up_to=None, packages_up_to_regex=None, packages_above=None, packages_above_and_dependencies=None, packages_above_depth=None, packages_select_by_dep=None, packages_skip_by_dep=None, packages_skip_up_to=None, packages_select_build_failed=False, packages_skip_build_finished=False, packages_select_test_failures=False, packages_skip_test_passed=False, packages_select=None, packages_skip=None, packages_select_regex=None, packages_skip_regex=None, packages_start=None, packages_end=None, allow_overriding=[], cmake_args=None, cmake_target=None, cmake_target_skip_unavailable=False, cmake_clean_cache=False, cmake_clean_first=False, cmake_force_configure=False, ament_cmake_args=None, catkin_cmake_args=None, catkin_skip_building_tests=False, verb_parser=<colcon_defaults.argument_parser.defaults.DefaultArgumentsDecorator object at 0xffffaba720b0>, verb_extension=<colcon_core.verb.build.BuildVerb object at 0xffffabfb7df0>, main=<bound method BuildVerb.main of <colcon_core.verb.build.BuildVerb object at 0xffffabfb7df0>>)
[4.435s] Level 1:colcon.colcon_core.package_discovery:discover_packages(colcon_meta) check parameters
[4.435s] Level 1:colcon.colcon_core.package_discovery:discover_packages(recursive) check parameters
[4.436s] Level 1:colcon.colcon_core.package_discovery:discover_packages(ignore) check parameters
[4.436s] Level 1:colcon.colcon_core.package_discovery:discover_packages(path) check parameters
[4.436s] Level 1:colcon.colcon_core.package_discovery:discover_packages(colcon_meta) discover
[4.436s] Level 1:colcon.colcon_core.package_discovery:discover_packages(recursive) discover
[4.436s] INFO:colcon.colcon_core.package_discovery:Crawling recursively for packages in '/home/steve/mren203-ws'
[4.437s] Level 1:colcon.colcon_core.package_identification:_identify(.) by extensions ['ignore', 'ignore_ament_install']
[4.437s] Level 1:colcon.colcon_core.package_identification:_identify(.) by extension 'ignore'
[4.437s] Level 1:colcon.colcon_core.package_identification:_identify(.) by extension 'ignore_ament_install'
[4.438s] Level 1:colcon.colcon_core.package_identification:_identify(.) by extensions ['colcon_pkg']
[4.438s] Level 1:colcon.colcon_core.package_identification:_identify(.) by extension 'colcon_pkg'
[4.438s] Level 1:colcon.colcon_core.package_identification:_identify(.) by extensions ['colcon_meta']
[4.438s] Level 1:colcon.colcon_core.package_identification:_identify(.) by extension 'colcon_meta'
[4.438s] Level 1:colcon.colcon_core.package_identification:_identify(.) by extensions ['ros']
[4.438s] Level 1:colcon.colcon_core.package_identification:_identify(.) by extension 'ros'
[4.481s] Level 1:colcon.colcon_core.package_identification:_identify(.) by extensions ['cmake', 'python']
[4.482s] Level 1:colcon.colcon_core.package_identification:_identify(.) by extension 'cmake'
[4.482s] Level 1:colcon.colcon_core.package_identification:_identify(.) by extension 'python'
[4.482s] Level 1:colcon.colcon_core.package_identification:_identify(.) by extensions ['python_setup_py']
[4.482s] Level 1:colcon.colcon_core.package_identification:_identify(.) by extension 'python_setup_py'
[4.483s] Level 1:colcon.colcon_core.package_identification:_identify(Arduino) by extensions ['ignore', 'ignore_ament_install']
[4.483s] Level 1:colcon.colcon_core.package_identification:_identify(Arduino) by extension 'ignore'
[4.483s] Level 1:colcon.colcon_core.package_identification:_identify(Arduino) ignored
[4.484s] Level 1:colcon.colcon_core.package_identification:_identify(Python) by extensions ['ignore', 'ignore_ament_install']
[4.484s] Level 1:colcon.colcon_core.package_identification:_identify(Python) by extension 'ignore'
[4.484s] Level 1:colcon.colcon_core.package_identification:_identify(Python) ignored
[4.484s] Level 1:colcon.colcon_core.package_identification:_identify(build) by extensions ['ignore', 'ignore_ament_install']
[4.485s] Level 1:colcon.colcon_core.package_identification:_identify(build) by extension 'ignore'
[4.485s] Level 1:colcon.colcon_core.package_identification:_identify(build) ignored
[4.485s] Level 1:colcon.colcon_core.package_identification:_identify(install) by extensions ['ignore', 'ignore_ament_install']
[4.486s] Level 1:colcon.colcon_core.package_identification:_identify(install) by extension 'ignore'
[4.486s] Level 1:colcon.colcon_core.package_identification:_identify(install) ignored
[4.486s] Level 1:colcon.colcon_core.package_identification:_identify(log) by extensions ['ignore', 'ignore_ament_install']
[4.487s] Level 1:colcon.colcon_core.package_identification:_identify(log) by extension 'ignore'
[4.487s] Level 1:colcon.colcon_core.package_identification:_identify(log) ignored
[4.487s] Level 1:colcon.colcon_core.package_identification:_identify(src) by extensions ['ignore', 'ignore_ament_install']
[4.487s] Level 1:colcon.colcon_core.package_identification:_identify(src) by extension 'ignore'
[4.488s] Level 1:colcon.colcon_core.package_identification:_identify(src) by extension 'ignore_ament_install'
[4.488s] Level 1:colcon.colcon_core.package_identification:_identify(src) by extensions ['colcon_pkg']
[4.488s] Level 1:colcon.colcon_core.package_identification:_identify(src) by extension 'colcon_pkg'
[4.488s] Level 1:colcon.colcon_core.package_identification:_identify(src) by extensions ['colcon_meta']
[4.488s] Level 1:colcon.colcon_core.package_identification:_identify(src) by extension 'colcon_meta'
[4.488s] Level 1:colcon.colcon_core.package_identification:_identify(src) by extensions ['ros']
[4.488s] Level 1:colcon.colcon_core.package_identification:_identify(src) by extension 'ros'
[4.489s] Level 1:colcon.colcon_core.package_identification:_identify(src) by extensions ['cmake', 'python']
[4.489s] Level 1:colcon.colcon_core.package_identification:_identify(src) by extension 'cmake'
[4.489s] Level 1:colcon.colcon_core.package_identification:_identify(src) by extension 'python'
[4.489s] Level 1:colcon.colcon_core.package_identification:_identify(src) by extensions ['python_setup_py']
[4.489s] Level 1:colcon.colcon_core.package_identification:_identify(src) by extension 'python_setup_py'
[4.490s] Level 1:colcon.colcon_core.package_identification:_identify(src/joystick_ros2) by extensions ['ignore', 'ignore_ament_install']
[4.490s] Level 1:colcon.colcon_core.package_identification:_identify(src/joystick_ros2) by extension 'ignore'
[4.490s] Level 1:colcon.colcon_core.package_identification:_identify(src/joystick_ros2) by extension 'ignore_ament_install'
[4.491s] Level 1:colcon.colcon_core.package_identification:_identify(src/joystick_ros2) by extensions ['colcon_pkg']
[4.491s] Level 1:colcon.colcon_core.package_identification:_identify(src/joystick_ros2) by extension 'colcon_pkg'
[4.491s] Level 1:colcon.colcon_core.package_identification:_identify(src/joystick_ros2) by extensions ['colcon_meta']
[4.491s] Level 1:colcon.colcon_core.package_identification:_identify(src/joystick_ros2) by extension 'colcon_meta'
[4.491s] Level 1:colcon.colcon_core.package_identification:_identify(src/joystick_ros2) by extensions ['ros']
[4.491s] Level 1:colcon.colcon_core.package_identification:_identify(src/joystick_ros2) by extension 'ros'
[4.503s] DEBUG:colcon.colcon_core.package_identification:Package 'src/joystick_ros2' with type 'ros.ament_python' and name 'joystick_ros2'
[4.504s] Level 1:colcon.colcon_core.package_identification:_identify(src/motor_control) by extensions ['ignore', 'ignore_ament_install']
[4.504s] Level 1:colcon.colcon_core.package_identification:_identify(src/motor_control) by extension 'ignore'
[4.504s] Level 1:colcon.colcon_core.package_identification:_identify(src/motor_control) by extension 'ignore_ament_install'
[4.505s] Level 1:colcon.colcon_core.package_identification:_identify(src/motor_control) by extensions ['colcon_pkg']
[4.505s] Level 1:colcon.colcon_core.package_identification:_identify(src/motor_control) by extension 'colcon_pkg'
[4.505s] Level 1:colcon.colcon_core.package_identification:_identify(src/motor_control) by extensions ['colcon_meta']
[4.505s] Level 1:colcon.colcon_core.package_identification:_identify(src/motor_control) by extension 'colcon_meta'
[4.505s] Level 1:colcon.colcon_core.package_identification:_identify(src/motor_control) by extensions ['ros']
[4.505s] Level 1:colcon.colcon_core.package_identification:_identify(src/motor_control) by extension 'ros'
[4.508s] DEBUG:colcon.colcon_core.package_identification:Package 'src/motor_control' with type 'ros.ament_python' and name 'motor_control'
[4.508s] Level 1:colcon.colcon_core.package_discovery:discover_packages(recursive) using defaults
[4.508s] Level 1:colcon.colcon_core.package_discovery:discover_packages(ignore) discover
[4.508s] Level 1:colcon.colcon_core.package_discovery:discover_packages(ignore) using defaults
[4.508s] Level 1:colcon.colcon_core.package_discovery:discover_packages(path) discover
[4.508s] Level 1:colcon.colcon_core.package_discovery:discover_packages(path) using defaults
[4.880s] Level 1:colcon.colcon_core.package_discovery:discover_packages(prefix_path) check parameters
[4.880s] Level 1:colcon.colcon_core.package_discovery:discover_packages(prefix_path) discover
[5.005s] DEBUG:colcon.colcon_installed_package_information.package_discovery:Found 2 installed packages in /home/steve/mren203-ws/install
[5.071s] DEBUG:colcon.colcon_installed_package_information.package_discovery:Found 270 installed packages in /opt/ros/humble
[5.077s] Level 1:colcon.colcon_core.package_discovery:discover_packages(prefix_path) using defaults
[5.459s] Level 5:colcon.colcon_core.verb:set package 'joystick_ros2' build argument 'cmake_args' from command line to 'None'
[5.460s] Level 5:colcon.colcon_core.verb:set package 'joystick_ros2' build argument 'cmake_target' from command line to 'None'
[5.460s] Level 5:colcon.colcon_core.verb:set package 'joystick_ros2' build argument 'cmake_target_skip_unavailable' from command line to 'False'
[5.460s] Level 5:colcon.colcon_core.verb:set package 'joystick_ros2' build argument 'cmake_clean_cache' from command line to 'False'
[5.460s] Level 5:colcon.colcon_core.verb:set package 'joystick_ros2' build argument 'cmake_clean_first' from command line to 'False'
[5.460s] Level 5:colcon.colcon_core.verb:set package 'joystick_ros2' build argument 'cmake_force_configure' from command line to 'False'
[5.460s] Level 5:colcon.colcon_core.verb:set package 'joystick_ros2' build argument 'ament_cmake_args' from command line to 'None'
[5.460s] Level 5:colcon.colcon_core.verb:set package 'joystick_ros2' build argument 'catkin_cmake_args' from command line to 'None'
[5.460s] Level 5:colcon.colcon_core.verb:set package 'joystick_ros2' build argument 'catkin_skip_building_tests' from command line to 'False'
[5.460s] DEBUG:colcon.colcon_core.verb:Building package 'joystick_ros2' with the following arguments: {'ament_cmake_args': None, 'build_base': '/home/steve/mren203-ws/build/joystick_ros2', 'catkin_cmake_args': None, 'catkin_skip_building_tests': False, 'cmake_args': None, 'cmake_clean_cache': False, 'cmake_clean_first': False, 'cmake_force_configure': False, 'cmake_target': None, 'cmake_target_skip_unavailable': False, 'install_base': '/home/steve/mren203-ws/install/joystick_ros2', 'merge_install': False, 'path': '/home/steve/mren203-ws/src/joystick_ros2', 'symlink_install': True, 'test_result_base': None}
[5.521s] Level 5:colcon.colcon_core.verb:set package 'motor_control' build argument 'cmake_args' from command line to 'None'
[5.521s] Level 5:colcon.colcon_core.verb:set package 'motor_control' build argument 'cmake_target' from command line to 'None'
[5.521s] Level 5:colcon.colcon_core.verb:set package 'motor_control' build argument 'cmake_target_skip_unavailable' from command line to 'False'
[5.521s] Level 5:colcon.colcon_core.verb:set package 'motor_control' build argument 'cmake_clean_cache' from command line to 'False'
[5.522s] Level 5:colcon.colcon_core.verb:set package 'motor_control' build argument 'cmake_clean_first' from command line to 'False'
[5.522s] Level 5:colcon.colcon_core.verb:set package 'motor_control' build argument 'cmake_force_configure' from command line to 'False'
[5.522s] Level 5:colcon.colcon_core.verb:set package 'motor_control' build argument 'ament_cmake_args' from command line to 'None'
[5.522s] Level 5:colcon.colcon_core.verb:set package 'motor_control' build argument 'catkin_cmake_args' from command line to 'None'
[5.522s] Level 5:colcon.colcon_core.verb:set package 'motor_control' build argument 'catkin_skip_building_tests' from command line to 'False'
[5.522s] DEBUG:colcon.colcon_core.verb:Building package 'motor_control' with the following arguments: {'ament_cmake_args': None, 'build_base': '/home/steve/mren203-ws/build/motor_control', 'catkin_cmake_args': None, 'catkin_skip_building_tests': False, 'cmake_args': None, 'cmake_clean_cache': False, 'cmake_clean_first': False, 'cmake_force_configure': False, 'cmake_target': None, 'cmake_target_skip_unavailable': False, 'install_base': '/home/steve/mren203-ws/install/motor_control', 'merge_install': False, 'path': '/home/steve/mren203-ws/src/motor_control', 'symlink_install': True, 'test_result_base': None}
[5.582s] INFO:colcon.colcon_core.executor:Executing jobs using 'parallel' executor
[5.644s] DEBUG:colcon.colcon_parallel_executor.executor.parallel:run_until_complete
[5.645s] INFO:colcon.colcon_ros.task.ament_python.build:Building ROS package in '/home/steve/mren203-ws/src/joystick_ros2' with build type 'ament_python'
[5.646s] Level 1:colcon.colcon_core.shell:create_environment_hook('joystick_ros2', 'ament_prefix_path')
[5.714s] INFO:colcon.colcon_core.plugin_system:Skipping extension 'colcon_core.shell.bat': Not used on non-Windows systems
[5.715s] INFO:colcon.colcon_core.shell:Creating environment hook '/home/steve/mren203-ws/install/joystick_ros2/share/joystick_ros2/hook/ament_prefix_path.ps1'
[5.718s] INFO:colcon.colcon_core.shell:Creating environment descriptor '/home/steve/mren203-ws/install/joystick_ros2/share/joystick_ros2/hook/ament_prefix_path.dsv'
[5.720s] INFO:colcon.colcon_core.shell:Creating environment hook '/home/steve/mren203-ws/install/joystick_ros2/share/joystick_ros2/hook/ament_prefix_path.sh'
[5.783s] INFO:colcon.colcon_core.shell:Skip shell extension 'powershell' for command environment: Not usable outside of PowerShell
[5.784s] DEBUG:colcon.colcon_core.shell:Skip shell extension 'dsv' for command environment
[5.979s] INFO:colcon.colcon_ros.task.ament_python.build:Building ROS package in '/home/steve/mren203-ws/src/motor_control' with build type 'ament_python'
[5.979s] Level 1:colcon.colcon_core.shell:create_environment_hook('motor_control', 'ament_prefix_path')
[6.042s] INFO:colcon.colcon_core.shell:Creating environment hook '/home/steve/mren203-ws/install/motor_control/share/motor_control/hook/ament_prefix_path.ps1'
[6.044s] INFO:colcon.colcon_core.shell:Creating environment descriptor '/home/steve/mren203-ws/install/motor_control/share/motor_control/hook/ament_prefix_path.dsv'
[6.047s] INFO:colcon.colcon_core.shell:Creating environment hook '/home/steve/mren203-ws/install/motor_control/share/motor_control/hook/ament_prefix_path.sh'
[6.109s] INFO:colcon.colcon_core.shell:Skip shell extension 'powershell' for command environment: Not usable outside of PowerShell
[6.110s] DEBUG:colcon.colcon_core.shell:Skip shell extension 'dsv' for command environment
[7.440s] WARNING:colcon.colcon_ros.task.ament_python.build:Package 'joystick_ros2' doesn't explicitly install the 'package.xml' file (colcon-ros currently does it implicitly but that fallback will be removed in the future)
[7.441s] INFO:colcon.colcon_core.task.python.build:Building Python package in '/home/steve/mren203-ws/src/joystick_ros2'
[7.506s] INFO:colcon.colcon_core.shell:Skip shell extension 'powershell' for command environment: Not usable outside of PowerShell
[7.506s] DEBUG:colcon.colcon_core.shell:Skip shell extension 'dsv' for command environment
[8.835s] INFO:colcon.colcon_core.task.python.build:Building Python package in '/home/steve/mren203-ws/src/motor_control'
[8.900s] INFO:colcon.colcon_core.shell:Skip shell extension 'powershell' for command environment: Not usable outside of PowerShell
[8.900s] DEBUG:colcon.colcon_core.shell:Skip shell extension 'dsv' for command environment
[10.908s] DEBUG:colcon.colcon_core.event_handler.log_command:Invoking command in '/home/steve/mren203-ws/build/joystick_ros2': PYTHONPATH=/home/steve/mren203-ws/build/joystick_ros2/prefix_override:/home/steve/mren203-ws/install/joystick_ros2/lib/python3.10/site-packages:${PYTHONPATH} /usr/bin/python3 setup.py develop --editable --build-directory /home/steve/mren203-ws/build/joystick_ros2/build --no-deps install_data
[10.933s] DEBUG:colcon.colcon_core.event_handler.log_command:Invoking command in '/home/steve/mren203-ws/build/motor_control': PYTHONPATH=/home/steve/mren203-ws/build/motor_control/prefix_override:/home/steve/mren203-ws/install/motor_control/lib/python3.10/site-packages:${PYTHONPATH} /usr/bin/python3 setup.py develop --editable --build-directory /home/steve/mren203-ws/build/motor_control/build --no-deps install_data
[13.314s] Level 1:colcon.colcon_core.shell:create_environment_hook('joystick_ros2', 'pythonpath_develop')
[13.316s] DEBUG:colcon.colcon_core.event_handler.log_command:Invoked command in '/home/steve/mren203-ws/build/joystick_ros2' returned '0': PYTHONPATH=/home/steve/mren203-ws/build/joystick_ros2/prefix_override:/home/steve/mren203-ws/install/joystick_ros2/lib/python3.10/site-packages:${PYTHONPATH} /usr/bin/python3 setup.py develop --editable --build-directory /home/steve/mren203-ws/build/joystick_ros2/build --no-deps install_data
[13.419s] INFO:colcon.colcon_core.shell:Creating environment hook '/home/steve/mren203-ws/build/joystick_ros2/share/joystick_ros2/hook/pythonpath_develop.ps1'
[13.421s] INFO:colcon.colcon_core.shell:Creating environment descriptor '/home/steve/mren203-ws/build/joystick_ros2/share/joystick_ros2/hook/pythonpath_develop.dsv'
[13.423s] INFO:colcon.colcon_core.shell:Creating environment hook '/home/steve/mren203-ws/build/joystick_ros2/share/joystick_ros2/hook/pythonpath_develop.sh'
[13.494s] Level 1:colcon.colcon_core.environment:checking '/home/steve/mren203-ws/install/joystick_ros2' for CMake module files
[13.496s] Level 1:colcon.colcon_core.environment:checking '/home/steve/mren203-ws/install/joystick_ros2' for CMake config files
[13.499s] Level 1:colcon.colcon_core.environment:checking '/home/steve/mren203-ws/install/joystick_ros2/lib'
[13.500s] Level 1:colcon.colcon_core.environment:checking '/home/steve/mren203-ws/install/joystick_ros2/bin'
[13.500s] Level 1:colcon.colcon_core.environment:checking '/home/steve/mren203-ws/install/joystick_ros2/lib/pkgconfig/joystick_ros2.pc'
[13.501s] Level 1:colcon.colcon_core.environment:checking '/home/steve/mren203-ws/install/joystick_ros2/lib/python3.10/site-packages'
[13.501s] Level 1:colcon.colcon_core.shell:create_environment_hook('joystick_ros2', 'pythonpath')
[13.563s] INFO:colcon.colcon_core.shell:Creating environment hook '/home/steve/mren203-ws/install/joystick_ros2/share/joystick_ros2/hook/pythonpath.ps1'
[13.565s] INFO:colcon.colcon_core.shell:Creating environment descriptor '/home/steve/mren203-ws/install/joystick_ros2/share/joystick_ros2/hook/pythonpath.dsv'
[13.567s] INFO:colcon.colcon_core.shell:Creating environment hook '/home/steve/mren203-ws/install/joystick_ros2/share/joystick_ros2/hook/pythonpath.sh'
[13.569s] Level 1:colcon.colcon_core.environment:checking '/home/steve/mren203-ws/install/joystick_ros2/bin'
[13.570s] Level 1:colcon.colcon_core.environment:create_environment_scripts_only(joystick_ros2)
[13.631s] INFO:colcon.colcon_core.shell:Creating package script '/home/steve/mren203-ws/install/joystick_ros2/share/joystick_ros2/package.ps1'
[13.635s] INFO:colcon.colcon_core.shell:Creating package descriptor '/home/steve/mren203-ws/install/joystick_ros2/share/joystick_ros2/package.dsv'
[13.638s] INFO:colcon.colcon_core.shell:Creating package script '/home/steve/mren203-ws/install/joystick_ros2/share/joystick_ros2/package.sh'
[13.641s] INFO:colcon.colcon_core.shell:Creating package script '/home/steve/mren203-ws/install/joystick_ros2/share/joystick_ros2/package.bash'
[13.644s] INFO:colcon.colcon_core.shell:Creating package script '/home/steve/mren203-ws/install/joystick_ros2/share/joystick_ros2/package.zsh'
[13.647s] Level 1:colcon.colcon_core.environment:create_file_with_runtime_dependencies(/home/steve/mren203-ws/install/joystick_ros2/share/colcon-core/packages/joystick_ros2)
[13.652s] Level 1:colcon.colcon_core.shell:create_environment_hook('motor_control', 'pythonpath_develop')
[13.654s] DEBUG:colcon.colcon_core.event_handler.log_command:Invoked command in '/home/steve/mren203-ws/build/motor_control' returned '0': PYTHONPATH=/home/steve/mren203-ws/build/motor_control/prefix_override:/home/steve/mren203-ws/install/motor_control/lib/python3.10/site-packages:${PYTHONPATH} /usr/bin/python3 setup.py develop --editable --build-directory /home/steve/mren203-ws/build/motor_control/build --no-deps install_data
[13.717s] INFO:colcon.colcon_core.shell:Creating environment hook '/home/steve/mren203-ws/build/motor_control/share/motor_control/hook/pythonpath_develop.ps1'
[13.719s] INFO:colcon.colcon_core.shell:Creating environment descriptor '/home/steve/mren203-ws/build/motor_control/share/motor_control/hook/pythonpath_develop.dsv'
[13.721s] INFO:colcon.colcon_core.shell:Creating environment hook '/home/steve/mren203-ws/build/motor_control/share/motor_control/hook/pythonpath_develop.sh'
[13.783s] Level 1:colcon.colcon_core.environment:checking '/home/steve/mren203-ws/install/motor_control' for CMake module files
[13.785s] Level 1:colcon.colcon_core.environment:checking '/home/steve/mren203-ws/install/motor_control' for CMake config files
[13.788s] Level 1:colcon.colcon_core.environment:checking '/home/steve/mren203-ws/install/motor_control/lib'
[13.788s] Level 1:colcon.colcon_core.environment:checking '/home/steve/mren203-ws/install/motor_control/bin'
[13.789s] Level 1:colcon.colcon_core.environment:checking '/home/steve/mren203-ws/install/motor_control/lib/pkgconfig/motor_control.pc'
[13.789s] Level 1:colcon.colcon_core.environment:checking '/home/steve/mren203-ws/install/motor_control/lib/python3.10/site-packages'
[13.790s] Level 1:colcon.colcon_core.shell:create_environment_hook('motor_control', 'pythonpath')
[13.851s] INFO:colcon.colcon_core.shell:Creating environment hook '/home/steve/mren203-ws/install/motor_control/share/motor_control/hook/pythonpath.ps1'
[13.853s] INFO:colcon.colcon_core.shell:Creating environment descriptor '/home/steve/mren203-ws/install/motor_control/share/motor_control/hook/pythonpath.dsv'
[13.854s] INFO:colcon.colcon_core.shell:Creating environment hook '/home/steve/mren203-ws/install/motor_control/share/motor_control/hook/pythonpath.sh'
[13.857s] Level 1:colcon.colcon_core.environment:checking '/home/steve/mren203-ws/install/motor_control/bin'
[13.857s] Level 1:colcon.colcon_core.environment:create_environment_scripts_only(motor_control)
[13.920s] INFO:colcon.colcon_core.shell:Creating package script '/home/steve/mren203-ws/install/motor_control/share/motor_control/package.ps1'
[13.922s] INFO:colcon.colcon_core.shell:Creating package descriptor '/home/steve/mren203-ws/install/motor_control/share/motor_control/package.dsv'
[13.925s] INFO:colcon.colcon_core.shell:Creating package script '/home/steve/mren203-ws/install/motor_control/share/motor_control/package.sh'
[13.927s] INFO:colcon.colcon_core.shell:Creating package script '/home/steve/mren203-ws/install/motor_control/share/motor_control/package.bash'
[13.929s] INFO:colcon.colcon_core.shell:Creating package script '/home/steve/mren203-ws/install/motor_control/share/motor_control/package.zsh'
[13.931s] Level 1:colcon.colcon_core.environment:create_file_with_runtime_dependencies(/home/steve/mren203-ws/install/motor_control/share/colcon-core/packages/motor_control)
[13.932s] DEBUG:colcon.colcon_parallel_executor.executor.parallel:closing loop
[13.933s] DEBUG:colcon.colcon_parallel_executor.executor.parallel:loop closed
[13.934s] DEBUG:colcon.colcon_parallel_executor.executor.parallel:run_until_complete finished with '0'
[13.934s] DEBUG:colcon.colcon_core.event_reactor:joining thread
[14.015s] INFO:colcon.colcon_core.plugin_system:Skipping extension 'colcon_notification.desktop_notification.notify_send': Could not find 'notify-send'
[14.016s] INFO:colcon.colcon_core.plugin_system:Skipping extension 'colcon_notification.desktop_notification.terminal_notifier': Not used on non-Darwin systems
[14.016s] INFO:colcon.colcon_core.plugin_system:Skipping extension 'colcon_notification.desktop_notification.win32': Not used on non-Windows systems
[14.016s] INFO:colcon.colcon_notification.desktop_notification:Sending desktop notification using 'notify2'
[14.020s] DEBUG:colcon.colcon_notification.desktop_notification.notify2:Failed to initialize notify2: org.freedesktop.DBus.Error.ServiceUnknown: The name org.freedesktop.Notifications was not provided by any .service files
[14.020s] DEBUG:colcon.colcon_core.event_reactor:joined thread
[14.083s] INFO:colcon.colcon_core.shell:Creating prefix script '/home/steve/mren203-ws/install/local_setup.ps1'
[14.087s] INFO:colcon.colcon_core.shell:Creating prefix util module '/home/steve/mren203-ws/install/_local_setup_util_ps1.py'
[14.092s] INFO:colcon.colcon_core.shell:Creating prefix chain script '/home/steve/mren203-ws/install/setup.ps1'
[14.156s] INFO:colcon.colcon_core.shell:Creating prefix script '/home/steve/mren203-ws/install/local_setup.sh'
[14.158s] INFO:colcon.colcon_core.shell:Creating prefix util module '/home/steve/mren203-ws/install/_local_setup_util_sh.py'
[14.160s] INFO:colcon.colcon_core.shell:Creating prefix chain script '/home/steve/mren203-ws/install/setup.sh'
[14.224s] INFO:colcon.colcon_core.shell:Creating prefix script '/home/steve/mren203-ws/install/local_setup.bash'
[14.227s] INFO:colcon.colcon_core.shell:Creating prefix chain script '/home/steve/mren203-ws/install/setup.bash'
[14.293s] INFO:colcon.colcon_core.shell:Creating prefix script '/home/steve/mren203-ws/install/local_setup.zsh'
[14.296s] INFO:colcon.colcon_core.shell:Creating prefix chain script '/home/steve/mren203-ws/install/setup.zsh'
