[6.142s] Invoking command in '/home/steve/mren203-ws/build/joystick_ros2': PYTHONPATH=/home/steve/mren203-ws/build/joystick_ros2/prefix_override:/home/steve/mren203-ws/install/joystick_ros2/lib/python3.10/site-packages:${PYTHONPATH} /usr/bin/python3 setup.py develop --editable --build-directory /home/steve/mren203-ws/build/joystick_ros2/build --no-deps install_data
[7.456s] running develop
[7.460s] /usr/lib/python3/dist-packages/setuptools/command/easy_install.py:158: EasyInstallDeprecationWarning: easy_install command is deprecated. Use build and pip and other standards-based tools.
[7.460s]   warnings.warn(
[7.467s] /usr/lib/python3/dist-packages/setuptools/command/install.py:34: SetuptoolsDeprecationWarning: setup.py install is deprecated. Use build and pip and other standards-based tools.
[7.467s]   warnings.warn(
[8.287s] running egg_info
[8.288s] writing joystick_ros2.egg-info/PKG-INFO
[8.289s] writing dependency_links to joystick_ros2.egg-info/dependency_links.txt
[8.291s] writing entry points to joystick_ros2.egg-info/entry_points.txt
[8.293s] writing requirements to joystick_ros2.egg-info/requires.txt
[8.295s] writing top-level names to joystick_ros2.egg-info/top_level.txt
[8.300s] reading manifest file 'joystick_ros2.egg-info/SOURCES.txt'
[8.303s] writing manifest file 'joystick_ros2.egg-info/SOURCES.txt'
[8.309s] running build_ext
[8.310s] Creating /home/steve/mren203-ws/install/joystick_ros2/lib/python3.10/site-packages/joystick-ros2.egg-link (link to .)
[8.315s] Installing joystick_ros2 script to /home/steve/mren203-ws/install/joystick_ros2/lib/joystick_ros2
[8.317s] 
[8.317s] Installed /home/steve/mren203-ws/build/joystick_ros2
[8.318s] running install_data
[8.519s] Invoked command in '/home/steve/mren203-ws/build/joystick_ros2' returned '0': PYTHONPATH=/home/steve/mren203-ws/build/joystick_ros2/prefix_override:/home/steve/mren203-ws/install/joystick_ros2/lib/python3.10/site-packages:${PYTHONPATH} /usr/bin/python3 setup.py develop --editable --build-directory /home/steve/mren203-ws/build/joystick_ros2/build --no-deps install_data
