[1.196s] Invoking command in '/home/steve/mren203-ws/build/steve_msgs': CMAKE_PREFIX_PATH=${CMAKE_PREFIX_PATH}:/home/steve/mren203-ws/install/testing:/home/steve/mren203-ws/install/steve_ui:/home/steve/mren203-ws/install/motor_control:/home/steve/mren203-ws/install/joystick_ros2:/opt/ros/humble /usr/bin/cmake --build /home/steve/mren203-ws/build/steve_msgs -- -j4 -l4
[3.163s] [  1%] Built target steve_msgs__cpp
[3.165s] [ 12%] Built target steve_msgs__rosidl_generator_c
[3.166s] [ 12%] Built target ament_cmake_python_symlink_steve_msgs
[3.166s] [ 23%] Built target steve_msgs__rosidl_typesupport_fastrtps_cpp
[3.167s] [ 34%] Built target steve_msgs__rosidl_typesupport_cpp
[3.167s] [ 45%] Built target steve_msgs__rosidl_typesupport_introspection_cpp
[3.168s] [ 56%] Built target steve_msgs__rosidl_typesupport_fastrtps_c
[3.168s] [ 67%] Built target steve_msgs__rosidl_typesupport_introspection_c
[3.170s] [ 78%] Built target steve_msgs__rosidl_typesupport_c
[3.171s] [ 78%] Built target steve_msgs
[3.175s] [ 80%] Built target steve_msgs__py
[3.176s] [ 89%] Built target steve_msgs__rosidl_generator_py
[3.176s] [ 92%] Built target steve_msgs__rosidl_typesupport_fastrtps_c__pyext
[3.178s] [ 96%] Built target steve_msgs__rosidl_typesupport_introspection_c__pyext
[3.179s] [100%] Built target steve_msgs__rosidl_typesupport_c__pyext
[3.180s] running egg_info
[3.182s] writing steve_msgs.egg-info/PKG-INFO
[3.182s] writing dependency_links to steve_msgs.egg-info/dependency_links.txt
[3.183s] writing top-level names to steve_msgs.egg-info/top_level.txt
[3.185s] reading manifest file 'steve_msgs.egg-info/SOURCES.txt'
[3.185s] writing manifest file 'steve_msgs.egg-info/SOURCES.txt'
[3.205s] [100%] Built target ament_cmake_python_build_steve_msgs_egg
[3.266s] Invoked command in '/home/steve/mren203-ws/build/steve_msgs' returned '0': CMAKE_PREFIX_PATH=${CMAKE_PREFIX_PATH}:/home/steve/mren203-ws/install/testing:/home/steve/mren203-ws/install/steve_ui:/home/steve/mren203-ws/install/motor_control:/home/steve/mren203-ws/install/joystick_ros2:/opt/ros/humble /usr/bin/cmake --build /home/steve/mren203-ws/build/steve_msgs -- -j4 -l4
[4.118s] Invoking command in '/home/steve/mren203-ws/build/steve_msgs': CMAKE_PREFIX_PATH=${CMAKE_PREFIX_PATH}:/home/steve/mren203-ws/install/testing:/home/steve/mren203-ws/install/steve_ui:/home/steve/mren203-ws/install/motor_control:/home/steve/mren203-ws/install/joystick_ros2:/opt/ros/humble /usr/bin/cmake --install /home/steve/mren203-ws/build/steve_msgs
[4.151s] -- Install configuration: ""
[4.153s] -- Execute custom install script
[4.156s] -- Up-to-date symlink: /home/steve/mren203-ws/install/steve_msgs/share/ament_index/resource_index/rosidl_interfaces/steve_msgs
[4.161s] -- Up-to-date symlink: /home/steve/mren203-ws/install/steve_msgs/include/steve_msgs/steve_msgs/msg/control_ui.h
[4.162s] -- Up-to-date symlink: /home/steve/mren203-ws/install/steve_msgs/include/steve_msgs/steve_msgs/msg/detail/control_ui__functions.h
[4.164s] -- Up-to-date symlink: /home/steve/mren203-ws/install/steve_msgs/include/steve_msgs/steve_msgs/msg/detail/control_ui__struct.h
[4.165s] -- Up-to-date symlink: /home/steve/mren203-ws/install/steve_msgs/include/steve_msgs/steve_msgs/msg/detail/control_ui__type_support.h
[4.167s] -- Up-to-date symlink: /home/steve/mren203-ws/install/steve_msgs/include/steve_msgs/steve_msgs/msg/detail/motor_data__functions.h
[4.168s] -- Up-to-date symlink: /home/steve/mren203-ws/install/steve_msgs/include/steve_msgs/steve_msgs/msg/detail/motor_data__struct.h
[4.170s] -- Up-to-date symlink: /home/steve/mren203-ws/install/steve_msgs/include/steve_msgs/steve_msgs/msg/detail/motor_data__type_support.h
[4.171s] -- Up-to-date symlink: /home/steve/mren203-ws/install/steve_msgs/include/steve_msgs/steve_msgs/msg/detail/sensor_data__functions.h
[4.174s] -- Up-to-date symlink: /home/steve/mren203-ws/install/steve_msgs/include/steve_msgs/steve_msgs/msg/detail/sensor_data__struct.h
[4.175s] -- Up-to-date symlink: /home/steve/mren203-ws/install/steve_msgs/include/steve_msgs/steve_msgs/msg/detail/sensor_data__type_support.h
[4.176s] -- Up-to-date symlink: /home/steve/mren203-ws/install/steve_msgs/include/steve_msgs/steve_msgs/msg/detail/set_points__functions.h
[4.178s] -- Up-to-date symlink: /home/steve/mren203-ws/install/steve_msgs/include/steve_msgs/steve_msgs/msg/detail/set_points__struct.h
[4.180s] -- Up-to-date symlink: /home/steve/mren203-ws/install/steve_msgs/include/steve_msgs/steve_msgs/msg/detail/set_points__type_support.h
[4.182s] -- Up-to-date symlink: /home/steve/mren203-ws/install/steve_msgs/include/steve_msgs/steve_msgs/msg/motor_data.h
[4.183s] -- Up-to-date symlink: /home/steve/mren203-ws/install/steve_msgs/include/steve_msgs/steve_msgs/msg/rosidl_generator_c__visibility_control.h
[4.186s] -- Up-to-date symlink: /home/steve/mren203-ws/install/steve_msgs/include/steve_msgs/steve_msgs/msg/sensor_data.h
[4.188s] -- Up-to-date symlink: /home/steve/mren203-ws/install/steve_msgs/include/steve_msgs/steve_msgs/msg/set_points.h
[4.189s] -- Up-to-date symlink: /home/steve/mren203-ws/install/steve_msgs/share/steve_msgs/environment/library_path.sh
[4.190s] -- Up-to-date symlink: /home/steve/mren203-ws/install/steve_msgs/share/steve_msgs/environment/library_path.dsv
[4.191s] -- Up-to-date symlink: /home/steve/mren203-ws/install/steve_msgs/include/steve_msgs/steve_msgs/msg/detail/control_ui__rosidl_typesupport_fastrtps_c.h
[4.193s] -- Up-to-date symlink: /home/steve/mren203-ws/install/steve_msgs/include/steve_msgs/steve_msgs/msg/detail/motor_data__rosidl_typesupport_fastrtps_c.h
[4.195s] -- Up-to-date symlink: /home/steve/mren203-ws/install/steve_msgs/include/steve_msgs/steve_msgs/msg/detail/sensor_data__rosidl_typesupport_fastrtps_c.h
[4.197s] -- Up-to-date symlink: /home/steve/mren203-ws/install/steve_msgs/include/steve_msgs/steve_msgs/msg/detail/set_points__rosidl_typesupport_fastrtps_c.h
[4.198s] -- Up-to-date symlink: /home/steve/mren203-ws/install/steve_msgs/include/steve_msgs/steve_msgs/msg/rosidl_typesupport_fastrtps_c__visibility_control.h
[4.200s] -- Up-to-date symlink: /home/steve/mren203-ws/install/steve_msgs/include/steve_msgs/steve_msgs/msg/detail/control_ui__rosidl_typesupport_introspection_c.h
[4.202s] -- Up-to-date symlink: /home/steve/mren203-ws/install/steve_msgs/include/steve_msgs/steve_msgs/msg/detail/motor_data__rosidl_typesupport_introspection_c.h
[4.203s] -- Up-to-date symlink: /home/steve/mren203-ws/install/steve_msgs/include/steve_msgs/steve_msgs/msg/detail/sensor_data__rosidl_typesupport_introspection_c.h
[4.205s] -- Up-to-date symlink: /home/steve/mren203-ws/install/steve_msgs/include/steve_msgs/steve_msgs/msg/detail/set_points__rosidl_typesupport_introspection_c.h
[4.207s] -- Up-to-date symlink: /home/steve/mren203-ws/install/steve_msgs/include/steve_msgs/steve_msgs/msg/rosidl_typesupport_introspection_c__visibility_control.h
[4.210s] -- Up-to-date symlink: /home/steve/mren203-ws/install/steve_msgs/include/steve_msgs/steve_msgs/msg/control_ui.hpp
[4.212s] -- Up-to-date symlink: /home/steve/mren203-ws/install/steve_msgs/include/steve_msgs/steve_msgs/msg/detail/control_ui__builder.hpp
[4.214s] -- Up-to-date symlink: /home/steve/mren203-ws/install/steve_msgs/include/steve_msgs/steve_msgs/msg/detail/control_ui__struct.hpp
[4.216s] -- Up-to-date symlink: /home/steve/mren203-ws/install/steve_msgs/include/steve_msgs/steve_msgs/msg/detail/control_ui__traits.hpp
[4.217s] -- Up-to-date symlink: /home/steve/mren203-ws/install/steve_msgs/include/steve_msgs/steve_msgs/msg/detail/motor_data__builder.hpp
[4.219s] -- Up-to-date symlink: /home/steve/mren203-ws/install/steve_msgs/include/steve_msgs/steve_msgs/msg/detail/motor_data__struct.hpp
[4.219s] -- Up-to-date symlink: /home/steve/mren203-ws/install/steve_msgs/include/steve_msgs/steve_msgs/msg/detail/motor_data__traits.hpp
[4.220s] -- Up-to-date symlink: /home/steve/mren203-ws/install/steve_msgs/include/steve_msgs/steve_msgs/msg/detail/sensor_data__builder.hpp
[4.221s] -- Up-to-date symlink: /home/steve/mren203-ws/install/steve_msgs/include/steve_msgs/steve_msgs/msg/detail/sensor_data__struct.hpp
[4.222s] -- Up-to-date symlink: /home/steve/mren203-ws/install/steve_msgs/include/steve_msgs/steve_msgs/msg/detail/sensor_data__traits.hpp
[4.224s] -- Up-to-date symlink: /home/steve/mren203-ws/install/steve_msgs/include/steve_msgs/steve_msgs/msg/detail/set_points__builder.hpp
[4.225s] -- Up-to-date symlink: /home/steve/mren203-ws/install/steve_msgs/include/steve_msgs/steve_msgs/msg/detail/set_points__struct.hpp
[4.226s] -- Up-to-date symlink: /home/steve/mren203-ws/install/steve_msgs/include/steve_msgs/steve_msgs/msg/detail/set_points__traits.hpp
[4.227s] -- Up-to-date symlink: /home/steve/mren203-ws/install/steve_msgs/include/steve_msgs/steve_msgs/msg/motor_data.hpp
[4.229s] -- Up-to-date symlink: /home/steve/mren203-ws/install/steve_msgs/include/steve_msgs/steve_msgs/msg/sensor_data.hpp
[4.230s] -- Up-to-date symlink: /home/steve/mren203-ws/install/steve_msgs/include/steve_msgs/steve_msgs/msg/set_points.hpp
[4.235s] -- Up-to-date symlink: /home/steve/mren203-ws/install/steve_msgs/include/steve_msgs/steve_msgs/msg/detail/control_ui__rosidl_typesupport_fastrtps_cpp.hpp
[4.238s] -- Up-to-date symlink: /home/steve/mren203-ws/install/steve_msgs/include/steve_msgs/steve_msgs/msg/detail/motor_data__rosidl_typesupport_fastrtps_cpp.hpp
[4.239s] -- Up-to-date symlink: /home/steve/mren203-ws/install/steve_msgs/include/steve_msgs/steve_msgs/msg/detail/sensor_data__rosidl_typesupport_fastrtps_cpp.hpp
[4.240s] -- Up-to-date symlink: /home/steve/mren203-ws/install/steve_msgs/include/steve_msgs/steve_msgs/msg/detail/set_points__rosidl_typesupport_fastrtps_cpp.hpp
[4.243s] -- Up-to-date symlink: /home/steve/mren203-ws/install/steve_msgs/include/steve_msgs/steve_msgs/msg/rosidl_typesupport_fastrtps_cpp__visibility_control.h
[4.246s] -- Up-to-date symlink: /home/steve/mren203-ws/install/steve_msgs/include/steve_msgs/steve_msgs/msg/detail/control_ui__rosidl_typesupport_introspection_cpp.hpp
[4.248s] -- Up-to-date symlink: /home/steve/mren203-ws/install/steve_msgs/include/steve_msgs/steve_msgs/msg/detail/motor_data__rosidl_typesupport_introspection_cpp.hpp
[4.251s] -- Up-to-date symlink: /home/steve/mren203-ws/install/steve_msgs/include/steve_msgs/steve_msgs/msg/detail/sensor_data__rosidl_typesupport_introspection_cpp.hpp
[4.252s] -- Up-to-date symlink: /home/steve/mren203-ws/install/steve_msgs/include/steve_msgs/steve_msgs/msg/detail/set_points__rosidl_typesupport_introspection_cpp.hpp
[4.254s] -- Up-to-date symlink: /home/steve/mren203-ws/install/steve_msgs/share/steve_msgs/environment/pythonpath.sh
[4.255s] -- Up-to-date symlink: /home/steve/mren203-ws/install/steve_msgs/share/steve_msgs/environment/pythonpath.dsv
[4.258s] -- Up-to-date symlink: /home/steve/mren203-ws/install/steve_msgs/local/lib/python3.10/dist-packages/steve_msgs-0.0.0-py3.10.egg-info/PKG-INFO
[4.260s] -- Up-to-date symlink: /home/steve/mren203-ws/install/steve_msgs/local/lib/python3.10/dist-packages/steve_msgs-0.0.0-py3.10.egg-info/SOURCES.txt
[4.263s] -- Up-to-date symlink: /home/steve/mren203-ws/install/steve_msgs/local/lib/python3.10/dist-packages/steve_msgs-0.0.0-py3.10.egg-info/dependency_links.txt
[4.265s] -- Up-to-date symlink: /home/steve/mren203-ws/install/steve_msgs/local/lib/python3.10/dist-packages/steve_msgs-0.0.0-py3.10.egg-info/top_level.txt
[4.273s] -- Up-to-date symlink: /home/steve/mren203-ws/install/steve_msgs/local/lib/python3.10/dist-packages/steve_msgs/__init__.py
[4.275s] -- Up-to-date symlink: /home/steve/mren203-ws/install/steve_msgs/local/lib/python3.10/dist-packages/steve_msgs/_steve_msgs_s.ep.rosidl_typesupport_c.c
[4.278s] -- Up-to-date symlink: /home/steve/mren203-ws/install/steve_msgs/local/lib/python3.10/dist-packages/steve_msgs/_steve_msgs_s.ep.rosidl_typesupport_fastrtps_c.c
[4.279s] -- Up-to-date symlink: /home/steve/mren203-ws/install/steve_msgs/local/lib/python3.10/dist-packages/steve_msgs/_steve_msgs_s.ep.rosidl_typesupport_introspection_c.c
[4.282s] -- Up-to-date symlink: /home/steve/mren203-ws/install/steve_msgs/local/lib/python3.10/dist-packages/steve_msgs/libsteve_msgs__rosidl_generator_py.so
[4.284s] -- Up-to-date symlink: /home/steve/mren203-ws/install/steve_msgs/local/lib/python3.10/dist-packages/steve_msgs/msg/__init__.py
[4.286s] -- Up-to-date symlink: /home/steve/mren203-ws/install/steve_msgs/local/lib/python3.10/dist-packages/steve_msgs/msg/_control_ui.py
[4.288s] -- Up-to-date symlink: /home/steve/mren203-ws/install/steve_msgs/local/lib/python3.10/dist-packages/steve_msgs/msg/_control_ui_s.c
[4.291s] -- Up-to-date symlink: /home/steve/mren203-ws/install/steve_msgs/local/lib/python3.10/dist-packages/steve_msgs/msg/_motor_data.py
[4.293s] -- Up-to-date symlink: /home/steve/mren203-ws/install/steve_msgs/local/lib/python3.10/dist-packages/steve_msgs/msg/_motor_data_s.c
[4.295s] -- Up-to-date symlink: /home/steve/mren203-ws/install/steve_msgs/local/lib/python3.10/dist-packages/steve_msgs/msg/_sensor_data.py
[4.297s] -- Up-to-date symlink: /home/steve/mren203-ws/install/steve_msgs/local/lib/python3.10/dist-packages/steve_msgs/msg/_sensor_data_s.c
[4.299s] -- Up-to-date symlink: /home/steve/mren203-ws/install/steve_msgs/local/lib/python3.10/dist-packages/steve_msgs/msg/_set_points.py
[4.306s] -- Up-to-date symlink: /home/steve/mren203-ws/install/steve_msgs/local/lib/python3.10/dist-packages/steve_msgs/msg/_set_points_s.c
[4.307s] -- Up-to-date symlink: /home/steve/mren203-ws/install/steve_msgs/local/lib/python3.10/dist-packages/steve_msgs/steve_msgs_s__rosidl_typesupport_c.cpython-310-aarch64-linux-gnu.so
[4.309s] -- Up-to-date symlink: /home/steve/mren203-ws/install/steve_msgs/local/lib/python3.10/dist-packages/steve_msgs/steve_msgs_s__rosidl_typesupport_fastrtps_c.cpython-310-aarch64-linux-gnu.so
[4.310s] -- Up-to-date symlink: /home/steve/mren203-ws/install/steve_msgs/local/lib/python3.10/dist-packages/steve_msgs/steve_msgs_s__rosidl_typesupport_introspection_c.cpython-310-aarch64-linux-gnu.so
[4.311s] -- Up-to-date symlink: /home/steve/mren203-ws/install/steve_msgs/local/lib/python3.10/dist-packages/steve_msgs/steve_msgs_s__rosidl_typesupport_fastrtps_c.cpython-310-aarch64-linux-gnu.so
[4.313s] -- Up-to-date symlink: /home/steve/mren203-ws/install/steve_msgs/local/lib/python3.10/dist-packages/steve_msgs/steve_msgs_s__rosidl_typesupport_introspection_c.cpython-310-aarch64-linux-gnu.so
[4.314s] -- Up-to-date symlink: /home/steve/mren203-ws/install/steve_msgs/local/lib/python3.10/dist-packages/steve_msgs/steve_msgs_s__rosidl_typesupport_c.cpython-310-aarch64-linux-gnu.so
[4.315s] -- Up-to-date symlink: /home/steve/mren203-ws/install/steve_msgs/share/steve_msgs/msg/ControlUI.idl
[4.316s] -- Up-to-date symlink: /home/steve/mren203-ws/install/steve_msgs/share/steve_msgs/msg/SensorData.idl
[4.318s] -- Up-to-date symlink: /home/steve/mren203-ws/install/steve_msgs/share/steve_msgs/msg/SetPoints.idl
[4.324s] -- Up-to-date symlink: /home/steve/mren203-ws/install/steve_msgs/share/steve_msgs/msg/MotorData.idl
[4.326s] -- Up-to-date symlink: /home/steve/mren203-ws/install/steve_msgs/share/steve_msgs/msg/ControlUI.msg
[4.327s] -- Up-to-date symlink: /home/steve/mren203-ws/install/steve_msgs/share/steve_msgs/msg/SensorData.msg
[4.328s] -- Up-to-date symlink: /home/steve/mren203-ws/install/steve_msgs/share/steve_msgs/msg/SetPoints.msg
[4.330s] -- Up-to-date symlink: /home/steve/mren203-ws/install/steve_msgs/share/steve_msgs/msg/MotorData.msg
[4.331s] -- Up-to-date symlink: /home/steve/mren203-ws/install/steve_msgs/share/ament_index/resource_index/package_run_dependencies/steve_msgs
[4.332s] -- Up-to-date symlink: /home/steve/mren203-ws/install/steve_msgs/share/ament_index/resource_index/parent_prefix_path/steve_msgs
[4.333s] -- Up-to-date symlink: /home/steve/mren203-ws/install/steve_msgs/share/steve_msgs/environment/ament_prefix_path.sh
[4.335s] -- Up-to-date symlink: /home/steve/mren203-ws/install/steve_msgs/share/steve_msgs/environment/ament_prefix_path.dsv
[4.336s] -- Up-to-date symlink: /home/steve/mren203-ws/install/steve_msgs/share/steve_msgs/environment/path.sh
[4.338s] -- Up-to-date symlink: /home/steve/mren203-ws/install/steve_msgs/share/steve_msgs/environment/path.dsv
[4.339s] -- Up-to-date symlink: /home/steve/mren203-ws/install/steve_msgs/share/steve_msgs/local_setup.bash
[4.341s] -- Up-to-date symlink: /home/steve/mren203-ws/install/steve_msgs/share/steve_msgs/local_setup.sh
[4.342s] -- Up-to-date symlink: /home/steve/mren203-ws/install/steve_msgs/share/steve_msgs/local_setup.zsh
[4.343s] -- Up-to-date symlink: /home/steve/mren203-ws/install/steve_msgs/share/steve_msgs/local_setup.dsv
[4.344s] -- Symlinking: /home/steve/mren203-ws/install/steve_msgs/share/steve_msgs/package.dsv
[4.370s] -- Up-to-date symlink: /home/steve/mren203-ws/install/steve_msgs/share/ament_index/resource_index/packages/steve_msgs
[4.372s] -- Up-to-date symlink: /home/steve/mren203-ws/install/steve_msgs/share/steve_msgs/cmake/rosidl_cmake-extras.cmake
[4.373s] -- Up-to-date symlink: /home/steve/mren203-ws/install/steve_msgs/share/steve_msgs/cmake/ament_cmake_export_include_directories-extras.cmake
[4.374s] -- Up-to-date symlink: /home/steve/mren203-ws/install/steve_msgs/share/steve_msgs/cmake/ament_cmake_export_libraries-extras.cmake
[4.376s] -- Up-to-date symlink: /home/steve/mren203-ws/install/steve_msgs/share/steve_msgs/cmake/ament_cmake_export_targets-extras.cmake
[4.377s] -- Up-to-date symlink: /home/steve/mren203-ws/install/steve_msgs/share/steve_msgs/cmake/rosidl_cmake_export_typesupport_targets-extras.cmake
[4.378s] -- Up-to-date symlink: /home/steve/mren203-ws/install/steve_msgs/share/steve_msgs/cmake/ament_cmake_export_dependencies-extras.cmake
[4.379s] -- Up-to-date symlink: /home/steve/mren203-ws/install/steve_msgs/share/steve_msgs/cmake/rosidl_cmake_export_typesupport_libraries-extras.cmake
[4.380s] -- Up-to-date symlink: /home/steve/mren203-ws/install/steve_msgs/share/steve_msgs/cmake/steve_msgsConfig.cmake
[4.382s] -- Up-to-date symlink: /home/steve/mren203-ws/install/steve_msgs/share/steve_msgs/cmake/steve_msgsConfig-version.cmake
[4.383s] -- Up-to-date symlink: /home/steve/mren203-ws/install/steve_msgs/share/steve_msgs/package.xml
[4.385s] -- Up-to-date: /home/steve/mren203-ws/install/steve_msgs/lib/libsteve_msgs__rosidl_generator_c.so
[4.387s] -- Up-to-date: /home/steve/mren203-ws/install/steve_msgs/lib/libsteve_msgs__rosidl_typesupport_fastrtps_c.so
[4.389s] -- Up-to-date: /home/steve/mren203-ws/install/steve_msgs/lib/libsteve_msgs__rosidl_typesupport_introspection_c.so
[4.392s] -- Up-to-date: /home/steve/mren203-ws/install/steve_msgs/lib/libsteve_msgs__rosidl_typesupport_c.so
[4.394s] -- Up-to-date: /home/steve/mren203-ws/install/steve_msgs/lib/libsteve_msgs__rosidl_typesupport_fastrtps_cpp.so
[4.396s] -- Up-to-date: /home/steve/mren203-ws/install/steve_msgs/lib/libsteve_msgs__rosidl_typesupport_introspection_cpp.so
[4.398s] -- Up-to-date: /home/steve/mren203-ws/install/steve_msgs/lib/libsteve_msgs__rosidl_typesupport_cpp.so
[4.595s] Listing '/home/steve/mren203-ws/install/steve_msgs/local/lib/python3.10/dist-packages/steve_msgs'...
[4.602s] Listing '/home/steve/mren203-ws/install/steve_msgs/local/lib/python3.10/dist-packages/steve_msgs/msg'...
[4.625s] -- Up-to-date: /home/steve/mren203-ws/install/steve_msgs/lib/libsteve_msgs__rosidl_generator_py.so
[4.627s] -- Up-to-date: /home/steve/mren203-ws/install/steve_msgs/share/steve_msgs/cmake/export_steve_msgs__rosidl_generator_cExport.cmake
[4.630s] -- Up-to-date: /home/steve/mren203-ws/install/steve_msgs/share/steve_msgs/cmake/export_steve_msgs__rosidl_generator_cExport-noconfig.cmake
[4.631s] -- Up-to-date: /home/steve/mren203-ws/install/steve_msgs/share/steve_msgs/cmake/export_steve_msgs__rosidl_typesupport_fastrtps_cExport.cmake
[4.633s] -- Up-to-date: /home/steve/mren203-ws/install/steve_msgs/share/steve_msgs/cmake/export_steve_msgs__rosidl_typesupport_fastrtps_cExport-noconfig.cmake
[4.635s] -- Up-to-date: /home/steve/mren203-ws/install/steve_msgs/share/steve_msgs/cmake/steve_msgs__rosidl_typesupport_introspection_cExport.cmake
[4.637s] -- Up-to-date: /home/steve/mren203-ws/install/steve_msgs/share/steve_msgs/cmake/steve_msgs__rosidl_typesupport_introspection_cExport-noconfig.cmake
[4.639s] -- Up-to-date: /home/steve/mren203-ws/install/steve_msgs/share/steve_msgs/cmake/steve_msgs__rosidl_typesupport_cExport.cmake
[4.642s] -- Up-to-date: /home/steve/mren203-ws/install/steve_msgs/share/steve_msgs/cmake/steve_msgs__rosidl_typesupport_cExport-noconfig.cmake
[4.645s] -- Up-to-date: /home/steve/mren203-ws/install/steve_msgs/share/steve_msgs/cmake/export_steve_msgs__rosidl_generator_cppExport.cmake
[4.646s] -- Up-to-date: /home/steve/mren203-ws/install/steve_msgs/share/steve_msgs/cmake/export_steve_msgs__rosidl_typesupport_fastrtps_cppExport.cmake
[4.647s] -- Up-to-date: /home/steve/mren203-ws/install/steve_msgs/share/steve_msgs/cmake/export_steve_msgs__rosidl_typesupport_fastrtps_cppExport-noconfig.cmake
[4.648s] -- Up-to-date: /home/steve/mren203-ws/install/steve_msgs/share/steve_msgs/cmake/steve_msgs__rosidl_typesupport_introspection_cppExport.cmake
[4.649s] -- Up-to-date: /home/steve/mren203-ws/install/steve_msgs/share/steve_msgs/cmake/steve_msgs__rosidl_typesupport_introspection_cppExport-noconfig.cmake
[4.650s] -- Up-to-date: /home/steve/mren203-ws/install/steve_msgs/share/steve_msgs/cmake/steve_msgs__rosidl_typesupport_cppExport.cmake
[4.651s] -- Up-to-date: /home/steve/mren203-ws/install/steve_msgs/share/steve_msgs/cmake/steve_msgs__rosidl_typesupport_cppExport-noconfig.cmake
[4.652s] -- Up-to-date: /home/steve/mren203-ws/install/steve_msgs/share/steve_msgs/cmake/export_steve_msgs__rosidl_generator_pyExport.cmake
[4.653s] -- Up-to-date: /home/steve/mren203-ws/install/steve_msgs/share/steve_msgs/cmake/export_steve_msgs__rosidl_generator_pyExport-noconfig.cmake
[5.061s] Invoked command in '/home/steve/mren203-ws/build/steve_msgs' returned '0': CMAKE_PREFIX_PATH=${CMAKE_PREFIX_PATH}:/home/steve/mren203-ws/install/testing:/home/steve/mren203-ws/install/steve_ui:/home/steve/mren203-ws/install/motor_control:/home/steve/mren203-ws/install/joystick_ros2:/opt/ros/humble /usr/bin/cmake --install /home/steve/mren203-ws/build/steve_msgs
