[1.117s] Invoking command in '/home/dj/MREN203/joint_states/mren203-ws/build/steve_ui': PYTHONPATH=/home/dj/MREN203/joint_states/mren203-ws/build/steve_ui/prefix_override:/home/dj/MREN203/joint_states/mren203-ws/install/steve_ui/lib/python3.10/site-packages:${PYTHONPATH} /usr/bin/python3 setup.py develop --editable --build-directory /home/dj/MREN203/joint_states/mren203-ws/build/steve_ui/build --no-deps install_data
[1.387s] running develop
[1.388s] /home/dj/.local/lib/python3.10/site-packages/setuptools/command/develop.py:40: EasyInstallDeprecationWarning: easy_install command is deprecated.
[1.388s] !!
[1.388s] 
[1.388s]         ********************************************************************************
[1.388s]         Please avoid running ``setup.py`` and ``easy_install``.
[1.388s]         Instead, use pypa/build, pypa/installer or other
[1.388s]         standards-based tools.
[1.389s] 
[1.389s]         See https://github.com/pypa/setuptools/issues/917 for details.
[1.389s]         ********************************************************************************
[1.389s] 
[1.389s] !!
[1.389s]   easy_install.initialize_options(self)
[1.415s] /home/dj/.local/lib/python3.10/site-packages/setuptools/_distutils/cmd.py:66: SetuptoolsDeprecationWarning: setup.py install is deprecated.
[1.415s] !!
[1.416s] 
[1.416s]         ********************************************************************************
[1.416s]         Please avoid running ``setup.py`` directly.
[1.416s]         Instead, use pypa/build, pypa/installer or other
[1.416s]         standards-based tools.
[1.416s] 
[1.416s]         See https://blog.ganssle.io/articles/2021/10/setup-py-deprecated.html for details.
[1.416s]         ********************************************************************************
[1.416s] 
[1.416s] !!
[1.416s]   self.initialize_options()
[1.589s] running egg_info
[1.603s] writing steve_ui.egg-info/PKG-INFO
[1.603s] writing dependency_links to steve_ui.egg-info/dependency_links.txt
[1.603s] writing requirements to steve_ui.egg-info/requires.txt
[1.603s] writing top-level names to steve_ui.egg-info/top_level.txt
[1.632s] reading manifest file 'steve_ui.egg-info/SOURCES.txt'
[1.632s] writing manifest file 'steve_ui.egg-info/SOURCES.txt'
[1.681s] running build_ext
[1.681s] Creating /home/dj/MREN203/joint_states/mren203-ws/install/steve_ui/lib/python3.10/site-packages/steve-ui.egg-link (link to .)
[1.682s] 
[1.682s] Installed /home/dj/MREN203/joint_states/mren203-ws/build/steve_ui
[1.682s] running install_data
[1.682s] copying resource/steve_ui -> /home/dj/MREN203/joint_states/mren203-ws/install/steve_ui/share/ament_index/resource_index/packages
[1.683s] copying package.xml -> /home/dj/MREN203/joint_states/mren203-ws/install/steve_ui/share/steve_ui
[1.714s] Invoked command in '/home/dj/MREN203/joint_states/mren203-ws/build/steve_ui' returned '0': PYTHONPATH=/home/dj/MREN203/joint_states/mren203-ws/build/steve_ui/prefix_override:/home/dj/MREN203/joint_states/mren203-ws/install/steve_ui/lib/python3.10/site-packages:${PYTHONPATH} /usr/bin/python3 setup.py develop --editable --build-directory /home/dj/MREN203/joint_states/mren203-ws/build/steve_ui/build --no-deps install_data
