[0.254s] Invoking command in '/home/dj/MREN203/joint_states/mren203-ws/build/steve_launch': CMAKE_PREFIX_PATH=/opt/ros/humble /usr/bin/cmake /home/dj/MREN203/joint_states/mren203-ws/src/steve_launch -DAMENT_CMAKE_SYMLINK_INSTALL=1 -DCMAKE_INSTALL_PREFIX=/home/dj/MREN203/joint_states/mren203-ws/install/steve_launch
[0.298s] -- The C compiler identification is GNU 11.4.0
[0.340s] -- The CXX compiler identification is GNU 11.4.0
[0.347s] -- Detecting C compiler ABI info
[0.406s] -- Detecting C compiler ABI info - done
[0.411s] -- Check for working C compiler: /usr/bin/cc - skipped
[0.411s] -- Detecting C compile features
[0.411s] -- Detecting C compile features - done
[0.413s] -- Detecting CXX compiler ABI info
[0.484s] -- Detecting CXX compiler ABI info - done
[0.489s] -- Check for working CXX compiler: /usr/bin/c++ - skipped
[0.490s] -- Detecting CXX compile features
[0.490s] -- Detecting CXX compile features - done
[0.492s] -- Found ament_cmake: 1.3.8 (/opt/ros/humble/share/ament_cmake/cmake)
[0.779s] -- Found Python3: /usr/bin/python3 (found version "3.10.12") found components: Interpreter 
[0.829s] -- Override CMake install command with custom implementation using symlinks instead of copying resources
[0.949s] -- Configuring done
[0.951s] -- Generating done
[0.952s] -- Build files have been written to: /home/dj/MREN203/joint_states/mren203-ws/build/steve_launch
[0.958s] Invoked command in '/home/dj/MREN203/joint_states/mren203-ws/build/steve_launch' returned '0': CMAKE_PREFIX_PATH=/opt/ros/humble /usr/bin/cmake /home/dj/MREN203/joint_states/mren203-ws/src/steve_launch -DAMENT_CMAKE_SYMLINK_INSTALL=1 -DCMAKE_INSTALL_PREFIX=/home/dj/MREN203/joint_states/mren203-ws/install/steve_launch
[0.960s] Invoking command in '/home/dj/MREN203/joint_states/mren203-ws/build/steve_launch': CMAKE_PREFIX_PATH=/opt/ros/humble /usr/bin/cmake --build /home/dj/MREN203/joint_states/mren203-ws/build/steve_launch -- -j16 -l16
[1.001s] Invoked command in '/home/dj/MREN203/joint_states/mren203-ws/build/steve_launch' returned '0': CMAKE_PREFIX_PATH=/opt/ros/humble /usr/bin/cmake --build /home/dj/MREN203/joint_states/mren203-ws/build/steve_launch -- -j16 -l16
[1.037s] Invoking command in '/home/dj/MREN203/joint_states/mren203-ws/build/steve_launch': CMAKE_PREFIX_PATH=/opt/ros/humble /usr/bin/cmake --install /home/dj/MREN203/joint_states/mren203-ws/build/steve_launch
[1.044s] -- Install configuration: ""
[1.044s] -- Execute custom install script
[1.045s] -- Symlinking: /home/dj/MREN203/joint_states/mren203-ws/install/steve_launch/share/steve_launch/launch/manual_control.launch
[1.055s] -- Symlinking: /home/dj/MREN203/joint_states/mren203-ws/install/steve_launch/share/ament_index/resource_index/package_run_dependencies/steve_launch
[1.065s] -- Symlinking: /home/dj/MREN203/joint_states/mren203-ws/install/steve_launch/share/ament_index/resource_index/parent_prefix_path/steve_launch
[1.073s] -- Symlinking: /home/dj/MREN203/joint_states/mren203-ws/install/steve_launch/share/steve_launch/environment/ament_prefix_path.sh
[1.082s] -- Symlinking: /home/dj/MREN203/joint_states/mren203-ws/install/steve_launch/share/steve_launch/environment/ament_prefix_path.dsv
[1.090s] -- Symlinking: /home/dj/MREN203/joint_states/mren203-ws/install/steve_launch/share/steve_launch/environment/path.sh
[1.099s] -- Symlinking: /home/dj/MREN203/joint_states/mren203-ws/install/steve_launch/share/steve_launch/environment/path.dsv
[1.108s] -- Symlinking: /home/dj/MREN203/joint_states/mren203-ws/install/steve_launch/share/steve_launch/local_setup.bash
[1.116s] -- Symlinking: /home/dj/MREN203/joint_states/mren203-ws/install/steve_launch/share/steve_launch/local_setup.sh
[1.125s] -- Symlinking: /home/dj/MREN203/joint_states/mren203-ws/install/steve_launch/share/steve_launch/local_setup.zsh
[1.132s] -- Symlinking: /home/dj/MREN203/joint_states/mren203-ws/install/steve_launch/share/steve_launch/local_setup.dsv
[1.141s] -- Symlinking: /home/dj/MREN203/joint_states/mren203-ws/install/steve_launch/share/steve_launch/package.dsv
[1.151s] -- Symlinking: /home/dj/MREN203/joint_states/mren203-ws/install/steve_launch/share/ament_index/resource_index/packages/steve_launch
[1.160s] -- Symlinking: /home/dj/MREN203/joint_states/mren203-ws/install/steve_launch/share/steve_launch/cmake/steve_launchConfig.cmake
[1.169s] -- Symlinking: /home/dj/MREN203/joint_states/mren203-ws/install/steve_launch/share/steve_launch/cmake/steve_launchConfig-version.cmake
[1.178s] -- Symlinking: /home/dj/MREN203/joint_states/mren203-ws/install/steve_launch/share/steve_launch/package.xml
[1.191s] Invoked command in '/home/dj/MREN203/joint_states/mren203-ws/build/steve_launch' returned '0': CMAKE_PREFIX_PATH=/opt/ros/humble /usr/bin/cmake --install /home/dj/MREN203/joint_states/mren203-ws/build/steve_launch
