[5.789s] Invoking command in '/home/steve/mren203-ws/build/motor_control': PYTHONPATH=/home/steve/mren203-ws/build/motor_control/prefix_override:/home/steve/mren203-ws/install/motor_control/lib/python3.10/site-packages:${PYTHONPATH} /usr/bin/python3 setup.py develop --editable --build-directory /home/steve/mren203-ws/build/motor_control/build --no-deps install_data
[7.126s] running develop
[7.127s] /usr/lib/python3/dist-packages/setuptools/command/easy_install.py:158: EasyInstallDeprecationWarning: easy_install command is deprecated. Use build and pip and other standards-based tools.
[7.128s]   warnings.warn(
[7.133s] /usr/lib/python3/dist-packages/setuptools/command/install.py:34: SetuptoolsDeprecationWarning: setup.py install is deprecated. Use build and pip and other standards-based tools.
[7.134s]   warnings.warn(
[7.953s] running egg_info
[7.954s] writing motor_control.egg-info/PKG-INFO
[7.956s] writing dependency_links to motor_control.egg-info/dependency_links.txt
[7.957s] writing entry points to motor_control.egg-info/entry_points.txt
[7.958s] writing requirements to motor_control.egg-info/requires.txt
[7.959s] writing top-level names to motor_control.egg-info/top_level.txt
[7.966s] reading manifest file 'motor_control.egg-info/SOURCES.txt'
[7.969s] writing manifest file 'motor_control.egg-info/SOURCES.txt'
[7.976s] running build_ext
[7.977s] Creating /home/steve/mren203-ws/install/motor_control/lib/python3.10/site-packages/motor-control.egg-link (link to .)
[7.982s] Installing motor_driver script to /home/steve/mren203-ws/install/motor_control/lib/motor_control
[7.985s] 
[7.987s] Installed /home/steve/mren203-ws/build/motor_control
[7.989s] running install_data
[8.462s] Invoked command in '/home/steve/mren203-ws/build/motor_control' returned '0': PYTHONPATH=/home/steve/mren203-ws/build/motor_control/prefix_override:/home/steve/mren203-ws/install/motor_control/lib/python3.10/site-packages:${PYTHONPATH} /usr/bin/python3 setup.py develop --editable --build-directory /home/steve/mren203-ws/build/motor_control/build --no-deps install_data
