[0.925s] Invoking command in '/home/dj/MREN203/mren203-ws/build/joystick_ros2': PYTHONPATH=/home/dj/MREN203/mren203-ws/build/joystick_ros2/prefix_override:/home/dj/MREN203/mren203-ws/install/joystick_ros2/lib/python3.10/site-packages:${PYTHONPATH} /usr/bin/python3 setup.py develop --editable --build-directory /home/dj/MREN203/mren203-ws/build/joystick_ros2/build --no-deps install_data
[1.138s] running develop
[1.279s] running egg_info
[1.279s] creating joystick_ros2.egg-info
[1.279s] writing joystick_ros2.egg-info/PKG-INFO
[1.279s] writing dependency_links to joystick_ros2.egg-info/dependency_links.txt
[1.279s] writing entry points to joystick_ros2.egg-info/entry_points.txt
[1.280s] writing requirements to joystick_ros2.egg-info/requires.txt
[1.280s] writing top-level names to joystick_ros2.egg-info/top_level.txt
[1.280s] writing manifest file 'joystick_ros2.egg-info/SOURCES.txt'
[1.281s] reading manifest file 'joystick_ros2.egg-info/SOURCES.txt'
[1.281s] writing manifest file 'joystick_ros2.egg-info/SOURCES.txt'
[1.282s] running build_ext
[1.283s] Creating /home/dj/MREN203/mren203-ws/install/joystick_ros2/lib/python3.10/site-packages/joystick-ros2.egg-link (link to .)
[1.283s] Installing joystick_ros2 script to /home/dj/MREN203/mren203-ws/install/joystick_ros2/lib/joystick_ros2
[1.283s] 
[1.283s] Installed /home/dj/MREN203/mren203-ws/build/joystick_ros2
[1.283s] running install_data
[1.284s] creating /home/dj/MREN203/mren203-ws/install/joystick_ros2/share/ament_index
[1.284s] creating /home/dj/MREN203/mren203-ws/install/joystick_ros2/share/ament_index/resource_index
[1.284s] creating /home/dj/MREN203/mren203-ws/install/joystick_ros2/share/ament_index/resource_index/packages
[1.284s] copying resource/joystick_ros2 -> /home/dj/MREN203/mren203-ws/install/joystick_ros2/share/ament_index/resource_index/packages
[1.284s] creating /home/dj/MREN203/mren203-ws/install/joystick_ros2/shared
[1.284s] creating /home/dj/MREN203/mren203-ws/install/joystick_ros2/shared/joystick_ros2
[1.284s] copying package.xml -> /home/dj/MREN203/mren203-ws/install/joystick_ros2/shared/joystick_ros2
[1.364s] Invoked command in '/home/dj/MREN203/mren203-ws/build/joystick_ros2' returned '0': PYTHONPATH=/home/dj/MREN203/mren203-ws/build/joystick_ros2/prefix_override:/home/dj/MREN203/mren203-ws/install/joystick_ros2/lib/python3.10/site-packages:${PYTHONPATH} /usr/bin/python3 setup.py develop --editable --build-directory /home/dj/MREN203/mren203-ws/build/joystick_ros2/build --no-deps install_data
