[1.144s] Invoking command in '/home/steve/mren203-ws/build/steve_msgs': CMAKE_PREFIX_PATH=${CMAKE_PREFIX_PATH}:/home/steve/mren203-ws/install/testing:/home/steve/mren203-ws/install/steve_ui:/home/steve/mren203-ws/install/motor_control:/home/steve/mren203-ws/install/joystick_ros2:/opt/ros/humble /usr/bin/cmake /home/steve/mren203-ws/src/steve_msgs -DAMENT_CMAKE_SYMLINK_INSTALL=1 -DCMAKE_INSTALL_PREFIX=/home/steve/mren203-ws/install/steve_msgs
[2.640s] -- The C compiler identification is GNU 11.4.0
[2.886s] -- The CXX compiler identification is GNU 11.4.0
[2.960s] -- Detecting C compiler ABI info
[3.442s] -- Detecting C compiler ABI info - done
[3.473s] -- Check for working C compiler: /usr/bin/cc - skipped
[3.477s] -- Detecting C compile features
[3.482s] -- Detecting C compile features - done
[3.508s] -- Detecting CXX compiler ABI info
[3.959s] -- Detecting CXX compiler ABI info - done
[3.991s] -- Check for working CXX compiler: /usr/bin/c++ - skipped
[3.993s] -- Detecting CXX compile features
[3.996s] -- Detecting CXX compile features - done
[4.038s] -- Found ament_cmake: 1.3.8 (/opt/ros/humble/share/ament_cmake/cmake)
[5.145s] -- Found Python3: /usr/bin/python3 (found version "3.10.12") found components: Interpreter 
[5.616s] -- Override CMake install command with custom implementation using symlinks instead of copying resources
[6.063s] -- Found rosidl_default_generators: 1.2.0 (/opt/ros/humble/share/rosidl_default_generators/cmake)
[6.099s] -- Using all available rosidl_typesupport_c: rosidl_typesupport_fastrtps_c;rosidl_typesupport_introspection_c
[6.179s] -- Found rosidl_adapter: 3.1.5 (/opt/ros/humble/share/rosidl_adapter/cmake)
[6.631s] -- Using all available rosidl_typesupport_cpp: rosidl_typesupport_fastrtps_cpp;rosidl_typesupport_introspection_cpp
[8.593s] -- Found ament_cmake_ros: 0.10.0 (/opt/ros/humble/share/ament_cmake_ros/cmake)
[9.788s] -- Using all available rosidl_typesupport_c: rosidl_typesupport_fastrtps_c;rosidl_typesupport_introspection_c
[11.043s] -- Using all available rosidl_typesupport_cpp: rosidl_typesupport_fastrtps_cpp;rosidl_typesupport_introspection_cpp
[11.174s] -- Found PythonInterp: /usr/bin/python3 (found suitable version "3.10.12", minimum required is "3.6") 
[11.199s] -- Found python_cmake_module: 0.10.0 (/opt/ros/humble/share/python_cmake_module/cmake)
[11.366s] -- Found PythonLibs: /usr/lib/aarch64-linux-gnu/libpython3.10.so (found suitable version "3.10.12", minimum required is "3.5") 
[11.367s] -- Using PYTHON_EXECUTABLE: /usr/bin/python3
[11.368s] -- Using PYTHON_INCLUDE_DIRS: /usr/include/python3.10
[11.368s] -- Using PYTHON_LIBRARIES: /usr/lib/aarch64-linux-gnu/libpython3.10.so
[11.514s] -- Found PythonExtra: .so  
[11.765s] -- Found ament_lint_auto: 0.12.10 (/opt/ros/humble/share/ament_lint_auto/cmake)
[11.998s] -- Added test 'lint_cmake' to check CMake code style
[12.006s] -- Added test 'xmllint' to check XML markup files
[12.037s] -- Configuring done
[12.281s] -- Generating done
[12.296s] -- Build files have been written to: /home/steve/mren203-ws/build/steve_msgs
[13.170s] Invoked command in '/home/steve/mren203-ws/build/steve_msgs' returned '0': CMAKE_PREFIX_PATH=${CMAKE_PREFIX_PATH}:/home/steve/mren203-ws/install/testing:/home/steve/mren203-ws/install/steve_ui:/home/steve/mren203-ws/install/motor_control:/home/steve/mren203-ws/install/joystick_ros2:/opt/ros/humble /usr/bin/cmake /home/steve/mren203-ws/src/steve_msgs -DAMENT_CMAKE_SYMLINK_INSTALL=1 -DCMAKE_INSTALL_PREFIX=/home/steve/mren203-ws/install/steve_msgs
[13.179s] Invoking command in '/home/steve/mren203-ws/build/steve_msgs': CMAKE_PREFIX_PATH=${CMAKE_PREFIX_PATH}:/home/steve/mren203-ws/install/testing:/home/steve/mren203-ws/install/steve_ui:/home/steve/mren203-ws/install/motor_control:/home/steve/mren203-ws/install/joystick_ros2:/opt/ros/humble /usr/bin/cmake --build /home/steve/mren203-ws/build/steve_msgs -- -j4 -l4
[13.455s] [  1%] [34m[1mGenerating C code for ROS interfaces[0m
[13.520s] [  3%] [34m[1mGenerating C++ code for ROS interfaces[0m
[13.632s] [  3%] Built target ament_cmake_python_symlink_steve_msgs
[16.811s] running egg_info
[16.830s] creating steve_msgs.egg-info
[16.831s] writing steve_msgs.egg-info/PKG-INFO
[16.840s] writing dependency_links to steve_msgs.egg-info/dependency_links.txt
[16.848s] writing top-level names to steve_msgs.egg-info/top_level.txt
[16.849s] writing manifest file 'steve_msgs.egg-info/SOURCES.txt'
[16.886s] reading manifest file 'steve_msgs.egg-info/SOURCES.txt'
[16.898s] writing manifest file 'steve_msgs.egg-info/SOURCES.txt'
[17.456s] [  3%] Built target ament_cmake_python_build_steve_msgs_egg
[19.612s] [  3%] Built target steve_msgs__cpp
[19.811s] [  5%] [34m[1mGenerating C++ introspection for ROS interfaces[0m
[19.813s] [  7%] [34m[1mGenerating C++ type support dispatch for ROS interfaces[0m
[19.848s] [  9%] [34m[1mGenerating C++ type support for eProsima Fast-RTPS[0m
[21.981s] [ 10%] [32mBuilding C object CMakeFiles/steve_msgs__rosidl_generator_c.dir/rosidl_generator_c/steve_msgs/msg/detail/control_ui__functions.c.o[0m
[22.566s] [ 12%] [32mBuilding C object CMakeFiles/steve_msgs__rosidl_generator_c.dir/rosidl_generator_c/steve_msgs/msg/detail/sensor_data__functions.c.o[0m
[23.336s] [ 14%] [32mBuilding C object CMakeFiles/steve_msgs__rosidl_generator_c.dir/rosidl_generator_c/steve_msgs/msg/detail/set_points__functions.c.o[0m
[23.923s] [ 16%] [32mBuilding C object CMakeFiles/steve_msgs__rosidl_generator_c.dir/rosidl_generator_c/steve_msgs/msg/detail/motor_data__functions.c.o[0m
[24.579s] [ 18%] [32m[1mLinking C shared library libsteve_msgs__rosidl_generator_c.so[0m
[24.843s] [ 20%] [32mBuilding CXX object CMakeFiles/steve_msgs__rosidl_typesupport_cpp.dir/rosidl_typesupport_cpp/steve_msgs/msg/control_ui__type_support.cpp.o[0m
[24.994s] [ 20%] Built target steve_msgs__rosidl_generator_c
[25.071s] [ 21%] [32mBuilding CXX object CMakeFiles/steve_msgs__rosidl_typesupport_introspection_cpp.dir/rosidl_typesupport_introspection_cpp/steve_msgs/msg/detail/control_ui__type_support.cpp.o[0m
[25.116s] [ 23%] [34m[1mGenerating C type support for eProsima Fast-RTPS[0m
[26.043s] [ 25%] [32mBuilding CXX object CMakeFiles/steve_msgs__rosidl_typesupport_fastrtps_cpp.dir/rosidl_typesupport_fastrtps_cpp/steve_msgs/msg/detail/dds_fastrtps/control_ui__type_support.cpp.o[0m
[27.890s] [ 27%] [32mBuilding CXX object CMakeFiles/steve_msgs__rosidl_typesupport_cpp.dir/rosidl_typesupport_cpp/steve_msgs/msg/sensor_data__type_support.cpp.o[0m
[29.136s] [ 29%] [32mBuilding CXX object CMakeFiles/steve_msgs__rosidl_typesupport_introspection_cpp.dir/rosidl_typesupport_introspection_cpp/steve_msgs/msg/detail/sensor_data__type_support.cpp.o[0m
[29.865s] [ 30%] [32mBuilding CXX object CMakeFiles/steve_msgs__rosidl_typesupport_fastrtps_cpp.dir/rosidl_typesupport_fastrtps_cpp/steve_msgs/msg/detail/dds_fastrtps/sensor_data__type_support.cpp.o[0m
[30.775s] [ 32%] [32mBuilding CXX object CMakeFiles/steve_msgs__rosidl_typesupport_fastrtps_c.dir/rosidl_typesupport_fastrtps_c/steve_msgs/msg/detail/control_ui__type_support_c.cpp.o[0m
[30.858s] [ 34%] [32mBuilding CXX object CMakeFiles/steve_msgs__rosidl_typesupport_cpp.dir/rosidl_typesupport_cpp/steve_msgs/msg/set_points__type_support.cpp.o[0m
[32.765s] [ 36%] [32mBuilding CXX object CMakeFiles/steve_msgs__rosidl_typesupport_introspection_cpp.dir/rosidl_typesupport_introspection_cpp/steve_msgs/msg/detail/set_points__type_support.cpp.o[0m
[33.576s] [ 38%] [32mBuilding CXX object CMakeFiles/steve_msgs__rosidl_typesupport_cpp.dir/rosidl_typesupport_cpp/steve_msgs/msg/motor_data__type_support.cpp.o[0m
[33.614s] [ 40%] [32mBuilding CXX object CMakeFiles/steve_msgs__rosidl_typesupport_fastrtps_cpp.dir/rosidl_typesupport_fastrtps_cpp/steve_msgs/msg/detail/dds_fastrtps/set_points__type_support.cpp.o[0m
[33.998s] [ 41%] [32mBuilding CXX object CMakeFiles/steve_msgs__rosidl_typesupport_fastrtps_c.dir/rosidl_typesupport_fastrtps_c/steve_msgs/msg/detail/sensor_data__type_support_c.cpp.o[0m
[35.867s] [ 43%] [32m[1mLinking CXX shared library libsteve_msgs__rosidl_typesupport_cpp.so[0m
[36.294s] [ 43%] Built target steve_msgs__rosidl_typesupport_cpp
[36.413s] [ 45%] [34m[1mGenerating C introspection for ROS interfaces[0m
[36.480s] [ 47%] [32mBuilding CXX object CMakeFiles/steve_msgs__rosidl_typesupport_introspection_cpp.dir/rosidl_typesupport_introspection_cpp/steve_msgs/msg/detail/motor_data__type_support.cpp.o[0m
[36.787s] [ 49%] [32mBuilding CXX object CMakeFiles/steve_msgs__rosidl_typesupport_fastrtps_c.dir/rosidl_typesupport_fastrtps_c/steve_msgs/msg/detail/set_points__type_support_c.cpp.o[0m
[37.062s] [ 50%] [32mBuilding CXX object CMakeFiles/steve_msgs__rosidl_typesupport_fastrtps_cpp.dir/rosidl_typesupport_fastrtps_cpp/steve_msgs/msg/detail/dds_fastrtps/motor_data__type_support.cpp.o[0m
[39.590s] [ 52%] [32mBuilding CXX object CMakeFiles/steve_msgs__rosidl_typesupport_fastrtps_c.dir/rosidl_typesupport_fastrtps_c/steve_msgs/msg/detail/motor_data__type_support_c.cpp.o[0m
[39.738s] [ 54%] [32m[1mLinking CXX shared library libsteve_msgs__rosidl_typesupport_introspection_cpp.so[0m
[40.036s] [ 56%] [32mBuilding C object CMakeFiles/steve_msgs__rosidl_typesupport_introspection_c.dir/rosidl_typesupport_introspection_c/steve_msgs/msg/detail/control_ui__type_support.c.o[0m
[40.099s] [ 56%] Built target steve_msgs__rosidl_typesupport_introspection_cpp
[40.193s] [ 58%] [34m[1mGenerating C type support dispatch for ROS interfaces[0m
[40.330s] [ 60%] [32m[1mLinking CXX shared library libsteve_msgs__rosidl_typesupport_fastrtps_cpp.so[0m
[40.354s] [ 61%] [32mBuilding C object CMakeFiles/steve_msgs__rosidl_typesupport_introspection_c.dir/rosidl_typesupport_introspection_c/steve_msgs/msg/detail/sensor_data__type_support.c.o[0m
[40.686s] [ 63%] [32mBuilding C object CMakeFiles/steve_msgs__rosidl_typesupport_introspection_c.dir/rosidl_typesupport_introspection_c/steve_msgs/msg/detail/set_points__type_support.c.o[0m
[40.980s] [ 63%] Built target steve_msgs__rosidl_typesupport_fastrtps_cpp
[41.015s] [ 65%] [32mBuilding C object CMakeFiles/steve_msgs__rosidl_typesupport_introspection_c.dir/rosidl_typesupport_introspection_c/steve_msgs/msg/detail/motor_data__type_support.c.o[0m
[41.220s] [ 67%] [32m[1mLinking C shared library libsteve_msgs__rosidl_typesupport_introspection_c.so[0m
[41.393s] [ 67%] Built target steve_msgs__rosidl_typesupport_introspection_c
[41.763s] [ 69%] [32m[1mLinking CXX shared library libsteve_msgs__rosidl_typesupport_fastrtps_c.so[0m
[42.127s] [ 69%] Built target steve_msgs__rosidl_typesupport_fastrtps_c
[42.514s] [ 70%] [32mBuilding CXX object CMakeFiles/steve_msgs__rosidl_typesupport_c.dir/rosidl_typesupport_c/steve_msgs/msg/control_ui__type_support.cpp.o[0m
[42.531s] [ 72%] [32mBuilding CXX object CMakeFiles/steve_msgs__rosidl_typesupport_c.dir/rosidl_typesupport_c/steve_msgs/msg/motor_data__type_support.cpp.o[0m
[42.537s] [ 74%] [32mBuilding CXX object CMakeFiles/steve_msgs__rosidl_typesupport_c.dir/rosidl_typesupport_c/steve_msgs/msg/sensor_data__type_support.cpp.o[0m
[42.540s] [ 76%] [32mBuilding CXX object CMakeFiles/steve_msgs__rosidl_typesupport_c.dir/rosidl_typesupport_c/steve_msgs/msg/set_points__type_support.cpp.o[0m
[42.730s] [ 78%] [32m[1mLinking CXX shared library libsteve_msgs__rosidl_typesupport_c.so[0m
[42.895s] [ 78%] Built target steve_msgs__rosidl_typesupport_c
[42.977s] [ 78%] Built target steve_msgs
[43.060s] [ 80%] [34m[1mGenerating Python code for ROS interfaces[0m
[46.714s] [ 80%] Built target steve_msgs__py
[46.802s] [ 81%] [32mBuilding C object CMakeFiles/steve_msgs__rosidl_generator_py.dir/rosidl_generator_py/steve_msgs/msg/_control_ui_s.c.o[0m
[46.805s] [ 83%] [32mBuilding C object CMakeFiles/steve_msgs__rosidl_generator_py.dir/rosidl_generator_py/steve_msgs/msg/_sensor_data_s.c.o[0m
[46.818s] [ 85%] [32mBuilding C object CMakeFiles/steve_msgs__rosidl_generator_py.dir/rosidl_generator_py/steve_msgs/msg/_set_points_s.c.o[0m
[46.850s] [ 87%] [32mBuilding C object CMakeFiles/steve_msgs__rosidl_generator_py.dir/rosidl_generator_py/steve_msgs/msg/_motor_data_s.c.o[0m
[47.570s] [ 89%] [32m[1mLinking C shared library rosidl_generator_py/steve_msgs/libsteve_msgs__rosidl_generator_py.so[0m
[47.765s] [ 89%] Built target steve_msgs__rosidl_generator_py
[47.862s] [ 90%] [32mBuilding C object CMakeFiles/steve_msgs__rosidl_typesupport_fastrtps_c__pyext.dir/rosidl_generator_py/steve_msgs/_steve_msgs_s.ep.rosidl_typesupport_fastrtps_c.c.o[0m
[47.865s] [ 92%] [32mBuilding C object CMakeFiles/steve_msgs__rosidl_typesupport_c__pyext.dir/rosidl_generator_py/steve_msgs/_steve_msgs_s.ep.rosidl_typesupport_c.c.o[0m
[47.868s] [ 94%] [32mBuilding C object CMakeFiles/steve_msgs__rosidl_typesupport_introspection_c__pyext.dir/rosidl_generator_py/steve_msgs/_steve_msgs_s.ep.rosidl_typesupport_introspection_c.c.o[0m
[48.425s] [ 96%] [32m[1mLinking C shared library rosidl_generator_py/steve_msgs/steve_msgs_s__rosidl_typesupport_c.cpython-310-aarch64-linux-gnu.so[0m
[48.429s] [ 98%] [32m[1mLinking C shared library rosidl_generator_py/steve_msgs/steve_msgs_s__rosidl_typesupport_introspection_c.cpython-310-aarch64-linux-gnu.so[0m
[48.479s] [100%] [32m[1mLinking C shared library rosidl_generator_py/steve_msgs/steve_msgs_s__rosidl_typesupport_fastrtps_c.cpython-310-aarch64-linux-gnu.so[0m
[48.630s] [100%] Built target steve_msgs__rosidl_typesupport_c__pyext
[48.656s] [100%] Built target steve_msgs__rosidl_typesupport_introspection_c__pyext
[48.684s] [100%] Built target steve_msgs__rosidl_typesupport_fastrtps_c__pyext
[48.730s] Invoked command in '/home/steve/mren203-ws/build/steve_msgs' returned '0': CMAKE_PREFIX_PATH=${CMAKE_PREFIX_PATH}:/home/steve/mren203-ws/install/testing:/home/steve/mren203-ws/install/steve_ui:/home/steve/mren203-ws/install/motor_control:/home/steve/mren203-ws/install/joystick_ros2:/opt/ros/humble /usr/bin/cmake --build /home/steve/mren203-ws/build/steve_msgs -- -j4 -l4
[49.454s] Invoking command in '/home/steve/mren203-ws/build/steve_msgs': CMAKE_PREFIX_PATH=${CMAKE_PREFIX_PATH}:/home/steve/mren203-ws/install/testing:/home/steve/mren203-ws/install/steve_ui:/home/steve/mren203-ws/install/motor_control:/home/steve/mren203-ws/install/joystick_ros2:/opt/ros/humble /usr/bin/cmake --install /home/steve/mren203-ws/build/steve_msgs
[49.482s] -- Install configuration: ""
[49.484s] -- Execute custom install script
[49.486s] -- Symlinking: /home/steve/mren203-ws/install/steve_msgs/share/ament_index/resource_index/rosidl_interfaces/steve_msgs
[49.523s] -- Symlinking: /home/steve/mren203-ws/install/steve_msgs/include/steve_msgs/steve_msgs/msg/control_ui.h
[49.557s] -- Symlinking: /home/steve/mren203-ws/install/steve_msgs/include/steve_msgs/steve_msgs/msg/detail/control_ui__functions.h
[49.589s] -- Symlinking: /home/steve/mren203-ws/install/steve_msgs/include/steve_msgs/steve_msgs/msg/detail/control_ui__struct.h
[49.622s] -- Symlinking: /home/steve/mren203-ws/install/steve_msgs/include/steve_msgs/steve_msgs/msg/detail/control_ui__type_support.h
[49.654s] -- Symlinking: /home/steve/mren203-ws/install/steve_msgs/include/steve_msgs/steve_msgs/msg/detail/motor_data__functions.h
[49.687s] -- Symlinking: /home/steve/mren203-ws/install/steve_msgs/include/steve_msgs/steve_msgs/msg/detail/motor_data__struct.h
[49.720s] -- Symlinking: /home/steve/mren203-ws/install/steve_msgs/include/steve_msgs/steve_msgs/msg/detail/motor_data__type_support.h
[49.753s] -- Symlinking: /home/steve/mren203-ws/install/steve_msgs/include/steve_msgs/steve_msgs/msg/detail/sensor_data__functions.h
[49.786s] -- Symlinking: /home/steve/mren203-ws/install/steve_msgs/include/steve_msgs/steve_msgs/msg/detail/sensor_data__struct.h
[49.819s] -- Symlinking: /home/steve/mren203-ws/install/steve_msgs/include/steve_msgs/steve_msgs/msg/detail/sensor_data__type_support.h
[49.851s] -- Symlinking: /home/steve/mren203-ws/install/steve_msgs/include/steve_msgs/steve_msgs/msg/detail/set_points__functions.h
[49.885s] -- Symlinking: /home/steve/mren203-ws/install/steve_msgs/include/steve_msgs/steve_msgs/msg/detail/set_points__struct.h
[49.917s] -- Symlinking: /home/steve/mren203-ws/install/steve_msgs/include/steve_msgs/steve_msgs/msg/detail/set_points__type_support.h
[49.950s] -- Symlinking: /home/steve/mren203-ws/install/steve_msgs/include/steve_msgs/steve_msgs/msg/motor_data.h
[49.983s] -- Symlinking: /home/steve/mren203-ws/install/steve_msgs/include/steve_msgs/steve_msgs/msg/rosidl_generator_c__visibility_control.h
[50.015s] -- Symlinking: /home/steve/mren203-ws/install/steve_msgs/include/steve_msgs/steve_msgs/msg/sensor_data.h
[50.048s] -- Symlinking: /home/steve/mren203-ws/install/steve_msgs/include/steve_msgs/steve_msgs/msg/set_points.h
[50.081s] -- Symlinking: /home/steve/mren203-ws/install/steve_msgs/share/steve_msgs/environment/library_path.sh
[50.114s] -- Symlinking: /home/steve/mren203-ws/install/steve_msgs/share/steve_msgs/environment/library_path.dsv
[50.150s] -- Symlinking: /home/steve/mren203-ws/install/steve_msgs/include/steve_msgs/steve_msgs/msg/detail/control_ui__rosidl_typesupport_fastrtps_c.h
[50.182s] -- Symlinking: /home/steve/mren203-ws/install/steve_msgs/include/steve_msgs/steve_msgs/msg/detail/motor_data__rosidl_typesupport_fastrtps_c.h
[50.215s] -- Symlinking: /home/steve/mren203-ws/install/steve_msgs/include/steve_msgs/steve_msgs/msg/detail/sensor_data__rosidl_typesupport_fastrtps_c.h
[50.247s] -- Symlinking: /home/steve/mren203-ws/install/steve_msgs/include/steve_msgs/steve_msgs/msg/detail/set_points__rosidl_typesupport_fastrtps_c.h
[50.280s] -- Symlinking: /home/steve/mren203-ws/install/steve_msgs/include/steve_msgs/steve_msgs/msg/rosidl_typesupport_fastrtps_c__visibility_control.h
[50.315s] -- Symlinking: /home/steve/mren203-ws/install/steve_msgs/include/steve_msgs/steve_msgs/msg/detail/control_ui__rosidl_typesupport_introspection_c.h
[50.347s] -- Symlinking: /home/steve/mren203-ws/install/steve_msgs/include/steve_msgs/steve_msgs/msg/detail/motor_data__rosidl_typesupport_introspection_c.h
[50.380s] -- Symlinking: /home/steve/mren203-ws/install/steve_msgs/include/steve_msgs/steve_msgs/msg/detail/sensor_data__rosidl_typesupport_introspection_c.h
[50.413s] -- Symlinking: /home/steve/mren203-ws/install/steve_msgs/include/steve_msgs/steve_msgs/msg/detail/set_points__rosidl_typesupport_introspection_c.h
[50.446s] -- Symlinking: /home/steve/mren203-ws/install/steve_msgs/include/steve_msgs/steve_msgs/msg/rosidl_typesupport_introspection_c__visibility_control.h
[50.481s] -- Symlinking: /home/steve/mren203-ws/install/steve_msgs/include/steve_msgs/steve_msgs/msg/control_ui.hpp
[50.514s] -- Symlinking: /home/steve/mren203-ws/install/steve_msgs/include/steve_msgs/steve_msgs/msg/detail/control_ui__builder.hpp
[50.546s] -- Symlinking: /home/steve/mren203-ws/install/steve_msgs/include/steve_msgs/steve_msgs/msg/detail/control_ui__struct.hpp
[50.578s] -- Symlinking: /home/steve/mren203-ws/install/steve_msgs/include/steve_msgs/steve_msgs/msg/detail/control_ui__traits.hpp
[50.611s] -- Symlinking: /home/steve/mren203-ws/install/steve_msgs/include/steve_msgs/steve_msgs/msg/detail/motor_data__builder.hpp
[50.643s] -- Symlinking: /home/steve/mren203-ws/install/steve_msgs/include/steve_msgs/steve_msgs/msg/detail/motor_data__struct.hpp
[50.675s] -- Symlinking: /home/steve/mren203-ws/install/steve_msgs/include/steve_msgs/steve_msgs/msg/detail/motor_data__traits.hpp
[50.708s] -- Symlinking: /home/steve/mren203-ws/install/steve_msgs/include/steve_msgs/steve_msgs/msg/detail/sensor_data__builder.hpp
[50.740s] -- Symlinking: /home/steve/mren203-ws/install/steve_msgs/include/steve_msgs/steve_msgs/msg/detail/sensor_data__struct.hpp
[50.773s] -- Symlinking: /home/steve/mren203-ws/install/steve_msgs/include/steve_msgs/steve_msgs/msg/detail/sensor_data__traits.hpp
[50.805s] -- Symlinking: /home/steve/mren203-ws/install/steve_msgs/include/steve_msgs/steve_msgs/msg/detail/set_points__builder.hpp
[50.837s] -- Symlinking: /home/steve/mren203-ws/install/steve_msgs/include/steve_msgs/steve_msgs/msg/detail/set_points__struct.hpp
[50.869s] -- Symlinking: /home/steve/mren203-ws/install/steve_msgs/include/steve_msgs/steve_msgs/msg/detail/set_points__traits.hpp
[50.902s] -- Symlinking: /home/steve/mren203-ws/install/steve_msgs/include/steve_msgs/steve_msgs/msg/motor_data.hpp
[50.934s] -- Symlinking: /home/steve/mren203-ws/install/steve_msgs/include/steve_msgs/steve_msgs/msg/sensor_data.hpp
[50.965s] -- Symlinking: /home/steve/mren203-ws/install/steve_msgs/include/steve_msgs/steve_msgs/msg/set_points.hpp
[51.003s] -- Symlinking: /home/steve/mren203-ws/install/steve_msgs/include/steve_msgs/steve_msgs/msg/detail/control_ui__rosidl_typesupport_fastrtps_cpp.hpp
[51.035s] -- Symlinking: /home/steve/mren203-ws/install/steve_msgs/include/steve_msgs/steve_msgs/msg/detail/motor_data__rosidl_typesupport_fastrtps_cpp.hpp
[51.067s] -- Symlinking: /home/steve/mren203-ws/install/steve_msgs/include/steve_msgs/steve_msgs/msg/detail/sensor_data__rosidl_typesupport_fastrtps_cpp.hpp
[51.100s] -- Symlinking: /home/steve/mren203-ws/install/steve_msgs/include/steve_msgs/steve_msgs/msg/detail/set_points__rosidl_typesupport_fastrtps_cpp.hpp
[51.134s] -- Symlinking: /home/steve/mren203-ws/install/steve_msgs/include/steve_msgs/steve_msgs/msg/rosidl_typesupport_fastrtps_cpp__visibility_control.h
[51.168s] -- Symlinking: /home/steve/mren203-ws/install/steve_msgs/include/steve_msgs/steve_msgs/msg/detail/control_ui__rosidl_typesupport_introspection_cpp.hpp
[51.201s] -- Symlinking: /home/steve/mren203-ws/install/steve_msgs/include/steve_msgs/steve_msgs/msg/detail/motor_data__rosidl_typesupport_introspection_cpp.hpp
[51.233s] -- Symlinking: /home/steve/mren203-ws/install/steve_msgs/include/steve_msgs/steve_msgs/msg/detail/sensor_data__rosidl_typesupport_introspection_cpp.hpp
[51.267s] -- Symlinking: /home/steve/mren203-ws/install/steve_msgs/include/steve_msgs/steve_msgs/msg/detail/set_points__rosidl_typesupport_introspection_cpp.hpp
[51.299s] -- Symlinking: /home/steve/mren203-ws/install/steve_msgs/share/steve_msgs/environment/pythonpath.sh
[51.332s] -- Symlinking: /home/steve/mren203-ws/install/steve_msgs/share/steve_msgs/environment/pythonpath.dsv
[51.367s] -- Symlinking: /home/steve/mren203-ws/install/steve_msgs/local/lib/python3.10/dist-packages/steve_msgs-0.0.0-py3.10.egg-info/PKG-INFO
[51.400s] -- Symlinking: /home/steve/mren203-ws/install/steve_msgs/local/lib/python3.10/dist-packages/steve_msgs-0.0.0-py3.10.egg-info/SOURCES.txt
[51.432s] -- Symlinking: /home/steve/mren203-ws/install/steve_msgs/local/lib/python3.10/dist-packages/steve_msgs-0.0.0-py3.10.egg-info/dependency_links.txt
[51.464s] -- Symlinking: /home/steve/mren203-ws/install/steve_msgs/local/lib/python3.10/dist-packages/steve_msgs-0.0.0-py3.10.egg-info/top_level.txt
[51.502s] -- Symlinking: /home/steve/mren203-ws/install/steve_msgs/local/lib/python3.10/dist-packages/steve_msgs/__init__.py
[51.534s] -- Symlinking: /home/steve/mren203-ws/install/steve_msgs/local/lib/python3.10/dist-packages/steve_msgs/_steve_msgs_s.ep.rosidl_typesupport_c.c
[51.568s] -- Symlinking: /home/steve/mren203-ws/install/steve_msgs/local/lib/python3.10/dist-packages/steve_msgs/_steve_msgs_s.ep.rosidl_typesupport_fastrtps_c.c
[51.601s] -- Symlinking: /home/steve/mren203-ws/install/steve_msgs/local/lib/python3.10/dist-packages/steve_msgs/_steve_msgs_s.ep.rosidl_typesupport_introspection_c.c
[51.634s] -- Symlinking: /home/steve/mren203-ws/install/steve_msgs/local/lib/python3.10/dist-packages/steve_msgs/libsteve_msgs__rosidl_generator_py.so
[51.667s] -- Symlinking: /home/steve/mren203-ws/install/steve_msgs/local/lib/python3.10/dist-packages/steve_msgs/msg/__init__.py
[51.701s] -- Symlinking: /home/steve/mren203-ws/install/steve_msgs/local/lib/python3.10/dist-packages/steve_msgs/msg/_control_ui.py
[51.733s] -- Symlinking: /home/steve/mren203-ws/install/steve_msgs/local/lib/python3.10/dist-packages/steve_msgs/msg/_control_ui_s.c
[51.766s] -- Symlinking: /home/steve/mren203-ws/install/steve_msgs/local/lib/python3.10/dist-packages/steve_msgs/msg/_motor_data.py
[51.799s] -- Symlinking: /home/steve/mren203-ws/install/steve_msgs/local/lib/python3.10/dist-packages/steve_msgs/msg/_motor_data_s.c
[51.831s] -- Symlinking: /home/steve/mren203-ws/install/steve_msgs/local/lib/python3.10/dist-packages/steve_msgs/msg/_sensor_data.py
[51.865s] -- Symlinking: /home/steve/mren203-ws/install/steve_msgs/local/lib/python3.10/dist-packages/steve_msgs/msg/_sensor_data_s.c
[51.897s] -- Symlinking: /home/steve/mren203-ws/install/steve_msgs/local/lib/python3.10/dist-packages/steve_msgs/msg/_set_points.py
[51.930s] -- Symlinking: /home/steve/mren203-ws/install/steve_msgs/local/lib/python3.10/dist-packages/steve_msgs/msg/_set_points_s.c
[51.962s] -- Symlinking: /home/steve/mren203-ws/install/steve_msgs/local/lib/python3.10/dist-packages/steve_msgs/steve_msgs_s__rosidl_typesupport_c.cpython-310-aarch64-linux-gnu.so
[51.996s] -- Symlinking: /home/steve/mren203-ws/install/steve_msgs/local/lib/python3.10/dist-packages/steve_msgs/steve_msgs_s__rosidl_typesupport_fastrtps_c.cpython-310-aarch64-linux-gnu.so
[52.028s] -- Symlinking: /home/steve/mren203-ws/install/steve_msgs/local/lib/python3.10/dist-packages/steve_msgs/steve_msgs_s__rosidl_typesupport_introspection_c.cpython-310-aarch64-linux-gnu.so
[52.063s] -- Up-to-date symlink: /home/steve/mren203-ws/install/steve_msgs/local/lib/python3.10/dist-packages/steve_msgs/steve_msgs_s__rosidl_typesupport_fastrtps_c.cpython-310-aarch64-linux-gnu.so
[52.065s] -- Up-to-date symlink: /home/steve/mren203-ws/install/steve_msgs/local/lib/python3.10/dist-packages/steve_msgs/steve_msgs_s__rosidl_typesupport_introspection_c.cpython-310-aarch64-linux-gnu.so
[52.066s] -- Up-to-date symlink: /home/steve/mren203-ws/install/steve_msgs/local/lib/python3.10/dist-packages/steve_msgs/steve_msgs_s__rosidl_typesupport_c.cpython-310-aarch64-linux-gnu.so
[52.068s] -- Symlinking: /home/steve/mren203-ws/install/steve_msgs/share/steve_msgs/msg/ControlUI.idl
[52.101s] -- Symlinking: /home/steve/mren203-ws/install/steve_msgs/share/steve_msgs/msg/SensorData.idl
[52.134s] -- Symlinking: /home/steve/mren203-ws/install/steve_msgs/share/steve_msgs/msg/SetPoints.idl
[52.167s] -- Symlinking: /home/steve/mren203-ws/install/steve_msgs/share/steve_msgs/msg/MotorData.idl
[52.199s] -- Symlinking: /home/steve/mren203-ws/install/steve_msgs/share/steve_msgs/msg/ControlUI.msg
[52.232s] -- Symlinking: /home/steve/mren203-ws/install/steve_msgs/share/steve_msgs/msg/SensorData.msg
[52.265s] -- Symlinking: /home/steve/mren203-ws/install/steve_msgs/share/steve_msgs/msg/SetPoints.msg
[52.298s] -- Symlinking: /home/steve/mren203-ws/install/steve_msgs/share/steve_msgs/msg/MotorData.msg
[52.331s] -- Symlinking: /home/steve/mren203-ws/install/steve_msgs/share/ament_index/resource_index/package_run_dependencies/steve_msgs
[52.365s] -- Symlinking: /home/steve/mren203-ws/install/steve_msgs/share/ament_index/resource_index/parent_prefix_path/steve_msgs
[52.397s] -- Symlinking: /home/steve/mren203-ws/install/steve_msgs/share/steve_msgs/environment/ament_prefix_path.sh
[52.431s] -- Symlinking: /home/steve/mren203-ws/install/steve_msgs/share/steve_msgs/environment/ament_prefix_path.dsv
[52.466s] -- Symlinking: /home/steve/mren203-ws/install/steve_msgs/share/steve_msgs/environment/path.sh
[52.503s] -- Symlinking: /home/steve/mren203-ws/install/steve_msgs/share/steve_msgs/environment/path.dsv
[52.542s] -- Symlinking: /home/steve/mren203-ws/install/steve_msgs/share/steve_msgs/local_setup.bash
[52.575s] -- Symlinking: /home/steve/mren203-ws/install/steve_msgs/share/steve_msgs/local_setup.sh
[52.606s] -- Symlinking: /home/steve/mren203-ws/install/steve_msgs/share/steve_msgs/local_setup.zsh
[52.637s] -- Symlinking: /home/steve/mren203-ws/install/steve_msgs/share/steve_msgs/local_setup.dsv
[52.667s] -- Symlinking: /home/steve/mren203-ws/install/steve_msgs/share/steve_msgs/package.dsv
[52.698s] -- Symlinking: /home/steve/mren203-ws/install/steve_msgs/share/ament_index/resource_index/packages/steve_msgs
[52.740s] -- Symlinking: /home/steve/mren203-ws/install/steve_msgs/share/steve_msgs/cmake/rosidl_cmake-extras.cmake
[52.771s] -- Symlinking: /home/steve/mren203-ws/install/steve_msgs/share/steve_msgs/cmake/ament_cmake_export_include_directories-extras.cmake
[52.802s] -- Symlinking: /home/steve/mren203-ws/install/steve_msgs/share/steve_msgs/cmake/ament_cmake_export_libraries-extras.cmake
[52.834s] -- Symlinking: /home/steve/mren203-ws/install/steve_msgs/share/steve_msgs/cmake/ament_cmake_export_targets-extras.cmake
[52.864s] -- Symlinking: /home/steve/mren203-ws/install/steve_msgs/share/steve_msgs/cmake/rosidl_cmake_export_typesupport_targets-extras.cmake
[52.896s] -- Symlinking: /home/steve/mren203-ws/install/steve_msgs/share/steve_msgs/cmake/ament_cmake_export_dependencies-extras.cmake
[52.927s] -- Symlinking: /home/steve/mren203-ws/install/steve_msgs/share/steve_msgs/cmake/rosidl_cmake_export_typesupport_libraries-extras.cmake
[52.957s] -- Symlinking: /home/steve/mren203-ws/install/steve_msgs/share/steve_msgs/cmake/steve_msgsConfig.cmake
[52.988s] -- Symlinking: /home/steve/mren203-ws/install/steve_msgs/share/steve_msgs/cmake/steve_msgsConfig-version.cmake
[53.019s] -- Symlinking: /home/steve/mren203-ws/install/steve_msgs/share/steve_msgs/package.xml
[53.050s] -- Installing: /home/steve/mren203-ws/install/steve_msgs/lib/libsteve_msgs__rosidl_generator_c.so
[53.052s] -- Set runtime path of "/home/steve/mren203-ws/install/steve_msgs/lib/libsteve_msgs__rosidl_generator_c.so" to ""
[53.053s] -- Installing: /home/steve/mren203-ws/install/steve_msgs/lib/libsteve_msgs__rosidl_typesupport_fastrtps_c.so
[53.056s] -- Set runtime path of "/home/steve/mren203-ws/install/steve_msgs/lib/libsteve_msgs__rosidl_typesupport_fastrtps_c.so" to ""
[53.056s] -- Installing: /home/steve/mren203-ws/install/steve_msgs/lib/libsteve_msgs__rosidl_typesupport_introspection_c.so
[53.059s] -- Set runtime path of "/home/steve/mren203-ws/install/steve_msgs/lib/libsteve_msgs__rosidl_typesupport_introspection_c.so" to ""
[53.059s] -- Installing: /home/steve/mren203-ws/install/steve_msgs/lib/libsteve_msgs__rosidl_typesupport_c.so
[53.062s] -- Set runtime path of "/home/steve/mren203-ws/install/steve_msgs/lib/libsteve_msgs__rosidl_typesupport_c.so" to ""
[53.062s] -- Installing: /home/steve/mren203-ws/install/steve_msgs/lib/libsteve_msgs__rosidl_typesupport_fastrtps_cpp.so
[53.065s] -- Set runtime path of "/home/steve/mren203-ws/install/steve_msgs/lib/libsteve_msgs__rosidl_typesupport_fastrtps_cpp.so" to ""
[53.065s] -- Installing: /home/steve/mren203-ws/install/steve_msgs/lib/libsteve_msgs__rosidl_typesupport_introspection_cpp.so
[53.068s] -- Set runtime path of "/home/steve/mren203-ws/install/steve_msgs/lib/libsteve_msgs__rosidl_typesupport_introspection_cpp.so" to ""
[53.069s] -- Installing: /home/steve/mren203-ws/install/steve_msgs/lib/libsteve_msgs__rosidl_typesupport_cpp.so
[53.071s] -- Set runtime path of "/home/steve/mren203-ws/install/steve_msgs/lib/libsteve_msgs__rosidl_typesupport_cpp.so" to ""
[53.257s] Listing '/home/steve/mren203-ws/install/steve_msgs/local/lib/python3.10/dist-packages/steve_msgs'...
[53.258s] Compiling '/home/steve/mren203-ws/install/steve_msgs/local/lib/python3.10/dist-packages/steve_msgs/__init__.py'...
[53.259s] Listing '/home/steve/mren203-ws/install/steve_msgs/local/lib/python3.10/dist-packages/steve_msgs/msg'...
[53.260s] Compiling '/home/steve/mren203-ws/install/steve_msgs/local/lib/python3.10/dist-packages/steve_msgs/msg/__init__.py'...
[53.261s] Compiling '/home/steve/mren203-ws/install/steve_msgs/local/lib/python3.10/dist-packages/steve_msgs/msg/_control_ui.py'...
[53.262s] Compiling '/home/steve/mren203-ws/install/steve_msgs/local/lib/python3.10/dist-packages/steve_msgs/msg/_motor_data.py'...
[53.263s] Compiling '/home/steve/mren203-ws/install/steve_msgs/local/lib/python3.10/dist-packages/steve_msgs/msg/_sensor_data.py'...
[53.264s] Compiling '/home/steve/mren203-ws/install/steve_msgs/local/lib/python3.10/dist-packages/steve_msgs/msg/_set_points.py'...
[53.294s] -- Installing: /home/steve/mren203-ws/install/steve_msgs/lib/libsteve_msgs__rosidl_generator_py.so
[53.295s] -- Set runtime path of "/home/steve/mren203-ws/install/steve_msgs/lib/libsteve_msgs__rosidl_generator_py.so" to ""
[53.295s] -- Installing: /home/steve/mren203-ws/install/steve_msgs/share/steve_msgs/cmake/export_steve_msgs__rosidl_generator_cExport.cmake
[53.296s] -- Installing: /home/steve/mren203-ws/install/steve_msgs/share/steve_msgs/cmake/export_steve_msgs__rosidl_generator_cExport-noconfig.cmake
[53.296s] -- Installing: /home/steve/mren203-ws/install/steve_msgs/share/steve_msgs/cmake/export_steve_msgs__rosidl_typesupport_fastrtps_cExport.cmake
[53.296s] -- Installing: /home/steve/mren203-ws/install/steve_msgs/share/steve_msgs/cmake/export_steve_msgs__rosidl_typesupport_fastrtps_cExport-noconfig.cmake
[53.297s] -- Installing: /home/steve/mren203-ws/install/steve_msgs/share/steve_msgs/cmake/steve_msgs__rosidl_typesupport_introspection_cExport.cmake
[53.297s] -- Installing: /home/steve/mren203-ws/install/steve_msgs/share/steve_msgs/cmake/steve_msgs__rosidl_typesupport_introspection_cExport-noconfig.cmake
[53.298s] -- Installing: /home/steve/mren203-ws/install/steve_msgs/share/steve_msgs/cmake/steve_msgs__rosidl_typesupport_cExport.cmake
[53.298s] -- Installing: /home/steve/mren203-ws/install/steve_msgs/share/steve_msgs/cmake/steve_msgs__rosidl_typesupport_cExport-noconfig.cmake
[53.299s] -- Installing: /home/steve/mren203-ws/install/steve_msgs/share/steve_msgs/cmake/export_steve_msgs__rosidl_generator_cppExport.cmake
[53.299s] -- Installing: /home/steve/mren203-ws/install/steve_msgs/share/steve_msgs/cmake/export_steve_msgs__rosidl_typesupport_fastrtps_cppExport.cmake
[53.300s] -- Installing: /home/steve/mren203-ws/install/steve_msgs/share/steve_msgs/cmake/export_steve_msgs__rosidl_typesupport_fastrtps_cppExport-noconfig.cmake
[53.302s] -- Installing: /home/steve/mren203-ws/install/steve_msgs/share/steve_msgs/cmake/steve_msgs__rosidl_typesupport_introspection_cppExport.cmake
[53.303s] -- Installing: /home/steve/mren203-ws/install/steve_msgs/share/steve_msgs/cmake/steve_msgs__rosidl_typesupport_introspection_cppExport-noconfig.cmake
[53.305s] -- Installing: /home/steve/mren203-ws/install/steve_msgs/share/steve_msgs/cmake/steve_msgs__rosidl_typesupport_cppExport.cmake
[53.306s] -- Installing: /home/steve/mren203-ws/install/steve_msgs/share/steve_msgs/cmake/steve_msgs__rosidl_typesupport_cppExport-noconfig.cmake
[53.308s] -- Installing: /home/steve/mren203-ws/install/steve_msgs/share/steve_msgs/cmake/export_steve_msgs__rosidl_generator_pyExport.cmake
[53.309s] -- Installing: /home/steve/mren203-ws/install/steve_msgs/share/steve_msgs/cmake/export_steve_msgs__rosidl_generator_pyExport-noconfig.cmake
[53.317s] Invoked command in '/home/steve/mren203-ws/build/steve_msgs' returned '0': CMAKE_PREFIX_PATH=${CMAKE_PREFIX_PATH}:/home/steve/mren203-ws/install/testing:/home/steve/mren203-ws/install/steve_ui:/home/steve/mren203-ws/install/motor_control:/home/steve/mren203-ws/install/joystick_ros2:/opt/ros/humble /usr/bin/cmake --install /home/steve/mren203-ws/build/steve_msgs
