running develop
running egg_info
creating joystick_ros2.egg-info
writing joystick_ros2.egg-info/PKG-INFO
writing dependency_links to joystick_ros2.egg-info/dependency_links.txt
writing entry points to joystick_ros2.egg-info/entry_points.txt
writing requirements to joystick_ros2.egg-info/requires.txt
writing top-level names to joystick_ros2.egg-info/top_level.txt
writing manifest file 'joystick_ros2.egg-info/SOURCES.txt'
reading manifest file 'joystick_ros2.egg-info/SOURCES.txt'
writing manifest file 'joystick_ros2.egg-info/SOURCES.txt'
running build_ext
Creating /home/dj/MREN203/mren203-ws/install/joystick_ros2/lib/python3.10/site-packages/joystick-ros2.egg-link (link to .)
Installing joystick_ros2 script to /home/dj/MREN203/mren203-ws/install/joystick_ros2/lib/joystick_ros2

Installed /home/dj/MREN203/mren203-ws/build/joystick_ros2
running install_data
creating /home/dj/MREN203/mren203-ws/install/joystick_ros2/share/ament_index
creating /home/dj/MREN203/mren203-ws/install/joystick_ros2/share/ament_index/resource_index
creating /home/dj/MREN203/mren203-ws/install/joystick_ros2/share/ament_index/resource_index/packages
copying resource/joystick_ros2 -> /home/dj/MREN203/mren203-ws/install/joystick_ros2/share/ament_index/resource_index/packages
creating /home/dj/MREN203/mren203-ws/install/joystick_ros2/shared
creating /home/dj/MREN203/mren203-ws/install/joystick_ros2/shared/joystick_ros2
copying package.xml -> /home/dj/MREN203/mren203-ws/install/joystick_ros2/shared/joystick_ros2
