[4.928s] Invoking command in '/home/steve/mren203-ws/build/motor_control': PYTHONPATH=/home/steve/mren203-ws/build/motor_control/prefix_override:/home/steve/mren203-ws/install/motor_control/lib/python3.10/site-packages:${PYTHONPATH} /usr/bin/python3 setup.py develop --editable --build-directory /home/steve/mren203-ws/build/motor_control/build --no-deps install_data
[6.205s] running develop
[6.207s] /usr/lib/python3/dist-packages/setuptools/command/easy_install.py:158: EasyInstallDeprecationWarning: easy_install command is deprecated. Use build and pip and other standards-based tools.
[6.207s]   warnings.warn(
[6.212s] /usr/lib/python3/dist-packages/setuptools/command/install.py:34: SetuptoolsDeprecationWarning: setup.py install is deprecated. Use build and pip and other standards-based tools.
[6.213s]   warnings.warn(
[7.059s] running egg_info
[7.059s] writing motor_control.egg-info/PKG-INFO
[7.061s] writing dependency_links to motor_control.egg-info/dependency_links.txt
[7.062s] writing entry points to motor_control.egg-info/entry_points.txt
[7.063s] writing requirements to motor_control.egg-info/requires.txt
[7.063s] writing top-level names to motor_control.egg-info/top_level.txt
[7.071s] reading manifest file 'motor_control.egg-info/SOURCES.txt'
[7.075s] writing manifest file 'motor_control.egg-info/SOURCES.txt'
[7.081s] running build_ext
[7.082s] Creating /home/steve/mren203-ws/install/motor_control/lib/python3.10/site-packages/motor-control.egg-link (link to .)
[7.089s] Installing motor_driver script to /home/steve/mren203-ws/install/motor_control/lib/motor_control
[7.092s] 
[7.093s] Installed /home/steve/mren203-ws/build/motor_control
[7.095s] running install_data
[7.621s] Invoked command in '/home/steve/mren203-ws/build/motor_control' returned '0': PYTHONPATH=/home/steve/mren203-ws/build/motor_control/prefix_override:/home/steve/mren203-ws/install/motor_control/lib/python3.10/site-packages:${PYTHONPATH} /usr/bin/python3 setup.py develop --editable --build-directory /home/steve/mren203-ws/build/motor_control/build --no-deps install_data
