[4.895s] Invoking command in '/home/steve/mren203-ws/build/steve_ui': PYTHONPATH=/home/steve/mren203-ws/build/steve_ui/prefix_override:/home/steve/mren203-ws/install/steve_ui/lib/python3.10/site-packages:${PYTHONPATH} /usr/bin/python3 setup.py develop --editable --build-directory /home/steve/mren203-ws/build/steve_ui/build --no-deps install_data
[6.457s] running develop
[6.458s] /usr/lib/python3/dist-packages/setuptools/command/easy_install.py:158: EasyInstallDeprecationWarning: easy_install command is deprecated. Use build and pip and other standards-based tools.
[6.459s]   warnings.warn(
[6.463s] /usr/lib/python3/dist-packages/setuptools/command/install.py:34: SetuptoolsDeprecationWarning: setup.py install is deprecated. Use build and pip and other standards-based tools.
[6.464s]   warnings.warn(
[7.206s] running egg_info
[7.207s] writing steve_ui.egg-info/PKG-INFO
[7.208s] writing dependency_links to steve_ui.egg-info/dependency_links.txt
[7.209s] writing entry points to steve_ui.egg-info/entry_points.txt
[7.210s] writing requirements to steve_ui.egg-info/requires.txt
[7.210s] writing top-level names to steve_ui.egg-info/top_level.txt
[7.218s] reading manifest file 'steve_ui.egg-info/SOURCES.txt'
[7.221s] writing manifest file 'steve_ui.egg-info/SOURCES.txt'
[7.227s] running build_ext
[7.227s] Creating /home/steve/mren203-ws/install/steve_ui/lib/python3.10/site-packages/steve-ui.egg-link (link to .)
[7.231s] Installing fsm_node script to /home/steve/mren203-ws/install/steve_ui/lib/steve_ui
[7.233s] 
[7.233s] Installed /home/steve/mren203-ws/build/steve_ui
[7.234s] running install_data
[7.365s] Invoked command in '/home/steve/mren203-ws/build/steve_ui' returned '0': PYTHONPATH=/home/steve/mren203-ws/build/steve_ui/prefix_override:/home/steve/mren203-ws/install/steve_ui/lib/python3.10/site-packages:${PYTHONPATH} /usr/bin/python3 setup.py develop --editable --build-directory /home/steve/mren203-ws/build/steve_ui/build --no-deps install_data
