[4.255s] DEBUG:colcon:Command line arguments: ['/usr/bin/colcon', 'build', '--symlink-install']
[4.255s] DEBUG:colcon:Parsed command line arguments: Namespace(log_base=None, log_level=None, verb_name='build', build_base='build', install_base='install', merge_install=False, symlink_install=True, test_result_base=None, continue_on_error=False, executor='parallel', parallel_workers=4, event_handlers=None, ignore_user_meta=False, metas=['./colcon.meta'], base_paths=['.'], packages_ignore=None, packages_ignore_regex=None, paths=None, packages_up_to=None, packages_up_to_regex=None, packages_above=None, packages_above_and_dependencies=None, packages_above_depth=None, packages_select_by_dep=None, packages_skip_by_dep=None, packages_skip_up_to=None, packages_select_build_failed=False, packages_skip_build_finished=False, packages_select_test_failures=False, packages_skip_test_passed=False, packages_select=None, packages_skip=None, packages_select_regex=None, packages_skip_regex=None, packages_start=None, packages_end=None, allow_overriding=[], cmake_args=None, cmake_target=None, cmake_target_skip_unavailable=False, cmake_clean_cache=False, cmake_clean_first=False, cmake_force_configure=False, ament_cmake_args=None, catkin_cmake_args=None, catkin_skip_building_tests=False, verb_parser=<colcon_defaults.argument_parser.defaults.DefaultArgumentsDecorator object at 0xffff8d7c94b0>, verb_extension=<colcon_core.verb.build.BuildVerb object at 0xffff8dc73e50>, main=<bound method BuildVerb.main of <colcon_core.verb.build.BuildVerb object at 0xffff8dc73e50>>)
[4.456s] Level 1:colcon.colcon_core.package_discovery:discover_packages(colcon_meta) check parameters
[4.457s] Level 1:colcon.colcon_core.package_discovery:discover_packages(recursive) check parameters
[4.457s] Level 1:colcon.colcon_core.package_discovery:discover_packages(ignore) check parameters
[4.457s] Level 1:colcon.colcon_core.package_discovery:discover_packages(path) check parameters
[4.457s] Level 1:colcon.colcon_core.package_discovery:discover_packages(colcon_meta) discover
[4.457s] Level 1:colcon.colcon_core.package_discovery:discover_packages(recursive) discover
[4.458s] INFO:colcon.colcon_core.package_discovery:Crawling recursively for packages in '/home/steve/mren203-ws'
[4.458s] Level 1:colcon.colcon_core.package_identification:_identify(.) by extensions ['ignore', 'ignore_ament_install']
[4.459s] Level 1:colcon.colcon_core.package_identification:_identify(.) by extension 'ignore'
[4.459s] Level 1:colcon.colcon_core.package_identification:_identify(.) by extension 'ignore_ament_install'
[4.459s] Level 1:colcon.colcon_core.package_identification:_identify(.) by extensions ['colcon_pkg']
[4.459s] Level 1:colcon.colcon_core.package_identification:_identify(.) by extension 'colcon_pkg'
[4.459s] Level 1:colcon.colcon_core.package_identification:_identify(.) by extensions ['colcon_meta']
[4.460s] Level 1:colcon.colcon_core.package_identification:_identify(.) by extension 'colcon_meta'
[4.460s] Level 1:colcon.colcon_core.package_identification:_identify(.) by extensions ['ros']
[4.460s] Level 1:colcon.colcon_core.package_identification:_identify(.) by extension 'ros'
[4.503s] Level 1:colcon.colcon_core.package_identification:_identify(.) by extensions ['cmake', 'python']
[4.504s] Level 1:colcon.colcon_core.package_identification:_identify(.) by extension 'cmake'
[4.504s] Level 1:colcon.colcon_core.package_identification:_identify(.) by extension 'python'
[4.504s] Level 1:colcon.colcon_core.package_identification:_identify(.) by extensions ['python_setup_py']
[4.504s] Level 1:colcon.colcon_core.package_identification:_identify(.) by extension 'python_setup_py'
[4.505s] Level 1:colcon.colcon_core.package_identification:_identify(Arduino) by extensions ['ignore', 'ignore_ament_install']
[4.505s] Level 1:colcon.colcon_core.package_identification:_identify(Arduino) by extension 'ignore'
[4.505s] Level 1:colcon.colcon_core.package_identification:_identify(Arduino) ignored
[4.506s] Level 1:colcon.colcon_core.package_identification:_identify(Python) by extensions ['ignore', 'ignore_ament_install']
[4.506s] Level 1:colcon.colcon_core.package_identification:_identify(Python) by extension 'ignore'
[4.506s] Level 1:colcon.colcon_core.package_identification:_identify(Python) ignored
[4.507s] Level 1:colcon.colcon_core.package_identification:_identify(build) by extensions ['ignore', 'ignore_ament_install']
[4.507s] Level 1:colcon.colcon_core.package_identification:_identify(build) by extension 'ignore'
[4.507s] Level 1:colcon.colcon_core.package_identification:_identify(build) ignored
[4.508s] Level 1:colcon.colcon_core.package_identification:_identify(install) by extensions ['ignore', 'ignore_ament_install']
[4.508s] Level 1:colcon.colcon_core.package_identification:_identify(install) by extension 'ignore'
[4.508s] Level 1:colcon.colcon_core.package_identification:_identify(install) ignored
[4.509s] Level 1:colcon.colcon_core.package_identification:_identify(log) by extensions ['ignore', 'ignore_ament_install']
[4.509s] Level 1:colcon.colcon_core.package_identification:_identify(log) by extension 'ignore'
[4.510s] Level 1:colcon.colcon_core.package_identification:_identify(log) ignored
[4.510s] Level 1:colcon.colcon_core.package_identification:_identify(src) by extensions ['ignore', 'ignore_ament_install']
[4.510s] Level 1:colcon.colcon_core.package_identification:_identify(src) by extension 'ignore'
[4.510s] Level 1:colcon.colcon_core.package_identification:_identify(src) by extension 'ignore_ament_install'
[4.511s] Level 1:colcon.colcon_core.package_identification:_identify(src) by extensions ['colcon_pkg']
[4.511s] Level 1:colcon.colcon_core.package_identification:_identify(src) by extension 'colcon_pkg'
[4.511s] Level 1:colcon.colcon_core.package_identification:_identify(src) by extensions ['colcon_meta']
[4.511s] Level 1:colcon.colcon_core.package_identification:_identify(src) by extension 'colcon_meta'
[4.511s] Level 1:colcon.colcon_core.package_identification:_identify(src) by extensions ['ros']
[4.511s] Level 1:colcon.colcon_core.package_identification:_identify(src) by extension 'ros'
[4.512s] Level 1:colcon.colcon_core.package_identification:_identify(src) by extensions ['cmake', 'python']
[4.512s] Level 1:colcon.colcon_core.package_identification:_identify(src) by extension 'cmake'
[4.512s] Level 1:colcon.colcon_core.package_identification:_identify(src) by extension 'python'
[4.512s] Level 1:colcon.colcon_core.package_identification:_identify(src) by extensions ['python_setup_py']
[4.512s] Level 1:colcon.colcon_core.package_identification:_identify(src) by extension 'python_setup_py'
[4.513s] Level 1:colcon.colcon_core.package_identification:_identify(src/joystick_ros2) by extensions ['ignore', 'ignore_ament_install']
[4.513s] Level 1:colcon.colcon_core.package_identification:_identify(src/joystick_ros2) by extension 'ignore'
[4.513s] Level 1:colcon.colcon_core.package_identification:_identify(src/joystick_ros2) by extension 'ignore_ament_install'
[4.513s] Level 1:colcon.colcon_core.package_identification:_identify(src/joystick_ros2) by extensions ['colcon_pkg']
[4.513s] Level 1:colcon.colcon_core.package_identification:_identify(src/joystick_ros2) by extension 'colcon_pkg'
[4.514s] Level 1:colcon.colcon_core.package_identification:_identify(src/joystick_ros2) by extensions ['colcon_meta']
[4.514s] Level 1:colcon.colcon_core.package_identification:_identify(src/joystick_ros2) by extension 'colcon_meta'
[4.514s] Level 1:colcon.colcon_core.package_identification:_identify(src/joystick_ros2) by extensions ['ros']
[4.514s] Level 1:colcon.colcon_core.package_identification:_identify(src/joystick_ros2) by extension 'ros'
[4.526s] DEBUG:colcon.colcon_core.package_identification:Package 'src/joystick_ros2' with type 'ros.ament_python' and name 'joystick_ros2'
[4.526s] Level 1:colcon.colcon_core.package_identification:_identify(src/motor_control) by extensions ['ignore', 'ignore_ament_install']
[4.527s] Level 1:colcon.colcon_core.package_identification:_identify(src/motor_control) by extension 'ignore'
[4.527s] Level 1:colcon.colcon_core.package_identification:_identify(src/motor_control) by extension 'ignore_ament_install'
[4.527s] Level 1:colcon.colcon_core.package_identification:_identify(src/motor_control) by extensions ['colcon_pkg']
[4.527s] Level 1:colcon.colcon_core.package_identification:_identify(src/motor_control) by extension 'colcon_pkg'
[4.528s] Level 1:colcon.colcon_core.package_identification:_identify(src/motor_control) by extensions ['colcon_meta']
[4.528s] Level 1:colcon.colcon_core.package_identification:_identify(src/motor_control) by extension 'colcon_meta'
[4.528s] Level 1:colcon.colcon_core.package_identification:_identify(src/motor_control) by extensions ['ros']
[4.528s] Level 1:colcon.colcon_core.package_identification:_identify(src/motor_control) by extension 'ros'
[4.531s] DEBUG:colcon.colcon_core.package_identification:Package 'src/motor_control' with type 'ros.ament_python' and name 'motor_control'
[4.531s] Level 1:colcon.colcon_core.package_identification:_identify(src/my_bot) by extensions ['ignore', 'ignore_ament_install']
[4.532s] Level 1:colcon.colcon_core.package_identification:_identify(src/my_bot) by extension 'ignore'
[4.532s] Level 1:colcon.colcon_core.package_identification:_identify(src/my_bot) by extension 'ignore_ament_install'
[4.532s] Level 1:colcon.colcon_core.package_identification:_identify(src/my_bot) by extensions ['colcon_pkg']
[4.532s] Level 1:colcon.colcon_core.package_identification:_identify(src/my_bot) by extension 'colcon_pkg'
[4.532s] Level 1:colcon.colcon_core.package_identification:_identify(src/my_bot) by extensions ['colcon_meta']
[4.533s] Level 1:colcon.colcon_core.package_identification:_identify(src/my_bot) by extension 'colcon_meta'
[4.533s] Level 1:colcon.colcon_core.package_identification:_identify(src/my_bot) by extensions ['ros']
[4.533s] Level 1:colcon.colcon_core.package_identification:_identify(src/my_bot) by extension 'ros'
[4.535s] DEBUG:colcon.colcon_core.package_identification:Package 'src/my_bot' with type 'ros.ament_cmake' and name 'my_bot'
[4.535s] Level 1:colcon.colcon_core.package_identification:_identify(src/rplidar_ros2) by extensions ['ignore', 'ignore_ament_install']
[4.536s] Level 1:colcon.colcon_core.package_identification:_identify(src/rplidar_ros2) by extension 'ignore'
[4.536s] Level 1:colcon.colcon_core.package_identification:_identify(src/rplidar_ros2) by extension 'ignore_ament_install'
[4.536s] Level 1:colcon.colcon_core.package_identification:_identify(src/rplidar_ros2) by extensions ['colcon_pkg']
[4.536s] Level 1:colcon.colcon_core.package_identification:_identify(src/rplidar_ros2) by extension 'colcon_pkg'
[4.536s] Level 1:colcon.colcon_core.package_identification:_identify(src/rplidar_ros2) by extensions ['colcon_meta']
[4.536s] Level 1:colcon.colcon_core.package_identification:_identify(src/rplidar_ros2) by extension 'colcon_meta'
[4.537s] Level 1:colcon.colcon_core.package_identification:_identify(src/rplidar_ros2) by extensions ['ros']
[4.537s] Level 1:colcon.colcon_core.package_identification:_identify(src/rplidar_ros2) by extension 'ros'
[4.539s] DEBUG:colcon.colcon_core.package_identification:Package 'src/rplidar_ros2' with type 'ros.ament_cmake' and name 'rplidar_ros'
[4.539s] Level 1:colcon.colcon_core.package_identification:_identify(src/steve_launch) by extensions ['ignore', 'ignore_ament_install']
[4.540s] Level 1:colcon.colcon_core.package_identification:_identify(src/steve_launch) by extension 'ignore'
[4.540s] Level 1:colcon.colcon_core.package_identification:_identify(src/steve_launch) by extension 'ignore_ament_install'
[4.540s] Level 1:colcon.colcon_core.package_identification:_identify(src/steve_launch) by extensions ['colcon_pkg']
[4.540s] Level 1:colcon.colcon_core.package_identification:_identify(src/steve_launch) by extension 'colcon_pkg'
[4.540s] Level 1:colcon.colcon_core.package_identification:_identify(src/steve_launch) by extensions ['colcon_meta']
[4.540s] Level 1:colcon.colcon_core.package_identification:_identify(src/steve_launch) by extension 'colcon_meta'
[4.541s] Level 1:colcon.colcon_core.package_identification:_identify(src/steve_launch) by extensions ['ros']
[4.541s] Level 1:colcon.colcon_core.package_identification:_identify(src/steve_launch) by extension 'ros'
[4.543s] DEBUG:colcon.colcon_core.package_identification:Package 'src/steve_launch' with type 'ros.ament_cmake' and name 'steve_launch'
[4.543s] Level 1:colcon.colcon_core.package_identification:_identify(src/steve_msgs) by extensions ['ignore', 'ignore_ament_install']
[4.544s] Level 1:colcon.colcon_core.package_identification:_identify(src/steve_msgs) by extension 'ignore'
[4.544s] Level 1:colcon.colcon_core.package_identification:_identify(src/steve_msgs) by extension 'ignore_ament_install'
[4.544s] Level 1:colcon.colcon_core.package_identification:_identify(src/steve_msgs) by extensions ['colcon_pkg']
[4.544s] Level 1:colcon.colcon_core.package_identification:_identify(src/steve_msgs) by extension 'colcon_pkg'
[4.544s] Level 1:colcon.colcon_core.package_identification:_identify(src/steve_msgs) by extensions ['colcon_meta']
[4.544s] Level 1:colcon.colcon_core.package_identification:_identify(src/steve_msgs) by extension 'colcon_meta'
[4.545s] Level 1:colcon.colcon_core.package_identification:_identify(src/steve_msgs) by extensions ['ros']
[4.545s] Level 1:colcon.colcon_core.package_identification:_identify(src/steve_msgs) by extension 'ros'
[4.547s] DEBUG:colcon.colcon_core.package_identification:Package 'src/steve_msgs' with type 'ros.ament_cmake' and name 'steve_msgs'
[4.548s] Level 1:colcon.colcon_core.package_identification:_identify(src/steve_ui) by extensions ['ignore', 'ignore_ament_install']
[4.548s] Level 1:colcon.colcon_core.package_identification:_identify(src/steve_ui) by extension 'ignore'
[4.548s] Level 1:colcon.colcon_core.package_identification:_identify(src/steve_ui) by extension 'ignore_ament_install'
[4.548s] Level 1:colcon.colcon_core.package_identification:_identify(src/steve_ui) by extensions ['colcon_pkg']
[4.549s] Level 1:colcon.colcon_core.package_identification:_identify(src/steve_ui) by extension 'colcon_pkg'
[4.549s] Level 1:colcon.colcon_core.package_identification:_identify(src/steve_ui) by extensions ['colcon_meta']
[4.549s] Level 1:colcon.colcon_core.package_identification:_identify(src/steve_ui) by extension 'colcon_meta'
[4.549s] Level 1:colcon.colcon_core.package_identification:_identify(src/steve_ui) by extensions ['ros']
[4.549s] Level 1:colcon.colcon_core.package_identification:_identify(src/steve_ui) by extension 'ros'
[4.551s] DEBUG:colcon.colcon_core.package_identification:Package 'src/steve_ui' with type 'ros.ament_python' and name 'steve_ui'
[4.552s] Level 1:colcon.colcon_core.package_identification:_identify(src/testing) by extensions ['ignore', 'ignore_ament_install']
[4.552s] Level 1:colcon.colcon_core.package_identification:_identify(src/testing) by extension 'ignore'
[4.552s] Level 1:colcon.colcon_core.package_identification:_identify(src/testing) by extension 'ignore_ament_install'
[4.552s] Level 1:colcon.colcon_core.package_identification:_identify(src/testing) by extensions ['colcon_pkg']
[4.552s] Level 1:colcon.colcon_core.package_identification:_identify(src/testing) by extension 'colcon_pkg'
[4.553s] Level 1:colcon.colcon_core.package_identification:_identify(src/testing) by extensions ['colcon_meta']
[4.553s] Level 1:colcon.colcon_core.package_identification:_identify(src/testing) by extension 'colcon_meta'
[4.553s] Level 1:colcon.colcon_core.package_identification:_identify(src/testing) by extensions ['ros']
[4.553s] Level 1:colcon.colcon_core.package_identification:_identify(src/testing) by extension 'ros'
[4.555s] DEBUG:colcon.colcon_core.package_identification:Package 'src/testing' with type 'ros.ament_python' and name 'testing'
[4.556s] Level 1:colcon.colcon_core.package_discovery:discover_packages(recursive) using defaults
[4.556s] Level 1:colcon.colcon_core.package_discovery:discover_packages(ignore) discover
[4.556s] Level 1:colcon.colcon_core.package_discovery:discover_packages(ignore) using defaults
[4.556s] Level 1:colcon.colcon_core.package_discovery:discover_packages(path) discover
[4.556s] Level 1:colcon.colcon_core.package_discovery:discover_packages(path) using defaults
[4.934s] Level 1:colcon.colcon_core.package_discovery:discover_packages(prefix_path) check parameters
[4.934s] Level 1:colcon.colcon_core.package_discovery:discover_packages(prefix_path) discover
[5.062s] DEBUG:colcon.colcon_installed_package_information.package_discovery:Found 8 installed packages in /home/steve/mren203-ws/install
[5.130s] DEBUG:colcon.colcon_installed_package_information.package_discovery:Found 290 installed packages in /opt/ros/humble
[5.136s] Level 1:colcon.colcon_core.package_discovery:discover_packages(prefix_path) using defaults
[5.535s] Level 5:colcon.colcon_core.verb:set package 'joystick_ros2' build argument 'cmake_args' from command line to 'None'
[5.536s] Level 5:colcon.colcon_core.verb:set package 'joystick_ros2' build argument 'cmake_target' from command line to 'None'
[5.536s] Level 5:colcon.colcon_core.verb:set package 'joystick_ros2' build argument 'cmake_target_skip_unavailable' from command line to 'False'
[5.536s] Level 5:colcon.colcon_core.verb:set package 'joystick_ros2' build argument 'cmake_clean_cache' from command line to 'False'
[5.536s] Level 5:colcon.colcon_core.verb:set package 'joystick_ros2' build argument 'cmake_clean_first' from command line to 'False'
[5.536s] Level 5:colcon.colcon_core.verb:set package 'joystick_ros2' build argument 'cmake_force_configure' from command line to 'False'
[5.536s] Level 5:colcon.colcon_core.verb:set package 'joystick_ros2' build argument 'ament_cmake_args' from command line to 'None'
[5.536s] Level 5:colcon.colcon_core.verb:set package 'joystick_ros2' build argument 'catkin_cmake_args' from command line to 'None'
[5.536s] Level 5:colcon.colcon_core.verb:set package 'joystick_ros2' build argument 'catkin_skip_building_tests' from command line to 'False'
[5.537s] DEBUG:colcon.colcon_core.verb:Building package 'joystick_ros2' with the following arguments: {'ament_cmake_args': None, 'build_base': '/home/steve/mren203-ws/build/joystick_ros2', 'catkin_cmake_args': None, 'catkin_skip_building_tests': False, 'cmake_args': None, 'cmake_clean_cache': False, 'cmake_clean_first': False, 'cmake_force_configure': False, 'cmake_target': None, 'cmake_target_skip_unavailable': False, 'install_base': '/home/steve/mren203-ws/install/joystick_ros2', 'merge_install': False, 'path': '/home/steve/mren203-ws/src/joystick_ros2', 'symlink_install': True, 'test_result_base': None}
[5.597s] Level 5:colcon.colcon_core.verb:set package 'my_bot' build argument 'cmake_args' from command line to 'None'
[5.597s] Level 5:colcon.colcon_core.verb:set package 'my_bot' build argument 'cmake_target' from command line to 'None'
[5.598s] Level 5:colcon.colcon_core.verb:set package 'my_bot' build argument 'cmake_target_skip_unavailable' from command line to 'False'
[5.598s] Level 5:colcon.colcon_core.verb:set package 'my_bot' build argument 'cmake_clean_cache' from command line to 'False'
[5.598s] Level 5:colcon.colcon_core.verb:set package 'my_bot' build argument 'cmake_clean_first' from command line to 'False'
[5.598s] Level 5:colcon.colcon_core.verb:set package 'my_bot' build argument 'cmake_force_configure' from command line to 'False'
[5.598s] Level 5:colcon.colcon_core.verb:set package 'my_bot' build argument 'ament_cmake_args' from command line to 'None'
[5.598s] Level 5:colcon.colcon_core.verb:set package 'my_bot' build argument 'catkin_cmake_args' from command line to 'None'
[5.598s] Level 5:colcon.colcon_core.verb:set package 'my_bot' build argument 'catkin_skip_building_tests' from command line to 'False'
[5.598s] DEBUG:colcon.colcon_core.verb:Building package 'my_bot' with the following arguments: {'ament_cmake_args': None, 'build_base': '/home/steve/mren203-ws/build/my_bot', 'catkin_cmake_args': None, 'catkin_skip_building_tests': False, 'cmake_args': None, 'cmake_clean_cache': False, 'cmake_clean_first': False, 'cmake_force_configure': False, 'cmake_target': None, 'cmake_target_skip_unavailable': False, 'install_base': '/home/steve/mren203-ws/install/my_bot', 'merge_install': False, 'path': '/home/steve/mren203-ws/src/my_bot', 'symlink_install': True, 'test_result_base': None}
[5.659s] Level 5:colcon.colcon_core.verb:set package 'rplidar_ros' build argument 'cmake_args' from command line to 'None'
[5.659s] Level 5:colcon.colcon_core.verb:set package 'rplidar_ros' build argument 'cmake_target' from command line to 'None'
[5.659s] Level 5:colcon.colcon_core.verb:set package 'rplidar_ros' build argument 'cmake_target_skip_unavailable' from command line to 'False'
[5.659s] Level 5:colcon.colcon_core.verb:set package 'rplidar_ros' build argument 'cmake_clean_cache' from command line to 'False'
[5.659s] Level 5:colcon.colcon_core.verb:set package 'rplidar_ros' build argument 'cmake_clean_first' from command line to 'False'
[5.659s] Level 5:colcon.colcon_core.verb:set package 'rplidar_ros' build argument 'cmake_force_configure' from command line to 'False'
[5.659s] Level 5:colcon.colcon_core.verb:set package 'rplidar_ros' build argument 'ament_cmake_args' from command line to 'None'
[5.660s] Level 5:colcon.colcon_core.verb:set package 'rplidar_ros' build argument 'catkin_cmake_args' from command line to 'None'
[5.660s] Level 5:colcon.colcon_core.verb:set package 'rplidar_ros' build argument 'catkin_skip_building_tests' from command line to 'False'
[5.660s] DEBUG:colcon.colcon_core.verb:Building package 'rplidar_ros' with the following arguments: {'ament_cmake_args': None, 'build_base': '/home/steve/mren203-ws/build/rplidar_ros', 'catkin_cmake_args': None, 'catkin_skip_building_tests': False, 'cmake_args': None, 'cmake_clean_cache': False, 'cmake_clean_first': False, 'cmake_force_configure': False, 'cmake_target': None, 'cmake_target_skip_unavailable': False, 'install_base': '/home/steve/mren203-ws/install/rplidar_ros', 'merge_install': False, 'path': '/home/steve/mren203-ws/src/rplidar_ros2', 'symlink_install': True, 'test_result_base': None}
[5.720s] Level 5:colcon.colcon_core.verb:set package 'steve_launch' build argument 'cmake_args' from command line to 'None'
[5.721s] Level 5:colcon.colcon_core.verb:set package 'steve_launch' build argument 'cmake_target' from command line to 'None'
[5.721s] Level 5:colcon.colcon_core.verb:set package 'steve_launch' build argument 'cmake_target_skip_unavailable' from command line to 'False'
[5.721s] Level 5:colcon.colcon_core.verb:set package 'steve_launch' build argument 'cmake_clean_cache' from command line to 'False'
[5.721s] Level 5:colcon.colcon_core.verb:set package 'steve_launch' build argument 'cmake_clean_first' from command line to 'False'
[5.721s] Level 5:colcon.colcon_core.verb:set package 'steve_launch' build argument 'cmake_force_configure' from command line to 'False'
[5.721s] Level 5:colcon.colcon_core.verb:set package 'steve_launch' build argument 'ament_cmake_args' from command line to 'None'
[5.721s] Level 5:colcon.colcon_core.verb:set package 'steve_launch' build argument 'catkin_cmake_args' from command line to 'None'
[5.721s] Level 5:colcon.colcon_core.verb:set package 'steve_launch' build argument 'catkin_skip_building_tests' from command line to 'False'
[5.722s] DEBUG:colcon.colcon_core.verb:Building package 'steve_launch' with the following arguments: {'ament_cmake_args': None, 'build_base': '/home/steve/mren203-ws/build/steve_launch', 'catkin_cmake_args': None, 'catkin_skip_building_tests': False, 'cmake_args': None, 'cmake_clean_cache': False, 'cmake_clean_first': False, 'cmake_force_configure': False, 'cmake_target': None, 'cmake_target_skip_unavailable': False, 'install_base': '/home/steve/mren203-ws/install/steve_launch', 'merge_install': False, 'path': '/home/steve/mren203-ws/src/steve_launch', 'symlink_install': True, 'test_result_base': None}
[5.782s] Level 5:colcon.colcon_core.verb:set package 'steve_msgs' build argument 'cmake_args' from command line to 'None'
[5.782s] Level 5:colcon.colcon_core.verb:set package 'steve_msgs' build argument 'cmake_target' from command line to 'None'
[5.782s] Level 5:colcon.colcon_core.verb:set package 'steve_msgs' build argument 'cmake_target_skip_unavailable' from command line to 'False'
[5.783s] Level 5:colcon.colcon_core.verb:set package 'steve_msgs' build argument 'cmake_clean_cache' from command line to 'False'
[5.783s] Level 5:colcon.colcon_core.verb:set package 'steve_msgs' build argument 'cmake_clean_first' from command line to 'False'
[5.783s] Level 5:colcon.colcon_core.verb:set package 'steve_msgs' build argument 'cmake_force_configure' from command line to 'False'
[5.783s] Level 5:colcon.colcon_core.verb:set package 'steve_msgs' build argument 'ament_cmake_args' from command line to 'None'
[5.783s] Level 5:colcon.colcon_core.verb:set package 'steve_msgs' build argument 'catkin_cmake_args' from command line to 'None'
[5.783s] Level 5:colcon.colcon_core.verb:set package 'steve_msgs' build argument 'catkin_skip_building_tests' from command line to 'False'
[5.783s] DEBUG:colcon.colcon_core.verb:Building package 'steve_msgs' with the following arguments: {'ament_cmake_args': None, 'build_base': '/home/steve/mren203-ws/build/steve_msgs', 'catkin_cmake_args': None, 'catkin_skip_building_tests': False, 'cmake_args': None, 'cmake_clean_cache': False, 'cmake_clean_first': False, 'cmake_force_configure': False, 'cmake_target': None, 'cmake_target_skip_unavailable': False, 'install_base': '/home/steve/mren203-ws/install/steve_msgs', 'merge_install': False, 'path': '/home/steve/mren203-ws/src/steve_msgs', 'symlink_install': True, 'test_result_base': None}
[5.843s] Level 5:colcon.colcon_core.verb:set package 'testing' build argument 'cmake_args' from command line to 'None'
[5.844s] Level 5:colcon.colcon_core.verb:set package 'testing' build argument 'cmake_target' from command line to 'None'
[5.844s] Level 5:colcon.colcon_core.verb:set package 'testing' build argument 'cmake_target_skip_unavailable' from command line to 'False'
[5.844s] Level 5:colcon.colcon_core.verb:set package 'testing' build argument 'cmake_clean_cache' from command line to 'False'
[5.844s] Level 5:colcon.colcon_core.verb:set package 'testing' build argument 'cmake_clean_first' from command line to 'False'
[5.844s] Level 5:colcon.colcon_core.verb:set package 'testing' build argument 'cmake_force_configure' from command line to 'False'
[5.844s] Level 5:colcon.colcon_core.verb:set package 'testing' build argument 'ament_cmake_args' from command line to 'None'
[5.844s] Level 5:colcon.colcon_core.verb:set package 'testing' build argument 'catkin_cmake_args' from command line to 'None'
[5.844s] Level 5:colcon.colcon_core.verb:set package 'testing' build argument 'catkin_skip_building_tests' from command line to 'False'
[5.844s] DEBUG:colcon.colcon_core.verb:Building package 'testing' with the following arguments: {'ament_cmake_args': None, 'build_base': '/home/steve/mren203-ws/build/testing', 'catkin_cmake_args': None, 'catkin_skip_building_tests': False, 'cmake_args': None, 'cmake_clean_cache': False, 'cmake_clean_first': False, 'cmake_force_configure': False, 'cmake_target': None, 'cmake_target_skip_unavailable': False, 'install_base': '/home/steve/mren203-ws/install/testing', 'merge_install': False, 'path': '/home/steve/mren203-ws/src/testing', 'symlink_install': True, 'test_result_base': None}
[5.905s] Level 5:colcon.colcon_core.verb:set package 'motor_control' build argument 'cmake_args' from command line to 'None'
[5.905s] Level 5:colcon.colcon_core.verb:set package 'motor_control' build argument 'cmake_target' from command line to 'None'
[5.905s] Level 5:colcon.colcon_core.verb:set package 'motor_control' build argument 'cmake_target_skip_unavailable' from command line to 'False'
[5.905s] Level 5:colcon.colcon_core.verb:set package 'motor_control' build argument 'cmake_clean_cache' from command line to 'False'
[5.905s] Level 5:colcon.colcon_core.verb:set package 'motor_control' build argument 'cmake_clean_first' from command line to 'False'
[5.905s] Level 5:colcon.colcon_core.verb:set package 'motor_control' build argument 'cmake_force_configure' from command line to 'False'
[5.906s] Level 5:colcon.colcon_core.verb:set package 'motor_control' build argument 'ament_cmake_args' from command line to 'None'
[5.906s] Level 5:colcon.colcon_core.verb:set package 'motor_control' build argument 'catkin_cmake_args' from command line to 'None'
[5.906s] Level 5:colcon.colcon_core.verb:set package 'motor_control' build argument 'catkin_skip_building_tests' from command line to 'False'
[5.906s] DEBUG:colcon.colcon_core.verb:Building package 'motor_control' with the following arguments: {'ament_cmake_args': None, 'build_base': '/home/steve/mren203-ws/build/motor_control', 'catkin_cmake_args': None, 'catkin_skip_building_tests': False, 'cmake_args': None, 'cmake_clean_cache': False, 'cmake_clean_first': False, 'cmake_force_configure': False, 'cmake_target': None, 'cmake_target_skip_unavailable': False, 'install_base': '/home/steve/mren203-ws/install/motor_control', 'merge_install': False, 'path': '/home/steve/mren203-ws/src/motor_control', 'symlink_install': True, 'test_result_base': None}
[5.966s] Level 5:colcon.colcon_core.verb:set package 'steve_ui' build argument 'cmake_args' from command line to 'None'
[5.967s] Level 5:colcon.colcon_core.verb:set package 'steve_ui' build argument 'cmake_target' from command line to 'None'
[5.967s] Level 5:colcon.colcon_core.verb:set package 'steve_ui' build argument 'cmake_target_skip_unavailable' from command line to 'False'
[5.967s] Level 5:colcon.colcon_core.verb:set package 'steve_ui' build argument 'cmake_clean_cache' from command line to 'False'
[5.967s] Level 5:colcon.colcon_core.verb:set package 'steve_ui' build argument 'cmake_clean_first' from command line to 'False'
[5.967s] Level 5:colcon.colcon_core.verb:set package 'steve_ui' build argument 'cmake_force_configure' from command line to 'False'
[5.967s] Level 5:colcon.colcon_core.verb:set package 'steve_ui' build argument 'ament_cmake_args' from command line to 'None'
[5.967s] Level 5:colcon.colcon_core.verb:set package 'steve_ui' build argument 'catkin_cmake_args' from command line to 'None'
[5.967s] Level 5:colcon.colcon_core.verb:set package 'steve_ui' build argument 'catkin_skip_building_tests' from command line to 'False'
[5.968s] DEBUG:colcon.colcon_core.verb:Building package 'steve_ui' with the following arguments: {'ament_cmake_args': None, 'build_base': '/home/steve/mren203-ws/build/steve_ui', 'catkin_cmake_args': None, 'catkin_skip_building_tests': False, 'cmake_args': None, 'cmake_clean_cache': False, 'cmake_clean_first': False, 'cmake_force_configure': False, 'cmake_target': None, 'cmake_target_skip_unavailable': False, 'install_base': '/home/steve/mren203-ws/install/steve_ui', 'merge_install': False, 'path': '/home/steve/mren203-ws/src/steve_ui', 'symlink_install': True, 'test_result_base': None}
[6.027s] INFO:colcon.colcon_core.executor:Executing jobs using 'parallel' executor
[6.089s] DEBUG:colcon.colcon_parallel_executor.executor.parallel:run_until_complete
[6.090s] INFO:colcon.colcon_ros.task.ament_cmake.build:Building ROS package in '/home/steve/mren203-ws/src/steve_msgs' with build type 'ament_cmake'
[6.091s] INFO:colcon.colcon_cmake.task.cmake.build:Building CMake package in '/home/steve/mren203-ws/src/steve_msgs'
[6.162s] INFO:colcon.colcon_core.plugin_system:Skipping extension 'colcon_core.shell.bat': Not used on non-Windows systems
[6.163s] INFO:colcon.colcon_core.shell:Skip shell extension 'powershell' for command environment: Not usable outside of PowerShell
[6.163s] DEBUG:colcon.colcon_core.shell:Skip shell extension 'dsv' for command environment
[6.364s] INFO:colcon.colcon_ros.task.ament_python.build:Building ROS package in '/home/steve/mren203-ws/src/joystick_ros2' with build type 'ament_python'
[6.365s] Level 1:colcon.colcon_core.shell:create_environment_hook('joystick_ros2', 'ament_prefix_path')
[6.430s] INFO:colcon.colcon_core.shell:Creating environment hook '/home/steve/mren203-ws/install/joystick_ros2/share/joystick_ros2/hook/ament_prefix_path.ps1'
[6.433s] INFO:colcon.colcon_core.shell:Creating environment descriptor '/home/steve/mren203-ws/install/joystick_ros2/share/joystick_ros2/hook/ament_prefix_path.dsv'
[6.435s] INFO:colcon.colcon_core.shell:Creating environment hook '/home/steve/mren203-ws/install/joystick_ros2/share/joystick_ros2/hook/ament_prefix_path.sh'
[6.500s] INFO:colcon.colcon_core.shell:Skip shell extension 'powershell' for command environment: Not usable outside of PowerShell
[6.500s] DEBUG:colcon.colcon_core.shell:Skip shell extension 'dsv' for command environment
[6.699s] INFO:colcon.colcon_ros.task.ament_cmake.build:Building ROS package in '/home/steve/mren203-ws/src/my_bot' with build type 'ament_cmake'
[6.700s] INFO:colcon.colcon_cmake.task.cmake.build:Building CMake package in '/home/steve/mren203-ws/src/my_bot'
[6.764s] INFO:colcon.colcon_core.shell:Skip shell extension 'powershell' for command environment: Not usable outside of PowerShell
[6.764s] DEBUG:colcon.colcon_core.shell:Skip shell extension 'dsv' for command environment
[7.005s] INFO:colcon.colcon_ros.task.ament_cmake.build:Building ROS package in '/home/steve/mren203-ws/src/rplidar_ros2' with build type 'ament_cmake'
[7.005s] INFO:colcon.colcon_cmake.task.cmake.build:Building CMake package in '/home/steve/mren203-ws/src/rplidar_ros2'
[7.069s] INFO:colcon.colcon_core.shell:Skip shell extension 'powershell' for command environment: Not usable outside of PowerShell
[7.070s] DEBUG:colcon.colcon_core.shell:Skip shell extension 'dsv' for command environment
[7.287s] DEBUG:colcon.colcon_core.event_handler.log_command:Invoking command in '/home/steve/mren203-ws/build/steve_msgs': CMAKE_PREFIX_PATH=${CMAKE_PREFIX_PATH}:/home/steve/mren203-ws/install/testing:/home/steve/mren203-ws/install/steve_ui:/home/steve/mren203-ws/install/motor_control:/home/steve/mren203-ws/install/joystick_ros2:/opt/ros/humble /usr/bin/cmake --build /home/steve/mren203-ws/build/steve_msgs -- -j4 -l4
[8.866s] WARNING:colcon.colcon_ros.task.ament_python.build:Package 'joystick_ros2' doesn't explicitly install the 'package.xml' file (colcon-ros currently does it implicitly but that fallback will be removed in the future)
[8.867s] INFO:colcon.colcon_core.task.python.build:Building Python package in '/home/steve/mren203-ws/src/joystick_ros2'
[8.942s] INFO:colcon.colcon_core.shell:Skip shell extension 'powershell' for command environment: Not usable outside of PowerShell
[8.943s] DEBUG:colcon.colcon_core.shell:Skip shell extension 'dsv' for command environment
[9.268s] DEBUG:colcon.colcon_core.event_handler.log_command:Invoking command in '/home/steve/mren203-ws/build/my_bot': CMAKE_PREFIX_PATH=${CMAKE_PREFIX_PATH}:/home/steve/mren203-ws/install/testing:/home/steve/mren203-ws/install/steve_ui:/home/steve/mren203-ws/install/motor_control:/home/steve/mren203-ws/install/joystick_ros2:/opt/ros/humble /usr/bin/cmake --build /home/steve/mren203-ws/build/my_bot -- -j4 -l4
[9.304s] DEBUG:colcon.colcon_core.event_handler.log_command:Invoking command in '/home/steve/mren203-ws/build/rplidar_ros': CMAKE_PREFIX_PATH=${CMAKE_PREFIX_PATH}:/home/steve/mren203-ws/install/testing:/home/steve/mren203-ws/install/steve_ui:/home/steve/mren203-ws/install/motor_control:/home/steve/mren203-ws/install/joystick_ros2:/opt/ros/humble /usr/bin/cmake --build /home/steve/mren203-ws/build/rplidar_ros -- -j4 -l4
[9.330s] DEBUG:colcon.colcon_core.event_handler.log_command:Invoked command in '/home/steve/mren203-ws/build/steve_msgs' returned '0': CMAKE_PREFIX_PATH=${CMAKE_PREFIX_PATH}:/home/steve/mren203-ws/install/testing:/home/steve/mren203-ws/install/steve_ui:/home/steve/mren203-ws/install/motor_control:/home/steve/mren203-ws/install/joystick_ros2:/opt/ros/humble /usr/bin/cmake --build /home/steve/mren203-ws/build/steve_msgs -- -j4 -l4
[9.441s] DEBUG:colcon.colcon_core.event_handler.log_command:Invoked command in '/home/steve/mren203-ws/build/my_bot' returned '0': CMAKE_PREFIX_PATH=${CMAKE_PREFIX_PATH}:/home/steve/mren203-ws/install/testing:/home/steve/mren203-ws/install/steve_ui:/home/steve/mren203-ws/install/motor_control:/home/steve/mren203-ws/install/joystick_ros2:/opt/ros/humble /usr/bin/cmake --build /home/steve/mren203-ws/build/my_bot -- -j4 -l4
[9.604s] DEBUG:colcon.colcon_core.event_handler.log_command:Invoking command in '/home/steve/mren203-ws/build/my_bot': CMAKE_PREFIX_PATH=${CMAKE_PREFIX_PATH}:/home/steve/mren203-ws/install/testing:/home/steve/mren203-ws/install/steve_ui:/home/steve/mren203-ws/install/motor_control:/home/steve/mren203-ws/install/joystick_ros2:/opt/ros/humble /usr/bin/cmake --install /home/steve/mren203-ws/build/my_bot
[9.738s] Level 1:colcon.colcon_core.environment:create_environment_scripts_only(my_bot)
[9.742s] DEBUG:colcon.colcon_core.event_handler.log_command:Invoked command in '/home/steve/mren203-ws/build/my_bot' returned '0': CMAKE_PREFIX_PATH=${CMAKE_PREFIX_PATH}:/home/steve/mren203-ws/install/testing:/home/steve/mren203-ws/install/steve_ui:/home/steve/mren203-ws/install/motor_control:/home/steve/mren203-ws/install/joystick_ros2:/opt/ros/humble /usr/bin/cmake --install /home/steve/mren203-ws/build/my_bot
[9.864s] Level 1:colcon.colcon_core.environment:checking '/home/steve/mren203-ws/install/my_bot' for CMake module files
[9.867s] Level 1:colcon.colcon_core.environment:checking '/home/steve/mren203-ws/install/my_bot' for CMake config files
[9.871s] Level 1:colcon.colcon_core.shell:create_environment_hook('my_bot', 'cmake_prefix_path')
[9.959s] INFO:colcon.colcon_core.shell:Creating environment hook '/home/steve/mren203-ws/install/my_bot/share/my_bot/hook/cmake_prefix_path.ps1'
[9.961s] INFO:colcon.colcon_core.shell:Creating environment descriptor '/home/steve/mren203-ws/install/my_bot/share/my_bot/hook/cmake_prefix_path.dsv'
[9.963s] INFO:colcon.colcon_core.shell:Creating environment hook '/home/steve/mren203-ws/install/my_bot/share/my_bot/hook/cmake_prefix_path.sh'
[9.966s] Level 1:colcon.colcon_core.environment:checking '/home/steve/mren203-ws/install/my_bot/bin'
[9.967s] Level 1:colcon.colcon_core.environment:checking '/home/steve/mren203-ws/install/my_bot/lib/pkgconfig/my_bot.pc'
[9.968s] Level 1:colcon.colcon_core.environment:checking '/home/steve/mren203-ws/install/my_bot/lib/python3.10/site-packages'
[9.969s] Level 1:colcon.colcon_core.environment:checking '/home/steve/mren203-ws/install/my_bot/bin'
[10.054s] INFO:colcon.colcon_core.shell:Creating package script '/home/steve/mren203-ws/install/my_bot/share/my_bot/package.ps1'
[10.058s] INFO:colcon.colcon_core.shell:Creating package descriptor '/home/steve/mren203-ws/install/my_bot/share/my_bot/package.dsv'
[10.061s] INFO:colcon.colcon_core.shell:Creating package script '/home/steve/mren203-ws/install/my_bot/share/my_bot/package.sh'
[10.064s] INFO:colcon.colcon_core.shell:Creating package script '/home/steve/mren203-ws/install/my_bot/share/my_bot/package.bash'
[10.068s] INFO:colcon.colcon_core.shell:Creating package script '/home/steve/mren203-ws/install/my_bot/share/my_bot/package.zsh'
[10.071s] Level 1:colcon.colcon_core.environment:create_file_with_runtime_dependencies(/home/steve/mren203-ws/install/my_bot/share/colcon-core/packages/my_bot)
[10.080s] DEBUG:colcon.colcon_core.event_handler.log_command:Invoked command in '/home/steve/mren203-ws/build/rplidar_ros' returned '0': CMAKE_PREFIX_PATH=${CMAKE_PREFIX_PATH}:/home/steve/mren203-ws/install/testing:/home/steve/mren203-ws/install/steve_ui:/home/steve/mren203-ws/install/motor_control:/home/steve/mren203-ws/install/joystick_ros2:/opt/ros/humble /usr/bin/cmake --build /home/steve/mren203-ws/build/rplidar_ros -- -j4 -l4
[10.130s] DEBUG:colcon.colcon_core.event_handler.log_command:Invoking command in '/home/steve/mren203-ws/build/steve_msgs': CMAKE_PREFIX_PATH=${CMAKE_PREFIX_PATH}:/home/steve/mren203-ws/install/testing:/home/steve/mren203-ws/install/steve_ui:/home/steve/mren203-ws/install/motor_control:/home/steve/mren203-ws/install/joystick_ros2:/opt/ros/humble /usr/bin/cmake --install /home/steve/mren203-ws/build/steve_msgs
[10.384s] Level 1:colcon.colcon_core.environment:create_environment_scripts_only(my_bot)
[10.489s] Level 1:colcon.colcon_core.environment:checking '/home/steve/mren203-ws/install/my_bot' for CMake module files
[10.492s] Level 1:colcon.colcon_core.environment:checking '/home/steve/mren203-ws/install/my_bot' for CMake config files
[10.497s] Level 1:colcon.colcon_core.shell:create_environment_hook('my_bot', 'cmake_prefix_path')
[10.591s] INFO:colcon.colcon_core.shell:Creating environment hook '/home/steve/mren203-ws/install/my_bot/share/my_bot/hook/cmake_prefix_path.ps1'
[10.593s] INFO:colcon.colcon_core.shell:Creating environment descriptor '/home/steve/mren203-ws/install/my_bot/share/my_bot/hook/cmake_prefix_path.dsv'
[10.595s] INFO:colcon.colcon_core.shell:Creating environment hook '/home/steve/mren203-ws/install/my_bot/share/my_bot/hook/cmake_prefix_path.sh'
[10.599s] Level 1:colcon.colcon_core.environment:checking '/home/steve/mren203-ws/install/my_bot/bin'
[10.599s] Level 1:colcon.colcon_core.environment:checking '/home/steve/mren203-ws/install/my_bot/lib/pkgconfig/my_bot.pc'
[10.600s] Level 1:colcon.colcon_core.environment:checking '/home/steve/mren203-ws/install/my_bot/lib/python3.10/site-packages'
[10.602s] Level 1:colcon.colcon_core.environment:checking '/home/steve/mren203-ws/install/my_bot/bin'
[10.716s] INFO:colcon.colcon_core.shell:Creating package script '/home/steve/mren203-ws/install/my_bot/share/my_bot/package.ps1'
[10.718s] INFO:colcon.colcon_core.shell:Creating package descriptor '/home/steve/mren203-ws/install/my_bot/share/my_bot/package.dsv'
[10.721s] INFO:colcon.colcon_core.shell:Creating package script '/home/steve/mren203-ws/install/my_bot/share/my_bot/package.sh'
[10.723s] INFO:colcon.colcon_core.shell:Creating package script '/home/steve/mren203-ws/install/my_bot/share/my_bot/package.bash'
[10.726s] INFO:colcon.colcon_core.shell:Creating package script '/home/steve/mren203-ws/install/my_bot/share/my_bot/package.zsh'
[10.728s] Level 1:colcon.colcon_core.environment:create_file_with_runtime_dependencies(/home/steve/mren203-ws/install/my_bot/share/colcon-core/packages/my_bot)
[10.732s] INFO:colcon.colcon_ros.task.ament_cmake.build:Building ROS package in '/home/steve/mren203-ws/src/steve_launch' with build type 'ament_cmake'
[10.733s] INFO:colcon.colcon_cmake.task.cmake.build:Building CMake package in '/home/steve/mren203-ws/src/steve_launch'
[10.810s] INFO:colcon.colcon_core.shell:Skip shell extension 'powershell' for command environment: Not usable outside of PowerShell
[10.810s] DEBUG:colcon.colcon_core.shell:Skip shell extension 'dsv' for command environment
[11.068s] Level 1:colcon.colcon_core.environment:create_environment_scripts_only(steve_msgs)
[11.069s] DEBUG:colcon.colcon_core.event_handler.log_command:Invoked command in '/home/steve/mren203-ws/build/steve_msgs' returned '0': CMAKE_PREFIX_PATH=${CMAKE_PREFIX_PATH}:/home/steve/mren203-ws/install/testing:/home/steve/mren203-ws/install/steve_ui:/home/steve/mren203-ws/install/motor_control:/home/steve/mren203-ws/install/joystick_ros2:/opt/ros/humble /usr/bin/cmake --install /home/steve/mren203-ws/build/steve_msgs
[11.145s] Level 1:colcon.colcon_core.environment:checking '/home/steve/mren203-ws/install/steve_msgs' for CMake module files
[11.149s] Level 1:colcon.colcon_core.environment:checking '/home/steve/mren203-ws/install/steve_msgs' for CMake config files
[11.156s] Level 1:colcon.colcon_core.shell:create_environment_hook('steve_msgs', 'cmake_prefix_path')
[11.237s] INFO:colcon.colcon_core.shell:Creating environment hook '/home/steve/mren203-ws/install/steve_msgs/share/steve_msgs/hook/cmake_prefix_path.ps1'
[11.240s] INFO:colcon.colcon_core.shell:Creating environment descriptor '/home/steve/mren203-ws/install/steve_msgs/share/steve_msgs/hook/cmake_prefix_path.dsv'
[11.241s] INFO:colcon.colcon_core.shell:Creating environment hook '/home/steve/mren203-ws/install/steve_msgs/share/steve_msgs/hook/cmake_prefix_path.sh'
[11.244s] Level 1:colcon.colcon_core.environment:checking '/home/steve/mren203-ws/install/steve_msgs/lib'
[11.245s] Level 1:colcon.colcon_core.shell:create_environment_hook('steve_msgs', 'ld_library_path_lib')
[11.410s] INFO:colcon.colcon_core.shell:Creating environment hook '/home/steve/mren203-ws/install/steve_msgs/share/steve_msgs/hook/ld_library_path_lib.ps1'
[11.412s] INFO:colcon.colcon_core.shell:Creating environment descriptor '/home/steve/mren203-ws/install/steve_msgs/share/steve_msgs/hook/ld_library_path_lib.dsv'
[11.414s] INFO:colcon.colcon_core.shell:Creating environment hook '/home/steve/mren203-ws/install/steve_msgs/share/steve_msgs/hook/ld_library_path_lib.sh'
[11.415s] Level 1:colcon.colcon_core.environment:checking '/home/steve/mren203-ws/install/steve_msgs/bin'
[11.416s] Level 1:colcon.colcon_core.environment:checking '/home/steve/mren203-ws/install/steve_msgs/lib/pkgconfig/steve_msgs.pc'
[11.417s] Level 1:colcon.colcon_core.environment:checking '/home/steve/mren203-ws/install/steve_msgs/lib/python3.10/site-packages'
[11.418s] Level 1:colcon.colcon_core.environment:checking '/home/steve/mren203-ws/install/steve_msgs/bin'
[11.479s] INFO:colcon.colcon_core.shell:Creating package script '/home/steve/mren203-ws/install/steve_msgs/share/steve_msgs/package.ps1'
[11.481s] INFO:colcon.colcon_core.shell:Creating package descriptor '/home/steve/mren203-ws/install/steve_msgs/share/steve_msgs/package.dsv'
[11.483s] INFO:colcon.colcon_core.shell:Creating package script '/home/steve/mren203-ws/install/steve_msgs/share/steve_msgs/package.sh'
[11.485s] INFO:colcon.colcon_core.shell:Creating package script '/home/steve/mren203-ws/install/steve_msgs/share/steve_msgs/package.bash'
[11.487s] INFO:colcon.colcon_core.shell:Creating package script '/home/steve/mren203-ws/install/steve_msgs/share/steve_msgs/package.zsh'
[11.489s] Level 1:colcon.colcon_core.environment:create_file_with_runtime_dependencies(/home/steve/mren203-ws/install/steve_msgs/share/colcon-core/packages/steve_msgs)
[11.501s] DEBUG:colcon.colcon_core.event_handler.log_command:Invoking command in '/home/steve/mren203-ws/build/rplidar_ros': CMAKE_PREFIX_PATH=${CMAKE_PREFIX_PATH}:/home/steve/mren203-ws/install/testing:/home/steve/mren203-ws/install/steve_ui:/home/steve/mren203-ws/install/motor_control:/home/steve/mren203-ws/install/joystick_ros2:/opt/ros/humble /usr/bin/cmake --install /home/steve/mren203-ws/build/rplidar_ros
[11.524s] DEBUG:colcon.colcon_core.event_handler.log_command:Invoking command in '/home/steve/mren203-ws/build/steve_launch': CMAKE_PREFIX_PATH=${CMAKE_PREFIX_PATH}:/home/steve/mren203-ws/install/testing:/home/steve/mren203-ws/install/steve_ui:/home/steve/mren203-ws/install/motor_control:/home/steve/mren203-ws/install/joystick_ros2:/opt/ros/humble /usr/bin/cmake --build /home/steve/mren203-ws/build/steve_launch -- -j4 -l4
[11.538s] DEBUG:colcon.colcon_core.event_handler.log_command:Invoking command in '/home/steve/mren203-ws/build/joystick_ros2': PYTHONPATH=/home/steve/mren203-ws/build/joystick_ros2/prefix_override:/home/steve/mren203-ws/install/joystick_ros2/lib/python3.10/site-packages:${PYTHONPATH} /usr/bin/python3 setup.py develop --editable --build-directory /home/steve/mren203-ws/build/joystick_ros2/build --no-deps install_data
[11.625s] Level 1:colcon.colcon_core.environment:create_environment_scripts_only(rplidar_ros)
[11.635s] DEBUG:colcon.colcon_core.event_handler.log_command:Invoked command in '/home/steve/mren203-ws/build/rplidar_ros' returned '0': CMAKE_PREFIX_PATH=${CMAKE_PREFIX_PATH}:/home/steve/mren203-ws/install/testing:/home/steve/mren203-ws/install/steve_ui:/home/steve/mren203-ws/install/motor_control:/home/steve/mren203-ws/install/joystick_ros2:/opt/ros/humble /usr/bin/cmake --install /home/steve/mren203-ws/build/rplidar_ros
[11.747s] Level 1:colcon.colcon_core.environment:checking '/home/steve/mren203-ws/install/rplidar_ros' for CMake module files
[11.751s] Level 1:colcon.colcon_core.environment:checking '/home/steve/mren203-ws/install/rplidar_ros' for CMake config files
[11.753s] Level 1:colcon.colcon_core.shell:create_environment_hook('rplidar_ros', 'cmake_prefix_path')
[11.851s] INFO:colcon.colcon_core.shell:Creating environment hook '/home/steve/mren203-ws/install/rplidar_ros/share/rplidar_ros/hook/cmake_prefix_path.ps1'
[11.853s] INFO:colcon.colcon_core.shell:Creating environment descriptor '/home/steve/mren203-ws/install/rplidar_ros/share/rplidar_ros/hook/cmake_prefix_path.dsv'
[11.855s] INFO:colcon.colcon_core.shell:Creating environment hook '/home/steve/mren203-ws/install/rplidar_ros/share/rplidar_ros/hook/cmake_prefix_path.sh'
[11.859s] Level 1:colcon.colcon_core.environment:checking '/home/steve/mren203-ws/install/rplidar_ros/lib'
[11.859s] Level 1:colcon.colcon_core.shell:create_environment_hook('rplidar_ros', 'ld_library_path_lib')
[11.956s] INFO:colcon.colcon_core.shell:Creating environment hook '/home/steve/mren203-ws/install/rplidar_ros/share/rplidar_ros/hook/ld_library_path_lib.ps1'
[11.959s] INFO:colcon.colcon_core.shell:Creating environment descriptor '/home/steve/mren203-ws/install/rplidar_ros/share/rplidar_ros/hook/ld_library_path_lib.dsv'
[11.961s] INFO:colcon.colcon_core.shell:Creating environment hook '/home/steve/mren203-ws/install/rplidar_ros/share/rplidar_ros/hook/ld_library_path_lib.sh'
[11.963s] Level 1:colcon.colcon_core.environment:checking '/home/steve/mren203-ws/install/rplidar_ros/bin'
[11.964s] Level 1:colcon.colcon_core.environment:checking '/home/steve/mren203-ws/install/rplidar_ros/lib/pkgconfig/rplidar_ros.pc'
[11.965s] Level 1:colcon.colcon_core.environment:checking '/home/steve/mren203-ws/install/rplidar_ros/lib/python3.10/site-packages'
[11.966s] Level 1:colcon.colcon_core.environment:checking '/home/steve/mren203-ws/install/rplidar_ros/bin'
[12.061s] INFO:colcon.colcon_core.shell:Creating package script '/home/steve/mren203-ws/install/rplidar_ros/share/rplidar_ros/package.ps1'
[12.064s] INFO:colcon.colcon_core.shell:Creating package descriptor '/home/steve/mren203-ws/install/rplidar_ros/share/rplidar_ros/package.dsv'
[12.067s] INFO:colcon.colcon_core.shell:Creating package script '/home/steve/mren203-ws/install/rplidar_ros/share/rplidar_ros/package.sh'
[12.070s] INFO:colcon.colcon_core.shell:Creating package script '/home/steve/mren203-ws/install/rplidar_ros/share/rplidar_ros/package.bash'
[12.072s] INFO:colcon.colcon_core.shell:Creating package script '/home/steve/mren203-ws/install/rplidar_ros/share/rplidar_ros/package.zsh'
[12.074s] Level 1:colcon.colcon_core.environment:create_file_with_runtime_dependencies(/home/steve/mren203-ws/install/rplidar_ros/share/colcon-core/packages/rplidar_ros)
[12.086s] DEBUG:colcon.colcon_core.event_handler.log_command:Invoked command in '/home/steve/mren203-ws/build/steve_launch' returned '0': CMAKE_PREFIX_PATH=${CMAKE_PREFIX_PATH}:/home/steve/mren203-ws/install/testing:/home/steve/mren203-ws/install/steve_ui:/home/steve/mren203-ws/install/motor_control:/home/steve/mren203-ws/install/joystick_ros2:/opt/ros/humble /usr/bin/cmake --build /home/steve/mren203-ws/build/steve_launch -- -j4 -l4
[12.233s] DEBUG:colcon.colcon_core.event_handler.log_command:Invoking command in '/home/steve/mren203-ws/build/steve_launch': CMAKE_PREFIX_PATH=${CMAKE_PREFIX_PATH}:/home/steve/mren203-ws/install/testing:/home/steve/mren203-ws/install/steve_ui:/home/steve/mren203-ws/install/motor_control:/home/steve/mren203-ws/install/joystick_ros2:/opt/ros/humble /usr/bin/cmake --install /home/steve/mren203-ws/build/steve_launch
[12.375s] Level 1:colcon.colcon_core.environment:create_environment_scripts_only(steve_msgs)
[12.447s] Level 1:colcon.colcon_core.environment:checking '/home/steve/mren203-ws/install/steve_msgs' for CMake module files
[12.451s] Level 1:colcon.colcon_core.environment:checking '/home/steve/mren203-ws/install/steve_msgs' for CMake config files
[12.456s] Level 1:colcon.colcon_core.shell:create_environment_hook('steve_msgs', 'cmake_prefix_path')
[12.526s] INFO:colcon.colcon_core.shell:Creating environment hook '/home/steve/mren203-ws/install/steve_msgs/share/steve_msgs/hook/cmake_prefix_path.ps1'
[12.528s] INFO:colcon.colcon_core.shell:Creating environment descriptor '/home/steve/mren203-ws/install/steve_msgs/share/steve_msgs/hook/cmake_prefix_path.dsv'
[12.530s] INFO:colcon.colcon_core.shell:Creating environment hook '/home/steve/mren203-ws/install/steve_msgs/share/steve_msgs/hook/cmake_prefix_path.sh'
[12.533s] Level 1:colcon.colcon_core.environment:checking '/home/steve/mren203-ws/install/steve_msgs/lib'
[12.533s] Level 1:colcon.colcon_core.shell:create_environment_hook('steve_msgs', 'ld_library_path_lib')
[12.605s] INFO:colcon.colcon_core.shell:Creating environment hook '/home/steve/mren203-ws/install/steve_msgs/share/steve_msgs/hook/ld_library_path_lib.ps1'
[12.607s] INFO:colcon.colcon_core.shell:Creating environment descriptor '/home/steve/mren203-ws/install/steve_msgs/share/steve_msgs/hook/ld_library_path_lib.dsv'
[12.608s] INFO:colcon.colcon_core.shell:Creating environment hook '/home/steve/mren203-ws/install/steve_msgs/share/steve_msgs/hook/ld_library_path_lib.sh'
[12.610s] Level 1:colcon.colcon_core.environment:checking '/home/steve/mren203-ws/install/steve_msgs/bin'
[12.611s] Level 1:colcon.colcon_core.environment:checking '/home/steve/mren203-ws/install/steve_msgs/lib/pkgconfig/steve_msgs.pc'
[12.612s] Level 1:colcon.colcon_core.environment:checking '/home/steve/mren203-ws/install/steve_msgs/lib/python3.10/site-packages'
[12.613s] Level 1:colcon.colcon_core.environment:checking '/home/steve/mren203-ws/install/steve_msgs/bin'
[12.688s] INFO:colcon.colcon_core.shell:Creating package script '/home/steve/mren203-ws/install/steve_msgs/share/steve_msgs/package.ps1'
[12.691s] INFO:colcon.colcon_core.shell:Creating package descriptor '/home/steve/mren203-ws/install/steve_msgs/share/steve_msgs/package.dsv'
[12.693s] INFO:colcon.colcon_core.shell:Creating package script '/home/steve/mren203-ws/install/steve_msgs/share/steve_msgs/package.sh'
[12.696s] INFO:colcon.colcon_core.shell:Creating package script '/home/steve/mren203-ws/install/steve_msgs/share/steve_msgs/package.bash'
[12.698s] INFO:colcon.colcon_core.shell:Creating package script '/home/steve/mren203-ws/install/steve_msgs/share/steve_msgs/package.zsh'
[12.700s] Level 1:colcon.colcon_core.environment:create_file_with_runtime_dependencies(/home/steve/mren203-ws/install/steve_msgs/share/colcon-core/packages/steve_msgs)
[12.703s] INFO:colcon.colcon_ros.task.ament_python.build:Building ROS package in '/home/steve/mren203-ws/src/testing' with build type 'ament_python'
[12.704s] Level 1:colcon.colcon_core.shell:create_environment_hook('testing', 'ament_prefix_path')
[12.783s] INFO:colcon.colcon_core.shell:Creating environment hook '/home/steve/mren203-ws/install/testing/share/testing/hook/ament_prefix_path.ps1'
[12.785s] INFO:colcon.colcon_core.shell:Creating environment descriptor '/home/steve/mren203-ws/install/testing/share/testing/hook/ament_prefix_path.dsv'
[12.788s] INFO:colcon.colcon_core.shell:Creating environment hook '/home/steve/mren203-ws/install/testing/share/testing/hook/ament_prefix_path.sh'
[12.863s] INFO:colcon.colcon_core.shell:Skip shell extension 'powershell' for command environment: Not usable outside of PowerShell
[12.863s] DEBUG:colcon.colcon_core.shell:Skip shell extension 'dsv' for command environment
[13.199s] Level 1:colcon.colcon_core.environment:create_environment_scripts_only(rplidar_ros)
[13.275s] Level 1:colcon.colcon_core.environment:checking '/home/steve/mren203-ws/install/rplidar_ros' for CMake module files
[13.278s] Level 1:colcon.colcon_core.environment:checking '/home/steve/mren203-ws/install/rplidar_ros' for CMake config files
[13.280s] Level 1:colcon.colcon_core.shell:create_environment_hook('rplidar_ros', 'cmake_prefix_path')
[13.353s] INFO:colcon.colcon_core.shell:Creating environment hook '/home/steve/mren203-ws/install/rplidar_ros/share/rplidar_ros/hook/cmake_prefix_path.ps1'
[13.355s] INFO:colcon.colcon_core.shell:Creating environment descriptor '/home/steve/mren203-ws/install/rplidar_ros/share/rplidar_ros/hook/cmake_prefix_path.dsv'
[13.357s] INFO:colcon.colcon_core.shell:Creating environment hook '/home/steve/mren203-ws/install/rplidar_ros/share/rplidar_ros/hook/cmake_prefix_path.sh'
[13.359s] Level 1:colcon.colcon_core.environment:checking '/home/steve/mren203-ws/install/rplidar_ros/lib'
[13.360s] Level 1:colcon.colcon_core.shell:create_environment_hook('rplidar_ros', 'ld_library_path_lib')
[13.433s] INFO:colcon.colcon_core.shell:Creating environment hook '/home/steve/mren203-ws/install/rplidar_ros/share/rplidar_ros/hook/ld_library_path_lib.ps1'
[13.435s] INFO:colcon.colcon_core.shell:Creating environment descriptor '/home/steve/mren203-ws/install/rplidar_ros/share/rplidar_ros/hook/ld_library_path_lib.dsv'
[13.437s] INFO:colcon.colcon_core.shell:Creating environment hook '/home/steve/mren203-ws/install/rplidar_ros/share/rplidar_ros/hook/ld_library_path_lib.sh'
[13.439s] Level 1:colcon.colcon_core.environment:checking '/home/steve/mren203-ws/install/rplidar_ros/bin'
[13.439s] Level 1:colcon.colcon_core.environment:checking '/home/steve/mren203-ws/install/rplidar_ros/lib/pkgconfig/rplidar_ros.pc'
[13.440s] Level 1:colcon.colcon_core.environment:checking '/home/steve/mren203-ws/install/rplidar_ros/lib/python3.10/site-packages'
[13.441s] Level 1:colcon.colcon_core.environment:checking '/home/steve/mren203-ws/install/rplidar_ros/bin'
[13.515s] INFO:colcon.colcon_core.shell:Creating package script '/home/steve/mren203-ws/install/rplidar_ros/share/rplidar_ros/package.ps1'
[13.518s] INFO:colcon.colcon_core.shell:Creating package descriptor '/home/steve/mren203-ws/install/rplidar_ros/share/rplidar_ros/package.dsv'
[13.521s] INFO:colcon.colcon_core.shell:Creating package script '/home/steve/mren203-ws/install/rplidar_ros/share/rplidar_ros/package.sh'
[13.523s] INFO:colcon.colcon_core.shell:Creating package script '/home/steve/mren203-ws/install/rplidar_ros/share/rplidar_ros/package.bash'
[13.525s] INFO:colcon.colcon_core.shell:Creating package script '/home/steve/mren203-ws/install/rplidar_ros/share/rplidar_ros/package.zsh'
[13.528s] Level 1:colcon.colcon_core.environment:create_file_with_runtime_dependencies(/home/steve/mren203-ws/install/rplidar_ros/share/colcon-core/packages/rplidar_ros)
[13.530s] Level 1:colcon.colcon_core.environment:create_environment_scripts_only(steve_launch)
[13.534s] DEBUG:colcon.colcon_core.event_handler.log_command:Invoked command in '/home/steve/mren203-ws/build/steve_launch' returned '0': CMAKE_PREFIX_PATH=${CMAKE_PREFIX_PATH}:/home/steve/mren203-ws/install/testing:/home/steve/mren203-ws/install/steve_ui:/home/steve/mren203-ws/install/motor_control:/home/steve/mren203-ws/install/joystick_ros2:/opt/ros/humble /usr/bin/cmake --install /home/steve/mren203-ws/build/steve_launch
[13.609s] Level 1:colcon.colcon_core.environment:checking '/home/steve/mren203-ws/install/steve_launch' for CMake module files
[13.612s] Level 1:colcon.colcon_core.environment:checking '/home/steve/mren203-ws/install/steve_launch' for CMake config files
[13.615s] Level 1:colcon.colcon_core.shell:create_environment_hook('steve_launch', 'cmake_prefix_path')
[13.686s] INFO:colcon.colcon_core.shell:Creating environment hook '/home/steve/mren203-ws/install/steve_launch/share/steve_launch/hook/cmake_prefix_path.ps1'
[13.689s] INFO:colcon.colcon_core.shell:Creating environment descriptor '/home/steve/mren203-ws/install/steve_launch/share/steve_launch/hook/cmake_prefix_path.dsv'
[13.690s] INFO:colcon.colcon_core.shell:Creating environment hook '/home/steve/mren203-ws/install/steve_launch/share/steve_launch/hook/cmake_prefix_path.sh'
[13.693s] Level 1:colcon.colcon_core.environment:checking '/home/steve/mren203-ws/install/steve_launch/bin'
[13.693s] Level 1:colcon.colcon_core.environment:checking '/home/steve/mren203-ws/install/steve_launch/lib/pkgconfig/steve_launch.pc'
[13.694s] Level 1:colcon.colcon_core.environment:checking '/home/steve/mren203-ws/install/steve_launch/lib/python3.10/site-packages'
[13.695s] Level 1:colcon.colcon_core.environment:checking '/home/steve/mren203-ws/install/steve_launch/bin'
[13.765s] INFO:colcon.colcon_core.shell:Creating package script '/home/steve/mren203-ws/install/steve_launch/share/steve_launch/package.ps1'
[13.768s] INFO:colcon.colcon_core.shell:Creating package descriptor '/home/steve/mren203-ws/install/steve_launch/share/steve_launch/package.dsv'
[13.770s] INFO:colcon.colcon_core.shell:Creating package script '/home/steve/mren203-ws/install/steve_launch/share/steve_launch/package.sh'
[13.772s] INFO:colcon.colcon_core.shell:Creating package script '/home/steve/mren203-ws/install/steve_launch/share/steve_launch/package.bash'
[13.774s] INFO:colcon.colcon_core.shell:Creating package script '/home/steve/mren203-ws/install/steve_launch/share/steve_launch/package.zsh'
[13.775s] Level 1:colcon.colcon_core.environment:create_file_with_runtime_dependencies(/home/steve/mren203-ws/install/steve_launch/share/colcon-core/packages/steve_launch)
[13.781s] INFO:colcon.colcon_ros.task.ament_python.build:Building ROS package in '/home/steve/mren203-ws/src/motor_control' with build type 'ament_python'
[13.782s] Level 1:colcon.colcon_core.shell:create_environment_hook('motor_control', 'ament_prefix_path')
[13.879s] INFO:colcon.colcon_core.shell:Creating environment hook '/home/steve/mren203-ws/install/motor_control/share/motor_control/hook/ament_prefix_path.ps1'
[13.881s] INFO:colcon.colcon_core.shell:Creating environment descriptor '/home/steve/mren203-ws/install/motor_control/share/motor_control/hook/ament_prefix_path.dsv'
[13.883s] INFO:colcon.colcon_core.shell:Creating environment hook '/home/steve/mren203-ws/install/motor_control/share/motor_control/hook/ament_prefix_path.sh'
[14.022s] INFO:colcon.colcon_core.shell:Skip shell extension 'powershell' for command environment: Not usable outside of PowerShell
[14.022s] DEBUG:colcon.colcon_core.shell:Skip shell extension 'dsv' for command environment
[15.447s] INFO:colcon.colcon_core.task.python.build:Building Python package in '/home/steve/mren203-ws/src/testing'
[15.512s] INFO:colcon.colcon_core.shell:Skip shell extension 'powershell' for command environment: Not usable outside of PowerShell
[15.512s] DEBUG:colcon.colcon_core.shell:Skip shell extension 'dsv' for command environment
[15.777s] Level 1:colcon.colcon_core.environment:create_environment_scripts_only(steve_launch)
[15.838s] Level 1:colcon.colcon_core.environment:checking '/home/steve/mren203-ws/install/steve_launch' for CMake module files
[15.841s] Level 1:colcon.colcon_core.environment:checking '/home/steve/mren203-ws/install/steve_launch' for CMake config files
[15.844s] Level 1:colcon.colcon_core.shell:create_environment_hook('steve_launch', 'cmake_prefix_path')
[15.903s] INFO:colcon.colcon_core.shell:Creating environment hook '/home/steve/mren203-ws/install/steve_launch/share/steve_launch/hook/cmake_prefix_path.ps1'
[15.905s] INFO:colcon.colcon_core.shell:Creating environment descriptor '/home/steve/mren203-ws/install/steve_launch/share/steve_launch/hook/cmake_prefix_path.dsv'
[15.908s] INFO:colcon.colcon_core.shell:Creating environment hook '/home/steve/mren203-ws/install/steve_launch/share/steve_launch/hook/cmake_prefix_path.sh'
[15.910s] Level 1:colcon.colcon_core.environment:checking '/home/steve/mren203-ws/install/steve_launch/bin'
[15.910s] Level 1:colcon.colcon_core.environment:checking '/home/steve/mren203-ws/install/steve_launch/lib/pkgconfig/steve_launch.pc'
[15.911s] Level 1:colcon.colcon_core.environment:checking '/home/steve/mren203-ws/install/steve_launch/lib/python3.10/site-packages'
[15.912s] Level 1:colcon.colcon_core.environment:checking '/home/steve/mren203-ws/install/steve_launch/bin'
[15.973s] INFO:colcon.colcon_core.shell:Creating package script '/home/steve/mren203-ws/install/steve_launch/share/steve_launch/package.ps1'
[15.975s] INFO:colcon.colcon_core.shell:Creating package descriptor '/home/steve/mren203-ws/install/steve_launch/share/steve_launch/package.dsv'
[15.977s] INFO:colcon.colcon_core.shell:Creating package script '/home/steve/mren203-ws/install/steve_launch/share/steve_launch/package.sh'
[15.979s] INFO:colcon.colcon_core.shell:Creating package script '/home/steve/mren203-ws/install/steve_launch/share/steve_launch/package.bash'
[15.981s] INFO:colcon.colcon_core.shell:Creating package script '/home/steve/mren203-ws/install/steve_launch/share/steve_launch/package.zsh'
[15.983s] Level 1:colcon.colcon_core.environment:create_file_with_runtime_dependencies(/home/steve/mren203-ws/install/steve_launch/share/colcon-core/packages/steve_launch)
[15.984s] Level 1:colcon.colcon_core.shell:create_environment_hook('joystick_ros2', 'pythonpath_develop')
[15.988s] DEBUG:colcon.colcon_core.event_handler.log_command:Invoked command in '/home/steve/mren203-ws/build/joystick_ros2' returned '0': PYTHONPATH=/home/steve/mren203-ws/build/joystick_ros2/prefix_override:/home/steve/mren203-ws/install/joystick_ros2/lib/python3.10/site-packages:${PYTHONPATH} /usr/bin/python3 setup.py develop --editable --build-directory /home/steve/mren203-ws/build/joystick_ros2/build --no-deps install_data
[16.049s] INFO:colcon.colcon_core.shell:Creating environment hook '/home/steve/mren203-ws/build/joystick_ros2/share/joystick_ros2/hook/pythonpath_develop.ps1'
[16.051s] INFO:colcon.colcon_core.shell:Creating environment descriptor '/home/steve/mren203-ws/build/joystick_ros2/share/joystick_ros2/hook/pythonpath_develop.dsv'
[16.053s] INFO:colcon.colcon_core.shell:Creating environment hook '/home/steve/mren203-ws/build/joystick_ros2/share/joystick_ros2/hook/pythonpath_develop.sh'
[16.116s] Level 1:colcon.colcon_core.environment:checking '/home/steve/mren203-ws/install/joystick_ros2' for CMake module files
[16.118s] Level 1:colcon.colcon_core.environment:checking '/home/steve/mren203-ws/install/joystick_ros2' for CMake config files
[16.121s] Level 1:colcon.colcon_core.environment:checking '/home/steve/mren203-ws/install/joystick_ros2/lib'
[16.121s] Level 1:colcon.colcon_core.environment:checking '/home/steve/mren203-ws/install/joystick_ros2/bin'
[16.121s] Level 1:colcon.colcon_core.environment:checking '/home/steve/mren203-ws/install/joystick_ros2/lib/pkgconfig/joystick_ros2.pc'
[16.122s] Level 1:colcon.colcon_core.environment:checking '/home/steve/mren203-ws/install/joystick_ros2/lib/python3.10/site-packages'
[16.123s] Level 1:colcon.colcon_core.shell:create_environment_hook('joystick_ros2', 'pythonpath')
[16.183s] INFO:colcon.colcon_core.shell:Creating environment hook '/home/steve/mren203-ws/install/joystick_ros2/share/joystick_ros2/hook/pythonpath.ps1'
[16.185s] INFO:colcon.colcon_core.shell:Creating environment descriptor '/home/steve/mren203-ws/install/joystick_ros2/share/joystick_ros2/hook/pythonpath.dsv'
[16.186s] INFO:colcon.colcon_core.shell:Creating environment hook '/home/steve/mren203-ws/install/joystick_ros2/share/joystick_ros2/hook/pythonpath.sh'
[16.189s] Level 1:colcon.colcon_core.environment:checking '/home/steve/mren203-ws/install/joystick_ros2/bin'
[16.189s] Level 1:colcon.colcon_core.environment:create_environment_scripts_only(joystick_ros2)
[16.250s] INFO:colcon.colcon_core.shell:Creating package script '/home/steve/mren203-ws/install/joystick_ros2/share/joystick_ros2/package.ps1'
[16.253s] INFO:colcon.colcon_core.shell:Creating package descriptor '/home/steve/mren203-ws/install/joystick_ros2/share/joystick_ros2/package.dsv'
[16.255s] INFO:colcon.colcon_core.shell:Creating package script '/home/steve/mren203-ws/install/joystick_ros2/share/joystick_ros2/package.sh'
[16.257s] INFO:colcon.colcon_core.shell:Creating package script '/home/steve/mren203-ws/install/joystick_ros2/share/joystick_ros2/package.bash'
[16.259s] INFO:colcon.colcon_core.shell:Creating package script '/home/steve/mren203-ws/install/joystick_ros2/share/joystick_ros2/package.zsh'
[16.260s] Level 1:colcon.colcon_core.environment:create_file_with_runtime_dependencies(/home/steve/mren203-ws/install/joystick_ros2/share/colcon-core/packages/joystick_ros2)
[16.264s] INFO:colcon.colcon_ros.task.ament_python.build:Building ROS package in '/home/steve/mren203-ws/src/steve_ui' with build type 'ament_python'
[16.264s] Level 1:colcon.colcon_core.shell:create_environment_hook('steve_ui', 'ament_prefix_path')
[16.329s] INFO:colcon.colcon_core.shell:Creating environment hook '/home/steve/mren203-ws/install/steve_ui/share/steve_ui/hook/ament_prefix_path.ps1'
[16.331s] INFO:colcon.colcon_core.shell:Creating environment descriptor '/home/steve/mren203-ws/install/steve_ui/share/steve_ui/hook/ament_prefix_path.dsv'
[16.332s] INFO:colcon.colcon_core.shell:Creating environment hook '/home/steve/mren203-ws/install/steve_ui/share/steve_ui/hook/ament_prefix_path.sh'
[16.394s] INFO:colcon.colcon_core.shell:Skip shell extension 'powershell' for command environment: Not usable outside of PowerShell
[16.395s] DEBUG:colcon.colcon_core.shell:Skip shell extension 'dsv' for command environment
[17.764s] INFO:colcon.colcon_core.task.python.build:Building Python package in '/home/steve/mren203-ws/src/motor_control'
[17.828s] INFO:colcon.colcon_core.shell:Skip shell extension 'powershell' for command environment: Not usable outside of PowerShell
[17.829s] DEBUG:colcon.colcon_core.shell:Skip shell extension 'dsv' for command environment
[19.372s] INFO:colcon.colcon_core.task.python.build:Building Python package in '/home/steve/mren203-ws/src/steve_ui'
[19.455s] INFO:colcon.colcon_core.shell:Skip shell extension 'powershell' for command environment: Not usable outside of PowerShell
[19.455s] DEBUG:colcon.colcon_core.shell:Skip shell extension 'dsv' for command environment
[19.891s] DEBUG:colcon.colcon_core.event_handler.log_command:Invoking command in '/home/steve/mren203-ws/build/testing': PYTHONPATH=/home/steve/mren203-ws/build/testing/prefix_override:/home/steve/mren203-ws/install/testing/lib/python3.10/site-packages:${PYTHONPATH} /usr/bin/python3 setup.py develop --editable --build-directory /home/steve/mren203-ws/build/testing/build --no-deps install_data
[21.894s] DEBUG:colcon.colcon_core.event_handler.log_command:Invoking command in '/home/steve/mren203-ws/build/motor_control': PYTHONPATH=/home/steve/mren203-ws/build/motor_control/prefix_override:/home/steve/mren203-ws/install/motor_control/lib/python3.10/site-packages:${PYTHONPATH} /usr/bin/python3 setup.py develop --editable --build-directory /home/steve/mren203-ws/build/motor_control/build --no-deps install_data
[21.909s] DEBUG:colcon.colcon_core.event_handler.log_command:Invoking command in '/home/steve/mren203-ws/build/steve_ui': PYTHONPATH=/home/steve/mren203-ws/build/steve_ui/prefix_override:/home/steve/mren203-ws/install/steve_ui/lib/python3.10/site-packages:${PYTHONPATH} /usr/bin/python3 setup.py develop --editable --build-directory /home/steve/mren203-ws/build/steve_ui/build --no-deps install_data
[22.925s] Level 1:colcon.colcon_core.shell:create_environment_hook('testing', 'pythonpath_develop')
[22.939s] DEBUG:colcon.colcon_core.event_handler.log_command:Invoked command in '/home/steve/mren203-ws/build/testing' returned '0': PYTHONPATH=/home/steve/mren203-ws/build/testing/prefix_override:/home/steve/mren203-ws/install/testing/lib/python3.10/site-packages:${PYTHONPATH} /usr/bin/python3 setup.py develop --editable --build-directory /home/steve/mren203-ws/build/testing/build --no-deps install_data
[23.015s] INFO:colcon.colcon_core.shell:Creating environment hook '/home/steve/mren203-ws/build/testing/share/testing/hook/pythonpath_develop.ps1'
[23.017s] INFO:colcon.colcon_core.shell:Creating environment descriptor '/home/steve/mren203-ws/build/testing/share/testing/hook/pythonpath_develop.dsv'
[23.021s] INFO:colcon.colcon_core.shell:Creating environment hook '/home/steve/mren203-ws/build/testing/share/testing/hook/pythonpath_develop.sh'
[23.115s] Level 1:colcon.colcon_core.environment:checking '/home/steve/mren203-ws/install/testing' for CMake module files
[23.118s] Level 1:colcon.colcon_core.environment:checking '/home/steve/mren203-ws/install/testing' for CMake config files
[23.123s] Level 1:colcon.colcon_core.environment:checking '/home/steve/mren203-ws/install/testing/lib'
[23.124s] Level 1:colcon.colcon_core.environment:checking '/home/steve/mren203-ws/install/testing/bin'
[23.125s] Level 1:colcon.colcon_core.environment:checking '/home/steve/mren203-ws/install/testing/lib/pkgconfig/testing.pc'
[23.126s] Level 1:colcon.colcon_core.environment:checking '/home/steve/mren203-ws/install/testing/lib/python3.10/site-packages'
[23.126s] Level 1:colcon.colcon_core.shell:create_environment_hook('testing', 'pythonpath')
[23.225s] INFO:colcon.colcon_core.shell:Creating environment hook '/home/steve/mren203-ws/install/testing/share/testing/hook/pythonpath.ps1'
[23.229s] INFO:colcon.colcon_core.shell:Creating environment descriptor '/home/steve/mren203-ws/install/testing/share/testing/hook/pythonpath.dsv'
[23.232s] INFO:colcon.colcon_core.shell:Creating environment hook '/home/steve/mren203-ws/install/testing/share/testing/hook/pythonpath.sh'
[23.236s] Level 1:colcon.colcon_core.environment:checking '/home/steve/mren203-ws/install/testing/bin'
[23.236s] Level 1:colcon.colcon_core.environment:create_environment_scripts_only(testing)
[23.326s] INFO:colcon.colcon_core.shell:Creating package script '/home/steve/mren203-ws/install/testing/share/testing/package.ps1'
[23.330s] INFO:colcon.colcon_core.shell:Creating package descriptor '/home/steve/mren203-ws/install/testing/share/testing/package.dsv'
[23.333s] INFO:colcon.colcon_core.shell:Creating package script '/home/steve/mren203-ws/install/testing/share/testing/package.sh'
[23.335s] INFO:colcon.colcon_core.shell:Creating package script '/home/steve/mren203-ws/install/testing/share/testing/package.bash'
[23.338s] INFO:colcon.colcon_core.shell:Creating package script '/home/steve/mren203-ws/install/testing/share/testing/package.zsh'
[23.340s] Level 1:colcon.colcon_core.environment:create_file_with_runtime_dependencies(/home/steve/mren203-ws/install/testing/share/colcon-core/packages/testing)
[24.582s] Level 1:colcon.colcon_core.shell:create_environment_hook('motor_control', 'pythonpath_develop')
[24.584s] DEBUG:colcon.colcon_core.event_handler.log_command:Invoked command in '/home/steve/mren203-ws/build/motor_control' returned '0': PYTHONPATH=/home/steve/mren203-ws/build/motor_control/prefix_override:/home/steve/mren203-ws/install/motor_control/lib/python3.10/site-packages:${PYTHONPATH} /usr/bin/python3 setup.py develop --editable --build-directory /home/steve/mren203-ws/build/motor_control/build --no-deps install_data
[24.647s] INFO:colcon.colcon_core.shell:Creating environment hook '/home/steve/mren203-ws/build/motor_control/share/motor_control/hook/pythonpath_develop.ps1'
[24.649s] INFO:colcon.colcon_core.shell:Creating environment descriptor '/home/steve/mren203-ws/build/motor_control/share/motor_control/hook/pythonpath_develop.dsv'
[24.651s] INFO:colcon.colcon_core.shell:Creating environment hook '/home/steve/mren203-ws/build/motor_control/share/motor_control/hook/pythonpath_develop.sh'
[24.715s] Level 1:colcon.colcon_core.environment:checking '/home/steve/mren203-ws/install/motor_control' for CMake module files
[24.717s] Level 1:colcon.colcon_core.environment:checking '/home/steve/mren203-ws/install/motor_control' for CMake config files
[24.719s] Level 1:colcon.colcon_core.environment:checking '/home/steve/mren203-ws/install/motor_control/lib'
[24.720s] Level 1:colcon.colcon_core.environment:checking '/home/steve/mren203-ws/install/motor_control/bin'
[24.720s] Level 1:colcon.colcon_core.environment:checking '/home/steve/mren203-ws/install/motor_control/lib/pkgconfig/motor_control.pc'
[24.721s] Level 1:colcon.colcon_core.environment:checking '/home/steve/mren203-ws/install/motor_control/lib/python3.10/site-packages'
[24.721s] Level 1:colcon.colcon_core.shell:create_environment_hook('motor_control', 'pythonpath')
[24.782s] INFO:colcon.colcon_core.shell:Creating environment hook '/home/steve/mren203-ws/install/motor_control/share/motor_control/hook/pythonpath.ps1'
[24.784s] INFO:colcon.colcon_core.shell:Creating environment descriptor '/home/steve/mren203-ws/install/motor_control/share/motor_control/hook/pythonpath.dsv'
[24.786s] INFO:colcon.colcon_core.shell:Creating environment hook '/home/steve/mren203-ws/install/motor_control/share/motor_control/hook/pythonpath.sh'
[24.788s] Level 1:colcon.colcon_core.environment:checking '/home/steve/mren203-ws/install/motor_control/bin'
[24.789s] Level 1:colcon.colcon_core.environment:create_environment_scripts_only(motor_control)
[24.851s] INFO:colcon.colcon_core.shell:Creating package script '/home/steve/mren203-ws/install/motor_control/share/motor_control/package.ps1'
[24.853s] INFO:colcon.colcon_core.shell:Creating package descriptor '/home/steve/mren203-ws/install/motor_control/share/motor_control/package.dsv'
[24.856s] INFO:colcon.colcon_core.shell:Creating package script '/home/steve/mren203-ws/install/motor_control/share/motor_control/package.sh'
[24.858s] INFO:colcon.colcon_core.shell:Creating package script '/home/steve/mren203-ws/install/motor_control/share/motor_control/package.bash'
[24.860s] INFO:colcon.colcon_core.shell:Creating package script '/home/steve/mren203-ws/install/motor_control/share/motor_control/package.zsh'
[24.861s] Level 1:colcon.colcon_core.environment:create_file_with_runtime_dependencies(/home/steve/mren203-ws/install/motor_control/share/colcon-core/packages/motor_control)
[24.865s] Level 1:colcon.colcon_core.shell:create_environment_hook('steve_ui', 'pythonpath_develop')
[24.868s] DEBUG:colcon.colcon_core.event_handler.log_command:Invoked command in '/home/steve/mren203-ws/build/steve_ui' returned '0': PYTHONPATH=/home/steve/mren203-ws/build/steve_ui/prefix_override:/home/steve/mren203-ws/install/steve_ui/lib/python3.10/site-packages:${PYTHONPATH} /usr/bin/python3 setup.py develop --editable --build-directory /home/steve/mren203-ws/build/steve_ui/build --no-deps install_data
[24.929s] INFO:colcon.colcon_core.shell:Creating environment hook '/home/steve/mren203-ws/build/steve_ui/share/steve_ui/hook/pythonpath_develop.ps1'
[24.931s] INFO:colcon.colcon_core.shell:Creating environment descriptor '/home/steve/mren203-ws/build/steve_ui/share/steve_ui/hook/pythonpath_develop.dsv'
[24.933s] INFO:colcon.colcon_core.shell:Creating environment hook '/home/steve/mren203-ws/build/steve_ui/share/steve_ui/hook/pythonpath_develop.sh'
[24.997s] Level 1:colcon.colcon_core.environment:checking '/home/steve/mren203-ws/install/steve_ui' for CMake module files
[24.999s] Level 1:colcon.colcon_core.environment:checking '/home/steve/mren203-ws/install/steve_ui' for CMake config files
[25.002s] Level 1:colcon.colcon_core.environment:checking '/home/steve/mren203-ws/install/steve_ui/lib'
[25.002s] Level 1:colcon.colcon_core.environment:checking '/home/steve/mren203-ws/install/steve_ui/bin'
[25.002s] Level 1:colcon.colcon_core.environment:checking '/home/steve/mren203-ws/install/steve_ui/lib/pkgconfig/steve_ui.pc'
[25.003s] Level 1:colcon.colcon_core.environment:checking '/home/steve/mren203-ws/install/steve_ui/lib/python3.10/site-packages'
[25.003s] Level 1:colcon.colcon_core.shell:create_environment_hook('steve_ui', 'pythonpath')
[25.065s] INFO:colcon.colcon_core.shell:Creating environment hook '/home/steve/mren203-ws/install/steve_ui/share/steve_ui/hook/pythonpath.ps1'
[25.067s] INFO:colcon.colcon_core.shell:Creating environment descriptor '/home/steve/mren203-ws/install/steve_ui/share/steve_ui/hook/pythonpath.dsv'
[25.068s] INFO:colcon.colcon_core.shell:Creating environment hook '/home/steve/mren203-ws/install/steve_ui/share/steve_ui/hook/pythonpath.sh'
[25.071s] Level 1:colcon.colcon_core.environment:checking '/home/steve/mren203-ws/install/steve_ui/bin'
[25.071s] Level 1:colcon.colcon_core.environment:create_environment_scripts_only(steve_ui)
[25.132s] INFO:colcon.colcon_core.shell:Creating package script '/home/steve/mren203-ws/install/steve_ui/share/steve_ui/package.ps1'
[25.134s] INFO:colcon.colcon_core.shell:Creating package descriptor '/home/steve/mren203-ws/install/steve_ui/share/steve_ui/package.dsv'
[25.136s] INFO:colcon.colcon_core.shell:Creating package script '/home/steve/mren203-ws/install/steve_ui/share/steve_ui/package.sh'
[25.139s] INFO:colcon.colcon_core.shell:Creating package script '/home/steve/mren203-ws/install/steve_ui/share/steve_ui/package.bash'
[25.141s] INFO:colcon.colcon_core.shell:Creating package script '/home/steve/mren203-ws/install/steve_ui/share/steve_ui/package.zsh'
[25.142s] Level 1:colcon.colcon_core.environment:create_file_with_runtime_dependencies(/home/steve/mren203-ws/install/steve_ui/share/colcon-core/packages/steve_ui)
[25.144s] DEBUG:colcon.colcon_parallel_executor.executor.parallel:closing loop
[25.145s] DEBUG:colcon.colcon_parallel_executor.executor.parallel:loop closed
[25.146s] DEBUG:colcon.colcon_parallel_executor.executor.parallel:run_until_complete finished with '0'
[25.147s] DEBUG:colcon.colcon_core.event_reactor:joining thread
[25.230s] INFO:colcon.colcon_core.plugin_system:Skipping extension 'colcon_notification.desktop_notification.notify_send': Could not find 'notify-send'
[25.230s] INFO:colcon.colcon_core.plugin_system:Skipping extension 'colcon_notification.desktop_notification.terminal_notifier': Not used on non-Darwin systems
[25.230s] INFO:colcon.colcon_core.plugin_system:Skipping extension 'colcon_notification.desktop_notification.win32': Not used on non-Windows systems
[25.231s] INFO:colcon.colcon_notification.desktop_notification:Sending desktop notification using 'notify2'
[25.233s] DEBUG:colcon.colcon_notification.desktop_notification.notify2:Failed to initialize notify2: org.freedesktop.DBus.Error.ServiceUnknown: The name org.freedesktop.Notifications was not provided by any .service files
[25.234s] DEBUG:colcon.colcon_core.event_reactor:joined thread
[25.297s] INFO:colcon.colcon_core.shell:Creating prefix script '/home/steve/mren203-ws/install/local_setup.ps1'
[25.301s] INFO:colcon.colcon_core.shell:Creating prefix util module '/home/steve/mren203-ws/install/_local_setup_util_ps1.py'
[25.306s] INFO:colcon.colcon_core.shell:Creating prefix chain script '/home/steve/mren203-ws/install/setup.ps1'
[25.372s] INFO:colcon.colcon_core.shell:Creating prefix script '/home/steve/mren203-ws/install/local_setup.sh'
[25.375s] INFO:colcon.colcon_core.shell:Creating prefix util module '/home/steve/mren203-ws/install/_local_setup_util_sh.py'
[25.377s] INFO:colcon.colcon_core.shell:Creating prefix chain script '/home/steve/mren203-ws/install/setup.sh'
[25.442s] INFO:colcon.colcon_core.shell:Creating prefix script '/home/steve/mren203-ws/install/local_setup.bash'
[25.444s] INFO:colcon.colcon_core.shell:Creating prefix chain script '/home/steve/mren203-ws/install/setup.bash'
[25.509s] INFO:colcon.colcon_core.shell:Creating prefix script '/home/steve/mren203-ws/install/local_setup.zsh'
[25.511s] INFO:colcon.colcon_core.shell:Creating prefix chain script '/home/steve/mren203-ws/install/setup.zsh'
