[0.968s] Invoking command in '/home/dj/MREN203/joint_states/mren203-ws/build/joystick_ros2': PYTHONPATH=/home/dj/MREN203/joint_states/mren203-ws/build/joystick_ros2/prefix_override:/home/dj/MREN203/joint_states/mren203-ws/install/joystick_ros2/lib/python3.10/site-packages:${PYTHONPATH} /usr/bin/python3 setup.py develop --editable --build-directory /home/dj/MREN203/joint_states/mren203-ws/build/joystick_ros2/build --no-deps install_data
[1.237s] running develop
[1.237s] /home/dj/.local/lib/python3.10/site-packages/setuptools/command/develop.py:40: EasyInstallDeprecationWarning: easy_install command is deprecated.
[1.237s] !!
[1.237s] 
[1.237s]         ********************************************************************************
[1.237s]         Please avoid running ``setup.py`` and ``easy_install``.
[1.237s]         Instead, use pypa/build, pypa/installer or other
[1.237s]         standards-based tools.
[1.237s] 
[1.237s]         See https://github.com/pypa/setuptools/issues/917 for details.
[1.237s]         ********************************************************************************
[1.237s] 
[1.237s] !!
[1.237s]   easy_install.initialize_options(self)
[1.263s] /home/dj/.local/lib/python3.10/site-packages/setuptools/_distutils/cmd.py:66: SetuptoolsDeprecationWarning: setup.py install is deprecated.
[1.264s] !!
[1.265s] 
[1.265s]         ********************************************************************************
[1.265s]         Please avoid running ``setup.py`` directly.
[1.265s]         Instead, use pypa/build, pypa/installer or other
[1.265s]         standards-based tools.
[1.265s] 
[1.265s]         See https://blog.ganssle.io/articles/2021/10/setup-py-deprecated.html for details.
[1.265s]         ********************************************************************************
[1.265s] 
[1.265s] !!
[1.265s]   self.initialize_options()
[1.429s] running egg_info
[1.443s] writing joystick_ros2.egg-info/PKG-INFO
[1.443s] writing dependency_links to joystick_ros2.egg-info/dependency_links.txt
[1.443s] writing entry points to joystick_ros2.egg-info/entry_points.txt
[1.443s] writing requirements to joystick_ros2.egg-info/requires.txt
[1.443s] writing top-level names to joystick_ros2.egg-info/top_level.txt
[1.471s] reading manifest file 'joystick_ros2.egg-info/SOURCES.txt'
[1.471s] writing manifest file 'joystick_ros2.egg-info/SOURCES.txt'
[1.521s] running build_ext
[1.521s] Creating /home/dj/MREN203/joint_states/mren203-ws/install/joystick_ros2/lib/python3.10/site-packages/joystick-ros2.egg-link (link to .)
[1.522s] Installing joystick_ros2 script to /home/dj/MREN203/joint_states/mren203-ws/install/joystick_ros2/lib/joystick_ros2
[1.522s] 
[1.522s] Installed /home/dj/MREN203/joint_states/mren203-ws/build/joystick_ros2
[1.522s] running install_data
[1.522s] copying resource/joystick_ros2 -> /home/dj/MREN203/joint_states/mren203-ws/install/joystick_ros2/share/ament_index/resource_index/packages
[1.522s] copying package.xml -> /home/dj/MREN203/joint_states/mren203-ws/install/joystick_ros2/shared/joystick_ros2
[1.700s] Invoked command in '/home/dj/MREN203/joint_states/mren203-ws/build/joystick_ros2' returned '0': PYTHONPATH=/home/dj/MREN203/joint_states/mren203-ws/build/joystick_ros2/prefix_override:/home/dj/MREN203/joint_states/mren203-ws/install/joystick_ros2/lib/python3.10/site-packages:${PYTHONPATH} /usr/bin/python3 setup.py develop --editable --build-directory /home/dj/MREN203/joint_states/mren203-ws/build/joystick_ros2/build --no-deps install_data
