[1.386s] Invoking command in '/home/steve/mren203-ws/build/steve_msgs': CMAKE_PREFIX_PATH=${CMAKE_PREFIX_PATH}:/home/steve/mren203-ws/install/testing:/home/steve/mren203-ws/install/steve_ui:/home/steve/mren203-ws/install/motor_control:/home/steve/mren203-ws/install/joystick_ros2:/opt/ros/humble /usr/bin/cmake --build /home/steve/mren203-ws/build/steve_msgs -- -j4 -l4
[3.750s] [  1%] Built target steve_msgs__cpp
[3.752s] [ 12%] Built target steve_msgs__rosidl_generator_c
[3.755s] [ 12%] Built target ament_cmake_python_symlink_steve_msgs
[3.758s] [ 23%] Built target steve_msgs__rosidl_typesupport_fastrtps_cpp
[3.764s] [ 34%] Built target steve_msgs__rosidl_typesupport_cpp
[3.765s] [ 45%] Built target steve_msgs__rosidl_typesupport_introspection_cpp
[3.766s] [ 56%] Built target steve_msgs__rosidl_typesupport_fastrtps_c
[3.767s] [ 67%] Built target steve_msgs__rosidl_typesupport_introspection_c
[3.767s] [ 78%] Built target steve_msgs__rosidl_typesupport_c
[3.768s] [ 78%] Built target steve_msgs
[3.768s] [ 80%] Built target steve_msgs__py
[3.769s] [ 89%] Built target steve_msgs__rosidl_generator_py
[3.769s] [ 92%] Built target steve_msgs__rosidl_typesupport_c__pyext
[3.770s] [ 96%] Built target steve_msgs__rosidl_typesupport_introspection_c__pyext
[3.773s] [100%] Built target steve_msgs__rosidl_typesupport_fastrtps_c__pyext
[3.774s] running egg_info
[3.774s] writing steve_msgs.egg-info/PKG-INFO
[3.775s] writing dependency_links to steve_msgs.egg-info/dependency_links.txt
[3.776s] writing top-level names to steve_msgs.egg-info/top_level.txt
[3.780s] reading manifest file 'steve_msgs.egg-info/SOURCES.txt'
[3.784s] writing manifest file 'steve_msgs.egg-info/SOURCES.txt'
[3.787s] [100%] Built target ament_cmake_python_build_steve_msgs_egg
[3.811s] Invoked command in '/home/steve/mren203-ws/build/steve_msgs' returned '0': CMAKE_PREFIX_PATH=${CMAKE_PREFIX_PATH}:/home/steve/mren203-ws/install/testing:/home/steve/mren203-ws/install/steve_ui:/home/steve/mren203-ws/install/motor_control:/home/steve/mren203-ws/install/joystick_ros2:/opt/ros/humble /usr/bin/cmake --build /home/steve/mren203-ws/build/steve_msgs -- -j4 -l4
[5.985s] Invoking command in '/home/steve/mren203-ws/build/steve_msgs': CMAKE_PREFIX_PATH=${CMAKE_PREFIX_PATH}:/home/steve/mren203-ws/install/testing:/home/steve/mren203-ws/install/steve_ui:/home/steve/mren203-ws/install/motor_control:/home/steve/mren203-ws/install/joystick_ros2:/opt/ros/humble /usr/bin/cmake --install /home/steve/mren203-ws/build/steve_msgs
[6.470s] -- Install configuration: ""
[6.472s] -- Execute custom install script
[6.473s] -- Up-to-date symlink: /home/steve/mren203-ws/install/steve_msgs/share/ament_index/resource_index/rosidl_interfaces/steve_msgs
[6.474s] -- Up-to-date symlink: /home/steve/mren203-ws/install/steve_msgs/include/steve_msgs/steve_msgs/msg/control_ui.h
[6.474s] -- Up-to-date symlink: /home/steve/mren203-ws/install/steve_msgs/include/steve_msgs/steve_msgs/msg/detail/control_ui__functions.h
[6.475s] -- Up-to-date symlink: /home/steve/mren203-ws/install/steve_msgs/include/steve_msgs/steve_msgs/msg/detail/control_ui__struct.h
[6.475s] -- Up-to-date symlink: /home/steve/mren203-ws/install/steve_msgs/include/steve_msgs/steve_msgs/msg/detail/control_ui__type_support.h
[6.476s] -- Up-to-date symlink: /home/steve/mren203-ws/install/steve_msgs/include/steve_msgs/steve_msgs/msg/detail/motor_data__functions.h
[6.477s] -- Up-to-date symlink: /home/steve/mren203-ws/install/steve_msgs/include/steve_msgs/steve_msgs/msg/detail/motor_data__struct.h
[6.478s] -- Up-to-date symlink: /home/steve/mren203-ws/install/steve_msgs/include/steve_msgs/steve_msgs/msg/detail/motor_data__type_support.h
[6.480s] -- Up-to-date symlink: /home/steve/mren203-ws/install/steve_msgs/include/steve_msgs/steve_msgs/msg/detail/sensor_data__functions.h
[6.482s] -- Up-to-date symlink: /home/steve/mren203-ws/install/steve_msgs/include/steve_msgs/steve_msgs/msg/detail/sensor_data__struct.h
[6.483s] -- Up-to-date symlink: /home/steve/mren203-ws/install/steve_msgs/include/steve_msgs/steve_msgs/msg/detail/sensor_data__type_support.h
[6.485s] -- Up-to-date symlink: /home/steve/mren203-ws/install/steve_msgs/include/steve_msgs/steve_msgs/msg/detail/set_points__functions.h
[6.486s] -- Up-to-date symlink: /home/steve/mren203-ws/install/steve_msgs/include/steve_msgs/steve_msgs/msg/detail/set_points__struct.h
[6.487s] -- Up-to-date symlink: /home/steve/mren203-ws/install/steve_msgs/include/steve_msgs/steve_msgs/msg/detail/set_points__type_support.h
[6.488s] -- Up-to-date symlink: /home/steve/mren203-ws/install/steve_msgs/include/steve_msgs/steve_msgs/msg/motor_data.h
[6.490s] -- Up-to-date symlink: /home/steve/mren203-ws/install/steve_msgs/include/steve_msgs/steve_msgs/msg/rosidl_generator_c__visibility_control.h
[6.491s] -- Up-to-date symlink: /home/steve/mren203-ws/install/steve_msgs/include/steve_msgs/steve_msgs/msg/sensor_data.h
[6.493s] -- Up-to-date symlink: /home/steve/mren203-ws/install/steve_msgs/include/steve_msgs/steve_msgs/msg/set_points.h
[6.494s] -- Up-to-date symlink: /home/steve/mren203-ws/install/steve_msgs/share/steve_msgs/environment/library_path.sh
[6.494s] -- Up-to-date symlink: /home/steve/mren203-ws/install/steve_msgs/share/steve_msgs/environment/library_path.dsv
[6.495s] -- Up-to-date symlink: /home/steve/mren203-ws/install/steve_msgs/include/steve_msgs/steve_msgs/msg/detail/control_ui__rosidl_typesupport_fastrtps_c.h
[6.496s] -- Up-to-date symlink: /home/steve/mren203-ws/install/steve_msgs/include/steve_msgs/steve_msgs/msg/detail/motor_data__rosidl_typesupport_fastrtps_c.h
[6.497s] -- Up-to-date symlink: /home/steve/mren203-ws/install/steve_msgs/include/steve_msgs/steve_msgs/msg/detail/sensor_data__rosidl_typesupport_fastrtps_c.h
[6.497s] -- Up-to-date symlink: /home/steve/mren203-ws/install/steve_msgs/include/steve_msgs/steve_msgs/msg/detail/set_points__rosidl_typesupport_fastrtps_c.h
[6.498s] -- Up-to-date symlink: /home/steve/mren203-ws/install/steve_msgs/include/steve_msgs/steve_msgs/msg/rosidl_typesupport_fastrtps_c__visibility_control.h
[6.500s] -- Up-to-date symlink: /home/steve/mren203-ws/install/steve_msgs/include/steve_msgs/steve_msgs/msg/detail/control_ui__rosidl_typesupport_introspection_c.h
[6.501s] -- Up-to-date symlink: /home/steve/mren203-ws/install/steve_msgs/include/steve_msgs/steve_msgs/msg/detail/motor_data__rosidl_typesupport_introspection_c.h
[6.502s] -- Up-to-date symlink: /home/steve/mren203-ws/install/steve_msgs/include/steve_msgs/steve_msgs/msg/detail/sensor_data__rosidl_typesupport_introspection_c.h
[6.502s] -- Up-to-date symlink: /home/steve/mren203-ws/install/steve_msgs/include/steve_msgs/steve_msgs/msg/detail/set_points__rosidl_typesupport_introspection_c.h
[6.503s] -- Up-to-date symlink: /home/steve/mren203-ws/install/steve_msgs/include/steve_msgs/steve_msgs/msg/rosidl_typesupport_introspection_c__visibility_control.h
[6.504s] -- Up-to-date symlink: /home/steve/mren203-ws/install/steve_msgs/include/steve_msgs/steve_msgs/msg/control_ui.hpp
[6.505s] -- Up-to-date symlink: /home/steve/mren203-ws/install/steve_msgs/include/steve_msgs/steve_msgs/msg/detail/control_ui__builder.hpp
[6.505s] -- Up-to-date symlink: /home/steve/mren203-ws/install/steve_msgs/include/steve_msgs/steve_msgs/msg/detail/control_ui__struct.hpp
[6.506s] -- Up-to-date symlink: /home/steve/mren203-ws/install/steve_msgs/include/steve_msgs/steve_msgs/msg/detail/control_ui__traits.hpp
[6.507s] -- Up-to-date symlink: /home/steve/mren203-ws/install/steve_msgs/include/steve_msgs/steve_msgs/msg/detail/motor_data__builder.hpp
[6.508s] -- Up-to-date symlink: /home/steve/mren203-ws/install/steve_msgs/include/steve_msgs/steve_msgs/msg/detail/motor_data__struct.hpp
[6.509s] -- Up-to-date symlink: /home/steve/mren203-ws/install/steve_msgs/include/steve_msgs/steve_msgs/msg/detail/motor_data__traits.hpp
[6.510s] -- Up-to-date symlink: /home/steve/mren203-ws/install/steve_msgs/include/steve_msgs/steve_msgs/msg/detail/sensor_data__builder.hpp
[6.510s] -- Up-to-date symlink: /home/steve/mren203-ws/install/steve_msgs/include/steve_msgs/steve_msgs/msg/detail/sensor_data__struct.hpp
[6.511s] -- Up-to-date symlink: /home/steve/mren203-ws/install/steve_msgs/include/steve_msgs/steve_msgs/msg/detail/sensor_data__traits.hpp
[6.512s] -- Up-to-date symlink: /home/steve/mren203-ws/install/steve_msgs/include/steve_msgs/steve_msgs/msg/detail/set_points__builder.hpp
[6.513s] -- Up-to-date symlink: /home/steve/mren203-ws/install/steve_msgs/include/steve_msgs/steve_msgs/msg/detail/set_points__struct.hpp
[6.514s] -- Up-to-date symlink: /home/steve/mren203-ws/install/steve_msgs/include/steve_msgs/steve_msgs/msg/detail/set_points__traits.hpp
[6.514s] -- Up-to-date symlink: /home/steve/mren203-ws/install/steve_msgs/include/steve_msgs/steve_msgs/msg/motor_data.hpp
[6.515s] -- Up-to-date symlink: /home/steve/mren203-ws/install/steve_msgs/include/steve_msgs/steve_msgs/msg/sensor_data.hpp
[6.516s] -- Up-to-date symlink: /home/steve/mren203-ws/install/steve_msgs/include/steve_msgs/steve_msgs/msg/set_points.hpp
[6.517s] -- Up-to-date symlink: /home/steve/mren203-ws/install/steve_msgs/include/steve_msgs/steve_msgs/msg/detail/control_ui__rosidl_typesupport_fastrtps_cpp.hpp
[6.518s] -- Up-to-date symlink: /home/steve/mren203-ws/install/steve_msgs/include/steve_msgs/steve_msgs/msg/detail/motor_data__rosidl_typesupport_fastrtps_cpp.hpp
[6.519s] -- Up-to-date symlink: /home/steve/mren203-ws/install/steve_msgs/include/steve_msgs/steve_msgs/msg/detail/sensor_data__rosidl_typesupport_fastrtps_cpp.hpp
[6.520s] -- Up-to-date symlink: /home/steve/mren203-ws/install/steve_msgs/include/steve_msgs/steve_msgs/msg/detail/set_points__rosidl_typesupport_fastrtps_cpp.hpp
[6.520s] -- Up-to-date symlink: /home/steve/mren203-ws/install/steve_msgs/include/steve_msgs/steve_msgs/msg/rosidl_typesupport_fastrtps_cpp__visibility_control.h
[6.521s] -- Up-to-date symlink: /home/steve/mren203-ws/install/steve_msgs/include/steve_msgs/steve_msgs/msg/detail/control_ui__rosidl_typesupport_introspection_cpp.hpp
[6.521s] -- Up-to-date symlink: /home/steve/mren203-ws/install/steve_msgs/include/steve_msgs/steve_msgs/msg/detail/motor_data__rosidl_typesupport_introspection_cpp.hpp
[6.521s] -- Up-to-date symlink: /home/steve/mren203-ws/install/steve_msgs/include/steve_msgs/steve_msgs/msg/detail/sensor_data__rosidl_typesupport_introspection_cpp.hpp
[6.522s] -- Up-to-date symlink: /home/steve/mren203-ws/install/steve_msgs/include/steve_msgs/steve_msgs/msg/detail/set_points__rosidl_typesupport_introspection_cpp.hpp
[6.523s] -- Up-to-date symlink: /home/steve/mren203-ws/install/steve_msgs/share/steve_msgs/environment/pythonpath.sh
[6.524s] -- Up-to-date symlink: /home/steve/mren203-ws/install/steve_msgs/share/steve_msgs/environment/pythonpath.dsv
[6.524s] -- Up-to-date symlink: /home/steve/mren203-ws/install/steve_msgs/local/lib/python3.10/dist-packages/steve_msgs-0.0.0-py3.10.egg-info/PKG-INFO
[6.525s] -- Up-to-date symlink: /home/steve/mren203-ws/install/steve_msgs/local/lib/python3.10/dist-packages/steve_msgs-0.0.0-py3.10.egg-info/SOURCES.txt
[6.526s] -- Up-to-date symlink: /home/steve/mren203-ws/install/steve_msgs/local/lib/python3.10/dist-packages/steve_msgs-0.0.0-py3.10.egg-info/dependency_links.txt
[6.526s] -- Up-to-date symlink: /home/steve/mren203-ws/install/steve_msgs/local/lib/python3.10/dist-packages/steve_msgs-0.0.0-py3.10.egg-info/top_level.txt
[6.527s] -- Up-to-date symlink: /home/steve/mren203-ws/install/steve_msgs/local/lib/python3.10/dist-packages/steve_msgs/__init__.py
[6.529s] -- Up-to-date symlink: /home/steve/mren203-ws/install/steve_msgs/local/lib/python3.10/dist-packages/steve_msgs/_steve_msgs_s.ep.rosidl_typesupport_c.c
[6.529s] -- Up-to-date symlink: /home/steve/mren203-ws/install/steve_msgs/local/lib/python3.10/dist-packages/steve_msgs/_steve_msgs_s.ep.rosidl_typesupport_fastrtps_c.c
[6.530s] -- Up-to-date symlink: /home/steve/mren203-ws/install/steve_msgs/local/lib/python3.10/dist-packages/steve_msgs/_steve_msgs_s.ep.rosidl_typesupport_introspection_c.c
[6.531s] -- Up-to-date symlink: /home/steve/mren203-ws/install/steve_msgs/local/lib/python3.10/dist-packages/steve_msgs/libsteve_msgs__rosidl_generator_py.so
[6.533s] -- Up-to-date symlink: /home/steve/mren203-ws/install/steve_msgs/local/lib/python3.10/dist-packages/steve_msgs/msg/__init__.py
[6.534s] -- Up-to-date symlink: /home/steve/mren203-ws/install/steve_msgs/local/lib/python3.10/dist-packages/steve_msgs/msg/_control_ui.py
[6.534s] -- Up-to-date symlink: /home/steve/mren203-ws/install/steve_msgs/local/lib/python3.10/dist-packages/steve_msgs/msg/_control_ui_s.c
[6.535s] -- Up-to-date symlink: /home/steve/mren203-ws/install/steve_msgs/local/lib/python3.10/dist-packages/steve_msgs/msg/_motor_data.py
[6.535s] -- Up-to-date symlink: /home/steve/mren203-ws/install/steve_msgs/local/lib/python3.10/dist-packages/steve_msgs/msg/_motor_data_s.c
[6.536s] -- Up-to-date symlink: /home/steve/mren203-ws/install/steve_msgs/local/lib/python3.10/dist-packages/steve_msgs/msg/_sensor_data.py
[6.537s] -- Up-to-date symlink: /home/steve/mren203-ws/install/steve_msgs/local/lib/python3.10/dist-packages/steve_msgs/msg/_sensor_data_s.c
[6.538s] -- Up-to-date symlink: /home/steve/mren203-ws/install/steve_msgs/local/lib/python3.10/dist-packages/steve_msgs/msg/_set_points.py
[6.539s] -- Up-to-date symlink: /home/steve/mren203-ws/install/steve_msgs/local/lib/python3.10/dist-packages/steve_msgs/msg/_set_points_s.c
[6.540s] -- Up-to-date symlink: /home/steve/mren203-ws/install/steve_msgs/local/lib/python3.10/dist-packages/steve_msgs/steve_msgs_s__rosidl_typesupport_c.cpython-310-aarch64-linux-gnu.so
[6.541s] -- Up-to-date symlink: /home/steve/mren203-ws/install/steve_msgs/local/lib/python3.10/dist-packages/steve_msgs/steve_msgs_s__rosidl_typesupport_fastrtps_c.cpython-310-aarch64-linux-gnu.so
[6.542s] -- Up-to-date symlink: /home/steve/mren203-ws/install/steve_msgs/local/lib/python3.10/dist-packages/steve_msgs/steve_msgs_s__rosidl_typesupport_introspection_c.cpython-310-aarch64-linux-gnu.so
[6.543s] -- Up-to-date symlink: /home/steve/mren203-ws/install/steve_msgs/local/lib/python3.10/dist-packages/steve_msgs/steve_msgs_s__rosidl_typesupport_fastrtps_c.cpython-310-aarch64-linux-gnu.so
[6.544s] -- Up-to-date symlink: /home/steve/mren203-ws/install/steve_msgs/local/lib/python3.10/dist-packages/steve_msgs/steve_msgs_s__rosidl_typesupport_introspection_c.cpython-310-aarch64-linux-gnu.so
[6.544s] -- Up-to-date symlink: /home/steve/mren203-ws/install/steve_msgs/local/lib/python3.10/dist-packages/steve_msgs/steve_msgs_s__rosidl_typesupport_c.cpython-310-aarch64-linux-gnu.so
[6.545s] -- Up-to-date symlink: /home/steve/mren203-ws/install/steve_msgs/share/steve_msgs/msg/ControlUI.idl
[6.546s] -- Up-to-date symlink: /home/steve/mren203-ws/install/steve_msgs/share/steve_msgs/msg/SensorData.idl
[6.547s] -- Up-to-date symlink: /home/steve/mren203-ws/install/steve_msgs/share/steve_msgs/msg/SetPoints.idl
[6.547s] -- Up-to-date symlink: /home/steve/mren203-ws/install/steve_msgs/share/steve_msgs/msg/MotorData.idl
[6.548s] -- Up-to-date symlink: /home/steve/mren203-ws/install/steve_msgs/share/steve_msgs/msg/ControlUI.msg
[6.549s] -- Up-to-date symlink: /home/steve/mren203-ws/install/steve_msgs/share/steve_msgs/msg/SensorData.msg
[6.551s] -- Up-to-date symlink: /home/steve/mren203-ws/install/steve_msgs/share/steve_msgs/msg/SetPoints.msg
[6.552s] -- Up-to-date symlink: /home/steve/mren203-ws/install/steve_msgs/share/steve_msgs/msg/MotorData.msg
[6.552s] -- Up-to-date symlink: /home/steve/mren203-ws/install/steve_msgs/share/ament_index/resource_index/package_run_dependencies/steve_msgs
[6.553s] -- Up-to-date symlink: /home/steve/mren203-ws/install/steve_msgs/share/ament_index/resource_index/parent_prefix_path/steve_msgs
[6.554s] -- Up-to-date symlink: /home/steve/mren203-ws/install/steve_msgs/share/steve_msgs/environment/ament_prefix_path.sh
[6.555s] -- Up-to-date symlink: /home/steve/mren203-ws/install/steve_msgs/share/steve_msgs/environment/ament_prefix_path.dsv
[6.556s] -- Up-to-date symlink: /home/steve/mren203-ws/install/steve_msgs/share/steve_msgs/environment/path.sh
[6.557s] -- Up-to-date symlink: /home/steve/mren203-ws/install/steve_msgs/share/steve_msgs/environment/path.dsv
[6.558s] -- Up-to-date symlink: /home/steve/mren203-ws/install/steve_msgs/share/steve_msgs/local_setup.bash
[6.560s] -- Up-to-date symlink: /home/steve/mren203-ws/install/steve_msgs/share/steve_msgs/local_setup.sh
[6.562s] -- Up-to-date symlink: /home/steve/mren203-ws/install/steve_msgs/share/steve_msgs/local_setup.zsh
[6.562s] -- Up-to-date symlink: /home/steve/mren203-ws/install/steve_msgs/share/steve_msgs/local_setup.dsv
[6.563s] -- Symlinking: /home/steve/mren203-ws/install/steve_msgs/share/steve_msgs/package.dsv
[6.564s] -- Up-to-date symlink: /home/steve/mren203-ws/install/steve_msgs/share/ament_index/resource_index/packages/steve_msgs
[6.565s] -- Up-to-date symlink: /home/steve/mren203-ws/install/steve_msgs/share/steve_msgs/cmake/rosidl_cmake-extras.cmake
[6.565s] -- Up-to-date symlink: /home/steve/mren203-ws/install/steve_msgs/share/steve_msgs/cmake/ament_cmake_export_include_directories-extras.cmake
[6.566s] -- Up-to-date symlink: /home/steve/mren203-ws/install/steve_msgs/share/steve_msgs/cmake/ament_cmake_export_libraries-extras.cmake
[6.567s] -- Up-to-date symlink: /home/steve/mren203-ws/install/steve_msgs/share/steve_msgs/cmake/ament_cmake_export_targets-extras.cmake
[6.567s] -- Up-to-date symlink: /home/steve/mren203-ws/install/steve_msgs/share/steve_msgs/cmake/rosidl_cmake_export_typesupport_targets-extras.cmake
[6.568s] -- Up-to-date symlink: /home/steve/mren203-ws/install/steve_msgs/share/steve_msgs/cmake/ament_cmake_export_dependencies-extras.cmake
[6.570s] -- Up-to-date symlink: /home/steve/mren203-ws/install/steve_msgs/share/steve_msgs/cmake/rosidl_cmake_export_typesupport_libraries-extras.cmake
[6.571s] -- Up-to-date symlink: /home/steve/mren203-ws/install/steve_msgs/share/steve_msgs/cmake/steve_msgsConfig.cmake
[6.572s] -- Up-to-date symlink: /home/steve/mren203-ws/install/steve_msgs/share/steve_msgs/cmake/steve_msgsConfig-version.cmake
[6.573s] -- Up-to-date symlink: /home/steve/mren203-ws/install/steve_msgs/share/steve_msgs/package.xml
[6.574s] -- Up-to-date: /home/steve/mren203-ws/install/steve_msgs/lib/libsteve_msgs__rosidl_generator_c.so
[6.575s] -- Up-to-date: /home/steve/mren203-ws/install/steve_msgs/lib/libsteve_msgs__rosidl_typesupport_fastrtps_c.so
[6.576s] -- Up-to-date: /home/steve/mren203-ws/install/steve_msgs/lib/libsteve_msgs__rosidl_typesupport_introspection_c.so
[6.577s] -- Up-to-date: /home/steve/mren203-ws/install/steve_msgs/lib/libsteve_msgs__rosidl_typesupport_c.so
[6.578s] -- Up-to-date: /home/steve/mren203-ws/install/steve_msgs/lib/libsteve_msgs__rosidl_typesupport_fastrtps_cpp.so
[6.579s] -- Up-to-date: /home/steve/mren203-ws/install/steve_msgs/lib/libsteve_msgs__rosidl_typesupport_introspection_cpp.so
[6.580s] -- Up-to-date: /home/steve/mren203-ws/install/steve_msgs/lib/libsteve_msgs__rosidl_typesupport_cpp.so
[6.581s] Listing '/home/steve/mren203-ws/install/steve_msgs/local/lib/python3.10/dist-packages/steve_msgs'...
[6.582s] Listing '/home/steve/mren203-ws/install/steve_msgs/local/lib/python3.10/dist-packages/steve_msgs/msg'...
[6.583s] -- Up-to-date: /home/steve/mren203-ws/install/steve_msgs/lib/libsteve_msgs__rosidl_generator_py.so
[6.585s] -- Up-to-date: /home/steve/mren203-ws/install/steve_msgs/share/steve_msgs/cmake/export_steve_msgs__rosidl_generator_cExport.cmake
[6.586s] -- Up-to-date: /home/steve/mren203-ws/install/steve_msgs/share/steve_msgs/cmake/export_steve_msgs__rosidl_generator_cExport-noconfig.cmake
[6.587s] -- Up-to-date: /home/steve/mren203-ws/install/steve_msgs/share/steve_msgs/cmake/export_steve_msgs__rosidl_typesupport_fastrtps_cExport.cmake
[6.588s] -- Up-to-date: /home/steve/mren203-ws/install/steve_msgs/share/steve_msgs/cmake/export_steve_msgs__rosidl_typesupport_fastrtps_cExport-noconfig.cmake
[6.590s] -- Up-to-date: /home/steve/mren203-ws/install/steve_msgs/share/steve_msgs/cmake/steve_msgs__rosidl_typesupport_introspection_cExport.cmake
[6.592s] -- Up-to-date: /home/steve/mren203-ws/install/steve_msgs/share/steve_msgs/cmake/steve_msgs__rosidl_typesupport_introspection_cExport-noconfig.cmake
[6.593s] -- Up-to-date: /home/steve/mren203-ws/install/steve_msgs/share/steve_msgs/cmake/steve_msgs__rosidl_typesupport_cExport.cmake
[6.594s] -- Up-to-date: /home/steve/mren203-ws/install/steve_msgs/share/steve_msgs/cmake/steve_msgs__rosidl_typesupport_cExport-noconfig.cmake
[6.595s] -- Up-to-date: /home/steve/mren203-ws/install/steve_msgs/share/steve_msgs/cmake/export_steve_msgs__rosidl_generator_cppExport.cmake
[6.595s] -- Up-to-date: /home/steve/mren203-ws/install/steve_msgs/share/steve_msgs/cmake/export_steve_msgs__rosidl_typesupport_fastrtps_cppExport.cmake
[6.596s] -- Up-to-date: /home/steve/mren203-ws/install/steve_msgs/share/steve_msgs/cmake/export_steve_msgs__rosidl_typesupport_fastrtps_cppExport-noconfig.cmake
[6.597s] -- Up-to-date: /home/steve/mren203-ws/install/steve_msgs/share/steve_msgs/cmake/steve_msgs__rosidl_typesupport_introspection_cppExport.cmake
[6.598s] -- Up-to-date: /home/steve/mren203-ws/install/steve_msgs/share/steve_msgs/cmake/steve_msgs__rosidl_typesupport_introspection_cppExport-noconfig.cmake
[6.600s] -- Up-to-date: /home/steve/mren203-ws/install/steve_msgs/share/steve_msgs/cmake/steve_msgs__rosidl_typesupport_cppExport.cmake
[6.601s] -- Up-to-date: /home/steve/mren203-ws/install/steve_msgs/share/steve_msgs/cmake/steve_msgs__rosidl_typesupport_cppExport-noconfig.cmake
[6.602s] -- Up-to-date: /home/steve/mren203-ws/install/steve_msgs/share/steve_msgs/cmake/export_steve_msgs__rosidl_generator_pyExport.cmake
[6.603s] -- Up-to-date: /home/steve/mren203-ws/install/steve_msgs/share/steve_msgs/cmake/export_steve_msgs__rosidl_generator_pyExport-noconfig.cmake
[7.521s] Invoked command in '/home/steve/mren203-ws/build/steve_msgs' returned '0': CMAKE_PREFIX_PATH=${CMAKE_PREFIX_PATH}:/home/steve/mren203-ws/install/testing:/home/steve/mren203-ws/install/steve_ui:/home/steve/mren203-ws/install/motor_control:/home/steve/mren203-ws/install/joystick_ros2:/opt/ros/humble /usr/bin/cmake --install /home/steve/mren203-ws/build/steve_msgs
