[6.195s] Invoking command in '/home/steve/mren203-ws/build/steve_ui': PYTHONPATH=/home/steve/mren203-ws/build/steve_ui/prefix_override:/home/steve/mren203-ws/install/steve_ui/lib/python3.10/site-packages:${PYTHONPATH} /usr/bin/python3 setup.py develop --editable --build-directory /home/steve/mren203-ws/build/steve_ui/build --no-deps install_data
[7.691s] running develop
[7.692s] /usr/lib/python3/dist-packages/setuptools/command/easy_install.py:158: EasyInstallDeprecationWarning: easy_install command is deprecated. Use build and pip and other standards-based tools.
[7.693s]   warnings.warn(
[7.697s] /usr/lib/python3/dist-packages/setuptools/command/install.py:34: SetuptoolsDeprecationWarning: setup.py install is deprecated. Use build and pip and other standards-based tools.
[7.698s]   warnings.warn(
[8.649s] running egg_info
[8.650s] writing steve_ui.egg-info/PKG-INFO
[8.652s] writing dependency_links to steve_ui.egg-info/dependency_links.txt
[8.653s] writing entry points to steve_ui.egg-info/entry_points.txt
[8.654s] writing requirements to steve_ui.egg-info/requires.txt
[8.655s] writing top-level names to steve_ui.egg-info/top_level.txt
[8.662s] reading manifest file 'steve_ui.egg-info/SOURCES.txt'
[8.665s] writing manifest file 'steve_ui.egg-info/SOURCES.txt'
[8.671s] running build_ext
[8.673s] Creating /home/steve/mren203-ws/install/steve_ui/lib/python3.10/site-packages/steve-ui.egg-link (link to .)
[8.676s] Installing fsm_node script to /home/steve/mren203-ws/install/steve_ui/lib/steve_ui
[8.678s] 
[8.681s] Installed /home/steve/mren203-ws/build/steve_ui
[8.684s] running install_data
[8.881s] Invoked command in '/home/steve/mren203-ws/build/steve_ui' returned '0': PYTHONPATH=/home/steve/mren203-ws/build/steve_ui/prefix_override:/home/steve/mren203-ws/install/steve_ui/lib/python3.10/site-packages:${PYTHONPATH} /usr/bin/python3 setup.py develop --editable --build-directory /home/steve/mren203-ws/build/steve_ui/build --no-deps install_data
