[5.742s] Invoking command in '/home/steve/mren203-ws/build/joystick_ros2': PYTHONPATH=/home/steve/mren203-ws/build/joystick_ros2/prefix_override:/home/steve/mren203-ws/install/joystick_ros2/lib/python3.10/site-packages:${PYTHONPATH} /usr/bin/python3 setup.py develop --editable --build-directory /home/steve/mren203-ws/build/joystick_ros2/build --no-deps install_data
[7.032s] running develop
[7.034s] /usr/lib/python3/dist-packages/setuptools/command/easy_install.py:158: EasyInstallDeprecationWarning: easy_install command is deprecated. Use build and pip and other standards-based tools.
[7.034s]   warnings.warn(
[7.040s] /usr/lib/python3/dist-packages/setuptools/command/install.py:34: SetuptoolsDeprecationWarning: setup.py install is deprecated. Use build and pip and other standards-based tools.
[7.040s]   warnings.warn(
[7.894s] running egg_info
[7.895s] writing joystick_ros2.egg-info/PKG-INFO
[7.896s] writing dependency_links to joystick_ros2.egg-info/dependency_links.txt
[7.897s] writing entry points to joystick_ros2.egg-info/entry_points.txt
[7.898s] writing requirements to joystick_ros2.egg-info/requires.txt
[7.899s] writing top-level names to joystick_ros2.egg-info/top_level.txt
[7.905s] reading manifest file 'joystick_ros2.egg-info/SOURCES.txt'
[7.909s] writing manifest file 'joystick_ros2.egg-info/SOURCES.txt'
[7.914s] running build_ext
[7.915s] Creating /home/steve/mren203-ws/install/joystick_ros2/lib/python3.10/site-packages/joystick-ros2.egg-link (link to .)
[7.920s] Installing joystick_ros2 script to /home/steve/mren203-ws/install/joystick_ros2/lib/joystick_ros2
[7.923s] 
[7.924s] Installed /home/steve/mren203-ws/build/joystick_ros2
[7.925s] running install_data
[8.116s] Invoked command in '/home/steve/mren203-ws/build/joystick_ros2' returned '0': PYTHONPATH=/home/steve/mren203-ws/build/joystick_ros2/prefix_override:/home/steve/mren203-ws/install/joystick_ros2/lib/python3.10/site-packages:${PYTHONPATH} /usr/bin/python3 setup.py develop --editable --build-directory /home/steve/mren203-ws/build/joystick_ros2/build --no-deps install_data
