[0.270s] Invoking command in '/home/dj/MREN203/joint_states/mren203-ws/build/steve_launch': CMAKE_PREFIX_PATH=/opt/ros/humble /usr/bin/cmake /home/dj/MREN203/joint_states/mren203-ws/src/steve_launch -DAMENT_CMAKE_SYMLINK_INSTALL=1 -DCMAKE_INSTALL_PREFIX=/home/dj/MREN203/joint_states/mren203-ws/install/steve_launch
[0.315s] -- The C compiler identification is GNU 11.4.0
[0.364s] -- The CXX compiler identification is GNU 11.4.0
[0.369s] -- Detecting C compiler ABI info
[0.432s] -- Detecting C compiler ABI info - done
[0.437s] -- Check for working C compiler: /usr/bin/cc - skipped
[0.437s] -- Detecting C compile features
[0.438s] -- Detecting C compile features - done
[0.439s] -- Detecting CXX compiler ABI info
[0.515s] -- Detecting CXX compiler ABI info - done
[0.520s] -- Check for working CXX compiler: /usr/bin/c++ - skipped
[0.520s] -- Detecting CXX compile features
[0.521s] -- Detecting CXX compile features - done
[0.523s] -- Found ament_cmake: 1.3.8 (/opt/ros/humble/share/ament_cmake/cmake)
[0.794s] -- Found Python3: /usr/bin/python3 (found version "3.10.12") found components: Interpreter 
[0.841s] -- Override CMake install command with custom implementation using symlinks instead of copying resources
[0.951s] -- Configuring done
[0.954s] -- Generating done
[0.955s] -- Build files have been written to: /home/dj/MREN203/joint_states/mren203-ws/build/steve_launch
[0.960s] Invoked command in '/home/dj/MREN203/joint_states/mren203-ws/build/steve_launch' returned '0': CMAKE_PREFIX_PATH=/opt/ros/humble /usr/bin/cmake /home/dj/MREN203/joint_states/mren203-ws/src/steve_launch -DAMENT_CMAKE_SYMLINK_INSTALL=1 -DCMAKE_INSTALL_PREFIX=/home/dj/MREN203/joint_states/mren203-ws/install/steve_launch
[0.962s] Invoking command in '/home/dj/MREN203/joint_states/mren203-ws/build/steve_launch': CMAKE_PREFIX_PATH=/opt/ros/humble /usr/bin/cmake --build /home/dj/MREN203/joint_states/mren203-ws/build/steve_launch -- -j16 -l16
[0.997s] Invoked command in '/home/dj/MREN203/joint_states/mren203-ws/build/steve_launch' returned '0': CMAKE_PREFIX_PATH=/opt/ros/humble /usr/bin/cmake --build /home/dj/MREN203/joint_states/mren203-ws/build/steve_launch -- -j16 -l16
[1.028s] Invoking command in '/home/dj/MREN203/joint_states/mren203-ws/build/steve_launch': CMAKE_PREFIX_PATH=/opt/ros/humble /usr/bin/cmake --install /home/dj/MREN203/joint_states/mren203-ws/build/steve_launch
[1.035s] -- Install configuration: ""
[1.035s] -- Execute custom install script
[1.036s] -- Symlinking: /home/dj/MREN203/joint_states/mren203-ws/install/steve_launch/share/steve_launch/launch/manual_control.launch
[1.045s] -- Symlinking: /home/dj/MREN203/joint_states/mren203-ws/install/steve_launch/share/ament_index/resource_index/package_run_dependencies/steve_launch
[1.054s] -- Symlinking: /home/dj/MREN203/joint_states/mren203-ws/install/steve_launch/share/ament_index/resource_index/parent_prefix_path/steve_launch
[1.061s] -- Symlinking: /home/dj/MREN203/joint_states/mren203-ws/install/steve_launch/share/steve_launch/environment/ament_prefix_path.sh
[1.069s] -- Symlinking: /home/dj/MREN203/joint_states/mren203-ws/install/steve_launch/share/steve_launch/environment/ament_prefix_path.dsv
[1.078s] -- Symlinking: /home/dj/MREN203/joint_states/mren203-ws/install/steve_launch/share/steve_launch/environment/path.sh
[1.086s] -- Symlinking: /home/dj/MREN203/joint_states/mren203-ws/install/steve_launch/share/steve_launch/environment/path.dsv
[1.094s] -- Symlinking: /home/dj/MREN203/joint_states/mren203-ws/install/steve_launch/share/steve_launch/local_setup.bash
[1.103s] -- Symlinking: /home/dj/MREN203/joint_states/mren203-ws/install/steve_launch/share/steve_launch/local_setup.sh
[1.111s] -- Symlinking: /home/dj/MREN203/joint_states/mren203-ws/install/steve_launch/share/steve_launch/local_setup.zsh
[1.119s] -- Symlinking: /home/dj/MREN203/joint_states/mren203-ws/install/steve_launch/share/steve_launch/local_setup.dsv
[1.127s] -- Symlinking: /home/dj/MREN203/joint_states/mren203-ws/install/steve_launch/share/steve_launch/package.dsv
[1.136s] -- Symlinking: /home/dj/MREN203/joint_states/mren203-ws/install/steve_launch/share/ament_index/resource_index/packages/steve_launch
[1.143s] -- Symlinking: /home/dj/MREN203/joint_states/mren203-ws/install/steve_launch/share/steve_launch/cmake/steve_launchConfig.cmake
[1.151s] -- Symlinking: /home/dj/MREN203/joint_states/mren203-ws/install/steve_launch/share/steve_launch/cmake/steve_launchConfig-version.cmake
[1.159s] -- Symlinking: /home/dj/MREN203/joint_states/mren203-ws/install/steve_launch/share/steve_launch/package.xml
[1.170s] Invoked command in '/home/dj/MREN203/joint_states/mren203-ws/build/steve_launch' returned '0': CMAKE_PREFIX_PATH=/opt/ros/humble /usr/bin/cmake --install /home/dj/MREN203/joint_states/mren203-ws/build/steve_launch
