[3.278s] Invoking command in '/home/steve/mren203-ws/build/rplidar_ros': CMAKE_PREFIX_PATH=${CMAKE_PREFIX_PATH}:/home/steve/mren203-ws/install/motor_control:/home/steve/mren203-ws/install/joystick_ros2:/opt/ros/humble /usr/bin/cmake --build /home/steve/mren203-ws/build/rplidar_ros -- -j4 -l4
[3.596s] [ 77%] Built target rplidar_composition_node
[3.732s] [100%] Built target rplidar_composition
[4.117s] Invoked command in '/home/steve/mren203-ws/build/rplidar_ros' returned '0': CMAKE_PREFIX_PATH=${CMAKE_PREFIX_PATH}:/home/steve/mren203-ws/install/motor_control:/home/steve/mren203-ws/install/joystick_ros2:/opt/ros/humble /usr/bin/cmake --build /home/steve/mren203-ws/build/rplidar_ros -- -j4 -l4
[4.626s] Invoking command in '/home/steve/mren203-ws/build/rplidar_ros': CMAKE_PREFIX_PATH=${CMAKE_PREFIX_PATH}:/home/steve/mren203-ws/install/motor_control:/home/steve/mren203-ws/install/joystick_ros2:/opt/ros/humble /usr/bin/cmake --install /home/steve/mren203-ws/build/rplidar_ros
[4.661s] -- Install configuration: ""
[4.663s] -- Execute custom install script
[4.665s] -- Up-to-date symlink: /home/steve/mren203-ws/install/rplidar_ros/lib/rplidar_ros/rplidar_composition
[4.668s] -- Up-to-date symlink: /home/steve/mren203-ws/install/rplidar_ros/share/rplidar_ros/launch/rplidar.launch.py
[4.669s] -- Up-to-date symlink: /home/steve/mren203-ws/install/rplidar_ros/share/rplidar_ros/launch/rplidar_a3.launch.py
[4.670s] -- Up-to-date symlink: /home/steve/mren203-ws/install/rplidar_ros/share/rplidar_ros/launch/rplidar_s1.launch.py
[4.671s] -- Up-to-date symlink: /home/steve/mren203-ws/install/rplidar_ros/share/rplidar_ros/launch/rplidar_s1_tcp.launch.py
[4.672s] -- Up-to-date symlink: /home/steve/mren203-ws/install/rplidar_ros/share/rplidar_ros/launch/test_rplidar_a3.launch.py
[4.673s] -- Up-to-date symlink: /home/steve/mren203-ws/install/rplidar_ros/share/rplidar_ros/launch/view_rplidar.launch.py
[4.674s] -- Up-to-date symlink: /home/steve/mren203-ws/install/rplidar_ros/share/rplidar_ros/launch/view_rplidar_a3.launch.py
[4.675s] -- Up-to-date symlink: /home/steve/mren203-ws/install/rplidar_ros/share/rplidar_ros/launch/view_rplidar_s1.launch.py
[4.676s] -- Up-to-date symlink: /home/steve/mren203-ws/install/rplidar_ros/share/rplidar_ros/launch/view_rplidar_s1_tcp.launch.py
[4.678s] -- Up-to-date symlink: /home/steve/mren203-ws/install/rplidar_ros/share/rplidar_ros/rviz/rplidar.rviz
[4.679s] -- Up-to-date symlink: /home/steve/mren203-ws/install/rplidar_ros/lib/librplidar_composition_node.so
[4.681s] -- Up-to-date symlink: /home/steve/mren203-ws/install/rplidar_ros/include/rplidar_node.hpp
[4.682s] -- Up-to-date symlink: /home/steve/mren203-ws/install/rplidar_ros/include/visibility.h
[4.684s] -- Up-to-date symlink: /home/steve/mren203-ws/install/rplidar_ros/lib/rplidar_ros/rplidar_composition
[4.685s] -- Up-to-date symlink: /home/steve/mren203-ws/install/rplidar_ros/share/ament_index/resource_index/package_run_dependencies/rplidar_ros
[4.687s] -- Up-to-date symlink: /home/steve/mren203-ws/install/rplidar_ros/share/ament_index/resource_index/parent_prefix_path/rplidar_ros
[4.689s] -- Up-to-date symlink: /home/steve/mren203-ws/install/rplidar_ros/share/rplidar_ros/environment/ament_prefix_path.sh
[4.690s] -- Up-to-date symlink: /home/steve/mren203-ws/install/rplidar_ros/share/rplidar_ros/environment/ament_prefix_path.dsv
[4.691s] -- Up-to-date symlink: /home/steve/mren203-ws/install/rplidar_ros/share/rplidar_ros/environment/path.sh
[4.693s] -- Up-to-date symlink: /home/steve/mren203-ws/install/rplidar_ros/share/rplidar_ros/environment/path.dsv
[4.694s] -- Up-to-date symlink: /home/steve/mren203-ws/install/rplidar_ros/share/rplidar_ros/local_setup.bash
[4.695s] -- Up-to-date symlink: /home/steve/mren203-ws/install/rplidar_ros/share/rplidar_ros/local_setup.sh
[4.696s] -- Up-to-date symlink: /home/steve/mren203-ws/install/rplidar_ros/share/rplidar_ros/local_setup.zsh
[4.697s] -- Up-to-date symlink: /home/steve/mren203-ws/install/rplidar_ros/share/rplidar_ros/local_setup.dsv
[4.698s] -- Symlinking: /home/steve/mren203-ws/install/rplidar_ros/share/rplidar_ros/package.dsv
[4.732s] -- Up-to-date symlink: /home/steve/mren203-ws/install/rplidar_ros/share/ament_index/resource_index/packages/rplidar_ros
[4.733s] -- Up-to-date symlink: /home/steve/mren203-ws/install/rplidar_ros/share/ament_index/resource_index/rclcpp_components/rplidar_ros
[4.735s] -- Up-to-date symlink: /home/steve/mren203-ws/install/rplidar_ros/share/rplidar_ros/cmake/ament_cmake_export_dependencies-extras.cmake
[4.736s] -- Up-to-date symlink: /home/steve/mren203-ws/install/rplidar_ros/share/rplidar_ros/cmake/ament_cmake_export_include_directories-extras.cmake
[4.737s] -- Up-to-date symlink: /home/steve/mren203-ws/install/rplidar_ros/share/rplidar_ros/cmake/rplidar_rosConfig.cmake
[4.738s] -- Up-to-date symlink: /home/steve/mren203-ws/install/rplidar_ros/share/rplidar_ros/cmake/rplidar_rosConfig-version.cmake
[4.739s] -- Up-to-date symlink: /home/steve/mren203-ws/install/rplidar_ros/share/rplidar_ros/package.xml
[4.747s] Invoked command in '/home/steve/mren203-ws/build/rplidar_ros' returned '0': CMAKE_PREFIX_PATH=${CMAKE_PREFIX_PATH}:/home/steve/mren203-ws/install/motor_control:/home/steve/mren203-ws/install/joystick_ros2:/opt/ros/humble /usr/bin/cmake --install /home/steve/mren203-ws/build/rplidar_ros
