[5.246s] Invoking command in '/home/steve/mren203-ws/build/joystick_ros2': PYTHONPATH=/home/steve/mren203-ws/build/joystick_ros2/prefix_override:/home/steve/mren203-ws/install/joystick_ros2/lib/python3.10/site-packages:${PYTHONPATH} /usr/bin/python3 setup.py develop --editable --build-directory /home/steve/mren203-ws/build/joystick_ros2/build --no-deps install_data
[6.520s] running develop
[6.522s] /usr/lib/python3/dist-packages/setuptools/command/easy_install.py:158: EasyInstallDeprecationWarning: easy_install command is deprecated. Use build and pip and other standards-based tools.
[6.522s]   warnings.warn(
[6.528s] /usr/lib/python3/dist-packages/setuptools/command/install.py:34: SetuptoolsDeprecationWarning: setup.py install is deprecated. Use build and pip and other standards-based tools.
[6.528s]   warnings.warn(
[7.348s] running egg_info
[7.348s] creating joystick_ros2.egg-info
[7.349s] writing joystick_ros2.egg-info/PKG-INFO
[7.349s] writing dependency_links to joystick_ros2.egg-info/dependency_links.txt
[7.350s] writing entry points to joystick_ros2.egg-info/entry_points.txt
[7.351s] writing requirements to joystick_ros2.egg-info/requires.txt
[7.352s] writing top-level names to joystick_ros2.egg-info/top_level.txt
[7.352s] writing manifest file 'joystick_ros2.egg-info/SOURCES.txt'
[7.360s] reading manifest file 'joystick_ros2.egg-info/SOURCES.txt'
[7.362s] writing manifest file 'joystick_ros2.egg-info/SOURCES.txt'
[7.369s] running build_ext
[7.370s] Creating /home/steve/mren203-ws/install/joystick_ros2/lib/python3.10/site-packages/joystick-ros2.egg-link (link to .)
[7.374s] Installing joystick_ros2 script to /home/steve/mren203-ws/install/joystick_ros2/lib/joystick_ros2
[7.376s] 
[7.377s] Installed /home/steve/mren203-ws/build/joystick_ros2
[7.378s] running install_data
[7.379s] creating /home/steve/mren203-ws/install/joystick_ros2/share/ament_index
[7.380s] creating /home/steve/mren203-ws/install/joystick_ros2/share/ament_index/resource_index
[7.381s] creating /home/steve/mren203-ws/install/joystick_ros2/share/ament_index/resource_index/packages
[7.383s] copying resource/joystick_ros2 -> /home/steve/mren203-ws/install/joystick_ros2/share/ament_index/resource_index/packages
[7.386s] creating /home/steve/mren203-ws/install/joystick_ros2/shared
[7.387s] creating /home/steve/mren203-ws/install/joystick_ros2/shared/joystick_ros2
[7.388s] copying package.xml -> /home/steve/mren203-ws/install/joystick_ros2/shared/joystick_ros2
[7.585s] Invoked command in '/home/steve/mren203-ws/build/joystick_ros2' returned '0': PYTHONPATH=/home/steve/mren203-ws/build/joystick_ros2/prefix_override:/home/steve/mren203-ws/install/joystick_ros2/lib/python3.10/site-packages:${PYTHONPATH} /usr/bin/python3 setup.py develop --editable --build-directory /home/steve/mren203-ws/build/joystick_ros2/build --no-deps install_data
