[3.996s] DEBUG:colcon:Command line arguments: ['/usr/bin/colcon', 'build', '--symlink-install']
[3.997s] DEBUG:colcon:Parsed command line arguments: Namespace(log_base=None, log_level=None, verb_name='build', build_base='build', install_base='install', merge_install=False, symlink_install=True, test_result_base=None, continue_on_error=False, executor='parallel', parallel_workers=4, event_handlers=None, ignore_user_meta=False, metas=['./colcon.meta'], base_paths=['.'], packages_ignore=None, packages_ignore_regex=None, paths=None, packages_up_to=None, packages_up_to_regex=None, packages_above=None, packages_above_and_dependencies=None, packages_above_depth=None, packages_select_by_dep=None, packages_skip_by_dep=None, packages_skip_up_to=None, packages_select_build_failed=False, packages_skip_build_finished=False, packages_select_test_failures=False, packages_skip_test_passed=False, packages_select=None, packages_skip=None, packages_select_regex=None, packages_skip_regex=None, packages_start=None, packages_end=None, allow_overriding=[], cmake_args=None, cmake_target=None, cmake_target_skip_unavailable=False, cmake_clean_cache=False, cmake_clean_first=False, cmake_force_configure=False, ament_cmake_args=None, catkin_cmake_args=None, catkin_skip_building_tests=False, verb_parser=<colcon_defaults.argument_parser.defaults.DefaultArgumentsDecorator object at 0xffffb26f8e80>, verb_extension=<colcon_core.verb.build.BuildVerb object at 0xffffb2c233a0>, main=<bound method BuildVerb.main of <colcon_core.verb.build.BuildVerb object at 0xffffb2c233a0>>)
[4.187s] Level 1:colcon.colcon_core.package_discovery:discover_packages(colcon_meta) check parameters
[4.188s] Level 1:colcon.colcon_core.package_discovery:discover_packages(recursive) check parameters
[4.188s] Level 1:colcon.colcon_core.package_discovery:discover_packages(ignore) check parameters
[4.188s] Level 1:colcon.colcon_core.package_discovery:discover_packages(path) check parameters
[4.188s] Level 1:colcon.colcon_core.package_discovery:discover_packages(colcon_meta) discover
[4.188s] Level 1:colcon.colcon_core.package_discovery:discover_packages(recursive) discover
[4.189s] INFO:colcon.colcon_core.package_discovery:Crawling recursively for packages in '/home/steve/mren203-ws'
[4.189s] Level 1:colcon.colcon_core.package_identification:_identify(.) by extensions ['ignore', 'ignore_ament_install']
[4.189s] Level 1:colcon.colcon_core.package_identification:_identify(.) by extension 'ignore'
[4.190s] Level 1:colcon.colcon_core.package_identification:_identify(.) by extension 'ignore_ament_install'
[4.190s] Level 1:colcon.colcon_core.package_identification:_identify(.) by extensions ['colcon_pkg']
[4.190s] Level 1:colcon.colcon_core.package_identification:_identify(.) by extension 'colcon_pkg'
[4.190s] Level 1:colcon.colcon_core.package_identification:_identify(.) by extensions ['colcon_meta']
[4.190s] Level 1:colcon.colcon_core.package_identification:_identify(.) by extension 'colcon_meta'
[4.190s] Level 1:colcon.colcon_core.package_identification:_identify(.) by extensions ['ros']
[4.190s] Level 1:colcon.colcon_core.package_identification:_identify(.) by extension 'ros'
[4.233s] Level 1:colcon.colcon_core.package_identification:_identify(.) by extensions ['cmake', 'python']
[4.234s] Level 1:colcon.colcon_core.package_identification:_identify(.) by extension 'cmake'
[4.234s] Level 1:colcon.colcon_core.package_identification:_identify(.) by extension 'python'
[4.234s] Level 1:colcon.colcon_core.package_identification:_identify(.) by extensions ['python_setup_py']
[4.234s] Level 1:colcon.colcon_core.package_identification:_identify(.) by extension 'python_setup_py'
[4.235s] Level 1:colcon.colcon_core.package_identification:_identify(Arduino) by extensions ['ignore', 'ignore_ament_install']
[4.235s] Level 1:colcon.colcon_core.package_identification:_identify(Arduino) by extension 'ignore'
[4.235s] Level 1:colcon.colcon_core.package_identification:_identify(Arduino) ignored
[4.236s] Level 1:colcon.colcon_core.package_identification:_identify(Python) by extensions ['ignore', 'ignore_ament_install']
[4.236s] Level 1:colcon.colcon_core.package_identification:_identify(Python) by extension 'ignore'
[4.236s] Level 1:colcon.colcon_core.package_identification:_identify(Python) ignored
[4.237s] Level 1:colcon.colcon_core.package_identification:_identify(build) by extensions ['ignore', 'ignore_ament_install']
[4.237s] Level 1:colcon.colcon_core.package_identification:_identify(build) by extension 'ignore'
[4.237s] Level 1:colcon.colcon_core.package_identification:_identify(build) ignored
[4.237s] Level 1:colcon.colcon_core.package_identification:_identify(install) by extensions ['ignore', 'ignore_ament_install']
[4.238s] Level 1:colcon.colcon_core.package_identification:_identify(install) by extension 'ignore'
[4.238s] Level 1:colcon.colcon_core.package_identification:_identify(install) ignored
[4.239s] Level 1:colcon.colcon_core.package_identification:_identify(log) by extensions ['ignore', 'ignore_ament_install']
[4.239s] Level 1:colcon.colcon_core.package_identification:_identify(log) by extension 'ignore'
[4.239s] Level 1:colcon.colcon_core.package_identification:_identify(log) ignored
[4.239s] Level 1:colcon.colcon_core.package_identification:_identify(src) by extensions ['ignore', 'ignore_ament_install']
[4.240s] Level 1:colcon.colcon_core.package_identification:_identify(src) by extension 'ignore'
[4.240s] Level 1:colcon.colcon_core.package_identification:_identify(src) by extension 'ignore_ament_install'
[4.240s] Level 1:colcon.colcon_core.package_identification:_identify(src) by extensions ['colcon_pkg']
[4.240s] Level 1:colcon.colcon_core.package_identification:_identify(src) by extension 'colcon_pkg'
[4.240s] Level 1:colcon.colcon_core.package_identification:_identify(src) by extensions ['colcon_meta']
[4.240s] Level 1:colcon.colcon_core.package_identification:_identify(src) by extension 'colcon_meta'
[4.241s] Level 1:colcon.colcon_core.package_identification:_identify(src) by extensions ['ros']
[4.241s] Level 1:colcon.colcon_core.package_identification:_identify(src) by extension 'ros'
[4.241s] Level 1:colcon.colcon_core.package_identification:_identify(src) by extensions ['cmake', 'python']
[4.241s] Level 1:colcon.colcon_core.package_identification:_identify(src) by extension 'cmake'
[4.241s] Level 1:colcon.colcon_core.package_identification:_identify(src) by extension 'python'
[4.241s] Level 1:colcon.colcon_core.package_identification:_identify(src) by extensions ['python_setup_py']
[4.241s] Level 1:colcon.colcon_core.package_identification:_identify(src) by extension 'python_setup_py'
[4.242s] Level 1:colcon.colcon_core.package_identification:_identify(src/joystick_ros2) by extensions ['ignore', 'ignore_ament_install']
[4.242s] Level 1:colcon.colcon_core.package_identification:_identify(src/joystick_ros2) by extension 'ignore'
[4.242s] Level 1:colcon.colcon_core.package_identification:_identify(src/joystick_ros2) by extension 'ignore_ament_install'
[4.243s] Level 1:colcon.colcon_core.package_identification:_identify(src/joystick_ros2) by extensions ['colcon_pkg']
[4.243s] Level 1:colcon.colcon_core.package_identification:_identify(src/joystick_ros2) by extension 'colcon_pkg'
[4.243s] Level 1:colcon.colcon_core.package_identification:_identify(src/joystick_ros2) by extensions ['colcon_meta']
[4.243s] Level 1:colcon.colcon_core.package_identification:_identify(src/joystick_ros2) by extension 'colcon_meta'
[4.243s] Level 1:colcon.colcon_core.package_identification:_identify(src/joystick_ros2) by extensions ['ros']
[4.243s] Level 1:colcon.colcon_core.package_identification:_identify(src/joystick_ros2) by extension 'ros'
[4.252s] DEBUG:colcon.colcon_core.package_identification:Package 'src/joystick_ros2' with type 'ros.ament_python' and name 'joystick_ros2'
[4.253s] Level 1:colcon.colcon_core.package_identification:_identify(src/motor_control) by extensions ['ignore', 'ignore_ament_install']
[4.253s] Level 1:colcon.colcon_core.package_identification:_identify(src/motor_control) by extension 'ignore'
[4.253s] Level 1:colcon.colcon_core.package_identification:_identify(src/motor_control) by extension 'ignore_ament_install'
[4.253s] Level 1:colcon.colcon_core.package_identification:_identify(src/motor_control) by extensions ['colcon_pkg']
[4.254s] Level 1:colcon.colcon_core.package_identification:_identify(src/motor_control) by extension 'colcon_pkg'
[4.254s] Level 1:colcon.colcon_core.package_identification:_identify(src/motor_control) by extensions ['colcon_meta']
[4.254s] Level 1:colcon.colcon_core.package_identification:_identify(src/motor_control) by extension 'colcon_meta'
[4.254s] Level 1:colcon.colcon_core.package_identification:_identify(src/motor_control) by extensions ['ros']
[4.254s] Level 1:colcon.colcon_core.package_identification:_identify(src/motor_control) by extension 'ros'
[4.257s] DEBUG:colcon.colcon_core.package_identification:Package 'src/motor_control' with type 'ros.ament_python' and name 'motor_control'
[4.257s] Level 1:colcon.colcon_core.package_identification:_identify(src/rplidar_ros2) by extensions ['ignore', 'ignore_ament_install']
[4.258s] Level 1:colcon.colcon_core.package_identification:_identify(src/rplidar_ros2) by extension 'ignore'
[4.258s] Level 1:colcon.colcon_core.package_identification:_identify(src/rplidar_ros2) by extension 'ignore_ament_install'
[4.258s] Level 1:colcon.colcon_core.package_identification:_identify(src/rplidar_ros2) by extensions ['colcon_pkg']
[4.258s] Level 1:colcon.colcon_core.package_identification:_identify(src/rplidar_ros2) by extension 'colcon_pkg'
[4.258s] Level 1:colcon.colcon_core.package_identification:_identify(src/rplidar_ros2) by extensions ['colcon_meta']
[4.259s] Level 1:colcon.colcon_core.package_identification:_identify(src/rplidar_ros2) by extension 'colcon_meta'
[4.259s] Level 1:colcon.colcon_core.package_identification:_identify(src/rplidar_ros2) by extensions ['ros']
[4.259s] Level 1:colcon.colcon_core.package_identification:_identify(src/rplidar_ros2) by extension 'ros'
[4.261s] DEBUG:colcon.colcon_core.package_identification:Package 'src/rplidar_ros2' with type 'ros.ament_cmake' and name 'rplidar_ros'
[4.262s] Level 1:colcon.colcon_core.package_identification:_identify(src/steve_launch) by extensions ['ignore', 'ignore_ament_install']
[4.262s] Level 1:colcon.colcon_core.package_identification:_identify(src/steve_launch) by extension 'ignore'
[4.262s] Level 1:colcon.colcon_core.package_identification:_identify(src/steve_launch) by extension 'ignore_ament_install'
[4.262s] Level 1:colcon.colcon_core.package_identification:_identify(src/steve_launch) by extensions ['colcon_pkg']
[4.262s] Level 1:colcon.colcon_core.package_identification:_identify(src/steve_launch) by extension 'colcon_pkg'
[4.263s] Level 1:colcon.colcon_core.package_identification:_identify(src/steve_launch) by extensions ['colcon_meta']
[4.263s] Level 1:colcon.colcon_core.package_identification:_identify(src/steve_launch) by extension 'colcon_meta'
[4.263s] Level 1:colcon.colcon_core.package_identification:_identify(src/steve_launch) by extensions ['ros']
[4.263s] Level 1:colcon.colcon_core.package_identification:_identify(src/steve_launch) by extension 'ros'
[4.265s] DEBUG:colcon.colcon_core.package_identification:Package 'src/steve_launch' with type 'ros.ament_cmake' and name 'steve_launch'
[4.265s] Level 1:colcon.colcon_core.package_discovery:discover_packages(recursive) using defaults
[4.265s] Level 1:colcon.colcon_core.package_discovery:discover_packages(ignore) discover
[4.265s] Level 1:colcon.colcon_core.package_discovery:discover_packages(ignore) using defaults
[4.265s] Level 1:colcon.colcon_core.package_discovery:discover_packages(path) discover
[4.266s] Level 1:colcon.colcon_core.package_discovery:discover_packages(path) using defaults
[4.623s] Level 1:colcon.colcon_core.package_discovery:discover_packages(prefix_path) check parameters
[4.623s] Level 1:colcon.colcon_core.package_discovery:discover_packages(prefix_path) discover
[4.748s] DEBUG:colcon.colcon_installed_package_information.package_discovery:Found 271 installed packages in /opt/ros/humble
[4.753s] Level 1:colcon.colcon_core.package_discovery:discover_packages(prefix_path) using defaults
[5.125s] Level 5:colcon.colcon_core.verb:set package 'joystick_ros2' build argument 'cmake_args' from command line to 'None'
[5.125s] Level 5:colcon.colcon_core.verb:set package 'joystick_ros2' build argument 'cmake_target' from command line to 'None'
[5.125s] Level 5:colcon.colcon_core.verb:set package 'joystick_ros2' build argument 'cmake_target_skip_unavailable' from command line to 'False'
[5.125s] Level 5:colcon.colcon_core.verb:set package 'joystick_ros2' build argument 'cmake_clean_cache' from command line to 'False'
[5.125s] Level 5:colcon.colcon_core.verb:set package 'joystick_ros2' build argument 'cmake_clean_first' from command line to 'False'
[5.126s] Level 5:colcon.colcon_core.verb:set package 'joystick_ros2' build argument 'cmake_force_configure' from command line to 'False'
[5.126s] Level 5:colcon.colcon_core.verb:set package 'joystick_ros2' build argument 'ament_cmake_args' from command line to 'None'
[5.126s] Level 5:colcon.colcon_core.verb:set package 'joystick_ros2' build argument 'catkin_cmake_args' from command line to 'None'
[5.126s] Level 5:colcon.colcon_core.verb:set package 'joystick_ros2' build argument 'catkin_skip_building_tests' from command line to 'False'
[5.126s] DEBUG:colcon.colcon_core.verb:Building package 'joystick_ros2' with the following arguments: {'ament_cmake_args': None, 'build_base': '/home/steve/mren203-ws/build/joystick_ros2', 'catkin_cmake_args': None, 'catkin_skip_building_tests': False, 'cmake_args': None, 'cmake_clean_cache': False, 'cmake_clean_first': False, 'cmake_force_configure': False, 'cmake_target': None, 'cmake_target_skip_unavailable': False, 'install_base': '/home/steve/mren203-ws/install/joystick_ros2', 'merge_install': False, 'path': '/home/steve/mren203-ws/src/joystick_ros2', 'symlink_install': True, 'test_result_base': None}
[5.182s] Level 5:colcon.colcon_core.verb:set package 'motor_control' build argument 'cmake_args' from command line to 'None'
[5.183s] Level 5:colcon.colcon_core.verb:set package 'motor_control' build argument 'cmake_target' from command line to 'None'
[5.183s] Level 5:colcon.colcon_core.verb:set package 'motor_control' build argument 'cmake_target_skip_unavailable' from command line to 'False'
[5.183s] Level 5:colcon.colcon_core.verb:set package 'motor_control' build argument 'cmake_clean_cache' from command line to 'False'
[5.183s] Level 5:colcon.colcon_core.verb:set package 'motor_control' build argument 'cmake_clean_first' from command line to 'False'
[5.183s] Level 5:colcon.colcon_core.verb:set package 'motor_control' build argument 'cmake_force_configure' from command line to 'False'
[5.183s] Level 5:colcon.colcon_core.verb:set package 'motor_control' build argument 'ament_cmake_args' from command line to 'None'
[5.184s] Level 5:colcon.colcon_core.verb:set package 'motor_control' build argument 'catkin_cmake_args' from command line to 'None'
[5.184s] Level 5:colcon.colcon_core.verb:set package 'motor_control' build argument 'catkin_skip_building_tests' from command line to 'False'
[5.184s] DEBUG:colcon.colcon_core.verb:Building package 'motor_control' with the following arguments: {'ament_cmake_args': None, 'build_base': '/home/steve/mren203-ws/build/motor_control', 'catkin_cmake_args': None, 'catkin_skip_building_tests': False, 'cmake_args': None, 'cmake_clean_cache': False, 'cmake_clean_first': False, 'cmake_force_configure': False, 'cmake_target': None, 'cmake_target_skip_unavailable': False, 'install_base': '/home/steve/mren203-ws/install/motor_control', 'merge_install': False, 'path': '/home/steve/mren203-ws/src/motor_control', 'symlink_install': True, 'test_result_base': None}
[5.241s] Level 5:colcon.colcon_core.verb:set package 'rplidar_ros' build argument 'cmake_args' from command line to 'None'
[5.241s] Level 5:colcon.colcon_core.verb:set package 'rplidar_ros' build argument 'cmake_target' from command line to 'None'
[5.241s] Level 5:colcon.colcon_core.verb:set package 'rplidar_ros' build argument 'cmake_target_skip_unavailable' from command line to 'False'
[5.241s] Level 5:colcon.colcon_core.verb:set package 'rplidar_ros' build argument 'cmake_clean_cache' from command line to 'False'
[5.241s] Level 5:colcon.colcon_core.verb:set package 'rplidar_ros' build argument 'cmake_clean_first' from command line to 'False'
[5.242s] Level 5:colcon.colcon_core.verb:set package 'rplidar_ros' build argument 'cmake_force_configure' from command line to 'False'
[5.242s] Level 5:colcon.colcon_core.verb:set package 'rplidar_ros' build argument 'ament_cmake_args' from command line to 'None'
[5.242s] Level 5:colcon.colcon_core.verb:set package 'rplidar_ros' build argument 'catkin_cmake_args' from command line to 'None'
[5.242s] Level 5:colcon.colcon_core.verb:set package 'rplidar_ros' build argument 'catkin_skip_building_tests' from command line to 'False'
[5.242s] DEBUG:colcon.colcon_core.verb:Building package 'rplidar_ros' with the following arguments: {'ament_cmake_args': None, 'build_base': '/home/steve/mren203-ws/build/rplidar_ros', 'catkin_cmake_args': None, 'catkin_skip_building_tests': False, 'cmake_args': None, 'cmake_clean_cache': False, 'cmake_clean_first': False, 'cmake_force_configure': False, 'cmake_target': None, 'cmake_target_skip_unavailable': False, 'install_base': '/home/steve/mren203-ws/install/rplidar_ros', 'merge_install': False, 'path': '/home/steve/mren203-ws/src/rplidar_ros2', 'symlink_install': True, 'test_result_base': None}
[5.298s] Level 5:colcon.colcon_core.verb:set package 'steve_launch' build argument 'cmake_args' from command line to 'None'
[5.299s] Level 5:colcon.colcon_core.verb:set package 'steve_launch' build argument 'cmake_target' from command line to 'None'
[5.299s] Level 5:colcon.colcon_core.verb:set package 'steve_launch' build argument 'cmake_target_skip_unavailable' from command line to 'False'
[5.299s] Level 5:colcon.colcon_core.verb:set package 'steve_launch' build argument 'cmake_clean_cache' from command line to 'False'
[5.299s] Level 5:colcon.colcon_core.verb:set package 'steve_launch' build argument 'cmake_clean_first' from command line to 'False'
[5.299s] Level 5:colcon.colcon_core.verb:set package 'steve_launch' build argument 'cmake_force_configure' from command line to 'False'
[5.299s] Level 5:colcon.colcon_core.verb:set package 'steve_launch' build argument 'ament_cmake_args' from command line to 'None'
[5.299s] Level 5:colcon.colcon_core.verb:set package 'steve_launch' build argument 'catkin_cmake_args' from command line to 'None'
[5.299s] Level 5:colcon.colcon_core.verb:set package 'steve_launch' build argument 'catkin_skip_building_tests' from command line to 'False'
[5.300s] DEBUG:colcon.colcon_core.verb:Building package 'steve_launch' with the following arguments: {'ament_cmake_args': None, 'build_base': '/home/steve/mren203-ws/build/steve_launch', 'catkin_cmake_args': None, 'catkin_skip_building_tests': False, 'cmake_args': None, 'cmake_clean_cache': False, 'cmake_clean_first': False, 'cmake_force_configure': False, 'cmake_target': None, 'cmake_target_skip_unavailable': False, 'install_base': '/home/steve/mren203-ws/install/steve_launch', 'merge_install': False, 'path': '/home/steve/mren203-ws/src/steve_launch', 'symlink_install': True, 'test_result_base': None}
[5.355s] INFO:colcon.colcon_core.executor:Executing jobs using 'parallel' executor
[5.414s] DEBUG:colcon.colcon_parallel_executor.executor.parallel:run_until_complete
[5.415s] INFO:colcon.colcon_ros.task.ament_python.build:Building ROS package in '/home/steve/mren203-ws/src/joystick_ros2' with build type 'ament_python'
[5.416s] Level 1:colcon.colcon_core.shell:create_environment_hook('joystick_ros2', 'ament_prefix_path')
[5.481s] INFO:colcon.colcon_core.plugin_system:Skipping extension 'colcon_core.shell.bat': Not used on non-Windows systems
[5.482s] INFO:colcon.colcon_core.shell:Creating environment hook '/home/steve/mren203-ws/install/joystick_ros2/share/joystick_ros2/hook/ament_prefix_path.ps1'
[5.485s] INFO:colcon.colcon_core.shell:Creating environment descriptor '/home/steve/mren203-ws/install/joystick_ros2/share/joystick_ros2/hook/ament_prefix_path.dsv'
[5.486s] INFO:colcon.colcon_core.shell:Creating environment hook '/home/steve/mren203-ws/install/joystick_ros2/share/joystick_ros2/hook/ament_prefix_path.sh'
[5.546s] INFO:colcon.colcon_core.shell:Skip shell extension 'powershell' for command environment: Not usable outside of PowerShell
[5.546s] DEBUG:colcon.colcon_core.shell:Skip shell extension 'dsv' for command environment
[5.672s] INFO:colcon.colcon_ros.task.ament_python.build:Building ROS package in '/home/steve/mren203-ws/src/motor_control' with build type 'ament_python'
[5.672s] Level 1:colcon.colcon_core.shell:create_environment_hook('motor_control', 'ament_prefix_path')
[5.732s] INFO:colcon.colcon_core.shell:Creating environment hook '/home/steve/mren203-ws/install/motor_control/share/motor_control/hook/ament_prefix_path.ps1'
[5.735s] INFO:colcon.colcon_core.shell:Creating environment descriptor '/home/steve/mren203-ws/install/motor_control/share/motor_control/hook/ament_prefix_path.dsv'
[5.736s] INFO:colcon.colcon_core.shell:Creating environment hook '/home/steve/mren203-ws/install/motor_control/share/motor_control/hook/ament_prefix_path.sh'
[5.793s] INFO:colcon.colcon_core.shell:Skip shell extension 'powershell' for command environment: Not usable outside of PowerShell
[5.793s] DEBUG:colcon.colcon_core.shell:Skip shell extension 'dsv' for command environment
[5.918s] INFO:colcon.colcon_ros.task.ament_cmake.build:Building ROS package in '/home/steve/mren203-ws/src/rplidar_ros2' with build type 'ament_cmake'
[5.919s] INFO:colcon.colcon_cmake.task.cmake.build:Building CMake package in '/home/steve/mren203-ws/src/rplidar_ros2'
[5.979s] INFO:colcon.colcon_core.shell:Skip shell extension 'powershell' for command environment: Not usable outside of PowerShell
[5.980s] DEBUG:colcon.colcon_core.shell:Skip shell extension 'dsv' for command environment
[6.104s] INFO:colcon.colcon_ros.task.ament_cmake.build:Building ROS package in '/home/steve/mren203-ws/src/steve_launch' with build type 'ament_cmake'
[6.105s] INFO:colcon.colcon_cmake.task.cmake.build:Building CMake package in '/home/steve/mren203-ws/src/steve_launch'
[6.166s] INFO:colcon.colcon_core.shell:Skip shell extension 'powershell' for command environment: Not usable outside of PowerShell
[6.166s] DEBUG:colcon.colcon_core.shell:Skip shell extension 'dsv' for command environment
[7.361s] WARNING:colcon.colcon_ros.task.ament_python.build:Package 'joystick_ros2' doesn't explicitly install the 'package.xml' file (colcon-ros currently does it implicitly but that fallback will be removed in the future)
[7.362s] INFO:colcon.colcon_core.task.python.build:Building Python package in '/home/steve/mren203-ws/src/joystick_ros2'
[7.420s] INFO:colcon.colcon_core.shell:Skip shell extension 'powershell' for command environment: Not usable outside of PowerShell
[7.420s] DEBUG:colcon.colcon_core.shell:Skip shell extension 'dsv' for command environment
[8.624s] INFO:colcon.colcon_core.task.python.build:Building Python package in '/home/steve/mren203-ws/src/motor_control'
[8.681s] INFO:colcon.colcon_core.shell:Skip shell extension 'powershell' for command environment: Not usable outside of PowerShell
[8.682s] DEBUG:colcon.colcon_core.shell:Skip shell extension 'dsv' for command environment
[8.820s] DEBUG:colcon.colcon_core.event_handler.log_command:Invoking command in '/home/steve/mren203-ws/build/rplidar_ros': CMAKE_PREFIX_PATH=/opt/ros/humble /usr/bin/cmake /home/steve/mren203-ws/src/rplidar_ros2 -DAMENT_CMAKE_SYMLINK_INSTALL=1 -DCMAKE_INSTALL_PREFIX=/home/steve/mren203-ws/install/rplidar_ros
[8.842s] DEBUG:colcon.colcon_core.event_handler.log_command:Invoking command in '/home/steve/mren203-ws/build/steve_launch': CMAKE_PREFIX_PATH=/opt/ros/humble /usr/bin/cmake /home/steve/mren203-ws/src/steve_launch -DAMENT_CMAKE_SYMLINK_INSTALL=1 -DCMAKE_INSTALL_PREFIX=/home/steve/mren203-ws/install/steve_launch
[11.394s] DEBUG:colcon.colcon_core.event_handler.log_command:Invoking command in '/home/steve/mren203-ws/build/joystick_ros2': PYTHONPATH=/home/steve/mren203-ws/build/joystick_ros2/prefix_override:/home/steve/mren203-ws/install/joystick_ros2/lib/python3.10/site-packages:${PYTHONPATH} /usr/bin/python3 setup.py develop --editable --build-directory /home/steve/mren203-ws/build/joystick_ros2/build --no-deps install_data
[11.490s] DEBUG:colcon.colcon_core.event_handler.log_command:Invoking command in '/home/steve/mren203-ws/build/motor_control': PYTHONPATH=/home/steve/mren203-ws/build/motor_control/prefix_override:/home/steve/mren203-ws/install/motor_control/lib/python3.10/site-packages:${PYTHONPATH} /usr/bin/python3 setup.py develop --editable --build-directory /home/steve/mren203-ws/build/motor_control/build --no-deps install_data
[12.802s] DEBUG:colcon.colcon_core.event_handler.log_command:Invoked command in '/home/steve/mren203-ws/build/steve_launch' returned '0': CMAKE_PREFIX_PATH=/opt/ros/humble /usr/bin/cmake /home/steve/mren203-ws/src/steve_launch -DAMENT_CMAKE_SYMLINK_INSTALL=1 -DCMAKE_INSTALL_PREFIX=/home/steve/mren203-ws/install/steve_launch
[12.804s] DEBUG:colcon.colcon_core.event_handler.log_command:Invoking command in '/home/steve/mren203-ws/build/steve_launch': CMAKE_PREFIX_PATH=/opt/ros/humble /usr/bin/cmake --build /home/steve/mren203-ws/build/steve_launch -- -j4 -l4
[13.016s] DEBUG:colcon.colcon_core.event_handler.log_command:Invoked command in '/home/steve/mren203-ws/build/steve_launch' returned '0': CMAKE_PREFIX_PATH=/opt/ros/humble /usr/bin/cmake --build /home/steve/mren203-ws/build/steve_launch -- -j4 -l4
[13.187s] DEBUG:colcon.colcon_core.event_handler.log_command:Invoking command in '/home/steve/mren203-ws/build/steve_launch': CMAKE_PREFIX_PATH=/opt/ros/humble /usr/bin/cmake --install /home/steve/mren203-ws/build/steve_launch
[13.850s] Level 1:colcon.colcon_core.environment:create_environment_scripts_only(steve_launch)
[13.857s] DEBUG:colcon.colcon_core.event_handler.log_command:Invoked command in '/home/steve/mren203-ws/build/steve_launch' returned '0': CMAKE_PREFIX_PATH=/opt/ros/humble /usr/bin/cmake --install /home/steve/mren203-ws/build/steve_launch
[13.979s] Level 1:colcon.colcon_core.environment:checking '/home/steve/mren203-ws/install/steve_launch' for CMake module files
[13.982s] Level 1:colcon.colcon_core.environment:checking '/home/steve/mren203-ws/install/steve_launch' for CMake config files
[13.984s] Level 1:colcon.colcon_core.shell:create_environment_hook('steve_launch', 'cmake_prefix_path')
[14.082s] INFO:colcon.colcon_core.shell:Creating environment hook '/home/steve/mren203-ws/install/steve_launch/share/steve_launch/hook/cmake_prefix_path.ps1'
[14.097s] INFO:colcon.colcon_core.shell:Creating environment descriptor '/home/steve/mren203-ws/install/steve_launch/share/steve_launch/hook/cmake_prefix_path.dsv'
[14.099s] INFO:colcon.colcon_core.shell:Creating environment hook '/home/steve/mren203-ws/install/steve_launch/share/steve_launch/hook/cmake_prefix_path.sh'
[14.102s] Level 1:colcon.colcon_core.environment:checking '/home/steve/mren203-ws/install/steve_launch/bin'
[14.102s] Level 1:colcon.colcon_core.environment:checking '/home/steve/mren203-ws/install/steve_launch/lib/pkgconfig/steve_launch.pc'
[14.104s] Level 1:colcon.colcon_core.environment:checking '/home/steve/mren203-ws/install/steve_launch/lib/python3.10/site-packages'
[14.105s] Level 1:colcon.colcon_core.environment:checking '/home/steve/mren203-ws/install/steve_launch/bin'
[14.205s] INFO:colcon.colcon_core.shell:Creating package script '/home/steve/mren203-ws/install/steve_launch/share/steve_launch/package.ps1'
[14.209s] INFO:colcon.colcon_core.shell:Creating package descriptor '/home/steve/mren203-ws/install/steve_launch/share/steve_launch/package.dsv'
[14.212s] INFO:colcon.colcon_core.shell:Creating package script '/home/steve/mren203-ws/install/steve_launch/share/steve_launch/package.sh'
[14.216s] INFO:colcon.colcon_core.shell:Creating package script '/home/steve/mren203-ws/install/steve_launch/share/steve_launch/package.bash'
[14.220s] INFO:colcon.colcon_core.shell:Creating package script '/home/steve/mren203-ws/install/steve_launch/share/steve_launch/package.zsh'
[14.224s] Level 1:colcon.colcon_core.environment:create_file_with_runtime_dependencies(/home/steve/mren203-ws/install/steve_launch/share/colcon-core/packages/steve_launch)
[14.620s] Level 1:colcon.colcon_core.environment:create_environment_scripts_only(steve_launch)
[14.705s] Level 1:colcon.colcon_core.environment:checking '/home/steve/mren203-ws/install/steve_launch' for CMake module files
[14.709s] Level 1:colcon.colcon_core.environment:checking '/home/steve/mren203-ws/install/steve_launch' for CMake config files
[14.712s] Level 1:colcon.colcon_core.shell:create_environment_hook('steve_launch', 'cmake_prefix_path')
[14.787s] INFO:colcon.colcon_core.shell:Creating environment hook '/home/steve/mren203-ws/install/steve_launch/share/steve_launch/hook/cmake_prefix_path.ps1'
[14.789s] INFO:colcon.colcon_core.shell:Creating environment descriptor '/home/steve/mren203-ws/install/steve_launch/share/steve_launch/hook/cmake_prefix_path.dsv'
[14.791s] INFO:colcon.colcon_core.shell:Creating environment hook '/home/steve/mren203-ws/install/steve_launch/share/steve_launch/hook/cmake_prefix_path.sh'
[14.794s] Level 1:colcon.colcon_core.environment:checking '/home/steve/mren203-ws/install/steve_launch/bin'
[14.794s] Level 1:colcon.colcon_core.environment:checking '/home/steve/mren203-ws/install/steve_launch/lib/pkgconfig/steve_launch.pc'
[14.795s] Level 1:colcon.colcon_core.environment:checking '/home/steve/mren203-ws/install/steve_launch/lib/python3.10/site-packages'
[14.796s] Level 1:colcon.colcon_core.environment:checking '/home/steve/mren203-ws/install/steve_launch/bin'
[14.881s] INFO:colcon.colcon_core.shell:Creating package script '/home/steve/mren203-ws/install/steve_launch/share/steve_launch/package.ps1'
[14.885s] INFO:colcon.colcon_core.shell:Creating package descriptor '/home/steve/mren203-ws/install/steve_launch/share/steve_launch/package.dsv'
[14.888s] INFO:colcon.colcon_core.shell:Creating package script '/home/steve/mren203-ws/install/steve_launch/share/steve_launch/package.sh'
[14.890s] INFO:colcon.colcon_core.shell:Creating package script '/home/steve/mren203-ws/install/steve_launch/share/steve_launch/package.bash'
[14.893s] INFO:colcon.colcon_core.shell:Creating package script '/home/steve/mren203-ws/install/steve_launch/share/steve_launch/package.zsh'
[14.896s] Level 1:colcon.colcon_core.environment:create_file_with_runtime_dependencies(/home/steve/mren203-ws/install/steve_launch/share/colcon-core/packages/steve_launch)
[14.901s] Level 1:colcon.colcon_core.shell:create_environment_hook('joystick_ros2', 'pythonpath_develop')
[14.905s] DEBUG:colcon.colcon_core.event_handler.log_command:Invoked command in '/home/steve/mren203-ws/build/joystick_ros2' returned '0': PYTHONPATH=/home/steve/mren203-ws/build/joystick_ros2/prefix_override:/home/steve/mren203-ws/install/joystick_ros2/lib/python3.10/site-packages:${PYTHONPATH} /usr/bin/python3 setup.py develop --editable --build-directory /home/steve/mren203-ws/build/joystick_ros2/build --no-deps install_data
[14.981s] INFO:colcon.colcon_core.shell:Creating environment hook '/home/steve/mren203-ws/build/joystick_ros2/share/joystick_ros2/hook/pythonpath_develop.ps1'
[14.984s] INFO:colcon.colcon_core.shell:Creating environment descriptor '/home/steve/mren203-ws/build/joystick_ros2/share/joystick_ros2/hook/pythonpath_develop.dsv'
[14.985s] INFO:colcon.colcon_core.shell:Creating environment hook '/home/steve/mren203-ws/build/joystick_ros2/share/joystick_ros2/hook/pythonpath_develop.sh'
[15.060s] Level 1:colcon.colcon_core.environment:checking '/home/steve/mren203-ws/install/joystick_ros2' for CMake module files
[15.062s] Level 1:colcon.colcon_core.environment:checking '/home/steve/mren203-ws/install/joystick_ros2' for CMake config files
[15.066s] Level 1:colcon.colcon_core.environment:checking '/home/steve/mren203-ws/install/joystick_ros2/lib'
[15.067s] Level 1:colcon.colcon_core.environment:checking '/home/steve/mren203-ws/install/joystick_ros2/bin'
[15.067s] Level 1:colcon.colcon_core.environment:checking '/home/steve/mren203-ws/install/joystick_ros2/lib/pkgconfig/joystick_ros2.pc'
[15.068s] Level 1:colcon.colcon_core.environment:checking '/home/steve/mren203-ws/install/joystick_ros2/lib/python3.10/site-packages'
[15.068s] Level 1:colcon.colcon_core.shell:create_environment_hook('joystick_ros2', 'pythonpath')
[15.144s] INFO:colcon.colcon_core.shell:Creating environment hook '/home/steve/mren203-ws/install/joystick_ros2/share/joystick_ros2/hook/pythonpath.ps1'
[15.146s] INFO:colcon.colcon_core.shell:Creating environment descriptor '/home/steve/mren203-ws/install/joystick_ros2/share/joystick_ros2/hook/pythonpath.dsv'
[15.147s] INFO:colcon.colcon_core.shell:Creating environment hook '/home/steve/mren203-ws/install/joystick_ros2/share/joystick_ros2/hook/pythonpath.sh'
[15.150s] Level 1:colcon.colcon_core.environment:checking '/home/steve/mren203-ws/install/joystick_ros2/bin'
[15.150s] Level 1:colcon.colcon_core.environment:create_environment_scripts_only(joystick_ros2)
[15.235s] INFO:colcon.colcon_core.shell:Creating package script '/home/steve/mren203-ws/install/joystick_ros2/share/joystick_ros2/package.ps1'
[15.239s] INFO:colcon.colcon_core.shell:Creating package descriptor '/home/steve/mren203-ws/install/joystick_ros2/share/joystick_ros2/package.dsv'
[15.241s] INFO:colcon.colcon_core.shell:Creating package script '/home/steve/mren203-ws/install/joystick_ros2/share/joystick_ros2/package.sh'
[15.243s] INFO:colcon.colcon_core.shell:Creating package script '/home/steve/mren203-ws/install/joystick_ros2/share/joystick_ros2/package.bash'
[15.244s] INFO:colcon.colcon_core.shell:Creating package script '/home/steve/mren203-ws/install/joystick_ros2/share/joystick_ros2/package.zsh'
[15.246s] Level 1:colcon.colcon_core.environment:create_file_with_runtime_dependencies(/home/steve/mren203-ws/install/joystick_ros2/share/colcon-core/packages/joystick_ros2)
[15.248s] Level 1:colcon.colcon_core.shell:create_environment_hook('motor_control', 'pythonpath_develop')
[15.251s] DEBUG:colcon.colcon_core.event_handler.log_command:Invoked command in '/home/steve/mren203-ws/build/motor_control' returned '0': PYTHONPATH=/home/steve/mren203-ws/build/motor_control/prefix_override:/home/steve/mren203-ws/install/motor_control/lib/python3.10/site-packages:${PYTHONPATH} /usr/bin/python3 setup.py develop --editable --build-directory /home/steve/mren203-ws/build/motor_control/build --no-deps install_data
[15.317s] INFO:colcon.colcon_core.shell:Creating environment hook '/home/steve/mren203-ws/build/motor_control/share/motor_control/hook/pythonpath_develop.ps1'
[15.319s] INFO:colcon.colcon_core.shell:Creating environment descriptor '/home/steve/mren203-ws/build/motor_control/share/motor_control/hook/pythonpath_develop.dsv'
[15.321s] INFO:colcon.colcon_core.shell:Creating environment hook '/home/steve/mren203-ws/build/motor_control/share/motor_control/hook/pythonpath_develop.sh'
[15.387s] Level 1:colcon.colcon_core.environment:checking '/home/steve/mren203-ws/install/motor_control' for CMake module files
[15.389s] Level 1:colcon.colcon_core.environment:checking '/home/steve/mren203-ws/install/motor_control' for CMake config files
[15.392s] Level 1:colcon.colcon_core.environment:checking '/home/steve/mren203-ws/install/motor_control/lib'
[15.392s] Level 1:colcon.colcon_core.environment:checking '/home/steve/mren203-ws/install/motor_control/bin'
[15.392s] Level 1:colcon.colcon_core.environment:checking '/home/steve/mren203-ws/install/motor_control/lib/pkgconfig/motor_control.pc'
[15.393s] Level 1:colcon.colcon_core.environment:checking '/home/steve/mren203-ws/install/motor_control/lib/python3.10/site-packages'
[15.394s] Level 1:colcon.colcon_core.shell:create_environment_hook('motor_control', 'pythonpath')
[15.461s] INFO:colcon.colcon_core.shell:Creating environment hook '/home/steve/mren203-ws/install/motor_control/share/motor_control/hook/pythonpath.ps1'
[15.463s] INFO:colcon.colcon_core.shell:Creating environment descriptor '/home/steve/mren203-ws/install/motor_control/share/motor_control/hook/pythonpath.dsv'
[15.464s] INFO:colcon.colcon_core.shell:Creating environment hook '/home/steve/mren203-ws/install/motor_control/share/motor_control/hook/pythonpath.sh'
[15.466s] Level 1:colcon.colcon_core.environment:checking '/home/steve/mren203-ws/install/motor_control/bin'
[15.467s] Level 1:colcon.colcon_core.environment:create_environment_scripts_only(motor_control)
[15.533s] INFO:colcon.colcon_core.shell:Creating package script '/home/steve/mren203-ws/install/motor_control/share/motor_control/package.ps1'
[15.535s] INFO:colcon.colcon_core.shell:Creating package descriptor '/home/steve/mren203-ws/install/motor_control/share/motor_control/package.dsv'
[15.538s] INFO:colcon.colcon_core.shell:Creating package script '/home/steve/mren203-ws/install/motor_control/share/motor_control/package.sh'
[15.540s] INFO:colcon.colcon_core.shell:Creating package script '/home/steve/mren203-ws/install/motor_control/share/motor_control/package.bash'
[15.541s] INFO:colcon.colcon_core.shell:Creating package script '/home/steve/mren203-ws/install/motor_control/share/motor_control/package.zsh'
[15.543s] Level 1:colcon.colcon_core.environment:create_file_with_runtime_dependencies(/home/steve/mren203-ws/install/motor_control/share/colcon-core/packages/motor_control)
[16.984s] DEBUG:colcon.colcon_core.event_handler.log_command:Invoked command in '/home/steve/mren203-ws/build/rplidar_ros' returned '0': CMAKE_PREFIX_PATH=/opt/ros/humble /usr/bin/cmake /home/steve/mren203-ws/src/rplidar_ros2 -DAMENT_CMAKE_SYMLINK_INSTALL=1 -DCMAKE_INSTALL_PREFIX=/home/steve/mren203-ws/install/rplidar_ros
[16.991s] DEBUG:colcon.colcon_core.event_handler.log_command:Invoking command in '/home/steve/mren203-ws/build/rplidar_ros': CMAKE_PREFIX_PATH=/opt/ros/humble /usr/bin/cmake --build /home/steve/mren203-ws/build/rplidar_ros -- -j4 -l4
[54.416s] DEBUG:colcon.colcon_core.event_handler.log_command:Invoked command in '/home/steve/mren203-ws/build/rplidar_ros' returned '0': CMAKE_PREFIX_PATH=/opt/ros/humble /usr/bin/cmake --build /home/steve/mren203-ws/build/rplidar_ros -- -j4 -l4
[54.647s] DEBUG:colcon.colcon_core.event_handler.log_command:Invoking command in '/home/steve/mren203-ws/build/rplidar_ros': CMAKE_PREFIX_PATH=/opt/ros/humble /usr/bin/cmake --install /home/steve/mren203-ws/build/rplidar_ros
[55.678s] Level 1:colcon.colcon_core.environment:create_environment_scripts_only(rplidar_ros)
[55.680s] DEBUG:colcon.colcon_core.event_handler.log_command:Invoked command in '/home/steve/mren203-ws/build/rplidar_ros' returned '0': CMAKE_PREFIX_PATH=/opt/ros/humble /usr/bin/cmake --install /home/steve/mren203-ws/build/rplidar_ros
[55.741s] Level 1:colcon.colcon_core.environment:checking '/home/steve/mren203-ws/install/rplidar_ros' for CMake module files
[55.744s] Level 1:colcon.colcon_core.environment:checking '/home/steve/mren203-ws/install/rplidar_ros' for CMake config files
[55.746s] Level 1:colcon.colcon_core.shell:create_environment_hook('rplidar_ros', 'cmake_prefix_path')
[55.803s] INFO:colcon.colcon_core.shell:Creating environment hook '/home/steve/mren203-ws/install/rplidar_ros/share/rplidar_ros/hook/cmake_prefix_path.ps1'
[55.805s] INFO:colcon.colcon_core.shell:Creating environment descriptor '/home/steve/mren203-ws/install/rplidar_ros/share/rplidar_ros/hook/cmake_prefix_path.dsv'
[55.806s] INFO:colcon.colcon_core.shell:Creating environment hook '/home/steve/mren203-ws/install/rplidar_ros/share/rplidar_ros/hook/cmake_prefix_path.sh'
[55.809s] Level 1:colcon.colcon_core.environment:checking '/home/steve/mren203-ws/install/rplidar_ros/lib'
[55.809s] Level 1:colcon.colcon_core.shell:create_environment_hook('rplidar_ros', 'ld_library_path_lib')
[55.866s] INFO:colcon.colcon_core.shell:Creating environment hook '/home/steve/mren203-ws/install/rplidar_ros/share/rplidar_ros/hook/ld_library_path_lib.ps1'
[55.868s] INFO:colcon.colcon_core.shell:Creating environment descriptor '/home/steve/mren203-ws/install/rplidar_ros/share/rplidar_ros/hook/ld_library_path_lib.dsv'
[55.869s] INFO:colcon.colcon_core.shell:Creating environment hook '/home/steve/mren203-ws/install/rplidar_ros/share/rplidar_ros/hook/ld_library_path_lib.sh'
[55.871s] Level 1:colcon.colcon_core.environment:checking '/home/steve/mren203-ws/install/rplidar_ros/bin'
[55.871s] Level 1:colcon.colcon_core.environment:checking '/home/steve/mren203-ws/install/rplidar_ros/lib/pkgconfig/rplidar_ros.pc'
[55.872s] Level 1:colcon.colcon_core.environment:checking '/home/steve/mren203-ws/install/rplidar_ros/lib/python3.10/site-packages'
[55.873s] Level 1:colcon.colcon_core.environment:checking '/home/steve/mren203-ws/install/rplidar_ros/bin'
[55.931s] INFO:colcon.colcon_core.shell:Creating package script '/home/steve/mren203-ws/install/rplidar_ros/share/rplidar_ros/package.ps1'
[55.933s] INFO:colcon.colcon_core.shell:Creating package descriptor '/home/steve/mren203-ws/install/rplidar_ros/share/rplidar_ros/package.dsv'
[55.935s] INFO:colcon.colcon_core.shell:Creating package script '/home/steve/mren203-ws/install/rplidar_ros/share/rplidar_ros/package.sh'
[55.937s] INFO:colcon.colcon_core.shell:Creating package script '/home/steve/mren203-ws/install/rplidar_ros/share/rplidar_ros/package.bash'
[55.938s] INFO:colcon.colcon_core.shell:Creating package script '/home/steve/mren203-ws/install/rplidar_ros/share/rplidar_ros/package.zsh'
[55.939s] Level 1:colcon.colcon_core.environment:create_file_with_runtime_dependencies(/home/steve/mren203-ws/install/rplidar_ros/share/colcon-core/packages/rplidar_ros)
[56.220s] Level 1:colcon.colcon_core.environment:create_environment_scripts_only(rplidar_ros)
[56.277s] Level 1:colcon.colcon_core.environment:checking '/home/steve/mren203-ws/install/rplidar_ros' for CMake module files
[56.280s] Level 1:colcon.colcon_core.environment:checking '/home/steve/mren203-ws/install/rplidar_ros' for CMake config files
[56.281s] Level 1:colcon.colcon_core.shell:create_environment_hook('rplidar_ros', 'cmake_prefix_path')
[56.339s] INFO:colcon.colcon_core.shell:Creating environment hook '/home/steve/mren203-ws/install/rplidar_ros/share/rplidar_ros/hook/cmake_prefix_path.ps1'
[56.341s] INFO:colcon.colcon_core.shell:Creating environment descriptor '/home/steve/mren203-ws/install/rplidar_ros/share/rplidar_ros/hook/cmake_prefix_path.dsv'
[56.343s] INFO:colcon.colcon_core.shell:Creating environment hook '/home/steve/mren203-ws/install/rplidar_ros/share/rplidar_ros/hook/cmake_prefix_path.sh'
[56.345s] Level 1:colcon.colcon_core.environment:checking '/home/steve/mren203-ws/install/rplidar_ros/lib'
[56.346s] Level 1:colcon.colcon_core.shell:create_environment_hook('rplidar_ros', 'ld_library_path_lib')
[56.402s] INFO:colcon.colcon_core.shell:Creating environment hook '/home/steve/mren203-ws/install/rplidar_ros/share/rplidar_ros/hook/ld_library_path_lib.ps1'
[56.404s] INFO:colcon.colcon_core.shell:Creating environment descriptor '/home/steve/mren203-ws/install/rplidar_ros/share/rplidar_ros/hook/ld_library_path_lib.dsv'
[56.406s] INFO:colcon.colcon_core.shell:Creating environment hook '/home/steve/mren203-ws/install/rplidar_ros/share/rplidar_ros/hook/ld_library_path_lib.sh'
[56.408s] Level 1:colcon.colcon_core.environment:checking '/home/steve/mren203-ws/install/rplidar_ros/bin'
[56.408s] Level 1:colcon.colcon_core.environment:checking '/home/steve/mren203-ws/install/rplidar_ros/lib/pkgconfig/rplidar_ros.pc'
[56.409s] Level 1:colcon.colcon_core.environment:checking '/home/steve/mren203-ws/install/rplidar_ros/lib/python3.10/site-packages'
[56.411s] Level 1:colcon.colcon_core.environment:checking '/home/steve/mren203-ws/install/rplidar_ros/bin'
[56.468s] INFO:colcon.colcon_core.shell:Creating package script '/home/steve/mren203-ws/install/rplidar_ros/share/rplidar_ros/package.ps1'
[56.471s] INFO:colcon.colcon_core.shell:Creating package descriptor '/home/steve/mren203-ws/install/rplidar_ros/share/rplidar_ros/package.dsv'
[56.473s] INFO:colcon.colcon_core.shell:Creating package script '/home/steve/mren203-ws/install/rplidar_ros/share/rplidar_ros/package.sh'
[56.476s] INFO:colcon.colcon_core.shell:Creating package script '/home/steve/mren203-ws/install/rplidar_ros/share/rplidar_ros/package.bash'
[56.477s] INFO:colcon.colcon_core.shell:Creating package script '/home/steve/mren203-ws/install/rplidar_ros/share/rplidar_ros/package.zsh'
[56.479s] Level 1:colcon.colcon_core.environment:create_file_with_runtime_dependencies(/home/steve/mren203-ws/install/rplidar_ros/share/colcon-core/packages/rplidar_ros)
[56.481s] DEBUG:colcon.colcon_parallel_executor.executor.parallel:closing loop
[56.482s] DEBUG:colcon.colcon_parallel_executor.executor.parallel:loop closed
[56.483s] DEBUG:colcon.colcon_parallel_executor.executor.parallel:run_until_complete finished with '0'
[56.484s] DEBUG:colcon.colcon_core.event_reactor:joining thread
[56.561s] INFO:colcon.colcon_core.plugin_system:Skipping extension 'colcon_notification.desktop_notification.notify_send': Could not find 'notify-send'
[56.561s] INFO:colcon.colcon_core.plugin_system:Skipping extension 'colcon_notification.desktop_notification.terminal_notifier': Not used on non-Darwin systems
[56.561s] INFO:colcon.colcon_core.plugin_system:Skipping extension 'colcon_notification.desktop_notification.win32': Not used on non-Windows systems
[56.561s] INFO:colcon.colcon_notification.desktop_notification:Sending desktop notification using 'notify2'
[56.564s] DEBUG:colcon.colcon_notification.desktop_notification.notify2:Failed to initialize notify2: org.freedesktop.DBus.Error.ServiceUnknown: The name org.freedesktop.Notifications was not provided by any .service files
[56.565s] DEBUG:colcon.colcon_core.event_reactor:joined thread
[56.623s] INFO:colcon.colcon_core.shell:Creating prefix script '/home/steve/mren203-ws/install/local_setup.ps1'
[56.626s] INFO:colcon.colcon_core.shell:Creating prefix util module '/home/steve/mren203-ws/install/_local_setup_util_ps1.py'
[56.631s] INFO:colcon.colcon_core.shell:Creating prefix chain script '/home/steve/mren203-ws/install/setup.ps1'
[56.690s] INFO:colcon.colcon_core.shell:Creating prefix script '/home/steve/mren203-ws/install/local_setup.sh'
[56.693s] INFO:colcon.colcon_core.shell:Creating prefix util module '/home/steve/mren203-ws/install/_local_setup_util_sh.py'
[56.694s] INFO:colcon.colcon_core.shell:Creating prefix chain script '/home/steve/mren203-ws/install/setup.sh'
[56.753s] INFO:colcon.colcon_core.shell:Creating prefix script '/home/steve/mren203-ws/install/local_setup.bash'
[56.755s] INFO:colcon.colcon_core.shell:Creating prefix chain script '/home/steve/mren203-ws/install/setup.bash'
[56.815s] INFO:colcon.colcon_core.shell:Creating prefix script '/home/steve/mren203-ws/install/local_setup.zsh'
[56.817s] INFO:colcon.colcon_core.shell:Creating prefix chain script '/home/steve/mren203-ws/install/setup.zsh'
