[0.316s] Invoking command in '/home/dj/MREN203/main/mren203-ws/build/steve_launch': CMAKE_PREFIX_PATH=/opt/ros/humble /usr/bin/cmake --build /home/dj/MREN203/main/mren203-ws/build/steve_launch -- -j16 -l16
[0.519s] Invoked command in '/home/dj/MREN203/main/mren203-ws/build/steve_launch' returned '0': CMAKE_PREFIX_PATH=/opt/ros/humble /usr/bin/cmake --build /home/dj/MREN203/main/mren203-ws/build/steve_launch -- -j16 -l16
[0.546s] Invoking command in '/home/dj/MREN203/main/mren203-ws/build/steve_launch': CMAKE_PREFIX_PATH=/opt/ros/humble /usr/bin/cmake --install /home/dj/MREN203/main/mren203-ws/build/steve_launch
[0.553s] -- Install configuration: ""
[0.553s] -- Execute custom install script
[0.553s] -- Up-to-date symlink: /home/dj/MREN203/main/mren203-ws/install/steve_launch/share/steve_launch/launch/all_launch.launch
[0.553s] -- Up-to-date symlink: /home/dj/MREN203/main/mren203-ws/install/steve_launch/share/steve_launch/launch/ekf.launch.py
[0.553s] -- Up-to-date symlink: /home/dj/MREN203/main/mren203-ws/install/steve_launch/share/steve_launch/launch/manual_control.launch
[0.553s] -- Up-to-date symlink: /home/dj/MREN203/main/mren203-ws/install/steve_launch/share/steve_launch/launch/online_sync_launch.py
[0.554s] -- Up-to-date symlink: /home/dj/MREN203/main/mren203-ws/install/steve_launch/share/steve_launch/launch/webcam.launch
[0.554s] -- Up-to-date symlink: /home/dj/MREN203/main/mren203-ws/install/steve_launch/share/steve_launch/params/ekf.yaml
[0.554s] -- Up-to-date symlink: /home/dj/MREN203/main/mren203-ws/install/steve_launch/share/steve_launch/params/mapper_params_online_sync.yaml
[0.554s] -- Up-to-date symlink: /home/dj/MREN203/main/mren203-ws/install/steve_launch/share/ament_index/resource_index/package_run_dependencies/steve_launch
[0.554s] -- Up-to-date symlink: /home/dj/MREN203/main/mren203-ws/install/steve_launch/share/ament_index/resource_index/parent_prefix_path/steve_launch
[0.554s] -- Up-to-date symlink: /home/dj/MREN203/main/mren203-ws/install/steve_launch/share/steve_launch/environment/ament_prefix_path.sh
[0.554s] -- Up-to-date symlink: /home/dj/MREN203/main/mren203-ws/install/steve_launch/share/steve_launch/environment/ament_prefix_path.dsv
[0.554s] -- Up-to-date symlink: /home/dj/MREN203/main/mren203-ws/install/steve_launch/share/steve_launch/environment/path.sh
[0.555s] -- Up-to-date symlink: /home/dj/MREN203/main/mren203-ws/install/steve_launch/share/steve_launch/environment/path.dsv
[0.555s] -- Up-to-date symlink: /home/dj/MREN203/main/mren203-ws/install/steve_launch/share/steve_launch/local_setup.bash
[0.555s] -- Up-to-date symlink: /home/dj/MREN203/main/mren203-ws/install/steve_launch/share/steve_launch/local_setup.sh
[0.555s] -- Up-to-date symlink: /home/dj/MREN203/main/mren203-ws/install/steve_launch/share/steve_launch/local_setup.zsh
[0.555s] -- Up-to-date symlink: /home/dj/MREN203/main/mren203-ws/install/steve_launch/share/steve_launch/local_setup.dsv
[0.555s] -- Symlinking: /home/dj/MREN203/main/mren203-ws/install/steve_launch/share/steve_launch/package.dsv
[0.563s] -- Up-to-date symlink: /home/dj/MREN203/main/mren203-ws/install/steve_launch/share/ament_index/resource_index/packages/steve_launch
[0.563s] -- Up-to-date symlink: /home/dj/MREN203/main/mren203-ws/install/steve_launch/share/steve_launch/cmake/steve_launchConfig.cmake
[0.563s] -- Up-to-date symlink: /home/dj/MREN203/main/mren203-ws/install/steve_launch/share/steve_launch/cmake/steve_launchConfig-version.cmake
[0.563s] -- Up-to-date symlink: /home/dj/MREN203/main/mren203-ws/install/steve_launch/share/steve_launch/package.xml
[0.565s] Invoked command in '/home/dj/MREN203/main/mren203-ws/build/steve_launch' returned '0': CMAKE_PREFIX_PATH=/opt/ros/humble /usr/bin/cmake --install /home/dj/MREN203/main/mren203-ws/build/steve_launch
