[0.853s] DEBUG:colcon:Command line arguments: ['/usr/bin/colcon', 'build', '--symlink-install']
[0.853s] DEBUG:colcon:Parsed command line arguments: Namespace(log_base=None, log_level=None, verb_name='build', build_base='build', install_base='install', merge_install=False, symlink_install=True, test_result_base=None, continue_on_error=False, executor='parallel', parallel_workers=16, event_handlers=None, ignore_user_meta=False, metas=['./colcon.meta'], base_paths=['.'], packages_ignore=None, packages_ignore_regex=None, paths=None, packages_up_to=None, packages_up_to_regex=None, packages_above=None, packages_above_and_dependencies=None, packages_above_depth=None, packages_select_by_dep=None, packages_skip_by_dep=None, packages_skip_up_to=None, packages_select_build_failed=False, packages_skip_build_finished=False, packages_select_test_failures=False, packages_skip_test_passed=False, packages_select=None, packages_skip=None, packages_select_regex=None, packages_skip_regex=None, packages_start=None, packages_end=None, allow_overriding=[], cmake_args=None, cmake_target=None, cmake_target_skip_unavailable=False, cmake_clean_cache=False, cmake_clean_first=False, cmake_force_configure=False, ament_cmake_args=None, catkin_cmake_args=None, catkin_skip_building_tests=False, verb_parser=<colcon_defaults.argument_parser.defaults.DefaultArgumentsDecorator object at 0x79e446655cf0>, verb_extension=<colcon_core.verb.build.BuildVerb object at 0x79e446655840>, main=<bound method BuildVerb.main of <colcon_core.verb.build.BuildVerb object at 0x79e446655840>>)
[0.897s] Level 1:colcon.colcon_core.package_discovery:discover_packages(colcon_meta) check parameters
[0.897s] Level 1:colcon.colcon_core.package_discovery:discover_packages(recursive) check parameters
[0.897s] Level 1:colcon.colcon_core.package_discovery:discover_packages(ignore) check parameters
[0.897s] Level 1:colcon.colcon_core.package_discovery:discover_packages(path) check parameters
[0.897s] Level 1:colcon.colcon_core.package_discovery:discover_packages(colcon_meta) discover
[0.897s] Level 1:colcon.colcon_core.package_discovery:discover_packages(recursive) discover
[0.898s] INFO:colcon.colcon_core.package_discovery:Crawling recursively for packages in '/home/dj/MREN203/joint_states/mren203-ws'
[0.898s] Level 1:colcon.colcon_core.package_identification:_identify(.) by extensions ['ignore', 'ignore_ament_install']
[0.898s] Level 1:colcon.colcon_core.package_identification:_identify(.) by extension 'ignore'
[0.898s] Level 1:colcon.colcon_core.package_identification:_identify(.) by extension 'ignore_ament_install'
[0.898s] Level 1:colcon.colcon_core.package_identification:_identify(.) by extensions ['colcon_pkg']
[0.898s] Level 1:colcon.colcon_core.package_identification:_identify(.) by extension 'colcon_pkg'
[0.898s] Level 1:colcon.colcon_core.package_identification:_identify(.) by extensions ['colcon_meta']
[0.898s] Level 1:colcon.colcon_core.package_identification:_identify(.) by extension 'colcon_meta'
[0.898s] Level 1:colcon.colcon_core.package_identification:_identify(.) by extensions ['ros']
[0.898s] Level 1:colcon.colcon_core.package_identification:_identify(.) by extension 'ros'
[0.934s] Level 1:colcon.colcon_core.package_identification:_identify(.) by extensions ['cmake', 'python']
[0.934s] Level 1:colcon.colcon_core.package_identification:_identify(.) by extension 'cmake'
[0.934s] Level 1:colcon.colcon_core.package_identification:_identify(.) by extension 'python'
[0.934s] Level 1:colcon.colcon_core.package_identification:_identify(.) by extensions ['python_setup_py']
[0.934s] Level 1:colcon.colcon_core.package_identification:_identify(.) by extension 'python_setup_py'
[0.934s] Level 1:colcon.colcon_core.package_identification:_identify(Arduino) by extensions ['ignore', 'ignore_ament_install']
[0.934s] Level 1:colcon.colcon_core.package_identification:_identify(Arduino) by extension 'ignore'
[0.934s] Level 1:colcon.colcon_core.package_identification:_identify(Arduino) ignored
[0.934s] Level 1:colcon.colcon_core.package_identification:_identify(Python) by extensions ['ignore', 'ignore_ament_install']
[0.934s] Level 1:colcon.colcon_core.package_identification:_identify(Python) by extension 'ignore'
[0.935s] Level 1:colcon.colcon_core.package_identification:_identify(Python) ignored
[0.935s] Level 1:colcon.colcon_core.package_identification:_identify(build) by extensions ['ignore', 'ignore_ament_install']
[0.935s] Level 1:colcon.colcon_core.package_identification:_identify(build) by extension 'ignore'
[0.935s] Level 1:colcon.colcon_core.package_identification:_identify(build) ignored
[0.935s] Level 1:colcon.colcon_core.package_identification:_identify(install) by extensions ['ignore', 'ignore_ament_install']
[0.935s] Level 1:colcon.colcon_core.package_identification:_identify(install) by extension 'ignore'
[0.935s] Level 1:colcon.colcon_core.package_identification:_identify(install) ignored
[0.935s] Level 1:colcon.colcon_core.package_identification:_identify(log) by extensions ['ignore', 'ignore_ament_install']
[0.935s] Level 1:colcon.colcon_core.package_identification:_identify(log) by extension 'ignore'
[0.935s] Level 1:colcon.colcon_core.package_identification:_identify(log) ignored
[0.935s] Level 1:colcon.colcon_core.package_identification:_identify(src) by extensions ['ignore', 'ignore_ament_install']
[0.935s] Level 1:colcon.colcon_core.package_identification:_identify(src) by extension 'ignore'
[0.935s] Level 1:colcon.colcon_core.package_identification:_identify(src) by extension 'ignore_ament_install'
[0.935s] Level 1:colcon.colcon_core.package_identification:_identify(src) by extensions ['colcon_pkg']
[0.935s] Level 1:colcon.colcon_core.package_identification:_identify(src) by extension 'colcon_pkg'
[0.935s] Level 1:colcon.colcon_core.package_identification:_identify(src) by extensions ['colcon_meta']
[0.935s] Level 1:colcon.colcon_core.package_identification:_identify(src) by extension 'colcon_meta'
[0.935s] Level 1:colcon.colcon_core.package_identification:_identify(src) by extensions ['ros']
[0.935s] Level 1:colcon.colcon_core.package_identification:_identify(src) by extension 'ros'
[0.935s] Level 1:colcon.colcon_core.package_identification:_identify(src) by extensions ['cmake', 'python']
[0.935s] Level 1:colcon.colcon_core.package_identification:_identify(src) by extension 'cmake'
[0.935s] Level 1:colcon.colcon_core.package_identification:_identify(src) by extension 'python'
[0.935s] Level 1:colcon.colcon_core.package_identification:_identify(src) by extensions ['python_setup_py']
[0.935s] Level 1:colcon.colcon_core.package_identification:_identify(src) by extension 'python_setup_py'
[0.936s] Level 1:colcon.colcon_core.package_identification:_identify(src/joystick_ros2) by extensions ['ignore', 'ignore_ament_install']
[0.936s] Level 1:colcon.colcon_core.package_identification:_identify(src/joystick_ros2) by extension 'ignore'
[0.936s] Level 1:colcon.colcon_core.package_identification:_identify(src/joystick_ros2) by extension 'ignore_ament_install'
[0.936s] Level 1:colcon.colcon_core.package_identification:_identify(src/joystick_ros2) by extensions ['colcon_pkg']
[0.936s] Level 1:colcon.colcon_core.package_identification:_identify(src/joystick_ros2) by extension 'colcon_pkg'
[0.936s] Level 1:colcon.colcon_core.package_identification:_identify(src/joystick_ros2) by extensions ['colcon_meta']
[0.936s] Level 1:colcon.colcon_core.package_identification:_identify(src/joystick_ros2) by extension 'colcon_meta'
[0.936s] Level 1:colcon.colcon_core.package_identification:_identify(src/joystick_ros2) by extensions ['ros']
[0.936s] Level 1:colcon.colcon_core.package_identification:_identify(src/joystick_ros2) by extension 'ros'
[0.937s] DEBUG:colcon.colcon_core.package_identification:Package 'src/joystick_ros2' with type 'ros.ament_python' and name 'joystick_ros2'
[0.937s] Level 1:colcon.colcon_core.package_identification:_identify(src/motor_control) by extensions ['ignore', 'ignore_ament_install']
[0.937s] Level 1:colcon.colcon_core.package_identification:_identify(src/motor_control) by extension 'ignore'
[0.937s] Level 1:colcon.colcon_core.package_identification:_identify(src/motor_control) by extension 'ignore_ament_install'
[0.937s] Level 1:colcon.colcon_core.package_identification:_identify(src/motor_control) by extensions ['colcon_pkg']
[0.938s] Level 1:colcon.colcon_core.package_identification:_identify(src/motor_control) by extension 'colcon_pkg'
[0.938s] Level 1:colcon.colcon_core.package_identification:_identify(src/motor_control) by extensions ['colcon_meta']
[0.938s] Level 1:colcon.colcon_core.package_identification:_identify(src/motor_control) by extension 'colcon_meta'
[0.938s] Level 1:colcon.colcon_core.package_identification:_identify(src/motor_control) by extensions ['ros']
[0.938s] Level 1:colcon.colcon_core.package_identification:_identify(src/motor_control) by extension 'ros'
[0.938s] DEBUG:colcon.colcon_core.package_identification:Package 'src/motor_control' with type 'ros.ament_python' and name 'motor_control'
[0.938s] Level 1:colcon.colcon_core.package_identification:_identify(src/my_bot) by extensions ['ignore', 'ignore_ament_install']
[0.938s] Level 1:colcon.colcon_core.package_identification:_identify(src/my_bot) by extension 'ignore'
[0.938s] Level 1:colcon.colcon_core.package_identification:_identify(src/my_bot) by extension 'ignore_ament_install'
[0.938s] Level 1:colcon.colcon_core.package_identification:_identify(src/my_bot) by extensions ['colcon_pkg']
[0.938s] Level 1:colcon.colcon_core.package_identification:_identify(src/my_bot) by extension 'colcon_pkg'
[0.938s] Level 1:colcon.colcon_core.package_identification:_identify(src/my_bot) by extensions ['colcon_meta']
[0.938s] Level 1:colcon.colcon_core.package_identification:_identify(src/my_bot) by extension 'colcon_meta'
[0.938s] Level 1:colcon.colcon_core.package_identification:_identify(src/my_bot) by extensions ['ros']
[0.938s] Level 1:colcon.colcon_core.package_identification:_identify(src/my_bot) by extension 'ros'
[0.939s] DEBUG:colcon.colcon_core.package_identification:Package 'src/my_bot' with type 'ros.ament_cmake' and name 'my_bot'
[0.939s] Level 1:colcon.colcon_core.package_identification:_identify(src/rplidar_ros2) by extensions ['ignore', 'ignore_ament_install']
[0.939s] Level 1:colcon.colcon_core.package_identification:_identify(src/rplidar_ros2) by extension 'ignore'
[0.939s] Level 1:colcon.colcon_core.package_identification:_identify(src/rplidar_ros2) by extension 'ignore_ament_install'
[0.939s] Level 1:colcon.colcon_core.package_identification:_identify(src/rplidar_ros2) by extensions ['colcon_pkg']
[0.939s] Level 1:colcon.colcon_core.package_identification:_identify(src/rplidar_ros2) by extension 'colcon_pkg'
[0.939s] Level 1:colcon.colcon_core.package_identification:_identify(src/rplidar_ros2) by extensions ['colcon_meta']
[0.939s] Level 1:colcon.colcon_core.package_identification:_identify(src/rplidar_ros2) by extension 'colcon_meta'
[0.939s] Level 1:colcon.colcon_core.package_identification:_identify(src/rplidar_ros2) by extensions ['ros']
[0.939s] Level 1:colcon.colcon_core.package_identification:_identify(src/rplidar_ros2) by extension 'ros'
[0.939s] DEBUG:colcon.colcon_core.package_identification:Package 'src/rplidar_ros2' with type 'ros.ament_cmake' and name 'rplidar_ros'
[0.939s] Level 1:colcon.colcon_core.package_identification:_identify(src/steve_launch) by extensions ['ignore', 'ignore_ament_install']
[0.939s] Level 1:colcon.colcon_core.package_identification:_identify(src/steve_launch) by extension 'ignore'
[0.939s] Level 1:colcon.colcon_core.package_identification:_identify(src/steve_launch) by extension 'ignore_ament_install'
[0.940s] Level 1:colcon.colcon_core.package_identification:_identify(src/steve_launch) by extensions ['colcon_pkg']
[0.940s] Level 1:colcon.colcon_core.package_identification:_identify(src/steve_launch) by extension 'colcon_pkg'
[0.940s] Level 1:colcon.colcon_core.package_identification:_identify(src/steve_launch) by extensions ['colcon_meta']
[0.940s] Level 1:colcon.colcon_core.package_identification:_identify(src/steve_launch) by extension 'colcon_meta'
[0.940s] Level 1:colcon.colcon_core.package_identification:_identify(src/steve_launch) by extensions ['ros']
[0.940s] Level 1:colcon.colcon_core.package_identification:_identify(src/steve_launch) by extension 'ros'
[0.940s] DEBUG:colcon.colcon_core.package_identification:Package 'src/steve_launch' with type 'ros.ament_cmake' and name 'steve_launch'
[0.940s] Level 1:colcon.colcon_core.package_identification:_identify(src/steve_msgs) by extensions ['ignore', 'ignore_ament_install']
[0.940s] Level 1:colcon.colcon_core.package_identification:_identify(src/steve_msgs) by extension 'ignore'
[0.940s] Level 1:colcon.colcon_core.package_identification:_identify(src/steve_msgs) by extension 'ignore_ament_install'
[0.940s] Level 1:colcon.colcon_core.package_identification:_identify(src/steve_msgs) by extensions ['colcon_pkg']
[0.940s] Level 1:colcon.colcon_core.package_identification:_identify(src/steve_msgs) by extension 'colcon_pkg'
[0.940s] Level 1:colcon.colcon_core.package_identification:_identify(src/steve_msgs) by extensions ['colcon_meta']
[0.940s] Level 1:colcon.colcon_core.package_identification:_identify(src/steve_msgs) by extension 'colcon_meta'
[0.940s] Level 1:colcon.colcon_core.package_identification:_identify(src/steve_msgs) by extensions ['ros']
[0.940s] Level 1:colcon.colcon_core.package_identification:_identify(src/steve_msgs) by extension 'ros'
[0.941s] DEBUG:colcon.colcon_core.package_identification:Package 'src/steve_msgs' with type 'ros.ament_cmake' and name 'steve_msgs'
[0.941s] Level 1:colcon.colcon_core.package_identification:_identify(src/steve_ui) by extensions ['ignore', 'ignore_ament_install']
[0.941s] Level 1:colcon.colcon_core.package_identification:_identify(src/steve_ui) by extension 'ignore'
[0.941s] Level 1:colcon.colcon_core.package_identification:_identify(src/steve_ui) by extension 'ignore_ament_install'
[0.941s] Level 1:colcon.colcon_core.package_identification:_identify(src/steve_ui) by extensions ['colcon_pkg']
[0.941s] Level 1:colcon.colcon_core.package_identification:_identify(src/steve_ui) by extension 'colcon_pkg'
[0.941s] Level 1:colcon.colcon_core.package_identification:_identify(src/steve_ui) by extensions ['colcon_meta']
[0.941s] Level 1:colcon.colcon_core.package_identification:_identify(src/steve_ui) by extension 'colcon_meta'
[0.941s] Level 1:colcon.colcon_core.package_identification:_identify(src/steve_ui) by extensions ['ros']
[0.941s] Level 1:colcon.colcon_core.package_identification:_identify(src/steve_ui) by extension 'ros'
[0.941s] DEBUG:colcon.colcon_core.package_identification:Package 'src/steve_ui' with type 'ros.ament_python' and name 'steve_ui'
[0.941s] Level 1:colcon.colcon_core.package_identification:_identify(src/testing) by extensions ['ignore', 'ignore_ament_install']
[0.941s] Level 1:colcon.colcon_core.package_identification:_identify(src/testing) by extension 'ignore'
[0.941s] Level 1:colcon.colcon_core.package_identification:_identify(src/testing) by extension 'ignore_ament_install'
[0.941s] Level 1:colcon.colcon_core.package_identification:_identify(src/testing) by extensions ['colcon_pkg']
[0.941s] Level 1:colcon.colcon_core.package_identification:_identify(src/testing) by extension 'colcon_pkg'
[0.941s] Level 1:colcon.colcon_core.package_identification:_identify(src/testing) by extensions ['colcon_meta']
[0.942s] Level 1:colcon.colcon_core.package_identification:_identify(src/testing) by extension 'colcon_meta'
[0.942s] Level 1:colcon.colcon_core.package_identification:_identify(src/testing) by extensions ['ros']
[0.942s] Level 1:colcon.colcon_core.package_identification:_identify(src/testing) by extension 'ros'
[0.942s] DEBUG:colcon.colcon_core.package_identification:Package 'src/testing' with type 'ros.ament_python' and name 'testing'
[0.942s] Level 1:colcon.colcon_core.package_discovery:discover_packages(recursive) using defaults
[0.942s] Level 1:colcon.colcon_core.package_discovery:discover_packages(ignore) discover
[0.942s] Level 1:colcon.colcon_core.package_discovery:discover_packages(ignore) using defaults
[0.942s] Level 1:colcon.colcon_core.package_discovery:discover_packages(path) discover
[0.942s] Level 1:colcon.colcon_core.package_discovery:discover_packages(path) using defaults
[1.028s] Level 1:colcon.colcon_core.package_discovery:discover_packages(prefix_path) check parameters
[1.028s] Level 1:colcon.colcon_core.package_discovery:discover_packages(prefix_path) discover
[1.055s] DEBUG:colcon.colcon_installed_package_information.package_discovery:Found 405 installed packages in /opt/ros/humble
[1.057s] Level 1:colcon.colcon_core.package_discovery:discover_packages(prefix_path) using defaults
[1.121s] Level 5:colcon.colcon_core.verb:set package 'joystick_ros2' build argument 'cmake_args' from command line to 'None'
[1.121s] Level 5:colcon.colcon_core.verb:set package 'joystick_ros2' build argument 'cmake_target' from command line to 'None'
[1.121s] Level 5:colcon.colcon_core.verb:set package 'joystick_ros2' build argument 'cmake_target_skip_unavailable' from command line to 'False'
[1.121s] Level 5:colcon.colcon_core.verb:set package 'joystick_ros2' build argument 'cmake_clean_cache' from command line to 'False'
[1.121s] Level 5:colcon.colcon_core.verb:set package 'joystick_ros2' build argument 'cmake_clean_first' from command line to 'False'
[1.121s] Level 5:colcon.colcon_core.verb:set package 'joystick_ros2' build argument 'cmake_force_configure' from command line to 'False'
[1.121s] Level 5:colcon.colcon_core.verb:set package 'joystick_ros2' build argument 'ament_cmake_args' from command line to 'None'
[1.121s] Level 5:colcon.colcon_core.verb:set package 'joystick_ros2' build argument 'catkin_cmake_args' from command line to 'None'
[1.121s] Level 5:colcon.colcon_core.verb:set package 'joystick_ros2' build argument 'catkin_skip_building_tests' from command line to 'False'
[1.121s] DEBUG:colcon.colcon_core.verb:Building package 'joystick_ros2' with the following arguments: {'ament_cmake_args': None, 'build_base': '/home/dj/MREN203/joint_states/mren203-ws/build/joystick_ros2', 'catkin_cmake_args': None, 'catkin_skip_building_tests': False, 'cmake_args': None, 'cmake_clean_cache': False, 'cmake_clean_first': False, 'cmake_force_configure': False, 'cmake_target': None, 'cmake_target_skip_unavailable': False, 'install_base': '/home/dj/MREN203/joint_states/mren203-ws/install/joystick_ros2', 'merge_install': False, 'path': '/home/dj/MREN203/joint_states/mren203-ws/src/joystick_ros2', 'symlink_install': True, 'test_result_base': None}
[1.134s] Level 5:colcon.colcon_core.verb:set package 'my_bot' build argument 'cmake_args' from command line to 'None'
[1.134s] Level 5:colcon.colcon_core.verb:set package 'my_bot' build argument 'cmake_target' from command line to 'None'
[1.134s] Level 5:colcon.colcon_core.verb:set package 'my_bot' build argument 'cmake_target_skip_unavailable' from command line to 'False'
[1.134s] Level 5:colcon.colcon_core.verb:set package 'my_bot' build argument 'cmake_clean_cache' from command line to 'False'
[1.134s] Level 5:colcon.colcon_core.verb:set package 'my_bot' build argument 'cmake_clean_first' from command line to 'False'
[1.134s] Level 5:colcon.colcon_core.verb:set package 'my_bot' build argument 'cmake_force_configure' from command line to 'False'
[1.134s] Level 5:colcon.colcon_core.verb:set package 'my_bot' build argument 'ament_cmake_args' from command line to 'None'
[1.134s] Level 5:colcon.colcon_core.verb:set package 'my_bot' build argument 'catkin_cmake_args' from command line to 'None'
[1.134s] Level 5:colcon.colcon_core.verb:set package 'my_bot' build argument 'catkin_skip_building_tests' from command line to 'False'
[1.134s] DEBUG:colcon.colcon_core.verb:Building package 'my_bot' with the following arguments: {'ament_cmake_args': None, 'build_base': '/home/dj/MREN203/joint_states/mren203-ws/build/my_bot', 'catkin_cmake_args': None, 'catkin_skip_building_tests': False, 'cmake_args': None, 'cmake_clean_cache': False, 'cmake_clean_first': False, 'cmake_force_configure': False, 'cmake_target': None, 'cmake_target_skip_unavailable': False, 'install_base': '/home/dj/MREN203/joint_states/mren203-ws/install/my_bot', 'merge_install': False, 'path': '/home/dj/MREN203/joint_states/mren203-ws/src/my_bot', 'symlink_install': True, 'test_result_base': None}
[1.147s] Level 5:colcon.colcon_core.verb:set package 'rplidar_ros' build argument 'cmake_args' from command line to 'None'
[1.147s] Level 5:colcon.colcon_core.verb:set package 'rplidar_ros' build argument 'cmake_target' from command line to 'None'
[1.147s] Level 5:colcon.colcon_core.verb:set package 'rplidar_ros' build argument 'cmake_target_skip_unavailable' from command line to 'False'
[1.147s] Level 5:colcon.colcon_core.verb:set package 'rplidar_ros' build argument 'cmake_clean_cache' from command line to 'False'
[1.147s] Level 5:colcon.colcon_core.verb:set package 'rplidar_ros' build argument 'cmake_clean_first' from command line to 'False'
[1.147s] Level 5:colcon.colcon_core.verb:set package 'rplidar_ros' build argument 'cmake_force_configure' from command line to 'False'
[1.147s] Level 5:colcon.colcon_core.verb:set package 'rplidar_ros' build argument 'ament_cmake_args' from command line to 'None'
[1.147s] Level 5:colcon.colcon_core.verb:set package 'rplidar_ros' build argument 'catkin_cmake_args' from command line to 'None'
[1.147s] Level 5:colcon.colcon_core.verb:set package 'rplidar_ros' build argument 'catkin_skip_building_tests' from command line to 'False'
[1.147s] DEBUG:colcon.colcon_core.verb:Building package 'rplidar_ros' with the following arguments: {'ament_cmake_args': None, 'build_base': '/home/dj/MREN203/joint_states/mren203-ws/build/rplidar_ros', 'catkin_cmake_args': None, 'catkin_skip_building_tests': False, 'cmake_args': None, 'cmake_clean_cache': False, 'cmake_clean_first': False, 'cmake_force_configure': False, 'cmake_target': None, 'cmake_target_skip_unavailable': False, 'install_base': '/home/dj/MREN203/joint_states/mren203-ws/install/rplidar_ros', 'merge_install': False, 'path': '/home/dj/MREN203/joint_states/mren203-ws/src/rplidar_ros2', 'symlink_install': True, 'test_result_base': None}
[1.160s] Level 5:colcon.colcon_core.verb:set package 'steve_launch' build argument 'cmake_args' from command line to 'None'
[1.160s] Level 5:colcon.colcon_core.verb:set package 'steve_launch' build argument 'cmake_target' from command line to 'None'
[1.160s] Level 5:colcon.colcon_core.verb:set package 'steve_launch' build argument 'cmake_target_skip_unavailable' from command line to 'False'
[1.160s] Level 5:colcon.colcon_core.verb:set package 'steve_launch' build argument 'cmake_clean_cache' from command line to 'False'
[1.160s] Level 5:colcon.colcon_core.verb:set package 'steve_launch' build argument 'cmake_clean_first' from command line to 'False'
[1.160s] Level 5:colcon.colcon_core.verb:set package 'steve_launch' build argument 'cmake_force_configure' from command line to 'False'
[1.160s] Level 5:colcon.colcon_core.verb:set package 'steve_launch' build argument 'ament_cmake_args' from command line to 'None'
[1.160s] Level 5:colcon.colcon_core.verb:set package 'steve_launch' build argument 'catkin_cmake_args' from command line to 'None'
[1.160s] Level 5:colcon.colcon_core.verb:set package 'steve_launch' build argument 'catkin_skip_building_tests' from command line to 'False'
[1.160s] DEBUG:colcon.colcon_core.verb:Building package 'steve_launch' with the following arguments: {'ament_cmake_args': None, 'build_base': '/home/dj/MREN203/joint_states/mren203-ws/build/steve_launch', 'catkin_cmake_args': None, 'catkin_skip_building_tests': False, 'cmake_args': None, 'cmake_clean_cache': False, 'cmake_clean_first': False, 'cmake_force_configure': False, 'cmake_target': None, 'cmake_target_skip_unavailable': False, 'install_base': '/home/dj/MREN203/joint_states/mren203-ws/install/steve_launch', 'merge_install': False, 'path': '/home/dj/MREN203/joint_states/mren203-ws/src/steve_launch', 'symlink_install': True, 'test_result_base': None}
[1.173s] Level 5:colcon.colcon_core.verb:set package 'steve_msgs' build argument 'cmake_args' from command line to 'None'
[1.173s] Level 5:colcon.colcon_core.verb:set package 'steve_msgs' build argument 'cmake_target' from command line to 'None'
[1.173s] Level 5:colcon.colcon_core.verb:set package 'steve_msgs' build argument 'cmake_target_skip_unavailable' from command line to 'False'
[1.173s] Level 5:colcon.colcon_core.verb:set package 'steve_msgs' build argument 'cmake_clean_cache' from command line to 'False'
[1.173s] Level 5:colcon.colcon_core.verb:set package 'steve_msgs' build argument 'cmake_clean_first' from command line to 'False'
[1.173s] Level 5:colcon.colcon_core.verb:set package 'steve_msgs' build argument 'cmake_force_configure' from command line to 'False'
[1.173s] Level 5:colcon.colcon_core.verb:set package 'steve_msgs' build argument 'ament_cmake_args' from command line to 'None'
[1.173s] Level 5:colcon.colcon_core.verb:set package 'steve_msgs' build argument 'catkin_cmake_args' from command line to 'None'
[1.174s] Level 5:colcon.colcon_core.verb:set package 'steve_msgs' build argument 'catkin_skip_building_tests' from command line to 'False'
[1.174s] DEBUG:colcon.colcon_core.verb:Building package 'steve_msgs' with the following arguments: {'ament_cmake_args': None, 'build_base': '/home/dj/MREN203/joint_states/mren203-ws/build/steve_msgs', 'catkin_cmake_args': None, 'catkin_skip_building_tests': False, 'cmake_args': None, 'cmake_clean_cache': False, 'cmake_clean_first': False, 'cmake_force_configure': False, 'cmake_target': None, 'cmake_target_skip_unavailable': False, 'install_base': '/home/dj/MREN203/joint_states/mren203-ws/install/steve_msgs', 'merge_install': False, 'path': '/home/dj/MREN203/joint_states/mren203-ws/src/steve_msgs', 'symlink_install': True, 'test_result_base': None}
[1.187s] Level 5:colcon.colcon_core.verb:set package 'testing' build argument 'cmake_args' from command line to 'None'
[1.187s] Level 5:colcon.colcon_core.verb:set package 'testing' build argument 'cmake_target' from command line to 'None'
[1.187s] Level 5:colcon.colcon_core.verb:set package 'testing' build argument 'cmake_target_skip_unavailable' from command line to 'False'
[1.187s] Level 5:colcon.colcon_core.verb:set package 'testing' build argument 'cmake_clean_cache' from command line to 'False'
[1.187s] Level 5:colcon.colcon_core.verb:set package 'testing' build argument 'cmake_clean_first' from command line to 'False'
[1.187s] Level 5:colcon.colcon_core.verb:set package 'testing' build argument 'cmake_force_configure' from command line to 'False'
[1.187s] Level 5:colcon.colcon_core.verb:set package 'testing' build argument 'ament_cmake_args' from command line to 'None'
[1.187s] Level 5:colcon.colcon_core.verb:set package 'testing' build argument 'catkin_cmake_args' from command line to 'None'
[1.187s] Level 5:colcon.colcon_core.verb:set package 'testing' build argument 'catkin_skip_building_tests' from command line to 'False'
[1.187s] DEBUG:colcon.colcon_core.verb:Building package 'testing' with the following arguments: {'ament_cmake_args': None, 'build_base': '/home/dj/MREN203/joint_states/mren203-ws/build/testing', 'catkin_cmake_args': None, 'catkin_skip_building_tests': False, 'cmake_args': None, 'cmake_clean_cache': False, 'cmake_clean_first': False, 'cmake_force_configure': False, 'cmake_target': None, 'cmake_target_skip_unavailable': False, 'install_base': '/home/dj/MREN203/joint_states/mren203-ws/install/testing', 'merge_install': False, 'path': '/home/dj/MREN203/joint_states/mren203-ws/src/testing', 'symlink_install': True, 'test_result_base': None}
[1.199s] Level 5:colcon.colcon_core.verb:set package 'motor_control' build argument 'cmake_args' from command line to 'None'
[1.199s] Level 5:colcon.colcon_core.verb:set package 'motor_control' build argument 'cmake_target' from command line to 'None'
[1.200s] Level 5:colcon.colcon_core.verb:set package 'motor_control' build argument 'cmake_target_skip_unavailable' from command line to 'False'
[1.200s] Level 5:colcon.colcon_core.verb:set package 'motor_control' build argument 'cmake_clean_cache' from command line to 'False'
[1.200s] Level 5:colcon.colcon_core.verb:set package 'motor_control' build argument 'cmake_clean_first' from command line to 'False'
[1.200s] Level 5:colcon.colcon_core.verb:set package 'motor_control' build argument 'cmake_force_configure' from command line to 'False'
[1.200s] Level 5:colcon.colcon_core.verb:set package 'motor_control' build argument 'ament_cmake_args' from command line to 'None'
[1.200s] Level 5:colcon.colcon_core.verb:set package 'motor_control' build argument 'catkin_cmake_args' from command line to 'None'
[1.200s] Level 5:colcon.colcon_core.verb:set package 'motor_control' build argument 'catkin_skip_building_tests' from command line to 'False'
[1.200s] DEBUG:colcon.colcon_core.verb:Building package 'motor_control' with the following arguments: {'ament_cmake_args': None, 'build_base': '/home/dj/MREN203/joint_states/mren203-ws/build/motor_control', 'catkin_cmake_args': None, 'catkin_skip_building_tests': False, 'cmake_args': None, 'cmake_clean_cache': False, 'cmake_clean_first': False, 'cmake_force_configure': False, 'cmake_target': None, 'cmake_target_skip_unavailable': False, 'install_base': '/home/dj/MREN203/joint_states/mren203-ws/install/motor_control', 'merge_install': False, 'path': '/home/dj/MREN203/joint_states/mren203-ws/src/motor_control', 'symlink_install': True, 'test_result_base': None}
[1.212s] Level 5:colcon.colcon_core.verb:set package 'steve_ui' build argument 'cmake_args' from command line to 'None'
[1.212s] Level 5:colcon.colcon_core.verb:set package 'steve_ui' build argument 'cmake_target' from command line to 'None'
[1.212s] Level 5:colcon.colcon_core.verb:set package 'steve_ui' build argument 'cmake_target_skip_unavailable' from command line to 'False'
[1.212s] Level 5:colcon.colcon_core.verb:set package 'steve_ui' build argument 'cmake_clean_cache' from command line to 'False'
[1.212s] Level 5:colcon.colcon_core.verb:set package 'steve_ui' build argument 'cmake_clean_first' from command line to 'False'
[1.212s] Level 5:colcon.colcon_core.verb:set package 'steve_ui' build argument 'cmake_force_configure' from command line to 'False'
[1.212s] Level 5:colcon.colcon_core.verb:set package 'steve_ui' build argument 'ament_cmake_args' from command line to 'None'
[1.213s] Level 5:colcon.colcon_core.verb:set package 'steve_ui' build argument 'catkin_cmake_args' from command line to 'None'
[1.213s] Level 5:colcon.colcon_core.verb:set package 'steve_ui' build argument 'catkin_skip_building_tests' from command line to 'False'
[1.213s] DEBUG:colcon.colcon_core.verb:Building package 'steve_ui' with the following arguments: {'ament_cmake_args': None, 'build_base': '/home/dj/MREN203/joint_states/mren203-ws/build/steve_ui', 'catkin_cmake_args': None, 'catkin_skip_building_tests': False, 'cmake_args': None, 'cmake_clean_cache': False, 'cmake_clean_first': False, 'cmake_force_configure': False, 'cmake_target': None, 'cmake_target_skip_unavailable': False, 'install_base': '/home/dj/MREN203/joint_states/mren203-ws/install/steve_ui', 'merge_install': False, 'path': '/home/dj/MREN203/joint_states/mren203-ws/src/steve_ui', 'symlink_install': True, 'test_result_base': None}
[1.225s] INFO:colcon.colcon_core.executor:Executing jobs using 'parallel' executor
[1.239s] DEBUG:colcon.colcon_parallel_executor.executor.parallel:run_until_complete
[1.239s] INFO:colcon.colcon_ros.task.ament_cmake.build:Building ROS package in '/home/dj/MREN203/joint_states/mren203-ws/src/steve_msgs' with build type 'ament_cmake'
[1.239s] INFO:colcon.colcon_cmake.task.cmake.build:Building CMake package in '/home/dj/MREN203/joint_states/mren203-ws/src/steve_msgs'
[1.253s] INFO:colcon.colcon_core.plugin_system:Skipping extension 'colcon_core.shell.bat': Not used on non-Windows systems
[1.253s] INFO:colcon.colcon_core.shell:Skip shell extension 'powershell' for command environment: Not usable outside of PowerShell
[1.254s] DEBUG:colcon.colcon_core.shell:Skip shell extension 'dsv' for command environment
[1.282s] INFO:colcon.colcon_ros.task.ament_python.build:Building ROS package in '/home/dj/MREN203/joint_states/mren203-ws/src/joystick_ros2' with build type 'ament_python'
[1.282s] Level 1:colcon.colcon_core.shell:create_environment_hook('joystick_ros2', 'ament_prefix_path')
[1.295s] INFO:colcon.colcon_core.shell:Creating environment hook '/home/dj/MREN203/joint_states/mren203-ws/install/joystick_ros2/share/joystick_ros2/hook/ament_prefix_path.ps1'
[1.296s] INFO:colcon.colcon_core.shell:Creating environment descriptor '/home/dj/MREN203/joint_states/mren203-ws/install/joystick_ros2/share/joystick_ros2/hook/ament_prefix_path.dsv'
[1.296s] INFO:colcon.colcon_core.shell:Creating environment hook '/home/dj/MREN203/joint_states/mren203-ws/install/joystick_ros2/share/joystick_ros2/hook/ament_prefix_path.sh'
[1.310s] INFO:colcon.colcon_core.shell:Skip shell extension 'powershell' for command environment: Not usable outside of PowerShell
[1.310s] DEBUG:colcon.colcon_core.shell:Skip shell extension 'dsv' for command environment
[1.338s] INFO:colcon.colcon_ros.task.ament_cmake.build:Building ROS package in '/home/dj/MREN203/joint_states/mren203-ws/src/my_bot' with build type 'ament_cmake'
[1.338s] INFO:colcon.colcon_cmake.task.cmake.build:Building CMake package in '/home/dj/MREN203/joint_states/mren203-ws/src/my_bot'
[1.351s] INFO:colcon.colcon_core.shell:Skip shell extension 'powershell' for command environment: Not usable outside of PowerShell
[1.351s] DEBUG:colcon.colcon_core.shell:Skip shell extension 'dsv' for command environment
[1.380s] INFO:colcon.colcon_ros.task.ament_cmake.build:Building ROS package in '/home/dj/MREN203/joint_states/mren203-ws/src/rplidar_ros2' with build type 'ament_cmake'
[1.380s] INFO:colcon.colcon_cmake.task.cmake.build:Building CMake package in '/home/dj/MREN203/joint_states/mren203-ws/src/rplidar_ros2'
[1.393s] INFO:colcon.colcon_core.shell:Skip shell extension 'powershell' for command environment: Not usable outside of PowerShell
[1.393s] DEBUG:colcon.colcon_core.shell:Skip shell extension 'dsv' for command environment
[1.421s] INFO:colcon.colcon_ros.task.ament_cmake.build:Building ROS package in '/home/dj/MREN203/joint_states/mren203-ws/src/steve_launch' with build type 'ament_cmake'
[1.421s] INFO:colcon.colcon_cmake.task.cmake.build:Building CMake package in '/home/dj/MREN203/joint_states/mren203-ws/src/steve_launch'
[1.435s] INFO:colcon.colcon_core.shell:Skip shell extension 'powershell' for command environment: Not usable outside of PowerShell
[1.435s] DEBUG:colcon.colcon_core.shell:Skip shell extension 'dsv' for command environment
[1.463s] INFO:colcon.colcon_ros.task.ament_python.build:Building ROS package in '/home/dj/MREN203/joint_states/mren203-ws/src/testing' with build type 'ament_python'
[1.463s] Level 1:colcon.colcon_core.shell:create_environment_hook('testing', 'ament_prefix_path')
[1.476s] INFO:colcon.colcon_core.shell:Creating environment hook '/home/dj/MREN203/joint_states/mren203-ws/install/testing/share/testing/hook/ament_prefix_path.ps1'
[1.477s] INFO:colcon.colcon_core.shell:Creating environment descriptor '/home/dj/MREN203/joint_states/mren203-ws/install/testing/share/testing/hook/ament_prefix_path.dsv'
[1.477s] INFO:colcon.colcon_core.shell:Creating environment hook '/home/dj/MREN203/joint_states/mren203-ws/install/testing/share/testing/hook/ament_prefix_path.sh'
[1.490s] INFO:colcon.colcon_core.shell:Skip shell extension 'powershell' for command environment: Not usable outside of PowerShell
[1.490s] DEBUG:colcon.colcon_core.shell:Skip shell extension 'dsv' for command environment
[1.523s] DEBUG:colcon.colcon_core.event_handler.log_command:Invoking command in '/home/dj/MREN203/joint_states/mren203-ws/build/steve_msgs': CMAKE_PREFIX_PATH=/opt/ros/humble /usr/bin/cmake --build /home/dj/MREN203/joint_states/mren203-ws/build/steve_msgs -- -j16 -l16
[1.678s] WARNING:colcon.colcon_ros.task.ament_python.build:Package 'joystick_ros2' doesn't explicitly install the 'package.xml' file (colcon-ros currently does it implicitly but that fallback will be removed in the future)
[1.678s] INFO:colcon.colcon_core.task.python.build:Building Python package in '/home/dj/MREN203/joint_states/mren203-ws/src/joystick_ros2'
[1.691s] INFO:colcon.colcon_core.shell:Skip shell extension 'powershell' for command environment: Not usable outside of PowerShell
[1.691s] DEBUG:colcon.colcon_core.shell:Skip shell extension 'dsv' for command environment
[1.723s] DEBUG:colcon.colcon_core.event_handler.log_command:Invoking command in '/home/dj/MREN203/joint_states/mren203-ws/build/my_bot': CMAKE_PREFIX_PATH=/opt/ros/humble /usr/bin/cmake --build /home/dj/MREN203/joint_states/mren203-ws/build/my_bot -- -j16 -l16
[1.725s] DEBUG:colcon.colcon_core.event_handler.log_command:Invoking command in '/home/dj/MREN203/joint_states/mren203-ws/build/rplidar_ros': CMAKE_PREFIX_PATH=/opt/ros/humble /usr/bin/cmake --build /home/dj/MREN203/joint_states/mren203-ws/build/rplidar_ros -- -j16 -l16
[1.727s] DEBUG:colcon.colcon_core.event_handler.log_command:Invoking command in '/home/dj/MREN203/joint_states/mren203-ws/build/steve_launch': CMAKE_PREFIX_PATH=/opt/ros/humble /usr/bin/cmake --build /home/dj/MREN203/joint_states/mren203-ws/build/steve_launch -- -j16 -l16
[1.878s] INFO:colcon.colcon_core.task.python.build:Building Python package in '/home/dj/MREN203/joint_states/mren203-ws/src/testing'
[1.891s] INFO:colcon.colcon_core.shell:Skip shell extension 'powershell' for command environment: Not usable outside of PowerShell
[1.891s] DEBUG:colcon.colcon_core.shell:Skip shell extension 'dsv' for command environment
[1.922s] DEBUG:colcon.colcon_core.event_handler.log_command:Invoked command in '/home/dj/MREN203/joint_states/mren203-ws/build/steve_msgs' returned '0': CMAKE_PREFIX_PATH=/opt/ros/humble /usr/bin/cmake --build /home/dj/MREN203/joint_states/mren203-ws/build/steve_msgs -- -j16 -l16
[1.923s] DEBUG:colcon.colcon_core.event_handler.log_command:Invoked command in '/home/dj/MREN203/joint_states/mren203-ws/build/my_bot' returned '0': CMAKE_PREFIX_PATH=/opt/ros/humble /usr/bin/cmake --build /home/dj/MREN203/joint_states/mren203-ws/build/my_bot -- -j16 -l16
[1.924s] DEBUG:colcon.colcon_core.event_handler.log_command:Invoked command in '/home/dj/MREN203/joint_states/mren203-ws/build/steve_launch' returned '0': CMAKE_PREFIX_PATH=/opt/ros/humble /usr/bin/cmake --build /home/dj/MREN203/joint_states/mren203-ws/build/steve_launch -- -j16 -l16
[1.924s] DEBUG:colcon.colcon_core.event_handler.log_command:Invoked command in '/home/dj/MREN203/joint_states/mren203-ws/build/rplidar_ros' returned '0': CMAKE_PREFIX_PATH=/opt/ros/humble /usr/bin/cmake --build /home/dj/MREN203/joint_states/mren203-ws/build/rplidar_ros -- -j16 -l16
[1.950s] DEBUG:colcon.colcon_core.event_handler.log_command:Invoking command in '/home/dj/MREN203/joint_states/mren203-ws/build/my_bot': CMAKE_PREFIX_PATH=/opt/ros/humble /usr/bin/cmake --install /home/dj/MREN203/joint_states/mren203-ws/build/my_bot
[1.951s] DEBUG:colcon.colcon_core.event_handler.log_command:Invoking command in '/home/dj/MREN203/joint_states/mren203-ws/build/steve_launch': CMAKE_PREFIX_PATH=/opt/ros/humble /usr/bin/cmake --install /home/dj/MREN203/joint_states/mren203-ws/build/steve_launch
[1.961s] DEBUG:colcon.colcon_core.event_handler.log_command:Invoking command in '/home/dj/MREN203/joint_states/mren203-ws/build/rplidar_ros': CMAKE_PREFIX_PATH=/opt/ros/humble /usr/bin/cmake --install /home/dj/MREN203/joint_states/mren203-ws/build/rplidar_ros
[1.969s] Level 1:colcon.colcon_core.environment:create_environment_scripts_only(steve_launch)
[1.970s] DEBUG:colcon.colcon_core.event_handler.log_command:Invoked command in '/home/dj/MREN203/joint_states/mren203-ws/build/steve_launch' returned '0': CMAKE_PREFIX_PATH=/opt/ros/humble /usr/bin/cmake --install /home/dj/MREN203/joint_states/mren203-ws/build/steve_launch
[1.989s] Level 1:colcon.colcon_core.environment:checking '/home/dj/MREN203/joint_states/mren203-ws/install/steve_launch' for CMake module files
[1.990s] Level 1:colcon.colcon_core.environment:checking '/home/dj/MREN203/joint_states/mren203-ws/install/steve_launch' for CMake config files
[1.990s] Level 1:colcon.colcon_core.shell:create_environment_hook('steve_launch', 'cmake_prefix_path')
[2.004s] INFO:colcon.colcon_core.shell:Creating environment hook '/home/dj/MREN203/joint_states/mren203-ws/install/steve_launch/share/steve_launch/hook/cmake_prefix_path.ps1'
[2.005s] INFO:colcon.colcon_core.shell:Creating environment descriptor '/home/dj/MREN203/joint_states/mren203-ws/install/steve_launch/share/steve_launch/hook/cmake_prefix_path.dsv'
[2.005s] INFO:colcon.colcon_core.shell:Creating environment hook '/home/dj/MREN203/joint_states/mren203-ws/install/steve_launch/share/steve_launch/hook/cmake_prefix_path.sh'
[2.006s] Level 1:colcon.colcon_core.environment:checking '/home/dj/MREN203/joint_states/mren203-ws/install/steve_launch/bin'
[2.006s] Level 1:colcon.colcon_core.environment:checking '/home/dj/MREN203/joint_states/mren203-ws/install/steve_launch/lib/pkgconfig/steve_launch.pc'
[2.006s] Level 1:colcon.colcon_core.environment:checking '/home/dj/MREN203/joint_states/mren203-ws/install/steve_launch/lib/python3.10/site-packages'
[2.006s] Level 1:colcon.colcon_core.environment:checking '/home/dj/MREN203/joint_states/mren203-ws/install/steve_launch/bin'
[2.020s] INFO:colcon.colcon_core.shell:Creating package script '/home/dj/MREN203/joint_states/mren203-ws/install/steve_launch/share/steve_launch/package.ps1'
[2.021s] INFO:colcon.colcon_core.shell:Creating package descriptor '/home/dj/MREN203/joint_states/mren203-ws/install/steve_launch/share/steve_launch/package.dsv'
[2.021s] INFO:colcon.colcon_core.shell:Creating package script '/home/dj/MREN203/joint_states/mren203-ws/install/steve_launch/share/steve_launch/package.sh'
[2.022s] INFO:colcon.colcon_core.shell:Creating package script '/home/dj/MREN203/joint_states/mren203-ws/install/steve_launch/share/steve_launch/package.bash'
[2.022s] INFO:colcon.colcon_core.shell:Creating package script '/home/dj/MREN203/joint_states/mren203-ws/install/steve_launch/share/steve_launch/package.zsh'
[2.023s] Level 1:colcon.colcon_core.environment:create_file_with_runtime_dependencies(/home/dj/MREN203/joint_states/mren203-ws/install/steve_launch/share/colcon-core/packages/steve_launch)
[2.024s] Level 1:colcon.colcon_core.environment:create_environment_scripts_only(rplidar_ros)
[2.025s] DEBUG:colcon.colcon_core.event_handler.log_command:Invoked command in '/home/dj/MREN203/joint_states/mren203-ws/build/rplidar_ros' returned '0': CMAKE_PREFIX_PATH=/opt/ros/humble /usr/bin/cmake --install /home/dj/MREN203/joint_states/mren203-ws/build/rplidar_ros
[2.040s] Level 1:colcon.colcon_core.environment:checking '/home/dj/MREN203/joint_states/mren203-ws/install/rplidar_ros' for CMake module files
[2.040s] Level 1:colcon.colcon_core.environment:checking '/home/dj/MREN203/joint_states/mren203-ws/install/rplidar_ros' for CMake config files
[2.040s] Level 1:colcon.colcon_core.shell:create_environment_hook('rplidar_ros', 'cmake_prefix_path')
[2.054s] INFO:colcon.colcon_core.shell:Creating environment hook '/home/dj/MREN203/joint_states/mren203-ws/install/rplidar_ros/share/rplidar_ros/hook/cmake_prefix_path.ps1'
[2.054s] INFO:colcon.colcon_core.shell:Creating environment descriptor '/home/dj/MREN203/joint_states/mren203-ws/install/rplidar_ros/share/rplidar_ros/hook/cmake_prefix_path.dsv'
[2.055s] INFO:colcon.colcon_core.shell:Creating environment hook '/home/dj/MREN203/joint_states/mren203-ws/install/rplidar_ros/share/rplidar_ros/hook/cmake_prefix_path.sh'
[2.055s] Level 1:colcon.colcon_core.environment:checking '/home/dj/MREN203/joint_states/mren203-ws/install/rplidar_ros/lib'
[2.055s] Level 1:colcon.colcon_core.shell:create_environment_hook('rplidar_ros', 'ld_library_path_lib')
[2.069s] INFO:colcon.colcon_core.shell:Creating environment hook '/home/dj/MREN203/joint_states/mren203-ws/install/rplidar_ros/share/rplidar_ros/hook/ld_library_path_lib.ps1'
[2.069s] INFO:colcon.colcon_core.shell:Creating environment descriptor '/home/dj/MREN203/joint_states/mren203-ws/install/rplidar_ros/share/rplidar_ros/hook/ld_library_path_lib.dsv'
[2.069s] INFO:colcon.colcon_core.shell:Creating environment hook '/home/dj/MREN203/joint_states/mren203-ws/install/rplidar_ros/share/rplidar_ros/hook/ld_library_path_lib.sh'
[2.070s] Level 1:colcon.colcon_core.environment:checking '/home/dj/MREN203/joint_states/mren203-ws/install/rplidar_ros/bin'
[2.070s] Level 1:colcon.colcon_core.environment:checking '/home/dj/MREN203/joint_states/mren203-ws/install/rplidar_ros/lib/pkgconfig/rplidar_ros.pc'
[2.070s] Level 1:colcon.colcon_core.environment:checking '/home/dj/MREN203/joint_states/mren203-ws/install/rplidar_ros/lib/python3.10/site-packages'
[2.070s] Level 1:colcon.colcon_core.environment:checking '/home/dj/MREN203/joint_states/mren203-ws/install/rplidar_ros/bin'
[2.084s] INFO:colcon.colcon_core.shell:Creating package script '/home/dj/MREN203/joint_states/mren203-ws/install/rplidar_ros/share/rplidar_ros/package.ps1'
[2.084s] INFO:colcon.colcon_core.shell:Creating package descriptor '/home/dj/MREN203/joint_states/mren203-ws/install/rplidar_ros/share/rplidar_ros/package.dsv'
[2.084s] INFO:colcon.colcon_core.shell:Creating package script '/home/dj/MREN203/joint_states/mren203-ws/install/rplidar_ros/share/rplidar_ros/package.sh'
[2.085s] INFO:colcon.colcon_core.shell:Creating package script '/home/dj/MREN203/joint_states/mren203-ws/install/rplidar_ros/share/rplidar_ros/package.bash'
[2.085s] INFO:colcon.colcon_core.shell:Creating package script '/home/dj/MREN203/joint_states/mren203-ws/install/rplidar_ros/share/rplidar_ros/package.zsh'
[2.085s] Level 1:colcon.colcon_core.environment:create_file_with_runtime_dependencies(/home/dj/MREN203/joint_states/mren203-ws/install/rplidar_ros/share/colcon-core/packages/rplidar_ros)
[2.087s] Level 1:colcon.colcon_core.environment:create_environment_scripts_only(my_bot)
[2.087s] DEBUG:colcon.colcon_core.event_handler.log_command:Invoked command in '/home/dj/MREN203/joint_states/mren203-ws/build/my_bot' returned '0': CMAKE_PREFIX_PATH=/opt/ros/humble /usr/bin/cmake --install /home/dj/MREN203/joint_states/mren203-ws/build/my_bot
[2.102s] Level 1:colcon.colcon_core.environment:checking '/home/dj/MREN203/joint_states/mren203-ws/install/my_bot' for CMake module files
[2.102s] Level 1:colcon.colcon_core.environment:checking '/home/dj/MREN203/joint_states/mren203-ws/install/my_bot' for CMake config files
[2.103s] Level 1:colcon.colcon_core.shell:create_environment_hook('my_bot', 'cmake_prefix_path')
[2.128s] INFO:colcon.colcon_core.shell:Creating environment hook '/home/dj/MREN203/joint_states/mren203-ws/install/my_bot/share/my_bot/hook/cmake_prefix_path.ps1'
[2.128s] INFO:colcon.colcon_core.shell:Creating environment descriptor '/home/dj/MREN203/joint_states/mren203-ws/install/my_bot/share/my_bot/hook/cmake_prefix_path.dsv'
[2.129s] INFO:colcon.colcon_core.shell:Creating environment hook '/home/dj/MREN203/joint_states/mren203-ws/install/my_bot/share/my_bot/hook/cmake_prefix_path.sh'
[2.129s] Level 1:colcon.colcon_core.environment:checking '/home/dj/MREN203/joint_states/mren203-ws/install/my_bot/bin'
[2.129s] Level 1:colcon.colcon_core.environment:checking '/home/dj/MREN203/joint_states/mren203-ws/install/my_bot/lib/pkgconfig/my_bot.pc'
[2.129s] Level 1:colcon.colcon_core.environment:checking '/home/dj/MREN203/joint_states/mren203-ws/install/my_bot/lib/python3.10/site-packages'
[2.129s] Level 1:colcon.colcon_core.environment:checking '/home/dj/MREN203/joint_states/mren203-ws/install/my_bot/bin'
[2.144s] INFO:colcon.colcon_core.shell:Creating package script '/home/dj/MREN203/joint_states/mren203-ws/install/my_bot/share/my_bot/package.ps1'
[2.144s] INFO:colcon.colcon_core.shell:Creating package descriptor '/home/dj/MREN203/joint_states/mren203-ws/install/my_bot/share/my_bot/package.dsv'
[2.144s] INFO:colcon.colcon_core.shell:Creating package script '/home/dj/MREN203/joint_states/mren203-ws/install/my_bot/share/my_bot/package.sh'
[2.145s] INFO:colcon.colcon_core.shell:Creating package script '/home/dj/MREN203/joint_states/mren203-ws/install/my_bot/share/my_bot/package.bash'
[2.145s] INFO:colcon.colcon_core.shell:Creating package script '/home/dj/MREN203/joint_states/mren203-ws/install/my_bot/share/my_bot/package.zsh'
[2.145s] Level 1:colcon.colcon_core.environment:create_file_with_runtime_dependencies(/home/dj/MREN203/joint_states/mren203-ws/install/my_bot/share/colcon-core/packages/my_bot)
[2.148s] DEBUG:colcon.colcon_core.event_handler.log_command:Invoking command in '/home/dj/MREN203/joint_states/mren203-ws/build/steve_msgs': CMAKE_PREFIX_PATH=/opt/ros/humble /usr/bin/cmake --install /home/dj/MREN203/joint_states/mren203-ws/build/steve_msgs
[2.162s] Level 1:colcon.colcon_core.environment:create_environment_scripts_only(steve_launch)
[2.176s] Level 1:colcon.colcon_core.environment:checking '/home/dj/MREN203/joint_states/mren203-ws/install/steve_launch' for CMake module files
[2.176s] Level 1:colcon.colcon_core.environment:checking '/home/dj/MREN203/joint_states/mren203-ws/install/steve_launch' for CMake config files
[2.176s] Level 1:colcon.colcon_core.shell:create_environment_hook('steve_launch', 'cmake_prefix_path')
[2.190s] INFO:colcon.colcon_core.shell:Creating environment hook '/home/dj/MREN203/joint_states/mren203-ws/install/steve_launch/share/steve_launch/hook/cmake_prefix_path.ps1'
[2.190s] INFO:colcon.colcon_core.shell:Creating environment descriptor '/home/dj/MREN203/joint_states/mren203-ws/install/steve_launch/share/steve_launch/hook/cmake_prefix_path.dsv'
[2.191s] INFO:colcon.colcon_core.shell:Creating environment hook '/home/dj/MREN203/joint_states/mren203-ws/install/steve_launch/share/steve_launch/hook/cmake_prefix_path.sh'
[2.191s] Level 1:colcon.colcon_core.environment:checking '/home/dj/MREN203/joint_states/mren203-ws/install/steve_launch/bin'
[2.191s] Level 1:colcon.colcon_core.environment:checking '/home/dj/MREN203/joint_states/mren203-ws/install/steve_launch/lib/pkgconfig/steve_launch.pc'
[2.191s] Level 1:colcon.colcon_core.environment:checking '/home/dj/MREN203/joint_states/mren203-ws/install/steve_launch/lib/python3.10/site-packages'
[2.191s] Level 1:colcon.colcon_core.environment:checking '/home/dj/MREN203/joint_states/mren203-ws/install/steve_launch/bin'
[2.206s] INFO:colcon.colcon_core.shell:Creating package script '/home/dj/MREN203/joint_states/mren203-ws/install/steve_launch/share/steve_launch/package.ps1'
[2.206s] INFO:colcon.colcon_core.shell:Creating package descriptor '/home/dj/MREN203/joint_states/mren203-ws/install/steve_launch/share/steve_launch/package.dsv'
[2.206s] INFO:colcon.colcon_core.shell:Creating package script '/home/dj/MREN203/joint_states/mren203-ws/install/steve_launch/share/steve_launch/package.sh'
[2.206s] INFO:colcon.colcon_core.shell:Creating package script '/home/dj/MREN203/joint_states/mren203-ws/install/steve_launch/share/steve_launch/package.bash'
[2.207s] INFO:colcon.colcon_core.shell:Creating package script '/home/dj/MREN203/joint_states/mren203-ws/install/steve_launch/share/steve_launch/package.zsh'
[2.207s] Level 1:colcon.colcon_core.environment:create_file_with_runtime_dependencies(/home/dj/MREN203/joint_states/mren203-ws/install/steve_launch/share/colcon-core/packages/steve_launch)
[2.231s] Level 1:colcon.colcon_core.environment:create_environment_scripts_only(rplidar_ros)
[2.249s] Level 1:colcon.colcon_core.environment:checking '/home/dj/MREN203/joint_states/mren203-ws/install/rplidar_ros' for CMake module files
[2.250s] Level 1:colcon.colcon_core.environment:checking '/home/dj/MREN203/joint_states/mren203-ws/install/rplidar_ros' for CMake config files
[2.250s] Level 1:colcon.colcon_core.shell:create_environment_hook('rplidar_ros', 'cmake_prefix_path')
[2.263s] INFO:colcon.colcon_core.shell:Creating environment hook '/home/dj/MREN203/joint_states/mren203-ws/install/rplidar_ros/share/rplidar_ros/hook/cmake_prefix_path.ps1'
[2.264s] INFO:colcon.colcon_core.shell:Creating environment descriptor '/home/dj/MREN203/joint_states/mren203-ws/install/rplidar_ros/share/rplidar_ros/hook/cmake_prefix_path.dsv'
[2.264s] INFO:colcon.colcon_core.shell:Creating environment hook '/home/dj/MREN203/joint_states/mren203-ws/install/rplidar_ros/share/rplidar_ros/hook/cmake_prefix_path.sh'
[2.264s] Level 1:colcon.colcon_core.environment:checking '/home/dj/MREN203/joint_states/mren203-ws/install/rplidar_ros/lib'
[2.264s] Level 1:colcon.colcon_core.shell:create_environment_hook('rplidar_ros', 'ld_library_path_lib')
[2.278s] INFO:colcon.colcon_core.shell:Creating environment hook '/home/dj/MREN203/joint_states/mren203-ws/install/rplidar_ros/share/rplidar_ros/hook/ld_library_path_lib.ps1'
[2.278s] INFO:colcon.colcon_core.shell:Creating environment descriptor '/home/dj/MREN203/joint_states/mren203-ws/install/rplidar_ros/share/rplidar_ros/hook/ld_library_path_lib.dsv'
[2.279s] INFO:colcon.colcon_core.shell:Creating environment hook '/home/dj/MREN203/joint_states/mren203-ws/install/rplidar_ros/share/rplidar_ros/hook/ld_library_path_lib.sh'
[2.279s] Level 1:colcon.colcon_core.environment:checking '/home/dj/MREN203/joint_states/mren203-ws/install/rplidar_ros/bin'
[2.279s] Level 1:colcon.colcon_core.environment:checking '/home/dj/MREN203/joint_states/mren203-ws/install/rplidar_ros/lib/pkgconfig/rplidar_ros.pc'
[2.279s] Level 1:colcon.colcon_core.environment:checking '/home/dj/MREN203/joint_states/mren203-ws/install/rplidar_ros/lib/python3.10/site-packages'
[2.279s] Level 1:colcon.colcon_core.environment:checking '/home/dj/MREN203/joint_states/mren203-ws/install/rplidar_ros/bin'
[2.293s] INFO:colcon.colcon_core.shell:Creating package script '/home/dj/MREN203/joint_states/mren203-ws/install/rplidar_ros/share/rplidar_ros/package.ps1'
[2.293s] INFO:colcon.colcon_core.shell:Creating package descriptor '/home/dj/MREN203/joint_states/mren203-ws/install/rplidar_ros/share/rplidar_ros/package.dsv'
[2.294s] INFO:colcon.colcon_core.shell:Creating package script '/home/dj/MREN203/joint_states/mren203-ws/install/rplidar_ros/share/rplidar_ros/package.sh'
[2.294s] INFO:colcon.colcon_core.shell:Creating package script '/home/dj/MREN203/joint_states/mren203-ws/install/rplidar_ros/share/rplidar_ros/package.bash'
[2.294s] INFO:colcon.colcon_core.shell:Creating package script '/home/dj/MREN203/joint_states/mren203-ws/install/rplidar_ros/share/rplidar_ros/package.zsh'
[2.294s] Level 1:colcon.colcon_core.environment:create_file_with_runtime_dependencies(/home/dj/MREN203/joint_states/mren203-ws/install/rplidar_ros/share/colcon-core/packages/rplidar_ros)
[2.309s] Level 1:colcon.colcon_core.environment:create_environment_scripts_only(my_bot)
[2.324s] Level 1:colcon.colcon_core.environment:checking '/home/dj/MREN203/joint_states/mren203-ws/install/my_bot' for CMake module files
[2.324s] Level 1:colcon.colcon_core.environment:checking '/home/dj/MREN203/joint_states/mren203-ws/install/my_bot' for CMake config files
[2.325s] Level 1:colcon.colcon_core.shell:create_environment_hook('my_bot', 'cmake_prefix_path')
[2.339s] INFO:colcon.colcon_core.shell:Creating environment hook '/home/dj/MREN203/joint_states/mren203-ws/install/my_bot/share/my_bot/hook/cmake_prefix_path.ps1'
[2.339s] INFO:colcon.colcon_core.shell:Creating environment descriptor '/home/dj/MREN203/joint_states/mren203-ws/install/my_bot/share/my_bot/hook/cmake_prefix_path.dsv'
[2.339s] INFO:colcon.colcon_core.shell:Creating environment hook '/home/dj/MREN203/joint_states/mren203-ws/install/my_bot/share/my_bot/hook/cmake_prefix_path.sh'
[2.340s] Level 1:colcon.colcon_core.environment:checking '/home/dj/MREN203/joint_states/mren203-ws/install/my_bot/bin'
[2.340s] Level 1:colcon.colcon_core.environment:checking '/home/dj/MREN203/joint_states/mren203-ws/install/my_bot/lib/pkgconfig/my_bot.pc'
[2.340s] Level 1:colcon.colcon_core.environment:checking '/home/dj/MREN203/joint_states/mren203-ws/install/my_bot/lib/python3.10/site-packages'
[2.340s] Level 1:colcon.colcon_core.environment:checking '/home/dj/MREN203/joint_states/mren203-ws/install/my_bot/bin'
[2.353s] INFO:colcon.colcon_core.shell:Creating package script '/home/dj/MREN203/joint_states/mren203-ws/install/my_bot/share/my_bot/package.ps1'
[2.354s] INFO:colcon.colcon_core.shell:Creating package descriptor '/home/dj/MREN203/joint_states/mren203-ws/install/my_bot/share/my_bot/package.dsv'
[2.354s] INFO:colcon.colcon_core.shell:Creating package script '/home/dj/MREN203/joint_states/mren203-ws/install/my_bot/share/my_bot/package.sh'
[2.354s] INFO:colcon.colcon_core.shell:Creating package script '/home/dj/MREN203/joint_states/mren203-ws/install/my_bot/share/my_bot/package.bash'
[2.355s] INFO:colcon.colcon_core.shell:Creating package script '/home/dj/MREN203/joint_states/mren203-ws/install/my_bot/share/my_bot/package.zsh'
[2.355s] Level 1:colcon.colcon_core.environment:create_file_with_runtime_dependencies(/home/dj/MREN203/joint_states/mren203-ws/install/my_bot/share/colcon-core/packages/my_bot)
[2.355s] Level 1:colcon.colcon_core.environment:create_environment_scripts_only(steve_msgs)
[2.356s] DEBUG:colcon.colcon_core.event_handler.log_command:Invoked command in '/home/dj/MREN203/joint_states/mren203-ws/build/steve_msgs' returned '0': CMAKE_PREFIX_PATH=/opt/ros/humble /usr/bin/cmake --install /home/dj/MREN203/joint_states/mren203-ws/build/steve_msgs
[2.370s] Level 1:colcon.colcon_core.environment:checking '/home/dj/MREN203/joint_states/mren203-ws/install/steve_msgs' for CMake module files
[2.370s] Level 1:colcon.colcon_core.environment:checking '/home/dj/MREN203/joint_states/mren203-ws/install/steve_msgs' for CMake config files
[2.371s] Level 1:colcon.colcon_core.shell:create_environment_hook('steve_msgs', 'cmake_prefix_path')
[2.384s] INFO:colcon.colcon_core.shell:Creating environment hook '/home/dj/MREN203/joint_states/mren203-ws/install/steve_msgs/share/steve_msgs/hook/cmake_prefix_path.ps1'
[2.385s] INFO:colcon.colcon_core.shell:Creating environment descriptor '/home/dj/MREN203/joint_states/mren203-ws/install/steve_msgs/share/steve_msgs/hook/cmake_prefix_path.dsv'
[2.385s] INFO:colcon.colcon_core.shell:Creating environment hook '/home/dj/MREN203/joint_states/mren203-ws/install/steve_msgs/share/steve_msgs/hook/cmake_prefix_path.sh'
[2.385s] Level 1:colcon.colcon_core.environment:checking '/home/dj/MREN203/joint_states/mren203-ws/install/steve_msgs/lib'
[2.386s] Level 1:colcon.colcon_core.shell:create_environment_hook('steve_msgs', 'ld_library_path_lib')
[2.401s] INFO:colcon.colcon_core.shell:Creating environment hook '/home/dj/MREN203/joint_states/mren203-ws/install/steve_msgs/share/steve_msgs/hook/ld_library_path_lib.ps1'
[2.401s] INFO:colcon.colcon_core.shell:Creating environment descriptor '/home/dj/MREN203/joint_states/mren203-ws/install/steve_msgs/share/steve_msgs/hook/ld_library_path_lib.dsv'
[2.401s] INFO:colcon.colcon_core.shell:Creating environment hook '/home/dj/MREN203/joint_states/mren203-ws/install/steve_msgs/share/steve_msgs/hook/ld_library_path_lib.sh'
[2.402s] Level 1:colcon.colcon_core.environment:checking '/home/dj/MREN203/joint_states/mren203-ws/install/steve_msgs/bin'
[2.402s] Level 1:colcon.colcon_core.environment:checking '/home/dj/MREN203/joint_states/mren203-ws/install/steve_msgs/lib/pkgconfig/steve_msgs.pc'
[2.402s] Level 1:colcon.colcon_core.environment:checking '/home/dj/MREN203/joint_states/mren203-ws/install/steve_msgs/lib/python3.10/site-packages'
[2.402s] Level 1:colcon.colcon_core.environment:checking '/home/dj/MREN203/joint_states/mren203-ws/install/steve_msgs/bin'
[2.417s] INFO:colcon.colcon_core.shell:Creating package script '/home/dj/MREN203/joint_states/mren203-ws/install/steve_msgs/share/steve_msgs/package.ps1'
[2.417s] INFO:colcon.colcon_core.shell:Creating package descriptor '/home/dj/MREN203/joint_states/mren203-ws/install/steve_msgs/share/steve_msgs/package.dsv'
[2.417s] INFO:colcon.colcon_core.shell:Creating package script '/home/dj/MREN203/joint_states/mren203-ws/install/steve_msgs/share/steve_msgs/package.sh'
[2.418s] INFO:colcon.colcon_core.shell:Creating package script '/home/dj/MREN203/joint_states/mren203-ws/install/steve_msgs/share/steve_msgs/package.bash'
[2.418s] INFO:colcon.colcon_core.shell:Creating package script '/home/dj/MREN203/joint_states/mren203-ws/install/steve_msgs/share/steve_msgs/package.zsh'
[2.418s] Level 1:colcon.colcon_core.environment:create_file_with_runtime_dependencies(/home/dj/MREN203/joint_states/mren203-ws/install/steve_msgs/share/colcon-core/packages/steve_msgs)
[2.421s] DEBUG:colcon.colcon_core.event_handler.log_command:Invoking command in '/home/dj/MREN203/joint_states/mren203-ws/build/joystick_ros2': PYTHONPATH=/home/dj/MREN203/joint_states/mren203-ws/build/joystick_ros2/prefix_override:/home/dj/MREN203/joint_states/mren203-ws/install/joystick_ros2/lib/python3.10/site-packages:${PYTHONPATH} /usr/bin/python3 setup.py develop --editable --build-directory /home/dj/MREN203/joint_states/mren203-ws/build/joystick_ros2/build --no-deps install_data
[2.438s] DEBUG:colcon.colcon_core.event_handler.log_command:Invoking command in '/home/dj/MREN203/joint_states/mren203-ws/build/testing': PYTHONPATH=/home/dj/MREN203/joint_states/mren203-ws/build/testing/prefix_override:/home/dj/MREN203/joint_states/mren203-ws/install/testing/lib/python3.10/site-packages:${PYTHONPATH} /usr/bin/python3 setup.py develop --editable --build-directory /home/dj/MREN203/joint_states/mren203-ws/build/testing/build --no-deps install_data
[2.589s] Level 1:colcon.colcon_core.environment:create_environment_scripts_only(steve_msgs)
[2.602s] Level 1:colcon.colcon_core.environment:checking '/home/dj/MREN203/joint_states/mren203-ws/install/steve_msgs' for CMake module files
[2.603s] Level 1:colcon.colcon_core.environment:checking '/home/dj/MREN203/joint_states/mren203-ws/install/steve_msgs' for CMake config files
[2.603s] Level 1:colcon.colcon_core.shell:create_environment_hook('steve_msgs', 'cmake_prefix_path')
[2.616s] INFO:colcon.colcon_core.shell:Creating environment hook '/home/dj/MREN203/joint_states/mren203-ws/install/steve_msgs/share/steve_msgs/hook/cmake_prefix_path.ps1'
[2.617s] INFO:colcon.colcon_core.shell:Creating environment descriptor '/home/dj/MREN203/joint_states/mren203-ws/install/steve_msgs/share/steve_msgs/hook/cmake_prefix_path.dsv'
[2.617s] INFO:colcon.colcon_core.shell:Creating environment hook '/home/dj/MREN203/joint_states/mren203-ws/install/steve_msgs/share/steve_msgs/hook/cmake_prefix_path.sh'
[2.617s] Level 1:colcon.colcon_core.environment:checking '/home/dj/MREN203/joint_states/mren203-ws/install/steve_msgs/lib'
[2.617s] Level 1:colcon.colcon_core.shell:create_environment_hook('steve_msgs', 'ld_library_path_lib')
[2.631s] INFO:colcon.colcon_core.shell:Creating environment hook '/home/dj/MREN203/joint_states/mren203-ws/install/steve_msgs/share/steve_msgs/hook/ld_library_path_lib.ps1'
[2.631s] INFO:colcon.colcon_core.shell:Creating environment descriptor '/home/dj/MREN203/joint_states/mren203-ws/install/steve_msgs/share/steve_msgs/hook/ld_library_path_lib.dsv'
[2.632s] INFO:colcon.colcon_core.shell:Creating environment hook '/home/dj/MREN203/joint_states/mren203-ws/install/steve_msgs/share/steve_msgs/hook/ld_library_path_lib.sh'
[2.632s] Level 1:colcon.colcon_core.environment:checking '/home/dj/MREN203/joint_states/mren203-ws/install/steve_msgs/bin'
[2.632s] Level 1:colcon.colcon_core.environment:checking '/home/dj/MREN203/joint_states/mren203-ws/install/steve_msgs/lib/pkgconfig/steve_msgs.pc'
[2.632s] Level 1:colcon.colcon_core.environment:checking '/home/dj/MREN203/joint_states/mren203-ws/install/steve_msgs/lib/python3.10/site-packages'
[2.632s] Level 1:colcon.colcon_core.environment:checking '/home/dj/MREN203/joint_states/mren203-ws/install/steve_msgs/bin'
[2.646s] INFO:colcon.colcon_core.shell:Creating package script '/home/dj/MREN203/joint_states/mren203-ws/install/steve_msgs/share/steve_msgs/package.ps1'
[2.646s] INFO:colcon.colcon_core.shell:Creating package descriptor '/home/dj/MREN203/joint_states/mren203-ws/install/steve_msgs/share/steve_msgs/package.dsv'
[2.647s] INFO:colcon.colcon_core.shell:Creating package script '/home/dj/MREN203/joint_states/mren203-ws/install/steve_msgs/share/steve_msgs/package.sh'
[2.647s] INFO:colcon.colcon_core.shell:Creating package script '/home/dj/MREN203/joint_states/mren203-ws/install/steve_msgs/share/steve_msgs/package.bash'
[2.647s] INFO:colcon.colcon_core.shell:Creating package script '/home/dj/MREN203/joint_states/mren203-ws/install/steve_msgs/share/steve_msgs/package.zsh'
[2.648s] Level 1:colcon.colcon_core.environment:create_file_with_runtime_dependencies(/home/dj/MREN203/joint_states/mren203-ws/install/steve_msgs/share/colcon-core/packages/steve_msgs)
[2.648s] INFO:colcon.colcon_ros.task.ament_python.build:Building ROS package in '/home/dj/MREN203/joint_states/mren203-ws/src/motor_control' with build type 'ament_python'
[2.648s] Level 1:colcon.colcon_core.shell:create_environment_hook('motor_control', 'ament_prefix_path')
[2.662s] INFO:colcon.colcon_core.shell:Creating environment hook '/home/dj/MREN203/joint_states/mren203-ws/install/motor_control/share/motor_control/hook/ament_prefix_path.ps1'
[2.662s] INFO:colcon.colcon_core.shell:Creating environment descriptor '/home/dj/MREN203/joint_states/mren203-ws/install/motor_control/share/motor_control/hook/ament_prefix_path.dsv'
[2.662s] INFO:colcon.colcon_core.shell:Creating environment hook '/home/dj/MREN203/joint_states/mren203-ws/install/motor_control/share/motor_control/hook/ament_prefix_path.sh'
[2.676s] INFO:colcon.colcon_core.shell:Skip shell extension 'powershell' for command environment: Not usable outside of PowerShell
[2.677s] DEBUG:colcon.colcon_core.shell:Skip shell extension 'dsv' for command environment
[2.708s] INFO:colcon.colcon_ros.task.ament_python.build:Building ROS package in '/home/dj/MREN203/joint_states/mren203-ws/src/steve_ui' with build type 'ament_python'
[2.709s] Level 1:colcon.colcon_core.shell:create_environment_hook('steve_ui', 'ament_prefix_path')
[2.725s] INFO:colcon.colcon_core.shell:Creating environment hook '/home/dj/MREN203/joint_states/mren203-ws/install/steve_ui/share/steve_ui/hook/ament_prefix_path.ps1'
[2.726s] INFO:colcon.colcon_core.shell:Creating environment descriptor '/home/dj/MREN203/joint_states/mren203-ws/install/steve_ui/share/steve_ui/hook/ament_prefix_path.dsv'
[2.726s] INFO:colcon.colcon_core.shell:Creating environment hook '/home/dj/MREN203/joint_states/mren203-ws/install/steve_ui/share/steve_ui/hook/ament_prefix_path.sh'
[2.742s] INFO:colcon.colcon_core.shell:Skip shell extension 'powershell' for command environment: Not usable outside of PowerShell
[2.742s] DEBUG:colcon.colcon_core.shell:Skip shell extension 'dsv' for command environment
[2.921s] INFO:colcon.colcon_core.task.python.build:Building Python package in '/home/dj/MREN203/joint_states/mren203-ws/src/motor_control'
[2.936s] INFO:colcon.colcon_core.shell:Skip shell extension 'powershell' for command environment: Not usable outside of PowerShell
[2.936s] DEBUG:colcon.colcon_core.shell:Skip shell extension 'dsv' for command environment
[3.116s] INFO:colcon.colcon_core.task.python.build:Building Python package in '/home/dj/MREN203/joint_states/mren203-ws/src/steve_ui'
[3.130s] INFO:colcon.colcon_core.shell:Skip shell extension 'powershell' for command environment: Not usable outside of PowerShell
[3.130s] DEBUG:colcon.colcon_core.shell:Skip shell extension 'dsv' for command environment
[3.160s] Level 1:colcon.colcon_core.shell:create_environment_hook('joystick_ros2', 'pythonpath_develop')
[3.160s] DEBUG:colcon.colcon_core.event_handler.log_command:Invoked command in '/home/dj/MREN203/joint_states/mren203-ws/build/joystick_ros2' returned '0': PYTHONPATH=/home/dj/MREN203/joint_states/mren203-ws/build/joystick_ros2/prefix_override:/home/dj/MREN203/joint_states/mren203-ws/install/joystick_ros2/lib/python3.10/site-packages:${PYTHONPATH} /usr/bin/python3 setup.py develop --editable --build-directory /home/dj/MREN203/joint_states/mren203-ws/build/joystick_ros2/build --no-deps install_data
[3.174s] INFO:colcon.colcon_core.shell:Creating environment hook '/home/dj/MREN203/joint_states/mren203-ws/build/joystick_ros2/share/joystick_ros2/hook/pythonpath_develop.ps1'
[3.174s] INFO:colcon.colcon_core.shell:Creating environment descriptor '/home/dj/MREN203/joint_states/mren203-ws/build/joystick_ros2/share/joystick_ros2/hook/pythonpath_develop.dsv'
[3.174s] INFO:colcon.colcon_core.shell:Creating environment hook '/home/dj/MREN203/joint_states/mren203-ws/build/joystick_ros2/share/joystick_ros2/hook/pythonpath_develop.sh'
[3.188s] Level 1:colcon.colcon_core.environment:checking '/home/dj/MREN203/joint_states/mren203-ws/install/joystick_ros2' for CMake module files
[3.188s] Level 1:colcon.colcon_core.environment:checking '/home/dj/MREN203/joint_states/mren203-ws/install/joystick_ros2' for CMake config files
[3.189s] Level 1:colcon.colcon_core.environment:checking '/home/dj/MREN203/joint_states/mren203-ws/install/joystick_ros2/lib'
[3.189s] Level 1:colcon.colcon_core.environment:checking '/home/dj/MREN203/joint_states/mren203-ws/install/joystick_ros2/bin'
[3.189s] Level 1:colcon.colcon_core.environment:checking '/home/dj/MREN203/joint_states/mren203-ws/install/joystick_ros2/lib/pkgconfig/joystick_ros2.pc'
[3.189s] Level 1:colcon.colcon_core.environment:checking '/home/dj/MREN203/joint_states/mren203-ws/install/joystick_ros2/lib/python3.10/site-packages'
[3.189s] Level 1:colcon.colcon_core.shell:create_environment_hook('joystick_ros2', 'pythonpath')
[3.202s] INFO:colcon.colcon_core.shell:Creating environment hook '/home/dj/MREN203/joint_states/mren203-ws/install/joystick_ros2/share/joystick_ros2/hook/pythonpath.ps1'
[3.203s] INFO:colcon.colcon_core.shell:Creating environment descriptor '/home/dj/MREN203/joint_states/mren203-ws/install/joystick_ros2/share/joystick_ros2/hook/pythonpath.dsv'
[3.203s] INFO:colcon.colcon_core.shell:Creating environment hook '/home/dj/MREN203/joint_states/mren203-ws/install/joystick_ros2/share/joystick_ros2/hook/pythonpath.sh'
[3.203s] Level 1:colcon.colcon_core.environment:checking '/home/dj/MREN203/joint_states/mren203-ws/install/joystick_ros2/bin'
[3.203s] Level 1:colcon.colcon_core.environment:create_environment_scripts_only(joystick_ros2)
[3.217s] INFO:colcon.colcon_core.shell:Creating package script '/home/dj/MREN203/joint_states/mren203-ws/install/joystick_ros2/share/joystick_ros2/package.ps1'
[3.217s] INFO:colcon.colcon_core.shell:Creating package descriptor '/home/dj/MREN203/joint_states/mren203-ws/install/joystick_ros2/share/joystick_ros2/package.dsv'
[3.218s] INFO:colcon.colcon_core.shell:Creating package script '/home/dj/MREN203/joint_states/mren203-ws/install/joystick_ros2/share/joystick_ros2/package.sh'
[3.218s] INFO:colcon.colcon_core.shell:Creating package script '/home/dj/MREN203/joint_states/mren203-ws/install/joystick_ros2/share/joystick_ros2/package.bash'
[3.218s] INFO:colcon.colcon_core.shell:Creating package script '/home/dj/MREN203/joint_states/mren203-ws/install/joystick_ros2/share/joystick_ros2/package.zsh'
[3.219s] Level 1:colcon.colcon_core.environment:create_file_with_runtime_dependencies(/home/dj/MREN203/joint_states/mren203-ws/install/joystick_ros2/share/colcon-core/packages/joystick_ros2)
[3.219s] Level 1:colcon.colcon_core.shell:create_environment_hook('testing', 'pythonpath_develop')
[3.220s] DEBUG:colcon.colcon_core.event_handler.log_command:Invoked command in '/home/dj/MREN203/joint_states/mren203-ws/build/testing' returned '0': PYTHONPATH=/home/dj/MREN203/joint_states/mren203-ws/build/testing/prefix_override:/home/dj/MREN203/joint_states/mren203-ws/install/testing/lib/python3.10/site-packages:${PYTHONPATH} /usr/bin/python3 setup.py develop --editable --build-directory /home/dj/MREN203/joint_states/mren203-ws/build/testing/build --no-deps install_data
[3.233s] INFO:colcon.colcon_core.shell:Creating environment hook '/home/dj/MREN203/joint_states/mren203-ws/build/testing/share/testing/hook/pythonpath_develop.ps1'
[3.234s] INFO:colcon.colcon_core.shell:Creating environment descriptor '/home/dj/MREN203/joint_states/mren203-ws/build/testing/share/testing/hook/pythonpath_develop.dsv'
[3.234s] INFO:colcon.colcon_core.shell:Creating environment hook '/home/dj/MREN203/joint_states/mren203-ws/build/testing/share/testing/hook/pythonpath_develop.sh'
[3.248s] Level 1:colcon.colcon_core.environment:checking '/home/dj/MREN203/joint_states/mren203-ws/install/testing' for CMake module files
[3.248s] Level 1:colcon.colcon_core.environment:checking '/home/dj/MREN203/joint_states/mren203-ws/install/testing' for CMake config files
[3.249s] Level 1:colcon.colcon_core.environment:checking '/home/dj/MREN203/joint_states/mren203-ws/install/testing/lib'
[3.249s] Level 1:colcon.colcon_core.environment:checking '/home/dj/MREN203/joint_states/mren203-ws/install/testing/bin'
[3.249s] Level 1:colcon.colcon_core.environment:checking '/home/dj/MREN203/joint_states/mren203-ws/install/testing/lib/pkgconfig/testing.pc'
[3.249s] Level 1:colcon.colcon_core.environment:checking '/home/dj/MREN203/joint_states/mren203-ws/install/testing/lib/python3.10/site-packages'
[3.249s] Level 1:colcon.colcon_core.shell:create_environment_hook('testing', 'pythonpath')
[3.262s] INFO:colcon.colcon_core.shell:Creating environment hook '/home/dj/MREN203/joint_states/mren203-ws/install/testing/share/testing/hook/pythonpath.ps1'
[3.262s] INFO:colcon.colcon_core.shell:Creating environment descriptor '/home/dj/MREN203/joint_states/mren203-ws/install/testing/share/testing/hook/pythonpath.dsv'
[3.263s] INFO:colcon.colcon_core.shell:Creating environment hook '/home/dj/MREN203/joint_states/mren203-ws/install/testing/share/testing/hook/pythonpath.sh'
[3.263s] Level 1:colcon.colcon_core.environment:checking '/home/dj/MREN203/joint_states/mren203-ws/install/testing/bin'
[3.263s] Level 1:colcon.colcon_core.environment:create_environment_scripts_only(testing)
[3.276s] INFO:colcon.colcon_core.shell:Creating package script '/home/dj/MREN203/joint_states/mren203-ws/install/testing/share/testing/package.ps1'
[3.277s] INFO:colcon.colcon_core.shell:Creating package descriptor '/home/dj/MREN203/joint_states/mren203-ws/install/testing/share/testing/package.dsv'
[3.277s] INFO:colcon.colcon_core.shell:Creating package script '/home/dj/MREN203/joint_states/mren203-ws/install/testing/share/testing/package.sh'
[3.277s] INFO:colcon.colcon_core.shell:Creating package script '/home/dj/MREN203/joint_states/mren203-ws/install/testing/share/testing/package.bash'
[3.278s] INFO:colcon.colcon_core.shell:Creating package script '/home/dj/MREN203/joint_states/mren203-ws/install/testing/share/testing/package.zsh'
[3.278s] Level 1:colcon.colcon_core.environment:create_file_with_runtime_dependencies(/home/dj/MREN203/joint_states/mren203-ws/install/testing/share/colcon-core/packages/testing)
[3.646s] DEBUG:colcon.colcon_core.event_handler.log_command:Invoking command in '/home/dj/MREN203/joint_states/mren203-ws/build/motor_control': AMENT_PREFIX_PATH=/home/dj/MREN203/joint_states/mren203-ws/install/steve_msgs:${AMENT_PREFIX_PATH} CMAKE_PREFIX_PATH=/home/dj/MREN203/joint_states/mren203-ws/install/steve_msgs LD_LIBRARY_PATH=/home/dj/MREN203/joint_states/mren203-ws/install/steve_msgs/lib:${LD_LIBRARY_PATH} PYTHONPATH=/home/dj/MREN203/joint_states/mren203-ws/build/motor_control/prefix_override:/home/dj/MREN203/joint_states/mren203-ws/install/motor_control/lib/python3.10/site-packages:/home/dj/MREN203/joint_states/mren203-ws/install/steve_msgs/local/lib/python3.10/dist-packages:${PYTHONPATH} /usr/bin/python3 setup.py develop --editable --build-directory /home/dj/MREN203/joint_states/mren203-ws/build/motor_control/build --no-deps install_data
[3.759s] DEBUG:colcon.colcon_core.event_handler.log_command:Invoking command in '/home/dj/MREN203/joint_states/mren203-ws/build/steve_ui': AMENT_PREFIX_PATH=/home/dj/MREN203/joint_states/mren203-ws/install/steve_msgs:${AMENT_PREFIX_PATH} CMAKE_PREFIX_PATH=/home/dj/MREN203/joint_states/mren203-ws/install/steve_msgs LD_LIBRARY_PATH=/home/dj/MREN203/joint_states/mren203-ws/install/steve_msgs/lib:${LD_LIBRARY_PATH} PYTHONPATH=/home/dj/MREN203/joint_states/mren203-ws/build/steve_ui/prefix_override:/home/dj/MREN203/joint_states/mren203-ws/install/steve_ui/lib/python3.10/site-packages:/home/dj/MREN203/joint_states/mren203-ws/install/steve_msgs/local/lib/python3.10/dist-packages:${PYTHONPATH} /usr/bin/python3 setup.py develop --editable --build-directory /home/dj/MREN203/joint_states/mren203-ws/build/steve_ui/build --no-deps install_data
[4.233s] Level 1:colcon.colcon_core.shell:create_environment_hook('motor_control', 'pythonpath_develop')
[4.234s] DEBUG:colcon.colcon_core.event_handler.log_command:Invoked command in '/home/dj/MREN203/joint_states/mren203-ws/build/motor_control' returned '0': AMENT_PREFIX_PATH=/home/dj/MREN203/joint_states/mren203-ws/install/steve_msgs:${AMENT_PREFIX_PATH} CMAKE_PREFIX_PATH=/home/dj/MREN203/joint_states/mren203-ws/install/steve_msgs LD_LIBRARY_PATH=/home/dj/MREN203/joint_states/mren203-ws/install/steve_msgs/lib:${LD_LIBRARY_PATH} PYTHONPATH=/home/dj/MREN203/joint_states/mren203-ws/build/motor_control/prefix_override:/home/dj/MREN203/joint_states/mren203-ws/install/motor_control/lib/python3.10/site-packages:/home/dj/MREN203/joint_states/mren203-ws/install/steve_msgs/local/lib/python3.10/dist-packages:${PYTHONPATH} /usr/bin/python3 setup.py develop --editable --build-directory /home/dj/MREN203/joint_states/mren203-ws/build/motor_control/build --no-deps install_data
[4.249s] INFO:colcon.colcon_core.shell:Creating environment hook '/home/dj/MREN203/joint_states/mren203-ws/build/motor_control/share/motor_control/hook/pythonpath_develop.ps1'
[4.249s] INFO:colcon.colcon_core.shell:Creating environment descriptor '/home/dj/MREN203/joint_states/mren203-ws/build/motor_control/share/motor_control/hook/pythonpath_develop.dsv'
[4.249s] INFO:colcon.colcon_core.shell:Creating environment hook '/home/dj/MREN203/joint_states/mren203-ws/build/motor_control/share/motor_control/hook/pythonpath_develop.sh'
[4.263s] Level 1:colcon.colcon_core.environment:checking '/home/dj/MREN203/joint_states/mren203-ws/install/motor_control' for CMake module files
[4.263s] Level 1:colcon.colcon_core.environment:checking '/home/dj/MREN203/joint_states/mren203-ws/install/motor_control' for CMake config files
[4.263s] Level 1:colcon.colcon_core.environment:checking '/home/dj/MREN203/joint_states/mren203-ws/install/motor_control/lib'
[4.263s] Level 1:colcon.colcon_core.environment:checking '/home/dj/MREN203/joint_states/mren203-ws/install/motor_control/bin'
[4.263s] Level 1:colcon.colcon_core.environment:checking '/home/dj/MREN203/joint_states/mren203-ws/install/motor_control/lib/pkgconfig/motor_control.pc'
[4.263s] Level 1:colcon.colcon_core.environment:checking '/home/dj/MREN203/joint_states/mren203-ws/install/motor_control/lib/python3.10/site-packages'
[4.263s] Level 1:colcon.colcon_core.shell:create_environment_hook('motor_control', 'pythonpath')
[4.277s] INFO:colcon.colcon_core.shell:Creating environment hook '/home/dj/MREN203/joint_states/mren203-ws/install/motor_control/share/motor_control/hook/pythonpath.ps1'
[4.277s] INFO:colcon.colcon_core.shell:Creating environment descriptor '/home/dj/MREN203/joint_states/mren203-ws/install/motor_control/share/motor_control/hook/pythonpath.dsv'
[4.277s] INFO:colcon.colcon_core.shell:Creating environment hook '/home/dj/MREN203/joint_states/mren203-ws/install/motor_control/share/motor_control/hook/pythonpath.sh'
[4.278s] Level 1:colcon.colcon_core.environment:checking '/home/dj/MREN203/joint_states/mren203-ws/install/motor_control/bin'
[4.278s] Level 1:colcon.colcon_core.environment:create_environment_scripts_only(motor_control)
[4.292s] INFO:colcon.colcon_core.shell:Creating package script '/home/dj/MREN203/joint_states/mren203-ws/install/motor_control/share/motor_control/package.ps1'
[4.292s] INFO:colcon.colcon_core.shell:Creating package descriptor '/home/dj/MREN203/joint_states/mren203-ws/install/motor_control/share/motor_control/package.dsv'
[4.293s] INFO:colcon.colcon_core.shell:Creating package script '/home/dj/MREN203/joint_states/mren203-ws/install/motor_control/share/motor_control/package.sh'
[4.293s] INFO:colcon.colcon_core.shell:Creating package script '/home/dj/MREN203/joint_states/mren203-ws/install/motor_control/share/motor_control/package.bash'
[4.293s] INFO:colcon.colcon_core.shell:Creating package script '/home/dj/MREN203/joint_states/mren203-ws/install/motor_control/share/motor_control/package.zsh'
[4.293s] Level 1:colcon.colcon_core.environment:create_file_with_runtime_dependencies(/home/dj/MREN203/joint_states/mren203-ws/install/motor_control/share/colcon-core/packages/motor_control)
[4.346s] Level 1:colcon.colcon_core.shell:create_environment_hook('steve_ui', 'pythonpath_develop')
[4.347s] DEBUG:colcon.colcon_core.event_handler.log_command:Invoked command in '/home/dj/MREN203/joint_states/mren203-ws/build/steve_ui' returned '0': AMENT_PREFIX_PATH=/home/dj/MREN203/joint_states/mren203-ws/install/steve_msgs:${AMENT_PREFIX_PATH} CMAKE_PREFIX_PATH=/home/dj/MREN203/joint_states/mren203-ws/install/steve_msgs LD_LIBRARY_PATH=/home/dj/MREN203/joint_states/mren203-ws/install/steve_msgs/lib:${LD_LIBRARY_PATH} PYTHONPATH=/home/dj/MREN203/joint_states/mren203-ws/build/steve_ui/prefix_override:/home/dj/MREN203/joint_states/mren203-ws/install/steve_ui/lib/python3.10/site-packages:/home/dj/MREN203/joint_states/mren203-ws/install/steve_msgs/local/lib/python3.10/dist-packages:${PYTHONPATH} /usr/bin/python3 setup.py develop --editable --build-directory /home/dj/MREN203/joint_states/mren203-ws/build/steve_ui/build --no-deps install_data
[4.360s] INFO:colcon.colcon_core.shell:Creating environment hook '/home/dj/MREN203/joint_states/mren203-ws/build/steve_ui/share/steve_ui/hook/pythonpath_develop.ps1'
[4.361s] INFO:colcon.colcon_core.shell:Creating environment descriptor '/home/dj/MREN203/joint_states/mren203-ws/build/steve_ui/share/steve_ui/hook/pythonpath_develop.dsv'
[4.361s] INFO:colcon.colcon_core.shell:Creating environment hook '/home/dj/MREN203/joint_states/mren203-ws/build/steve_ui/share/steve_ui/hook/pythonpath_develop.sh'
[4.375s] Level 1:colcon.colcon_core.environment:checking '/home/dj/MREN203/joint_states/mren203-ws/install/steve_ui' for CMake module files
[4.375s] Level 1:colcon.colcon_core.environment:checking '/home/dj/MREN203/joint_states/mren203-ws/install/steve_ui' for CMake config files
[4.375s] Level 1:colcon.colcon_core.environment:checking '/home/dj/MREN203/joint_states/mren203-ws/install/steve_ui/lib'
[4.375s] Level 1:colcon.colcon_core.environment:checking '/home/dj/MREN203/joint_states/mren203-ws/install/steve_ui/bin'
[4.375s] Level 1:colcon.colcon_core.environment:checking '/home/dj/MREN203/joint_states/mren203-ws/install/steve_ui/lib/pkgconfig/steve_ui.pc'
[4.376s] Level 1:colcon.colcon_core.environment:checking '/home/dj/MREN203/joint_states/mren203-ws/install/steve_ui/lib/python3.10/site-packages'
[4.376s] Level 1:colcon.colcon_core.shell:create_environment_hook('steve_ui', 'pythonpath')
[4.389s] INFO:colcon.colcon_core.shell:Creating environment hook '/home/dj/MREN203/joint_states/mren203-ws/install/steve_ui/share/steve_ui/hook/pythonpath.ps1'
[4.389s] INFO:colcon.colcon_core.shell:Creating environment descriptor '/home/dj/MREN203/joint_states/mren203-ws/install/steve_ui/share/steve_ui/hook/pythonpath.dsv'
[4.390s] INFO:colcon.colcon_core.shell:Creating environment hook '/home/dj/MREN203/joint_states/mren203-ws/install/steve_ui/share/steve_ui/hook/pythonpath.sh'
[4.390s] Level 1:colcon.colcon_core.environment:checking '/home/dj/MREN203/joint_states/mren203-ws/install/steve_ui/bin'
[4.390s] Level 1:colcon.colcon_core.environment:create_environment_scripts_only(steve_ui)
[4.403s] INFO:colcon.colcon_core.shell:Creating package script '/home/dj/MREN203/joint_states/mren203-ws/install/steve_ui/share/steve_ui/package.ps1'
[4.404s] INFO:colcon.colcon_core.shell:Creating package descriptor '/home/dj/MREN203/joint_states/mren203-ws/install/steve_ui/share/steve_ui/package.dsv'
[4.404s] INFO:colcon.colcon_core.shell:Creating package script '/home/dj/MREN203/joint_states/mren203-ws/install/steve_ui/share/steve_ui/package.sh'
[4.404s] INFO:colcon.colcon_core.shell:Creating package script '/home/dj/MREN203/joint_states/mren203-ws/install/steve_ui/share/steve_ui/package.bash'
[4.405s] INFO:colcon.colcon_core.shell:Creating package script '/home/dj/MREN203/joint_states/mren203-ws/install/steve_ui/share/steve_ui/package.zsh'
[4.405s] Level 1:colcon.colcon_core.environment:create_file_with_runtime_dependencies(/home/dj/MREN203/joint_states/mren203-ws/install/steve_ui/share/colcon-core/packages/steve_ui)
[4.405s] DEBUG:colcon.colcon_parallel_executor.executor.parallel:closing loop
[4.405s] DEBUG:colcon.colcon_parallel_executor.executor.parallel:loop closed
[4.405s] DEBUG:colcon.colcon_parallel_executor.executor.parallel:run_until_complete finished with '0'
[4.405s] DEBUG:colcon.colcon_core.event_reactor:joining thread
[4.423s] INFO:colcon.colcon_core.plugin_system:Skipping extension 'colcon_notification.desktop_notification.terminal_notifier': Not used on non-Darwin systems
[4.423s] INFO:colcon.colcon_core.plugin_system:Skipping extension 'colcon_notification.desktop_notification.win32': Not used on non-Windows systems
[4.423s] INFO:colcon.colcon_notification.desktop_notification:Sending desktop notification using 'notify2'
[4.458s] DEBUG:colcon.colcon_core.event_reactor:joined thread
[4.472s] INFO:colcon.colcon_core.shell:Creating prefix script '/home/dj/MREN203/joint_states/mren203-ws/install/local_setup.ps1'
[4.473s] INFO:colcon.colcon_core.shell:Creating prefix util module '/home/dj/MREN203/joint_states/mren203-ws/install/_local_setup_util_ps1.py'
[4.474s] INFO:colcon.colcon_core.shell:Creating prefix chain script '/home/dj/MREN203/joint_states/mren203-ws/install/setup.ps1'
[4.488s] INFO:colcon.colcon_core.shell:Creating prefix script '/home/dj/MREN203/joint_states/mren203-ws/install/local_setup.sh'
[4.488s] INFO:colcon.colcon_core.shell:Creating prefix util module '/home/dj/MREN203/joint_states/mren203-ws/install/_local_setup_util_sh.py'
[4.488s] INFO:colcon.colcon_core.shell:Creating prefix chain script '/home/dj/MREN203/joint_states/mren203-ws/install/setup.sh'
[4.502s] INFO:colcon.colcon_core.shell:Creating prefix script '/home/dj/MREN203/joint_states/mren203-ws/install/local_setup.bash'
[4.503s] INFO:colcon.colcon_core.shell:Creating prefix chain script '/home/dj/MREN203/joint_states/mren203-ws/install/setup.bash'
[4.516s] INFO:colcon.colcon_core.shell:Creating prefix script '/home/dj/MREN203/joint_states/mren203-ws/install/local_setup.zsh'
[4.516s] INFO:colcon.colcon_core.shell:Creating prefix chain script '/home/dj/MREN203/joint_states/mren203-ws/install/setup.zsh'
