[2.335s] Invoking command in '/home/steve/mren203-ws/build/rplidar_ros': CMAKE_PREFIX_PATH=${CMAKE_PREFIX_PATH}:/home/steve/mren203-ws/install/testing:/home/steve/mren203-ws/install/steve_ui:/home/steve/mren203-ws/install/motor_control:/home/steve/mren203-ws/install/joystick_ros2:/opt/ros/humble /usr/bin/cmake --build /home/steve/mren203-ws/build/rplidar_ros -- -j4 -l4
[2.624s] [ 77%] Built target rplidar_composition_node
[2.756s] [100%] Built target rplidar_composition
[3.125s] Invoked command in '/home/steve/mren203-ws/build/rplidar_ros' returned '0': CMAKE_PREFIX_PATH=${CMAKE_PREFIX_PATH}:/home/steve/mren203-ws/install/testing:/home/steve/mren203-ws/install/steve_ui:/home/steve/mren203-ws/install/motor_control:/home/steve/mren203-ws/install/joystick_ros2:/opt/ros/humble /usr/bin/cmake --build /home/steve/mren203-ws/build/rplidar_ros -- -j4 -l4
[4.546s] Invoking command in '/home/steve/mren203-ws/build/rplidar_ros': CMAKE_PREFIX_PATH=${CMAKE_PREFIX_PATH}:/home/steve/mren203-ws/install/testing:/home/steve/mren203-ws/install/steve_ui:/home/steve/mren203-ws/install/motor_control:/home/steve/mren203-ws/install/joystick_ros2:/opt/ros/humble /usr/bin/cmake --install /home/steve/mren203-ws/build/rplidar_ros
[4.579s] -- Install configuration: ""
[4.580s] -- Execute custom install script
[4.588s] -- Up-to-date symlink: /home/steve/mren203-ws/install/rplidar_ros/lib/rplidar_ros/rplidar_composition
[4.588s] -- Up-to-date symlink: /home/steve/mren203-ws/install/rplidar_ros/share/rplidar_ros/launch/rplidar.launch.py
[4.589s] -- Up-to-date symlink: /home/steve/mren203-ws/install/rplidar_ros/share/rplidar_ros/launch/rplidar_a3.launch.py
[4.590s] -- Up-to-date symlink: /home/steve/mren203-ws/install/rplidar_ros/share/rplidar_ros/launch/rplidar_s1.launch.py
[4.591s] -- Up-to-date symlink: /home/steve/mren203-ws/install/rplidar_ros/share/rplidar_ros/launch/rplidar_s1_tcp.launch.py
[4.592s] -- Up-to-date symlink: /home/steve/mren203-ws/install/rplidar_ros/share/rplidar_ros/launch/test_rplidar_a3.launch.py
[4.592s] -- Up-to-date symlink: /home/steve/mren203-ws/install/rplidar_ros/share/rplidar_ros/launch/view_rplidar.launch.py
[4.593s] -- Up-to-date symlink: /home/steve/mren203-ws/install/rplidar_ros/share/rplidar_ros/launch/view_rplidar_a3.launch.py
[4.593s] -- Up-to-date symlink: /home/steve/mren203-ws/install/rplidar_ros/share/rplidar_ros/launch/view_rplidar_s1.launch.py
[4.595s] -- Up-to-date symlink: /home/steve/mren203-ws/install/rplidar_ros/share/rplidar_ros/launch/view_rplidar_s1_tcp.launch.py
[4.595s] -- Up-to-date symlink: /home/steve/mren203-ws/install/rplidar_ros/share/rplidar_ros/rviz/rplidar.rviz
[4.598s] -- Up-to-date symlink: /home/steve/mren203-ws/install/rplidar_ros/lib/librplidar_composition_node.so
[4.598s] -- Up-to-date symlink: /home/steve/mren203-ws/install/rplidar_ros/include/rplidar_node.hpp
[4.604s] -- Up-to-date symlink: /home/steve/mren203-ws/install/rplidar_ros/include/visibility.h
[4.608s] -- Up-to-date symlink: /home/steve/mren203-ws/install/rplidar_ros/lib/rplidar_ros/rplidar_composition
[4.608s] -- Up-to-date symlink: /home/steve/mren203-ws/install/rplidar_ros/share/ament_index/resource_index/package_run_dependencies/rplidar_ros
[4.611s] -- Up-to-date symlink: /home/steve/mren203-ws/install/rplidar_ros/share/ament_index/resource_index/parent_prefix_path/rplidar_ros
[4.612s] -- Up-to-date symlink: /home/steve/mren203-ws/install/rplidar_ros/share/rplidar_ros/environment/ament_prefix_path.sh
[4.615s] -- Up-to-date symlink: /home/steve/mren203-ws/install/rplidar_ros/share/rplidar_ros/environment/ament_prefix_path.dsv
[4.615s] -- Up-to-date symlink: /home/steve/mren203-ws/install/rplidar_ros/share/rplidar_ros/environment/path.sh
[4.616s] -- Up-to-date symlink: /home/steve/mren203-ws/install/rplidar_ros/share/rplidar_ros/environment/path.dsv
[4.616s] -- Up-to-date symlink: /home/steve/mren203-ws/install/rplidar_ros/share/rplidar_ros/local_setup.bash
[4.617s] -- Up-to-date symlink: /home/steve/mren203-ws/install/rplidar_ros/share/rplidar_ros/local_setup.sh
[4.620s] -- Up-to-date symlink: /home/steve/mren203-ws/install/rplidar_ros/share/rplidar_ros/local_setup.zsh
[4.622s] -- Up-to-date symlink: /home/steve/mren203-ws/install/rplidar_ros/share/rplidar_ros/local_setup.dsv
[4.623s] -- Symlinking: /home/steve/mren203-ws/install/rplidar_ros/share/rplidar_ros/package.dsv
[4.670s] -- Up-to-date symlink: /home/steve/mren203-ws/install/rplidar_ros/share/ament_index/resource_index/packages/rplidar_ros
[4.672s] -- Up-to-date symlink: /home/steve/mren203-ws/install/rplidar_ros/share/ament_index/resource_index/rclcpp_components/rplidar_ros
[4.673s] -- Up-to-date symlink: /home/steve/mren203-ws/install/rplidar_ros/share/rplidar_ros/cmake/ament_cmake_export_dependencies-extras.cmake
[4.674s] -- Up-to-date symlink: /home/steve/mren203-ws/install/rplidar_ros/share/rplidar_ros/cmake/ament_cmake_export_include_directories-extras.cmake
[4.675s] -- Up-to-date symlink: /home/steve/mren203-ws/install/rplidar_ros/share/rplidar_ros/cmake/rplidar_rosConfig.cmake
[4.676s] -- Up-to-date symlink: /home/steve/mren203-ws/install/rplidar_ros/share/rplidar_ros/cmake/rplidar_rosConfig-version.cmake
[4.677s] -- Up-to-date symlink: /home/steve/mren203-ws/install/rplidar_ros/share/rplidar_ros/package.xml
[4.690s] Invoked command in '/home/steve/mren203-ws/build/rplidar_ros' returned '0': CMAKE_PREFIX_PATH=${CMAKE_PREFIX_PATH}:/home/steve/mren203-ws/install/testing:/home/steve/mren203-ws/install/steve_ui:/home/steve/mren203-ws/install/motor_control:/home/steve/mren203-ws/install/joystick_ros2:/opt/ros/humble /usr/bin/cmake --install /home/steve/mren203-ws/build/rplidar_ros
