[0.350s] Invoking command in '/home/dj/MREN203/joint_states/mren203-ws/build/my_bot': CMAKE_PREFIX_PATH=/opt/ros/humble /usr/bin/cmake /home/dj/MREN203/joint_states/mren203-ws/src/my_bot -DAMENT_CMAKE_SYMLINK_INSTALL=1 -DCMAKE_INSTALL_PREFIX=/home/dj/MREN203/joint_states/mren203-ws/install/my_bot
[0.399s] -- The C compiler identification is GNU 11.4.0
[0.449s] -- The CXX compiler identification is GNU 11.4.0
[0.455s] -- Detecting C compiler ABI info
[0.518s] -- Detecting C compiler ABI info - done
[0.523s] -- Check for working C compiler: /usr/bin/cc - skipped
[0.524s] -- Detecting C compile features
[0.524s] -- Detecting C compile features - done
[0.526s] -- Detecting CXX compiler ABI info
[0.601s] -- Detecting CXX compiler ABI info - done
[0.606s] -- Check for working CXX compiler: /usr/bin/c++ - skipped
[0.606s] -- Detecting CXX compile features
[0.606s] -- Detecting CXX compile features - done
[0.609s] -- Found ament_cmake: 1.3.8 (/opt/ros/humble/share/ament_cmake/cmake)
[0.886s] -- Found Python3: /usr/bin/python3 (found version "3.10.12") found components: Interpreter 
[0.932s] -- Override CMake install command with custom implementation using symlinks instead of copying resources
[0.959s] -- Found ament_lint_auto: 0.12.10 (/opt/ros/humble/share/ament_lint_auto/cmake)
[1.066s] -- Added test 'copyright' to check source files copyright and LICENSE
[1.069s] -- Added test 'flake8' to check Python code syntax and style conventions
[1.070s] -- Added test 'lint_cmake' to check CMake code style
[1.070s] -- Added test 'pep257' to check Python code against some of the docstring style conventions in PEP 257
[1.072s] -- Added test 'xmllint' to check XML markup files
[1.073s] -- Configuring done
[1.076s] -- Generating done
[1.076s] -- Build files have been written to: /home/dj/MREN203/joint_states/mren203-ws/build/my_bot
[1.081s] Invoked command in '/home/dj/MREN203/joint_states/mren203-ws/build/my_bot' returned '0': CMAKE_PREFIX_PATH=/opt/ros/humble /usr/bin/cmake /home/dj/MREN203/joint_states/mren203-ws/src/my_bot -DAMENT_CMAKE_SYMLINK_INSTALL=1 -DCMAKE_INSTALL_PREFIX=/home/dj/MREN203/joint_states/mren203-ws/install/my_bot
[1.082s] Invoking command in '/home/dj/MREN203/joint_states/mren203-ws/build/my_bot': CMAKE_PREFIX_PATH=/opt/ros/humble /usr/bin/cmake --build /home/dj/MREN203/joint_states/mren203-ws/build/my_bot -- -j16 -l16
[1.117s] Invoked command in '/home/dj/MREN203/joint_states/mren203-ws/build/my_bot' returned '0': CMAKE_PREFIX_PATH=/opt/ros/humble /usr/bin/cmake --build /home/dj/MREN203/joint_states/mren203-ws/build/my_bot -- -j16 -l16
[1.140s] Invoking command in '/home/dj/MREN203/joint_states/mren203-ws/build/my_bot': CMAKE_PREFIX_PATH=/opt/ros/humble /usr/bin/cmake --install /home/dj/MREN203/joint_states/mren203-ws/build/my_bot
[1.146s] -- Install configuration: ""
[1.146s] -- Execute custom install script
[1.147s] -- Symlinking: /home/dj/MREN203/joint_states/mren203-ws/install/my_bot/share/my_bot/config/empty.yaml
[1.156s] -- Symlinking: /home/dj/MREN203/joint_states/mren203-ws/install/my_bot/share/my_bot/config/my_controllers.yaml
[1.164s] -- Symlinking: /home/dj/MREN203/joint_states/mren203-ws/install/my_bot/share/my_bot/config/view_bot.rviz
[1.172s] -- Symlinking: /home/dj/MREN203/joint_states/mren203-ws/install/my_bot/share/my_bot/description/gazebo_control.xacro
[1.180s] -- Symlinking: /home/dj/MREN203/joint_states/mren203-ws/install/my_bot/share/my_bot/description/inertial_macros.xacro
[1.188s] -- Symlinking: /home/dj/MREN203/joint_states/mren203-ws/install/my_bot/share/my_bot/description/lidar.xacro
[1.197s] -- Symlinking: /home/dj/MREN203/joint_states/mren203-ws/install/my_bot/share/my_bot/description/robot.urdf.xacro
[1.205s] -- Symlinking: /home/dj/MREN203/joint_states/mren203-ws/install/my_bot/share/my_bot/description/robot_core.xacro
[1.213s] -- Symlinking: /home/dj/MREN203/joint_states/mren203-ws/install/my_bot/share/my_bot/description/ros2_control.xacro
[1.221s] -- Symlinking: /home/dj/MREN203/joint_states/mren203-ws/install/my_bot/share/my_bot/launch/launch_sim.launch.py
[1.229s] -- Symlinking: /home/dj/MREN203/joint_states/mren203-ws/install/my_bot/share/my_bot/launch/rsp.launch.py
[1.237s] -- Symlinking: /home/dj/MREN203/joint_states/mren203-ws/install/my_bot/share/my_bot/worlds/empty.world
[1.245s] -- Symlinking: /home/dj/MREN203/joint_states/mren203-ws/install/my_bot/share/my_bot/worlds/test.world
[1.254s] -- Symlinking: /home/dj/MREN203/joint_states/mren203-ws/install/my_bot/share/ament_index/resource_index/package_run_dependencies/my_bot
[1.262s] -- Symlinking: /home/dj/MREN203/joint_states/mren203-ws/install/my_bot/share/ament_index/resource_index/parent_prefix_path/my_bot
[1.270s] -- Symlinking: /home/dj/MREN203/joint_states/mren203-ws/install/my_bot/share/my_bot/environment/ament_prefix_path.sh
[1.278s] -- Symlinking: /home/dj/MREN203/joint_states/mren203-ws/install/my_bot/share/my_bot/environment/ament_prefix_path.dsv
[1.286s] -- Symlinking: /home/dj/MREN203/joint_states/mren203-ws/install/my_bot/share/my_bot/environment/path.sh
[1.295s] -- Symlinking: /home/dj/MREN203/joint_states/mren203-ws/install/my_bot/share/my_bot/environment/path.dsv
[1.304s] -- Symlinking: /home/dj/MREN203/joint_states/mren203-ws/install/my_bot/share/my_bot/local_setup.bash
[1.313s] -- Symlinking: /home/dj/MREN203/joint_states/mren203-ws/install/my_bot/share/my_bot/local_setup.sh
[1.321s] -- Symlinking: /home/dj/MREN203/joint_states/mren203-ws/install/my_bot/share/my_bot/local_setup.zsh
[1.330s] -- Symlinking: /home/dj/MREN203/joint_states/mren203-ws/install/my_bot/share/my_bot/local_setup.dsv
[1.338s] -- Symlinking: /home/dj/MREN203/joint_states/mren203-ws/install/my_bot/share/my_bot/package.dsv
[1.348s] -- Symlinking: /home/dj/MREN203/joint_states/mren203-ws/install/my_bot/share/ament_index/resource_index/packages/my_bot
[1.356s] -- Symlinking: /home/dj/MREN203/joint_states/mren203-ws/install/my_bot/share/my_bot/cmake/my_botConfig.cmake
[1.364s] -- Symlinking: /home/dj/MREN203/joint_states/mren203-ws/install/my_bot/share/my_bot/cmake/my_botConfig-version.cmake
[1.375s] -- Symlinking: /home/dj/MREN203/joint_states/mren203-ws/install/my_bot/share/my_bot/package.xml
[1.397s] Invoked command in '/home/dj/MREN203/joint_states/mren203-ws/build/my_bot' returned '0': CMAKE_PREFIX_PATH=/opt/ros/humble /usr/bin/cmake --install /home/dj/MREN203/joint_states/mren203-ws/build/my_bot
