[5.435s] Invoking command in '/home/steve/mren203-ws/build/motor_control': PYTHONPATH=/home/steve/mren203-ws/build/motor_control/prefix_override:/home/steve/mren203-ws/install/motor_control/lib/python3.10/site-packages:${PYTHONPATH} /usr/bin/python3 setup.py develop --editable --build-directory /home/steve/mren203-ws/build/motor_control/build --no-deps install_data
[6.718s] running develop
[6.720s] /usr/lib/python3/dist-packages/setuptools/command/easy_install.py:158: EasyInstallDeprecationWarning: easy_install command is deprecated. Use build and pip and other standards-based tools.
[6.720s]   warnings.warn(
[6.725s] /usr/lib/python3/dist-packages/setuptools/command/install.py:34: SetuptoolsDeprecationWarning: setup.py install is deprecated. Use build and pip and other standards-based tools.
[6.725s]   warnings.warn(
[7.578s] running egg_info
[7.579s] writing motor_control.egg-info/PKG-INFO
[7.581s] writing dependency_links to motor_control.egg-info/dependency_links.txt
[7.587s] writing entry points to motor_control.egg-info/entry_points.txt
[7.588s] writing requirements to motor_control.egg-info/requires.txt
[7.589s] writing top-level names to motor_control.egg-info/top_level.txt
[7.599s] reading manifest file 'motor_control.egg-info/SOURCES.txt'
[7.604s] writing manifest file 'motor_control.egg-info/SOURCES.txt'
[7.613s] running build_ext
[7.614s] Creating /home/steve/mren203-ws/install/motor_control/lib/python3.10/site-packages/motor-control.egg-link (link to .)
[7.623s] Installing motor_driver script to /home/steve/mren203-ws/install/motor_control/lib/motor_control
[7.626s] 
[7.627s] Installed /home/steve/mren203-ws/build/motor_control
[7.629s] running install_data
[8.073s] Invoked command in '/home/steve/mren203-ws/build/motor_control' returned '0': PYTHONPATH=/home/steve/mren203-ws/build/motor_control/prefix_override:/home/steve/mren203-ws/install/motor_control/lib/python3.10/site-packages:${PYTHONPATH} /usr/bin/python3 setup.py develop --editable --build-directory /home/steve/mren203-ws/build/motor_control/build --no-deps install_data
