[5.431s] Invoking command in '/home/steve/mren203-ws/build/motor_control': PYTHONPATH=/home/steve/mren203-ws/build/motor_control/prefix_override:/home/steve/mren203-ws/install/motor_control/lib/python3.10/site-packages:${PYTHONPATH} /usr/bin/python3 setup.py develop --editable --build-directory /home/steve/mren203-ws/build/motor_control/build --no-deps install_data
[6.711s] running develop
[6.713s] /usr/lib/python3/dist-packages/setuptools/command/easy_install.py:158: EasyInstallDeprecationWarning: easy_install command is deprecated. Use build and pip and other standards-based tools.
[6.713s]   warnings.warn(
[6.718s] /usr/lib/python3/dist-packages/setuptools/command/install.py:34: SetuptoolsDeprecationWarning: setup.py install is deprecated. Use build and pip and other standards-based tools.
[6.718s]   warnings.warn(
[7.573s] running egg_info
[7.576s] writing motor_control.egg-info/PKG-INFO
[7.578s] writing dependency_links to motor_control.egg-info/dependency_links.txt
[7.579s] writing entry points to motor_control.egg-info/entry_points.txt
[7.580s] writing requirements to motor_control.egg-info/requires.txt
[7.581s] writing top-level names to motor_control.egg-info/top_level.txt
[7.586s] reading manifest file 'motor_control.egg-info/SOURCES.txt'
[7.590s] writing manifest file 'motor_control.egg-info/SOURCES.txt'
[7.596s] running build_ext
[7.598s] Creating /home/steve/mren203-ws/install/motor_control/lib/python3.10/site-packages/motor-control.egg-link (link to .)
[7.601s] Installing motor_driver script to /home/steve/mren203-ws/install/motor_control/lib/motor_control
[7.605s] 
[7.607s] Installed /home/steve/mren203-ws/build/motor_control
[7.611s] running install_data
[8.086s] Invoked command in '/home/steve/mren203-ws/build/motor_control' returned '0': PYTHONPATH=/home/steve/mren203-ws/build/motor_control/prefix_override:/home/steve/mren203-ws/install/motor_control/lib/python3.10/site-packages:${PYTHONPATH} /usr/bin/python3 setup.py develop --editable --build-directory /home/steve/mren203-ws/build/motor_control/build --no-deps install_data
