[5.041s] Invoking command in '/home/steve/mren203-ws/build/joystick_ros2': PYTHONPATH=/home/steve/mren203-ws/build/joystick_ros2/prefix_override:/home/steve/mren203-ws/install/joystick_ros2/lib/python3.10/site-packages:${PYTHONPATH} /usr/bin/python3 setup.py develop --editable --build-directory /home/steve/mren203-ws/build/joystick_ros2/build --no-deps install_data
[6.281s] running develop
[6.287s] /usr/lib/python3/dist-packages/setuptools/command/easy_install.py:158: EasyInstallDeprecationWarning: easy_install command is deprecated. Use build and pip and other standards-based tools.
[6.287s]   warnings.warn(
[6.293s] /usr/lib/python3/dist-packages/setuptools/command/install.py:34: SetuptoolsDeprecationWarning: setup.py install is deprecated. Use build and pip and other standards-based tools.
[6.293s]   warnings.warn(
[7.124s] running egg_info
[7.127s] creating joystick_ros2.egg-info
[7.128s] writing joystick_ros2.egg-info/PKG-INFO
[7.129s] writing dependency_links to joystick_ros2.egg-info/dependency_links.txt
[7.130s] writing entry points to joystick_ros2.egg-info/entry_points.txt
[7.131s] writing requirements to joystick_ros2.egg-info/requires.txt
[7.132s] writing top-level names to joystick_ros2.egg-info/top_level.txt
[7.132s] writing manifest file 'joystick_ros2.egg-info/SOURCES.txt'
[7.136s] reading manifest file 'joystick_ros2.egg-info/SOURCES.txt'
[7.138s] writing manifest file 'joystick_ros2.egg-info/SOURCES.txt'
[7.145s] running build_ext
[7.146s] Creating /home/steve/mren203-ws/install/joystick_ros2/lib/python3.10/site-packages/joystick-ros2.egg-link (link to .)
[7.150s] Installing joystick_ros2 script to /home/steve/mren203-ws/install/joystick_ros2/lib/joystick_ros2
[7.151s] 
[7.152s] Installed /home/steve/mren203-ws/build/joystick_ros2
[7.155s] running install_data
[7.158s] creating /home/steve/mren203-ws/install/joystick_ros2/share/ament_index
[7.163s] creating /home/steve/mren203-ws/install/joystick_ros2/share/ament_index/resource_index
[7.170s] creating /home/steve/mren203-ws/install/joystick_ros2/share/ament_index/resource_index/packages
[7.172s] copying resource/joystick_ros2 -> /home/steve/mren203-ws/install/joystick_ros2/share/ament_index/resource_index/packages
[7.175s] creating /home/steve/mren203-ws/install/joystick_ros2/shared
[7.177s] creating /home/steve/mren203-ws/install/joystick_ros2/shared/joystick_ros2
[7.183s] copying package.xml -> /home/steve/mren203-ws/install/joystick_ros2/shared/joystick_ros2
[7.659s] Invoked command in '/home/steve/mren203-ws/build/joystick_ros2' returned '0': PYTHONPATH=/home/steve/mren203-ws/build/joystick_ros2/prefix_override:/home/steve/mren203-ws/install/joystick_ros2/lib/python3.10/site-packages:${PYTHONPATH} /usr/bin/python3 setup.py develop --editable --build-directory /home/steve/mren203-ws/build/joystick_ros2/build --no-deps install_data
