[1.016s] Invoking command in '/home/dj/MREN203/main/mren203-ws/build/motor_control': AMENT_PREFIX_PATH=/home/dj/MREN203/main/mren203-ws/install/steve_msgs:${AMENT_PREFIX_PATH} CMAKE_PREFIX_PATH=/home/dj/MREN203/main/mren203-ws/install/steve_msgs LD_LIBRARY_PATH=/home/dj/MREN203/main/mren203-ws/install/steve_msgs/lib:${LD_LIBRARY_PATH} PYTHONPATH=/home/dj/MREN203/main/mren203-ws/build/motor_control/prefix_override:/home/dj/MREN203/main/mren203-ws/install/motor_control/lib/python3.10/site-packages:/home/dj/MREN203/main/mren203-ws/install/steve_msgs/local/lib/python3.10/dist-packages:${PYTHONPATH} /usr/bin/python3 setup.py develop --editable --build-directory /home/dj/MREN203/main/mren203-ws/build/motor_control/build --no-deps install_data
[1.280s] running develop
[1.281s] /home/dj/.local/lib/python3.10/site-packages/setuptools/command/develop.py:40: EasyInstallDeprecationWarning: easy_install command is deprecated.
[1.281s] !!
[1.281s] 
[1.281s]         ********************************************************************************
[1.281s]         Please avoid running ``setup.py`` and ``easy_install``.
[1.281s]         Instead, use pypa/build, pypa/installer or other
[1.281s]         standards-based tools.
[1.281s] 
[1.281s]         See https://github.com/pypa/setuptools/issues/917 for details.
[1.281s]         ********************************************************************************
[1.281s] 
[1.281s] !!
[1.281s]   easy_install.initialize_options(self)
[1.309s] /home/dj/.local/lib/python3.10/site-packages/setuptools/_distutils/cmd.py:66: SetuptoolsDeprecationWarning: setup.py install is deprecated.
[1.309s] !!
[1.309s] 
[1.309s]         ********************************************************************************
[1.309s]         Please avoid running ``setup.py`` directly.
[1.309s]         Instead, use pypa/build, pypa/installer or other
[1.309s]         standards-based tools.
[1.310s] 
[1.310s]         See https://blog.ganssle.io/articles/2021/10/setup-py-deprecated.html for details.
[1.310s]         ********************************************************************************
[1.310s] 
[1.310s] !!
[1.310s]   self.initialize_options()
[1.481s] running egg_info
[1.481s] creating motor_control.egg-info
[1.496s] writing motor_control.egg-info/PKG-INFO
[1.496s] writing dependency_links to motor_control.egg-info/dependency_links.txt
[1.496s] writing entry points to motor_control.egg-info/entry_points.txt
[1.497s] writing requirements to motor_control.egg-info/requires.txt
[1.497s] writing top-level names to motor_control.egg-info/top_level.txt
[1.497s] writing manifest file 'motor_control.egg-info/SOURCES.txt'
[1.525s] reading manifest file 'motor_control.egg-info/SOURCES.txt'
[1.525s] writing manifest file 'motor_control.egg-info/SOURCES.txt'
[1.576s] running build_ext
[1.577s] Creating /home/dj/MREN203/main/mren203-ws/install/motor_control/lib/python3.10/site-packages/motor-control.egg-link (link to .)
[1.577s] Installing motor_driver script to /home/dj/MREN203/main/mren203-ws/install/motor_control/lib/motor_control
[1.577s] Installing tf_node script to /home/dj/MREN203/main/mren203-ws/install/motor_control/lib/motor_control
[1.577s] 
[1.577s] Installed /home/dj/MREN203/main/mren203-ws/build/motor_control
[1.578s] running install_data
[1.578s] creating /home/dj/MREN203/main/mren203-ws/install/motor_control/share/ament_index
[1.578s] creating /home/dj/MREN203/main/mren203-ws/install/motor_control/share/ament_index/resource_index
[1.578s] creating /home/dj/MREN203/main/mren203-ws/install/motor_control/share/ament_index/resource_index/packages
[1.578s] copying resource/motor_control -> /home/dj/MREN203/main/mren203-ws/install/motor_control/share/ament_index/resource_index/packages
[1.578s] copying package.xml -> /home/dj/MREN203/main/mren203-ws/install/motor_control/share/motor_control
[1.614s] Invoked command in '/home/dj/MREN203/main/mren203-ws/build/motor_control' returned '0': AMENT_PREFIX_PATH=/home/dj/MREN203/main/mren203-ws/install/steve_msgs:${AMENT_PREFIX_PATH} CMAKE_PREFIX_PATH=/home/dj/MREN203/main/mren203-ws/install/steve_msgs LD_LIBRARY_PATH=/home/dj/MREN203/main/mren203-ws/install/steve_msgs/lib:${LD_LIBRARY_PATH} PYTHONPATH=/home/dj/MREN203/main/mren203-ws/build/motor_control/prefix_override:/home/dj/MREN203/main/mren203-ws/install/motor_control/lib/python3.10/site-packages:/home/dj/MREN203/main/mren203-ws/install/steve_msgs/local/lib/python3.10/dist-packages:${PYTHONPATH} /usr/bin/python3 setup.py develop --editable --build-directory /home/dj/MREN203/main/mren203-ws/build/motor_control/build --no-deps install_data
