[0.821s] DEBUG:colcon:Command line arguments: ['/usr/bin/colcon', 'build', '--symlink-install']
[0.821s] DEBUG:colcon:Parsed command line arguments: Namespace(log_base=None, log_level=None, verb_name='build', build_base='build', install_base='install', merge_install=False, symlink_install=True, test_result_base=None, continue_on_error=False, executor='parallel', parallel_workers=16, event_handlers=None, ignore_user_meta=False, metas=['./colcon.meta'], base_paths=['.'], packages_ignore=None, packages_ignore_regex=None, paths=None, packages_up_to=None, packages_up_to_regex=None, packages_above=None, packages_above_and_dependencies=None, packages_above_depth=None, packages_select_by_dep=None, packages_skip_by_dep=None, packages_skip_up_to=None, packages_select_build_failed=False, packages_skip_build_finished=False, packages_select_test_failures=False, packages_skip_test_passed=False, packages_select=None, packages_skip=None, packages_select_regex=None, packages_skip_regex=None, packages_start=None, packages_end=None, allow_overriding=[], cmake_args=None, cmake_target=None, cmake_target_skip_unavailable=False, cmake_clean_cache=False, cmake_clean_first=False, cmake_force_configure=False, ament_cmake_args=None, catkin_cmake_args=None, catkin_skip_building_tests=False, verb_parser=<colcon_defaults.argument_parser.defaults.DefaultArgumentsDecorator object at 0x73853a781de0>, verb_extension=<colcon_core.verb.build.BuildVerb object at 0x73853a781930>, main=<bound method BuildVerb.main of <colcon_core.verb.build.BuildVerb object at 0x73853a781930>>)
[0.865s] Level 1:colcon.colcon_core.package_discovery:discover_packages(colcon_meta) check parameters
[0.865s] Level 1:colcon.colcon_core.package_discovery:discover_packages(recursive) check parameters
[0.865s] Level 1:colcon.colcon_core.package_discovery:discover_packages(ignore) check parameters
[0.865s] Level 1:colcon.colcon_core.package_discovery:discover_packages(path) check parameters
[0.865s] Level 1:colcon.colcon_core.package_discovery:discover_packages(colcon_meta) discover
[0.865s] Level 1:colcon.colcon_core.package_discovery:discover_packages(recursive) discover
[0.865s] INFO:colcon.colcon_core.package_discovery:Crawling recursively for packages in '/home/dj/MREN203/joint_states/mren203-ws'
[0.865s] Level 1:colcon.colcon_core.package_identification:_identify(.) by extensions ['ignore', 'ignore_ament_install']
[0.865s] Level 1:colcon.colcon_core.package_identification:_identify(.) by extension 'ignore'
[0.865s] Level 1:colcon.colcon_core.package_identification:_identify(.) by extension 'ignore_ament_install'
[0.865s] Level 1:colcon.colcon_core.package_identification:_identify(.) by extensions ['colcon_pkg']
[0.865s] Level 1:colcon.colcon_core.package_identification:_identify(.) by extension 'colcon_pkg'
[0.865s] Level 1:colcon.colcon_core.package_identification:_identify(.) by extensions ['colcon_meta']
[0.865s] Level 1:colcon.colcon_core.package_identification:_identify(.) by extension 'colcon_meta'
[0.865s] Level 1:colcon.colcon_core.package_identification:_identify(.) by extensions ['ros']
[0.865s] Level 1:colcon.colcon_core.package_identification:_identify(.) by extension 'ros'
[0.900s] Level 1:colcon.colcon_core.package_identification:_identify(.) by extensions ['cmake', 'python']
[0.900s] Level 1:colcon.colcon_core.package_identification:_identify(.) by extension 'cmake'
[0.900s] Level 1:colcon.colcon_core.package_identification:_identify(.) by extension 'python'
[0.900s] Level 1:colcon.colcon_core.package_identification:_identify(.) by extensions ['python_setup_py']
[0.900s] Level 1:colcon.colcon_core.package_identification:_identify(.) by extension 'python_setup_py'
[0.900s] Level 1:colcon.colcon_core.package_identification:_identify(Arduino) by extensions ['ignore', 'ignore_ament_install']
[0.900s] Level 1:colcon.colcon_core.package_identification:_identify(Arduino) by extension 'ignore'
[0.900s] Level 1:colcon.colcon_core.package_identification:_identify(Arduino) ignored
[0.900s] Level 1:colcon.colcon_core.package_identification:_identify(Python) by extensions ['ignore', 'ignore_ament_install']
[0.900s] Level 1:colcon.colcon_core.package_identification:_identify(Python) by extension 'ignore'
[0.900s] Level 1:colcon.colcon_core.package_identification:_identify(Python) ignored
[0.900s] Level 1:colcon.colcon_core.package_identification:_identify(build) by extensions ['ignore', 'ignore_ament_install']
[0.901s] Level 1:colcon.colcon_core.package_identification:_identify(build) by extension 'ignore'
[0.901s] Level 1:colcon.colcon_core.package_identification:_identify(build) ignored
[0.901s] Level 1:colcon.colcon_core.package_identification:_identify(install) by extensions ['ignore', 'ignore_ament_install']
[0.901s] Level 1:colcon.colcon_core.package_identification:_identify(install) by extension 'ignore'
[0.901s] Level 1:colcon.colcon_core.package_identification:_identify(install) ignored
[0.901s] Level 1:colcon.colcon_core.package_identification:_identify(log) by extensions ['ignore', 'ignore_ament_install']
[0.901s] Level 1:colcon.colcon_core.package_identification:_identify(log) by extension 'ignore'
[0.901s] Level 1:colcon.colcon_core.package_identification:_identify(log) ignored
[0.901s] Level 1:colcon.colcon_core.package_identification:_identify(src) by extensions ['ignore', 'ignore_ament_install']
[0.901s] Level 1:colcon.colcon_core.package_identification:_identify(src) by extension 'ignore'
[0.901s] Level 1:colcon.colcon_core.package_identification:_identify(src) by extension 'ignore_ament_install'
[0.901s] Level 1:colcon.colcon_core.package_identification:_identify(src) by extensions ['colcon_pkg']
[0.901s] Level 1:colcon.colcon_core.package_identification:_identify(src) by extension 'colcon_pkg'
[0.901s] Level 1:colcon.colcon_core.package_identification:_identify(src) by extensions ['colcon_meta']
[0.901s] Level 1:colcon.colcon_core.package_identification:_identify(src) by extension 'colcon_meta'
[0.901s] Level 1:colcon.colcon_core.package_identification:_identify(src) by extensions ['ros']
[0.901s] Level 1:colcon.colcon_core.package_identification:_identify(src) by extension 'ros'
[0.901s] Level 1:colcon.colcon_core.package_identification:_identify(src) by extensions ['cmake', 'python']
[0.901s] Level 1:colcon.colcon_core.package_identification:_identify(src) by extension 'cmake'
[0.901s] Level 1:colcon.colcon_core.package_identification:_identify(src) by extension 'python'
[0.901s] Level 1:colcon.colcon_core.package_identification:_identify(src) by extensions ['python_setup_py']
[0.901s] Level 1:colcon.colcon_core.package_identification:_identify(src) by extension 'python_setup_py'
[0.901s] Level 1:colcon.colcon_core.package_identification:_identify(src/joystick_ros2) by extensions ['ignore', 'ignore_ament_install']
[0.901s] Level 1:colcon.colcon_core.package_identification:_identify(src/joystick_ros2) by extension 'ignore'
[0.901s] Level 1:colcon.colcon_core.package_identification:_identify(src/joystick_ros2) by extension 'ignore_ament_install'
[0.901s] Level 1:colcon.colcon_core.package_identification:_identify(src/joystick_ros2) by extensions ['colcon_pkg']
[0.902s] Level 1:colcon.colcon_core.package_identification:_identify(src/joystick_ros2) by extension 'colcon_pkg'
[0.902s] Level 1:colcon.colcon_core.package_identification:_identify(src/joystick_ros2) by extensions ['colcon_meta']
[0.902s] Level 1:colcon.colcon_core.package_identification:_identify(src/joystick_ros2) by extension 'colcon_meta'
[0.902s] Level 1:colcon.colcon_core.package_identification:_identify(src/joystick_ros2) by extensions ['ros']
[0.902s] Level 1:colcon.colcon_core.package_identification:_identify(src/joystick_ros2) by extension 'ros'
[0.903s] DEBUG:colcon.colcon_core.package_identification:Package 'src/joystick_ros2' with type 'ros.ament_python' and name 'joystick_ros2'
[0.903s] Level 1:colcon.colcon_core.package_identification:_identify(src/motor_control) by extensions ['ignore', 'ignore_ament_install']
[0.903s] Level 1:colcon.colcon_core.package_identification:_identify(src/motor_control) by extension 'ignore'
[0.903s] Level 1:colcon.colcon_core.package_identification:_identify(src/motor_control) by extension 'ignore_ament_install'
[0.903s] Level 1:colcon.colcon_core.package_identification:_identify(src/motor_control) by extensions ['colcon_pkg']
[0.903s] Level 1:colcon.colcon_core.package_identification:_identify(src/motor_control) by extension 'colcon_pkg'
[0.903s] Level 1:colcon.colcon_core.package_identification:_identify(src/motor_control) by extensions ['colcon_meta']
[0.903s] Level 1:colcon.colcon_core.package_identification:_identify(src/motor_control) by extension 'colcon_meta'
[0.903s] Level 1:colcon.colcon_core.package_identification:_identify(src/motor_control) by extensions ['ros']
[0.903s] Level 1:colcon.colcon_core.package_identification:_identify(src/motor_control) by extension 'ros'
[0.904s] DEBUG:colcon.colcon_core.package_identification:Package 'src/motor_control' with type 'ros.ament_python' and name 'motor_control'
[0.904s] Level 1:colcon.colcon_core.package_identification:_identify(src/my_bot) by extensions ['ignore', 'ignore_ament_install']
[0.904s] Level 1:colcon.colcon_core.package_identification:_identify(src/my_bot) by extension 'ignore'
[0.904s] Level 1:colcon.colcon_core.package_identification:_identify(src/my_bot) by extension 'ignore_ament_install'
[0.904s] Level 1:colcon.colcon_core.package_identification:_identify(src/my_bot) by extensions ['colcon_pkg']
[0.904s] Level 1:colcon.colcon_core.package_identification:_identify(src/my_bot) by extension 'colcon_pkg'
[0.904s] Level 1:colcon.colcon_core.package_identification:_identify(src/my_bot) by extensions ['colcon_meta']
[0.904s] Level 1:colcon.colcon_core.package_identification:_identify(src/my_bot) by extension 'colcon_meta'
[0.904s] Level 1:colcon.colcon_core.package_identification:_identify(src/my_bot) by extensions ['ros']
[0.904s] Level 1:colcon.colcon_core.package_identification:_identify(src/my_bot) by extension 'ros'
[0.904s] DEBUG:colcon.colcon_core.package_identification:Package 'src/my_bot' with type 'ros.ament_cmake' and name 'my_bot'
[0.904s] Level 1:colcon.colcon_core.package_identification:_identify(src/rplidar_ros2) by extensions ['ignore', 'ignore_ament_install']
[0.904s] Level 1:colcon.colcon_core.package_identification:_identify(src/rplidar_ros2) by extension 'ignore'
[0.904s] Level 1:colcon.colcon_core.package_identification:_identify(src/rplidar_ros2) by extension 'ignore_ament_install'
[0.904s] Level 1:colcon.colcon_core.package_identification:_identify(src/rplidar_ros2) by extensions ['colcon_pkg']
[0.904s] Level 1:colcon.colcon_core.package_identification:_identify(src/rplidar_ros2) by extension 'colcon_pkg'
[0.904s] Level 1:colcon.colcon_core.package_identification:_identify(src/rplidar_ros2) by extensions ['colcon_meta']
[0.905s] Level 1:colcon.colcon_core.package_identification:_identify(src/rplidar_ros2) by extension 'colcon_meta'
[0.905s] Level 1:colcon.colcon_core.package_identification:_identify(src/rplidar_ros2) by extensions ['ros']
[0.905s] Level 1:colcon.colcon_core.package_identification:_identify(src/rplidar_ros2) by extension 'ros'
[0.905s] DEBUG:colcon.colcon_core.package_identification:Package 'src/rplidar_ros2' with type 'ros.ament_cmake' and name 'rplidar_ros'
[0.905s] Level 1:colcon.colcon_core.package_identification:_identify(src/steve_launch) by extensions ['ignore', 'ignore_ament_install']
[0.905s] Level 1:colcon.colcon_core.package_identification:_identify(src/steve_launch) by extension 'ignore'
[0.905s] Level 1:colcon.colcon_core.package_identification:_identify(src/steve_launch) by extension 'ignore_ament_install'
[0.905s] Level 1:colcon.colcon_core.package_identification:_identify(src/steve_launch) by extensions ['colcon_pkg']
[0.905s] Level 1:colcon.colcon_core.package_identification:_identify(src/steve_launch) by extension 'colcon_pkg'
[0.905s] Level 1:colcon.colcon_core.package_identification:_identify(src/steve_launch) by extensions ['colcon_meta']
[0.905s] Level 1:colcon.colcon_core.package_identification:_identify(src/steve_launch) by extension 'colcon_meta'
[0.905s] Level 1:colcon.colcon_core.package_identification:_identify(src/steve_launch) by extensions ['ros']
[0.905s] Level 1:colcon.colcon_core.package_identification:_identify(src/steve_launch) by extension 'ros'
[0.905s] DEBUG:colcon.colcon_core.package_identification:Package 'src/steve_launch' with type 'ros.ament_cmake' and name 'steve_launch'
[0.906s] Level 1:colcon.colcon_core.package_identification:_identify(src/steve_msgs) by extensions ['ignore', 'ignore_ament_install']
[0.906s] Level 1:colcon.colcon_core.package_identification:_identify(src/steve_msgs) by extension 'ignore'
[0.906s] Level 1:colcon.colcon_core.package_identification:_identify(src/steve_msgs) by extension 'ignore_ament_install'
[0.906s] Level 1:colcon.colcon_core.package_identification:_identify(src/steve_msgs) by extensions ['colcon_pkg']
[0.906s] Level 1:colcon.colcon_core.package_identification:_identify(src/steve_msgs) by extension 'colcon_pkg'
[0.906s] Level 1:colcon.colcon_core.package_identification:_identify(src/steve_msgs) by extensions ['colcon_meta']
[0.906s] Level 1:colcon.colcon_core.package_identification:_identify(src/steve_msgs) by extension 'colcon_meta'
[0.906s] Level 1:colcon.colcon_core.package_identification:_identify(src/steve_msgs) by extensions ['ros']
[0.906s] Level 1:colcon.colcon_core.package_identification:_identify(src/steve_msgs) by extension 'ros'
[0.906s] DEBUG:colcon.colcon_core.package_identification:Package 'src/steve_msgs' with type 'ros.ament_cmake' and name 'steve_msgs'
[0.906s] Level 1:colcon.colcon_core.package_identification:_identify(src/steve_ui) by extensions ['ignore', 'ignore_ament_install']
[0.906s] Level 1:colcon.colcon_core.package_identification:_identify(src/steve_ui) by extension 'ignore'
[0.906s] Level 1:colcon.colcon_core.package_identification:_identify(src/steve_ui) by extension 'ignore_ament_install'
[0.906s] Level 1:colcon.colcon_core.package_identification:_identify(src/steve_ui) by extensions ['colcon_pkg']
[0.906s] Level 1:colcon.colcon_core.package_identification:_identify(src/steve_ui) by extension 'colcon_pkg'
[0.906s] Level 1:colcon.colcon_core.package_identification:_identify(src/steve_ui) by extensions ['colcon_meta']
[0.906s] Level 1:colcon.colcon_core.package_identification:_identify(src/steve_ui) by extension 'colcon_meta'
[0.906s] Level 1:colcon.colcon_core.package_identification:_identify(src/steve_ui) by extensions ['ros']
[0.906s] Level 1:colcon.colcon_core.package_identification:_identify(src/steve_ui) by extension 'ros'
[0.907s] DEBUG:colcon.colcon_core.package_identification:Package 'src/steve_ui' with type 'ros.ament_python' and name 'steve_ui'
[0.907s] Level 1:colcon.colcon_core.package_discovery:discover_packages(recursive) using defaults
[0.907s] Level 1:colcon.colcon_core.package_discovery:discover_packages(ignore) discover
[0.907s] Level 1:colcon.colcon_core.package_discovery:discover_packages(ignore) using defaults
[0.907s] Level 1:colcon.colcon_core.package_discovery:discover_packages(path) discover
[0.907s] Level 1:colcon.colcon_core.package_discovery:discover_packages(path) using defaults
[0.993s] Level 1:colcon.colcon_core.package_discovery:discover_packages(prefix_path) check parameters
[0.993s] Level 1:colcon.colcon_core.package_discovery:discover_packages(prefix_path) discover
[1.020s] DEBUG:colcon.colcon_installed_package_information.package_discovery:Found 405 installed packages in /opt/ros/humble
[1.021s] Level 1:colcon.colcon_core.package_discovery:discover_packages(prefix_path) using defaults
[1.084s] Level 5:colcon.colcon_core.verb:set package 'joystick_ros2' build argument 'cmake_args' from command line to 'None'
[1.084s] Level 5:colcon.colcon_core.verb:set package 'joystick_ros2' build argument 'cmake_target' from command line to 'None'
[1.084s] Level 5:colcon.colcon_core.verb:set package 'joystick_ros2' build argument 'cmake_target_skip_unavailable' from command line to 'False'
[1.084s] Level 5:colcon.colcon_core.verb:set package 'joystick_ros2' build argument 'cmake_clean_cache' from command line to 'False'
[1.084s] Level 5:colcon.colcon_core.verb:set package 'joystick_ros2' build argument 'cmake_clean_first' from command line to 'False'
[1.084s] Level 5:colcon.colcon_core.verb:set package 'joystick_ros2' build argument 'cmake_force_configure' from command line to 'False'
[1.084s] Level 5:colcon.colcon_core.verb:set package 'joystick_ros2' build argument 'ament_cmake_args' from command line to 'None'
[1.084s] Level 5:colcon.colcon_core.verb:set package 'joystick_ros2' build argument 'catkin_cmake_args' from command line to 'None'
[1.084s] Level 5:colcon.colcon_core.verb:set package 'joystick_ros2' build argument 'catkin_skip_building_tests' from command line to 'False'
[1.084s] DEBUG:colcon.colcon_core.verb:Building package 'joystick_ros2' with the following arguments: {'ament_cmake_args': None, 'build_base': '/home/dj/MREN203/joint_states/mren203-ws/build/joystick_ros2', 'catkin_cmake_args': None, 'catkin_skip_building_tests': False, 'cmake_args': None, 'cmake_clean_cache': False, 'cmake_clean_first': False, 'cmake_force_configure': False, 'cmake_target': None, 'cmake_target_skip_unavailable': False, 'install_base': '/home/dj/MREN203/joint_states/mren203-ws/install/joystick_ros2', 'merge_install': False, 'path': '/home/dj/MREN203/joint_states/mren203-ws/src/joystick_ros2', 'symlink_install': True, 'test_result_base': None}
[1.097s] Level 5:colcon.colcon_core.verb:set package 'my_bot' build argument 'cmake_args' from command line to 'None'
[1.097s] Level 5:colcon.colcon_core.verb:set package 'my_bot' build argument 'cmake_target' from command line to 'None'
[1.097s] Level 5:colcon.colcon_core.verb:set package 'my_bot' build argument 'cmake_target_skip_unavailable' from command line to 'False'
[1.097s] Level 5:colcon.colcon_core.verb:set package 'my_bot' build argument 'cmake_clean_cache' from command line to 'False'
[1.097s] Level 5:colcon.colcon_core.verb:set package 'my_bot' build argument 'cmake_clean_first' from command line to 'False'
[1.097s] Level 5:colcon.colcon_core.verb:set package 'my_bot' build argument 'cmake_force_configure' from command line to 'False'
[1.097s] Level 5:colcon.colcon_core.verb:set package 'my_bot' build argument 'ament_cmake_args' from command line to 'None'
[1.097s] Level 5:colcon.colcon_core.verb:set package 'my_bot' build argument 'catkin_cmake_args' from command line to 'None'
[1.097s] Level 5:colcon.colcon_core.verb:set package 'my_bot' build argument 'catkin_skip_building_tests' from command line to 'False'
[1.097s] DEBUG:colcon.colcon_core.verb:Building package 'my_bot' with the following arguments: {'ament_cmake_args': None, 'build_base': '/home/dj/MREN203/joint_states/mren203-ws/build/my_bot', 'catkin_cmake_args': None, 'catkin_skip_building_tests': False, 'cmake_args': None, 'cmake_clean_cache': False, 'cmake_clean_first': False, 'cmake_force_configure': False, 'cmake_target': None, 'cmake_target_skip_unavailable': False, 'install_base': '/home/dj/MREN203/joint_states/mren203-ws/install/my_bot', 'merge_install': False, 'path': '/home/dj/MREN203/joint_states/mren203-ws/src/my_bot', 'symlink_install': True, 'test_result_base': None}
[1.109s] Level 5:colcon.colcon_core.verb:set package 'rplidar_ros' build argument 'cmake_args' from command line to 'None'
[1.109s] Level 5:colcon.colcon_core.verb:set package 'rplidar_ros' build argument 'cmake_target' from command line to 'None'
[1.109s] Level 5:colcon.colcon_core.verb:set package 'rplidar_ros' build argument 'cmake_target_skip_unavailable' from command line to 'False'
[1.109s] Level 5:colcon.colcon_core.verb:set package 'rplidar_ros' build argument 'cmake_clean_cache' from command line to 'False'
[1.109s] Level 5:colcon.colcon_core.verb:set package 'rplidar_ros' build argument 'cmake_clean_first' from command line to 'False'
[1.109s] Level 5:colcon.colcon_core.verb:set package 'rplidar_ros' build argument 'cmake_force_configure' from command line to 'False'
[1.109s] Level 5:colcon.colcon_core.verb:set package 'rplidar_ros' build argument 'ament_cmake_args' from command line to 'None'
[1.109s] Level 5:colcon.colcon_core.verb:set package 'rplidar_ros' build argument 'catkin_cmake_args' from command line to 'None'
[1.109s] Level 5:colcon.colcon_core.verb:set package 'rplidar_ros' build argument 'catkin_skip_building_tests' from command line to 'False'
[1.110s] DEBUG:colcon.colcon_core.verb:Building package 'rplidar_ros' with the following arguments: {'ament_cmake_args': None, 'build_base': '/home/dj/MREN203/joint_states/mren203-ws/build/rplidar_ros', 'catkin_cmake_args': None, 'catkin_skip_building_tests': False, 'cmake_args': None, 'cmake_clean_cache': False, 'cmake_clean_first': False, 'cmake_force_configure': False, 'cmake_target': None, 'cmake_target_skip_unavailable': False, 'install_base': '/home/dj/MREN203/joint_states/mren203-ws/install/rplidar_ros', 'merge_install': False, 'path': '/home/dj/MREN203/joint_states/mren203-ws/src/rplidar_ros2', 'symlink_install': True, 'test_result_base': None}
[1.122s] Level 5:colcon.colcon_core.verb:set package 'steve_launch' build argument 'cmake_args' from command line to 'None'
[1.122s] Level 5:colcon.colcon_core.verb:set package 'steve_launch' build argument 'cmake_target' from command line to 'None'
[1.122s] Level 5:colcon.colcon_core.verb:set package 'steve_launch' build argument 'cmake_target_skip_unavailable' from command line to 'False'
[1.122s] Level 5:colcon.colcon_core.verb:set package 'steve_launch' build argument 'cmake_clean_cache' from command line to 'False'
[1.122s] Level 5:colcon.colcon_core.verb:set package 'steve_launch' build argument 'cmake_clean_first' from command line to 'False'
[1.122s] Level 5:colcon.colcon_core.verb:set package 'steve_launch' build argument 'cmake_force_configure' from command line to 'False'
[1.122s] Level 5:colcon.colcon_core.verb:set package 'steve_launch' build argument 'ament_cmake_args' from command line to 'None'
[1.122s] Level 5:colcon.colcon_core.verb:set package 'steve_launch' build argument 'catkin_cmake_args' from command line to 'None'
[1.122s] Level 5:colcon.colcon_core.verb:set package 'steve_launch' build argument 'catkin_skip_building_tests' from command line to 'False'
[1.122s] DEBUG:colcon.colcon_core.verb:Building package 'steve_launch' with the following arguments: {'ament_cmake_args': None, 'build_base': '/home/dj/MREN203/joint_states/mren203-ws/build/steve_launch', 'catkin_cmake_args': None, 'catkin_skip_building_tests': False, 'cmake_args': None, 'cmake_clean_cache': False, 'cmake_clean_first': False, 'cmake_force_configure': False, 'cmake_target': None, 'cmake_target_skip_unavailable': False, 'install_base': '/home/dj/MREN203/joint_states/mren203-ws/install/steve_launch', 'merge_install': False, 'path': '/home/dj/MREN203/joint_states/mren203-ws/src/steve_launch', 'symlink_install': True, 'test_result_base': None}
[1.135s] Level 5:colcon.colcon_core.verb:set package 'steve_msgs' build argument 'cmake_args' from command line to 'None'
[1.135s] Level 5:colcon.colcon_core.verb:set package 'steve_msgs' build argument 'cmake_target' from command line to 'None'
[1.135s] Level 5:colcon.colcon_core.verb:set package 'steve_msgs' build argument 'cmake_target_skip_unavailable' from command line to 'False'
[1.135s] Level 5:colcon.colcon_core.verb:set package 'steve_msgs' build argument 'cmake_clean_cache' from command line to 'False'
[1.135s] Level 5:colcon.colcon_core.verb:set package 'steve_msgs' build argument 'cmake_clean_first' from command line to 'False'
[1.135s] Level 5:colcon.colcon_core.verb:set package 'steve_msgs' build argument 'cmake_force_configure' from command line to 'False'
[1.135s] Level 5:colcon.colcon_core.verb:set package 'steve_msgs' build argument 'ament_cmake_args' from command line to 'None'
[1.135s] Level 5:colcon.colcon_core.verb:set package 'steve_msgs' build argument 'catkin_cmake_args' from command line to 'None'
[1.135s] Level 5:colcon.colcon_core.verb:set package 'steve_msgs' build argument 'catkin_skip_building_tests' from command line to 'False'
[1.135s] DEBUG:colcon.colcon_core.verb:Building package 'steve_msgs' with the following arguments: {'ament_cmake_args': None, 'build_base': '/home/dj/MREN203/joint_states/mren203-ws/build/steve_msgs', 'catkin_cmake_args': None, 'catkin_skip_building_tests': False, 'cmake_args': None, 'cmake_clean_cache': False, 'cmake_clean_first': False, 'cmake_force_configure': False, 'cmake_target': None, 'cmake_target_skip_unavailable': False, 'install_base': '/home/dj/MREN203/joint_states/mren203-ws/install/steve_msgs', 'merge_install': False, 'path': '/home/dj/MREN203/joint_states/mren203-ws/src/steve_msgs', 'symlink_install': True, 'test_result_base': None}
[1.148s] Level 5:colcon.colcon_core.verb:set package 'motor_control' build argument 'cmake_args' from command line to 'None'
[1.148s] Level 5:colcon.colcon_core.verb:set package 'motor_control' build argument 'cmake_target' from command line to 'None'
[1.148s] Level 5:colcon.colcon_core.verb:set package 'motor_control' build argument 'cmake_target_skip_unavailable' from command line to 'False'
[1.148s] Level 5:colcon.colcon_core.verb:set package 'motor_control' build argument 'cmake_clean_cache' from command line to 'False'
[1.148s] Level 5:colcon.colcon_core.verb:set package 'motor_control' build argument 'cmake_clean_first' from command line to 'False'
[1.148s] Level 5:colcon.colcon_core.verb:set package 'motor_control' build argument 'cmake_force_configure' from command line to 'False'
[1.148s] Level 5:colcon.colcon_core.verb:set package 'motor_control' build argument 'ament_cmake_args' from command line to 'None'
[1.148s] Level 5:colcon.colcon_core.verb:set package 'motor_control' build argument 'catkin_cmake_args' from command line to 'None'
[1.148s] Level 5:colcon.colcon_core.verb:set package 'motor_control' build argument 'catkin_skip_building_tests' from command line to 'False'
[1.148s] DEBUG:colcon.colcon_core.verb:Building package 'motor_control' with the following arguments: {'ament_cmake_args': None, 'build_base': '/home/dj/MREN203/joint_states/mren203-ws/build/motor_control', 'catkin_cmake_args': None, 'catkin_skip_building_tests': False, 'cmake_args': None, 'cmake_clean_cache': False, 'cmake_clean_first': False, 'cmake_force_configure': False, 'cmake_target': None, 'cmake_target_skip_unavailable': False, 'install_base': '/home/dj/MREN203/joint_states/mren203-ws/install/motor_control', 'merge_install': False, 'path': '/home/dj/MREN203/joint_states/mren203-ws/src/motor_control', 'symlink_install': True, 'test_result_base': None}
[1.160s] Level 5:colcon.colcon_core.verb:set package 'steve_ui' build argument 'cmake_args' from command line to 'None'
[1.160s] Level 5:colcon.colcon_core.verb:set package 'steve_ui' build argument 'cmake_target' from command line to 'None'
[1.160s] Level 5:colcon.colcon_core.verb:set package 'steve_ui' build argument 'cmake_target_skip_unavailable' from command line to 'False'
[1.160s] Level 5:colcon.colcon_core.verb:set package 'steve_ui' build argument 'cmake_clean_cache' from command line to 'False'
[1.160s] Level 5:colcon.colcon_core.verb:set package 'steve_ui' build argument 'cmake_clean_first' from command line to 'False'
[1.160s] Level 5:colcon.colcon_core.verb:set package 'steve_ui' build argument 'cmake_force_configure' from command line to 'False'
[1.160s] Level 5:colcon.colcon_core.verb:set package 'steve_ui' build argument 'ament_cmake_args' from command line to 'None'
[1.160s] Level 5:colcon.colcon_core.verb:set package 'steve_ui' build argument 'catkin_cmake_args' from command line to 'None'
[1.160s] Level 5:colcon.colcon_core.verb:set package 'steve_ui' build argument 'catkin_skip_building_tests' from command line to 'False'
[1.160s] DEBUG:colcon.colcon_core.verb:Building package 'steve_ui' with the following arguments: {'ament_cmake_args': None, 'build_base': '/home/dj/MREN203/joint_states/mren203-ws/build/steve_ui', 'catkin_cmake_args': None, 'catkin_skip_building_tests': False, 'cmake_args': None, 'cmake_clean_cache': False, 'cmake_clean_first': False, 'cmake_force_configure': False, 'cmake_target': None, 'cmake_target_skip_unavailable': False, 'install_base': '/home/dj/MREN203/joint_states/mren203-ws/install/steve_ui', 'merge_install': False, 'path': '/home/dj/MREN203/joint_states/mren203-ws/src/steve_ui', 'symlink_install': True, 'test_result_base': None}
[1.172s] INFO:colcon.colcon_core.executor:Executing jobs using 'parallel' executor
[1.185s] DEBUG:colcon.colcon_parallel_executor.executor.parallel:run_until_complete
[1.186s] INFO:colcon.colcon_ros.task.ament_cmake.build:Building ROS package in '/home/dj/MREN203/joint_states/mren203-ws/src/steve_msgs' with build type 'ament_cmake'
[1.186s] INFO:colcon.colcon_cmake.task.cmake.build:Building CMake package in '/home/dj/MREN203/joint_states/mren203-ws/src/steve_msgs'
[1.199s] INFO:colcon.colcon_core.plugin_system:Skipping extension 'colcon_core.shell.bat': Not used on non-Windows systems
[1.199s] INFO:colcon.colcon_core.shell:Skip shell extension 'powershell' for command environment: Not usable outside of PowerShell
[1.200s] DEBUG:colcon.colcon_core.shell:Skip shell extension 'dsv' for command environment
[1.228s] INFO:colcon.colcon_ros.task.ament_python.build:Building ROS package in '/home/dj/MREN203/joint_states/mren203-ws/src/joystick_ros2' with build type 'ament_python'
[1.228s] Level 1:colcon.colcon_core.shell:create_environment_hook('joystick_ros2', 'ament_prefix_path')
[1.240s] INFO:colcon.colcon_core.shell:Creating environment hook '/home/dj/MREN203/joint_states/mren203-ws/install/joystick_ros2/share/joystick_ros2/hook/ament_prefix_path.ps1'
[1.241s] INFO:colcon.colcon_core.shell:Creating environment descriptor '/home/dj/MREN203/joint_states/mren203-ws/install/joystick_ros2/share/joystick_ros2/hook/ament_prefix_path.dsv'
[1.241s] INFO:colcon.colcon_core.shell:Creating environment hook '/home/dj/MREN203/joint_states/mren203-ws/install/joystick_ros2/share/joystick_ros2/hook/ament_prefix_path.sh'
[1.254s] INFO:colcon.colcon_core.shell:Skip shell extension 'powershell' for command environment: Not usable outside of PowerShell
[1.254s] DEBUG:colcon.colcon_core.shell:Skip shell extension 'dsv' for command environment
[1.281s] INFO:colcon.colcon_ros.task.ament_cmake.build:Building ROS package in '/home/dj/MREN203/joint_states/mren203-ws/src/my_bot' with build type 'ament_cmake'
[1.281s] INFO:colcon.colcon_cmake.task.cmake.build:Building CMake package in '/home/dj/MREN203/joint_states/mren203-ws/src/my_bot'
[1.294s] INFO:colcon.colcon_core.shell:Skip shell extension 'powershell' for command environment: Not usable outside of PowerShell
[1.294s] DEBUG:colcon.colcon_core.shell:Skip shell extension 'dsv' for command environment
[1.321s] INFO:colcon.colcon_ros.task.ament_cmake.build:Building ROS package in '/home/dj/MREN203/joint_states/mren203-ws/src/rplidar_ros2' with build type 'ament_cmake'
[1.321s] INFO:colcon.colcon_cmake.task.cmake.build:Building CMake package in '/home/dj/MREN203/joint_states/mren203-ws/src/rplidar_ros2'
[1.334s] INFO:colcon.colcon_core.shell:Skip shell extension 'powershell' for command environment: Not usable outside of PowerShell
[1.334s] DEBUG:colcon.colcon_core.shell:Skip shell extension 'dsv' for command environment
[1.361s] INFO:colcon.colcon_ros.task.ament_cmake.build:Building ROS package in '/home/dj/MREN203/joint_states/mren203-ws/src/steve_launch' with build type 'ament_cmake'
[1.361s] INFO:colcon.colcon_cmake.task.cmake.build:Building CMake package in '/home/dj/MREN203/joint_states/mren203-ws/src/steve_launch'
[1.374s] INFO:colcon.colcon_core.shell:Skip shell extension 'powershell' for command environment: Not usable outside of PowerShell
[1.374s] DEBUG:colcon.colcon_core.shell:Skip shell extension 'dsv' for command environment
[1.407s] DEBUG:colcon.colcon_core.event_handler.log_command:Invoking command in '/home/dj/MREN203/joint_states/mren203-ws/build/steve_msgs': CMAKE_PREFIX_PATH=/opt/ros/humble /usr/bin/cmake --build /home/dj/MREN203/joint_states/mren203-ws/build/steve_msgs -- -j16 -l16
[1.573s] WARNING:colcon.colcon_ros.task.ament_python.build:Package 'joystick_ros2' doesn't explicitly install the 'package.xml' file (colcon-ros currently does it implicitly but that fallback will be removed in the future)
[1.573s] INFO:colcon.colcon_core.task.python.build:Building Python package in '/home/dj/MREN203/joint_states/mren203-ws/src/joystick_ros2'
[1.587s] INFO:colcon.colcon_core.shell:Skip shell extension 'powershell' for command environment: Not usable outside of PowerShell
[1.587s] DEBUG:colcon.colcon_core.shell:Skip shell extension 'dsv' for command environment
[1.618s] DEBUG:colcon.colcon_core.event_handler.log_command:Invoking command in '/home/dj/MREN203/joint_states/mren203-ws/build/my_bot': CMAKE_PREFIX_PATH=/opt/ros/humble /usr/bin/cmake --build /home/dj/MREN203/joint_states/mren203-ws/build/my_bot -- -j16 -l16
[1.620s] DEBUG:colcon.colcon_core.event_handler.log_command:Invoking command in '/home/dj/MREN203/joint_states/mren203-ws/build/rplidar_ros': CMAKE_PREFIX_PATH=/opt/ros/humble /usr/bin/cmake --build /home/dj/MREN203/joint_states/mren203-ws/build/rplidar_ros -- -j16 -l16
[1.626s] DEBUG:colcon.colcon_core.event_handler.log_command:Invoking command in '/home/dj/MREN203/joint_states/mren203-ws/build/steve_launch': CMAKE_PREFIX_PATH=/opt/ros/humble /usr/bin/cmake --build /home/dj/MREN203/joint_states/mren203-ws/build/steve_launch -- -j16 -l16
[1.653s] DEBUG:colcon.colcon_core.event_handler.log_command:Invoked command in '/home/dj/MREN203/joint_states/mren203-ws/build/my_bot' returned '0': CMAKE_PREFIX_PATH=/opt/ros/humble /usr/bin/cmake --build /home/dj/MREN203/joint_states/mren203-ws/build/my_bot -- -j16 -l16
[1.662s] DEBUG:colcon.colcon_core.event_handler.log_command:Invoked command in '/home/dj/MREN203/joint_states/mren203-ws/build/steve_launch' returned '0': CMAKE_PREFIX_PATH=/opt/ros/humble /usr/bin/cmake --build /home/dj/MREN203/joint_states/mren203-ws/build/steve_launch -- -j16 -l16
[1.682s] DEBUG:colcon.colcon_core.event_handler.log_command:Invoking command in '/home/dj/MREN203/joint_states/mren203-ws/build/my_bot': CMAKE_PREFIX_PATH=/opt/ros/humble /usr/bin/cmake --install /home/dj/MREN203/joint_states/mren203-ws/build/my_bot
[1.684s] DEBUG:colcon.colcon_core.event_handler.log_command:Invoking command in '/home/dj/MREN203/joint_states/mren203-ws/build/steve_launch': CMAKE_PREFIX_PATH=/opt/ros/humble /usr/bin/cmake --install /home/dj/MREN203/joint_states/mren203-ws/build/steve_launch
[1.704s] Level 1:colcon.colcon_core.environment:create_environment_scripts_only(my_bot)
[1.705s] DEBUG:colcon.colcon_core.event_handler.log_command:Invoked command in '/home/dj/MREN203/joint_states/mren203-ws/build/my_bot' returned '0': CMAKE_PREFIX_PATH=/opt/ros/humble /usr/bin/cmake --install /home/dj/MREN203/joint_states/mren203-ws/build/my_bot
[1.721s] Level 1:colcon.colcon_core.environment:checking '/home/dj/MREN203/joint_states/mren203-ws/install/my_bot' for CMake module files
[1.722s] Level 1:colcon.colcon_core.environment:checking '/home/dj/MREN203/joint_states/mren203-ws/install/my_bot' for CMake config files
[1.722s] Level 1:colcon.colcon_core.shell:create_environment_hook('my_bot', 'cmake_prefix_path')
[1.737s] INFO:colcon.colcon_core.shell:Creating environment hook '/home/dj/MREN203/joint_states/mren203-ws/install/my_bot/share/my_bot/hook/cmake_prefix_path.ps1'
[1.737s] INFO:colcon.colcon_core.shell:Creating environment descriptor '/home/dj/MREN203/joint_states/mren203-ws/install/my_bot/share/my_bot/hook/cmake_prefix_path.dsv'
[1.737s] INFO:colcon.colcon_core.shell:Creating environment hook '/home/dj/MREN203/joint_states/mren203-ws/install/my_bot/share/my_bot/hook/cmake_prefix_path.sh'
[1.738s] Level 1:colcon.colcon_core.environment:checking '/home/dj/MREN203/joint_states/mren203-ws/install/my_bot/bin'
[1.738s] Level 1:colcon.colcon_core.environment:checking '/home/dj/MREN203/joint_states/mren203-ws/install/my_bot/lib/pkgconfig/my_bot.pc'
[1.738s] Level 1:colcon.colcon_core.environment:checking '/home/dj/MREN203/joint_states/mren203-ws/install/my_bot/lib/python3.10/site-packages'
[1.738s] Level 1:colcon.colcon_core.environment:checking '/home/dj/MREN203/joint_states/mren203-ws/install/my_bot/bin'
[1.752s] INFO:colcon.colcon_core.shell:Creating package script '/home/dj/MREN203/joint_states/mren203-ws/install/my_bot/share/my_bot/package.ps1'
[1.752s] INFO:colcon.colcon_core.shell:Creating package descriptor '/home/dj/MREN203/joint_states/mren203-ws/install/my_bot/share/my_bot/package.dsv'
[1.753s] INFO:colcon.colcon_core.shell:Creating package script '/home/dj/MREN203/joint_states/mren203-ws/install/my_bot/share/my_bot/package.sh'
[1.753s] INFO:colcon.colcon_core.shell:Creating package script '/home/dj/MREN203/joint_states/mren203-ws/install/my_bot/share/my_bot/package.bash'
[1.754s] INFO:colcon.colcon_core.shell:Creating package script '/home/dj/MREN203/joint_states/mren203-ws/install/my_bot/share/my_bot/package.zsh'
[1.754s] Level 1:colcon.colcon_core.environment:create_file_with_runtime_dependencies(/home/dj/MREN203/joint_states/mren203-ws/install/my_bot/share/colcon-core/packages/my_bot)
[1.756s] Level 1:colcon.colcon_core.environment:create_environment_scripts_only(steve_launch)
[1.757s] DEBUG:colcon.colcon_core.event_handler.log_command:Invoked command in '/home/dj/MREN203/joint_states/mren203-ws/build/steve_launch' returned '0': CMAKE_PREFIX_PATH=/opt/ros/humble /usr/bin/cmake --install /home/dj/MREN203/joint_states/mren203-ws/build/steve_launch
[1.770s] Level 1:colcon.colcon_core.environment:checking '/home/dj/MREN203/joint_states/mren203-ws/install/steve_launch' for CMake module files
[1.771s] Level 1:colcon.colcon_core.environment:checking '/home/dj/MREN203/joint_states/mren203-ws/install/steve_launch' for CMake config files
[1.771s] Level 1:colcon.colcon_core.shell:create_environment_hook('steve_launch', 'cmake_prefix_path')
[1.785s] INFO:colcon.colcon_core.shell:Creating environment hook '/home/dj/MREN203/joint_states/mren203-ws/install/steve_launch/share/steve_launch/hook/cmake_prefix_path.ps1'
[1.785s] INFO:colcon.colcon_core.shell:Creating environment descriptor '/home/dj/MREN203/joint_states/mren203-ws/install/steve_launch/share/steve_launch/hook/cmake_prefix_path.dsv'
[1.785s] INFO:colcon.colcon_core.shell:Creating environment hook '/home/dj/MREN203/joint_states/mren203-ws/install/steve_launch/share/steve_launch/hook/cmake_prefix_path.sh'
[1.786s] Level 1:colcon.colcon_core.environment:checking '/home/dj/MREN203/joint_states/mren203-ws/install/steve_launch/bin'
[1.786s] Level 1:colcon.colcon_core.environment:checking '/home/dj/MREN203/joint_states/mren203-ws/install/steve_launch/lib/pkgconfig/steve_launch.pc'
[1.786s] Level 1:colcon.colcon_core.environment:checking '/home/dj/MREN203/joint_states/mren203-ws/install/steve_launch/lib/python3.10/site-packages'
[1.786s] Level 1:colcon.colcon_core.environment:checking '/home/dj/MREN203/joint_states/mren203-ws/install/steve_launch/bin'
[1.799s] INFO:colcon.colcon_core.shell:Creating package script '/home/dj/MREN203/joint_states/mren203-ws/install/steve_launch/share/steve_launch/package.ps1'
[1.800s] INFO:colcon.colcon_core.shell:Creating package descriptor '/home/dj/MREN203/joint_states/mren203-ws/install/steve_launch/share/steve_launch/package.dsv'
[1.800s] INFO:colcon.colcon_core.shell:Creating package script '/home/dj/MREN203/joint_states/mren203-ws/install/steve_launch/share/steve_launch/package.sh'
[1.800s] INFO:colcon.colcon_core.shell:Creating package script '/home/dj/MREN203/joint_states/mren203-ws/install/steve_launch/share/steve_launch/package.bash'
[1.800s] INFO:colcon.colcon_core.shell:Creating package script '/home/dj/MREN203/joint_states/mren203-ws/install/steve_launch/share/steve_launch/package.zsh'
[1.801s] Level 1:colcon.colcon_core.environment:create_file_with_runtime_dependencies(/home/dj/MREN203/joint_states/mren203-ws/install/steve_launch/share/colcon-core/packages/steve_launch)
[1.802s] DEBUG:colcon.colcon_core.event_handler.log_command:Invoked command in '/home/dj/MREN203/joint_states/mren203-ws/build/rplidar_ros' returned '0': CMAKE_PREFIX_PATH=/opt/ros/humble /usr/bin/cmake --build /home/dj/MREN203/joint_states/mren203-ws/build/rplidar_ros -- -j16 -l16
[1.803s] DEBUG:colcon.colcon_core.event_handler.log_command:Invoked command in '/home/dj/MREN203/joint_states/mren203-ws/build/steve_msgs' returned '0': CMAKE_PREFIX_PATH=/opt/ros/humble /usr/bin/cmake --build /home/dj/MREN203/joint_states/mren203-ws/build/steve_msgs -- -j16 -l16
[1.819s] Level 1:colcon.colcon_core.environment:create_environment_scripts_only(my_bot)
[1.833s] Level 1:colcon.colcon_core.environment:checking '/home/dj/MREN203/joint_states/mren203-ws/install/my_bot' for CMake module files
[1.834s] Level 1:colcon.colcon_core.environment:checking '/home/dj/MREN203/joint_states/mren203-ws/install/my_bot' for CMake config files
[1.834s] Level 1:colcon.colcon_core.shell:create_environment_hook('my_bot', 'cmake_prefix_path')
[1.848s] INFO:colcon.colcon_core.shell:Creating environment hook '/home/dj/MREN203/joint_states/mren203-ws/install/my_bot/share/my_bot/hook/cmake_prefix_path.ps1'
[1.849s] INFO:colcon.colcon_core.shell:Creating environment descriptor '/home/dj/MREN203/joint_states/mren203-ws/install/my_bot/share/my_bot/hook/cmake_prefix_path.dsv'
[1.849s] INFO:colcon.colcon_core.shell:Creating environment hook '/home/dj/MREN203/joint_states/mren203-ws/install/my_bot/share/my_bot/hook/cmake_prefix_path.sh'
[1.849s] Level 1:colcon.colcon_core.environment:checking '/home/dj/MREN203/joint_states/mren203-ws/install/my_bot/bin'
[1.850s] Level 1:colcon.colcon_core.environment:checking '/home/dj/MREN203/joint_states/mren203-ws/install/my_bot/lib/pkgconfig/my_bot.pc'
[1.850s] Level 1:colcon.colcon_core.environment:checking '/home/dj/MREN203/joint_states/mren203-ws/install/my_bot/lib/python3.10/site-packages'
[1.850s] Level 1:colcon.colcon_core.environment:checking '/home/dj/MREN203/joint_states/mren203-ws/install/my_bot/bin'
[1.864s] INFO:colcon.colcon_core.shell:Creating package script '/home/dj/MREN203/joint_states/mren203-ws/install/my_bot/share/my_bot/package.ps1'
[1.864s] INFO:colcon.colcon_core.shell:Creating package descriptor '/home/dj/MREN203/joint_states/mren203-ws/install/my_bot/share/my_bot/package.dsv'
[1.864s] INFO:colcon.colcon_core.shell:Creating package script '/home/dj/MREN203/joint_states/mren203-ws/install/my_bot/share/my_bot/package.sh'
[1.865s] INFO:colcon.colcon_core.shell:Creating package script '/home/dj/MREN203/joint_states/mren203-ws/install/my_bot/share/my_bot/package.bash'
[1.865s] INFO:colcon.colcon_core.shell:Creating package script '/home/dj/MREN203/joint_states/mren203-ws/install/my_bot/share/my_bot/package.zsh'
[1.865s] Level 1:colcon.colcon_core.environment:create_file_with_runtime_dependencies(/home/dj/MREN203/joint_states/mren203-ws/install/my_bot/share/colcon-core/packages/my_bot)
[1.868s] DEBUG:colcon.colcon_core.event_handler.log_command:Invoking command in '/home/dj/MREN203/joint_states/mren203-ws/build/rplidar_ros': CMAKE_PREFIX_PATH=/opt/ros/humble /usr/bin/cmake --install /home/dj/MREN203/joint_states/mren203-ws/build/rplidar_ros
[1.882s] Level 1:colcon.colcon_core.environment:create_environment_scripts_only(steve_launch)
[1.897s] Level 1:colcon.colcon_core.environment:checking '/home/dj/MREN203/joint_states/mren203-ws/install/steve_launch' for CMake module files
[1.897s] Level 1:colcon.colcon_core.environment:checking '/home/dj/MREN203/joint_states/mren203-ws/install/steve_launch' for CMake config files
[1.897s] Level 1:colcon.colcon_core.shell:create_environment_hook('steve_launch', 'cmake_prefix_path')
[1.911s] INFO:colcon.colcon_core.shell:Creating environment hook '/home/dj/MREN203/joint_states/mren203-ws/install/steve_launch/share/steve_launch/hook/cmake_prefix_path.ps1'
[1.912s] INFO:colcon.colcon_core.shell:Creating environment descriptor '/home/dj/MREN203/joint_states/mren203-ws/install/steve_launch/share/steve_launch/hook/cmake_prefix_path.dsv'
[1.912s] INFO:colcon.colcon_core.shell:Creating environment hook '/home/dj/MREN203/joint_states/mren203-ws/install/steve_launch/share/steve_launch/hook/cmake_prefix_path.sh'
[1.912s] Level 1:colcon.colcon_core.environment:checking '/home/dj/MREN203/joint_states/mren203-ws/install/steve_launch/bin'
[1.912s] Level 1:colcon.colcon_core.environment:checking '/home/dj/MREN203/joint_states/mren203-ws/install/steve_launch/lib/pkgconfig/steve_launch.pc'
[1.913s] Level 1:colcon.colcon_core.environment:checking '/home/dj/MREN203/joint_states/mren203-ws/install/steve_launch/lib/python3.10/site-packages'
[1.913s] Level 1:colcon.colcon_core.environment:checking '/home/dj/MREN203/joint_states/mren203-ws/install/steve_launch/bin'
[1.927s] INFO:colcon.colcon_core.shell:Creating package script '/home/dj/MREN203/joint_states/mren203-ws/install/steve_launch/share/steve_launch/package.ps1'
[1.928s] INFO:colcon.colcon_core.shell:Creating package descriptor '/home/dj/MREN203/joint_states/mren203-ws/install/steve_launch/share/steve_launch/package.dsv'
[1.928s] INFO:colcon.colcon_core.shell:Creating package script '/home/dj/MREN203/joint_states/mren203-ws/install/steve_launch/share/steve_launch/package.sh'
[1.928s] INFO:colcon.colcon_core.shell:Creating package script '/home/dj/MREN203/joint_states/mren203-ws/install/steve_launch/share/steve_launch/package.bash'
[1.929s] INFO:colcon.colcon_core.shell:Creating package script '/home/dj/MREN203/joint_states/mren203-ws/install/steve_launch/share/steve_launch/package.zsh'
[1.929s] Level 1:colcon.colcon_core.environment:create_file_with_runtime_dependencies(/home/dj/MREN203/joint_states/mren203-ws/install/steve_launch/share/colcon-core/packages/steve_launch)
[1.931s] Level 1:colcon.colcon_core.environment:create_environment_scripts_only(rplidar_ros)
[1.933s] DEBUG:colcon.colcon_core.event_handler.log_command:Invoked command in '/home/dj/MREN203/joint_states/mren203-ws/build/rplidar_ros' returned '0': CMAKE_PREFIX_PATH=/opt/ros/humble /usr/bin/cmake --install /home/dj/MREN203/joint_states/mren203-ws/build/rplidar_ros
[1.946s] Level 1:colcon.colcon_core.environment:checking '/home/dj/MREN203/joint_states/mren203-ws/install/rplidar_ros' for CMake module files
[1.947s] Level 1:colcon.colcon_core.environment:checking '/home/dj/MREN203/joint_states/mren203-ws/install/rplidar_ros' for CMake config files
[1.947s] Level 1:colcon.colcon_core.shell:create_environment_hook('rplidar_ros', 'cmake_prefix_path')
[1.961s] INFO:colcon.colcon_core.shell:Creating environment hook '/home/dj/MREN203/joint_states/mren203-ws/install/rplidar_ros/share/rplidar_ros/hook/cmake_prefix_path.ps1'
[1.961s] INFO:colcon.colcon_core.shell:Creating environment descriptor '/home/dj/MREN203/joint_states/mren203-ws/install/rplidar_ros/share/rplidar_ros/hook/cmake_prefix_path.dsv'
[1.962s] INFO:colcon.colcon_core.shell:Creating environment hook '/home/dj/MREN203/joint_states/mren203-ws/install/rplidar_ros/share/rplidar_ros/hook/cmake_prefix_path.sh'
[1.962s] Level 1:colcon.colcon_core.environment:checking '/home/dj/MREN203/joint_states/mren203-ws/install/rplidar_ros/lib'
[1.962s] Level 1:colcon.colcon_core.shell:create_environment_hook('rplidar_ros', 'ld_library_path_lib')
[1.976s] INFO:colcon.colcon_core.shell:Creating environment hook '/home/dj/MREN203/joint_states/mren203-ws/install/rplidar_ros/share/rplidar_ros/hook/ld_library_path_lib.ps1'
[1.976s] INFO:colcon.colcon_core.shell:Creating environment descriptor '/home/dj/MREN203/joint_states/mren203-ws/install/rplidar_ros/share/rplidar_ros/hook/ld_library_path_lib.dsv'
[1.976s] INFO:colcon.colcon_core.shell:Creating environment hook '/home/dj/MREN203/joint_states/mren203-ws/install/rplidar_ros/share/rplidar_ros/hook/ld_library_path_lib.sh'
[1.976s] Level 1:colcon.colcon_core.environment:checking '/home/dj/MREN203/joint_states/mren203-ws/install/rplidar_ros/bin'
[1.976s] Level 1:colcon.colcon_core.environment:checking '/home/dj/MREN203/joint_states/mren203-ws/install/rplidar_ros/lib/pkgconfig/rplidar_ros.pc'
[1.977s] Level 1:colcon.colcon_core.environment:checking '/home/dj/MREN203/joint_states/mren203-ws/install/rplidar_ros/lib/python3.10/site-packages'
[1.977s] Level 1:colcon.colcon_core.environment:checking '/home/dj/MREN203/joint_states/mren203-ws/install/rplidar_ros/bin'
[2.005s] INFO:colcon.colcon_core.shell:Creating package script '/home/dj/MREN203/joint_states/mren203-ws/install/rplidar_ros/share/rplidar_ros/package.ps1'
[2.006s] INFO:colcon.colcon_core.shell:Creating package descriptor '/home/dj/MREN203/joint_states/mren203-ws/install/rplidar_ros/share/rplidar_ros/package.dsv'
[2.006s] INFO:colcon.colcon_core.shell:Creating package script '/home/dj/MREN203/joint_states/mren203-ws/install/rplidar_ros/share/rplidar_ros/package.sh'
[2.006s] INFO:colcon.colcon_core.shell:Creating package script '/home/dj/MREN203/joint_states/mren203-ws/install/rplidar_ros/share/rplidar_ros/package.bash'
[2.007s] INFO:colcon.colcon_core.shell:Creating package script '/home/dj/MREN203/joint_states/mren203-ws/install/rplidar_ros/share/rplidar_ros/package.zsh'
[2.007s] Level 1:colcon.colcon_core.environment:create_file_with_runtime_dependencies(/home/dj/MREN203/joint_states/mren203-ws/install/rplidar_ros/share/colcon-core/packages/rplidar_ros)
[2.010s] DEBUG:colcon.colcon_core.event_handler.log_command:Invoking command in '/home/dj/MREN203/joint_states/mren203-ws/build/steve_msgs': CMAKE_PREFIX_PATH=/opt/ros/humble /usr/bin/cmake --install /home/dj/MREN203/joint_states/mren203-ws/build/steve_msgs
[2.075s] Level 1:colcon.colcon_core.environment:create_environment_scripts_only(rplidar_ros)
[2.087s] Level 1:colcon.colcon_core.environment:checking '/home/dj/MREN203/joint_states/mren203-ws/install/rplidar_ros' for CMake module files
[2.088s] Level 1:colcon.colcon_core.environment:checking '/home/dj/MREN203/joint_states/mren203-ws/install/rplidar_ros' for CMake config files
[2.088s] Level 1:colcon.colcon_core.shell:create_environment_hook('rplidar_ros', 'cmake_prefix_path')
[2.101s] INFO:colcon.colcon_core.shell:Creating environment hook '/home/dj/MREN203/joint_states/mren203-ws/install/rplidar_ros/share/rplidar_ros/hook/cmake_prefix_path.ps1'
[2.101s] INFO:colcon.colcon_core.shell:Creating environment descriptor '/home/dj/MREN203/joint_states/mren203-ws/install/rplidar_ros/share/rplidar_ros/hook/cmake_prefix_path.dsv'
[2.102s] INFO:colcon.colcon_core.shell:Creating environment hook '/home/dj/MREN203/joint_states/mren203-ws/install/rplidar_ros/share/rplidar_ros/hook/cmake_prefix_path.sh'
[2.102s] Level 1:colcon.colcon_core.environment:checking '/home/dj/MREN203/joint_states/mren203-ws/install/rplidar_ros/lib'
[2.102s] Level 1:colcon.colcon_core.shell:create_environment_hook('rplidar_ros', 'ld_library_path_lib')
[2.115s] INFO:colcon.colcon_core.shell:Creating environment hook '/home/dj/MREN203/joint_states/mren203-ws/install/rplidar_ros/share/rplidar_ros/hook/ld_library_path_lib.ps1'
[2.115s] INFO:colcon.colcon_core.shell:Creating environment descriptor '/home/dj/MREN203/joint_states/mren203-ws/install/rplidar_ros/share/rplidar_ros/hook/ld_library_path_lib.dsv'
[2.116s] INFO:colcon.colcon_core.shell:Creating environment hook '/home/dj/MREN203/joint_states/mren203-ws/install/rplidar_ros/share/rplidar_ros/hook/ld_library_path_lib.sh'
[2.116s] Level 1:colcon.colcon_core.environment:checking '/home/dj/MREN203/joint_states/mren203-ws/install/rplidar_ros/bin'
[2.116s] Level 1:colcon.colcon_core.environment:checking '/home/dj/MREN203/joint_states/mren203-ws/install/rplidar_ros/lib/pkgconfig/rplidar_ros.pc'
[2.116s] Level 1:colcon.colcon_core.environment:checking '/home/dj/MREN203/joint_states/mren203-ws/install/rplidar_ros/lib/python3.10/site-packages'
[2.116s] Level 1:colcon.colcon_core.environment:checking '/home/dj/MREN203/joint_states/mren203-ws/install/rplidar_ros/bin'
[2.131s] INFO:colcon.colcon_core.shell:Creating package script '/home/dj/MREN203/joint_states/mren203-ws/install/rplidar_ros/share/rplidar_ros/package.ps1'
[2.131s] INFO:colcon.colcon_core.shell:Creating package descriptor '/home/dj/MREN203/joint_states/mren203-ws/install/rplidar_ros/share/rplidar_ros/package.dsv'
[2.132s] INFO:colcon.colcon_core.shell:Creating package script '/home/dj/MREN203/joint_states/mren203-ws/install/rplidar_ros/share/rplidar_ros/package.sh'
[2.132s] INFO:colcon.colcon_core.shell:Creating package script '/home/dj/MREN203/joint_states/mren203-ws/install/rplidar_ros/share/rplidar_ros/package.bash'
[2.132s] INFO:colcon.colcon_core.shell:Creating package script '/home/dj/MREN203/joint_states/mren203-ws/install/rplidar_ros/share/rplidar_ros/package.zsh'
[2.132s] Level 1:colcon.colcon_core.environment:create_file_with_runtime_dependencies(/home/dj/MREN203/joint_states/mren203-ws/install/rplidar_ros/share/colcon-core/packages/rplidar_ros)
[2.134s] Level 1:colcon.colcon_core.environment:create_environment_scripts_only(steve_msgs)
[2.134s] DEBUG:colcon.colcon_core.event_handler.log_command:Invoked command in '/home/dj/MREN203/joint_states/mren203-ws/build/steve_msgs' returned '0': CMAKE_PREFIX_PATH=/opt/ros/humble /usr/bin/cmake --install /home/dj/MREN203/joint_states/mren203-ws/build/steve_msgs
[2.148s] Level 1:colcon.colcon_core.environment:checking '/home/dj/MREN203/joint_states/mren203-ws/install/steve_msgs' for CMake module files
[2.149s] Level 1:colcon.colcon_core.environment:checking '/home/dj/MREN203/joint_states/mren203-ws/install/steve_msgs' for CMake config files
[2.149s] Level 1:colcon.colcon_core.shell:create_environment_hook('steve_msgs', 'cmake_prefix_path')
[2.163s] INFO:colcon.colcon_core.shell:Creating environment hook '/home/dj/MREN203/joint_states/mren203-ws/install/steve_msgs/share/steve_msgs/hook/cmake_prefix_path.ps1'
[2.164s] INFO:colcon.colcon_core.shell:Creating environment descriptor '/home/dj/MREN203/joint_states/mren203-ws/install/steve_msgs/share/steve_msgs/hook/cmake_prefix_path.dsv'
[2.164s] INFO:colcon.colcon_core.shell:Creating environment hook '/home/dj/MREN203/joint_states/mren203-ws/install/steve_msgs/share/steve_msgs/hook/cmake_prefix_path.sh'
[2.165s] Level 1:colcon.colcon_core.environment:checking '/home/dj/MREN203/joint_states/mren203-ws/install/steve_msgs/lib'
[2.165s] Level 1:colcon.colcon_core.shell:create_environment_hook('steve_msgs', 'ld_library_path_lib')
[2.178s] INFO:colcon.colcon_core.shell:Creating environment hook '/home/dj/MREN203/joint_states/mren203-ws/install/steve_msgs/share/steve_msgs/hook/ld_library_path_lib.ps1'
[2.178s] INFO:colcon.colcon_core.shell:Creating environment descriptor '/home/dj/MREN203/joint_states/mren203-ws/install/steve_msgs/share/steve_msgs/hook/ld_library_path_lib.dsv'
[2.178s] INFO:colcon.colcon_core.shell:Creating environment hook '/home/dj/MREN203/joint_states/mren203-ws/install/steve_msgs/share/steve_msgs/hook/ld_library_path_lib.sh'
[2.179s] Level 1:colcon.colcon_core.environment:checking '/home/dj/MREN203/joint_states/mren203-ws/install/steve_msgs/bin'
[2.179s] Level 1:colcon.colcon_core.environment:checking '/home/dj/MREN203/joint_states/mren203-ws/install/steve_msgs/lib/pkgconfig/steve_msgs.pc'
[2.179s] Level 1:colcon.colcon_core.environment:checking '/home/dj/MREN203/joint_states/mren203-ws/install/steve_msgs/lib/python3.10/site-packages'
[2.179s] Level 1:colcon.colcon_core.environment:checking '/home/dj/MREN203/joint_states/mren203-ws/install/steve_msgs/bin'
[2.192s] INFO:colcon.colcon_core.shell:Creating package script '/home/dj/MREN203/joint_states/mren203-ws/install/steve_msgs/share/steve_msgs/package.ps1'
[2.192s] INFO:colcon.colcon_core.shell:Creating package descriptor '/home/dj/MREN203/joint_states/mren203-ws/install/steve_msgs/share/steve_msgs/package.dsv'
[2.192s] INFO:colcon.colcon_core.shell:Creating package script '/home/dj/MREN203/joint_states/mren203-ws/install/steve_msgs/share/steve_msgs/package.sh'
[2.192s] INFO:colcon.colcon_core.shell:Creating package script '/home/dj/MREN203/joint_states/mren203-ws/install/steve_msgs/share/steve_msgs/package.bash'
[2.193s] INFO:colcon.colcon_core.shell:Creating package script '/home/dj/MREN203/joint_states/mren203-ws/install/steve_msgs/share/steve_msgs/package.zsh'
[2.193s] Level 1:colcon.colcon_core.environment:create_file_with_runtime_dependencies(/home/dj/MREN203/joint_states/mren203-ws/install/steve_msgs/share/colcon-core/packages/steve_msgs)
[2.196s] DEBUG:colcon.colcon_core.event_handler.log_command:Invoking command in '/home/dj/MREN203/joint_states/mren203-ws/build/joystick_ros2': PYTHONPATH=/home/dj/MREN203/joint_states/mren203-ws/build/joystick_ros2/prefix_override:/home/dj/MREN203/joint_states/mren203-ws/install/joystick_ros2/lib/python3.10/site-packages:${PYTHONPATH} /usr/bin/python3 setup.py develop --editable --build-directory /home/dj/MREN203/joint_states/mren203-ws/build/joystick_ros2/build --no-deps install_data
[2.380s] Level 1:colcon.colcon_core.environment:create_environment_scripts_only(steve_msgs)
[2.392s] Level 1:colcon.colcon_core.environment:checking '/home/dj/MREN203/joint_states/mren203-ws/install/steve_msgs' for CMake module files
[2.393s] Level 1:colcon.colcon_core.environment:checking '/home/dj/MREN203/joint_states/mren203-ws/install/steve_msgs' for CMake config files
[2.393s] Level 1:colcon.colcon_core.shell:create_environment_hook('steve_msgs', 'cmake_prefix_path')
[2.406s] INFO:colcon.colcon_core.shell:Creating environment hook '/home/dj/MREN203/joint_states/mren203-ws/install/steve_msgs/share/steve_msgs/hook/cmake_prefix_path.ps1'
[2.406s] INFO:colcon.colcon_core.shell:Creating environment descriptor '/home/dj/MREN203/joint_states/mren203-ws/install/steve_msgs/share/steve_msgs/hook/cmake_prefix_path.dsv'
[2.406s] INFO:colcon.colcon_core.shell:Creating environment hook '/home/dj/MREN203/joint_states/mren203-ws/install/steve_msgs/share/steve_msgs/hook/cmake_prefix_path.sh'
[2.407s] Level 1:colcon.colcon_core.environment:checking '/home/dj/MREN203/joint_states/mren203-ws/install/steve_msgs/lib'
[2.407s] Level 1:colcon.colcon_core.shell:create_environment_hook('steve_msgs', 'ld_library_path_lib')
[2.419s] INFO:colcon.colcon_core.shell:Creating environment hook '/home/dj/MREN203/joint_states/mren203-ws/install/steve_msgs/share/steve_msgs/hook/ld_library_path_lib.ps1'
[2.420s] INFO:colcon.colcon_core.shell:Creating environment descriptor '/home/dj/MREN203/joint_states/mren203-ws/install/steve_msgs/share/steve_msgs/hook/ld_library_path_lib.dsv'
[2.420s] INFO:colcon.colcon_core.shell:Creating environment hook '/home/dj/MREN203/joint_states/mren203-ws/install/steve_msgs/share/steve_msgs/hook/ld_library_path_lib.sh'
[2.420s] Level 1:colcon.colcon_core.environment:checking '/home/dj/MREN203/joint_states/mren203-ws/install/steve_msgs/bin'
[2.420s] Level 1:colcon.colcon_core.environment:checking '/home/dj/MREN203/joint_states/mren203-ws/install/steve_msgs/lib/pkgconfig/steve_msgs.pc'
[2.420s] Level 1:colcon.colcon_core.environment:checking '/home/dj/MREN203/joint_states/mren203-ws/install/steve_msgs/lib/python3.10/site-packages'
[2.420s] Level 1:colcon.colcon_core.environment:checking '/home/dj/MREN203/joint_states/mren203-ws/install/steve_msgs/bin'
[2.434s] INFO:colcon.colcon_core.shell:Creating package script '/home/dj/MREN203/joint_states/mren203-ws/install/steve_msgs/share/steve_msgs/package.ps1'
[2.434s] INFO:colcon.colcon_core.shell:Creating package descriptor '/home/dj/MREN203/joint_states/mren203-ws/install/steve_msgs/share/steve_msgs/package.dsv'
[2.434s] INFO:colcon.colcon_core.shell:Creating package script '/home/dj/MREN203/joint_states/mren203-ws/install/steve_msgs/share/steve_msgs/package.sh'
[2.434s] INFO:colcon.colcon_core.shell:Creating package script '/home/dj/MREN203/joint_states/mren203-ws/install/steve_msgs/share/steve_msgs/package.bash'
[2.435s] INFO:colcon.colcon_core.shell:Creating package script '/home/dj/MREN203/joint_states/mren203-ws/install/steve_msgs/share/steve_msgs/package.zsh'
[2.435s] Level 1:colcon.colcon_core.environment:create_file_with_runtime_dependencies(/home/dj/MREN203/joint_states/mren203-ws/install/steve_msgs/share/colcon-core/packages/steve_msgs)
[2.436s] INFO:colcon.colcon_ros.task.ament_python.build:Building ROS package in '/home/dj/MREN203/joint_states/mren203-ws/src/motor_control' with build type 'ament_python'
[2.436s] Level 1:colcon.colcon_core.shell:create_environment_hook('motor_control', 'ament_prefix_path')
[2.449s] INFO:colcon.colcon_core.shell:Creating environment hook '/home/dj/MREN203/joint_states/mren203-ws/install/motor_control/share/motor_control/hook/ament_prefix_path.ps1'
[2.449s] INFO:colcon.colcon_core.shell:Creating environment descriptor '/home/dj/MREN203/joint_states/mren203-ws/install/motor_control/share/motor_control/hook/ament_prefix_path.dsv'
[2.449s] INFO:colcon.colcon_core.shell:Creating environment hook '/home/dj/MREN203/joint_states/mren203-ws/install/motor_control/share/motor_control/hook/ament_prefix_path.sh'
[2.463s] INFO:colcon.colcon_core.shell:Skip shell extension 'powershell' for command environment: Not usable outside of PowerShell
[2.463s] DEBUG:colcon.colcon_core.shell:Skip shell extension 'dsv' for command environment
[2.492s] INFO:colcon.colcon_ros.task.ament_python.build:Building ROS package in '/home/dj/MREN203/joint_states/mren203-ws/src/steve_ui' with build type 'ament_python'
[2.492s] Level 1:colcon.colcon_core.shell:create_environment_hook('steve_ui', 'ament_prefix_path')
[2.506s] INFO:colcon.colcon_core.shell:Creating environment hook '/home/dj/MREN203/joint_states/mren203-ws/install/steve_ui/share/steve_ui/hook/ament_prefix_path.ps1'
[2.506s] INFO:colcon.colcon_core.shell:Creating environment descriptor '/home/dj/MREN203/joint_states/mren203-ws/install/steve_ui/share/steve_ui/hook/ament_prefix_path.dsv'
[2.506s] INFO:colcon.colcon_core.shell:Creating environment hook '/home/dj/MREN203/joint_states/mren203-ws/install/steve_ui/share/steve_ui/hook/ament_prefix_path.sh'
[2.520s] INFO:colcon.colcon_core.shell:Skip shell extension 'powershell' for command environment: Not usable outside of PowerShell
[2.520s] DEBUG:colcon.colcon_core.shell:Skip shell extension 'dsv' for command environment
[2.692s] INFO:colcon.colcon_core.task.python.build:Building Python package in '/home/dj/MREN203/joint_states/mren203-ws/src/motor_control'
[2.706s] INFO:colcon.colcon_core.shell:Skip shell extension 'powershell' for command environment: Not usable outside of PowerShell
[2.706s] DEBUG:colcon.colcon_core.shell:Skip shell extension 'dsv' for command environment
[2.884s] INFO:colcon.colcon_core.task.python.build:Building Python package in '/home/dj/MREN203/joint_states/mren203-ws/src/steve_ui'
[2.898s] INFO:colcon.colcon_core.shell:Skip shell extension 'powershell' for command environment: Not usable outside of PowerShell
[2.898s] DEBUG:colcon.colcon_core.shell:Skip shell extension 'dsv' for command environment
[2.927s] Level 1:colcon.colcon_core.shell:create_environment_hook('joystick_ros2', 'pythonpath_develop')
[2.928s] DEBUG:colcon.colcon_core.event_handler.log_command:Invoked command in '/home/dj/MREN203/joint_states/mren203-ws/build/joystick_ros2' returned '0': PYTHONPATH=/home/dj/MREN203/joint_states/mren203-ws/build/joystick_ros2/prefix_override:/home/dj/MREN203/joint_states/mren203-ws/install/joystick_ros2/lib/python3.10/site-packages:${PYTHONPATH} /usr/bin/python3 setup.py develop --editable --build-directory /home/dj/MREN203/joint_states/mren203-ws/build/joystick_ros2/build --no-deps install_data
[2.941s] INFO:colcon.colcon_core.shell:Creating environment hook '/home/dj/MREN203/joint_states/mren203-ws/build/joystick_ros2/share/joystick_ros2/hook/pythonpath_develop.ps1'
[2.941s] INFO:colcon.colcon_core.shell:Creating environment descriptor '/home/dj/MREN203/joint_states/mren203-ws/build/joystick_ros2/share/joystick_ros2/hook/pythonpath_develop.dsv'
[2.941s] INFO:colcon.colcon_core.shell:Creating environment hook '/home/dj/MREN203/joint_states/mren203-ws/build/joystick_ros2/share/joystick_ros2/hook/pythonpath_develop.sh'
[2.954s] Level 1:colcon.colcon_core.environment:checking '/home/dj/MREN203/joint_states/mren203-ws/install/joystick_ros2' for CMake module files
[2.955s] Level 1:colcon.colcon_core.environment:checking '/home/dj/MREN203/joint_states/mren203-ws/install/joystick_ros2' for CMake config files
[2.955s] Level 1:colcon.colcon_core.environment:checking '/home/dj/MREN203/joint_states/mren203-ws/install/joystick_ros2/lib'
[2.955s] Level 1:colcon.colcon_core.environment:checking '/home/dj/MREN203/joint_states/mren203-ws/install/joystick_ros2/bin'
[2.955s] Level 1:colcon.colcon_core.environment:checking '/home/dj/MREN203/joint_states/mren203-ws/install/joystick_ros2/lib/pkgconfig/joystick_ros2.pc'
[2.956s] Level 1:colcon.colcon_core.environment:checking '/home/dj/MREN203/joint_states/mren203-ws/install/joystick_ros2/lib/python3.10/site-packages'
[2.956s] Level 1:colcon.colcon_core.shell:create_environment_hook('joystick_ros2', 'pythonpath')
[2.968s] INFO:colcon.colcon_core.shell:Creating environment hook '/home/dj/MREN203/joint_states/mren203-ws/install/joystick_ros2/share/joystick_ros2/hook/pythonpath.ps1'
[2.969s] INFO:colcon.colcon_core.shell:Creating environment descriptor '/home/dj/MREN203/joint_states/mren203-ws/install/joystick_ros2/share/joystick_ros2/hook/pythonpath.dsv'
[2.969s] INFO:colcon.colcon_core.shell:Creating environment hook '/home/dj/MREN203/joint_states/mren203-ws/install/joystick_ros2/share/joystick_ros2/hook/pythonpath.sh'
[2.969s] Level 1:colcon.colcon_core.environment:checking '/home/dj/MREN203/joint_states/mren203-ws/install/joystick_ros2/bin'
[2.969s] Level 1:colcon.colcon_core.environment:create_environment_scripts_only(joystick_ros2)
[2.982s] INFO:colcon.colcon_core.shell:Creating package script '/home/dj/MREN203/joint_states/mren203-ws/install/joystick_ros2/share/joystick_ros2/package.ps1'
[2.983s] INFO:colcon.colcon_core.shell:Creating package descriptor '/home/dj/MREN203/joint_states/mren203-ws/install/joystick_ros2/share/joystick_ros2/package.dsv'
[2.983s] INFO:colcon.colcon_core.shell:Creating package script '/home/dj/MREN203/joint_states/mren203-ws/install/joystick_ros2/share/joystick_ros2/package.sh'
[2.983s] INFO:colcon.colcon_core.shell:Creating package script '/home/dj/MREN203/joint_states/mren203-ws/install/joystick_ros2/share/joystick_ros2/package.bash'
[2.984s] INFO:colcon.colcon_core.shell:Creating package script '/home/dj/MREN203/joint_states/mren203-ws/install/joystick_ros2/share/joystick_ros2/package.zsh'
[2.984s] Level 1:colcon.colcon_core.environment:create_file_with_runtime_dependencies(/home/dj/MREN203/joint_states/mren203-ws/install/joystick_ros2/share/colcon-core/packages/joystick_ros2)
[3.406s] DEBUG:colcon.colcon_core.event_handler.log_command:Invoking command in '/home/dj/MREN203/joint_states/mren203-ws/build/motor_control': AMENT_PREFIX_PATH=/home/dj/MREN203/joint_states/mren203-ws/install/steve_msgs:${AMENT_PREFIX_PATH} CMAKE_PREFIX_PATH=/home/dj/MREN203/joint_states/mren203-ws/install/steve_msgs LD_LIBRARY_PATH=/home/dj/MREN203/joint_states/mren203-ws/install/steve_msgs/lib:${LD_LIBRARY_PATH} PYTHONPATH=/home/dj/MREN203/joint_states/mren203-ws/build/motor_control/prefix_override:/home/dj/MREN203/joint_states/mren203-ws/install/motor_control/lib/python3.10/site-packages:/home/dj/MREN203/joint_states/mren203-ws/install/steve_msgs/local/lib/python3.10/dist-packages:${PYTHONPATH} /usr/bin/python3 setup.py develop --editable --build-directory /home/dj/MREN203/joint_states/mren203-ws/build/motor_control/build --no-deps install_data
[3.457s] DEBUG:colcon.colcon_core.event_handler.log_command:Invoking command in '/home/dj/MREN203/joint_states/mren203-ws/build/steve_ui': AMENT_PREFIX_PATH=/home/dj/MREN203/joint_states/mren203-ws/install/steve_msgs:${AMENT_PREFIX_PATH} CMAKE_PREFIX_PATH=/home/dj/MREN203/joint_states/mren203-ws/install/steve_msgs LD_LIBRARY_PATH=/home/dj/MREN203/joint_states/mren203-ws/install/steve_msgs/lib:${LD_LIBRARY_PATH} PYTHONPATH=/home/dj/MREN203/joint_states/mren203-ws/build/steve_ui/prefix_override:/home/dj/MREN203/joint_states/mren203-ws/install/steve_ui/lib/python3.10/site-packages:/home/dj/MREN203/joint_states/mren203-ws/install/steve_msgs/local/lib/python3.10/dist-packages:${PYTHONPATH} /usr/bin/python3 setup.py develop --editable --build-directory /home/dj/MREN203/joint_states/mren203-ws/build/steve_ui/build --no-deps install_data
[3.955s] Level 1:colcon.colcon_core.shell:create_environment_hook('motor_control', 'pythonpath_develop')
[3.956s] DEBUG:colcon.colcon_core.event_handler.log_command:Invoked command in '/home/dj/MREN203/joint_states/mren203-ws/build/motor_control' returned '0': AMENT_PREFIX_PATH=/home/dj/MREN203/joint_states/mren203-ws/install/steve_msgs:${AMENT_PREFIX_PATH} CMAKE_PREFIX_PATH=/home/dj/MREN203/joint_states/mren203-ws/install/steve_msgs LD_LIBRARY_PATH=/home/dj/MREN203/joint_states/mren203-ws/install/steve_msgs/lib:${LD_LIBRARY_PATH} PYTHONPATH=/home/dj/MREN203/joint_states/mren203-ws/build/motor_control/prefix_override:/home/dj/MREN203/joint_states/mren203-ws/install/motor_control/lib/python3.10/site-packages:/home/dj/MREN203/joint_states/mren203-ws/install/steve_msgs/local/lib/python3.10/dist-packages:${PYTHONPATH} /usr/bin/python3 setup.py develop --editable --build-directory /home/dj/MREN203/joint_states/mren203-ws/build/motor_control/build --no-deps install_data
[3.969s] INFO:colcon.colcon_core.shell:Creating environment hook '/home/dj/MREN203/joint_states/mren203-ws/build/motor_control/share/motor_control/hook/pythonpath_develop.ps1'
[3.969s] INFO:colcon.colcon_core.shell:Creating environment descriptor '/home/dj/MREN203/joint_states/mren203-ws/build/motor_control/share/motor_control/hook/pythonpath_develop.dsv'
[3.970s] INFO:colcon.colcon_core.shell:Creating environment hook '/home/dj/MREN203/joint_states/mren203-ws/build/motor_control/share/motor_control/hook/pythonpath_develop.sh'
[3.982s] Level 1:colcon.colcon_core.environment:checking '/home/dj/MREN203/joint_states/mren203-ws/install/motor_control' for CMake module files
[3.983s] Level 1:colcon.colcon_core.environment:checking '/home/dj/MREN203/joint_states/mren203-ws/install/motor_control' for CMake config files
[3.983s] Level 1:colcon.colcon_core.environment:checking '/home/dj/MREN203/joint_states/mren203-ws/install/motor_control/lib'
[3.983s] Level 1:colcon.colcon_core.environment:checking '/home/dj/MREN203/joint_states/mren203-ws/install/motor_control/bin'
[3.983s] Level 1:colcon.colcon_core.environment:checking '/home/dj/MREN203/joint_states/mren203-ws/install/motor_control/lib/pkgconfig/motor_control.pc'
[3.983s] Level 1:colcon.colcon_core.environment:checking '/home/dj/MREN203/joint_states/mren203-ws/install/motor_control/lib/python3.10/site-packages'
[3.983s] Level 1:colcon.colcon_core.shell:create_environment_hook('motor_control', 'pythonpath')
[3.997s] INFO:colcon.colcon_core.shell:Creating environment hook '/home/dj/MREN203/joint_states/mren203-ws/install/motor_control/share/motor_control/hook/pythonpath.ps1'
[3.998s] INFO:colcon.colcon_core.shell:Creating environment descriptor '/home/dj/MREN203/joint_states/mren203-ws/install/motor_control/share/motor_control/hook/pythonpath.dsv'
[3.998s] INFO:colcon.colcon_core.shell:Creating environment hook '/home/dj/MREN203/joint_states/mren203-ws/install/motor_control/share/motor_control/hook/pythonpath.sh'
[3.998s] Level 1:colcon.colcon_core.environment:checking '/home/dj/MREN203/joint_states/mren203-ws/install/motor_control/bin'
[3.998s] Level 1:colcon.colcon_core.environment:create_environment_scripts_only(motor_control)
[4.012s] INFO:colcon.colcon_core.shell:Creating package script '/home/dj/MREN203/joint_states/mren203-ws/install/motor_control/share/motor_control/package.ps1'
[4.013s] INFO:colcon.colcon_core.shell:Creating package descriptor '/home/dj/MREN203/joint_states/mren203-ws/install/motor_control/share/motor_control/package.dsv'
[4.013s] INFO:colcon.colcon_core.shell:Creating package script '/home/dj/MREN203/joint_states/mren203-ws/install/motor_control/share/motor_control/package.sh'
[4.013s] INFO:colcon.colcon_core.shell:Creating package script '/home/dj/MREN203/joint_states/mren203-ws/install/motor_control/share/motor_control/package.bash'
[4.013s] INFO:colcon.colcon_core.shell:Creating package script '/home/dj/MREN203/joint_states/mren203-ws/install/motor_control/share/motor_control/package.zsh'
[4.014s] Level 1:colcon.colcon_core.environment:create_file_with_runtime_dependencies(/home/dj/MREN203/joint_states/mren203-ws/install/motor_control/share/colcon-core/packages/motor_control)
[4.015s] Level 1:colcon.colcon_core.shell:create_environment_hook('steve_ui', 'pythonpath_develop')
[4.015s] DEBUG:colcon.colcon_core.event_handler.log_command:Invoked command in '/home/dj/MREN203/joint_states/mren203-ws/build/steve_ui' returned '0': AMENT_PREFIX_PATH=/home/dj/MREN203/joint_states/mren203-ws/install/steve_msgs:${AMENT_PREFIX_PATH} CMAKE_PREFIX_PATH=/home/dj/MREN203/joint_states/mren203-ws/install/steve_msgs LD_LIBRARY_PATH=/home/dj/MREN203/joint_states/mren203-ws/install/steve_msgs/lib:${LD_LIBRARY_PATH} PYTHONPATH=/home/dj/MREN203/joint_states/mren203-ws/build/steve_ui/prefix_override:/home/dj/MREN203/joint_states/mren203-ws/install/steve_ui/lib/python3.10/site-packages:/home/dj/MREN203/joint_states/mren203-ws/install/steve_msgs/local/lib/python3.10/dist-packages:${PYTHONPATH} /usr/bin/python3 setup.py develop --editable --build-directory /home/dj/MREN203/joint_states/mren203-ws/build/steve_ui/build --no-deps install_data
[4.028s] INFO:colcon.colcon_core.shell:Creating environment hook '/home/dj/MREN203/joint_states/mren203-ws/build/steve_ui/share/steve_ui/hook/pythonpath_develop.ps1'
[4.028s] INFO:colcon.colcon_core.shell:Creating environment descriptor '/home/dj/MREN203/joint_states/mren203-ws/build/steve_ui/share/steve_ui/hook/pythonpath_develop.dsv'
[4.028s] INFO:colcon.colcon_core.shell:Creating environment hook '/home/dj/MREN203/joint_states/mren203-ws/build/steve_ui/share/steve_ui/hook/pythonpath_develop.sh'
[4.041s] Level 1:colcon.colcon_core.environment:checking '/home/dj/MREN203/joint_states/mren203-ws/install/steve_ui' for CMake module files
[4.042s] Level 1:colcon.colcon_core.environment:checking '/home/dj/MREN203/joint_states/mren203-ws/install/steve_ui' for CMake config files
[4.042s] Level 1:colcon.colcon_core.environment:checking '/home/dj/MREN203/joint_states/mren203-ws/install/steve_ui/lib'
[4.042s] Level 1:colcon.colcon_core.environment:checking '/home/dj/MREN203/joint_states/mren203-ws/install/steve_ui/bin'
[4.042s] Level 1:colcon.colcon_core.environment:checking '/home/dj/MREN203/joint_states/mren203-ws/install/steve_ui/lib/pkgconfig/steve_ui.pc'
[4.042s] Level 1:colcon.colcon_core.environment:checking '/home/dj/MREN203/joint_states/mren203-ws/install/steve_ui/lib/python3.10/site-packages'
[4.042s] Level 1:colcon.colcon_core.shell:create_environment_hook('steve_ui', 'pythonpath')
[4.055s] INFO:colcon.colcon_core.shell:Creating environment hook '/home/dj/MREN203/joint_states/mren203-ws/install/steve_ui/share/steve_ui/hook/pythonpath.ps1'
[4.055s] INFO:colcon.colcon_core.shell:Creating environment descriptor '/home/dj/MREN203/joint_states/mren203-ws/install/steve_ui/share/steve_ui/hook/pythonpath.dsv'
[4.055s] INFO:colcon.colcon_core.shell:Creating environment hook '/home/dj/MREN203/joint_states/mren203-ws/install/steve_ui/share/steve_ui/hook/pythonpath.sh'
[4.056s] Level 1:colcon.colcon_core.environment:checking '/home/dj/MREN203/joint_states/mren203-ws/install/steve_ui/bin'
[4.056s] Level 1:colcon.colcon_core.environment:create_environment_scripts_only(steve_ui)
[4.068s] INFO:colcon.colcon_core.shell:Creating package script '/home/dj/MREN203/joint_states/mren203-ws/install/steve_ui/share/steve_ui/package.ps1'
[4.069s] INFO:colcon.colcon_core.shell:Creating package descriptor '/home/dj/MREN203/joint_states/mren203-ws/install/steve_ui/share/steve_ui/package.dsv'
[4.069s] INFO:colcon.colcon_core.shell:Creating package script '/home/dj/MREN203/joint_states/mren203-ws/install/steve_ui/share/steve_ui/package.sh'
[4.069s] INFO:colcon.colcon_core.shell:Creating package script '/home/dj/MREN203/joint_states/mren203-ws/install/steve_ui/share/steve_ui/package.bash'
[4.070s] INFO:colcon.colcon_core.shell:Creating package script '/home/dj/MREN203/joint_states/mren203-ws/install/steve_ui/share/steve_ui/package.zsh'
[4.070s] Level 1:colcon.colcon_core.environment:create_file_with_runtime_dependencies(/home/dj/MREN203/joint_states/mren203-ws/install/steve_ui/share/colcon-core/packages/steve_ui)
[4.070s] DEBUG:colcon.colcon_parallel_executor.executor.parallel:closing loop
[4.070s] DEBUG:colcon.colcon_parallel_executor.executor.parallel:loop closed
[4.070s] DEBUG:colcon.colcon_parallel_executor.executor.parallel:run_until_complete finished with '0'
[4.070s] DEBUG:colcon.colcon_core.event_reactor:joining thread
[4.086s] INFO:colcon.colcon_core.plugin_system:Skipping extension 'colcon_notification.desktop_notification.terminal_notifier': Not used on non-Darwin systems
[4.086s] INFO:colcon.colcon_core.plugin_system:Skipping extension 'colcon_notification.desktop_notification.win32': Not used on non-Windows systems
[4.086s] INFO:colcon.colcon_notification.desktop_notification:Sending desktop notification using 'notify2'
[4.096s] DEBUG:colcon.colcon_core.event_reactor:joined thread
[4.109s] INFO:colcon.colcon_core.shell:Creating prefix script '/home/dj/MREN203/joint_states/mren203-ws/install/local_setup.ps1'
[4.110s] INFO:colcon.colcon_core.shell:Creating prefix util module '/home/dj/MREN203/joint_states/mren203-ws/install/_local_setup_util_ps1.py'
[4.111s] INFO:colcon.colcon_core.shell:Creating prefix chain script '/home/dj/MREN203/joint_states/mren203-ws/install/setup.ps1'
[4.124s] INFO:colcon.colcon_core.shell:Creating prefix script '/home/dj/MREN203/joint_states/mren203-ws/install/local_setup.sh'
[4.124s] INFO:colcon.colcon_core.shell:Creating prefix util module '/home/dj/MREN203/joint_states/mren203-ws/install/_local_setup_util_sh.py'
[4.125s] INFO:colcon.colcon_core.shell:Creating prefix chain script '/home/dj/MREN203/joint_states/mren203-ws/install/setup.sh'
[4.138s] INFO:colcon.colcon_core.shell:Creating prefix script '/home/dj/MREN203/joint_states/mren203-ws/install/local_setup.bash'
[4.138s] INFO:colcon.colcon_core.shell:Creating prefix chain script '/home/dj/MREN203/joint_states/mren203-ws/install/setup.bash'
[4.151s] INFO:colcon.colcon_core.shell:Creating prefix script '/home/dj/MREN203/joint_states/mren203-ws/install/local_setup.zsh'
[4.152s] INFO:colcon.colcon_core.shell:Creating prefix chain script '/home/dj/MREN203/joint_states/mren203-ws/install/setup.zsh'
