[5.300s] Invoking command in '/home/steve/mren203-ws/build/joystick_ros2': PYTHONPATH=/home/steve/mren203-ws/build/joystick_ros2/prefix_override:/home/steve/mren203-ws/install/joystick_ros2/lib/python3.10/site-packages:${PYTHONPATH} /usr/bin/python3 setup.py develop --editable --build-directory /home/steve/mren203-ws/build/joystick_ros2/build --no-deps install_data
[7.221s] running develop
[7.223s] /usr/lib/python3/dist-packages/setuptools/command/easy_install.py:158: EasyInstallDeprecationWarning: easy_install command is deprecated. Use build and pip and other standards-based tools.
[7.224s]   warnings.warn(
[7.230s] /usr/lib/python3/dist-packages/setuptools/command/install.py:34: SetuptoolsDeprecationWarning: setup.py install is deprecated. Use build and pip and other standards-based tools.
[7.230s]   warnings.warn(
[8.651s] running egg_info
[8.652s] creating joystick_ros2.egg-info
[8.653s] writing joystick_ros2.egg-info/PKG-INFO
[8.654s] writing dependency_links to joystick_ros2.egg-info/dependency_links.txt
[8.656s] writing entry points to joystick_ros2.egg-info/entry_points.txt
[8.657s] writing requirements to joystick_ros2.egg-info/requires.txt
[8.657s] writing top-level names to joystick_ros2.egg-info/top_level.txt
[8.658s] writing manifest file 'joystick_ros2.egg-info/SOURCES.txt'
[8.666s] reading manifest file 'joystick_ros2.egg-info/SOURCES.txt'
[8.670s] writing manifest file 'joystick_ros2.egg-info/SOURCES.txt'
[8.678s] running build_ext
[8.680s] Creating /home/steve/mren203-ws/install/joystick_ros2/lib/python3.10/site-packages/joystick-ros2.egg-link (link to .)
[8.686s] Installing joystick_ros2 script to /home/steve/mren203-ws/install/joystick_ros2/lib/joystick_ros2
[8.688s] 
[8.688s] Installed /home/steve/mren203-ws/build/joystick_ros2
[8.689s] running install_data
[8.690s] creating /home/steve/mren203-ws/install/joystick_ros2/share/ament_index
[8.691s] creating /home/steve/mren203-ws/install/joystick_ros2/share/ament_index/resource_index
[8.691s] creating /home/steve/mren203-ws/install/joystick_ros2/share/ament_index/resource_index/packages
[8.692s] copying resource/joystick_ros2 -> /home/steve/mren203-ws/install/joystick_ros2/share/ament_index/resource_index/packages
[8.693s] creating /home/steve/mren203-ws/install/joystick_ros2/shared
[8.693s] creating /home/steve/mren203-ws/install/joystick_ros2/shared/joystick_ros2
[8.694s] copying package.xml -> /home/steve/mren203-ws/install/joystick_ros2/shared/joystick_ros2
[9.159s] Invoked command in '/home/steve/mren203-ws/build/joystick_ros2' returned '0': PYTHONPATH=/home/steve/mren203-ws/build/joystick_ros2/prefix_override:/home/steve/mren203-ws/install/joystick_ros2/lib/python3.10/site-packages:${PYTHONPATH} /usr/bin/python3 setup.py develop --editable --build-directory /home/steve/mren203-ws/build/joystick_ros2/build --no-deps install_data
