running develop
running egg_info
creating steve_ui.egg-info
writing steve_ui.egg-info/PKG-INFO
writing dependency_links to steve_ui.egg-info/dependency_links.txt
writing entry points to steve_ui.egg-info/entry_points.txt
writing requirements to steve_ui.egg-info/requires.txt
writing top-level names to steve_ui.egg-info/top_level.txt
writing manifest file 'steve_ui.egg-info/SOURCES.txt'
reading manifest file 'steve_ui.egg-info/SOURCES.txt'
writing manifest file 'steve_ui.egg-info/SOURCES.txt'
running build_ext
Creating /home/steve/mren203-ws/install/steve_ui/lib/python3.10/site-packages/steve-ui.egg-link (link to .)

Installed /home/steve/mren203-ws/build/steve_ui
running install_data
creating /home/steve/mren203-ws/install/steve_ui/share/ament_index
creating /home/steve/mren203-ws/install/steve_ui/share/ament_index/resource_index
creating /home/steve/mren203-ws/install/steve_ui/share/ament_index/resource_index/packages
copying resource/steve_ui -> /home/steve/mren203-ws/install/steve_ui/share/ament_index/resource_index/packages
copying package.xml -> /home/steve/mren203-ws/install/steve_ui/share/steve_ui
