[5.899s] Invoking command in '/home/steve/mren203-ws/build/steve_ui': AMENT_PREFIX_PATH=/home/steve/mren203-ws/install/steve_msgs:${AMENT_PREFIX_PATH} CMAKE_PREFIX_PATH=/home/steve/mren203-ws/install/steve_msgs LD_LIBRARY_PATH=/home/steve/mren203-ws/install/steve_msgs/lib:${LD_LIBRARY_PATH} PYTHONPATH=/home/steve/mren203-ws/build/steve_ui/prefix_override:/home/steve/mren203-ws/install/steve_ui/lib/python3.10/site-packages:/home/steve/mren203-ws/install/steve_msgs/local/lib/python3.10/dist-packages:${PYTHONPATH} /usr/bin/python3 setup.py develop --editable --build-directory /home/steve/mren203-ws/build/steve_ui/build --no-deps install_data
[7.544s] running develop
[7.546s] /usr/lib/python3/dist-packages/setuptools/command/easy_install.py:158: EasyInstallDeprecationWarning: easy_install command is deprecated. Use build and pip and other standards-based tools.
[7.546s]   warnings.warn(
[7.552s] /usr/lib/python3/dist-packages/setuptools/command/install.py:34: SetuptoolsDeprecationWarning: setup.py install is deprecated. Use build and pip and other standards-based tools.
[7.553s]   warnings.warn(
[8.719s] running egg_info
[8.720s] creating steve_ui.egg-info
[8.725s] writing steve_ui.egg-info/PKG-INFO
[8.726s] writing dependency_links to steve_ui.egg-info/dependency_links.txt
[8.727s] writing entry points to steve_ui.egg-info/entry_points.txt
[8.727s] writing requirements to steve_ui.egg-info/requires.txt
[8.728s] writing top-level names to steve_ui.egg-info/top_level.txt
[8.729s] writing manifest file 'steve_ui.egg-info/SOURCES.txt'
[8.734s] reading manifest file 'steve_ui.egg-info/SOURCES.txt'
[8.737s] writing manifest file 'steve_ui.egg-info/SOURCES.txt'
[8.745s] running build_ext
[8.746s] Creating /home/steve/mren203-ws/install/steve_ui/lib/python3.10/site-packages/steve-ui.egg-link (link to .)
[8.759s] 
[8.762s] Installed /home/steve/mren203-ws/build/steve_ui
[8.770s] running install_data
[8.773s] creating /home/steve/mren203-ws/install/steve_ui/share/ament_index
[8.775s] creating /home/steve/mren203-ws/install/steve_ui/share/ament_index/resource_index
[8.779s] creating /home/steve/mren203-ws/install/steve_ui/share/ament_index/resource_index/packages
[8.784s] copying resource/steve_ui -> /home/steve/mren203-ws/install/steve_ui/share/ament_index/resource_index/packages
[8.786s] copying package.xml -> /home/steve/mren203-ws/install/steve_ui/share/steve_ui
[8.990s] Invoked command in '/home/steve/mren203-ws/build/steve_ui' returned '0': AMENT_PREFIX_PATH=/home/steve/mren203-ws/install/steve_msgs:${AMENT_PREFIX_PATH} CMAKE_PREFIX_PATH=/home/steve/mren203-ws/install/steve_msgs LD_LIBRARY_PATH=/home/steve/mren203-ws/install/steve_msgs/lib:${LD_LIBRARY_PATH} PYTHONPATH=/home/steve/mren203-ws/build/steve_ui/prefix_override:/home/steve/mren203-ws/install/steve_ui/lib/python3.10/site-packages:/home/steve/mren203-ws/install/steve_msgs/local/lib/python3.10/dist-packages:${PYTHONPATH} /usr/bin/python3 setup.py develop --editable --build-directory /home/steve/mren203-ws/build/steve_ui/build --no-deps install_data
