[1.139s] Invoking command in '/home/dj/MREN203/joint_states/mren203-ws/build/joystick_ros2': PYTHONPATH=/home/dj/MREN203/joint_states/mren203-ws/build/joystick_ros2/prefix_override:/home/dj/MREN203/joint_states/mren203-ws/install/joystick_ros2/lib/python3.10/site-packages:${PYTHONPATH} /usr/bin/python3 setup.py develop --editable --build-directory /home/dj/MREN203/joint_states/mren203-ws/build/joystick_ros2/build --no-deps install_data
[1.412s] running develop
[1.412s] /home/dj/.local/lib/python3.10/site-packages/setuptools/command/develop.py:40: EasyInstallDeprecationWarning: easy_install command is deprecated.
[1.412s] !!
[1.412s] 
[1.413s]         ********************************************************************************
[1.413s]         Please avoid running ``setup.py`` and ``easy_install``.
[1.413s]         Instead, use pypa/build, pypa/installer or other
[1.413s]         standards-based tools.
[1.413s] 
[1.414s]         See https://github.com/pypa/setuptools/issues/917 for details.
[1.414s]         ********************************************************************************
[1.414s] 
[1.414s] !!
[1.414s]   easy_install.initialize_options(self)
[1.440s] /home/dj/.local/lib/python3.10/site-packages/setuptools/_distutils/cmd.py:66: SetuptoolsDeprecationWarning: setup.py install is deprecated.
[1.440s] !!
[1.441s] 
[1.441s]         ********************************************************************************
[1.441s]         Please avoid running ``setup.py`` directly.
[1.441s]         Instead, use pypa/build, pypa/installer or other
[1.441s]         standards-based tools.
[1.442s] 
[1.442s]         See https://blog.ganssle.io/articles/2021/10/setup-py-deprecated.html for details.
[1.442s]         ********************************************************************************
[1.442s] 
[1.442s] !!
[1.442s]   self.initialize_options()
[1.614s] running egg_info
[1.629s] writing joystick_ros2.egg-info/PKG-INFO
[1.629s] writing dependency_links to joystick_ros2.egg-info/dependency_links.txt
[1.629s] writing entry points to joystick_ros2.egg-info/entry_points.txt
[1.629s] writing requirements to joystick_ros2.egg-info/requires.txt
[1.629s] writing top-level names to joystick_ros2.egg-info/top_level.txt
[1.659s] reading manifest file 'joystick_ros2.egg-info/SOURCES.txt'
[1.659s] writing manifest file 'joystick_ros2.egg-info/SOURCES.txt'
[1.706s] running build_ext
[1.706s] Creating /home/dj/MREN203/joint_states/mren203-ws/install/joystick_ros2/lib/python3.10/site-packages/joystick-ros2.egg-link (link to .)
[1.707s] Installing joystick_ros2 script to /home/dj/MREN203/joint_states/mren203-ws/install/joystick_ros2/lib/joystick_ros2
[1.707s] 
[1.707s] Installed /home/dj/MREN203/joint_states/mren203-ws/build/joystick_ros2
[1.707s] running install_data
[1.707s] copying resource/joystick_ros2 -> /home/dj/MREN203/joint_states/mren203-ws/install/joystick_ros2/share/ament_index/resource_index/packages
[1.707s] copying package.xml -> /home/dj/MREN203/joint_states/mren203-ws/install/joystick_ros2/shared/joystick_ros2
[1.878s] Invoked command in '/home/dj/MREN203/joint_states/mren203-ws/build/joystick_ros2' returned '0': PYTHONPATH=/home/dj/MREN203/joint_states/mren203-ws/build/joystick_ros2/prefix_override:/home/dj/MREN203/joint_states/mren203-ws/install/joystick_ros2/lib/python3.10/site-packages:${PYTHONPATH} /usr/bin/python3 setup.py develop --editable --build-directory /home/dj/MREN203/joint_states/mren203-ws/build/joystick_ros2/build --no-deps install_data
