running develop
running egg_info
creating motor_control.egg-info
writing motor_control.egg-info/PKG-INFO
writing dependency_links to motor_control.egg-info/dependency_links.txt
writing entry points to motor_control.egg-info/entry_points.txt
writing requirements to motor_control.egg-info/requires.txt
writing top-level names to motor_control.egg-info/top_level.txt
writing manifest file 'motor_control.egg-info/SOURCES.txt'
reading manifest file 'motor_control.egg-info/SOURCES.txt'
writing manifest file 'motor_control.egg-info/SOURCES.txt'
running build_ext
Creating /home/dj/MREN203/mren203-ws/install/motor_control/lib/python3.10/site-packages/motor-control.egg-link (link to .)
Installing motor_driver script to /home/dj/MREN203/mren203-ws/install/motor_control/lib/motor_control

Installed /home/dj/MREN203/mren203-ws/build/motor_control
running install_data
creating /home/dj/MREN203/mren203-ws/install/motor_control/share/ament_index
creating /home/dj/MREN203/mren203-ws/install/motor_control/share/ament_index/resource_index
creating /home/dj/MREN203/mren203-ws/install/motor_control/share/ament_index/resource_index/packages
copying resource/motor_control -> /home/dj/MREN203/mren203-ws/install/motor_control/share/ament_index/resource_index/packages
copying package.xml -> /home/dj/MREN203/mren203-ws/install/motor_control/share/motor_control
