[0.896s] DEBUG:colcon:Command line arguments: ['/usr/bin/colcon', 'build', '--symlink-install']
[0.896s] DEBUG:colcon:Parsed command line arguments: Namespace(log_base=None, log_level=None, verb_name='build', build_base='build', install_base='install', merge_install=False, symlink_install=True, test_result_base=None, continue_on_error=False, executor='parallel', parallel_workers=16, event_handlers=None, ignore_user_meta=False, metas=['./colcon.meta'], base_paths=['.'], packages_ignore=None, packages_ignore_regex=None, paths=None, packages_up_to=None, packages_up_to_regex=None, packages_above=None, packages_above_and_dependencies=None, packages_above_depth=None, packages_select_by_dep=None, packages_skip_by_dep=None, packages_skip_up_to=None, packages_select_build_failed=False, packages_skip_build_finished=False, packages_select_test_failures=False, packages_skip_test_passed=False, packages_select=None, packages_skip=None, packages_select_regex=None, packages_skip_regex=None, packages_start=None, packages_end=None, allow_overriding=[], cmake_args=None, cmake_target=None, cmake_target_skip_unavailable=False, cmake_clean_cache=False, cmake_clean_first=False, cmake_force_configure=False, ament_cmake_args=None, catkin_cmake_args=None, catkin_skip_building_tests=False, verb_parser=<colcon_defaults.argument_parser.defaults.DefaultArgumentsDecorator object at 0x7198c7066b30>, verb_extension=<colcon_core.verb.build.BuildVerb object at 0x7198c70665c0>, main=<bound method BuildVerb.main of <colcon_core.verb.build.BuildVerb object at 0x7198c70665c0>>)
[0.946s] Level 1:colcon.colcon_core.package_discovery:discover_packages(colcon_meta) check parameters
[0.946s] Level 1:colcon.colcon_core.package_discovery:discover_packages(recursive) check parameters
[0.946s] Level 1:colcon.colcon_core.package_discovery:discover_packages(ignore) check parameters
[0.946s] Level 1:colcon.colcon_core.package_discovery:discover_packages(path) check parameters
[0.946s] Level 1:colcon.colcon_core.package_discovery:discover_packages(colcon_meta) discover
[0.946s] Level 1:colcon.colcon_core.package_discovery:discover_packages(recursive) discover
[0.946s] INFO:colcon.colcon_core.package_discovery:Crawling recursively for packages in '/home/dj/MREN203/joint_states/mren203-ws'
[0.946s] Level 1:colcon.colcon_core.package_identification:_identify(.) by extensions ['ignore', 'ignore_ament_install']
[0.946s] Level 1:colcon.colcon_core.package_identification:_identify(.) by extension 'ignore'
[0.946s] Level 1:colcon.colcon_core.package_identification:_identify(.) by extension 'ignore_ament_install'
[0.946s] Level 1:colcon.colcon_core.package_identification:_identify(.) by extensions ['colcon_pkg']
[0.946s] Level 1:colcon.colcon_core.package_identification:_identify(.) by extension 'colcon_pkg'
[0.946s] Level 1:colcon.colcon_core.package_identification:_identify(.) by extensions ['colcon_meta']
[0.946s] Level 1:colcon.colcon_core.package_identification:_identify(.) by extension 'colcon_meta'
[0.946s] Level 1:colcon.colcon_core.package_identification:_identify(.) by extensions ['ros']
[0.946s] Level 1:colcon.colcon_core.package_identification:_identify(.) by extension 'ros'
[0.986s] Level 1:colcon.colcon_core.package_identification:_identify(.) by extensions ['cmake', 'python']
[0.986s] Level 1:colcon.colcon_core.package_identification:_identify(.) by extension 'cmake'
[0.986s] Level 1:colcon.colcon_core.package_identification:_identify(.) by extension 'python'
[0.986s] Level 1:colcon.colcon_core.package_identification:_identify(.) by extensions ['python_setup_py']
[0.987s] Level 1:colcon.colcon_core.package_identification:_identify(.) by extension 'python_setup_py'
[0.987s] Level 1:colcon.colcon_core.package_identification:_identify(Arduino) by extensions ['ignore', 'ignore_ament_install']
[0.987s] Level 1:colcon.colcon_core.package_identification:_identify(Arduino) by extension 'ignore'
[0.987s] Level 1:colcon.colcon_core.package_identification:_identify(Arduino) ignored
[0.987s] Level 1:colcon.colcon_core.package_identification:_identify(Python) by extensions ['ignore', 'ignore_ament_install']
[0.987s] Level 1:colcon.colcon_core.package_identification:_identify(Python) by extension 'ignore'
[0.987s] Level 1:colcon.colcon_core.package_identification:_identify(Python) ignored
[0.987s] Level 1:colcon.colcon_core.package_identification:_identify(build) by extensions ['ignore', 'ignore_ament_install']
[0.987s] Level 1:colcon.colcon_core.package_identification:_identify(build) by extension 'ignore'
[0.987s] Level 1:colcon.colcon_core.package_identification:_identify(build) ignored
[0.987s] Level 1:colcon.colcon_core.package_identification:_identify(install) by extensions ['ignore', 'ignore_ament_install']
[0.987s] Level 1:colcon.colcon_core.package_identification:_identify(install) by extension 'ignore'
[0.987s] Level 1:colcon.colcon_core.package_identification:_identify(install) ignored
[0.987s] Level 1:colcon.colcon_core.package_identification:_identify(log) by extensions ['ignore', 'ignore_ament_install']
[0.987s] Level 1:colcon.colcon_core.package_identification:_identify(log) by extension 'ignore'
[0.987s] Level 1:colcon.colcon_core.package_identification:_identify(log) ignored
[0.988s] Level 1:colcon.colcon_core.package_identification:_identify(src) by extensions ['ignore', 'ignore_ament_install']
[0.988s] Level 1:colcon.colcon_core.package_identification:_identify(src) by extension 'ignore'
[0.988s] Level 1:colcon.colcon_core.package_identification:_identify(src) by extension 'ignore_ament_install'
[0.988s] Level 1:colcon.colcon_core.package_identification:_identify(src) by extensions ['colcon_pkg']
[0.988s] Level 1:colcon.colcon_core.package_identification:_identify(src) by extension 'colcon_pkg'
[0.988s] Level 1:colcon.colcon_core.package_identification:_identify(src) by extensions ['colcon_meta']
[0.988s] Level 1:colcon.colcon_core.package_identification:_identify(src) by extension 'colcon_meta'
[0.988s] Level 1:colcon.colcon_core.package_identification:_identify(src) by extensions ['ros']
[0.988s] Level 1:colcon.colcon_core.package_identification:_identify(src) by extension 'ros'
[0.988s] Level 1:colcon.colcon_core.package_identification:_identify(src) by extensions ['cmake', 'python']
[0.988s] Level 1:colcon.colcon_core.package_identification:_identify(src) by extension 'cmake'
[0.988s] Level 1:colcon.colcon_core.package_identification:_identify(src) by extension 'python'
[0.988s] Level 1:colcon.colcon_core.package_identification:_identify(src) by extensions ['python_setup_py']
[0.988s] Level 1:colcon.colcon_core.package_identification:_identify(src) by extension 'python_setup_py'
[0.988s] Level 1:colcon.colcon_core.package_identification:_identify(src/joystick_ros2) by extensions ['ignore', 'ignore_ament_install']
[0.988s] Level 1:colcon.colcon_core.package_identification:_identify(src/joystick_ros2) by extension 'ignore'
[0.988s] Level 1:colcon.colcon_core.package_identification:_identify(src/joystick_ros2) by extension 'ignore_ament_install'
[0.988s] Level 1:colcon.colcon_core.package_identification:_identify(src/joystick_ros2) by extensions ['colcon_pkg']
[0.988s] Level 1:colcon.colcon_core.package_identification:_identify(src/joystick_ros2) by extension 'colcon_pkg'
[0.988s] Level 1:colcon.colcon_core.package_identification:_identify(src/joystick_ros2) by extensions ['colcon_meta']
[0.988s] Level 1:colcon.colcon_core.package_identification:_identify(src/joystick_ros2) by extension 'colcon_meta'
[0.988s] Level 1:colcon.colcon_core.package_identification:_identify(src/joystick_ros2) by extensions ['ros']
[0.988s] Level 1:colcon.colcon_core.package_identification:_identify(src/joystick_ros2) by extension 'ros'
[0.990s] DEBUG:colcon.colcon_core.package_identification:Package 'src/joystick_ros2' with type 'ros.ament_python' and name 'joystick_ros2'
[0.990s] Level 1:colcon.colcon_core.package_identification:_identify(src/motor_control) by extensions ['ignore', 'ignore_ament_install']
[0.990s] Level 1:colcon.colcon_core.package_identification:_identify(src/motor_control) by extension 'ignore'
[0.990s] Level 1:colcon.colcon_core.package_identification:_identify(src/motor_control) by extension 'ignore_ament_install'
[0.990s] Level 1:colcon.colcon_core.package_identification:_identify(src/motor_control) by extensions ['colcon_pkg']
[0.990s] Level 1:colcon.colcon_core.package_identification:_identify(src/motor_control) by extension 'colcon_pkg'
[0.990s] Level 1:colcon.colcon_core.package_identification:_identify(src/motor_control) by extensions ['colcon_meta']
[0.991s] Level 1:colcon.colcon_core.package_identification:_identify(src/motor_control) by extension 'colcon_meta'
[0.991s] Level 1:colcon.colcon_core.package_identification:_identify(src/motor_control) by extensions ['ros']
[0.991s] Level 1:colcon.colcon_core.package_identification:_identify(src/motor_control) by extension 'ros'
[0.991s] DEBUG:colcon.colcon_core.package_identification:Package 'src/motor_control' with type 'ros.ament_python' and name 'motor_control'
[0.991s] Level 1:colcon.colcon_core.package_identification:_identify(src/my_bot) by extensions ['ignore', 'ignore_ament_install']
[0.991s] Level 1:colcon.colcon_core.package_identification:_identify(src/my_bot) by extension 'ignore'
[0.991s] Level 1:colcon.colcon_core.package_identification:_identify(src/my_bot) by extension 'ignore_ament_install'
[0.991s] Level 1:colcon.colcon_core.package_identification:_identify(src/my_bot) by extensions ['colcon_pkg']
[0.991s] Level 1:colcon.colcon_core.package_identification:_identify(src/my_bot) by extension 'colcon_pkg'
[0.991s] Level 1:colcon.colcon_core.package_identification:_identify(src/my_bot) by extensions ['colcon_meta']
[0.991s] Level 1:colcon.colcon_core.package_identification:_identify(src/my_bot) by extension 'colcon_meta'
[0.991s] Level 1:colcon.colcon_core.package_identification:_identify(src/my_bot) by extensions ['ros']
[0.991s] Level 1:colcon.colcon_core.package_identification:_identify(src/my_bot) by extension 'ros'
[0.992s] DEBUG:colcon.colcon_core.package_identification:Package 'src/my_bot' with type 'ros.ament_cmake' and name 'my_bot'
[0.992s] Level 1:colcon.colcon_core.package_identification:_identify(src/rplidar_ros2) by extensions ['ignore', 'ignore_ament_install']
[0.992s] Level 1:colcon.colcon_core.package_identification:_identify(src/rplidar_ros2) by extension 'ignore'
[0.992s] Level 1:colcon.colcon_core.package_identification:_identify(src/rplidar_ros2) by extension 'ignore_ament_install'
[0.992s] Level 1:colcon.colcon_core.package_identification:_identify(src/rplidar_ros2) by extensions ['colcon_pkg']
[0.992s] Level 1:colcon.colcon_core.package_identification:_identify(src/rplidar_ros2) by extension 'colcon_pkg'
[0.992s] Level 1:colcon.colcon_core.package_identification:_identify(src/rplidar_ros2) by extensions ['colcon_meta']
[0.992s] Level 1:colcon.colcon_core.package_identification:_identify(src/rplidar_ros2) by extension 'colcon_meta'
[0.992s] Level 1:colcon.colcon_core.package_identification:_identify(src/rplidar_ros2) by extensions ['ros']
[0.992s] Level 1:colcon.colcon_core.package_identification:_identify(src/rplidar_ros2) by extension 'ros'
[0.992s] DEBUG:colcon.colcon_core.package_identification:Package 'src/rplidar_ros2' with type 'ros.ament_cmake' and name 'rplidar_ros'
[0.993s] Level 1:colcon.colcon_core.package_identification:_identify(src/steve_launch) by extensions ['ignore', 'ignore_ament_install']
[0.993s] Level 1:colcon.colcon_core.package_identification:_identify(src/steve_launch) by extension 'ignore'
[0.993s] Level 1:colcon.colcon_core.package_identification:_identify(src/steve_launch) by extension 'ignore_ament_install'
[0.993s] Level 1:colcon.colcon_core.package_identification:_identify(src/steve_launch) by extensions ['colcon_pkg']
[0.993s] Level 1:colcon.colcon_core.package_identification:_identify(src/steve_launch) by extension 'colcon_pkg'
[0.993s] Level 1:colcon.colcon_core.package_identification:_identify(src/steve_launch) by extensions ['colcon_meta']
[0.993s] Level 1:colcon.colcon_core.package_identification:_identify(src/steve_launch) by extension 'colcon_meta'
[0.993s] Level 1:colcon.colcon_core.package_identification:_identify(src/steve_launch) by extensions ['ros']
[0.993s] Level 1:colcon.colcon_core.package_identification:_identify(src/steve_launch) by extension 'ros'
[0.993s] DEBUG:colcon.colcon_core.package_identification:Package 'src/steve_launch' with type 'ros.ament_cmake' and name 'steve_launch'
[0.994s] Level 1:colcon.colcon_core.package_identification:_identify(src/steve_msgs) by extensions ['ignore', 'ignore_ament_install']
[0.994s] Level 1:colcon.colcon_core.package_identification:_identify(src/steve_msgs) by extension 'ignore'
[0.994s] Level 1:colcon.colcon_core.package_identification:_identify(src/steve_msgs) by extension 'ignore_ament_install'
[0.994s] Level 1:colcon.colcon_core.package_identification:_identify(src/steve_msgs) by extensions ['colcon_pkg']
[0.994s] Level 1:colcon.colcon_core.package_identification:_identify(src/steve_msgs) by extension 'colcon_pkg'
[0.994s] Level 1:colcon.colcon_core.package_identification:_identify(src/steve_msgs) by extensions ['colcon_meta']
[0.994s] Level 1:colcon.colcon_core.package_identification:_identify(src/steve_msgs) by extension 'colcon_meta'
[0.994s] Level 1:colcon.colcon_core.package_identification:_identify(src/steve_msgs) by extensions ['ros']
[0.994s] Level 1:colcon.colcon_core.package_identification:_identify(src/steve_msgs) by extension 'ros'
[0.994s] DEBUG:colcon.colcon_core.package_identification:Package 'src/steve_msgs' with type 'ros.ament_cmake' and name 'steve_msgs'
[0.994s] Level 1:colcon.colcon_core.package_identification:_identify(src/steve_ui) by extensions ['ignore', 'ignore_ament_install']
[0.994s] Level 1:colcon.colcon_core.package_identification:_identify(src/steve_ui) by extension 'ignore'
[0.994s] Level 1:colcon.colcon_core.package_identification:_identify(src/steve_ui) by extension 'ignore_ament_install'
[0.994s] Level 1:colcon.colcon_core.package_identification:_identify(src/steve_ui) by extensions ['colcon_pkg']
[0.994s] Level 1:colcon.colcon_core.package_identification:_identify(src/steve_ui) by extension 'colcon_pkg'
[0.994s] Level 1:colcon.colcon_core.package_identification:_identify(src/steve_ui) by extensions ['colcon_meta']
[0.994s] Level 1:colcon.colcon_core.package_identification:_identify(src/steve_ui) by extension 'colcon_meta'
[0.995s] Level 1:colcon.colcon_core.package_identification:_identify(src/steve_ui) by extensions ['ros']
[0.995s] Level 1:colcon.colcon_core.package_identification:_identify(src/steve_ui) by extension 'ros'
[0.995s] DEBUG:colcon.colcon_core.package_identification:Package 'src/steve_ui' with type 'ros.ament_python' and name 'steve_ui'
[0.995s] Level 1:colcon.colcon_core.package_identification:_identify(src/testing) by extensions ['ignore', 'ignore_ament_install']
[0.995s] Level 1:colcon.colcon_core.package_identification:_identify(src/testing) by extension 'ignore'
[0.995s] Level 1:colcon.colcon_core.package_identification:_identify(src/testing) by extension 'ignore_ament_install'
[0.995s] Level 1:colcon.colcon_core.package_identification:_identify(src/testing) by extensions ['colcon_pkg']
[0.995s] Level 1:colcon.colcon_core.package_identification:_identify(src/testing) by extension 'colcon_pkg'
[0.995s] Level 1:colcon.colcon_core.package_identification:_identify(src/testing) by extensions ['colcon_meta']
[0.995s] Level 1:colcon.colcon_core.package_identification:_identify(src/testing) by extension 'colcon_meta'
[0.995s] Level 1:colcon.colcon_core.package_identification:_identify(src/testing) by extensions ['ros']
[0.995s] Level 1:colcon.colcon_core.package_identification:_identify(src/testing) by extension 'ros'
[0.996s] DEBUG:colcon.colcon_core.package_identification:Package 'src/testing' with type 'ros.ament_python' and name 'testing'
[0.996s] Level 1:colcon.colcon_core.package_discovery:discover_packages(recursive) using defaults
[0.996s] Level 1:colcon.colcon_core.package_discovery:discover_packages(ignore) discover
[0.996s] Level 1:colcon.colcon_core.package_discovery:discover_packages(ignore) using defaults
[0.996s] Level 1:colcon.colcon_core.package_discovery:discover_packages(path) discover
[0.996s] Level 1:colcon.colcon_core.package_discovery:discover_packages(path) using defaults
[1.099s] Level 1:colcon.colcon_core.package_discovery:discover_packages(prefix_path) check parameters
[1.099s] Level 1:colcon.colcon_core.package_discovery:discover_packages(prefix_path) discover
[1.128s] DEBUG:colcon.colcon_installed_package_information.package_discovery:Found 7 installed packages in /home/dj/MREN203/joint_states/mren203-ws/install
[1.143s] DEBUG:colcon.colcon_installed_package_information.package_discovery:Found 405 installed packages in /opt/ros/humble
[1.144s] Level 1:colcon.colcon_core.package_discovery:discover_packages(prefix_path) using defaults
[1.215s] Level 5:colcon.colcon_core.verb:set package 'joystick_ros2' build argument 'cmake_args' from command line to 'None'
[1.215s] Level 5:colcon.colcon_core.verb:set package 'joystick_ros2' build argument 'cmake_target' from command line to 'None'
[1.215s] Level 5:colcon.colcon_core.verb:set package 'joystick_ros2' build argument 'cmake_target_skip_unavailable' from command line to 'False'
[1.215s] Level 5:colcon.colcon_core.verb:set package 'joystick_ros2' build argument 'cmake_clean_cache' from command line to 'False'
[1.215s] Level 5:colcon.colcon_core.verb:set package 'joystick_ros2' build argument 'cmake_clean_first' from command line to 'False'
[1.215s] Level 5:colcon.colcon_core.verb:set package 'joystick_ros2' build argument 'cmake_force_configure' from command line to 'False'
[1.215s] Level 5:colcon.colcon_core.verb:set package 'joystick_ros2' build argument 'ament_cmake_args' from command line to 'None'
[1.215s] Level 5:colcon.colcon_core.verb:set package 'joystick_ros2' build argument 'catkin_cmake_args' from command line to 'None'
[1.215s] Level 5:colcon.colcon_core.verb:set package 'joystick_ros2' build argument 'catkin_skip_building_tests' from command line to 'False'
[1.215s] DEBUG:colcon.colcon_core.verb:Building package 'joystick_ros2' with the following arguments: {'ament_cmake_args': None, 'build_base': '/home/dj/MREN203/joint_states/mren203-ws/build/joystick_ros2', 'catkin_cmake_args': None, 'catkin_skip_building_tests': False, 'cmake_args': None, 'cmake_clean_cache': False, 'cmake_clean_first': False, 'cmake_force_configure': False, 'cmake_target': None, 'cmake_target_skip_unavailable': False, 'install_base': '/home/dj/MREN203/joint_states/mren203-ws/install/joystick_ros2', 'merge_install': False, 'path': '/home/dj/MREN203/joint_states/mren203-ws/src/joystick_ros2', 'symlink_install': True, 'test_result_base': None}
[1.228s] Level 5:colcon.colcon_core.verb:set package 'my_bot' build argument 'cmake_args' from command line to 'None'
[1.228s] Level 5:colcon.colcon_core.verb:set package 'my_bot' build argument 'cmake_target' from command line to 'None'
[1.228s] Level 5:colcon.colcon_core.verb:set package 'my_bot' build argument 'cmake_target_skip_unavailable' from command line to 'False'
[1.228s] Level 5:colcon.colcon_core.verb:set package 'my_bot' build argument 'cmake_clean_cache' from command line to 'False'
[1.228s] Level 5:colcon.colcon_core.verb:set package 'my_bot' build argument 'cmake_clean_first' from command line to 'False'
[1.228s] Level 5:colcon.colcon_core.verb:set package 'my_bot' build argument 'cmake_force_configure' from command line to 'False'
[1.228s] Level 5:colcon.colcon_core.verb:set package 'my_bot' build argument 'ament_cmake_args' from command line to 'None'
[1.228s] Level 5:colcon.colcon_core.verb:set package 'my_bot' build argument 'catkin_cmake_args' from command line to 'None'
[1.228s] Level 5:colcon.colcon_core.verb:set package 'my_bot' build argument 'catkin_skip_building_tests' from command line to 'False'
[1.228s] DEBUG:colcon.colcon_core.verb:Building package 'my_bot' with the following arguments: {'ament_cmake_args': None, 'build_base': '/home/dj/MREN203/joint_states/mren203-ws/build/my_bot', 'catkin_cmake_args': None, 'catkin_skip_building_tests': False, 'cmake_args': None, 'cmake_clean_cache': False, 'cmake_clean_first': False, 'cmake_force_configure': False, 'cmake_target': None, 'cmake_target_skip_unavailable': False, 'install_base': '/home/dj/MREN203/joint_states/mren203-ws/install/my_bot', 'merge_install': False, 'path': '/home/dj/MREN203/joint_states/mren203-ws/src/my_bot', 'symlink_install': True, 'test_result_base': None}
[1.242s] Level 5:colcon.colcon_core.verb:set package 'rplidar_ros' build argument 'cmake_args' from command line to 'None'
[1.242s] Level 5:colcon.colcon_core.verb:set package 'rplidar_ros' build argument 'cmake_target' from command line to 'None'
[1.242s] Level 5:colcon.colcon_core.verb:set package 'rplidar_ros' build argument 'cmake_target_skip_unavailable' from command line to 'False'
[1.242s] Level 5:colcon.colcon_core.verb:set package 'rplidar_ros' build argument 'cmake_clean_cache' from command line to 'False'
[1.242s] Level 5:colcon.colcon_core.verb:set package 'rplidar_ros' build argument 'cmake_clean_first' from command line to 'False'
[1.242s] Level 5:colcon.colcon_core.verb:set package 'rplidar_ros' build argument 'cmake_force_configure' from command line to 'False'
[1.242s] Level 5:colcon.colcon_core.verb:set package 'rplidar_ros' build argument 'ament_cmake_args' from command line to 'None'
[1.242s] Level 5:colcon.colcon_core.verb:set package 'rplidar_ros' build argument 'catkin_cmake_args' from command line to 'None'
[1.242s] Level 5:colcon.colcon_core.verb:set package 'rplidar_ros' build argument 'catkin_skip_building_tests' from command line to 'False'
[1.242s] DEBUG:colcon.colcon_core.verb:Building package 'rplidar_ros' with the following arguments: {'ament_cmake_args': None, 'build_base': '/home/dj/MREN203/joint_states/mren203-ws/build/rplidar_ros', 'catkin_cmake_args': None, 'catkin_skip_building_tests': False, 'cmake_args': None, 'cmake_clean_cache': False, 'cmake_clean_first': False, 'cmake_force_configure': False, 'cmake_target': None, 'cmake_target_skip_unavailable': False, 'install_base': '/home/dj/MREN203/joint_states/mren203-ws/install/rplidar_ros', 'merge_install': False, 'path': '/home/dj/MREN203/joint_states/mren203-ws/src/rplidar_ros2', 'symlink_install': True, 'test_result_base': None}
[1.255s] Level 5:colcon.colcon_core.verb:set package 'steve_launch' build argument 'cmake_args' from command line to 'None'
[1.255s] Level 5:colcon.colcon_core.verb:set package 'steve_launch' build argument 'cmake_target' from command line to 'None'
[1.255s] Level 5:colcon.colcon_core.verb:set package 'steve_launch' build argument 'cmake_target_skip_unavailable' from command line to 'False'
[1.255s] Level 5:colcon.colcon_core.verb:set package 'steve_launch' build argument 'cmake_clean_cache' from command line to 'False'
[1.255s] Level 5:colcon.colcon_core.verb:set package 'steve_launch' build argument 'cmake_clean_first' from command line to 'False'
[1.255s] Level 5:colcon.colcon_core.verb:set package 'steve_launch' build argument 'cmake_force_configure' from command line to 'False'
[1.255s] Level 5:colcon.colcon_core.verb:set package 'steve_launch' build argument 'ament_cmake_args' from command line to 'None'
[1.255s] Level 5:colcon.colcon_core.verb:set package 'steve_launch' build argument 'catkin_cmake_args' from command line to 'None'
[1.255s] Level 5:colcon.colcon_core.verb:set package 'steve_launch' build argument 'catkin_skip_building_tests' from command line to 'False'
[1.255s] DEBUG:colcon.colcon_core.verb:Building package 'steve_launch' with the following arguments: {'ament_cmake_args': None, 'build_base': '/home/dj/MREN203/joint_states/mren203-ws/build/steve_launch', 'catkin_cmake_args': None, 'catkin_skip_building_tests': False, 'cmake_args': None, 'cmake_clean_cache': False, 'cmake_clean_first': False, 'cmake_force_configure': False, 'cmake_target': None, 'cmake_target_skip_unavailable': False, 'install_base': '/home/dj/MREN203/joint_states/mren203-ws/install/steve_launch', 'merge_install': False, 'path': '/home/dj/MREN203/joint_states/mren203-ws/src/steve_launch', 'symlink_install': True, 'test_result_base': None}
[1.269s] Level 5:colcon.colcon_core.verb:set package 'steve_msgs' build argument 'cmake_args' from command line to 'None'
[1.269s] Level 5:colcon.colcon_core.verb:set package 'steve_msgs' build argument 'cmake_target' from command line to 'None'
[1.269s] Level 5:colcon.colcon_core.verb:set package 'steve_msgs' build argument 'cmake_target_skip_unavailable' from command line to 'False'
[1.269s] Level 5:colcon.colcon_core.verb:set package 'steve_msgs' build argument 'cmake_clean_cache' from command line to 'False'
[1.269s] Level 5:colcon.colcon_core.verb:set package 'steve_msgs' build argument 'cmake_clean_first' from command line to 'False'
[1.269s] Level 5:colcon.colcon_core.verb:set package 'steve_msgs' build argument 'cmake_force_configure' from command line to 'False'
[1.269s] Level 5:colcon.colcon_core.verb:set package 'steve_msgs' build argument 'ament_cmake_args' from command line to 'None'
[1.269s] Level 5:colcon.colcon_core.verb:set package 'steve_msgs' build argument 'catkin_cmake_args' from command line to 'None'
[1.269s] Level 5:colcon.colcon_core.verb:set package 'steve_msgs' build argument 'catkin_skip_building_tests' from command line to 'False'
[1.269s] DEBUG:colcon.colcon_core.verb:Building package 'steve_msgs' with the following arguments: {'ament_cmake_args': None, 'build_base': '/home/dj/MREN203/joint_states/mren203-ws/build/steve_msgs', 'catkin_cmake_args': None, 'catkin_skip_building_tests': False, 'cmake_args': None, 'cmake_clean_cache': False, 'cmake_clean_first': False, 'cmake_force_configure': False, 'cmake_target': None, 'cmake_target_skip_unavailable': False, 'install_base': '/home/dj/MREN203/joint_states/mren203-ws/install/steve_msgs', 'merge_install': False, 'path': '/home/dj/MREN203/joint_states/mren203-ws/src/steve_msgs', 'symlink_install': True, 'test_result_base': None}
[1.283s] Level 5:colcon.colcon_core.verb:set package 'testing' build argument 'cmake_args' from command line to 'None'
[1.283s] Level 5:colcon.colcon_core.verb:set package 'testing' build argument 'cmake_target' from command line to 'None'
[1.283s] Level 5:colcon.colcon_core.verb:set package 'testing' build argument 'cmake_target_skip_unavailable' from command line to 'False'
[1.283s] Level 5:colcon.colcon_core.verb:set package 'testing' build argument 'cmake_clean_cache' from command line to 'False'
[1.283s] Level 5:colcon.colcon_core.verb:set package 'testing' build argument 'cmake_clean_first' from command line to 'False'
[1.283s] Level 5:colcon.colcon_core.verb:set package 'testing' build argument 'cmake_force_configure' from command line to 'False'
[1.283s] Level 5:colcon.colcon_core.verb:set package 'testing' build argument 'ament_cmake_args' from command line to 'None'
[1.283s] Level 5:colcon.colcon_core.verb:set package 'testing' build argument 'catkin_cmake_args' from command line to 'None'
[1.283s] Level 5:colcon.colcon_core.verb:set package 'testing' build argument 'catkin_skip_building_tests' from command line to 'False'
[1.283s] DEBUG:colcon.colcon_core.verb:Building package 'testing' with the following arguments: {'ament_cmake_args': None, 'build_base': '/home/dj/MREN203/joint_states/mren203-ws/build/testing', 'catkin_cmake_args': None, 'catkin_skip_building_tests': False, 'cmake_args': None, 'cmake_clean_cache': False, 'cmake_clean_first': False, 'cmake_force_configure': False, 'cmake_target': None, 'cmake_target_skip_unavailable': False, 'install_base': '/home/dj/MREN203/joint_states/mren203-ws/install/testing', 'merge_install': False, 'path': '/home/dj/MREN203/joint_states/mren203-ws/src/testing', 'symlink_install': True, 'test_result_base': None}
[1.297s] Level 5:colcon.colcon_core.verb:set package 'motor_control' build argument 'cmake_args' from command line to 'None'
[1.297s] Level 5:colcon.colcon_core.verb:set package 'motor_control' build argument 'cmake_target' from command line to 'None'
[1.297s] Level 5:colcon.colcon_core.verb:set package 'motor_control' build argument 'cmake_target_skip_unavailable' from command line to 'False'
[1.297s] Level 5:colcon.colcon_core.verb:set package 'motor_control' build argument 'cmake_clean_cache' from command line to 'False'
[1.297s] Level 5:colcon.colcon_core.verb:set package 'motor_control' build argument 'cmake_clean_first' from command line to 'False'
[1.297s] Level 5:colcon.colcon_core.verb:set package 'motor_control' build argument 'cmake_force_configure' from command line to 'False'
[1.297s] Level 5:colcon.colcon_core.verb:set package 'motor_control' build argument 'ament_cmake_args' from command line to 'None'
[1.297s] Level 5:colcon.colcon_core.verb:set package 'motor_control' build argument 'catkin_cmake_args' from command line to 'None'
[1.297s] Level 5:colcon.colcon_core.verb:set package 'motor_control' build argument 'catkin_skip_building_tests' from command line to 'False'
[1.297s] DEBUG:colcon.colcon_core.verb:Building package 'motor_control' with the following arguments: {'ament_cmake_args': None, 'build_base': '/home/dj/MREN203/joint_states/mren203-ws/build/motor_control', 'catkin_cmake_args': None, 'catkin_skip_building_tests': False, 'cmake_args': None, 'cmake_clean_cache': False, 'cmake_clean_first': False, 'cmake_force_configure': False, 'cmake_target': None, 'cmake_target_skip_unavailable': False, 'install_base': '/home/dj/MREN203/joint_states/mren203-ws/install/motor_control', 'merge_install': False, 'path': '/home/dj/MREN203/joint_states/mren203-ws/src/motor_control', 'symlink_install': True, 'test_result_base': None}
[1.310s] Level 5:colcon.colcon_core.verb:set package 'steve_ui' build argument 'cmake_args' from command line to 'None'
[1.310s] Level 5:colcon.colcon_core.verb:set package 'steve_ui' build argument 'cmake_target' from command line to 'None'
[1.310s] Level 5:colcon.colcon_core.verb:set package 'steve_ui' build argument 'cmake_target_skip_unavailable' from command line to 'False'
[1.310s] Level 5:colcon.colcon_core.verb:set package 'steve_ui' build argument 'cmake_clean_cache' from command line to 'False'
[1.311s] Level 5:colcon.colcon_core.verb:set package 'steve_ui' build argument 'cmake_clean_first' from command line to 'False'
[1.311s] Level 5:colcon.colcon_core.verb:set package 'steve_ui' build argument 'cmake_force_configure' from command line to 'False'
[1.311s] Level 5:colcon.colcon_core.verb:set package 'steve_ui' build argument 'ament_cmake_args' from command line to 'None'
[1.311s] Level 5:colcon.colcon_core.verb:set package 'steve_ui' build argument 'catkin_cmake_args' from command line to 'None'
[1.311s] Level 5:colcon.colcon_core.verb:set package 'steve_ui' build argument 'catkin_skip_building_tests' from command line to 'False'
[1.311s] DEBUG:colcon.colcon_core.verb:Building package 'steve_ui' with the following arguments: {'ament_cmake_args': None, 'build_base': '/home/dj/MREN203/joint_states/mren203-ws/build/steve_ui', 'catkin_cmake_args': None, 'catkin_skip_building_tests': False, 'cmake_args': None, 'cmake_clean_cache': False, 'cmake_clean_first': False, 'cmake_force_configure': False, 'cmake_target': None, 'cmake_target_skip_unavailable': False, 'install_base': '/home/dj/MREN203/joint_states/mren203-ws/install/steve_ui', 'merge_install': False, 'path': '/home/dj/MREN203/joint_states/mren203-ws/src/steve_ui', 'symlink_install': True, 'test_result_base': None}
[1.324s] INFO:colcon.colcon_core.executor:Executing jobs using 'parallel' executor
[1.338s] DEBUG:colcon.colcon_parallel_executor.executor.parallel:run_until_complete
[1.339s] INFO:colcon.colcon_ros.task.ament_cmake.build:Building ROS package in '/home/dj/MREN203/joint_states/mren203-ws/src/steve_msgs' with build type 'ament_cmake'
[1.339s] INFO:colcon.colcon_cmake.task.cmake.build:Building CMake package in '/home/dj/MREN203/joint_states/mren203-ws/src/steve_msgs'
[1.354s] INFO:colcon.colcon_core.plugin_system:Skipping extension 'colcon_core.shell.bat': Not used on non-Windows systems
[1.354s] INFO:colcon.colcon_core.shell:Skip shell extension 'powershell' for command environment: Not usable outside of PowerShell
[1.354s] DEBUG:colcon.colcon_core.shell:Skip shell extension 'dsv' for command environment
[1.400s] INFO:colcon.colcon_ros.task.ament_python.build:Building ROS package in '/home/dj/MREN203/joint_states/mren203-ws/src/joystick_ros2' with build type 'ament_python'
[1.400s] Level 1:colcon.colcon_core.shell:create_environment_hook('joystick_ros2', 'ament_prefix_path')
[1.414s] INFO:colcon.colcon_core.shell:Creating environment hook '/home/dj/MREN203/joint_states/mren203-ws/install/joystick_ros2/share/joystick_ros2/hook/ament_prefix_path.ps1'
[1.415s] INFO:colcon.colcon_core.shell:Creating environment descriptor '/home/dj/MREN203/joint_states/mren203-ws/install/joystick_ros2/share/joystick_ros2/hook/ament_prefix_path.dsv'
[1.415s] INFO:colcon.colcon_core.shell:Creating environment hook '/home/dj/MREN203/joint_states/mren203-ws/install/joystick_ros2/share/joystick_ros2/hook/ament_prefix_path.sh'
[1.431s] INFO:colcon.colcon_core.shell:Skip shell extension 'powershell' for command environment: Not usable outside of PowerShell
[1.431s] DEBUG:colcon.colcon_core.shell:Skip shell extension 'dsv' for command environment
[1.476s] INFO:colcon.colcon_ros.task.ament_cmake.build:Building ROS package in '/home/dj/MREN203/joint_states/mren203-ws/src/my_bot' with build type 'ament_cmake'
[1.476s] INFO:colcon.colcon_cmake.task.cmake.build:Building CMake package in '/home/dj/MREN203/joint_states/mren203-ws/src/my_bot'
[1.492s] INFO:colcon.colcon_core.shell:Skip shell extension 'powershell' for command environment: Not usable outside of PowerShell
[1.492s] DEBUG:colcon.colcon_core.shell:Skip shell extension 'dsv' for command environment
[1.537s] INFO:colcon.colcon_ros.task.ament_cmake.build:Building ROS package in '/home/dj/MREN203/joint_states/mren203-ws/src/rplidar_ros2' with build type 'ament_cmake'
[1.537s] INFO:colcon.colcon_cmake.task.cmake.build:Building CMake package in '/home/dj/MREN203/joint_states/mren203-ws/src/rplidar_ros2'
[1.552s] INFO:colcon.colcon_core.shell:Skip shell extension 'powershell' for command environment: Not usable outside of PowerShell
[1.553s] DEBUG:colcon.colcon_core.shell:Skip shell extension 'dsv' for command environment
[1.599s] INFO:colcon.colcon_ros.task.ament_cmake.build:Building ROS package in '/home/dj/MREN203/joint_states/mren203-ws/src/steve_launch' with build type 'ament_cmake'
[1.599s] INFO:colcon.colcon_cmake.task.cmake.build:Building CMake package in '/home/dj/MREN203/joint_states/mren203-ws/src/steve_launch'
[1.614s] INFO:colcon.colcon_core.shell:Skip shell extension 'powershell' for command environment: Not usable outside of PowerShell
[1.614s] DEBUG:colcon.colcon_core.shell:Skip shell extension 'dsv' for command environment
[1.661s] INFO:colcon.colcon_ros.task.ament_python.build:Building ROS package in '/home/dj/MREN203/joint_states/mren203-ws/src/testing' with build type 'ament_python'
[1.661s] Level 1:colcon.colcon_core.shell:create_environment_hook('testing', 'ament_prefix_path')
[1.676s] INFO:colcon.colcon_core.shell:Creating environment hook '/home/dj/MREN203/joint_states/mren203-ws/install/testing/share/testing/hook/ament_prefix_path.ps1'
[1.676s] INFO:colcon.colcon_core.shell:Creating environment descriptor '/home/dj/MREN203/joint_states/mren203-ws/install/testing/share/testing/hook/ament_prefix_path.dsv'
[1.677s] INFO:colcon.colcon_core.shell:Creating environment hook '/home/dj/MREN203/joint_states/mren203-ws/install/testing/share/testing/hook/ament_prefix_path.sh'
[1.692s] INFO:colcon.colcon_core.shell:Skip shell extension 'powershell' for command environment: Not usable outside of PowerShell
[1.692s] DEBUG:colcon.colcon_core.shell:Skip shell extension 'dsv' for command environment
[1.742s] DEBUG:colcon.colcon_core.event_handler.log_command:Invoking command in '/home/dj/MREN203/joint_states/mren203-ws/build/steve_msgs': CMAKE_PREFIX_PATH=${CMAKE_PREFIX_PATH}:/home/dj/MREN203/joint_states/mren203-ws/install/steve_ui:/home/dj/MREN203/joint_states/mren203-ws/install/motor_control:/home/dj/MREN203/joint_states/mren203-ws/install/joystick_ros2:/opt/ros/humble /usr/bin/cmake --build /home/dj/MREN203/joint_states/mren203-ws/build/steve_msgs -- -j16 -l16
[1.940s] WARNING:colcon.colcon_ros.task.ament_python.build:Package 'joystick_ros2' doesn't explicitly install the 'package.xml' file (colcon-ros currently does it implicitly but that fallback will be removed in the future)
[1.941s] INFO:colcon.colcon_core.task.python.build:Building Python package in '/home/dj/MREN203/joint_states/mren203-ws/src/joystick_ros2'
[1.956s] INFO:colcon.colcon_core.shell:Skip shell extension 'powershell' for command environment: Not usable outside of PowerShell
[1.956s] DEBUG:colcon.colcon_core.shell:Skip shell extension 'dsv' for command environment
[2.006s] DEBUG:colcon.colcon_core.event_handler.log_command:Invoking command in '/home/dj/MREN203/joint_states/mren203-ws/build/my_bot': CMAKE_PREFIX_PATH=${CMAKE_PREFIX_PATH}:/home/dj/MREN203/joint_states/mren203-ws/install/steve_ui:/home/dj/MREN203/joint_states/mren203-ws/install/motor_control:/home/dj/MREN203/joint_states/mren203-ws/install/joystick_ros2:/opt/ros/humble /usr/bin/cmake --build /home/dj/MREN203/joint_states/mren203-ws/build/my_bot -- -j16 -l16
[2.008s] DEBUG:colcon.colcon_core.event_handler.log_command:Invoking command in '/home/dj/MREN203/joint_states/mren203-ws/build/rplidar_ros': CMAKE_PREFIX_PATH=${CMAKE_PREFIX_PATH}:/home/dj/MREN203/joint_states/mren203-ws/install/steve_ui:/home/dj/MREN203/joint_states/mren203-ws/install/motor_control:/home/dj/MREN203/joint_states/mren203-ws/install/joystick_ros2:/opt/ros/humble /usr/bin/cmake --build /home/dj/MREN203/joint_states/mren203-ws/build/rplidar_ros -- -j16 -l16
[2.009s] DEBUG:colcon.colcon_core.event_handler.log_command:Invoking command in '/home/dj/MREN203/joint_states/mren203-ws/build/steve_launch': CMAKE_PREFIX_PATH=${CMAKE_PREFIX_PATH}:/home/dj/MREN203/joint_states/mren203-ws/install/steve_ui:/home/dj/MREN203/joint_states/mren203-ws/install/motor_control:/home/dj/MREN203/joint_states/mren203-ws/install/joystick_ros2:/opt/ros/humble /usr/bin/cmake --build /home/dj/MREN203/joint_states/mren203-ws/build/steve_launch -- -j16 -l16
[2.175s] INFO:colcon.colcon_core.task.python.build:Building Python package in '/home/dj/MREN203/joint_states/mren203-ws/src/testing'
[2.189s] INFO:colcon.colcon_core.shell:Skip shell extension 'powershell' for command environment: Not usable outside of PowerShell
[2.189s] DEBUG:colcon.colcon_core.shell:Skip shell extension 'dsv' for command environment
[2.250s] DEBUG:colcon.colcon_core.event_handler.log_command:Invoked command in '/home/dj/MREN203/joint_states/mren203-ws/build/my_bot' returned '0': CMAKE_PREFIX_PATH=${CMAKE_PREFIX_PATH}:/home/dj/MREN203/joint_states/mren203-ws/install/steve_ui:/home/dj/MREN203/joint_states/mren203-ws/install/motor_control:/home/dj/MREN203/joint_states/mren203-ws/install/joystick_ros2:/opt/ros/humble /usr/bin/cmake --build /home/dj/MREN203/joint_states/mren203-ws/build/my_bot -- -j16 -l16
[2.250s] DEBUG:colcon.colcon_core.event_handler.log_command:Invoked command in '/home/dj/MREN203/joint_states/mren203-ws/build/steve_launch' returned '0': CMAKE_PREFIX_PATH=${CMAKE_PREFIX_PATH}:/home/dj/MREN203/joint_states/mren203-ws/install/steve_ui:/home/dj/MREN203/joint_states/mren203-ws/install/motor_control:/home/dj/MREN203/joint_states/mren203-ws/install/joystick_ros2:/opt/ros/humble /usr/bin/cmake --build /home/dj/MREN203/joint_states/mren203-ws/build/steve_launch -- -j16 -l16
[2.251s] DEBUG:colcon.colcon_core.event_handler.log_command:Invoked command in '/home/dj/MREN203/joint_states/mren203-ws/build/steve_msgs' returned '0': CMAKE_PREFIX_PATH=${CMAKE_PREFIX_PATH}:/home/dj/MREN203/joint_states/mren203-ws/install/steve_ui:/home/dj/MREN203/joint_states/mren203-ws/install/motor_control:/home/dj/MREN203/joint_states/mren203-ws/install/joystick_ros2:/opt/ros/humble /usr/bin/cmake --build /home/dj/MREN203/joint_states/mren203-ws/build/steve_msgs -- -j16 -l16
[2.252s] DEBUG:colcon.colcon_core.event_handler.log_command:Invoked command in '/home/dj/MREN203/joint_states/mren203-ws/build/rplidar_ros' returned '0': CMAKE_PREFIX_PATH=${CMAKE_PREFIX_PATH}:/home/dj/MREN203/joint_states/mren203-ws/install/steve_ui:/home/dj/MREN203/joint_states/mren203-ws/install/motor_control:/home/dj/MREN203/joint_states/mren203-ws/install/joystick_ros2:/opt/ros/humble /usr/bin/cmake --build /home/dj/MREN203/joint_states/mren203-ws/build/rplidar_ros -- -j16 -l16
[2.278s] DEBUG:colcon.colcon_core.event_handler.log_command:Invoking command in '/home/dj/MREN203/joint_states/mren203-ws/build/my_bot': CMAKE_PREFIX_PATH=${CMAKE_PREFIX_PATH}:/home/dj/MREN203/joint_states/mren203-ws/install/steve_ui:/home/dj/MREN203/joint_states/mren203-ws/install/motor_control:/home/dj/MREN203/joint_states/mren203-ws/install/joystick_ros2:/opt/ros/humble /usr/bin/cmake --install /home/dj/MREN203/joint_states/mren203-ws/build/my_bot
[2.280s] DEBUG:colcon.colcon_core.event_handler.log_command:Invoking command in '/home/dj/MREN203/joint_states/mren203-ws/build/steve_launch': CMAKE_PREFIX_PATH=${CMAKE_PREFIX_PATH}:/home/dj/MREN203/joint_states/mren203-ws/install/steve_ui:/home/dj/MREN203/joint_states/mren203-ws/install/motor_control:/home/dj/MREN203/joint_states/mren203-ws/install/joystick_ros2:/opt/ros/humble /usr/bin/cmake --install /home/dj/MREN203/joint_states/mren203-ws/build/steve_launch
[2.289s] DEBUG:colcon.colcon_core.event_handler.log_command:Invoking command in '/home/dj/MREN203/joint_states/mren203-ws/build/rplidar_ros': CMAKE_PREFIX_PATH=${CMAKE_PREFIX_PATH}:/home/dj/MREN203/joint_states/mren203-ws/install/steve_ui:/home/dj/MREN203/joint_states/mren203-ws/install/motor_control:/home/dj/MREN203/joint_states/mren203-ws/install/joystick_ros2:/opt/ros/humble /usr/bin/cmake --install /home/dj/MREN203/joint_states/mren203-ws/build/rplidar_ros
[2.298s] Level 1:colcon.colcon_core.environment:create_environment_scripts_only(steve_launch)
[2.299s] DEBUG:colcon.colcon_core.event_handler.log_command:Invoked command in '/home/dj/MREN203/joint_states/mren203-ws/build/steve_launch' returned '0': CMAKE_PREFIX_PATH=${CMAKE_PREFIX_PATH}:/home/dj/MREN203/joint_states/mren203-ws/install/steve_ui:/home/dj/MREN203/joint_states/mren203-ws/install/motor_control:/home/dj/MREN203/joint_states/mren203-ws/install/joystick_ros2:/opt/ros/humble /usr/bin/cmake --install /home/dj/MREN203/joint_states/mren203-ws/build/steve_launch
[2.319s] Level 1:colcon.colcon_core.environment:checking '/home/dj/MREN203/joint_states/mren203-ws/install/steve_launch' for CMake module files
[2.319s] Level 1:colcon.colcon_core.environment:checking '/home/dj/MREN203/joint_states/mren203-ws/install/steve_launch' for CMake config files
[2.319s] Level 1:colcon.colcon_core.shell:create_environment_hook('steve_launch', 'cmake_prefix_path')
[2.335s] INFO:colcon.colcon_core.shell:Creating environment hook '/home/dj/MREN203/joint_states/mren203-ws/install/steve_launch/share/steve_launch/hook/cmake_prefix_path.ps1'
[2.335s] INFO:colcon.colcon_core.shell:Creating environment descriptor '/home/dj/MREN203/joint_states/mren203-ws/install/steve_launch/share/steve_launch/hook/cmake_prefix_path.dsv'
[2.336s] INFO:colcon.colcon_core.shell:Creating environment hook '/home/dj/MREN203/joint_states/mren203-ws/install/steve_launch/share/steve_launch/hook/cmake_prefix_path.sh'
[2.336s] Level 1:colcon.colcon_core.environment:checking '/home/dj/MREN203/joint_states/mren203-ws/install/steve_launch/bin'
[2.336s] Level 1:colcon.colcon_core.environment:checking '/home/dj/MREN203/joint_states/mren203-ws/install/steve_launch/lib/pkgconfig/steve_launch.pc'
[2.336s] Level 1:colcon.colcon_core.environment:checking '/home/dj/MREN203/joint_states/mren203-ws/install/steve_launch/lib/python3.10/site-packages'
[2.337s] Level 1:colcon.colcon_core.environment:checking '/home/dj/MREN203/joint_states/mren203-ws/install/steve_launch/bin'
[2.352s] INFO:colcon.colcon_core.shell:Creating package script '/home/dj/MREN203/joint_states/mren203-ws/install/steve_launch/share/steve_launch/package.ps1'
[2.353s] INFO:colcon.colcon_core.shell:Creating package descriptor '/home/dj/MREN203/joint_states/mren203-ws/install/steve_launch/share/steve_launch/package.dsv'
[2.353s] INFO:colcon.colcon_core.shell:Creating package script '/home/dj/MREN203/joint_states/mren203-ws/install/steve_launch/share/steve_launch/package.sh'
[2.354s] INFO:colcon.colcon_core.shell:Creating package script '/home/dj/MREN203/joint_states/mren203-ws/install/steve_launch/share/steve_launch/package.bash'
[2.354s] INFO:colcon.colcon_core.shell:Creating package script '/home/dj/MREN203/joint_states/mren203-ws/install/steve_launch/share/steve_launch/package.zsh'
[2.355s] Level 1:colcon.colcon_core.environment:create_file_with_runtime_dependencies(/home/dj/MREN203/joint_states/mren203-ws/install/steve_launch/share/colcon-core/packages/steve_launch)
[2.356s] Level 1:colcon.colcon_core.environment:create_environment_scripts_only(my_bot)
[2.357s] DEBUG:colcon.colcon_core.event_handler.log_command:Invoked command in '/home/dj/MREN203/joint_states/mren203-ws/build/my_bot' returned '0': CMAKE_PREFIX_PATH=${CMAKE_PREFIX_PATH}:/home/dj/MREN203/joint_states/mren203-ws/install/steve_ui:/home/dj/MREN203/joint_states/mren203-ws/install/motor_control:/home/dj/MREN203/joint_states/mren203-ws/install/joystick_ros2:/opt/ros/humble /usr/bin/cmake --install /home/dj/MREN203/joint_states/mren203-ws/build/my_bot
[2.372s] Level 1:colcon.colcon_core.environment:checking '/home/dj/MREN203/joint_states/mren203-ws/install/my_bot' for CMake module files
[2.372s] Level 1:colcon.colcon_core.environment:checking '/home/dj/MREN203/joint_states/mren203-ws/install/my_bot' for CMake config files
[2.372s] Level 1:colcon.colcon_core.shell:create_environment_hook('my_bot', 'cmake_prefix_path')
[2.387s] INFO:colcon.colcon_core.shell:Creating environment hook '/home/dj/MREN203/joint_states/mren203-ws/install/my_bot/share/my_bot/hook/cmake_prefix_path.ps1'
[2.388s] INFO:colcon.colcon_core.shell:Creating environment descriptor '/home/dj/MREN203/joint_states/mren203-ws/install/my_bot/share/my_bot/hook/cmake_prefix_path.dsv'
[2.388s] INFO:colcon.colcon_core.shell:Creating environment hook '/home/dj/MREN203/joint_states/mren203-ws/install/my_bot/share/my_bot/hook/cmake_prefix_path.sh'
[2.388s] Level 1:colcon.colcon_core.environment:checking '/home/dj/MREN203/joint_states/mren203-ws/install/my_bot/bin'
[2.388s] Level 1:colcon.colcon_core.environment:checking '/home/dj/MREN203/joint_states/mren203-ws/install/my_bot/lib/pkgconfig/my_bot.pc'
[2.388s] Level 1:colcon.colcon_core.environment:checking '/home/dj/MREN203/joint_states/mren203-ws/install/my_bot/lib/python3.10/site-packages'
[2.389s] Level 1:colcon.colcon_core.environment:checking '/home/dj/MREN203/joint_states/mren203-ws/install/my_bot/bin'
[2.403s] INFO:colcon.colcon_core.shell:Creating package script '/home/dj/MREN203/joint_states/mren203-ws/install/my_bot/share/my_bot/package.ps1'
[2.403s] INFO:colcon.colcon_core.shell:Creating package descriptor '/home/dj/MREN203/joint_states/mren203-ws/install/my_bot/share/my_bot/package.dsv'
[2.403s] INFO:colcon.colcon_core.shell:Creating package script '/home/dj/MREN203/joint_states/mren203-ws/install/my_bot/share/my_bot/package.sh'
[2.403s] INFO:colcon.colcon_core.shell:Creating package script '/home/dj/MREN203/joint_states/mren203-ws/install/my_bot/share/my_bot/package.bash'
[2.404s] INFO:colcon.colcon_core.shell:Creating package script '/home/dj/MREN203/joint_states/mren203-ws/install/my_bot/share/my_bot/package.zsh'
[2.404s] Level 1:colcon.colcon_core.environment:create_file_with_runtime_dependencies(/home/dj/MREN203/joint_states/mren203-ws/install/my_bot/share/colcon-core/packages/my_bot)
[2.405s] Level 1:colcon.colcon_core.environment:create_environment_scripts_only(rplidar_ros)
[2.405s] DEBUG:colcon.colcon_core.event_handler.log_command:Invoked command in '/home/dj/MREN203/joint_states/mren203-ws/build/rplidar_ros' returned '0': CMAKE_PREFIX_PATH=${CMAKE_PREFIX_PATH}:/home/dj/MREN203/joint_states/mren203-ws/install/steve_ui:/home/dj/MREN203/joint_states/mren203-ws/install/motor_control:/home/dj/MREN203/joint_states/mren203-ws/install/joystick_ros2:/opt/ros/humble /usr/bin/cmake --install /home/dj/MREN203/joint_states/mren203-ws/build/rplidar_ros
[2.420s] Level 1:colcon.colcon_core.environment:checking '/home/dj/MREN203/joint_states/mren203-ws/install/rplidar_ros' for CMake module files
[2.420s] Level 1:colcon.colcon_core.environment:checking '/home/dj/MREN203/joint_states/mren203-ws/install/rplidar_ros' for CMake config files
[2.420s] Level 1:colcon.colcon_core.shell:create_environment_hook('rplidar_ros', 'cmake_prefix_path')
[2.435s] INFO:colcon.colcon_core.shell:Creating environment hook '/home/dj/MREN203/joint_states/mren203-ws/install/rplidar_ros/share/rplidar_ros/hook/cmake_prefix_path.ps1'
[2.435s] INFO:colcon.colcon_core.shell:Creating environment descriptor '/home/dj/MREN203/joint_states/mren203-ws/install/rplidar_ros/share/rplidar_ros/hook/cmake_prefix_path.dsv'
[2.435s] INFO:colcon.colcon_core.shell:Creating environment hook '/home/dj/MREN203/joint_states/mren203-ws/install/rplidar_ros/share/rplidar_ros/hook/cmake_prefix_path.sh'
[2.436s] Level 1:colcon.colcon_core.environment:checking '/home/dj/MREN203/joint_states/mren203-ws/install/rplidar_ros/lib'
[2.436s] Level 1:colcon.colcon_core.shell:create_environment_hook('rplidar_ros', 'ld_library_path_lib')
[2.451s] INFO:colcon.colcon_core.shell:Creating environment hook '/home/dj/MREN203/joint_states/mren203-ws/install/rplidar_ros/share/rplidar_ros/hook/ld_library_path_lib.ps1'
[2.451s] INFO:colcon.colcon_core.shell:Creating environment descriptor '/home/dj/MREN203/joint_states/mren203-ws/install/rplidar_ros/share/rplidar_ros/hook/ld_library_path_lib.dsv'
[2.452s] INFO:colcon.colcon_core.shell:Creating environment hook '/home/dj/MREN203/joint_states/mren203-ws/install/rplidar_ros/share/rplidar_ros/hook/ld_library_path_lib.sh'
[2.452s] Level 1:colcon.colcon_core.environment:checking '/home/dj/MREN203/joint_states/mren203-ws/install/rplidar_ros/bin'
[2.452s] Level 1:colcon.colcon_core.environment:checking '/home/dj/MREN203/joint_states/mren203-ws/install/rplidar_ros/lib/pkgconfig/rplidar_ros.pc'
[2.452s] Level 1:colcon.colcon_core.environment:checking '/home/dj/MREN203/joint_states/mren203-ws/install/rplidar_ros/lib/python3.10/site-packages'
[2.452s] Level 1:colcon.colcon_core.environment:checking '/home/dj/MREN203/joint_states/mren203-ws/install/rplidar_ros/bin'
[2.466s] INFO:colcon.colcon_core.shell:Creating package script '/home/dj/MREN203/joint_states/mren203-ws/install/rplidar_ros/share/rplidar_ros/package.ps1'
[2.467s] INFO:colcon.colcon_core.shell:Creating package descriptor '/home/dj/MREN203/joint_states/mren203-ws/install/rplidar_ros/share/rplidar_ros/package.dsv'
[2.467s] INFO:colcon.colcon_core.shell:Creating package script '/home/dj/MREN203/joint_states/mren203-ws/install/rplidar_ros/share/rplidar_ros/package.sh'
[2.468s] INFO:colcon.colcon_core.shell:Creating package script '/home/dj/MREN203/joint_states/mren203-ws/install/rplidar_ros/share/rplidar_ros/package.bash'
[2.468s] INFO:colcon.colcon_core.shell:Creating package script '/home/dj/MREN203/joint_states/mren203-ws/install/rplidar_ros/share/rplidar_ros/package.zsh'
[2.468s] Level 1:colcon.colcon_core.environment:create_file_with_runtime_dependencies(/home/dj/MREN203/joint_states/mren203-ws/install/rplidar_ros/share/colcon-core/packages/rplidar_ros)
[2.471s] DEBUG:colcon.colcon_core.event_handler.log_command:Invoking command in '/home/dj/MREN203/joint_states/mren203-ws/build/steve_msgs': CMAKE_PREFIX_PATH=${CMAKE_PREFIX_PATH}:/home/dj/MREN203/joint_states/mren203-ws/install/steve_ui:/home/dj/MREN203/joint_states/mren203-ws/install/motor_control:/home/dj/MREN203/joint_states/mren203-ws/install/joystick_ros2:/opt/ros/humble /usr/bin/cmake --install /home/dj/MREN203/joint_states/mren203-ws/build/steve_msgs
[2.486s] Level 1:colcon.colcon_core.environment:create_environment_scripts_only(steve_launch)
[2.501s] Level 1:colcon.colcon_core.environment:checking '/home/dj/MREN203/joint_states/mren203-ws/install/steve_launch' for CMake module files
[2.501s] Level 1:colcon.colcon_core.environment:checking '/home/dj/MREN203/joint_states/mren203-ws/install/steve_launch' for CMake config files
[2.501s] Level 1:colcon.colcon_core.shell:create_environment_hook('steve_launch', 'cmake_prefix_path')
[2.516s] INFO:colcon.colcon_core.shell:Creating environment hook '/home/dj/MREN203/joint_states/mren203-ws/install/steve_launch/share/steve_launch/hook/cmake_prefix_path.ps1'
[2.517s] INFO:colcon.colcon_core.shell:Creating environment descriptor '/home/dj/MREN203/joint_states/mren203-ws/install/steve_launch/share/steve_launch/hook/cmake_prefix_path.dsv'
[2.517s] INFO:colcon.colcon_core.shell:Creating environment hook '/home/dj/MREN203/joint_states/mren203-ws/install/steve_launch/share/steve_launch/hook/cmake_prefix_path.sh'
[2.517s] Level 1:colcon.colcon_core.environment:checking '/home/dj/MREN203/joint_states/mren203-ws/install/steve_launch/bin'
[2.517s] Level 1:colcon.colcon_core.environment:checking '/home/dj/MREN203/joint_states/mren203-ws/install/steve_launch/lib/pkgconfig/steve_launch.pc'
[2.518s] Level 1:colcon.colcon_core.environment:checking '/home/dj/MREN203/joint_states/mren203-ws/install/steve_launch/lib/python3.10/site-packages'
[2.518s] Level 1:colcon.colcon_core.environment:checking '/home/dj/MREN203/joint_states/mren203-ws/install/steve_launch/bin'
[2.532s] INFO:colcon.colcon_core.shell:Creating package script '/home/dj/MREN203/joint_states/mren203-ws/install/steve_launch/share/steve_launch/package.ps1'
[2.532s] INFO:colcon.colcon_core.shell:Creating package descriptor '/home/dj/MREN203/joint_states/mren203-ws/install/steve_launch/share/steve_launch/package.dsv'
[2.533s] INFO:colcon.colcon_core.shell:Creating package script '/home/dj/MREN203/joint_states/mren203-ws/install/steve_launch/share/steve_launch/package.sh'
[2.533s] INFO:colcon.colcon_core.shell:Creating package script '/home/dj/MREN203/joint_states/mren203-ws/install/steve_launch/share/steve_launch/package.bash'
[2.533s] INFO:colcon.colcon_core.shell:Creating package script '/home/dj/MREN203/joint_states/mren203-ws/install/steve_launch/share/steve_launch/package.zsh'
[2.533s] Level 1:colcon.colcon_core.environment:create_file_with_runtime_dependencies(/home/dj/MREN203/joint_states/mren203-ws/install/steve_launch/share/colcon-core/packages/steve_launch)
[2.549s] Level 1:colcon.colcon_core.environment:create_environment_scripts_only(my_bot)
[2.564s] Level 1:colcon.colcon_core.environment:checking '/home/dj/MREN203/joint_states/mren203-ws/install/my_bot' for CMake module files
[2.564s] Level 1:colcon.colcon_core.environment:checking '/home/dj/MREN203/joint_states/mren203-ws/install/my_bot' for CMake config files
[2.564s] Level 1:colcon.colcon_core.shell:create_environment_hook('my_bot', 'cmake_prefix_path')
[2.579s] INFO:colcon.colcon_core.shell:Creating environment hook '/home/dj/MREN203/joint_states/mren203-ws/install/my_bot/share/my_bot/hook/cmake_prefix_path.ps1'
[2.580s] INFO:colcon.colcon_core.shell:Creating environment descriptor '/home/dj/MREN203/joint_states/mren203-ws/install/my_bot/share/my_bot/hook/cmake_prefix_path.dsv'
[2.580s] INFO:colcon.colcon_core.shell:Creating environment hook '/home/dj/MREN203/joint_states/mren203-ws/install/my_bot/share/my_bot/hook/cmake_prefix_path.sh'
[2.580s] Level 1:colcon.colcon_core.environment:checking '/home/dj/MREN203/joint_states/mren203-ws/install/my_bot/bin'
[2.580s] Level 1:colcon.colcon_core.environment:checking '/home/dj/MREN203/joint_states/mren203-ws/install/my_bot/lib/pkgconfig/my_bot.pc'
[2.581s] Level 1:colcon.colcon_core.environment:checking '/home/dj/MREN203/joint_states/mren203-ws/install/my_bot/lib/python3.10/site-packages'
[2.581s] Level 1:colcon.colcon_core.environment:checking '/home/dj/MREN203/joint_states/mren203-ws/install/my_bot/bin'
[2.595s] INFO:colcon.colcon_core.shell:Creating package script '/home/dj/MREN203/joint_states/mren203-ws/install/my_bot/share/my_bot/package.ps1'
[2.596s] INFO:colcon.colcon_core.shell:Creating package descriptor '/home/dj/MREN203/joint_states/mren203-ws/install/my_bot/share/my_bot/package.dsv'
[2.596s] INFO:colcon.colcon_core.shell:Creating package script '/home/dj/MREN203/joint_states/mren203-ws/install/my_bot/share/my_bot/package.sh'
[2.596s] INFO:colcon.colcon_core.shell:Creating package script '/home/dj/MREN203/joint_states/mren203-ws/install/my_bot/share/my_bot/package.bash'
[2.596s] INFO:colcon.colcon_core.shell:Creating package script '/home/dj/MREN203/joint_states/mren203-ws/install/my_bot/share/my_bot/package.zsh'
[2.597s] Level 1:colcon.colcon_core.environment:create_file_with_runtime_dependencies(/home/dj/MREN203/joint_states/mren203-ws/install/my_bot/share/colcon-core/packages/my_bot)
[2.622s] Level 1:colcon.colcon_core.environment:create_environment_scripts_only(rplidar_ros)
[2.640s] Level 1:colcon.colcon_core.environment:checking '/home/dj/MREN203/joint_states/mren203-ws/install/rplidar_ros' for CMake module files
[2.641s] Level 1:colcon.colcon_core.environment:checking '/home/dj/MREN203/joint_states/mren203-ws/install/rplidar_ros' for CMake config files
[2.642s] Level 1:colcon.colcon_core.shell:create_environment_hook('rplidar_ros', 'cmake_prefix_path')
[2.657s] INFO:colcon.colcon_core.shell:Creating environment hook '/home/dj/MREN203/joint_states/mren203-ws/install/rplidar_ros/share/rplidar_ros/hook/cmake_prefix_path.ps1'
[2.657s] INFO:colcon.colcon_core.shell:Creating environment descriptor '/home/dj/MREN203/joint_states/mren203-ws/install/rplidar_ros/share/rplidar_ros/hook/cmake_prefix_path.dsv'
[2.657s] INFO:colcon.colcon_core.shell:Creating environment hook '/home/dj/MREN203/joint_states/mren203-ws/install/rplidar_ros/share/rplidar_ros/hook/cmake_prefix_path.sh'
[2.658s] Level 1:colcon.colcon_core.environment:checking '/home/dj/MREN203/joint_states/mren203-ws/install/rplidar_ros/lib'
[2.658s] Level 1:colcon.colcon_core.shell:create_environment_hook('rplidar_ros', 'ld_library_path_lib')
[2.675s] INFO:colcon.colcon_core.shell:Creating environment hook '/home/dj/MREN203/joint_states/mren203-ws/install/rplidar_ros/share/rplidar_ros/hook/ld_library_path_lib.ps1'
[2.676s] INFO:colcon.colcon_core.shell:Creating environment descriptor '/home/dj/MREN203/joint_states/mren203-ws/install/rplidar_ros/share/rplidar_ros/hook/ld_library_path_lib.dsv'
[2.676s] INFO:colcon.colcon_core.shell:Creating environment hook '/home/dj/MREN203/joint_states/mren203-ws/install/rplidar_ros/share/rplidar_ros/hook/ld_library_path_lib.sh'
[2.676s] Level 1:colcon.colcon_core.environment:checking '/home/dj/MREN203/joint_states/mren203-ws/install/rplidar_ros/bin'
[2.676s] Level 1:colcon.colcon_core.environment:checking '/home/dj/MREN203/joint_states/mren203-ws/install/rplidar_ros/lib/pkgconfig/rplidar_ros.pc'
[2.676s] Level 1:colcon.colcon_core.environment:checking '/home/dj/MREN203/joint_states/mren203-ws/install/rplidar_ros/lib/python3.10/site-packages'
[2.677s] Level 1:colcon.colcon_core.environment:checking '/home/dj/MREN203/joint_states/mren203-ws/install/rplidar_ros/bin'
[2.691s] INFO:colcon.colcon_core.shell:Creating package script '/home/dj/MREN203/joint_states/mren203-ws/install/rplidar_ros/share/rplidar_ros/package.ps1'
[2.691s] INFO:colcon.colcon_core.shell:Creating package descriptor '/home/dj/MREN203/joint_states/mren203-ws/install/rplidar_ros/share/rplidar_ros/package.dsv'
[2.692s] INFO:colcon.colcon_core.shell:Creating package script '/home/dj/MREN203/joint_states/mren203-ws/install/rplidar_ros/share/rplidar_ros/package.sh'
[2.692s] INFO:colcon.colcon_core.shell:Creating package script '/home/dj/MREN203/joint_states/mren203-ws/install/rplidar_ros/share/rplidar_ros/package.bash'
[2.692s] INFO:colcon.colcon_core.shell:Creating package script '/home/dj/MREN203/joint_states/mren203-ws/install/rplidar_ros/share/rplidar_ros/package.zsh'
[2.692s] Level 1:colcon.colcon_core.environment:create_file_with_runtime_dependencies(/home/dj/MREN203/joint_states/mren203-ws/install/rplidar_ros/share/colcon-core/packages/rplidar_ros)
[2.694s] Level 1:colcon.colcon_core.environment:create_environment_scripts_only(steve_msgs)
[2.694s] DEBUG:colcon.colcon_core.event_handler.log_command:Invoked command in '/home/dj/MREN203/joint_states/mren203-ws/build/steve_msgs' returned '0': CMAKE_PREFIX_PATH=${CMAKE_PREFIX_PATH}:/home/dj/MREN203/joint_states/mren203-ws/install/steve_ui:/home/dj/MREN203/joint_states/mren203-ws/install/motor_control:/home/dj/MREN203/joint_states/mren203-ws/install/joystick_ros2:/opt/ros/humble /usr/bin/cmake --install /home/dj/MREN203/joint_states/mren203-ws/build/steve_msgs
[2.710s] Level 1:colcon.colcon_core.environment:checking '/home/dj/MREN203/joint_states/mren203-ws/install/steve_msgs' for CMake module files
[2.711s] Level 1:colcon.colcon_core.environment:checking '/home/dj/MREN203/joint_states/mren203-ws/install/steve_msgs' for CMake config files
[2.711s] Level 1:colcon.colcon_core.shell:create_environment_hook('steve_msgs', 'cmake_prefix_path')
[2.726s] INFO:colcon.colcon_core.shell:Creating environment hook '/home/dj/MREN203/joint_states/mren203-ws/install/steve_msgs/share/steve_msgs/hook/cmake_prefix_path.ps1'
[2.726s] INFO:colcon.colcon_core.shell:Creating environment descriptor '/home/dj/MREN203/joint_states/mren203-ws/install/steve_msgs/share/steve_msgs/hook/cmake_prefix_path.dsv'
[2.726s] INFO:colcon.colcon_core.shell:Creating environment hook '/home/dj/MREN203/joint_states/mren203-ws/install/steve_msgs/share/steve_msgs/hook/cmake_prefix_path.sh'
[2.727s] Level 1:colcon.colcon_core.environment:checking '/home/dj/MREN203/joint_states/mren203-ws/install/steve_msgs/lib'
[2.727s] Level 1:colcon.colcon_core.shell:create_environment_hook('steve_msgs', 'ld_library_path_lib')
[2.744s] INFO:colcon.colcon_core.shell:Creating environment hook '/home/dj/MREN203/joint_states/mren203-ws/install/steve_msgs/share/steve_msgs/hook/ld_library_path_lib.ps1'
[2.745s] INFO:colcon.colcon_core.shell:Creating environment descriptor '/home/dj/MREN203/joint_states/mren203-ws/install/steve_msgs/share/steve_msgs/hook/ld_library_path_lib.dsv'
[2.745s] INFO:colcon.colcon_core.shell:Creating environment hook '/home/dj/MREN203/joint_states/mren203-ws/install/steve_msgs/share/steve_msgs/hook/ld_library_path_lib.sh'
[2.745s] Level 1:colcon.colcon_core.environment:checking '/home/dj/MREN203/joint_states/mren203-ws/install/steve_msgs/bin'
[2.745s] Level 1:colcon.colcon_core.environment:checking '/home/dj/MREN203/joint_states/mren203-ws/install/steve_msgs/lib/pkgconfig/steve_msgs.pc'
[2.746s] Level 1:colcon.colcon_core.environment:checking '/home/dj/MREN203/joint_states/mren203-ws/install/steve_msgs/lib/python3.10/site-packages'
[2.746s] Level 1:colcon.colcon_core.environment:checking '/home/dj/MREN203/joint_states/mren203-ws/install/steve_msgs/bin'
[2.761s] INFO:colcon.colcon_core.shell:Creating package script '/home/dj/MREN203/joint_states/mren203-ws/install/steve_msgs/share/steve_msgs/package.ps1'
[2.761s] INFO:colcon.colcon_core.shell:Creating package descriptor '/home/dj/MREN203/joint_states/mren203-ws/install/steve_msgs/share/steve_msgs/package.dsv'
[2.761s] INFO:colcon.colcon_core.shell:Creating package script '/home/dj/MREN203/joint_states/mren203-ws/install/steve_msgs/share/steve_msgs/package.sh'
[2.762s] INFO:colcon.colcon_core.shell:Creating package script '/home/dj/MREN203/joint_states/mren203-ws/install/steve_msgs/share/steve_msgs/package.bash'
[2.762s] INFO:colcon.colcon_core.shell:Creating package script '/home/dj/MREN203/joint_states/mren203-ws/install/steve_msgs/share/steve_msgs/package.zsh'
[2.762s] Level 1:colcon.colcon_core.environment:create_file_with_runtime_dependencies(/home/dj/MREN203/joint_states/mren203-ws/install/steve_msgs/share/colcon-core/packages/steve_msgs)
[2.773s] DEBUG:colcon.colcon_core.event_handler.log_command:Invoking command in '/home/dj/MREN203/joint_states/mren203-ws/build/joystick_ros2': PYTHONPATH=/home/dj/MREN203/joint_states/mren203-ws/build/joystick_ros2/prefix_override:/home/dj/MREN203/joint_states/mren203-ws/install/joystick_ros2/lib/python3.10/site-packages:${PYTHONPATH} /usr/bin/python3 setup.py develop --editable --build-directory /home/dj/MREN203/joint_states/mren203-ws/build/joystick_ros2/build --no-deps install_data
[2.774s] DEBUG:colcon.colcon_core.event_handler.log_command:Invoking command in '/home/dj/MREN203/joint_states/mren203-ws/build/testing': PYTHONPATH=/home/dj/MREN203/joint_states/mren203-ws/build/testing/prefix_override:/home/dj/MREN203/joint_states/mren203-ws/install/testing/lib/python3.10/site-packages:${PYTHONPATH} /usr/bin/python3 setup.py develop --editable --build-directory /home/dj/MREN203/joint_states/mren203-ws/build/testing/build --no-deps install_data
[2.950s] Level 1:colcon.colcon_core.environment:create_environment_scripts_only(steve_msgs)
[2.966s] Level 1:colcon.colcon_core.environment:checking '/home/dj/MREN203/joint_states/mren203-ws/install/steve_msgs' for CMake module files
[2.967s] Level 1:colcon.colcon_core.environment:checking '/home/dj/MREN203/joint_states/mren203-ws/install/steve_msgs' for CMake config files
[2.967s] Level 1:colcon.colcon_core.shell:create_environment_hook('steve_msgs', 'cmake_prefix_path')
[2.981s] INFO:colcon.colcon_core.shell:Creating environment hook '/home/dj/MREN203/joint_states/mren203-ws/install/steve_msgs/share/steve_msgs/hook/cmake_prefix_path.ps1'
[2.982s] INFO:colcon.colcon_core.shell:Creating environment descriptor '/home/dj/MREN203/joint_states/mren203-ws/install/steve_msgs/share/steve_msgs/hook/cmake_prefix_path.dsv'
[2.982s] INFO:colcon.colcon_core.shell:Creating environment hook '/home/dj/MREN203/joint_states/mren203-ws/install/steve_msgs/share/steve_msgs/hook/cmake_prefix_path.sh'
[2.983s] Level 1:colcon.colcon_core.environment:checking '/home/dj/MREN203/joint_states/mren203-ws/install/steve_msgs/lib'
[2.983s] Level 1:colcon.colcon_core.shell:create_environment_hook('steve_msgs', 'ld_library_path_lib')
[2.999s] INFO:colcon.colcon_core.shell:Creating environment hook '/home/dj/MREN203/joint_states/mren203-ws/install/steve_msgs/share/steve_msgs/hook/ld_library_path_lib.ps1'
[3.000s] INFO:colcon.colcon_core.shell:Creating environment descriptor '/home/dj/MREN203/joint_states/mren203-ws/install/steve_msgs/share/steve_msgs/hook/ld_library_path_lib.dsv'
[3.000s] INFO:colcon.colcon_core.shell:Creating environment hook '/home/dj/MREN203/joint_states/mren203-ws/install/steve_msgs/share/steve_msgs/hook/ld_library_path_lib.sh'
[3.000s] Level 1:colcon.colcon_core.environment:checking '/home/dj/MREN203/joint_states/mren203-ws/install/steve_msgs/bin'
[3.000s] Level 1:colcon.colcon_core.environment:checking '/home/dj/MREN203/joint_states/mren203-ws/install/steve_msgs/lib/pkgconfig/steve_msgs.pc'
[3.001s] Level 1:colcon.colcon_core.environment:checking '/home/dj/MREN203/joint_states/mren203-ws/install/steve_msgs/lib/python3.10/site-packages'
[3.001s] Level 1:colcon.colcon_core.environment:checking '/home/dj/MREN203/joint_states/mren203-ws/install/steve_msgs/bin'
[3.015s] INFO:colcon.colcon_core.shell:Creating package script '/home/dj/MREN203/joint_states/mren203-ws/install/steve_msgs/share/steve_msgs/package.ps1'
[3.016s] INFO:colcon.colcon_core.shell:Creating package descriptor '/home/dj/MREN203/joint_states/mren203-ws/install/steve_msgs/share/steve_msgs/package.dsv'
[3.016s] INFO:colcon.colcon_core.shell:Creating package script '/home/dj/MREN203/joint_states/mren203-ws/install/steve_msgs/share/steve_msgs/package.sh'
[3.016s] INFO:colcon.colcon_core.shell:Creating package script '/home/dj/MREN203/joint_states/mren203-ws/install/steve_msgs/share/steve_msgs/package.bash'
[3.016s] INFO:colcon.colcon_core.shell:Creating package script '/home/dj/MREN203/joint_states/mren203-ws/install/steve_msgs/share/steve_msgs/package.zsh'
[3.017s] Level 1:colcon.colcon_core.environment:create_file_with_runtime_dependencies(/home/dj/MREN203/joint_states/mren203-ws/install/steve_msgs/share/colcon-core/packages/steve_msgs)
[3.017s] INFO:colcon.colcon_ros.task.ament_python.build:Building ROS package in '/home/dj/MREN203/joint_states/mren203-ws/src/motor_control' with build type 'ament_python'
[3.017s] Level 1:colcon.colcon_core.shell:create_environment_hook('motor_control', 'ament_prefix_path')
[3.034s] INFO:colcon.colcon_core.shell:Creating environment hook '/home/dj/MREN203/joint_states/mren203-ws/install/motor_control/share/motor_control/hook/ament_prefix_path.ps1'
[3.035s] INFO:colcon.colcon_core.shell:Creating environment descriptor '/home/dj/MREN203/joint_states/mren203-ws/install/motor_control/share/motor_control/hook/ament_prefix_path.dsv'
[3.035s] INFO:colcon.colcon_core.shell:Creating environment hook '/home/dj/MREN203/joint_states/mren203-ws/install/motor_control/share/motor_control/hook/ament_prefix_path.sh'
[3.050s] INFO:colcon.colcon_core.shell:Skip shell extension 'powershell' for command environment: Not usable outside of PowerShell
[3.050s] DEBUG:colcon.colcon_core.shell:Skip shell extension 'dsv' for command environment
[3.104s] INFO:colcon.colcon_ros.task.ament_python.build:Building ROS package in '/home/dj/MREN203/joint_states/mren203-ws/src/steve_ui' with build type 'ament_python'
[3.104s] Level 1:colcon.colcon_core.shell:create_environment_hook('steve_ui', 'ament_prefix_path')
[3.118s] INFO:colcon.colcon_core.shell:Creating environment hook '/home/dj/MREN203/joint_states/mren203-ws/install/steve_ui/share/steve_ui/hook/ament_prefix_path.ps1'
[3.119s] INFO:colcon.colcon_core.shell:Creating environment descriptor '/home/dj/MREN203/joint_states/mren203-ws/install/steve_ui/share/steve_ui/hook/ament_prefix_path.dsv'
[3.119s] INFO:colcon.colcon_core.shell:Creating environment hook '/home/dj/MREN203/joint_states/mren203-ws/install/steve_ui/share/steve_ui/hook/ament_prefix_path.sh'
[3.133s] INFO:colcon.colcon_core.shell:Skip shell extension 'powershell' for command environment: Not usable outside of PowerShell
[3.134s] DEBUG:colcon.colcon_core.shell:Skip shell extension 'dsv' for command environment
[3.335s] INFO:colcon.colcon_core.task.python.build:Building Python package in '/home/dj/MREN203/joint_states/mren203-ws/src/motor_control'
[3.350s] INFO:colcon.colcon_core.shell:Skip shell extension 'powershell' for command environment: Not usable outside of PowerShell
[3.350s] DEBUG:colcon.colcon_core.shell:Skip shell extension 'dsv' for command environment
[3.548s] INFO:colcon.colcon_core.task.python.build:Building Python package in '/home/dj/MREN203/joint_states/mren203-ws/src/steve_ui'
[3.562s] INFO:colcon.colcon_core.shell:Skip shell extension 'powershell' for command environment: Not usable outside of PowerShell
[3.562s] DEBUG:colcon.colcon_core.shell:Skip shell extension 'dsv' for command environment
[3.607s] Level 1:colcon.colcon_core.shell:create_environment_hook('joystick_ros2', 'pythonpath_develop')
[3.608s] DEBUG:colcon.colcon_core.event_handler.log_command:Invoked command in '/home/dj/MREN203/joint_states/mren203-ws/build/joystick_ros2' returned '0': PYTHONPATH=/home/dj/MREN203/joint_states/mren203-ws/build/joystick_ros2/prefix_override:/home/dj/MREN203/joint_states/mren203-ws/install/joystick_ros2/lib/python3.10/site-packages:${PYTHONPATH} /usr/bin/python3 setup.py develop --editable --build-directory /home/dj/MREN203/joint_states/mren203-ws/build/joystick_ros2/build --no-deps install_data
[3.621s] INFO:colcon.colcon_core.shell:Creating environment hook '/home/dj/MREN203/joint_states/mren203-ws/build/joystick_ros2/share/joystick_ros2/hook/pythonpath_develop.ps1'
[3.622s] INFO:colcon.colcon_core.shell:Creating environment descriptor '/home/dj/MREN203/joint_states/mren203-ws/build/joystick_ros2/share/joystick_ros2/hook/pythonpath_develop.dsv'
[3.622s] INFO:colcon.colcon_core.shell:Creating environment hook '/home/dj/MREN203/joint_states/mren203-ws/build/joystick_ros2/share/joystick_ros2/hook/pythonpath_develop.sh'
[3.636s] Level 1:colcon.colcon_core.environment:checking '/home/dj/MREN203/joint_states/mren203-ws/install/joystick_ros2' for CMake module files
[3.636s] Level 1:colcon.colcon_core.environment:checking '/home/dj/MREN203/joint_states/mren203-ws/install/joystick_ros2' for CMake config files
[3.636s] Level 1:colcon.colcon_core.environment:checking '/home/dj/MREN203/joint_states/mren203-ws/install/joystick_ros2/lib'
[3.637s] Level 1:colcon.colcon_core.environment:checking '/home/dj/MREN203/joint_states/mren203-ws/install/joystick_ros2/bin'
[3.637s] Level 1:colcon.colcon_core.environment:checking '/home/dj/MREN203/joint_states/mren203-ws/install/joystick_ros2/lib/pkgconfig/joystick_ros2.pc'
[3.637s] Level 1:colcon.colcon_core.environment:checking '/home/dj/MREN203/joint_states/mren203-ws/install/joystick_ros2/lib/python3.10/site-packages'
[3.637s] Level 1:colcon.colcon_core.shell:create_environment_hook('joystick_ros2', 'pythonpath')
[3.651s] INFO:colcon.colcon_core.shell:Creating environment hook '/home/dj/MREN203/joint_states/mren203-ws/install/joystick_ros2/share/joystick_ros2/hook/pythonpath.ps1'
[3.651s] INFO:colcon.colcon_core.shell:Creating environment descriptor '/home/dj/MREN203/joint_states/mren203-ws/install/joystick_ros2/share/joystick_ros2/hook/pythonpath.dsv'
[3.651s] INFO:colcon.colcon_core.shell:Creating environment hook '/home/dj/MREN203/joint_states/mren203-ws/install/joystick_ros2/share/joystick_ros2/hook/pythonpath.sh'
[3.651s] Level 1:colcon.colcon_core.environment:checking '/home/dj/MREN203/joint_states/mren203-ws/install/joystick_ros2/bin'
[3.651s] Level 1:colcon.colcon_core.environment:create_environment_scripts_only(joystick_ros2)
[3.665s] INFO:colcon.colcon_core.shell:Creating package script '/home/dj/MREN203/joint_states/mren203-ws/install/joystick_ros2/share/joystick_ros2/package.ps1'
[3.666s] INFO:colcon.colcon_core.shell:Creating package descriptor '/home/dj/MREN203/joint_states/mren203-ws/install/joystick_ros2/share/joystick_ros2/package.dsv'
[3.666s] INFO:colcon.colcon_core.shell:Creating package script '/home/dj/MREN203/joint_states/mren203-ws/install/joystick_ros2/share/joystick_ros2/package.sh'
[3.666s] INFO:colcon.colcon_core.shell:Creating package script '/home/dj/MREN203/joint_states/mren203-ws/install/joystick_ros2/share/joystick_ros2/package.bash'
[3.667s] INFO:colcon.colcon_core.shell:Creating package script '/home/dj/MREN203/joint_states/mren203-ws/install/joystick_ros2/share/joystick_ros2/package.zsh'
[3.667s] Level 1:colcon.colcon_core.environment:create_file_with_runtime_dependencies(/home/dj/MREN203/joint_states/mren203-ws/install/joystick_ros2/share/colcon-core/packages/joystick_ros2)
[3.667s] Level 1:colcon.colcon_core.shell:create_environment_hook('testing', 'pythonpath_develop')
[3.669s] DEBUG:colcon.colcon_core.event_handler.log_command:Invoked command in '/home/dj/MREN203/joint_states/mren203-ws/build/testing' returned '0': PYTHONPATH=/home/dj/MREN203/joint_states/mren203-ws/build/testing/prefix_override:/home/dj/MREN203/joint_states/mren203-ws/install/testing/lib/python3.10/site-packages:${PYTHONPATH} /usr/bin/python3 setup.py develop --editable --build-directory /home/dj/MREN203/joint_states/mren203-ws/build/testing/build --no-deps install_data
[3.682s] INFO:colcon.colcon_core.shell:Creating environment hook '/home/dj/MREN203/joint_states/mren203-ws/build/testing/share/testing/hook/pythonpath_develop.ps1'
[3.682s] INFO:colcon.colcon_core.shell:Creating environment descriptor '/home/dj/MREN203/joint_states/mren203-ws/build/testing/share/testing/hook/pythonpath_develop.dsv'
[3.682s] INFO:colcon.colcon_core.shell:Creating environment hook '/home/dj/MREN203/joint_states/mren203-ws/build/testing/share/testing/hook/pythonpath_develop.sh'
[3.696s] Level 1:colcon.colcon_core.environment:checking '/home/dj/MREN203/joint_states/mren203-ws/install/testing' for CMake module files
[3.697s] Level 1:colcon.colcon_core.environment:checking '/home/dj/MREN203/joint_states/mren203-ws/install/testing' for CMake config files
[3.697s] Level 1:colcon.colcon_core.environment:checking '/home/dj/MREN203/joint_states/mren203-ws/install/testing/lib'
[3.697s] Level 1:colcon.colcon_core.environment:checking '/home/dj/MREN203/joint_states/mren203-ws/install/testing/bin'
[3.697s] Level 1:colcon.colcon_core.environment:checking '/home/dj/MREN203/joint_states/mren203-ws/install/testing/lib/pkgconfig/testing.pc'
[3.697s] Level 1:colcon.colcon_core.environment:checking '/home/dj/MREN203/joint_states/mren203-ws/install/testing/lib/python3.10/site-packages'
[3.697s] Level 1:colcon.colcon_core.shell:create_environment_hook('testing', 'pythonpath')
[3.711s] INFO:colcon.colcon_core.shell:Creating environment hook '/home/dj/MREN203/joint_states/mren203-ws/install/testing/share/testing/hook/pythonpath.ps1'
[3.711s] INFO:colcon.colcon_core.shell:Creating environment descriptor '/home/dj/MREN203/joint_states/mren203-ws/install/testing/share/testing/hook/pythonpath.dsv'
[3.711s] INFO:colcon.colcon_core.shell:Creating environment hook '/home/dj/MREN203/joint_states/mren203-ws/install/testing/share/testing/hook/pythonpath.sh'
[3.712s] Level 1:colcon.colcon_core.environment:checking '/home/dj/MREN203/joint_states/mren203-ws/install/testing/bin'
[3.712s] Level 1:colcon.colcon_core.environment:create_environment_scripts_only(testing)
[3.726s] INFO:colcon.colcon_core.shell:Creating package script '/home/dj/MREN203/joint_states/mren203-ws/install/testing/share/testing/package.ps1'
[3.726s] INFO:colcon.colcon_core.shell:Creating package descriptor '/home/dj/MREN203/joint_states/mren203-ws/install/testing/share/testing/package.dsv'
[3.726s] INFO:colcon.colcon_core.shell:Creating package script '/home/dj/MREN203/joint_states/mren203-ws/install/testing/share/testing/package.sh'
[3.726s] INFO:colcon.colcon_core.shell:Creating package script '/home/dj/MREN203/joint_states/mren203-ws/install/testing/share/testing/package.bash'
[3.727s] INFO:colcon.colcon_core.shell:Creating package script '/home/dj/MREN203/joint_states/mren203-ws/install/testing/share/testing/package.zsh'
[3.727s] Level 1:colcon.colcon_core.environment:create_file_with_runtime_dependencies(/home/dj/MREN203/joint_states/mren203-ws/install/testing/share/colcon-core/packages/testing)
[4.221s] DEBUG:colcon.colcon_core.event_handler.log_command:Invoking command in '/home/dj/MREN203/joint_states/mren203-ws/build/steve_ui': PYTHONPATH=/home/dj/MREN203/joint_states/mren203-ws/build/steve_ui/prefix_override:/home/dj/MREN203/joint_states/mren203-ws/install/steve_ui/lib/python3.10/site-packages:${PYTHONPATH} /usr/bin/python3 setup.py develop --editable --build-directory /home/dj/MREN203/joint_states/mren203-ws/build/steve_ui/build --no-deps install_data
[4.222s] DEBUG:colcon.colcon_core.event_handler.log_command:Invoking command in '/home/dj/MREN203/joint_states/mren203-ws/build/motor_control': PYTHONPATH=/home/dj/MREN203/joint_states/mren203-ws/build/motor_control/prefix_override:/home/dj/MREN203/joint_states/mren203-ws/install/motor_control/lib/python3.10/site-packages:${PYTHONPATH} /usr/bin/python3 setup.py develop --editable --build-directory /home/dj/MREN203/joint_states/mren203-ws/build/motor_control/build --no-deps install_data
[4.818s] Level 1:colcon.colcon_core.shell:create_environment_hook('steve_ui', 'pythonpath_develop')
[4.818s] DEBUG:colcon.colcon_core.event_handler.log_command:Invoked command in '/home/dj/MREN203/joint_states/mren203-ws/build/steve_ui' returned '0': PYTHONPATH=/home/dj/MREN203/joint_states/mren203-ws/build/steve_ui/prefix_override:/home/dj/MREN203/joint_states/mren203-ws/install/steve_ui/lib/python3.10/site-packages:${PYTHONPATH} /usr/bin/python3 setup.py develop --editable --build-directory /home/dj/MREN203/joint_states/mren203-ws/build/steve_ui/build --no-deps install_data
[4.832s] INFO:colcon.colcon_core.shell:Creating environment hook '/home/dj/MREN203/joint_states/mren203-ws/build/steve_ui/share/steve_ui/hook/pythonpath_develop.ps1'
[4.833s] INFO:colcon.colcon_core.shell:Creating environment descriptor '/home/dj/MREN203/joint_states/mren203-ws/build/steve_ui/share/steve_ui/hook/pythonpath_develop.dsv'
[4.833s] INFO:colcon.colcon_core.shell:Creating environment hook '/home/dj/MREN203/joint_states/mren203-ws/build/steve_ui/share/steve_ui/hook/pythonpath_develop.sh'
[4.847s] Level 1:colcon.colcon_core.environment:checking '/home/dj/MREN203/joint_states/mren203-ws/install/steve_ui' for CMake module files
[4.847s] Level 1:colcon.colcon_core.environment:checking '/home/dj/MREN203/joint_states/mren203-ws/install/steve_ui' for CMake config files
[4.848s] Level 1:colcon.colcon_core.environment:checking '/home/dj/MREN203/joint_states/mren203-ws/install/steve_ui/lib'
[4.848s] Level 1:colcon.colcon_core.environment:checking '/home/dj/MREN203/joint_states/mren203-ws/install/steve_ui/bin'
[4.848s] Level 1:colcon.colcon_core.environment:checking '/home/dj/MREN203/joint_states/mren203-ws/install/steve_ui/lib/pkgconfig/steve_ui.pc'
[4.848s] Level 1:colcon.colcon_core.environment:checking '/home/dj/MREN203/joint_states/mren203-ws/install/steve_ui/lib/python3.10/site-packages'
[4.848s] Level 1:colcon.colcon_core.shell:create_environment_hook('steve_ui', 'pythonpath')
[4.862s] INFO:colcon.colcon_core.shell:Creating environment hook '/home/dj/MREN203/joint_states/mren203-ws/install/steve_ui/share/steve_ui/hook/pythonpath.ps1'
[4.862s] INFO:colcon.colcon_core.shell:Creating environment descriptor '/home/dj/MREN203/joint_states/mren203-ws/install/steve_ui/share/steve_ui/hook/pythonpath.dsv'
[4.863s] INFO:colcon.colcon_core.shell:Creating environment hook '/home/dj/MREN203/joint_states/mren203-ws/install/steve_ui/share/steve_ui/hook/pythonpath.sh'
[4.863s] Level 1:colcon.colcon_core.environment:checking '/home/dj/MREN203/joint_states/mren203-ws/install/steve_ui/bin'
[4.863s] Level 1:colcon.colcon_core.environment:create_environment_scripts_only(steve_ui)
[4.878s] INFO:colcon.colcon_core.shell:Creating package script '/home/dj/MREN203/joint_states/mren203-ws/install/steve_ui/share/steve_ui/package.ps1'
[4.878s] INFO:colcon.colcon_core.shell:Creating package descriptor '/home/dj/MREN203/joint_states/mren203-ws/install/steve_ui/share/steve_ui/package.dsv'
[4.878s] INFO:colcon.colcon_core.shell:Creating package script '/home/dj/MREN203/joint_states/mren203-ws/install/steve_ui/share/steve_ui/package.sh'
[4.879s] INFO:colcon.colcon_core.shell:Creating package script '/home/dj/MREN203/joint_states/mren203-ws/install/steve_ui/share/steve_ui/package.bash'
[4.879s] INFO:colcon.colcon_core.shell:Creating package script '/home/dj/MREN203/joint_states/mren203-ws/install/steve_ui/share/steve_ui/package.zsh'
[4.879s] Level 1:colcon.colcon_core.environment:create_file_with_runtime_dependencies(/home/dj/MREN203/joint_states/mren203-ws/install/steve_ui/share/colcon-core/packages/steve_ui)
[4.880s] Level 1:colcon.colcon_core.shell:create_environment_hook('motor_control', 'pythonpath_develop')
[4.881s] DEBUG:colcon.colcon_core.event_handler.log_command:Invoked command in '/home/dj/MREN203/joint_states/mren203-ws/build/motor_control' returned '0': PYTHONPATH=/home/dj/MREN203/joint_states/mren203-ws/build/motor_control/prefix_override:/home/dj/MREN203/joint_states/mren203-ws/install/motor_control/lib/python3.10/site-packages:${PYTHONPATH} /usr/bin/python3 setup.py develop --editable --build-directory /home/dj/MREN203/joint_states/mren203-ws/build/motor_control/build --no-deps install_data
[4.895s] INFO:colcon.colcon_core.shell:Creating environment hook '/home/dj/MREN203/joint_states/mren203-ws/build/motor_control/share/motor_control/hook/pythonpath_develop.ps1'
[4.896s] INFO:colcon.colcon_core.shell:Creating environment descriptor '/home/dj/MREN203/joint_states/mren203-ws/build/motor_control/share/motor_control/hook/pythonpath_develop.dsv'
[4.896s] INFO:colcon.colcon_core.shell:Creating environment hook '/home/dj/MREN203/joint_states/mren203-ws/build/motor_control/share/motor_control/hook/pythonpath_develop.sh'
[4.911s] Level 1:colcon.colcon_core.environment:checking '/home/dj/MREN203/joint_states/mren203-ws/install/motor_control' for CMake module files
[4.911s] Level 1:colcon.colcon_core.environment:checking '/home/dj/MREN203/joint_states/mren203-ws/install/motor_control' for CMake config files
[4.912s] Level 1:colcon.colcon_core.environment:checking '/home/dj/MREN203/joint_states/mren203-ws/install/motor_control/lib'
[4.912s] Level 1:colcon.colcon_core.environment:checking '/home/dj/MREN203/joint_states/mren203-ws/install/motor_control/bin'
[4.912s] Level 1:colcon.colcon_core.environment:checking '/home/dj/MREN203/joint_states/mren203-ws/install/motor_control/lib/pkgconfig/motor_control.pc'
[4.912s] Level 1:colcon.colcon_core.environment:checking '/home/dj/MREN203/joint_states/mren203-ws/install/motor_control/lib/python3.10/site-packages'
[4.912s] Level 1:colcon.colcon_core.shell:create_environment_hook('motor_control', 'pythonpath')
[4.926s] INFO:colcon.colcon_core.shell:Creating environment hook '/home/dj/MREN203/joint_states/mren203-ws/install/motor_control/share/motor_control/hook/pythonpath.ps1'
[4.926s] INFO:colcon.colcon_core.shell:Creating environment descriptor '/home/dj/MREN203/joint_states/mren203-ws/install/motor_control/share/motor_control/hook/pythonpath.dsv'
[4.927s] INFO:colcon.colcon_core.shell:Creating environment hook '/home/dj/MREN203/joint_states/mren203-ws/install/motor_control/share/motor_control/hook/pythonpath.sh'
[4.927s] Level 1:colcon.colcon_core.environment:checking '/home/dj/MREN203/joint_states/mren203-ws/install/motor_control/bin'
[4.927s] Level 1:colcon.colcon_core.environment:create_environment_scripts_only(motor_control)
[4.941s] INFO:colcon.colcon_core.shell:Creating package script '/home/dj/MREN203/joint_states/mren203-ws/install/motor_control/share/motor_control/package.ps1'
[4.941s] INFO:colcon.colcon_core.shell:Creating package descriptor '/home/dj/MREN203/joint_states/mren203-ws/install/motor_control/share/motor_control/package.dsv'
[4.942s] INFO:colcon.colcon_core.shell:Creating package script '/home/dj/MREN203/joint_states/mren203-ws/install/motor_control/share/motor_control/package.sh'
[4.942s] INFO:colcon.colcon_core.shell:Creating package script '/home/dj/MREN203/joint_states/mren203-ws/install/motor_control/share/motor_control/package.bash'
[4.942s] INFO:colcon.colcon_core.shell:Creating package script '/home/dj/MREN203/joint_states/mren203-ws/install/motor_control/share/motor_control/package.zsh'
[4.943s] Level 1:colcon.colcon_core.environment:create_file_with_runtime_dependencies(/home/dj/MREN203/joint_states/mren203-ws/install/motor_control/share/colcon-core/packages/motor_control)
[4.943s] DEBUG:colcon.colcon_parallel_executor.executor.parallel:closing loop
[4.943s] DEBUG:colcon.colcon_parallel_executor.executor.parallel:loop closed
[4.943s] DEBUG:colcon.colcon_parallel_executor.executor.parallel:run_until_complete finished with '0'
[4.943s] DEBUG:colcon.colcon_core.event_reactor:joining thread
[4.962s] INFO:colcon.colcon_core.plugin_system:Skipping extension 'colcon_notification.desktop_notification.terminal_notifier': Not used on non-Darwin systems
[4.962s] INFO:colcon.colcon_core.plugin_system:Skipping extension 'colcon_notification.desktop_notification.win32': Not used on non-Windows systems
[4.962s] INFO:colcon.colcon_notification.desktop_notification:Sending desktop notification using 'notify2'
[4.971s] DEBUG:colcon.colcon_core.event_reactor:joined thread
[4.986s] INFO:colcon.colcon_core.shell:Creating prefix script '/home/dj/MREN203/joint_states/mren203-ws/install/local_setup.ps1'
[4.987s] INFO:colcon.colcon_core.shell:Creating prefix util module '/home/dj/MREN203/joint_states/mren203-ws/install/_local_setup_util_ps1.py'
[4.988s] INFO:colcon.colcon_core.shell:Creating prefix chain script '/home/dj/MREN203/joint_states/mren203-ws/install/setup.ps1'
[5.002s] INFO:colcon.colcon_core.shell:Creating prefix script '/home/dj/MREN203/joint_states/mren203-ws/install/local_setup.sh'
[5.002s] INFO:colcon.colcon_core.shell:Creating prefix util module '/home/dj/MREN203/joint_states/mren203-ws/install/_local_setup_util_sh.py'
[5.003s] INFO:colcon.colcon_core.shell:Creating prefix chain script '/home/dj/MREN203/joint_states/mren203-ws/install/setup.sh'
[5.018s] INFO:colcon.colcon_core.shell:Creating prefix script '/home/dj/MREN203/joint_states/mren203-ws/install/local_setup.bash'
[5.018s] INFO:colcon.colcon_core.shell:Creating prefix chain script '/home/dj/MREN203/joint_states/mren203-ws/install/setup.bash'
[5.033s] INFO:colcon.colcon_core.shell:Creating prefix script '/home/dj/MREN203/joint_states/mren203-ws/install/local_setup.zsh'
[5.033s] INFO:colcon.colcon_core.shell:Creating prefix chain script '/home/dj/MREN203/joint_states/mren203-ws/install/setup.zsh'
