[0.319s] Invoking command in '/home/dj/MREN203/main/mren203-ws/build/steve_launch': CMAKE_PREFIX_PATH=/opt/ros/humble /usr/bin/cmake /home/dj/MREN203/main/mren203-ws/src/steve_launch -DAMENT_CMAKE_SYMLINK_INSTALL=1 -DCMAKE_INSTALL_PREFIX=/home/dj/MREN203/main/mren203-ws/install/steve_launch
[0.361s] -- The C compiler identification is GNU 11.4.0
[0.406s] -- The CXX compiler identification is GNU 11.4.0
[0.412s] -- Detecting C compiler ABI info
[0.476s] -- Detecting C compiler ABI info - done
[0.481s] -- Check for working C compiler: /usr/bin/cc - skipped
[0.482s] -- Detecting C compile features
[0.482s] -- Detecting C compile features - done
[0.483s] -- Detecting CXX compiler ABI info
[0.559s] -- Detecting CXX compiler ABI info - done
[0.564s] -- Check for working CXX compiler: /usr/bin/c++ - skipped
[0.565s] -- Detecting CXX compile features
[0.566s] -- Detecting CXX compile features - done
[0.567s] -- Found ament_cmake: 1.3.8 (/opt/ros/humble/share/ament_cmake/cmake)
[0.872s] -- Found Python3: /usr/bin/python3 (found version "3.10.12") found components: Interpreter 
[0.927s] -- Override CMake install command with custom implementation using symlinks instead of copying resources
[1.056s] -- Configuring done
[1.058s] -- Generating done
[1.059s] -- Build files have been written to: /home/dj/MREN203/main/mren203-ws/build/steve_launch
[1.064s] Invoked command in '/home/dj/MREN203/main/mren203-ws/build/steve_launch' returned '0': CMAKE_PREFIX_PATH=/opt/ros/humble /usr/bin/cmake /home/dj/MREN203/main/mren203-ws/src/steve_launch -DAMENT_CMAKE_SYMLINK_INSTALL=1 -DCMAKE_INSTALL_PREFIX=/home/dj/MREN203/main/mren203-ws/install/steve_launch
[1.066s] Invoking command in '/home/dj/MREN203/main/mren203-ws/build/steve_launch': CMAKE_PREFIX_PATH=/opt/ros/humble /usr/bin/cmake --build /home/dj/MREN203/main/mren203-ws/build/steve_launch -- -j16 -l16
[1.110s] Invoked command in '/home/dj/MREN203/main/mren203-ws/build/steve_launch' returned '0': CMAKE_PREFIX_PATH=/opt/ros/humble /usr/bin/cmake --build /home/dj/MREN203/main/mren203-ws/build/steve_launch -- -j16 -l16
[1.145s] Invoking command in '/home/dj/MREN203/main/mren203-ws/build/steve_launch': CMAKE_PREFIX_PATH=/opt/ros/humble /usr/bin/cmake --install /home/dj/MREN203/main/mren203-ws/build/steve_launch
[1.154s] -- Install configuration: ""
[1.154s] -- Execute custom install script
[1.155s] -- Symlinking: /home/dj/MREN203/main/mren203-ws/install/steve_launch/share/steve_launch/launch/all_launch.launch
[1.165s] -- Symlinking: /home/dj/MREN203/main/mren203-ws/install/steve_launch/share/steve_launch/launch/manual_control.launch
[1.175s] -- Symlinking: /home/dj/MREN203/main/mren203-ws/install/steve_launch/share/steve_launch/launch/webcam.launch
[1.186s] -- Symlinking: /home/dj/MREN203/main/mren203-ws/install/steve_launch/share/ament_index/resource_index/package_run_dependencies/steve_launch
[1.196s] -- Symlinking: /home/dj/MREN203/main/mren203-ws/install/steve_launch/share/ament_index/resource_index/parent_prefix_path/steve_launch
[1.206s] -- Symlinking: /home/dj/MREN203/main/mren203-ws/install/steve_launch/share/steve_launch/environment/ament_prefix_path.sh
[1.217s] -- Symlinking: /home/dj/MREN203/main/mren203-ws/install/steve_launch/share/steve_launch/environment/ament_prefix_path.dsv
[1.227s] -- Symlinking: /home/dj/MREN203/main/mren203-ws/install/steve_launch/share/steve_launch/environment/path.sh
[1.237s] -- Symlinking: /home/dj/MREN203/main/mren203-ws/install/steve_launch/share/steve_launch/environment/path.dsv
[1.248s] -- Symlinking: /home/dj/MREN203/main/mren203-ws/install/steve_launch/share/steve_launch/local_setup.bash
[1.258s] -- Symlinking: /home/dj/MREN203/main/mren203-ws/install/steve_launch/share/steve_launch/local_setup.sh
[1.268s] -- Symlinking: /home/dj/MREN203/main/mren203-ws/install/steve_launch/share/steve_launch/local_setup.zsh
[1.277s] -- Symlinking: /home/dj/MREN203/main/mren203-ws/install/steve_launch/share/steve_launch/local_setup.dsv
[1.287s] -- Symlinking: /home/dj/MREN203/main/mren203-ws/install/steve_launch/share/steve_launch/package.dsv
[1.297s] -- Symlinking: /home/dj/MREN203/main/mren203-ws/install/steve_launch/share/ament_index/resource_index/packages/steve_launch
[1.306s] -- Symlinking: /home/dj/MREN203/main/mren203-ws/install/steve_launch/share/steve_launch/cmake/steve_launchConfig.cmake
[1.315s] -- Symlinking: /home/dj/MREN203/main/mren203-ws/install/steve_launch/share/steve_launch/cmake/steve_launchConfig-version.cmake
[1.324s] -- Symlinking: /home/dj/MREN203/main/mren203-ws/install/steve_launch/share/steve_launch/package.xml
[1.337s] Invoked command in '/home/dj/MREN203/main/mren203-ws/build/steve_launch' returned '0': CMAKE_PREFIX_PATH=/opt/ros/humble /usr/bin/cmake --install /home/dj/MREN203/main/mren203-ws/build/steve_launch
