[5.805s] Invoking command in '/home/steve/mren203-ws/build/joystick_ros2': PYTHONPATH=/home/steve/mren203-ws/build/joystick_ros2/prefix_override:/home/steve/mren203-ws/install/joystick_ros2/lib/python3.10/site-packages:${PYTHONPATH} /usr/bin/python3 setup.py develop --editable --build-directory /home/steve/mren203-ws/build/joystick_ros2/build --no-deps install_data
[7.220s] running develop
[7.224s] /usr/lib/python3/dist-packages/setuptools/command/easy_install.py:158: EasyInstallDeprecationWarning: easy_install command is deprecated. Use build and pip and other standards-based tools.
[7.225s]   warnings.warn(
[7.230s] /usr/lib/python3/dist-packages/setuptools/command/install.py:34: SetuptoolsDeprecationWarning: setup.py install is deprecated. Use build and pip and other standards-based tools.
[7.231s]   warnings.warn(
[8.151s] running egg_info
[8.152s] writing joystick_ros2.egg-info/PKG-INFO
[8.153s] writing dependency_links to joystick_ros2.egg-info/dependency_links.txt
[8.154s] writing entry points to joystick_ros2.egg-info/entry_points.txt
[8.155s] writing requirements to joystick_ros2.egg-info/requires.txt
[8.156s] writing top-level names to joystick_ros2.egg-info/top_level.txt
[8.162s] reading manifest file 'joystick_ros2.egg-info/SOURCES.txt'
[8.166s] writing manifest file 'joystick_ros2.egg-info/SOURCES.txt'
[8.172s] running build_ext
[8.173s] Creating /home/steve/mren203-ws/install/joystick_ros2/lib/python3.10/site-packages/joystick-ros2.egg-link (link to .)
[8.177s] Installing joystick_ros2 script to /home/steve/mren203-ws/install/joystick_ros2/lib/joystick_ros2
[8.178s] 
[8.179s] Installed /home/steve/mren203-ws/build/joystick_ros2
[8.179s] running install_data
[9.471s] Invoked command in '/home/steve/mren203-ws/build/joystick_ros2' returned '0': PYTHONPATH=/home/steve/mren203-ws/build/joystick_ros2/prefix_override:/home/steve/mren203-ws/install/joystick_ros2/lib/python3.10/site-packages:${PYTHONPATH} /usr/bin/python3 setup.py develop --editable --build-directory /home/steve/mren203-ws/build/joystick_ros2/build --no-deps install_data
