[1.049s] Invoking command in '/home/dj/MREN203/joint_states/mren203-ws/build/steve_ui': AMENT_PREFIX_PATH=/home/dj/MREN203/joint_states/mren203-ws/install/steve_msgs:${AMENT_PREFIX_PATH} CMAKE_PREFIX_PATH=/home/dj/MREN203/joint_states/mren203-ws/install/steve_msgs LD_LIBRARY_PATH=/home/dj/MREN203/joint_states/mren203-ws/install/steve_msgs/lib:${LD_LIBRARY_PATH} PYTHONPATH=/home/dj/MREN203/joint_states/mren203-ws/build/steve_ui/prefix_override:/home/dj/MREN203/joint_states/mren203-ws/install/steve_ui/lib/python3.10/site-packages:/home/dj/MREN203/joint_states/mren203-ws/install/steve_msgs/local/lib/python3.10/dist-packages:${PYTHONPATH} /usr/bin/python3 setup.py develop --editable --build-directory /home/dj/MREN203/joint_states/mren203-ws/build/steve_ui/build --no-deps install_data
[1.318s] running develop
[1.318s] /home/dj/.local/lib/python3.10/site-packages/setuptools/command/develop.py:40: EasyInstallDeprecationWarning: easy_install command is deprecated.
[1.318s] !!
[1.319s] 
[1.319s]         ********************************************************************************
[1.319s]         Please avoid running ``setup.py`` and ``easy_install``.
[1.319s]         Instead, use pypa/build, pypa/installer or other
[1.319s]         standards-based tools.
[1.319s] 
[1.319s]         See https://github.com/pypa/setuptools/issues/917 for details.
[1.319s]         ********************************************************************************
[1.319s] 
[1.319s] !!
[1.319s]   easy_install.initialize_options(self)
[1.346s] /home/dj/.local/lib/python3.10/site-packages/setuptools/_distutils/cmd.py:66: SetuptoolsDeprecationWarning: setup.py install is deprecated.
[1.347s] !!
[1.347s] 
[1.347s]         ********************************************************************************
[1.347s]         Please avoid running ``setup.py`` directly.
[1.347s]         Instead, use pypa/build, pypa/installer or other
[1.347s]         standards-based tools.
[1.347s] 
[1.347s]         See https://blog.ganssle.io/articles/2021/10/setup-py-deprecated.html for details.
[1.347s]         ********************************************************************************
[1.347s] 
[1.347s] !!
[1.347s]   self.initialize_options()
[1.520s] running egg_info
[1.534s] writing steve_ui.egg-info/PKG-INFO
[1.534s] writing dependency_links to steve_ui.egg-info/dependency_links.txt
[1.535s] writing requirements to steve_ui.egg-info/requires.txt
[1.535s] writing top-level names to steve_ui.egg-info/top_level.txt
[1.563s] reading manifest file 'steve_ui.egg-info/SOURCES.txt'
[1.563s] writing manifest file 'steve_ui.egg-info/SOURCES.txt'
[1.612s] running build_ext
[1.612s] Creating /home/dj/MREN203/joint_states/mren203-ws/install/steve_ui/lib/python3.10/site-packages/steve-ui.egg-link (link to .)
[1.612s] 
[1.613s] Installed /home/dj/MREN203/joint_states/mren203-ws/build/steve_ui
[1.613s] running install_data
[1.613s] copying resource/steve_ui -> /home/dj/MREN203/joint_states/mren203-ws/install/steve_ui/share/ament_index/resource_index/packages
[1.613s] copying package.xml -> /home/dj/MREN203/joint_states/mren203-ws/install/steve_ui/share/steve_ui
[1.636s] Invoked command in '/home/dj/MREN203/joint_states/mren203-ws/build/steve_ui' returned '0': AMENT_PREFIX_PATH=/home/dj/MREN203/joint_states/mren203-ws/install/steve_msgs:${AMENT_PREFIX_PATH} CMAKE_PREFIX_PATH=/home/dj/MREN203/joint_states/mren203-ws/install/steve_msgs LD_LIBRARY_PATH=/home/dj/MREN203/joint_states/mren203-ws/install/steve_msgs/lib:${LD_LIBRARY_PATH} PYTHONPATH=/home/dj/MREN203/joint_states/mren203-ws/build/steve_ui/prefix_override:/home/dj/MREN203/joint_states/mren203-ws/install/steve_ui/lib/python3.10/site-packages:/home/dj/MREN203/joint_states/mren203-ws/install/steve_msgs/local/lib/python3.10/dist-packages:${PYTHONPATH} /usr/bin/python3 setup.py develop --editable --build-directory /home/dj/MREN203/joint_states/mren203-ws/build/steve_ui/build --no-deps install_data
