[1.916s] Invoking command in '/home/steve/mren203-ws/build/my_bot': CMAKE_PREFIX_PATH=/opt/ros/humble /usr/bin/cmake /home/steve/mren203-ws/src/my_bot -DAMENT_CMAKE_SYMLINK_INSTALL=1 -DCMAKE_INSTALL_PREFIX=/home/steve/mren203-ws/install/my_bot
[2.235s] -- The C compiler identification is GNU 11.4.0
[2.534s] -- The CXX compiler identification is GNU 11.4.0
[2.572s] -- Detecting C compiler ABI info
[2.997s] -- Detecting C compiler ABI info - done
[3.038s] -- Check for working C compiler: /usr/bin/cc - skipped
[3.040s] -- Detecting C compile features
[3.042s] -- Detecting C compile features - done
[3.061s] -- Detecting CXX compiler ABI info
[3.500s] -- Detecting CXX compiler ABI info - done
[3.534s] -- Check for working CXX compiler: /usr/bin/c++ - skipped
[3.535s] -- Detecting CXX compile features
[3.538s] -- Detecting CXX compile features - done
[3.561s] -- Found ament_cmake: 1.3.8 (/opt/ros/humble/share/ament_cmake/cmake)
[4.617s] -- Found Python3: /usr/bin/python3 (found version "3.10.12") found components: Interpreter 
[5.024s] -- Override CMake install command with custom implementation using symlinks instead of copying resources
[5.353s] -- Found ament_lint_auto: 0.12.10 (/opt/ros/humble/share/ament_lint_auto/cmake)
[5.963s] -- Added test 'copyright' to check source files copyright and LICENSE
[5.990s] -- Added test 'flake8' to check Python code syntax and style conventions
[5.996s] -- Added test 'lint_cmake' to check CMake code style
[6.001s] -- Added test 'pep257' to check Python code against some of the docstring style conventions in PEP 257
[6.017s] -- Added test 'xmllint' to check XML markup files
[6.029s] -- Configuring done
[6.053s] -- Generating done
[6.064s] -- Build files have been written to: /home/steve/mren203-ws/build/my_bot
[6.091s] Invoked command in '/home/steve/mren203-ws/build/my_bot' returned '0': CMAKE_PREFIX_PATH=/opt/ros/humble /usr/bin/cmake /home/steve/mren203-ws/src/my_bot -DAMENT_CMAKE_SYMLINK_INSTALL=1 -DCMAKE_INSTALL_PREFIX=/home/steve/mren203-ws/install/my_bot
[6.094s] Invoking command in '/home/steve/mren203-ws/build/my_bot': CMAKE_PREFIX_PATH=/opt/ros/humble /usr/bin/cmake --build /home/steve/mren203-ws/build/my_bot -- -j4 -l4
[6.272s] Invoked command in '/home/steve/mren203-ws/build/my_bot' returned '0': CMAKE_PREFIX_PATH=/opt/ros/humble /usr/bin/cmake --build /home/steve/mren203-ws/build/my_bot -- -j4 -l4
[6.434s] Invoking command in '/home/steve/mren203-ws/build/my_bot': CMAKE_PREFIX_PATH=/opt/ros/humble /usr/bin/cmake --install /home/steve/mren203-ws/build/my_bot
[6.466s] -- Install configuration: ""
[6.468s] -- Execute custom install script
[6.471s] -- Symlinking: /home/steve/mren203-ws/install/my_bot/share/my_bot/config/empty.yaml
[6.509s] -- Symlinking: /home/steve/mren203-ws/install/my_bot/share/my_bot/config/my_controllers.yaml
[6.545s] -- Symlinking: /home/steve/mren203-ws/install/my_bot/share/my_bot/config/view_bot.rviz
[6.584s] -- Symlinking: /home/steve/mren203-ws/install/my_bot/share/my_bot/description/gazebo_control.xacro
[6.621s] -- Symlinking: /home/steve/mren203-ws/install/my_bot/share/my_bot/description/inertial_macros.xacro
[6.660s] -- Symlinking: /home/steve/mren203-ws/install/my_bot/share/my_bot/description/lidar.xacro
[6.703s] -- Symlinking: /home/steve/mren203-ws/install/my_bot/share/my_bot/description/robot.urdf.xacro
[6.740s] -- Symlinking: /home/steve/mren203-ws/install/my_bot/share/my_bot/description/robot_core.xacro
[6.774s] -- Symlinking: /home/steve/mren203-ws/install/my_bot/share/my_bot/description/ros2_control.xacro
[6.811s] -- Symlinking: /home/steve/mren203-ws/install/my_bot/share/my_bot/launch/launch_sim.launch.py
[6.979s] -- Symlinking: /home/steve/mren203-ws/install/my_bot/share/my_bot/launch/rsp.launch.py
[7.040s] -- Symlinking: /home/steve/mren203-ws/install/my_bot/share/my_bot/worlds/empty.world
[7.076s] -- Symlinking: /home/steve/mren203-ws/install/my_bot/share/my_bot/worlds/test.world
[7.114s] -- Symlinking: /home/steve/mren203-ws/install/my_bot/share/ament_index/resource_index/package_run_dependencies/my_bot
[7.153s] -- Symlinking: /home/steve/mren203-ws/install/my_bot/share/ament_index/resource_index/parent_prefix_path/my_bot
[7.193s] -- Symlinking: /home/steve/mren203-ws/install/my_bot/share/my_bot/environment/ament_prefix_path.sh
[7.232s] -- Symlinking: /home/steve/mren203-ws/install/my_bot/share/my_bot/environment/ament_prefix_path.dsv
[7.271s] -- Symlinking: /home/steve/mren203-ws/install/my_bot/share/my_bot/environment/path.sh
[7.310s] -- Symlinking: /home/steve/mren203-ws/install/my_bot/share/my_bot/environment/path.dsv
[7.360s] -- Symlinking: /home/steve/mren203-ws/install/my_bot/share/my_bot/local_setup.bash
[7.426s] -- Symlinking: /home/steve/mren203-ws/install/my_bot/share/my_bot/local_setup.sh
[7.463s] -- Symlinking: /home/steve/mren203-ws/install/my_bot/share/my_bot/local_setup.zsh
[7.513s] -- Symlinking: /home/steve/mren203-ws/install/my_bot/share/my_bot/local_setup.dsv
[7.554s] -- Symlinking: /home/steve/mren203-ws/install/my_bot/share/my_bot/package.dsv
[7.599s] -- Symlinking: /home/steve/mren203-ws/install/my_bot/share/ament_index/resource_index/packages/my_bot
[7.642s] -- Symlinking: /home/steve/mren203-ws/install/my_bot/share/my_bot/cmake/my_botConfig.cmake
[7.679s] -- Symlinking: /home/steve/mren203-ws/install/my_bot/share/my_bot/cmake/my_botConfig-version.cmake
[7.721s] -- Symlinking: /home/steve/mren203-ws/install/my_bot/share/my_bot/package.xml
[7.774s] Invoked command in '/home/steve/mren203-ws/build/my_bot' returned '0': CMAKE_PREFIX_PATH=/opt/ros/humble /usr/bin/cmake --install /home/steve/mren203-ws/build/my_bot
