[5.616s] Invoking command in '/home/steve/mren203-ws/build/joystick_ros2': PYTHONPATH=/home/steve/mren203-ws/build/joystick_ros2/prefix_override:/home/steve/mren203-ws/install/joystick_ros2/lib/python3.10/site-packages:${PYTHONPATH} /usr/bin/python3 setup.py develop --editable --build-directory /home/steve/mren203-ws/build/joystick_ros2/build --no-deps install_data
[7.261s] running develop
[7.263s] /usr/lib/python3/dist-packages/setuptools/command/easy_install.py:158: EasyInstallDeprecationWarning: easy_install command is deprecated. Use build and pip and other standards-based tools.
[7.264s]   warnings.warn(
[7.272s] /usr/lib/python3/dist-packages/setuptools/command/install.py:34: SetuptoolsDeprecationWarning: setup.py install is deprecated. Use build and pip and other standards-based tools.
[7.273s]   warnings.warn(
[8.328s] running egg_info
[8.329s] creating joystick_ros2.egg-info
[8.330s] writing joystick_ros2.egg-info/PKG-INFO
[8.331s] writing dependency_links to joystick_ros2.egg-info/dependency_links.txt
[8.332s] writing entry points to joystick_ros2.egg-info/entry_points.txt
[8.333s] writing requirements to joystick_ros2.egg-info/requires.txt
[8.334s] writing top-level names to joystick_ros2.egg-info/top_level.txt
[8.335s] writing manifest file 'joystick_ros2.egg-info/SOURCES.txt'
[8.341s] reading manifest file 'joystick_ros2.egg-info/SOURCES.txt'
[8.344s] writing manifest file 'joystick_ros2.egg-info/SOURCES.txt'
[8.351s] running build_ext
[8.352s] Creating /home/steve/mren203-ws/install/joystick_ros2/lib/python3.10/site-packages/joystick-ros2.egg-link (link to .)
[8.357s] Installing joystick_ros2 script to /home/steve/mren203-ws/install/joystick_ros2/lib/joystick_ros2
[8.359s] 
[8.360s] Installed /home/steve/mren203-ws/build/joystick_ros2
[8.362s] running install_data
[8.363s] creating /home/steve/mren203-ws/install/joystick_ros2/share/ament_index
[8.364s] creating /home/steve/mren203-ws/install/joystick_ros2/share/ament_index/resource_index
[8.366s] creating /home/steve/mren203-ws/install/joystick_ros2/share/ament_index/resource_index/packages
[8.367s] copying resource/joystick_ros2 -> /home/steve/mren203-ws/install/joystick_ros2/share/ament_index/resource_index/packages
[8.368s] creating /home/steve/mren203-ws/install/joystick_ros2/shared
[8.370s] creating /home/steve/mren203-ws/install/joystick_ros2/shared/joystick_ros2
[8.371s] copying package.xml -> /home/steve/mren203-ws/install/joystick_ros2/shared/joystick_ros2
[8.576s] Invoked command in '/home/steve/mren203-ws/build/joystick_ros2' returned '0': PYTHONPATH=/home/steve/mren203-ws/build/joystick_ros2/prefix_override:/home/steve/mren203-ws/install/joystick_ros2/lib/python3.10/site-packages:${PYTHONPATH} /usr/bin/python3 setup.py develop --editable --build-directory /home/steve/mren203-ws/build/joystick_ros2/build --no-deps install_data
