[0.302s] Invoking command in '/home/dj/MREN203/main/mren203-ws/build/steve_launch': CMAKE_PREFIX_PATH=/opt/ros/humble /usr/bin/cmake /home/dj/MREN203/main/mren203-ws/src/steve_launch -DAMENT_CMAKE_SYMLINK_INSTALL=1 -DCMAKE_INSTALL_PREFIX=/home/dj/MREN203/main/mren203-ws/install/steve_launch
[0.346s] -- The C compiler identification is GNU 11.4.0
[0.390s] -- The CXX compiler identification is GNU 11.4.0
[0.397s] -- Detecting C compiler ABI info
[0.455s] -- Detecting C compiler ABI info - done
[0.460s] -- Check for working C compiler: /usr/bin/cc - skipped
[0.460s] -- Detecting C compile features
[0.460s] -- Detecting C compile features - done
[0.463s] -- Detecting CXX compiler ABI info
[0.534s] -- Detecting CXX compiler ABI info - done
[0.544s] -- Check for working CXX compiler: /usr/bin/c++ - skipped
[0.544s] -- Detecting CXX compile features
[0.544s] -- Detecting CXX compile features - done
[0.547s] -- Found ament_cmake: 1.3.8 (/opt/ros/humble/share/ament_cmake/cmake)
[0.815s] -- Found Python3: /usr/bin/python3 (found version "3.10.12") found components: Interpreter 
[0.862s] -- Override CMake install command with custom implementation using symlinks instead of copying resources
[0.973s] -- Configuring done
[0.975s] -- Generating done
[0.976s] -- Build files have been written to: /home/dj/MREN203/main/mren203-ws/build/steve_launch
[0.981s] Invoked command in '/home/dj/MREN203/main/mren203-ws/build/steve_launch' returned '0': CMAKE_PREFIX_PATH=/opt/ros/humble /usr/bin/cmake /home/dj/MREN203/main/mren203-ws/src/steve_launch -DAMENT_CMAKE_SYMLINK_INSTALL=1 -DCMAKE_INSTALL_PREFIX=/home/dj/MREN203/main/mren203-ws/install/steve_launch
[0.982s] Invoking command in '/home/dj/MREN203/main/mren203-ws/build/steve_launch': CMAKE_PREFIX_PATH=/opt/ros/humble /usr/bin/cmake --build /home/dj/MREN203/main/mren203-ws/build/steve_launch -- -j16 -l16
[1.017s] Invoked command in '/home/dj/MREN203/main/mren203-ws/build/steve_launch' returned '0': CMAKE_PREFIX_PATH=/opt/ros/humble /usr/bin/cmake --build /home/dj/MREN203/main/mren203-ws/build/steve_launch -- -j16 -l16
[1.044s] Invoking command in '/home/dj/MREN203/main/mren203-ws/build/steve_launch': CMAKE_PREFIX_PATH=/opt/ros/humble /usr/bin/cmake --install /home/dj/MREN203/main/mren203-ws/build/steve_launch
[1.051s] -- Install configuration: ""
[1.051s] -- Execute custom install script
[1.051s] -- Symlinking: /home/dj/MREN203/main/mren203-ws/install/steve_launch/share/steve_launch/launch/all_launch.launch
[1.060s] -- Symlinking: /home/dj/MREN203/main/mren203-ws/install/steve_launch/share/steve_launch/launch/ekf.launch.py
[1.070s] -- Symlinking: /home/dj/MREN203/main/mren203-ws/install/steve_launch/share/steve_launch/launch/manual_control.launch
[1.078s] -- Symlinking: /home/dj/MREN203/main/mren203-ws/install/steve_launch/share/steve_launch/launch/online_sync_launch.py
[1.088s] -- Symlinking: /home/dj/MREN203/main/mren203-ws/install/steve_launch/share/steve_launch/launch/webcam.launch
[1.097s] -- Symlinking: /home/dj/MREN203/main/mren203-ws/install/steve_launch/share/steve_launch/params/ekf.yaml
[1.105s] -- Symlinking: /home/dj/MREN203/main/mren203-ws/install/steve_launch/share/steve_launch/params/mapper_params_online_sync.yaml
[1.113s] -- Symlinking: /home/dj/MREN203/main/mren203-ws/install/steve_launch/share/ament_index/resource_index/package_run_dependencies/steve_launch
[1.122s] -- Symlinking: /home/dj/MREN203/main/mren203-ws/install/steve_launch/share/ament_index/resource_index/parent_prefix_path/steve_launch
[1.131s] -- Symlinking: /home/dj/MREN203/main/mren203-ws/install/steve_launch/share/steve_launch/environment/ament_prefix_path.sh
[1.139s] -- Symlinking: /home/dj/MREN203/main/mren203-ws/install/steve_launch/share/steve_launch/environment/ament_prefix_path.dsv
[1.148s] -- Symlinking: /home/dj/MREN203/main/mren203-ws/install/steve_launch/share/steve_launch/environment/path.sh
[1.156s] -- Symlinking: /home/dj/MREN203/main/mren203-ws/install/steve_launch/share/steve_launch/environment/path.dsv
[1.164s] -- Symlinking: /home/dj/MREN203/main/mren203-ws/install/steve_launch/share/steve_launch/local_setup.bash
[1.172s] -- Symlinking: /home/dj/MREN203/main/mren203-ws/install/steve_launch/share/steve_launch/local_setup.sh
[1.181s] -- Symlinking: /home/dj/MREN203/main/mren203-ws/install/steve_launch/share/steve_launch/local_setup.zsh
[1.189s] -- Symlinking: /home/dj/MREN203/main/mren203-ws/install/steve_launch/share/steve_launch/local_setup.dsv
[1.197s] -- Symlinking: /home/dj/MREN203/main/mren203-ws/install/steve_launch/share/steve_launch/package.dsv
[1.206s] -- Symlinking: /home/dj/MREN203/main/mren203-ws/install/steve_launch/share/ament_index/resource_index/packages/steve_launch
[1.214s] -- Symlinking: /home/dj/MREN203/main/mren203-ws/install/steve_launch/share/steve_launch/cmake/steve_launchConfig.cmake
[1.222s] -- Symlinking: /home/dj/MREN203/main/mren203-ws/install/steve_launch/share/steve_launch/cmake/steve_launchConfig-version.cmake
[1.230s] -- Symlinking: /home/dj/MREN203/main/mren203-ws/install/steve_launch/share/steve_launch/package.xml
[1.240s] Invoked command in '/home/dj/MREN203/main/mren203-ws/build/steve_launch' returned '0': CMAKE_PREFIX_PATH=/opt/ros/humble /usr/bin/cmake --install /home/dj/MREN203/main/mren203-ws/build/steve_launch
