[6.609s] Invoking command in '/home/steve/mren203-ws/build/steve_ui': PYTHONPATH=/home/steve/mren203-ws/build/steve_ui/prefix_override:/home/steve/mren203-ws/install/steve_ui/lib/python3.10/site-packages:${PYTHONPATH} /usr/bin/python3 setup.py develop --editable --build-directory /home/steve/mren203-ws/build/steve_ui/build --no-deps install_data
[8.349s] running develop
[8.351s] /usr/lib/python3/dist-packages/setuptools/command/easy_install.py:158: EasyInstallDeprecationWarning: easy_install command is deprecated. Use build and pip and other standards-based tools.
[8.351s]   warnings.warn(
[8.357s] /usr/lib/python3/dist-packages/setuptools/command/install.py:34: SetuptoolsDeprecationWarning: setup.py install is deprecated. Use build and pip and other standards-based tools.
[8.358s]   warnings.warn(
[9.565s] running egg_info
[9.566s] creating steve_ui.egg-info
[9.566s] writing steve_ui.egg-info/PKG-INFO
[9.568s] writing dependency_links to steve_ui.egg-info/dependency_links.txt
[9.569s] writing entry points to steve_ui.egg-info/entry_points.txt
[9.570s] writing requirements to steve_ui.egg-info/requires.txt
[9.571s] writing top-level names to steve_ui.egg-info/top_level.txt
[9.572s] writing manifest file 'steve_ui.egg-info/SOURCES.txt'
[9.582s] reading manifest file 'steve_ui.egg-info/SOURCES.txt'
[9.586s] writing manifest file 'steve_ui.egg-info/SOURCES.txt'
[9.598s] running build_ext
[9.600s] Creating /home/steve/mren203-ws/install/steve_ui/lib/python3.10/site-packages/steve-ui.egg-link (link to .)
[9.609s] Installing fsm_node script to /home/steve/mren203-ws/install/steve_ui/lib/steve_ui
[9.613s] 
[9.615s] Installed /home/steve/mren203-ws/build/steve_ui
[9.618s] running install_data
[9.619s] creating /home/steve/mren203-ws/install/steve_ui/share/ament_index
[9.621s] creating /home/steve/mren203-ws/install/steve_ui/share/ament_index/resource_index
[9.624s] creating /home/steve/mren203-ws/install/steve_ui/share/ament_index/resource_index/packages
[9.626s] copying resource/steve_ui -> /home/steve/mren203-ws/install/steve_ui/share/ament_index/resource_index/packages
[9.628s] copying package.xml -> /home/steve/mren203-ws/install/steve_ui/share/steve_ui
[10.263s] Invoked command in '/home/steve/mren203-ws/build/steve_ui' returned '0': PYTHONPATH=/home/steve/mren203-ws/build/steve_ui/prefix_override:/home/steve/mren203-ws/install/steve_ui/lib/python3.10/site-packages:${PYTHONPATH} /usr/bin/python3 setup.py develop --editable --build-directory /home/steve/mren203-ws/build/steve_ui/build --no-deps install_data
