running develop
/home/dj/.local/lib/python3.10/site-packages/setuptools/command/develop.py:40: EasyInstallDeprecationWarning: easy_install command is deprecated.
!!

        ********************************************************************************
        Please avoid running ``setup.py`` and ``easy_install``.
        Instead, use pypa/build, pypa/installer or other
        standards-based tools.

        See https://github.com/pypa/setuptools/issues/917 for details.
        ********************************************************************************

!!
  easy_install.initialize_options(self)
/home/dj/.local/lib/python3.10/site-packages/setuptools/_distutils/cmd.py:66: SetuptoolsDeprecationWarning: setup.py install is deprecated.
!!

        ********************************************************************************
        Please avoid running ``setup.py`` directly.
        Instead, use pypa/build, pypa/installer or other
        standards-based tools.

        See https://blog.ganssle.io/articles/2021/10/setup-py-deprecated.html for details.
        ********************************************************************************

!!
  self.initialize_options()
running egg_info
creating steve_ui.egg-info
writing steve_ui.egg-info/PKG-INFO
writing dependency_links to steve_ui.egg-info/dependency_links.txt
writing entry points to steve_ui.egg-info/entry_points.txt
writing requirements to steve_ui.egg-info/requires.txt
writing top-level names to steve_ui.egg-info/top_level.txt
writing manifest file 'steve_ui.egg-info/SOURCES.txt'
reading manifest file 'steve_ui.egg-info/SOURCES.txt'
writing manifest file 'steve_ui.egg-info/SOURCES.txt'
running build_ext
Creating /home/dj/MREN203/main/mren203-ws/install/steve_ui/lib/python3.10/site-packages/steve-ui.egg-link (link to .)
Installing fsm_node script to /home/dj/MREN203/main/mren203-ws/install/steve_ui/lib/steve_ui

Installed /home/dj/MREN203/main/mren203-ws/build/steve_ui
running install_data
creating /home/dj/MREN203/main/mren203-ws/install/steve_ui/share/ament_index
creating /home/dj/MREN203/main/mren203-ws/install/steve_ui/share/ament_index/resource_index
creating /home/dj/MREN203/main/mren203-ws/install/steve_ui/share/ament_index/resource_index/packages
copying resource/steve_ui -> /home/dj/MREN203/main/mren203-ws/install/steve_ui/share/ament_index/resource_index/packages
copying package.xml -> /home/dj/MREN203/main/mren203-ws/install/steve_ui/share/steve_ui
