running develop
/home/dj/.local/lib/python3.10/site-packages/setuptools/command/develop.py:40: EasyInstallDeprecationWarning: easy_install command is deprecated.
!!

        ********************************************************************************
        Please avoid running ``setup.py`` and ``easy_install``.
        Instead, use pypa/build, pypa/installer or other
        standards-based tools.

        See https://github.com/pypa/setuptools/issues/917 for details.
        ********************************************************************************

!!
  easy_install.initialize_options(self)
/home/dj/.local/lib/python3.10/site-packages/setuptools/_distutils/cmd.py:66: SetuptoolsDeprecationWarning: setup.py install is deprecated.
!!

        ********************************************************************************
        Please avoid running ``setup.py`` directly.
        Instead, use pypa/build, pypa/installer or other
        standards-based tools.

        See https://blog.ganssle.io/articles/2021/10/setup-py-deprecated.html for details.
        ********************************************************************************

!!
  self.initialize_options()
running egg_info
writing motor_control.egg-info/PKG-INFO
writing dependency_links to motor_control.egg-info/dependency_links.txt
writing entry points to motor_control.egg-info/entry_points.txt
writing requirements to motor_control.egg-info/requires.txt
writing top-level names to motor_control.egg-info/top_level.txt
reading manifest file 'motor_control.egg-info/SOURCES.txt'
writing manifest file 'motor_control.egg-info/SOURCES.txt'
running build_ext
Creating /home/dj/MREN203/main/mren203-ws/install/motor_control/lib/python3.10/site-packages/motor-control.egg-link (link to .)
Installing motor_driver script to /home/dj/MREN203/main/mren203-ws/install/motor_control/lib/motor_control
Installing tf_node script to /home/dj/MREN203/main/mren203-ws/install/motor_control/lib/motor_control

Installed /home/dj/MREN203/main/mren203-ws/build/motor_control
running install_data
copying resource/motor_control -> /home/dj/MREN203/main/mren203-ws/install/motor_control/share/ament_index/resource_index/packages
copying package.xml -> /home/dj/MREN203/main/mren203-ws/install/motor_control/share/motor_control
