[0.806s] Invoking command in '/home/dj/MREN203/mren203-ws/build/motor_control': PYTHONPATH=/home/dj/MREN203/mren203-ws/build/motor_control/prefix_override:/home/dj/MREN203/mren203-ws/install/motor_control/lib/python3.10/site-packages:${PYTHONPATH} /usr/bin/python3 setup.py develop --editable --build-directory /home/dj/MREN203/mren203-ws/build/motor_control/build --no-deps install_data
[1.009s] running develop
[1.140s] running egg_info
[1.140s] creating motor_control.egg-info
[1.140s] writing motor_control.egg-info/PKG-INFO
[1.141s] writing dependency_links to motor_control.egg-info/dependency_links.txt
[1.141s] writing entry points to motor_control.egg-info/entry_points.txt
[1.141s] writing requirements to motor_control.egg-info/requires.txt
[1.141s] writing top-level names to motor_control.egg-info/top_level.txt
[1.141s] writing manifest file 'motor_control.egg-info/SOURCES.txt'
[1.142s] reading manifest file 'motor_control.egg-info/SOURCES.txt'
[1.142s] writing manifest file 'motor_control.egg-info/SOURCES.txt'
[1.143s] running build_ext
[1.143s] Creating /home/dj/MREN203/mren203-ws/install/motor_control/lib/python3.10/site-packages/motor-control.egg-link (link to .)
[1.144s] Installing motor_driver script to /home/dj/MREN203/mren203-ws/install/motor_control/lib/motor_control
[1.144s] 
[1.144s] Installed /home/dj/MREN203/mren203-ws/build/motor_control
[1.145s] running install_data
[1.145s] creating /home/dj/MREN203/mren203-ws/install/motor_control/share/ament_index
[1.145s] creating /home/dj/MREN203/mren203-ws/install/motor_control/share/ament_index/resource_index
[1.145s] creating /home/dj/MREN203/mren203-ws/install/motor_control/share/ament_index/resource_index/packages
[1.145s] copying resource/motor_control -> /home/dj/MREN203/mren203-ws/install/motor_control/share/ament_index/resource_index/packages
[1.145s] copying package.xml -> /home/dj/MREN203/mren203-ws/install/motor_control/share/motor_control
[1.174s] Invoked command in '/home/dj/MREN203/mren203-ws/build/motor_control' returned '0': PYTHONPATH=/home/dj/MREN203/mren203-ws/build/motor_control/prefix_override:/home/dj/MREN203/mren203-ws/install/motor_control/lib/python3.10/site-packages:${PYTHONPATH} /usr/bin/python3 setup.py develop --editable --build-directory /home/dj/MREN203/mren203-ws/build/motor_control/build --no-deps install_data
