[5.232s] Invoking command in '/home/steve/mren203-ws/build/joystick_ros2': PYTHONPATH=/home/steve/mren203-ws/build/joystick_ros2/prefix_override:/home/steve/mren203-ws/install/joystick_ros2/lib/python3.10/site-packages:${PYTHONPATH} /usr/bin/python3 setup.py develop --editable --build-directory /home/steve/mren203-ws/build/joystick_ros2/build --no-deps install_data
[6.518s] running develop
[6.519s] /usr/lib/python3/dist-packages/setuptools/command/easy_install.py:158: EasyInstallDeprecationWarning: easy_install command is deprecated. Use build and pip and other standards-based tools.
[6.520s]   warnings.warn(
[6.526s] /usr/lib/python3/dist-packages/setuptools/command/install.py:34: SetuptoolsDeprecationWarning: setup.py install is deprecated. Use build and pip and other standards-based tools.
[6.526s]   warnings.warn(
[7.351s] running egg_info
[7.352s] creating joystick_ros2.egg-info
[7.354s] writing joystick_ros2.egg-info/PKG-INFO
[7.356s] writing dependency_links to joystick_ros2.egg-info/dependency_links.txt
[7.357s] writing entry points to joystick_ros2.egg-info/entry_points.txt
[7.358s] writing requirements to joystick_ros2.egg-info/requires.txt
[7.359s] writing top-level names to joystick_ros2.egg-info/top_level.txt
[7.360s] writing manifest file 'joystick_ros2.egg-info/SOURCES.txt'
[7.363s] reading manifest file 'joystick_ros2.egg-info/SOURCES.txt'
[7.365s] writing manifest file 'joystick_ros2.egg-info/SOURCES.txt'
[7.372s] running build_ext
[7.373s] Creating /home/steve/mren203-ws/install/joystick_ros2/lib/python3.10/site-packages/joystick-ros2.egg-link (link to .)
[7.377s] Installing joystick_ros2 script to /home/steve/mren203-ws/install/joystick_ros2/lib/joystick_ros2
[7.379s] 
[7.380s] Installed /home/steve/mren203-ws/build/joystick_ros2
[7.381s] running install_data
[7.383s] creating /home/steve/mren203-ws/install/joystick_ros2/share/ament_index
[7.384s] creating /home/steve/mren203-ws/install/joystick_ros2/share/ament_index/resource_index
[7.386s] creating /home/steve/mren203-ws/install/joystick_ros2/share/ament_index/resource_index/packages
[7.388s] copying resource/joystick_ros2 -> /home/steve/mren203-ws/install/joystick_ros2/share/ament_index/resource_index/packages
[7.396s] creating /home/steve/mren203-ws/install/joystick_ros2/shared
[7.400s] creating /home/steve/mren203-ws/install/joystick_ros2/shared/joystick_ros2
[7.406s] copying package.xml -> /home/steve/mren203-ws/install/joystick_ros2/shared/joystick_ros2
[7.590s] Invoked command in '/home/steve/mren203-ws/build/joystick_ros2' returned '0': PYTHONPATH=/home/steve/mren203-ws/build/joystick_ros2/prefix_override:/home/steve/mren203-ws/install/joystick_ros2/lib/python3.10/site-packages:${PYTHONPATH} /usr/bin/python3 setup.py develop --editable --build-directory /home/steve/mren203-ws/build/joystick_ros2/build --no-deps install_data
