[0.872s] Invoking command in '/home/steve/mren203-ws/build/steve_launch': CMAKE_PREFIX_PATH=${CMAKE_PREFIX_PATH}:/home/steve/mren203-ws/install/testing:/home/steve/mren203-ws/install/steve_ui:/home/steve/mren203-ws/install/motor_control:/home/steve/mren203-ws/install/joystick_ros2:/opt/ros/humble /usr/bin/cmake --build /home/steve/mren203-ws/build/steve_launch -- -j4 -l4
[1.372s] Invoked command in '/home/steve/mren203-ws/build/steve_launch' returned '0': CMAKE_PREFIX_PATH=${CMAKE_PREFIX_PATH}:/home/steve/mren203-ws/install/testing:/home/steve/mren203-ws/install/steve_ui:/home/steve/mren203-ws/install/motor_control:/home/steve/mren203-ws/install/joystick_ros2:/opt/ros/humble /usr/bin/cmake --build /home/steve/mren203-ws/build/steve_launch -- -j4 -l4
[1.521s] Invoking command in '/home/steve/mren203-ws/build/steve_launch': CMAKE_PREFIX_PATH=${CMAKE_PREFIX_PATH}:/home/steve/mren203-ws/install/testing:/home/steve/mren203-ws/install/steve_ui:/home/steve/mren203-ws/install/motor_control:/home/steve/mren203-ws/install/joystick_ros2:/opt/ros/humble /usr/bin/cmake --install /home/steve/mren203-ws/build/steve_launch
[1.555s] -- Install configuration: ""
[1.557s] -- Execute custom install script
[1.560s] -- Up-to-date symlink: /home/steve/mren203-ws/install/steve_launch/share/steve_launch/launch/all_launch.launch
[1.562s] -- Up-to-date symlink: /home/steve/mren203-ws/install/steve_launch/share/steve_launch/launch/ekf.launch.py
[1.563s] -- Up-to-date symlink: /home/steve/mren203-ws/install/steve_launch/share/steve_launch/launch/fsm_sensors.launch
[1.564s] -- Up-to-date symlink: /home/steve/mren203-ws/install/steve_launch/share/steve_launch/launch/manual_control.launch
[1.564s] -- Up-to-date symlink: /home/steve/mren203-ws/install/steve_launch/share/steve_launch/launch/online_sync_launch.launch.py
[1.565s] -- Up-to-date symlink: /home/steve/mren203-ws/install/steve_launch/share/steve_launch/launch/webcam.launch
[1.567s] -- Up-to-date symlink: /home/steve/mren203-ws/install/steve_launch/share/steve_launch/params/ekf.yaml
[1.568s] -- Up-to-date symlink: /home/steve/mren203-ws/install/steve_launch/share/steve_launch/params/mapper_params_online_sync.yaml
[1.569s] -- Up-to-date symlink: /home/steve/mren203-ws/install/steve_launch/share/ament_index/resource_index/package_run_dependencies/steve_launch
[1.570s] -- Up-to-date symlink: /home/steve/mren203-ws/install/steve_launch/share/ament_index/resource_index/parent_prefix_path/steve_launch
[1.571s] -- Up-to-date symlink: /home/steve/mren203-ws/install/steve_launch/share/steve_launch/environment/ament_prefix_path.sh
[1.573s] -- Up-to-date symlink: /home/steve/mren203-ws/install/steve_launch/share/steve_launch/environment/ament_prefix_path.dsv
[1.574s] -- Up-to-date symlink: /home/steve/mren203-ws/install/steve_launch/share/steve_launch/environment/path.sh
[1.574s] -- Up-to-date symlink: /home/steve/mren203-ws/install/steve_launch/share/steve_launch/environment/path.dsv
[1.575s] -- Up-to-date symlink: /home/steve/mren203-ws/install/steve_launch/share/steve_launch/local_setup.bash
[1.577s] -- Up-to-date symlink: /home/steve/mren203-ws/install/steve_launch/share/steve_launch/local_setup.sh
[1.578s] -- Up-to-date symlink: /home/steve/mren203-ws/install/steve_launch/share/steve_launch/local_setup.zsh
[1.579s] -- Up-to-date symlink: /home/steve/mren203-ws/install/steve_launch/share/steve_launch/local_setup.dsv
[1.580s] -- Symlinking: /home/steve/mren203-ws/install/steve_launch/share/steve_launch/package.dsv
[1.617s] -- Up-to-date symlink: /home/steve/mren203-ws/install/steve_launch/share/ament_index/resource_index/packages/steve_launch
[1.618s] -- Up-to-date symlink: /home/steve/mren203-ws/install/steve_launch/share/steve_launch/cmake/steve_launchConfig.cmake
[1.619s] -- Up-to-date symlink: /home/steve/mren203-ws/install/steve_launch/share/steve_launch/cmake/steve_launchConfig-version.cmake
[1.621s] -- Up-to-date symlink: /home/steve/mren203-ws/install/steve_launch/share/steve_launch/package.xml
[2.480s] Invoked command in '/home/steve/mren203-ws/build/steve_launch' returned '0': CMAKE_PREFIX_PATH=${CMAKE_PREFIX_PATH}:/home/steve/mren203-ws/install/testing:/home/steve/mren203-ws/install/steve_ui:/home/steve/mren203-ws/install/motor_control:/home/steve/mren203-ws/install/joystick_ros2:/opt/ros/humble /usr/bin/cmake --install /home/steve/mren203-ws/build/steve_launch
