[6.426s] Invoking command in '/home/steve/mren203-ws/build/joystick_ros2': PYTHONPATH=/home/steve/mren203-ws/build/joystick_ros2/prefix_override:/home/steve/mren203-ws/install/joystick_ros2/lib/python3.10/site-packages:${PYTHONPATH} /usr/bin/python3 setup.py develop --editable --build-directory /home/steve/mren203-ws/build/joystick_ros2/build --no-deps install_data
[8.254s] running develop
[8.256s] /usr/lib/python3/dist-packages/setuptools/command/easy_install.py:158: EasyInstallDeprecationWarning: easy_install command is deprecated. Use build and pip and other standards-based tools.
[8.256s]   warnings.warn(
[8.262s] /usr/lib/python3/dist-packages/setuptools/command/install.py:34: SetuptoolsDeprecationWarning: setup.py install is deprecated. Use build and pip and other standards-based tools.
[8.262s]   warnings.warn(
[9.487s] running egg_info
[9.488s] creating joystick_ros2.egg-info
[9.489s] writing joystick_ros2.egg-info/PKG-INFO
[9.490s] writing dependency_links to joystick_ros2.egg-info/dependency_links.txt
[9.491s] writing entry points to joystick_ros2.egg-info/entry_points.txt
[9.491s] writing requirements to joystick_ros2.egg-info/requires.txt
[9.492s] writing top-level names to joystick_ros2.egg-info/top_level.txt
[9.493s] writing manifest file 'joystick_ros2.egg-info/SOURCES.txt'
[9.501s] reading manifest file 'joystick_ros2.egg-info/SOURCES.txt'
[9.504s] writing manifest file 'joystick_ros2.egg-info/SOURCES.txt'
[9.511s] running build_ext
[9.512s] Creating /home/steve/mren203-ws/install/joystick_ros2/lib/python3.10/site-packages/joystick-ros2.egg-link (link to .)
[9.518s] Installing joystick_ros2 script to /home/steve/mren203-ws/install/joystick_ros2/lib/joystick_ros2
[9.520s] 
[9.521s] Installed /home/steve/mren203-ws/build/joystick_ros2
[9.522s] running install_data
[9.523s] creating /home/steve/mren203-ws/install/joystick_ros2/share/ament_index
[9.523s] creating /home/steve/mren203-ws/install/joystick_ros2/share/ament_index/resource_index
[9.524s] creating /home/steve/mren203-ws/install/joystick_ros2/share/ament_index/resource_index/packages
[9.525s] copying resource/joystick_ros2 -> /home/steve/mren203-ws/install/joystick_ros2/share/ament_index/resource_index/packages
[9.526s] creating /home/steve/mren203-ws/install/joystick_ros2/shared
[9.527s] creating /home/steve/mren203-ws/install/joystick_ros2/shared/joystick_ros2
[9.529s] copying package.xml -> /home/steve/mren203-ws/install/joystick_ros2/shared/joystick_ros2
[9.775s] Invoked command in '/home/steve/mren203-ws/build/joystick_ros2' returned '0': PYTHONPATH=/home/steve/mren203-ws/build/joystick_ros2/prefix_override:/home/steve/mren203-ws/install/joystick_ros2/lib/python3.10/site-packages:${PYTHONPATH} /usr/bin/python3 setup.py develop --editable --build-directory /home/steve/mren203-ws/build/joystick_ros2/build --no-deps install_data
