[1.146s] Invoking command in '/home/steve/mren203-ws/build/steve_msgs': CMAKE_PREFIX_PATH=${CMAKE_PREFIX_PATH}:/home/steve/mren203-ws/install/testing:/home/steve/mren203-ws/install/steve_ui:/home/steve/mren203-ws/install/motor_control:/home/steve/mren203-ws/install/joystick_ros2:/opt/ros/humble /usr/bin/cmake /home/steve/mren203-ws/src/steve_msgs -DAMENT_CMAKE_SYMLINK_INSTALL=1 -DCMAKE_INSTALL_PREFIX=/home/steve/mren203-ws/install/steve_msgs
[2.914s] -- The C compiler identification is GNU 11.4.0
[2.915s] -- The CXX compiler identification is GNU 11.4.0
[2.916s] -- Detecting C compiler ABI info
[2.916s] -- Detecting C compiler ABI info - done
[2.917s] -- Check for working C compiler: /usr/bin/cc - skipped
[2.917s] -- Detecting C compile features
[2.918s] -- Detecting C compile features - done
[2.918s] -- Detecting CXX compiler ABI info
[2.920s] -- Detecting CXX compiler ABI info - done
[2.921s] -- Check for working CXX compiler: /usr/bin/c++ - skipped
[2.922s] -- Detecting CXX compile features
[2.922s] -- Detecting CXX compile features - done
[2.924s] -- Found ament_cmake: 1.3.8 (/opt/ros/humble/share/ament_cmake/cmake)
[3.353s] -- Found Python3: /usr/bin/python3 (found version "3.10.12") found components: Interpreter 
[3.790s] -- Override CMake install command with custom implementation using symlinks instead of copying resources
[4.149s] -- Found rosidl_default_generators: 1.2.0 (/opt/ros/humble/share/rosidl_default_generators/cmake)
[4.182s] -- Using all available rosidl_typesupport_c: rosidl_typesupport_fastrtps_c;rosidl_typesupport_introspection_c
[4.259s] -- Found rosidl_adapter: 3.1.5 (/opt/ros/humble/share/rosidl_adapter/cmake)
[4.634s] -- Using all available rosidl_typesupport_cpp: rosidl_typesupport_fastrtps_cpp;rosidl_typesupport_introspection_cpp
[6.741s] -- Found ament_cmake_ros: 0.10.0 (/opt/ros/humble/share/ament_cmake_ros/cmake)
[7.911s] -- Using all available rosidl_typesupport_c: rosidl_typesupport_fastrtps_c;rosidl_typesupport_introspection_c
[9.437s] -- Using all available rosidl_typesupport_cpp: rosidl_typesupport_fastrtps_cpp;rosidl_typesupport_introspection_cpp
[9.578s] -- Found PythonInterp: /usr/bin/python3 (found suitable version "3.10.12", minimum required is "3.6") 
[9.601s] -- Found python_cmake_module: 0.10.0 (/opt/ros/humble/share/python_cmake_module/cmake)
[9.749s] -- Found PythonLibs: /usr/lib/aarch64-linux-gnu/libpython3.10.so (found suitable version "3.10.12", minimum required is "3.5") 
[9.750s] -- Using PYTHON_EXECUTABLE: /usr/bin/python3
[9.751s] -- Using PYTHON_INCLUDE_DIRS: /usr/include/python3.10
[9.753s] -- Using PYTHON_LIBRARIES: /usr/lib/aarch64-linux-gnu/libpython3.10.so
[9.871s] -- Found PythonExtra: .so  
[10.084s] -- Found ament_lint_auto: 0.12.10 (/opt/ros/humble/share/ament_lint_auto/cmake)
[10.294s] -- Added test 'lint_cmake' to check CMake code style
[10.302s] -- Added test 'xmllint' to check XML markup files
[10.331s] -- Configuring done
[10.530s] -- Generating done
[10.546s] -- Build files have been written to: /home/steve/mren203-ws/build/steve_msgs
[11.031s] Invoked command in '/home/steve/mren203-ws/build/steve_msgs' returned '0': CMAKE_PREFIX_PATH=${CMAKE_PREFIX_PATH}:/home/steve/mren203-ws/install/testing:/home/steve/mren203-ws/install/steve_ui:/home/steve/mren203-ws/install/motor_control:/home/steve/mren203-ws/install/joystick_ros2:/opt/ros/humble /usr/bin/cmake /home/steve/mren203-ws/src/steve_msgs -DAMENT_CMAKE_SYMLINK_INSTALL=1 -DCMAKE_INSTALL_PREFIX=/home/steve/mren203-ws/install/steve_msgs
[11.040s] Invoking command in '/home/steve/mren203-ws/build/steve_msgs': CMAKE_PREFIX_PATH=${CMAKE_PREFIX_PATH}:/home/steve/mren203-ws/install/testing:/home/steve/mren203-ws/install/steve_ui:/home/steve/mren203-ws/install/motor_control:/home/steve/mren203-ws/install/joystick_ros2:/opt/ros/humble /usr/bin/cmake --build /home/steve/mren203-ws/build/steve_msgs -- -j4 -l4
[11.251s] [  1%] [34m[1mGenerating C code for ROS interfaces[0m
[11.383s] [  3%] [34m[1mGenerating C++ code for ROS interfaces[0m
[11.476s] [  3%] Built target ament_cmake_python_symlink_steve_msgs
[13.723s] running egg_info
[13.724s] creating steve_msgs.egg-info
[13.725s] writing steve_msgs.egg-info/PKG-INFO
[13.727s] writing dependency_links to steve_msgs.egg-info/dependency_links.txt
[13.728s] writing top-level names to steve_msgs.egg-info/top_level.txt
[13.728s] writing manifest file 'steve_msgs.egg-info/SOURCES.txt'
[13.739s] reading manifest file 'steve_msgs.egg-info/SOURCES.txt'
[13.759s] writing manifest file 'steve_msgs.egg-info/SOURCES.txt'
[14.163s] [  3%] Built target ament_cmake_python_build_steve_msgs_egg
[15.152s] [  5%] [32mBuilding C object CMakeFiles/steve_msgs__rosidl_generator_c.dir/rosidl_generator_c/steve_msgs/msg/detail/sensor_data__functions.c.o[0m
[15.157s] [  7%] [32mBuilding C object CMakeFiles/steve_msgs__rosidl_generator_c.dir/rosidl_generator_c/steve_msgs/msg/detail/control_ui__functions.c.o[0m
[15.188s] [  9%] [32mBuilding C object CMakeFiles/steve_msgs__rosidl_generator_c.dir/rosidl_generator_c/steve_msgs/msg/detail/set_points__functions.c.o[0m
[15.803s] [ 10%] [32mBuilding C object CMakeFiles/steve_msgs__rosidl_generator_c.dir/rosidl_generator_c/steve_msgs/msg/detail/motor_data__functions.c.o[0m
[16.102s] [ 10%] Built target steve_msgs__cpp
[16.252s] [ 12%] [34m[1mGenerating C++ type support dispatch for ROS interfaces[0m
[16.268s] [ 14%] [34m[1mGenerating C++ introspection for ROS interfaces[0m
[16.283s] [ 16%] [34m[1mGenerating C++ type support for eProsima Fast-RTPS[0m
[16.336s] [ 18%] [32m[1mLinking C shared library libsteve_msgs__rosidl_generator_c.so[0m
[16.771s] [ 18%] Built target steve_msgs__rosidl_generator_c
[16.930s] [ 20%] [34m[1mGenerating C type support for eProsima Fast-RTPS[0m
[22.357s] [ 21%] [32mBuilding CXX object CMakeFiles/steve_msgs__rosidl_typesupport_fastrtps_c.dir/rosidl_typesupport_fastrtps_c/steve_msgs/msg/detail/control_ui__type_support_c.cpp.o[0m
[22.682s] [ 23%] [32mBuilding CXX object CMakeFiles/steve_msgs__rosidl_typesupport_cpp.dir/rosidl_typesupport_cpp/steve_msgs/msg/control_ui__type_support.cpp.o[0m
[23.570s] [ 25%] [32mBuilding CXX object CMakeFiles/steve_msgs__rosidl_typesupport_introspection_cpp.dir/rosidl_typesupport_introspection_cpp/steve_msgs/msg/detail/control_ui__type_support.cpp.o[0m
[24.150s] [ 27%] [32mBuilding CXX object CMakeFiles/steve_msgs__rosidl_typesupport_fastrtps_cpp.dir/rosidl_typesupport_fastrtps_cpp/steve_msgs/msg/detail/dds_fastrtps/control_ui__type_support.cpp.o[0m
[26.789s] [ 29%] [32mBuilding CXX object CMakeFiles/steve_msgs__rosidl_typesupport_cpp.dir/rosidl_typesupport_cpp/steve_msgs/msg/sensor_data__type_support.cpp.o[0m
[27.194s] [ 30%] [32mBuilding CXX object CMakeFiles/steve_msgs__rosidl_typesupport_fastrtps_c.dir/rosidl_typesupport_fastrtps_c/steve_msgs/msg/detail/sensor_data__type_support_c.cpp.o[0m
[28.768s] [ 32%] [32mBuilding CXX object CMakeFiles/steve_msgs__rosidl_typesupport_introspection_cpp.dir/rosidl_typesupport_introspection_cpp/steve_msgs/msg/detail/sensor_data__type_support.cpp.o[0m
[29.945s] [ 34%] [32mBuilding CXX object CMakeFiles/steve_msgs__rosidl_typesupport_fastrtps_cpp.dir/rosidl_typesupport_fastrtps_cpp/steve_msgs/msg/detail/dds_fastrtps/sensor_data__type_support.cpp.o[0m
[30.733s] [ 36%] [32mBuilding CXX object CMakeFiles/steve_msgs__rosidl_typesupport_cpp.dir/rosidl_typesupport_cpp/steve_msgs/msg/set_points__type_support.cpp.o[0m
[31.223s] [ 38%] [32mBuilding CXX object CMakeFiles/steve_msgs__rosidl_typesupport_fastrtps_c.dir/rosidl_typesupport_fastrtps_c/steve_msgs/msg/detail/set_points__type_support_c.cpp.o[0m
[32.538s] [ 40%] [32mBuilding CXX object CMakeFiles/steve_msgs__rosidl_typesupport_introspection_cpp.dir/rosidl_typesupport_introspection_cpp/steve_msgs/msg/detail/set_points__type_support.cpp.o[0m
[32.693s] [ 41%] [32mBuilding CXX object CMakeFiles/steve_msgs__rosidl_typesupport_cpp.dir/rosidl_typesupport_cpp/steve_msgs/msg/motor_data__type_support.cpp.o[0m
[34.165s] [ 43%] [32mBuilding CXX object CMakeFiles/steve_msgs__rosidl_typesupport_fastrtps_c.dir/rosidl_typesupport_fastrtps_c/steve_msgs/msg/detail/motor_data__type_support_c.cpp.o[0m
[34.288s] [ 45%] [32mBuilding CXX object CMakeFiles/steve_msgs__rosidl_typesupport_fastrtps_cpp.dir/rosidl_typesupport_fastrtps_cpp/steve_msgs/msg/detail/dds_fastrtps/set_points__type_support.cpp.o[0m
[34.607s] [ 47%] [32m[1mLinking CXX shared library libsteve_msgs__rosidl_typesupport_cpp.so[0m
[35.039s] [ 47%] Built target steve_msgs__rosidl_typesupport_cpp
[35.173s] [ 49%] [34m[1mGenerating C introspection for ROS interfaces[0m
[35.499s] [ 50%] [32mBuilding CXX object CMakeFiles/steve_msgs__rosidl_typesupport_introspection_cpp.dir/rosidl_typesupport_introspection_cpp/steve_msgs/msg/detail/motor_data__type_support.cpp.o[0m
[36.783s] [ 52%] [32m[1mLinking CXX shared library libsteve_msgs__rosidl_typesupport_fastrtps_c.so[0m
[37.484s] [ 52%] Built target steve_msgs__rosidl_typesupport_fastrtps_c
[37.604s] [ 54%] [34m[1mGenerating C type support dispatch for ROS interfaces[0m
[37.913s] [ 56%] [32mBuilding CXX object CMakeFiles/steve_msgs__rosidl_typesupport_fastrtps_cpp.dir/rosidl_typesupport_fastrtps_cpp/steve_msgs/msg/detail/dds_fastrtps/motor_data__type_support.cpp.o[0m
[38.454s] [ 58%] [32m[1mLinking CXX shared library libsteve_msgs__rosidl_typesupport_introspection_cpp.so[0m
[38.788s] [ 58%] Built target steve_msgs__rosidl_typesupport_introspection_cpp
[38.952s] [ 60%] [32mBuilding C object CMakeFiles/steve_msgs__rosidl_typesupport_introspection_c.dir/rosidl_typesupport_introspection_c/steve_msgs/msg/detail/control_ui__type_support.c.o[0m
[38.991s] [ 61%] [32mBuilding C object CMakeFiles/steve_msgs__rosidl_typesupport_introspection_c.dir/rosidl_typesupport_introspection_c/steve_msgs/msg/detail/sensor_data__type_support.c.o[0m
[39.246s] [ 63%] [32mBuilding C object CMakeFiles/steve_msgs__rosidl_typesupport_introspection_c.dir/rosidl_typesupport_introspection_c/steve_msgs/msg/detail/set_points__type_support.c.o[0m
[39.302s] [ 65%] [32mBuilding C object CMakeFiles/steve_msgs__rosidl_typesupport_introspection_c.dir/rosidl_typesupport_introspection_c/steve_msgs/msg/detail/motor_data__type_support.c.o[0m
[39.580s] [ 67%] [32m[1mLinking C shared library libsteve_msgs__rosidl_typesupport_introspection_c.so[0m
[39.758s] [ 67%] Built target steve_msgs__rosidl_typesupport_introspection_c
[40.204s] [ 69%] [32mBuilding CXX object CMakeFiles/steve_msgs__rosidl_typesupport_c.dir/rosidl_typesupport_c/steve_msgs/msg/control_ui__type_support.cpp.o[0m
[40.218s] [ 70%] [32mBuilding CXX object CMakeFiles/steve_msgs__rosidl_typesupport_c.dir/rosidl_typesupport_c/steve_msgs/msg/sensor_data__type_support.cpp.o[0m
[40.240s] [ 72%] [32mBuilding CXX object CMakeFiles/steve_msgs__rosidl_typesupport_c.dir/rosidl_typesupport_c/steve_msgs/msg/set_points__type_support.cpp.o[0m
[40.416s] [ 74%] [32mBuilding CXX object CMakeFiles/steve_msgs__rosidl_typesupport_c.dir/rosidl_typesupport_c/steve_msgs/msg/motor_data__type_support.cpp.o[0m
[40.572s] [ 76%] [32m[1mLinking CXX shared library libsteve_msgs__rosidl_typesupport_c.so[0m
[40.735s] [ 78%] [32m[1mLinking CXX shared library libsteve_msgs__rosidl_typesupport_fastrtps_cpp.so[0m
[40.764s] [ 78%] Built target steve_msgs__rosidl_typesupport_c
[41.081s] [ 78%] Built target steve_msgs__rosidl_typesupport_fastrtps_cpp
[41.164s] [ 78%] Built target steve_msgs
[41.248s] [ 80%] [34m[1mGenerating Python code for ROS interfaces[0m
[44.890s] [ 80%] Built target steve_msgs__py
[44.981s] [ 81%] [32mBuilding C object CMakeFiles/steve_msgs__rosidl_generator_py.dir/rosidl_generator_py/steve_msgs/msg/_control_ui_s.c.o[0m
[44.986s] [ 83%] [32mBuilding C object CMakeFiles/steve_msgs__rosidl_generator_py.dir/rosidl_generator_py/steve_msgs/msg/_sensor_data_s.c.o[0m
[44.987s] [ 85%] [32mBuilding C object CMakeFiles/steve_msgs__rosidl_generator_py.dir/rosidl_generator_py/steve_msgs/msg/_set_points_s.c.o[0m
[45.542s] [ 87%] [32mBuilding C object CMakeFiles/steve_msgs__rosidl_generator_py.dir/rosidl_generator_py/steve_msgs/msg/_motor_data_s.c.o[0m
[46.025s] [ 89%] [32m[1mLinking C shared library rosidl_generator_py/steve_msgs/libsteve_msgs__rosidl_generator_py.so[0m
[46.212s] [ 89%] Built target steve_msgs__rosidl_generator_py
[46.310s] [ 90%] [32mBuilding C object CMakeFiles/steve_msgs__rosidl_typesupport_fastrtps_c__pyext.dir/rosidl_generator_py/steve_msgs/_steve_msgs_s.ep.rosidl_typesupport_fastrtps_c.c.o[0m
[46.318s] [ 92%] [32mBuilding C object CMakeFiles/steve_msgs__rosidl_typesupport_introspection_c__pyext.dir/rosidl_generator_py/steve_msgs/_steve_msgs_s.ep.rosidl_typesupport_introspection_c.c.o[0m
[46.323s] [ 94%] [32mBuilding C object CMakeFiles/steve_msgs__rosidl_typesupport_c__pyext.dir/rosidl_generator_py/steve_msgs/_steve_msgs_s.ep.rosidl_typesupport_c.c.o[0m
[46.865s] [ 96%] [32m[1mLinking C shared library rosidl_generator_py/steve_msgs/steve_msgs_s__rosidl_typesupport_c.cpython-310-aarch64-linux-gnu.so[0m
[46.881s] [ 98%] [32m[1mLinking C shared library rosidl_generator_py/steve_msgs/steve_msgs_s__rosidl_typesupport_introspection_c.cpython-310-aarch64-linux-gnu.so[0m
[46.929s] [100%] [32m[1mLinking C shared library rosidl_generator_py/steve_msgs/steve_msgs_s__rosidl_typesupport_fastrtps_c.cpython-310-aarch64-linux-gnu.so[0m
[47.070s] [100%] Built target steve_msgs__rosidl_typesupport_c__pyext
[47.098s] [100%] Built target steve_msgs__rosidl_typesupport_introspection_c__pyext
[47.137s] [100%] Built target steve_msgs__rosidl_typesupport_fastrtps_c__pyext
[47.183s] Invoked command in '/home/steve/mren203-ws/build/steve_msgs' returned '0': CMAKE_PREFIX_PATH=${CMAKE_PREFIX_PATH}:/home/steve/mren203-ws/install/testing:/home/steve/mren203-ws/install/steve_ui:/home/steve/mren203-ws/install/motor_control:/home/steve/mren203-ws/install/joystick_ros2:/opt/ros/humble /usr/bin/cmake --build /home/steve/mren203-ws/build/steve_msgs -- -j4 -l4
[47.895s] Invoking command in '/home/steve/mren203-ws/build/steve_msgs': CMAKE_PREFIX_PATH=${CMAKE_PREFIX_PATH}:/home/steve/mren203-ws/install/testing:/home/steve/mren203-ws/install/steve_ui:/home/steve/mren203-ws/install/motor_control:/home/steve/mren203-ws/install/joystick_ros2:/opt/ros/humble /usr/bin/cmake --install /home/steve/mren203-ws/build/steve_msgs
[47.923s] -- Install configuration: ""
[47.925s] -- Execute custom install script
[47.927s] -- Symlinking: /home/steve/mren203-ws/install/steve_msgs/share/ament_index/resource_index/rosidl_interfaces/steve_msgs
[47.963s] -- Symlinking: /home/steve/mren203-ws/install/steve_msgs/include/steve_msgs/steve_msgs/msg/control_ui.h
[47.996s] -- Symlinking: /home/steve/mren203-ws/install/steve_msgs/include/steve_msgs/steve_msgs/msg/detail/control_ui__functions.h
[48.028s] -- Symlinking: /home/steve/mren203-ws/install/steve_msgs/include/steve_msgs/steve_msgs/msg/detail/control_ui__struct.h
[48.061s] -- Symlinking: /home/steve/mren203-ws/install/steve_msgs/include/steve_msgs/steve_msgs/msg/detail/control_ui__type_support.h
[48.094s] -- Symlinking: /home/steve/mren203-ws/install/steve_msgs/include/steve_msgs/steve_msgs/msg/detail/motor_data__functions.h
[48.127s] -- Symlinking: /home/steve/mren203-ws/install/steve_msgs/include/steve_msgs/steve_msgs/msg/detail/motor_data__struct.h
[48.159s] -- Symlinking: /home/steve/mren203-ws/install/steve_msgs/include/steve_msgs/steve_msgs/msg/detail/motor_data__type_support.h
[48.193s] -- Symlinking: /home/steve/mren203-ws/install/steve_msgs/include/steve_msgs/steve_msgs/msg/detail/sensor_data__functions.h
[48.225s] -- Symlinking: /home/steve/mren203-ws/install/steve_msgs/include/steve_msgs/steve_msgs/msg/detail/sensor_data__struct.h
[48.258s] -- Symlinking: /home/steve/mren203-ws/install/steve_msgs/include/steve_msgs/steve_msgs/msg/detail/sensor_data__type_support.h
[48.291s] -- Symlinking: /home/steve/mren203-ws/install/steve_msgs/include/steve_msgs/steve_msgs/msg/detail/set_points__functions.h
[48.323s] -- Symlinking: /home/steve/mren203-ws/install/steve_msgs/include/steve_msgs/steve_msgs/msg/detail/set_points__struct.h
[48.357s] -- Symlinking: /home/steve/mren203-ws/install/steve_msgs/include/steve_msgs/steve_msgs/msg/detail/set_points__type_support.h
[48.389s] -- Symlinking: /home/steve/mren203-ws/install/steve_msgs/include/steve_msgs/steve_msgs/msg/motor_data.h
[48.422s] -- Symlinking: /home/steve/mren203-ws/install/steve_msgs/include/steve_msgs/steve_msgs/msg/rosidl_generator_c__visibility_control.h
[48.454s] -- Symlinking: /home/steve/mren203-ws/install/steve_msgs/include/steve_msgs/steve_msgs/msg/sensor_data.h
[48.487s] -- Symlinking: /home/steve/mren203-ws/install/steve_msgs/include/steve_msgs/steve_msgs/msg/set_points.h
[48.520s] -- Symlinking: /home/steve/mren203-ws/install/steve_msgs/share/steve_msgs/environment/library_path.sh
[48.556s] -- Symlinking: /home/steve/mren203-ws/install/steve_msgs/share/steve_msgs/environment/library_path.dsv
[48.592s] -- Symlinking: /home/steve/mren203-ws/install/steve_msgs/include/steve_msgs/steve_msgs/msg/detail/control_ui__rosidl_typesupport_fastrtps_c.h
[48.625s] -- Symlinking: /home/steve/mren203-ws/install/steve_msgs/include/steve_msgs/steve_msgs/msg/detail/motor_data__rosidl_typesupport_fastrtps_c.h
[48.657s] -- Symlinking: /home/steve/mren203-ws/install/steve_msgs/include/steve_msgs/steve_msgs/msg/detail/sensor_data__rosidl_typesupport_fastrtps_c.h
[48.689s] -- Symlinking: /home/steve/mren203-ws/install/steve_msgs/include/steve_msgs/steve_msgs/msg/detail/set_points__rosidl_typesupport_fastrtps_c.h
[48.722s] -- Symlinking: /home/steve/mren203-ws/install/steve_msgs/include/steve_msgs/steve_msgs/msg/rosidl_typesupport_fastrtps_c__visibility_control.h
[48.756s] -- Symlinking: /home/steve/mren203-ws/install/steve_msgs/include/steve_msgs/steve_msgs/msg/detail/control_ui__rosidl_typesupport_introspection_c.h
[48.795s] -- Symlinking: /home/steve/mren203-ws/install/steve_msgs/include/steve_msgs/steve_msgs/msg/detail/motor_data__rosidl_typesupport_introspection_c.h
[48.828s] -- Symlinking: /home/steve/mren203-ws/install/steve_msgs/include/steve_msgs/steve_msgs/msg/detail/sensor_data__rosidl_typesupport_introspection_c.h
[48.860s] -- Symlinking: /home/steve/mren203-ws/install/steve_msgs/include/steve_msgs/steve_msgs/msg/detail/set_points__rosidl_typesupport_introspection_c.h
[48.895s] -- Symlinking: /home/steve/mren203-ws/install/steve_msgs/include/steve_msgs/steve_msgs/msg/rosidl_typesupport_introspection_c__visibility_control.h
[48.930s] -- Symlinking: /home/steve/mren203-ws/install/steve_msgs/include/steve_msgs/steve_msgs/msg/control_ui.hpp
[48.963s] -- Symlinking: /home/steve/mren203-ws/install/steve_msgs/include/steve_msgs/steve_msgs/msg/detail/control_ui__builder.hpp
[48.996s] -- Symlinking: /home/steve/mren203-ws/install/steve_msgs/include/steve_msgs/steve_msgs/msg/detail/control_ui__struct.hpp
[49.029s] -- Symlinking: /home/steve/mren203-ws/install/steve_msgs/include/steve_msgs/steve_msgs/msg/detail/control_ui__traits.hpp
[49.062s] -- Symlinking: /home/steve/mren203-ws/install/steve_msgs/include/steve_msgs/steve_msgs/msg/detail/motor_data__builder.hpp
[49.094s] -- Symlinking: /home/steve/mren203-ws/install/steve_msgs/include/steve_msgs/steve_msgs/msg/detail/motor_data__struct.hpp
[49.127s] -- Symlinking: /home/steve/mren203-ws/install/steve_msgs/include/steve_msgs/steve_msgs/msg/detail/motor_data__traits.hpp
[49.160s] -- Symlinking: /home/steve/mren203-ws/install/steve_msgs/include/steve_msgs/steve_msgs/msg/detail/sensor_data__builder.hpp
[49.193s] -- Symlinking: /home/steve/mren203-ws/install/steve_msgs/include/steve_msgs/steve_msgs/msg/detail/sensor_data__struct.hpp
[49.227s] -- Symlinking: /home/steve/mren203-ws/install/steve_msgs/include/steve_msgs/steve_msgs/msg/detail/sensor_data__traits.hpp
[49.260s] -- Symlinking: /home/steve/mren203-ws/install/steve_msgs/include/steve_msgs/steve_msgs/msg/detail/set_points__builder.hpp
[49.292s] -- Symlinking: /home/steve/mren203-ws/install/steve_msgs/include/steve_msgs/steve_msgs/msg/detail/set_points__struct.hpp
[49.326s] -- Symlinking: /home/steve/mren203-ws/install/steve_msgs/include/steve_msgs/steve_msgs/msg/detail/set_points__traits.hpp
[49.359s] -- Symlinking: /home/steve/mren203-ws/install/steve_msgs/include/steve_msgs/steve_msgs/msg/motor_data.hpp
[49.394s] -- Symlinking: /home/steve/mren203-ws/install/steve_msgs/include/steve_msgs/steve_msgs/msg/sensor_data.hpp
[49.427s] -- Symlinking: /home/steve/mren203-ws/install/steve_msgs/include/steve_msgs/steve_msgs/msg/set_points.hpp
[49.465s] -- Symlinking: /home/steve/mren203-ws/install/steve_msgs/include/steve_msgs/steve_msgs/msg/detail/control_ui__rosidl_typesupport_fastrtps_cpp.hpp
[49.499s] -- Symlinking: /home/steve/mren203-ws/install/steve_msgs/include/steve_msgs/steve_msgs/msg/detail/motor_data__rosidl_typesupport_fastrtps_cpp.hpp
[49.534s] -- Symlinking: /home/steve/mren203-ws/install/steve_msgs/include/steve_msgs/steve_msgs/msg/detail/sensor_data__rosidl_typesupport_fastrtps_cpp.hpp
[49.568s] -- Symlinking: /home/steve/mren203-ws/install/steve_msgs/include/steve_msgs/steve_msgs/msg/detail/set_points__rosidl_typesupport_fastrtps_cpp.hpp
[49.604s] -- Symlinking: /home/steve/mren203-ws/install/steve_msgs/include/steve_msgs/steve_msgs/msg/rosidl_typesupport_fastrtps_cpp__visibility_control.h
[49.642s] -- Symlinking: /home/steve/mren203-ws/install/steve_msgs/include/steve_msgs/steve_msgs/msg/detail/control_ui__rosidl_typesupport_introspection_cpp.hpp
[49.678s] -- Symlinking: /home/steve/mren203-ws/install/steve_msgs/include/steve_msgs/steve_msgs/msg/detail/motor_data__rosidl_typesupport_introspection_cpp.hpp
[49.713s] -- Symlinking: /home/steve/mren203-ws/install/steve_msgs/include/steve_msgs/steve_msgs/msg/detail/sensor_data__rosidl_typesupport_introspection_cpp.hpp
[49.747s] -- Symlinking: /home/steve/mren203-ws/install/steve_msgs/include/steve_msgs/steve_msgs/msg/detail/set_points__rosidl_typesupport_introspection_cpp.hpp
[49.780s] -- Symlinking: /home/steve/mren203-ws/install/steve_msgs/share/steve_msgs/environment/pythonpath.sh
[49.821s] -- Symlinking: /home/steve/mren203-ws/install/steve_msgs/share/steve_msgs/environment/pythonpath.dsv
[49.856s] -- Symlinking: /home/steve/mren203-ws/install/steve_msgs/local/lib/python3.10/dist-packages/steve_msgs-0.0.0-py3.10.egg-info/PKG-INFO
[49.889s] -- Symlinking: /home/steve/mren203-ws/install/steve_msgs/local/lib/python3.10/dist-packages/steve_msgs-0.0.0-py3.10.egg-info/SOURCES.txt
[49.922s] -- Symlinking: /home/steve/mren203-ws/install/steve_msgs/local/lib/python3.10/dist-packages/steve_msgs-0.0.0-py3.10.egg-info/dependency_links.txt
[49.955s] -- Symlinking: /home/steve/mren203-ws/install/steve_msgs/local/lib/python3.10/dist-packages/steve_msgs-0.0.0-py3.10.egg-info/top_level.txt
[49.994s] -- Symlinking: /home/steve/mren203-ws/install/steve_msgs/local/lib/python3.10/dist-packages/steve_msgs/__init__.py
[50.027s] -- Symlinking: /home/steve/mren203-ws/install/steve_msgs/local/lib/python3.10/dist-packages/steve_msgs/_steve_msgs_s.ep.rosidl_typesupport_c.c
[50.060s] -- Symlinking: /home/steve/mren203-ws/install/steve_msgs/local/lib/python3.10/dist-packages/steve_msgs/_steve_msgs_s.ep.rosidl_typesupport_fastrtps_c.c
[50.093s] -- Symlinking: /home/steve/mren203-ws/install/steve_msgs/local/lib/python3.10/dist-packages/steve_msgs/_steve_msgs_s.ep.rosidl_typesupport_introspection_c.c
[50.126s] -- Symlinking: /home/steve/mren203-ws/install/steve_msgs/local/lib/python3.10/dist-packages/steve_msgs/libsteve_msgs__rosidl_generator_py.so
[50.160s] -- Symlinking: /home/steve/mren203-ws/install/steve_msgs/local/lib/python3.10/dist-packages/steve_msgs/msg/__init__.py
[50.194s] -- Symlinking: /home/steve/mren203-ws/install/steve_msgs/local/lib/python3.10/dist-packages/steve_msgs/msg/_control_ui.py
[50.227s] -- Symlinking: /home/steve/mren203-ws/install/steve_msgs/local/lib/python3.10/dist-packages/steve_msgs/msg/_control_ui_s.c
[50.260s] -- Symlinking: /home/steve/mren203-ws/install/steve_msgs/local/lib/python3.10/dist-packages/steve_msgs/msg/_motor_data.py
[50.294s] -- Symlinking: /home/steve/mren203-ws/install/steve_msgs/local/lib/python3.10/dist-packages/steve_msgs/msg/_motor_data_s.c
[50.327s] -- Symlinking: /home/steve/mren203-ws/install/steve_msgs/local/lib/python3.10/dist-packages/steve_msgs/msg/_sensor_data.py
[50.360s] -- Symlinking: /home/steve/mren203-ws/install/steve_msgs/local/lib/python3.10/dist-packages/steve_msgs/msg/_sensor_data_s.c
[50.393s] -- Symlinking: /home/steve/mren203-ws/install/steve_msgs/local/lib/python3.10/dist-packages/steve_msgs/msg/_set_points.py
[50.426s] -- Symlinking: /home/steve/mren203-ws/install/steve_msgs/local/lib/python3.10/dist-packages/steve_msgs/msg/_set_points_s.c
[50.460s] -- Symlinking: /home/steve/mren203-ws/install/steve_msgs/local/lib/python3.10/dist-packages/steve_msgs/steve_msgs_s__rosidl_typesupport_c.cpython-310-aarch64-linux-gnu.so
[50.492s] -- Symlinking: /home/steve/mren203-ws/install/steve_msgs/local/lib/python3.10/dist-packages/steve_msgs/steve_msgs_s__rosidl_typesupport_fastrtps_c.cpython-310-aarch64-linux-gnu.so
[50.524s] -- Symlinking: /home/steve/mren203-ws/install/steve_msgs/local/lib/python3.10/dist-packages/steve_msgs/steve_msgs_s__rosidl_typesupport_introspection_c.cpython-310-aarch64-linux-gnu.so
[50.559s] -- Up-to-date symlink: /home/steve/mren203-ws/install/steve_msgs/local/lib/python3.10/dist-packages/steve_msgs/steve_msgs_s__rosidl_typesupport_fastrtps_c.cpython-310-aarch64-linux-gnu.so
[50.561s] -- Up-to-date symlink: /home/steve/mren203-ws/install/steve_msgs/local/lib/python3.10/dist-packages/steve_msgs/steve_msgs_s__rosidl_typesupport_introspection_c.cpython-310-aarch64-linux-gnu.so
[50.563s] -- Up-to-date symlink: /home/steve/mren203-ws/install/steve_msgs/local/lib/python3.10/dist-packages/steve_msgs/steve_msgs_s__rosidl_typesupport_c.cpython-310-aarch64-linux-gnu.so
[50.564s] -- Symlinking: /home/steve/mren203-ws/install/steve_msgs/share/steve_msgs/msg/ControlUI.idl
[50.597s] -- Symlinking: /home/steve/mren203-ws/install/steve_msgs/share/steve_msgs/msg/SensorData.idl
[50.631s] -- Symlinking: /home/steve/mren203-ws/install/steve_msgs/share/steve_msgs/msg/SetPoints.idl
[50.664s] -- Symlinking: /home/steve/mren203-ws/install/steve_msgs/share/steve_msgs/msg/MotorData.idl
[50.697s] -- Symlinking: /home/steve/mren203-ws/install/steve_msgs/share/steve_msgs/msg/ControlUI.msg
[50.730s] -- Symlinking: /home/steve/mren203-ws/install/steve_msgs/share/steve_msgs/msg/SensorData.msg
[50.763s] -- Symlinking: /home/steve/mren203-ws/install/steve_msgs/share/steve_msgs/msg/SetPoints.msg
[50.796s] -- Symlinking: /home/steve/mren203-ws/install/steve_msgs/share/steve_msgs/msg/MotorData.msg
[50.830s] -- Symlinking: /home/steve/mren203-ws/install/steve_msgs/share/ament_index/resource_index/package_run_dependencies/steve_msgs
[50.864s] -- Symlinking: /home/steve/mren203-ws/install/steve_msgs/share/ament_index/resource_index/parent_prefix_path/steve_msgs
[50.898s] -- Symlinking: /home/steve/mren203-ws/install/steve_msgs/share/steve_msgs/environment/ament_prefix_path.sh
[50.930s] -- Symlinking: /home/steve/mren203-ws/install/steve_msgs/share/steve_msgs/environment/ament_prefix_path.dsv
[50.963s] -- Symlinking: /home/steve/mren203-ws/install/steve_msgs/share/steve_msgs/environment/path.sh
[50.997s] -- Symlinking: /home/steve/mren203-ws/install/steve_msgs/share/steve_msgs/environment/path.dsv
[51.030s] -- Symlinking: /home/steve/mren203-ws/install/steve_msgs/share/steve_msgs/local_setup.bash
[51.063s] -- Symlinking: /home/steve/mren203-ws/install/steve_msgs/share/steve_msgs/local_setup.sh
[51.097s] -- Symlinking: /home/steve/mren203-ws/install/steve_msgs/share/steve_msgs/local_setup.zsh
[51.129s] -- Symlinking: /home/steve/mren203-ws/install/steve_msgs/share/steve_msgs/local_setup.dsv
[51.162s] -- Symlinking: /home/steve/mren203-ws/install/steve_msgs/share/steve_msgs/package.dsv
[51.196s] -- Symlinking: /home/steve/mren203-ws/install/steve_msgs/share/ament_index/resource_index/packages/steve_msgs
[51.229s] -- Symlinking: /home/steve/mren203-ws/install/steve_msgs/share/steve_msgs/cmake/rosidl_cmake-extras.cmake
[51.263s] -- Symlinking: /home/steve/mren203-ws/install/steve_msgs/share/steve_msgs/cmake/ament_cmake_export_include_directories-extras.cmake
[51.296s] -- Symlinking: /home/steve/mren203-ws/install/steve_msgs/share/steve_msgs/cmake/ament_cmake_export_libraries-extras.cmake
[51.329s] -- Symlinking: /home/steve/mren203-ws/install/steve_msgs/share/steve_msgs/cmake/ament_cmake_export_targets-extras.cmake
[51.363s] -- Symlinking: /home/steve/mren203-ws/install/steve_msgs/share/steve_msgs/cmake/rosidl_cmake_export_typesupport_targets-extras.cmake
[51.397s] -- Symlinking: /home/steve/mren203-ws/install/steve_msgs/share/steve_msgs/cmake/ament_cmake_export_dependencies-extras.cmake
[51.430s] -- Symlinking: /home/steve/mren203-ws/install/steve_msgs/share/steve_msgs/cmake/rosidl_cmake_export_typesupport_libraries-extras.cmake
[51.464s] -- Symlinking: /home/steve/mren203-ws/install/steve_msgs/share/steve_msgs/cmake/steve_msgsConfig.cmake
[51.497s] -- Symlinking: /home/steve/mren203-ws/install/steve_msgs/share/steve_msgs/cmake/steve_msgsConfig-version.cmake
[51.531s] -- Symlinking: /home/steve/mren203-ws/install/steve_msgs/share/steve_msgs/package.xml
[51.564s] -- Installing: /home/steve/mren203-ws/install/steve_msgs/lib/libsteve_msgs__rosidl_generator_c.so
[51.567s] -- Set runtime path of "/home/steve/mren203-ws/install/steve_msgs/lib/libsteve_msgs__rosidl_generator_c.so" to ""
[51.568s] -- Installing: /home/steve/mren203-ws/install/steve_msgs/lib/libsteve_msgs__rosidl_typesupport_fastrtps_c.so
[51.571s] -- Set runtime path of "/home/steve/mren203-ws/install/steve_msgs/lib/libsteve_msgs__rosidl_typesupport_fastrtps_c.so" to ""
[51.571s] -- Installing: /home/steve/mren203-ws/install/steve_msgs/lib/libsteve_msgs__rosidl_typesupport_introspection_c.so
[51.574s] -- Set runtime path of "/home/steve/mren203-ws/install/steve_msgs/lib/libsteve_msgs__rosidl_typesupport_introspection_c.so" to ""
[51.574s] -- Installing: /home/steve/mren203-ws/install/steve_msgs/lib/libsteve_msgs__rosidl_typesupport_c.so
[51.577s] -- Set runtime path of "/home/steve/mren203-ws/install/steve_msgs/lib/libsteve_msgs__rosidl_typesupport_c.so" to ""
[51.577s] -- Installing: /home/steve/mren203-ws/install/steve_msgs/lib/libsteve_msgs__rosidl_typesupport_fastrtps_cpp.so
[51.581s] -- Set runtime path of "/home/steve/mren203-ws/install/steve_msgs/lib/libsteve_msgs__rosidl_typesupport_fastrtps_cpp.so" to ""
[51.581s] -- Installing: /home/steve/mren203-ws/install/steve_msgs/lib/libsteve_msgs__rosidl_typesupport_introspection_cpp.so
[51.584s] -- Set runtime path of "/home/steve/mren203-ws/install/steve_msgs/lib/libsteve_msgs__rosidl_typesupport_introspection_cpp.so" to ""
[51.584s] -- Installing: /home/steve/mren203-ws/install/steve_msgs/lib/libsteve_msgs__rosidl_typesupport_cpp.so
[51.587s] -- Set runtime path of "/home/steve/mren203-ws/install/steve_msgs/lib/libsteve_msgs__rosidl_typesupport_cpp.so" to ""
[51.796s] Listing '/home/steve/mren203-ws/install/steve_msgs/local/lib/python3.10/dist-packages/steve_msgs'...
[51.797s] Compiling '/home/steve/mren203-ws/install/steve_msgs/local/lib/python3.10/dist-packages/steve_msgs/__init__.py'...
[51.799s] Listing '/home/steve/mren203-ws/install/steve_msgs/local/lib/python3.10/dist-packages/steve_msgs/msg'...
[51.800s] Compiling '/home/steve/mren203-ws/install/steve_msgs/local/lib/python3.10/dist-packages/steve_msgs/msg/__init__.py'...
[51.801s] Compiling '/home/steve/mren203-ws/install/steve_msgs/local/lib/python3.10/dist-packages/steve_msgs/msg/_control_ui.py'...
[51.802s] Compiling '/home/steve/mren203-ws/install/steve_msgs/local/lib/python3.10/dist-packages/steve_msgs/msg/_motor_data.py'...
[51.804s] Compiling '/home/steve/mren203-ws/install/steve_msgs/local/lib/python3.10/dist-packages/steve_msgs/msg/_sensor_data.py'...
[51.805s] Compiling '/home/steve/mren203-ws/install/steve_msgs/local/lib/python3.10/dist-packages/steve_msgs/msg/_set_points.py'...
[51.824s] -- Installing: /home/steve/mren203-ws/install/steve_msgs/lib/libsteve_msgs__rosidl_generator_py.so
[51.826s] -- Set runtime path of "/home/steve/mren203-ws/install/steve_msgs/lib/libsteve_msgs__rosidl_generator_py.so" to ""
[51.827s] -- Installing: /home/steve/mren203-ws/install/steve_msgs/share/steve_msgs/cmake/export_steve_msgs__rosidl_generator_cExport.cmake
[51.829s] -- Installing: /home/steve/mren203-ws/install/steve_msgs/share/steve_msgs/cmake/export_steve_msgs__rosidl_generator_cExport-noconfig.cmake
[51.830s] -- Installing: /home/steve/mren203-ws/install/steve_msgs/share/steve_msgs/cmake/export_steve_msgs__rosidl_typesupport_fastrtps_cExport.cmake
[51.832s] -- Installing: /home/steve/mren203-ws/install/steve_msgs/share/steve_msgs/cmake/export_steve_msgs__rosidl_typesupport_fastrtps_cExport-noconfig.cmake
[51.833s] -- Installing: /home/steve/mren203-ws/install/steve_msgs/share/steve_msgs/cmake/steve_msgs__rosidl_typesupport_introspection_cExport.cmake
[51.835s] -- Installing: /home/steve/mren203-ws/install/steve_msgs/share/steve_msgs/cmake/steve_msgs__rosidl_typesupport_introspection_cExport-noconfig.cmake
[51.837s] -- Installing: /home/steve/mren203-ws/install/steve_msgs/share/steve_msgs/cmake/steve_msgs__rosidl_typesupport_cExport.cmake
[51.838s] -- Installing: /home/steve/mren203-ws/install/steve_msgs/share/steve_msgs/cmake/steve_msgs__rosidl_typesupport_cExport-noconfig.cmake
[51.840s] -- Installing: /home/steve/mren203-ws/install/steve_msgs/share/steve_msgs/cmake/export_steve_msgs__rosidl_generator_cppExport.cmake
[51.841s] -- Installing: /home/steve/mren203-ws/install/steve_msgs/share/steve_msgs/cmake/export_steve_msgs__rosidl_typesupport_fastrtps_cppExport.cmake
[51.843s] -- Installing: /home/steve/mren203-ws/install/steve_msgs/share/steve_msgs/cmake/export_steve_msgs__rosidl_typesupport_fastrtps_cppExport-noconfig.cmake
[51.844s] -- Installing: /home/steve/mren203-ws/install/steve_msgs/share/steve_msgs/cmake/steve_msgs__rosidl_typesupport_introspection_cppExport.cmake
[51.846s] -- Installing: /home/steve/mren203-ws/install/steve_msgs/share/steve_msgs/cmake/steve_msgs__rosidl_typesupport_introspection_cppExport-noconfig.cmake
[51.848s] -- Installing: /home/steve/mren203-ws/install/steve_msgs/share/steve_msgs/cmake/steve_msgs__rosidl_typesupport_cppExport.cmake
[51.849s] -- Installing: /home/steve/mren203-ws/install/steve_msgs/share/steve_msgs/cmake/steve_msgs__rosidl_typesupport_cppExport-noconfig.cmake
[51.851s] -- Installing: /home/steve/mren203-ws/install/steve_msgs/share/steve_msgs/cmake/export_steve_msgs__rosidl_generator_pyExport.cmake
[51.852s] -- Installing: /home/steve/mren203-ws/install/steve_msgs/share/steve_msgs/cmake/export_steve_msgs__rosidl_generator_pyExport-noconfig.cmake
[51.861s] Invoked command in '/home/steve/mren203-ws/build/steve_msgs' returned '0': CMAKE_PREFIX_PATH=${CMAKE_PREFIX_PATH}:/home/steve/mren203-ws/install/testing:/home/steve/mren203-ws/install/steve_ui:/home/steve/mren203-ws/install/motor_control:/home/steve/mren203-ws/install/joystick_ros2:/opt/ros/humble /usr/bin/cmake --install /home/steve/mren203-ws/build/steve_msgs
