[5.998s] Invoking command in '/home/steve/mren203-ws/build/joystick_ros2': PYTHONPATH=/home/steve/mren203-ws/build/joystick_ros2/prefix_override:/home/steve/mren203-ws/install/joystick_ros2/lib/python3.10/site-packages:${PYTHONPATH} /usr/bin/python3 setup.py develop --editable --build-directory /home/steve/mren203-ws/build/joystick_ros2/build --no-deps install_data
[7.288s] running develop
[7.293s] /usr/lib/python3/dist-packages/setuptools/command/easy_install.py:158: EasyInstallDeprecationWarning: easy_install command is deprecated. Use build and pip and other standards-based tools.
[7.293s]   warnings.warn(
[7.299s] /usr/lib/python3/dist-packages/setuptools/command/install.py:34: SetuptoolsDeprecationWarning: setup.py install is deprecated. Use build and pip and other standards-based tools.
[7.300s]   warnings.warn(
[8.213s] running egg_info
[8.214s] writing joystick_ros2.egg-info/PKG-INFO
[8.214s] writing dependency_links to joystick_ros2.egg-info/dependency_links.txt
[8.216s] writing entry points to joystick_ros2.egg-info/entry_points.txt
[8.217s] writing requirements to joystick_ros2.egg-info/requires.txt
[8.217s] writing top-level names to joystick_ros2.egg-info/top_level.txt
[8.224s] reading manifest file 'joystick_ros2.egg-info/SOURCES.txt'
[8.227s] writing manifest file 'joystick_ros2.egg-info/SOURCES.txt'
[8.233s] running build_ext
[8.233s] Creating /home/steve/mren203-ws/install/joystick_ros2/lib/python3.10/site-packages/joystick-ros2.egg-link (link to .)
[8.237s] Installing joystick_ros2 script to /home/steve/mren203-ws/install/joystick_ros2/lib/joystick_ros2
[8.239s] 
[8.239s] Installed /home/steve/mren203-ws/build/joystick_ros2
[8.240s] running install_data
[9.176s] Invoked command in '/home/steve/mren203-ws/build/joystick_ros2' returned '0': PYTHONPATH=/home/steve/mren203-ws/build/joystick_ros2/prefix_override:/home/steve/mren203-ws/install/joystick_ros2/lib/python3.10/site-packages:${PYTHONPATH} /usr/bin/python3 setup.py develop --editable --build-directory /home/steve/mren203-ws/build/joystick_ros2/build --no-deps install_data
