[5.246s] Invoking command in '/home/steve/mren203-ws/build/joystick_ros2': PYTHONPATH=/home/steve/mren203-ws/build/joystick_ros2/prefix_override:/home/steve/mren203-ws/install/joystick_ros2/lib/python3.10/site-packages:${PYTHONPATH} /usr/bin/python3 setup.py develop --editable --build-directory /home/steve/mren203-ws/build/joystick_ros2/build --no-deps install_data
[6.700s] running develop
[6.702s] /usr/lib/python3/dist-packages/setuptools/command/easy_install.py:158: EasyInstallDeprecationWarning: easy_install command is deprecated. Use build and pip and other standards-based tools.
[6.703s]   warnings.warn(
[6.708s] /usr/lib/python3/dist-packages/setuptools/command/install.py:34: SetuptoolsDeprecationWarning: setup.py install is deprecated. Use build and pip and other standards-based tools.
[6.709s]   warnings.warn(
[7.606s] running egg_info
[7.607s] writing joystick_ros2.egg-info/PKG-INFO
[7.608s] writing dependency_links to joystick_ros2.egg-info/dependency_links.txt
[7.610s] writing entry points to joystick_ros2.egg-info/entry_points.txt
[7.611s] writing requirements to joystick_ros2.egg-info/requires.txt
[7.612s] writing top-level names to joystick_ros2.egg-info/top_level.txt
[7.617s] reading manifest file 'joystick_ros2.egg-info/SOURCES.txt'
[7.620s] writing manifest file 'joystick_ros2.egg-info/SOURCES.txt'
[7.627s] running build_ext
[7.628s] Creating /home/steve/mren203-ws/install/joystick_ros2/lib/python3.10/site-packages/joystick-ros2.egg-link (link to .)
[7.631s] Installing joystick_ros2 script to /home/steve/mren203-ws/install/joystick_ros2/lib/joystick_ros2
[7.632s] 
[7.635s] Installed /home/steve/mren203-ws/build/joystick_ros2
[7.639s] running install_data
[9.263s] Invoked command in '/home/steve/mren203-ws/build/joystick_ros2' returned '0': PYTHONPATH=/home/steve/mren203-ws/build/joystick_ros2/prefix_override:/home/steve/mren203-ws/install/joystick_ros2/lib/python3.10/site-packages:${PYTHONPATH} /usr/bin/python3 setup.py develop --editable --build-directory /home/steve/mren203-ws/build/joystick_ros2/build --no-deps install_data
